[INFO|CRAWLER.py] 2020-11-13 13:49:33,316 > 작업완료된 강의 객체 목록 다운로드 시작
[INFO|CRAWLER.py] 2020-11-13 13:49:38,591 > 작업완료된 강의 객체 목록 다운로드 완료
[INFO|CRAWLER.py] 2020-11-13 13:49:43,698 > 20162-약학대학-약학전공 수집 시작
[INFO|CRAWLER.py] 2020-11-13 13:49:44,339 > 15 rows in 1-15 of 32
[INFO|CRAWLER.py] 2020-11-13 13:49:44,370 > 유의사항 기준 탐색 완료
[INFO|CRAWLER.py] 2020-11-13 13:49:44,888 > 15 rows in 1-15 of 32
[INFO|CRAWLER.py] 2020-11-13 13:49:46,982 > PHM3006-01-00 cleared
[INFO|CRAWLER.py] 2020-11-13 13:49:49,036 > PHM3007-01-00 cleared
[INFO|CRAWLER.py] 2020-11-13 13:49:51,095 > PHM3008-01-00 cleared
[INFO|CRAWLER.py] 2020-11-13 13:49:53,152 > PHM3009-01-00 cleared
[INFO|CRAWLER.py] 2020-11-13 13:49:55,210 > PHM3010-01-00 cleared
[INFO|CRAWLER.py] 2020-11-13 13:49:57,286 > PHM3015-01-00 cleared
[INFO|CRAWLER.py] 2020-11-13 13:49:59,364 > PHM3104-01-00 cleared
[INFO|CRAWLER.py] 2020-11-13 13:50:01,442 > PHM3023-01-00 cleared
[INFO|CRAWLER.py] 2020-11-13 13:50:03,519 > PHM3024-01-00 cleared
[INFO|CRAWLER.py] 2020-11-13 13:50:05,597 > PHM3025-01-00 cleared
[INFO|CRAWLER.py] 2020-11-13 13:50:07,677 > PHM3027-01-00 cleared
[INFO|CRAWLER.py] 2020-11-13 13:50:09,755 > PHM3028-01-00 cleared
[INFO|CRAWLER.py] 2020-11-13 13:50:11,835 > PHM3029-01-00 cleared
[INFO|CRAWLER.py] 2020-11-13 13:50:14,418 > 15 rows in 16-30 of 32
[INFO|CRAWLER.py] 2020-11-13 13:50:16,504 > PHM3054-01-00 cleared
[INFO|CRAWLER.py] 2020-11-13 13:50:18,559 > PHM4150-01-00 cleared
[INFO|CRAWLER.py] 2020-11-13 13:50:20,627 > PHM4130-01-00 cleared
[INFO|CRAWLER.py] 2020-11-13 13:50:22,690 > PHM4100-01-00 cleared
[INFO|CRAWLER.py] 2020-11-13 13:50:24,749 > PHM4100-02-00 cleared
[INFO|CRAWLER.py] 2020-11-13 13:50:26,812 > PHM4110-01-00 cleared
[INFO|CRAWLER.py] 2020-11-13 13:50:28,872 > PHM4110-02-00 cleared
[INFO|CRAWLER.py] 2020-11-13 13:50:30,939 > PHM4120-01-00 cleared
[INFO|CRAWLER.py] 2020-11-13 13:50:33,012 > PHM3058-01-00 cleared
[INFO|CRAWLER.py] 2020-11-13 13:50:35,087 > PHM3049-01-00 cleared
[INFO|CRAWLER.py] 2020-11-13 13:50:37,162 > PHM4320-01-00 cleared
[INFO|CRAWLER.py] 2020-11-13 13:50:39,227 > PHM3032-01-00 cleared
[INFO|CRAWLER.py] 2020-11-13 13:50:51,827 > PHM3105-01-00 cleared
[INFO|CRAWLER.py] 2020-11-13 13:50:53,885 > PHM3106-01-00 cleared
[INFO|CRAWLER.py] 2020-11-13 13:50:56,449 > 2 rows in 31-32 of 32
[INFO|CRAWLER.py] 2020-11-13 13:50:58,545 > PHM3051-01-00 cleared
[INFO|CRAWLER.py] 2020-11-13 13:51:00,587 > 약학전공 탐색 완료
[INFO|CRAWLER.py] 2020-11-13 13:51:00,587 > 약학대학 수집 완료
[INFO|CRAWLER.py] 2020-11-13 13:51:00,588 > 20162-의과대학-의학전공 수집 시작
[INFO|CRAWLER.py] 2020-11-13 13:51:01,229 > 15 rows in 1-15 of 133
[INFO|CRAWLER.py] 2020-11-13 13:51:01,253 > 유의사항 기준 탐색 완료
[INFO|CRAWLER.py] 2020-11-13 13:51:01,770 > 15 rows in 1-15 of 133
[INFO|CRAWLER.py] 2020-11-13 13:51:04,706 > 15 rows in 16-30 of 133
[INFO|CRAWLER.py] 2020-11-13 13:51:07,597 > 15 rows in 31-45 of 133
[INFO|CRAWLER.py] 2020-11-13 13:51:10,496 > 15 rows in 46-60 of 133
[INFO|CRAWLER.py] 2020-11-13 13:51:13,383 > 15 rows in 61-75 of 133
[INFO|CRAWLER.py] 2020-11-13 13:51:16,267 > 15 rows in 76-90 of 133
[INFO|CRAWLER.py] 2020-11-13 13:51:19,158 > 15 rows in 91-105 of 133
[INFO|CRAWLER.py] 2020-11-13 13:51:22,048 > 15 rows in 106-120 of 133
[INFO|CRAWLER.py] 2020-11-13 13:51:24,931 > 13 rows in 121-133 of 133
[INFO|CRAWLER.py] 2020-11-13 13:51:27,253 > 의학전공 탐색 완료
[INFO|CRAWLER.py] 2020-11-13 13:51:27,254 > 20162-의과대학-의예과 수집 시작
[INFO|CRAWLER.py] 2020-11-13 13:51:27,878 > 15 rows in 1-15 of 20
[INFO|CRAWLER.py] 2020-11-13 13:51:27,902 > 유의사항 기준 탐색 완료
[INFO|CRAWLER.py] 2020-11-13 13:51:28,416 > 15 rows in 1-15 of 20
[INFO|CRAWLER.py] 2020-11-13 13:51:30,504 > MED2110-00-00 cleared
[INFO|CRAWLER.py] 2020-11-13 13:51:32,619 > MED2302-00-00 cleared
[INFO|CRAWLER.py] 2020-11-13 13:51:34,700 > MED2109-00-00 cleared
[INFO|CRAWLER.py] 2020-11-13 13:51:36,755 > MED2101-00-00 cleared
[INFO|CRAWLER.py] 2020-11-13 13:51:38,825 > MED2102-00-00 cleared
[INFO|CRAWLER.py] 2020-11-13 13:51:40,897 > MED2103-00-00 cleared
[INFO|CRAWLER.py] 2020-11-13 13:51:42,959 > MED2104-00-00 cleared
[INFO|CRAWLER.py] 2020-11-13 13:51:45,045 > MED2130-00-00 cleared
[INFO|CRAWLER.py] 2020-11-13 13:51:47,106 > MED2211-00-00 cleared
[INFO|CRAWLER.py] 2020-11-13 13:51:49,183 > MED2213-00-00 cleared
[INFO|CRAWLER.py] 2020-11-13 13:51:51,246 > MED2215-00-00 cleared
[INFO|CRAWLER.py] 2020-11-13 13:51:53,322 > MED2229-00-00 cleared
[INFO|CRAWLER.py] 2020-11-13 13:51:55,383 > MED2230-00-00 cleared
[INFO|CRAWLER.py] 2020-11-13 13:51:57,436 > MED2216-00-00 cleared
[INFO|CRAWLER.py] 2020-11-13 13:51:59,988 > 5 rows in 16-20 of 20
[INFO|CRAWLER.py] 2020-11-13 13:52:02,036 > MED2218-00-00 cleared
[INFO|CRAWLER.py] 2020-11-13 13:52:04,083 > MED2220-00-00 cleared
[INFO|CRAWLER.py] 2020-11-13 13:52:06,149 > MED2224-00-00 cleared
[INFO|CRAWLER.py] 2020-11-13 13:52:08,206 > MED2232-00-00 cleared
[INFO|CRAWLER.py] 2020-11-13 13:52:10,258 > MED2233-00-00 cleared
[INFO|CRAWLER.py] 2020-11-13 13:52:12,298 > 의예과 탐색 완료
[INFO|CRAWLER.py] 2020-11-13 13:52:12,298 > 의과대학 수집 완료
[INFO|CRAWLER.py] 2020-11-13 13:52:12,298 > 20162-치과대학-치의학전공 수집 시작
[INFO|CRAWLER.py] 2020-11-13 13:52:12,937 > 15 rows in 1-15 of 76
[INFO|CRAWLER.py] 2020-11-13 13:52:12,958 > 유의사항 기준 탐색 완료
[INFO|CRAWLER.py] 2020-11-13 13:52:13,476 > 15 rows in 1-15 of 76
[INFO|CRAWLER.py] 2020-11-13 13:52:16,401 > 15 rows in 16-30 of 76
[INFO|CRAWLER.py] 2020-11-13 13:52:19,289 > 15 rows in 31-45 of 76
[INFO|CRAWLER.py] 2020-11-13 13:52:22,183 > 15 rows in 46-60 of 76
[INFO|CRAWLER.py] 2020-11-13 13:52:25,069 > 15 rows in 61-75 of 76
[INFO|CRAWLER.py] 2020-11-13 13:52:27,934 > 1 rows in 76-76 of 76
[INFO|CRAWLER.py] 2020-11-13 13:52:29,995 > 치의학전공 탐색 완료
[INFO|CRAWLER.py] 2020-11-13 13:52:29,995 > 20162-치과대학-치의예과 수집 시작
[INFO|CRAWLER.py] 2020-11-13 13:52:30,617 > 9 rows in 1-9 of 9
[INFO|CRAWLER.py] 2020-11-13 13:52:30,638 > 유의사항 기준 탐색 완료
[INFO|CRAWLER.py] 2020-11-13 13:52:31,155 > 9 rows in 1-9 of 9
[INFO|CRAWLER.py] 2020-11-13 13:52:31,297 > MED2101-00-00: 중복된 강의 객체. caution 수집 완료
[INFO|CRAWLER.py] 2020-11-13 13:52:33,413 > 치의예과 탐색 완료
[INFO|CRAWLER.py] 2020-11-13 13:52:33,413 > 치과대학 수집 완료
[INFO|CRAWLER.py] 2020-11-13 13:52:33,413 > 20162-간호대학-간호학(2-4학년) 수집 시작
[INFO|CRAWLER.py] 2020-11-13 13:52:34,017 > 15 rows in 1-15 of 29
[INFO|CRAWLER.py] 2020-11-13 13:52:34,042 > 유의사항 기준 탐색 완료
[INFO|CRAWLER.py] 2020-11-13 13:52:34,557 > 15 rows in 1-15 of 29
[INFO|CRAWLER.py] 2020-11-13 13:52:36,650 > NUR2006-01-00 cleared
[INFO|CRAWLER.py] 2020-11-13 13:52:38,743 > NUR2013-01-00 cleared
[INFO|CRAWLER.py] 2020-11-13 13:52:40,844 > NUR2012-01-00 cleared
[INFO|CRAWLER.py] 2020-11-13 13:52:42,932 > NUR2024-01-00 cleared
[INFO|CRAWLER.py] 2020-11-13 13:52:45,023 > NUR2025-01-00 cleared
[INFO|CRAWLER.py] 2020-11-13 13:52:47,115 > NUR2026-01-00 cleared
[INFO|CRAWLER.py] 2020-11-13 13:52:49,176 > NUR2112-01-00 cleared
[INFO|CRAWLER.py] 2020-11-13 13:52:51,229 > NUR4019-01-00 cleared
[INFO|CRAWLER.py] 2020-11-13 13:52:53,285 > NUR4018-01-00 cleared
[INFO|CRAWLER.py] 2020-11-13 13:52:55,396 > NUR5101-01-00 cleared
[INFO|CRAWLER.py] 2020-11-13 13:52:57,475 > NUR5113-01-00 cleared
[INFO|CRAWLER.py] 2020-11-13 13:52:59,568 > NUR3006-01-00 cleared
[INFO|CRAWLER.py] 2020-11-13 13:53:01,667 > NUR3114-01-00 cleared
[INFO|CRAWLER.py] 2020-11-13 13:53:03,763 > NUR3102-01-00 cleared
[INFO|CRAWLER.py] 2020-11-13 13:53:05,858 > NUR3013-01-00 cleared
[INFO|CRAWLER.py] 2020-11-13 13:53:08,436 > 14 rows in 16-29 of 29
[INFO|CRAWLER.py] 2020-11-13 13:53:10,496 > NUR4008-01-00 cleared
[INFO|CRAWLER.py] 2020-11-13 13:53:12,596 > NUR4011-01-00 cleared
[INFO|CRAWLER.py] 2020-11-13 13:53:14,656 > NUR4012-01-00 cleared
[INFO|CRAWLER.py] 2020-11-13 13:53:16,714 > NUR5116-01-00 cleared
[INFO|CRAWLER.py] 2020-11-13 13:53:18,798 > NUR5011-01-00 cleared
[INFO|CRAWLER.py] 2020-11-13 13:53:20,873 > NUR4031-01-00 cleared
[INFO|CRAWLER.py] 2020-11-13 13:53:23,028 > NUR4115-01-00 cleared
[INFO|CRAWLER.py] 2020-11-13 13:53:25,100 > NUR4118-01-00 cleared
[INFO|CRAWLER.py] 2020-11-13 13:53:27,172 > NUR4119-01-00 cleared
[INFO|CRAWLER.py] 2020-11-13 13:53:29,221 > NUR4006-01-00 cleared
[INFO|CRAWLER.py] 2020-11-13 13:53:31,304 > NUR4201-01-00 cleared
[INFO|CRAWLER.py] 2020-11-13 13:53:33,340 > 간호학(2-4학년) 탐색 완료
[INFO|CRAWLER.py] 2020-11-13 13:53:33,340 > 20162-간호대학-RN-BSN 수집 시작
[INFO|CRAWLER.py] 2020-11-13 13:53:33,968 > 15 rows in 1-15 of 21
[INFO|CRAWLER.py] 2020-11-13 13:53:33,993 > 유의사항 기준 탐색 완료
[INFO|CRAWLER.py] 2020-11-13 13:53:34,509 > 15 rows in 1-15 of 21
[INFO|CRAWLER.py] 2020-11-13 13:53:36,565 > NUR9321-01-00 cleared
[INFO|CRAWLER.py] 2020-11-13 13:53:38,621 > NUR9321-02-00 cleared
[INFO|CRAWLER.py] 2020-11-13 13:53:40,681 > NUR9321-03-00 cleared
[INFO|CRAWLER.py] 2020-11-13 13:53:42,742 > NUR9321-04-00 cleared
[INFO|CRAWLER.py] 2020-11-13 13:53:44,798 > NUR9321-05-00 cleared
[INFO|CRAWLER.py] 2020-11-13 13:53:46,858 > NUR9321-06-00 cleared
[INFO|CRAWLER.py] 2020-11-13 13:53:48,953 > NUR9322-01-00 cleared
[INFO|CRAWLER.py] 2020-11-13 13:53:51,049 > NUR9324-01-00 cleared
[INFO|CRAWLER.py] 2020-11-13 13:53:53,163 > NUR9424-01-00 cleared
[INFO|CRAWLER.py] 2020-11-13 13:53:55,247 > NUR9502-01-00 cleared
[INFO|CRAWLER.py] 2020-11-13 13:53:57,303 > NUR9503-01-00 cleared
[INFO|CRAWLER.py] 2020-11-13 13:53:59,390 > NUR9505-01-00 cleared
[INFO|CRAWLER.py] 2020-11-13 13:54:01,461 > NUR9507-01-00 cleared
[INFO|CRAWLER.py] 2020-11-13 13:54:03,519 > NUR9509-01-00 cleared
[INFO|CRAWLER.py] 2020-11-13 13:54:05,627 > NUR9300-01-00 cleared
[INFO|CRAWLER.py] 2020-11-13 13:54:08,196 > 6 rows in 16-21 of 21
[INFO|CRAWLER.py] 2020-11-13 13:54:10,285 > NUR9421-01-00 cleared
[INFO|CRAWLER.py] 2020-11-13 13:54:12,383 > NUR9414-01-00 cleared
[INFO|CRAWLER.py] 2020-11-13 13:54:14,475 > NUR9422-01-00 cleared
[INFO|CRAWLER.py] 2020-11-13 13:54:16,572 > NUR9426-01-00 cleared
[INFO|CRAWLER.py] 2020-11-13 13:54:18,692 > NUR9504-01-00 cleared
[INFO|CRAWLER.py] 2020-11-13 13:54:20,721 > RN-BSN 탐색 완료
[INFO|CRAWLER.py] 2020-11-13 13:54:20,721 > 간호대학 수집 완료
[INFO|CRAWLER.py] 2020-11-13 13:54:20,722 > FINISHED_LECT_OBJs에 20162-MEDICALS 전부 등록 완료
