[INFO|CRAWLER.py] 2020-11-13 12:19:54,837 > 작업완료된 강의 객체 목록 다운로드 시작
[INFO|CRAWLER.py] 2020-11-13 12:19:55,158 > 작업완료된 강의 객체 목록 다운로드 완료
[INFO|CRAWLER.py] 2020-11-13 12:19:58,060 > 20161-약학대학-약학전공 수집 시작
[INFO|CRAWLER.py] 2020-11-13 12:19:58,701 > 15 rows in 1-15 of 34
[INFO|CRAWLER.py] 2020-11-13 12:19:58,732 > 유의사항 기준 탐색 완료
[INFO|CRAWLER.py] 2020-11-13 12:19:59,252 > 15 rows in 1-15 of 34
[INFO|CRAWLER.py] 2020-11-13 12:20:01,326 > PHM3047-01-00 cleared
[INFO|CRAWLER.py] 2020-11-13 12:20:03,396 > PHM3055-01-00 cleared
[INFO|CRAWLER.py] 2020-11-13 12:20:05,449 > PHM3101-01-00 cleared
[INFO|CRAWLER.py] 2020-11-13 12:20:07,507 > PHM3001-01-00 cleared
[INFO|CRAWLER.py] 2020-11-13 12:20:09,584 > PHM3003-01-00 cleared
[INFO|CRAWLER.py] 2020-11-13 12:20:11,638 > PHM3004-01-00 cleared
[INFO|CRAWLER.py] 2020-11-13 12:20:13,720 > PHM3005-01-00 cleared
[INFO|CRAWLER.py] 2020-11-13 12:20:15,800 > PHM3103-01-00 cleared
[INFO|CRAWLER.py] 2020-11-13 12:20:17,877 > PHM3013-01-00 cleared
[INFO|CRAWLER.py] 2020-11-13 12:20:19,957 > PHM3014-01-00 cleared
[INFO|CRAWLER.py] 2020-11-13 12:20:22,038 > PHM3016-01-00 cleared
[INFO|CRAWLER.py] 2020-11-13 12:20:24,096 > PHM3017-01-00 cleared
[INFO|CRAWLER.py] 2020-11-13 12:20:26,175 > PHM3019-01-00 cleared
[INFO|CRAWLER.py] 2020-11-13 12:20:28,765 > 15 rows in 16-30 of 34
[INFO|CRAWLER.py] 2020-11-13 12:20:30,850 > PHM3030-01-00 cleared
[INFO|CRAWLER.py] 2020-11-13 12:20:32,912 > PHM3021-01-00 cleared
[INFO|CRAWLER.py] 2020-11-13 12:20:34,978 > PHM3038-01-00 cleared
[INFO|CRAWLER.py] 2020-11-13 12:20:37,044 > PHM3035-01-00 cleared
[INFO|CRAWLER.py] 2020-11-13 12:20:39,112 > PHM3036-01-00 cleared
[INFO|CRAWLER.py] 2020-11-13 12:20:41,179 > PHM3041-01-00 cleared
[INFO|CRAWLER.py] 2020-11-13 12:20:43,243 > PHM3033-01-00 cleared
[INFO|CRAWLER.py] 2020-11-13 12:20:55,844 > PHM3045-01-00 cleared
[INFO|CRAWLER.py] 2020-11-13 12:20:57,912 > PHM3037-01-00 cleared
[INFO|CRAWLER.py] 2020-11-13 12:20:59,982 > PHM3043-01-00 cleared
[INFO|CRAWLER.py] 2020-11-13 12:21:02,066 > PHM4150-01-00 cleared
[INFO|CRAWLER.py] 2020-11-13 12:21:04,141 > PHM3031-01-00 cleared
[INFO|CRAWLER.py] 2020-11-13 12:21:06,214 > PHM3044-01-00 cleared
[INFO|CRAWLER.py] 2020-11-13 12:21:08,284 > PHM3042-01-00 cleared
[INFO|CRAWLER.py] 2020-11-13 12:21:10,362 > PHM4310-01-00 cleared
[INFO|CRAWLER.py] 2020-11-13 12:21:12,936 > 4 rows in 31-34 of 34
[INFO|CRAWLER.py] 2020-11-13 12:21:15,011 > PHM3053-01-00 cleared
[INFO|CRAWLER.py] 2020-11-13 12:21:17,085 > PHM3056-01-00 cleared
[INFO|CRAWLER.py] 2020-11-13 12:21:19,155 > PHM4340-01-00 cleared
[INFO|CRAWLER.py] 2020-11-13 12:21:21,216 > PHM4350-01-00 cleared
[INFO|CRAWLER.py] 2020-11-13 12:21:23,258 > 약학전공 탐색 완료
[INFO|CRAWLER.py] 2020-11-13 12:21:23,258 > 약학대학 수집 완료
[INFO|CRAWLER.py] 2020-11-13 12:21:23,259 > 20161-의과대학-의학전공 수집 시작
[INFO|CRAWLER.py] 2020-11-13 12:21:23,945 > 15 rows in 1-15 of 319
[INFO|CRAWLER.py] 2020-11-13 12:21:23,966 > 유의사항 기준 탐색 완료
[INFO|CRAWLER.py] 2020-11-13 12:21:24,482 > 15 rows in 1-15 of 319
[INFO|CRAWLER.py] 2020-11-13 12:21:27,417 > 15 rows in 16-30 of 319
[INFO|CRAWLER.py] 2020-11-13 12:21:30,310 > 15 rows in 31-45 of 319
[INFO|CRAWLER.py] 2020-11-13 12:21:33,202 > 15 rows in 46-60 of 319
[INFO|CRAWLER.py] 2020-11-13 12:21:36,100 > 15 rows in 61-75 of 319
[INFO|CRAWLER.py] 2020-11-13 12:21:38,995 > 15 rows in 76-90 of 319
[INFO|CRAWLER.py] 2020-11-13 12:21:41,891 > 15 rows in 91-105 of 319
[INFO|CRAWLER.py] 2020-11-13 12:21:44,786 > 15 rows in 106-120 of 319
[INFO|CRAWLER.py] 2020-11-13 12:21:47,685 > 15 rows in 121-135 of 319
[INFO|CRAWLER.py] 2020-11-13 12:21:50,580 > 15 rows in 136-150 of 319
[INFO|CRAWLER.py] 2020-11-13 12:21:53,474 > 15 rows in 151-165 of 319
[INFO|CRAWLER.py] 2020-11-13 12:21:56,365 > 15 rows in 166-180 of 319
[INFO|CRAWLER.py] 2020-11-13 12:21:59,253 > 15 rows in 181-195 of 319
[INFO|CRAWLER.py] 2020-11-13 12:22:02,142 > 15 rows in 196-210 of 319
[INFO|CRAWLER.py] 2020-11-13 12:22:05,038 > 15 rows in 211-225 of 319
[INFO|CRAWLER.py] 2020-11-13 12:22:07,920 > 15 rows in 226-240 of 319
[INFO|CRAWLER.py] 2020-11-13 12:22:10,807 > 15 rows in 241-255 of 319
[INFO|CRAWLER.py] 2020-11-13 12:22:13,693 > 15 rows in 256-270 of 319
[INFO|CRAWLER.py] 2020-11-13 12:22:16,577 > 15 rows in 271-285 of 319
[INFO|CRAWLER.py] 2020-11-13 12:22:19,459 > 15 rows in 286-300 of 319
[INFO|CRAWLER.py] 2020-11-13 12:22:22,344 > 15 rows in 301-315 of 319
[INFO|CRAWLER.py] 2020-11-13 12:22:25,219 > 4 rows in 316-319 of 319
[INFO|CRAWLER.py] 2020-11-13 12:22:27,346 > 의학전공 탐색 완료
[INFO|CRAWLER.py] 2020-11-13 12:22:27,346 > 20161-의과대학-의예과 수집 시작
[INFO|CRAWLER.py] 2020-11-13 12:22:27,971 > 15 rows in 1-15 of 19
[INFO|CRAWLER.py] 2020-11-13 12:22:27,992 > 유의사항 기준 탐색 완료
[INFO|CRAWLER.py] 2020-11-13 12:22:28,508 > 15 rows in 1-15 of 19
[INFO|CRAWLER.py] 2020-11-13 12:22:30,593 > MED2105-00-00 cleared
[INFO|CRAWLER.py] 2020-11-13 12:22:32,667 > MED2301-00-00 cleared
[INFO|CRAWLER.py] 2020-11-13 12:22:34,744 > MED2109-00-00 cleared
[INFO|CRAWLER.py] 2020-11-13 12:22:36,809 > DEN1030-00-00 cleared
[INFO|CRAWLER.py] 2020-11-13 12:22:38,899 > MED2101-00-00 cleared
[INFO|CRAWLER.py] 2020-11-13 12:22:40,975 > MED2102-00-00 cleared
[INFO|CRAWLER.py] 2020-11-13 12:22:43,066 > MED2103-00-00 cleared
[INFO|CRAWLER.py] 2020-11-13 12:22:45,160 > MED2104-00-00 cleared
[INFO|CRAWLER.py] 2020-11-13 12:22:47,217 > MED2204-00-00 cleared
[INFO|CRAWLER.py] 2020-11-13 12:22:49,279 > MED2202-00-00 cleared
[INFO|CRAWLER.py] 2020-11-13 12:22:51,348 > MED2203-00-00 cleared
[INFO|CRAWLER.py] 2020-11-13 12:22:53,400 > MED2206-00-00 cleared
[INFO|CRAWLER.py] 2020-11-13 12:22:55,456 > MED2207-00-00 cleared
[INFO|CRAWLER.py] 2020-11-13 12:22:57,512 > MED2208-00-00 cleared
[INFO|CRAWLER.py] 2020-11-13 12:22:59,568 > MED2210-00-00 cleared
[INFO|CRAWLER.py] 2020-11-13 12:23:02,136 > 4 rows in 16-19 of 19
[INFO|CRAWLER.py] 2020-11-13 12:23:04,214 > MED2219-00-00 cleared
[INFO|CRAWLER.py] 2020-11-13 12:23:06,274 > MED2223-00-00 cleared
[INFO|CRAWLER.py] 2020-11-13 12:23:08,331 > MED2228-00-00 cleared
[INFO|CRAWLER.py] 2020-11-13 12:23:10,393 > MED2231-00-00 cleared
[INFO|CRAWLER.py] 2020-11-13 12:23:12,424 > 의예과 탐색 완료
[INFO|CRAWLER.py] 2020-11-13 12:23:12,425 > 의과대학 수집 완료
[INFO|CRAWLER.py] 2020-11-13 12:23:12,425 > 20161-치과대학-치의학전공 수집 시작
[INFO|CRAWLER.py] 2020-11-13 12:23:13,066 > 15 rows in 1-15 of 37
[INFO|CRAWLER.py] 2020-11-13 12:23:13,087 > 유의사항 기준 탐색 완료
[INFO|CRAWLER.py] 2020-11-13 12:23:13,602 > 15 rows in 1-15 of 37
[INFO|CRAWLER.py] 2020-11-13 12:23:16,540 > 15 rows in 16-30 of 37
[INFO|CRAWLER.py] 2020-11-13 12:23:19,422 > 7 rows in 31-37 of 37
[INFO|CRAWLER.py] 2020-11-13 12:23:21,612 > 치의학전공 탐색 완료
[INFO|CRAWLER.py] 2020-11-13 12:23:21,612 > 20161-치과대학-치의예과 수집 시작
[INFO|CRAWLER.py] 2020-11-13 12:23:22,206 > 6 rows in 1-6 of 6
[INFO|CRAWLER.py] 2020-11-13 12:23:22,225 > 유의사항 기준 탐색 완료
[INFO|CRAWLER.py] 2020-11-13 12:23:22,741 > 6 rows in 1-6 of 6
[INFO|CRAWLER.py] 2020-11-13 12:23:22,783 > DEN1030-00-00: 중복된 강의 객체. caution 수집 완료
[INFO|CRAWLER.py] 2020-11-13 12:23:24,926 > 치의예과 탐색 완료
[INFO|CRAWLER.py] 2020-11-13 12:23:24,926 > 치과대학 수집 완료
[INFO|CRAWLER.py] 2020-11-13 12:23:24,927 > 20161-간호대학-간호학(2-4학년) 수집 시작
[INFO|CRAWLER.py] 2020-11-13 12:23:25,533 > 15 rows in 1-15 of 21
[INFO|CRAWLER.py] 2020-11-13 12:23:25,554 > 유의사항 기준 탐색 완료
[INFO|CRAWLER.py] 2020-11-13 12:23:26,071 > 15 rows in 1-15 of 21
[INFO|CRAWLER.py] 2020-11-13 12:23:28,159 > NUR2101-01-00 cleared
[INFO|CRAWLER.py] 2020-11-13 12:23:30,247 > NUR2021-01-00 cleared
[INFO|CRAWLER.py] 2020-11-13 12:23:32,333 > NUR2022-01-00 cleared
[INFO|CRAWLER.py] 2020-11-13 12:23:34,419 > NUR2023-01-00 cleared
[INFO|CRAWLER.py] 2020-11-13 12:23:36,506 > NUR2111-01-00 cleared
[INFO|CRAWLER.py] 2020-11-13 12:23:38,565 > NUR2112-01-00 cleared
[INFO|CRAWLER.py] 2020-11-13 12:23:40,649 > NUR5113-01-00 cleared
[INFO|CRAWLER.py] 2020-11-13 12:23:42,711 > NUR5105-01-00 cleared
[INFO|CRAWLER.py] 2020-11-13 12:23:44,768 > NUR4020-01-00 cleared
[INFO|CRAWLER.py] 2020-11-13 12:23:46,846 > NUR3047-01-00 cleared
[INFO|CRAWLER.py] 2020-11-13 12:23:48,931 > NUR4013-01-00 cleared
[INFO|CRAWLER.py] 2020-11-13 12:23:51,009 > NUR4112-01-00 cleared
[INFO|CRAWLER.py] 2020-11-13 12:23:53,133 > NUR5101-01-00 cleared
[INFO|CRAWLER.py] 2020-11-13 12:23:55,227 > NUR3113-01-00 cleared
[INFO|CRAWLER.py] 2020-11-13 12:23:57,325 > NUR3007-01-00 cleared
[INFO|CRAWLER.py] 2020-11-13 12:23:59,898 > 6 rows in 16-21 of 21
[INFO|CRAWLER.py] 2020-11-13 12:24:01,991 > NUR3101-01-00 cleared
[INFO|CRAWLER.py] 2020-11-13 12:24:04,091 > NUR3012-01-00 cleared
[INFO|CRAWLER.py] 2020-11-13 12:24:06,186 > NUR4114-01-00 cleared
[INFO|CRAWLER.py] 2020-11-13 12:24:08,282 > NUR3005-01-00 cleared
[INFO|CRAWLER.py] 2020-11-13 12:24:10,370 > NUR4117-01-00 cleared
[INFO|CRAWLER.py] 2020-11-13 12:24:12,473 > NUR4006-01-00 cleared
[INFO|CRAWLER.py] 2020-11-13 12:24:14,504 > 간호학(2-4학년) 탐색 완료
[INFO|CRAWLER.py] 2020-11-13 12:24:14,505 > 20161-간호대학-RN-BSN 수집 시작
[INFO|CRAWLER.py] 2020-11-13 12:24:15,134 > 15 rows in 1-15 of 21
[INFO|CRAWLER.py] 2020-11-13 12:24:15,157 > 유의사항 기준 탐색 완료
[INFO|CRAWLER.py] 2020-11-13 12:24:15,672 > 15 rows in 1-15 of 21
[INFO|CRAWLER.py] 2020-11-13 12:24:17,730 > NUR9311-01-00 cleared
[INFO|CRAWLER.py] 2020-11-13 12:24:19,782 > NUR9311-02-00 cleared
[INFO|CRAWLER.py] 2020-11-13 12:24:21,836 > NUR9311-03-00 cleared
[INFO|CRAWLER.py] 2020-11-13 12:24:23,893 > NUR9311-04-00 cleared
[INFO|CRAWLER.py] 2020-11-13 12:24:25,959 > NUR9311-05-00 cleared
[INFO|CRAWLER.py] 2020-11-13 12:24:28,018 > NUR9311-06-00 cleared
[INFO|CRAWLER.py] 2020-11-13 12:24:30,114 > NUR9312-01-00 cleared
[INFO|CRAWLER.py] 2020-11-13 12:24:32,211 > NUR9314-01-00 cleared
[INFO|CRAWLER.py] 2020-11-13 12:24:34,311 > NUR9315-01-00 cleared
[INFO|CRAWLER.py] 2020-11-13 12:24:36,405 > NUR9313-01-00 cleared
[INFO|CRAWLER.py] 2020-11-13 12:24:38,507 > NUR9306-01-00 cleared
[INFO|CRAWLER.py] 2020-11-13 12:24:40,581 > NUR9501-01-00 cleared
[INFO|CRAWLER.py] 2020-11-13 12:24:42,641 > NUR9508-01-00 cleared
[INFO|CRAWLER.py] 2020-11-13 12:24:44,709 > NUR9511-01-00 cleared
[INFO|CRAWLER.py] 2020-11-13 12:24:46,851 > NUR9300-01-00 cleared
[INFO|CRAWLER.py] 2020-11-13 12:24:49,418 > 6 rows in 16-21 of 21
[INFO|CRAWLER.py] 2020-11-13 12:24:51,509 > NUR9411-01-00 cleared
[INFO|CRAWLER.py] 2020-11-13 12:24:53,603 > NUR9412-01-00 cleared
[INFO|CRAWLER.py] 2020-11-13 12:24:55,695 > NUR9416-01-00 cleared
[INFO|CRAWLER.py] 2020-11-13 12:24:57,787 > NUR9418-01-00 cleared
[INFO|CRAWLER.py] 2020-11-13 12:24:59,882 > NUR9413-01-00 cleared
[INFO|CRAWLER.py] 2020-11-13 12:25:01,938 > RN-BSN 탐색 완료
[INFO|CRAWLER.py] 2020-11-13 12:25:01,939 > 간호대학 수집 완료
[INFO|CRAWLER.py] 2020-11-13 12:25:01,940 > FINISHED_LECT_OBJs에 간호대학 전부 등록 완료
