[INFO|CRAWLER.py] 2020-11-13 12:26:09,387 > 작업완료된 강의 객체 목록 다운로드 시작
[INFO|CRAWLER.py] 2020-11-13 12:26:09,971 > 작업완료된 강의 객체 목록 다운로드 완료
[INFO|CRAWLER.py] 2020-11-13 12:26:16,990 > 20161-연계전공-유럽지역학 수집 시작
[INFO|CRAWLER.py] 2020-11-13 12:26:17,721 > 2 rows in 1-2 of 2
[INFO|CRAWLER.py] 2020-11-13 12:26:17,751 > 유의사항 기준 탐색 완료
[INFO|CRAWLER.py] 2020-11-13 12:26:18,272 > 2 rows in 1-2 of 2
[INFO|CRAWLER.py] 2020-11-13 12:26:20,329 > EUR3102-01-00 cleared
[INFO|CRAWLER.py] 2020-11-13 12:26:22,413 > EUR3104-01-00 cleared
[INFO|CRAWLER.py] 2020-11-13 12:26:24,439 > 유럽지역학 탐색 완료
[INFO|CRAWLER.py] 2020-11-13 12:26:24,439 > 20161-연계전공-디지털예술학 수집 시작
[INFO|CRAWLER.py] 2020-11-13 12:26:25,028 > 2 rows in 1-2 of 2
[INFO|CRAWLER.py] 2020-11-13 12:26:25,052 > 유의사항 기준 탐색 완료
[INFO|CRAWLER.py] 2020-11-13 12:26:25,570 > 2 rows in 1-2 of 2
[INFO|CRAWLER.py] 2020-11-13 12:26:27,645 > FIL3102-01-00 cleared
[INFO|CRAWLER.py] 2020-11-13 12:26:29,710 > FIL3107-01-00 cleared
[INFO|CRAWLER.py] 2020-11-13 12:26:31,732 > 디지털예술학 탐색 완료
[INFO|CRAWLER.py] 2020-11-13 12:26:31,732 > 20161-연계전공-미국학 수집 시작
[INFO|CRAWLER.py] 2020-11-13 12:26:32,323 > 2 rows in 1-2 of 2
[INFO|CRAWLER.py] 2020-11-13 12:26:32,347 > 유의사항 기준 탐색 완료
[INFO|CRAWLER.py] 2020-11-13 12:26:32,865 > 2 rows in 1-2 of 2
[INFO|CRAWLER.py] 2020-11-13 12:26:34,931 > AMR3102-01-00 cleared
[INFO|CRAWLER.py] 2020-11-13 12:26:36,997 > AMR3104-01-00 cleared
[INFO|CRAWLER.py] 2020-11-13 12:26:39,019 > 미국학 탐색 완료
[INFO|CRAWLER.py] 2020-11-13 12:26:39,019 > 20161-연계전공-한국및동아시아학(중국학) 수집 시작
[INFO|CRAWLER.py] 2020-11-13 12:26:39,609 > 2 rows in 1-2 of 2
[INFO|CRAWLER.py] 2020-11-13 12:26:39,633 > 유의사항 기준 탐색 완료
[INFO|CRAWLER.py] 2020-11-13 12:26:40,151 > 2 rows in 1-2 of 2
[INFO|CRAWLER.py] 2020-11-13 12:26:42,224 > CHI3101-01-00 cleared
[INFO|CRAWLER.py] 2020-11-13 12:26:44,286 > CHI3102-01-00 cleared
[INFO|CRAWLER.py] 2020-11-13 12:26:46,308 > 한국및동아시아학(중국학) 탐색 완료
[INFO|CRAWLER.py] 2020-11-13 12:26:46,309 > 20161-연계전공-한국및동아시아학(한국학) 수집 시작
[INFO|CRAWLER.py] 2020-11-13 12:26:46,899 > 2 rows in 1-2 of 2
[INFO|CRAWLER.py] 2020-11-13 12:26:46,924 > 유의사항 기준 탐색 완료
[INFO|CRAWLER.py] 2020-11-13 12:26:47,442 > 2 rows in 1-2 of 2
[INFO|CRAWLER.py] 2020-11-13 12:26:49,524 > KOS3101-01-00 cleared
[INFO|CRAWLER.py] 2020-11-13 12:26:51,579 > KOS3104-01-00 cleared
[INFO|CRAWLER.py] 2020-11-13 12:26:53,601 > 한국및동아시아학(한국학) 탐색 완료
[INFO|CRAWLER.py] 2020-11-13 12:26:53,601 > 20161-연계전공-한국및동아시아학(일본학) 수집 시작
[INFO|CRAWLER.py] 2020-11-13 12:26:54,193 > 3 rows in 1-3 of 3
[INFO|CRAWLER.py] 2020-11-13 12:26:54,215 > 유의사항 기준 탐색 완료
[INFO|CRAWLER.py] 2020-11-13 12:26:54,732 > 3 rows in 1-3 of 3
[INFO|CRAWLER.py] 2020-11-13 12:26:56,787 > JAP3105-01-00 cleared
[INFO|CRAWLER.py] 2020-11-13 12:26:58,849 > JAP3106-01-00 cleared
[INFO|CRAWLER.py] 2020-11-13 12:27:00,911 > JAP3107-01-00 cleared
[INFO|CRAWLER.py] 2020-11-13 12:27:02,936 > 한국및동아시아학(일본학) 탐색 완료
[INFO|CRAWLER.py] 2020-11-13 12:27:02,936 > 20161-연계전공-외교통상학 수집 시작
[INFO|CRAWLER.py] 2020-11-13 12:27:03,559 > 3 rows in 1-3 of 3
[INFO|CRAWLER.py] 2020-11-13 12:27:03,586 > 유의사항 기준 탐색 완료
[INFO|CRAWLER.py] 2020-11-13 12:27:04,104 > 3 rows in 1-3 of 3
[INFO|CRAWLER.py] 2020-11-13 12:27:06,166 > TRA3103-01-00 cleared
[INFO|CRAWLER.py] 2020-11-13 12:27:08,242 > TRA3104-01-00 cleared
[INFO|CRAWLER.py] 2020-11-13 12:27:10,306 > TRA3105-01-00 cleared
[INFO|CRAWLER.py] 2020-11-13 12:27:12,327 > 외교통상학 탐색 완료
[INFO|CRAWLER.py] 2020-11-13 12:27:12,327 > 20161-연계전공-인지과학 수집 시작
[INFO|CRAWLER.py] 2020-11-13 12:27:12,923 > 2 rows in 1-2 of 2
[INFO|CRAWLER.py] 2020-11-13 12:27:12,948 > 유의사항 기준 탐색 완료
[INFO|CRAWLER.py] 2020-11-13 12:27:13,464 > 2 rows in 1-2 of 2
[INFO|CRAWLER.py] 2020-11-13 12:27:15,534 > COG3101-01-00 cleared
[INFO|CRAWLER.py] 2020-11-13 12:27:17,594 > COG3102-01-00 cleared
[INFO|CRAWLER.py] 2020-11-13 12:27:19,617 > 인지과학 탐색 완료
[INFO|CRAWLER.py] 2020-11-13 12:27:19,617 > 20161-연계전공-전자상거래학 수집 시작
[INFO|CRAWLER.py] 2020-11-13 12:27:20,208 > 0 rows in 1-0 of 0
[INFO|CRAWLER.py] 2020-11-13 12:27:30,748 > No caution link in 0th row
[INFO|CRAWLER.py] 2020-11-13 12:27:31,255 > 0 rows in 1-0 of 0
[INFO|CRAWLER.py] 2020-11-13 12:27:31,255 > No caution in pages
[INFO|CRAWLER.py] 2020-11-13 12:27:31,772 > 0 rows in 1-0 of 0
[INFO|CRAWLER.py] 2020-11-13 12:27:33,793 > 전자상거래학 탐색 완료
[INFO|CRAWLER.py] 2020-11-13 12:27:33,793 > 20161-연계전공-벤처학 수집 시작
[INFO|CRAWLER.py] 2020-11-13 12:27:34,381 > 1 rows in 1-1 of 1
[INFO|CRAWLER.py] 2020-11-13 12:27:34,405 > 유의사항 기준 탐색 완료
[INFO|CRAWLER.py] 2020-11-13 12:27:34,921 > 1 rows in 1-1 of 1
[INFO|CRAWLER.py] 2020-11-13 12:27:37,028 > VEN3101-01-00 cleared
[INFO|CRAWLER.py] 2020-11-13 12:27:39,048 > 벤처학 탐색 완료
[INFO|CRAWLER.py] 2020-11-13 12:27:39,049 > 20161-연계전공-리더십 수집 시작
[INFO|CRAWLER.py] 2020-11-13 12:27:39,638 > 1 rows in 1-1 of 1
[INFO|CRAWLER.py] 2020-11-13 12:27:39,661 > 유의사항 기준 탐색 완료
[INFO|CRAWLER.py] 2020-11-13 12:27:40,177 > 1 rows in 1-1 of 1
[INFO|CRAWLER.py] 2020-11-13 12:27:42,514 > LEA3101-01-00 cleared
[INFO|CRAWLER.py] 2020-11-13 12:27:44,535 > 리더십 탐색 완료
[INFO|CRAWLER.py] 2020-11-13 12:27:44,535 > 20161-연계전공-한국및동아시아학(동아시아학) 수집 시작
[INFO|CRAWLER.py] 2020-11-13 12:27:45,119 > 2 rows in 1-2 of 2
[INFO|CRAWLER.py] 2020-11-13 12:27:45,144 > 유의사항 기준 탐색 완료
[INFO|CRAWLER.py] 2020-11-13 12:27:45,660 > 2 rows in 1-2 of 2
[INFO|CRAWLER.py] 2020-11-13 12:27:47,719 > EAS3101-01-00 cleared
[INFO|CRAWLER.py] 2020-11-13 12:27:49,782 > EAS3102-01-00 cleared
[INFO|CRAWLER.py] 2020-11-13 12:27:51,802 > 한국및동아시아학(동아시아학) 탐색 완료
[INFO|CRAWLER.py] 2020-11-13 12:27:51,802 > 20161-연계전공-디지털인문학 수집 시작
[INFO|CRAWLER.py] 2020-11-13 12:27:52,387 > 0 rows in 1-0 of 0
[INFO|CRAWLER.py] 2020-11-13 12:28:02,939 > No caution link in 0th row
[INFO|CRAWLER.py] 2020-11-13 12:28:03,445 > 0 rows in 1-0 of 0
[INFO|CRAWLER.py] 2020-11-13 12:28:03,445 > No caution in pages
[INFO|CRAWLER.py] 2020-11-13 12:28:03,962 > 0 rows in 1-0 of 0
[INFO|CRAWLER.py] 2020-11-13 12:28:05,982 > 디지털인문학 탐색 완료
[INFO|CRAWLER.py] 2020-11-13 12:28:05,982 > 20161-연계전공-비교문학 수집 시작
[INFO|CRAWLER.py] 2020-11-13 12:28:06,570 > 2 rows in 1-2 of 2
[INFO|CRAWLER.py] 2020-11-13 12:28:06,594 > 유의사항 기준 탐색 완료
[INFO|CRAWLER.py] 2020-11-13 12:28:07,110 > 2 rows in 1-2 of 2
[INFO|CRAWLER.py] 2020-11-13 12:28:09,167 > CML3101-01-00 cleared
[INFO|CRAWLER.py] 2020-11-13 12:28:11,221 > CML3104-01-00 cleared
[INFO|CRAWLER.py] 2020-11-13 12:28:13,242 > 비교문학 탐색 완료
[INFO|CRAWLER.py] 2020-11-13 12:28:13,242 > 20161-연계전공-문화비평학 수집 시작
[INFO|CRAWLER.py] 2020-11-13 12:28:13,826 > 3 rows in 1-3 of 3
[INFO|CRAWLER.py] 2020-11-13 12:28:13,850 > 유의사항 기준 탐색 완료
[INFO|CRAWLER.py] 2020-11-13 12:28:14,366 > 3 rows in 1-3 of 3
[INFO|CRAWLER.py] 2020-11-13 12:28:16,430 > CUL3101-01-00 cleared
[INFO|CRAWLER.py] 2020-11-13 12:28:18,525 > CUL4101-01-00 cleared
[INFO|CRAWLER.py] 2020-11-13 12:28:20,545 > 문화비평학 탐색 완료
[INFO|CRAWLER.py] 2020-11-13 12:28:20,545 > 20161-연계전공-과학기술과 사회 수집 시작
[INFO|CRAWLER.py] 2020-11-13 12:28:21,130 > 2 rows in 1-2 of 2
[INFO|CRAWLER.py] 2020-11-13 12:28:21,154 > 유의사항 기준 탐색 완료
[INFO|CRAWLER.py] 2020-11-13 12:28:21,669 > 2 rows in 1-2 of 2
[INFO|CRAWLER.py] 2020-11-13 12:28:23,754 > STS3105-01-00 cleared
[INFO|CRAWLER.py] 2020-11-13 12:28:25,809 > STS3106-01-00 cleared
[INFO|CRAWLER.py] 2020-11-13 12:28:27,832 > 과학기술과 사회 탐색 완료
[INFO|CRAWLER.py] 2020-11-13 12:28:27,832 > 연계전공 수집 완료
[INFO|CRAWLER.py] 2020-11-13 12:28:27,832 > 20161-ROTC-군사학 수집 시작
[INFO|CRAWLER.py] 2020-11-13 12:28:28,440 > 2 rows in 1-2 of 2
[INFO|CRAWLER.py] 2020-11-13 12:28:28,464 > 유의사항 기준 탐색 완료
[INFO|CRAWLER.py] 2020-11-13 12:28:29,008 > 2 rows in 1-2 of 2
[INFO|CRAWLER.py] 2020-11-13 12:28:31,062 > MIL3001-01-00 cleared
[INFO|CRAWLER.py] 2020-11-13 12:28:33,111 > MIL4001-01-00 cleared
[INFO|CRAWLER.py] 2020-11-13 12:28:35,132 > 군사학 탐색 완료
[INFO|CRAWLER.py] 2020-11-13 12:28:35,132 > ROTC 수집 완료
[INFO|CRAWLER.py] 2020-11-13 12:28:35,133 > 20161-Study Abroad Course-Undergraduate 수집 시작
[INFO|CRAWLER.py] 2020-11-13 12:28:35,739 > 15 rows in 1-15 of 41
[INFO|CRAWLER.py] 2020-11-13 12:28:35,763 > 유의사항 기준 탐색 완료
[INFO|CRAWLER.py] 2020-11-13 12:28:36,279 > 15 rows in 1-15 of 41
[INFO|CRAWLER.py] 2020-11-13 12:28:38,354 > IEE1101-01-00 cleared
[INFO|CRAWLER.py] 2020-11-13 12:28:40,424 > IEE1151-01-00 cleared
[INFO|CRAWLER.py] 2020-11-13 12:28:42,511 > IEE2004-01-00 cleared
[INFO|CRAWLER.py] 2020-11-13 12:28:44,594 > IEE2021-01-00 cleared
[INFO|CRAWLER.py] 2020-11-13 12:28:46,656 > IEE2037-01-00 cleared
[INFO|CRAWLER.py] 2020-11-13 12:28:48,724 > IEE2060-01-00 cleared
[INFO|CRAWLER.py] 2020-11-13 12:28:50,791 > IEE3035-01-00 cleared
[INFO|CRAWLER.py] 2020-11-13 12:28:52,872 > IEE3103-01-00 cleared
[INFO|CRAWLER.py] 2020-11-13 12:28:54,934 > IEE3107-01-00 cleared
[INFO|CRAWLER.py] 2020-11-13 12:28:57,008 > IEE3108-01-00 cleared
[INFO|CRAWLER.py] 2020-11-13 12:28:59,078 > IEE3116-01-00 cleared
[INFO|CRAWLER.py] 2020-11-13 12:29:01,180 > IEE3121-01-00 cleared
[INFO|CRAWLER.py] 2020-11-13 12:29:03,266 > IEE3131-01-00 cleared
[INFO|CRAWLER.py] 2020-11-13 12:29:05,336 > IEE3185-01-00 cleared
[INFO|CRAWLER.py] 2020-11-13 12:29:07,415 > IEE3220-01-00 cleared
[INFO|CRAWLER.py] 2020-11-13 12:29:10,002 > 15 rows in 16-30 of 41
[INFO|CRAWLER.py] 2020-11-13 12:29:12,066 > IEE3293-01-00 cleared
[INFO|CRAWLER.py] 2020-11-13 12:29:14,145 > IEE3300-01-00 cleared
[INFO|CRAWLER.py] 2020-11-13 12:29:16,218 > IEE3300-02-00 cleared
[INFO|CRAWLER.py] 2020-11-13 12:29:18,292 > IEE3311-01-00 cleared
[INFO|CRAWLER.py] 2020-11-13 12:29:20,360 > IEE3315-01-00 cleared
[INFO|CRAWLER.py] 2020-11-13 12:29:22,426 > IEE3316-01-00 cleared
[INFO|CRAWLER.py] 2020-11-13 12:29:24,498 > IEE3317-01-00 cleared
[INFO|CRAWLER.py] 2020-11-13 12:29:26,554 > IEE3325-01-00 cleared
[INFO|CRAWLER.py] 2020-11-13 12:29:28,608 > IEE3326-01-00 cleared
[INFO|CRAWLER.py] 2020-11-13 12:29:30,673 > IEE3328-01-00 cleared
[INFO|CRAWLER.py] 2020-11-13 12:29:32,731 > IEE3329-01-00 cleared
[INFO|CRAWLER.py] 2020-11-13 12:29:34,796 > IEE3330-01-00 cleared
[INFO|CRAWLER.py] 2020-11-13 12:29:36,852 > IEE3338-01-00 cleared
[INFO|CRAWLER.py] 2020-11-13 12:29:38,919 > IEE3339-01-00 cleared
[INFO|CRAWLER.py] 2020-11-13 12:29:40,988 > IEE3340-01-00 cleared
[INFO|CRAWLER.py] 2020-11-13 12:29:43,543 > 11 rows in 31-41 of 41
[INFO|CRAWLER.py] 2020-11-13 12:29:45,615 > IEE3341-01-00 cleared
[INFO|CRAWLER.py] 2020-11-13 12:29:47,698 > IEE3341-02-00 cleared
[INFO|CRAWLER.py] 2020-11-13 12:29:49,753 > IEE3343-01-00 cleared
[INFO|CRAWLER.py] 2020-11-13 12:29:51,809 > IEE3347-01-00 cleared
[INFO|CRAWLER.py] 2020-11-13 12:29:53,863 > IEE3348-01-00 cleared
[INFO|CRAWLER.py] 2020-11-13 12:29:55,916 > IEE3349-01-00 cleared
[INFO|CRAWLER.py] 2020-11-13 12:29:57,976 > IEE3353-01-00 cleared
[INFO|CRAWLER.py] 2020-11-13 12:30:00,035 > IEE3358-01-00 cleared
[INFO|CRAWLER.py] 2020-11-13 12:30:02,104 > IEE3359-01-00 cleared
[INFO|CRAWLER.py] 2020-11-13 12:30:04,164 > IEE3149-01-00 cleared
[INFO|CRAWLER.py] 2020-11-13 12:30:06,223 > IEE3346-01-00 cleared
[INFO|CRAWLER.py] 2020-11-13 12:30:08,278 > Undergraduate 탐색 완료
[INFO|CRAWLER.py] 2020-11-13 12:30:08,278 > 20161-Study Abroad Course-Graduate 수집 시작
[INFO|CRAWLER.py] 2020-11-13 12:30:08,909 > 15 rows in 1-15 of 164
[INFO|CRAWLER.py] 2020-11-13 12:30:08,936 > 유의사항 기준 탐색 완료
[INFO|CRAWLER.py] 2020-11-13 12:30:09,453 > 15 rows in 1-15 of 164
[INFO|CRAWLER.py] 2020-11-13 12:30:12,388 > 15 rows in 16-30 of 164
[INFO|CRAWLER.py] 2020-11-13 12:30:14,503 > CSI6541-01-00 cleared
[INFO|CRAWLER.py] 2020-11-13 12:30:16,637 > ECO6407-01-00 cleared
[INFO|CRAWLER.py] 2020-11-13 12:30:19,335 > 15 rows in 31-45 of 164
[INFO|CRAWLER.py] 2020-11-13 12:30:21,626 > EEE6121-01-00 cleared
[INFO|CRAWLER.py] 2020-11-13 12:30:23,698 > EEE6320-01-00 cleared
[INFO|CRAWLER.py] 2020-11-13 12:30:26,279 > 15 rows in 46-60 of 164
[INFO|CRAWLER.py] 2020-11-13 12:30:28,372 > EEE6770-01-00 cleared
[INFO|CRAWLER.py] 2020-11-13 12:30:31,197 > 15 rows in 61-75 of 164
[INFO|CRAWLER.py] 2020-11-13 12:30:33,266 > EEE9112-01-00 cleared
[INFO|CRAWLER.py] 2020-11-13 12:30:35,428 > ELL6371-01-00 cleared
[INFO|CRAWLER.py] 2020-11-13 12:30:37,504 > ELL6422-01-00 cleared
[INFO|CRAWLER.py] 2020-11-13 12:30:39,571 > ELL6443-01-00 cleared
[INFO|CRAWLER.py] 2020-11-13 12:30:41,664 > ELL7239-01-00 cleared
[INFO|CRAWLER.py] 2020-11-13 12:30:44,225 > 15 rows in 76-90 of 164
[INFO|CRAWLER.py] 2020-11-13 12:30:46,293 > ELL7429-01-00 cleared
[INFO|CRAWLER.py] 2020-11-13 12:30:48,583 > ISC6011-01-00 cleared
[INFO|CRAWLER.py] 2020-11-13 12:30:51,172 > 15 rows in 91-105 of 164
[INFO|CRAWLER.py] 2020-11-13 12:30:53,261 > ISC6039-01-00 cleared
[INFO|CRAWLER.py] 2020-11-13 12:30:56,095 > 15 rows in 106-120 of 164
[INFO|CRAWLER.py] 2020-11-13 12:30:58,321 > ISK6128-01-00 cleared
[INFO|CRAWLER.py] 2020-11-13 12:31:00,393 > KOR6614-01-00 cleared
[INFO|CRAWLER.py] 2020-11-13 12:31:03,045 > 15 rows in 121-135 of 164
[INFO|CRAWLER.py] 2020-11-13 12:31:05,214 > LSB7004-01-00 cleared
[INFO|CRAWLER.py] 2020-11-13 12:31:07,996 > 15 rows in 136-150 of 164
[INFO|CRAWLER.py] 2020-11-13 12:31:10,891 > 14 rows in 151-164 of 164
[INFO|CRAWLER.py] 2020-11-13 12:31:12,940 > POL6106-01-00 cleared
[INFO|CRAWLER.py] 2020-11-13 12:31:14,988 > POL6130-01-00 cleared
[INFO|CRAWLER.py] 2020-11-13 12:31:17,037 > POL6155-01-00 cleared
[INFO|CRAWLER.py] 2020-11-13 12:31:19,085 > POL6165-01-00 cleared
[INFO|CRAWLER.py] 2020-11-13 12:31:21,136 > POL7172-01-00 cleared
[INFO|CRAWLER.py] 2020-11-13 12:31:23,228 > YJD6606-01-00 cleared
[INFO|CRAWLER.py] 2020-11-13 12:31:25,277 > YJD6708-01-00 cleared
[INFO|CRAWLER.py] 2020-11-13 12:31:27,325 > YJD7110-01-00 cleared
[INFO|CRAWLER.py] 2020-11-13 12:31:29,457 > Graduate 탐색 완료
[INFO|CRAWLER.py] 2020-11-13 12:31:29,457 > 20161-Study Abroad Course-Korean Language 수집 시작
[INFO|CRAWLER.py] 2020-11-13 12:31:30,080 > 7 rows in 1-7 of 7
[INFO|CRAWLER.py] 2020-11-13 12:31:30,105 > 유의사항 기준 탐색 완료
[INFO|CRAWLER.py] 2020-11-13 12:31:30,621 > 7 rows in 1-7 of 7
[INFO|CRAWLER.py] 2020-11-13 12:31:32,727 > KLI1001-02-00 cleared
[INFO|CRAWLER.py] 2020-11-13 12:31:34,822 > KLI1002-01-00 cleared
[INFO|CRAWLER.py] 2020-11-13 12:31:36,899 > KLI1003-01-00 cleared
[INFO|CRAWLER.py] 2020-11-13 12:31:38,967 > KLI1004-01-00 cleared
[INFO|CRAWLER.py] 2020-11-13 12:31:41,029 > KLI1005-01-00 cleared
[INFO|CRAWLER.py] 2020-11-13 12:31:53,602 > KLI1006-01-00 cleared
[INFO|CRAWLER.py] 2020-11-13 12:31:55,628 > Korean Language 탐색 완료
[INFO|CRAWLER.py] 2020-11-13 12:31:55,628 > Study Abroad Course 수집 완료
[INFO|CRAWLER.py] 2020-11-13 12:31:55,628 > 20161-교직과정-교직과정 수집 시작
[INFO|CRAWLER.py] 2020-11-13 12:31:56,263 > 15 rows in 1-15 of 29
[INFO|CRAWLER.py] 2020-11-13 12:31:56,292 > 유의사항 기준 탐색 완료
[INFO|CRAWLER.py] 2020-11-13 12:31:56,809 > 15 rows in 1-15 of 29
[INFO|CRAWLER.py] 2020-11-13 12:31:58,884 > TTP2008-01-00 cleared
[INFO|CRAWLER.py] 2020-11-13 12:31:58,917 > TTP2009-01-00: 중복된 강의 객체. caution 수집 완료
[INFO|CRAWLER.py] 2020-11-13 12:32:00,987 > TTP2001-01-00 cleared
[INFO|CRAWLER.py] 2020-11-13 12:32:03,045 > TTP2001-02-00 cleared
[INFO|CRAWLER.py] 2020-11-13 12:32:05,113 > TTP2002-01-00 cleared
[INFO|CRAWLER.py] 2020-11-13 12:32:07,170 > TTP2002-02-00 cleared
[INFO|CRAWLER.py] 2020-11-13 12:32:09,228 > TTP2004-01-00 cleared
[INFO|CRAWLER.py] 2020-11-13 12:32:11,284 > TTP2004-02-00 cleared
[INFO|CRAWLER.py] 2020-11-13 12:32:13,346 > TTP2005-01-00 cleared
[INFO|CRAWLER.py] 2020-11-13 12:32:15,419 > TTP2005-02-00 cleared
[INFO|CRAWLER.py] 2020-11-13 12:32:17,508 > TTP2006-01-00 cleared
[INFO|CRAWLER.py] 2020-11-13 12:32:19,579 > TTP2006-02-00 cleared
[INFO|CRAWLER.py] 2020-11-13 12:32:21,641 > TTP2007-01-00 cleared
[INFO|CRAWLER.py] 2020-11-13 12:32:23,719 > TTP2007-02-00 cleared
[INFO|CRAWLER.py] 2020-11-13 12:32:25,788 > TTP2010-01-00 cleared
[INFO|CRAWLER.py] 2020-11-13 12:32:28,353 > 14 rows in 16-29 of 29
[INFO|CRAWLER.py] 2020-11-13 12:32:30,411 > TTP2011-01-00 cleared
[INFO|CRAWLER.py] 2020-11-13 12:32:32,483 > TTP2012-01-00 cleared
[INFO|CRAWLER.py] 2020-11-13 12:32:34,546 > TTP2012-02-00 cleared
[INFO|CRAWLER.py] 2020-11-13 12:32:36,645 > TTP2013-01-00 cleared
[INFO|CRAWLER.py] 2020-11-13 12:32:36,673 > TTP4001-01-00: 중복된 강의 객체. caution 수집 완료
[INFO|CRAWLER.py] 2020-11-13 12:32:38,720 > TTP4002-01-00 cleared
[INFO|CRAWLER.py] 2020-11-13 12:32:40,772 > TTP4003-01-00 cleared
[INFO|CRAWLER.py] 2020-11-13 12:32:42,822 > TTP4004-01-00 cleared
[INFO|CRAWLER.py] 2020-11-13 12:32:44,868 > TTP4005-01-00 cleared
[INFO|CRAWLER.py] 2020-11-13 12:32:46,917 > TTP4006-01-00 cleared
[INFO|CRAWLER.py] 2020-11-13 12:32:48,993 > TTP4008-01-00 cleared
[INFO|CRAWLER.py] 2020-11-13 12:32:51,073 > TTP4008-02-00 cleared
[INFO|CRAWLER.py] 2020-11-13 12:32:53,153 > TTP4100-01-00 cleared
[INFO|CRAWLER.py] 2020-11-13 12:32:55,220 > TTP4100-02-00 cleared
[INFO|CRAWLER.py] 2020-11-13 12:32:57,258 > 교직과정 탐색 완료
[INFO|CRAWLER.py] 2020-11-13 12:32:57,258 > 교직과정 수집 완료
[INFO|CRAWLER.py] 2020-11-13 12:32:57,259 > 20161-국내교환대학-이화여자대학교 수집 시작
[INFO|CRAWLER.py] 2020-11-13 12:32:57,887 > 0 rows in 1-0 of 0
[INFO|CRAWLER.py] 2020-11-13 12:33:08,430 > No caution link in 0th row
[INFO|CRAWLER.py] 2020-11-13 12:33:08,942 > 0 rows in 1-0 of 0
[INFO|CRAWLER.py] 2020-11-13 12:33:08,942 > No caution in pages
[INFO|CRAWLER.py] 2020-11-13 12:33:09,460 > 0 rows in 1-0 of 0
[INFO|CRAWLER.py] 2020-11-13 12:33:11,485 > 이화여자대학교 탐색 완료
[INFO|CRAWLER.py] 2020-11-13 12:33:11,485 > 20161-국내교환대학-서강대학교 수집 시작
[INFO|CRAWLER.py] 2020-11-13 12:33:12,106 > 0 rows in 1-0 of 0
[INFO|CRAWLER.py] 2020-11-13 12:33:22,646 > No caution link in 0th row
[INFO|CRAWLER.py] 2020-11-13 12:33:23,153 > 0 rows in 1-0 of 0
[INFO|CRAWLER.py] 2020-11-13 12:33:23,153 > No caution in pages
[INFO|CRAWLER.py] 2020-11-13 12:33:23,669 > 0 rows in 1-0 of 0
[INFO|CRAWLER.py] 2020-11-13 12:33:25,689 > 서강대학교 탐색 완료
[INFO|CRAWLER.py] 2020-11-13 12:33:25,690 > 20161-국내교환대학-고려대학교 수집 시작
[INFO|CRAWLER.py] 2020-11-13 12:33:26,274 > 0 rows in 1-0 of 0
[INFO|CRAWLER.py] 2020-11-13 12:33:36,815 > No caution link in 0th row
[INFO|CRAWLER.py] 2020-11-13 12:33:37,322 > 0 rows in 1-0 of 0
[INFO|CRAWLER.py] 2020-11-13 12:33:37,322 > No caution in pages
[INFO|CRAWLER.py] 2020-11-13 12:33:37,838 > 0 rows in 1-0 of 0
[INFO|CRAWLER.py] 2020-11-13 12:33:39,858 > 고려대학교 탐색 완료
[INFO|CRAWLER.py] 2020-11-13 12:33:39,858 > 국내교환대학 수집 완료
[INFO|CRAWLER.py] 2020-11-13 12:33:39,858 > 20161-공통-창업,현장실습 수집 시작
[INFO|CRAWLER.py] 2020-11-13 12:33:40,461 > 0 rows in 1-0 of 0
[INFO|CRAWLER.py] 2020-11-13 12:33:50,991 > No caution link in 0th row
[INFO|CRAWLER.py] 2020-11-13 12:33:51,497 > 0 rows in 1-0 of 0
[INFO|CRAWLER.py] 2020-11-13 12:33:51,497 > No caution in pages
[INFO|CRAWLER.py] 2020-11-13 12:33:52,013 > 0 rows in 1-0 of 0
[INFO|CRAWLER.py] 2020-11-13 12:33:54,034 > 창업,현장실습 탐색 완료
[INFO|CRAWLER.py] 2020-11-13 12:33:54,034 > 공통 수집 완료
[INFO|CRAWLER.py] 2020-11-13 12:33:54,035 > FINISHED_LECT_OBJs에 공통 전부 등록 완료
