[INFO|CRAWLER.py] 2020-11-13 14:09:56,503 > 작업완료된 강의 객체 목록 다운로드 시작
[INFO|CRAWLER.py] 2020-11-13 14:09:57,406 > 작업완료된 강의 객체 목록 다운로드 완료
[INFO|CRAWLER.py] 2020-11-13 14:10:04,917 > 20162-연계전공-유럽지역학 수집 시작
[INFO|CRAWLER.py] 2020-11-13 14:10:05,656 > 3 rows in 1-3 of 3
[INFO|CRAWLER.py] 2020-11-13 14:10:05,688 > 유의사항 기준 탐색 완료
[INFO|CRAWLER.py] 2020-11-13 14:10:06,207 > 3 rows in 1-3 of 3
[INFO|CRAWLER.py] 2020-11-13 14:10:08,288 > EUR3101-01-00 cleared
[INFO|CRAWLER.py] 2020-11-13 14:10:10,356 > EUR3105-01-00 cleared
[INFO|CRAWLER.py] 2020-11-13 14:10:12,432 > EUR3107-01-00 cleared
[INFO|CRAWLER.py] 2020-11-13 14:10:14,458 > 유럽지역학 탐색 완료
[INFO|CRAWLER.py] 2020-11-13 14:10:14,458 > 20162-연계전공-디지털예술학 수집 시작
[INFO|CRAWLER.py] 2020-11-13 14:10:15,048 > 3 rows in 1-3 of 3
[INFO|CRAWLER.py] 2020-11-13 14:10:15,071 > 유의사항 기준 탐색 완료
[INFO|CRAWLER.py] 2020-11-13 14:10:15,589 > 3 rows in 1-3 of 3
[INFO|CRAWLER.py] 2020-11-13 14:10:17,668 > FIL3106-01-00 cleared
[INFO|CRAWLER.py] 2020-11-13 14:10:19,734 > FIL3108-01-00 cleared
[INFO|CRAWLER.py] 2020-11-13 14:10:21,794 > FIL4102-01-00 cleared
[INFO|CRAWLER.py] 2020-11-13 14:10:23,816 > 디지털예술학 탐색 완료
[INFO|CRAWLER.py] 2020-11-13 14:10:23,816 > 20162-연계전공-미국학 수집 시작
[INFO|CRAWLER.py] 2020-11-13 14:10:24,406 > 2 rows in 1-2 of 2
[INFO|CRAWLER.py] 2020-11-13 14:10:24,429 > 유의사항 기준 탐색 완료
[INFO|CRAWLER.py] 2020-11-13 14:10:24,946 > 2 rows in 1-2 of 2
[INFO|CRAWLER.py] 2020-11-13 14:10:27,017 > AMR3104-01-00 cleared
[INFO|CRAWLER.py] 2020-11-13 14:10:29,091 > AMR3105-01-00 cleared
[INFO|CRAWLER.py] 2020-11-13 14:10:31,113 > 미국학 탐색 완료
[INFO|CRAWLER.py] 2020-11-13 14:10:31,113 > 20162-연계전공-한국및동아시아학(중국학) 수집 시작
[INFO|CRAWLER.py] 2020-11-13 14:10:31,702 > 2 rows in 1-2 of 2
[INFO|CRAWLER.py] 2020-11-13 14:10:31,726 > 유의사항 기준 탐색 완료
[INFO|CRAWLER.py] 2020-11-13 14:10:32,243 > 2 rows in 1-2 of 2
[INFO|CRAWLER.py] 2020-11-13 14:10:34,322 > CHI3101-01-00 cleared
[INFO|CRAWLER.py] 2020-11-13 14:10:36,447 > CHI3103-01-00 cleared
[INFO|CRAWLER.py] 2020-11-13 14:10:38,468 > 한국및동아시아학(중국학) 탐색 완료
[INFO|CRAWLER.py] 2020-11-13 14:10:38,468 > 20162-연계전공-한국및동아시아학(한국학) 수집 시작
[INFO|CRAWLER.py] 2020-11-13 14:10:39,056 > 2 rows in 1-2 of 2
[INFO|CRAWLER.py] 2020-11-13 14:10:39,080 > 유의사항 기준 탐색 완료
[INFO|CRAWLER.py] 2020-11-13 14:10:39,596 > 2 rows in 1-2 of 2
[INFO|CRAWLER.py] 2020-11-13 14:10:41,670 > KOS3101-01-00 cleared
[INFO|CRAWLER.py] 2020-11-13 14:10:43,726 > KOS3106-01-00 cleared
[INFO|CRAWLER.py] 2020-11-13 14:10:45,748 > 한국및동아시아학(한국학) 탐색 완료
[INFO|CRAWLER.py] 2020-11-13 14:10:45,749 > 20162-연계전공-한국및동아시아학(일본학) 수집 시작
[INFO|CRAWLER.py] 2020-11-13 14:10:46,338 > 3 rows in 1-3 of 3
[INFO|CRAWLER.py] 2020-11-13 14:10:46,360 > 유의사항 기준 탐색 완료
[INFO|CRAWLER.py] 2020-11-13 14:10:46,877 > 3 rows in 1-3 of 3
[INFO|CRAWLER.py] 2020-11-13 14:10:48,952 > JAP3102-01-00 cleared
[INFO|CRAWLER.py] 2020-11-13 14:10:51,011 > JAP3103-01-00 cleared
[INFO|CRAWLER.py] 2020-11-13 14:10:53,072 > JAP3104-01-00 cleared
[INFO|CRAWLER.py] 2020-11-13 14:10:55,096 > 한국및동아시아학(일본학) 탐색 완료
[INFO|CRAWLER.py] 2020-11-13 14:10:55,096 > 20162-연계전공-외교통상학 수집 시작
[INFO|CRAWLER.py] 2020-11-13 14:10:55,719 > 2 rows in 1-2 of 2
[INFO|CRAWLER.py] 2020-11-13 14:10:55,748 > 유의사항 기준 탐색 완료
[INFO|CRAWLER.py] 2020-11-13 14:10:56,267 > 2 rows in 1-2 of 2
[INFO|CRAWLER.py] 2020-11-13 14:10:58,331 > TRA3102-01-00 cleared
[INFO|CRAWLER.py] 2020-11-13 14:10:58,372 > TRA4001-01-00: 중복된 강의 객체. caution 수집 완료
[INFO|CRAWLER.py] 2020-11-13 14:11:00,393 > 외교통상학 탐색 완료
[INFO|CRAWLER.py] 2020-11-13 14:11:00,393 > 20162-연계전공-인지과학 수집 시작
[INFO|CRAWLER.py] 2020-11-13 14:11:00,983 > 2 rows in 1-2 of 2
[INFO|CRAWLER.py] 2020-11-13 14:11:01,007 > 유의사항 기준 탐색 완료
[INFO|CRAWLER.py] 2020-11-13 14:11:01,523 > 2 rows in 1-2 of 2
[INFO|CRAWLER.py] 2020-11-13 14:11:03,577 > COG3103-01-00 cleared
[INFO|CRAWLER.py] 2020-11-13 14:11:05,641 > COG4101-01-00 cleared
[INFO|CRAWLER.py] 2020-11-13 14:11:07,662 > 인지과학 탐색 완료
[INFO|CRAWLER.py] 2020-11-13 14:11:07,662 > 20162-연계전공-전자상거래학 수집 시작
[INFO|CRAWLER.py] 2020-11-13 14:11:08,248 > 0 rows in 1-0 of 0
[INFO|CRAWLER.py] 2020-11-13 14:11:18,766 > No caution link in 0th row
[INFO|CRAWLER.py] 2020-11-13 14:11:19,273 > 0 rows in 1-0 of 0
[INFO|CRAWLER.py] 2020-11-13 14:11:19,273 > No caution in pages
[INFO|CRAWLER.py] 2020-11-13 14:11:19,789 > 0 rows in 1-0 of 0
[INFO|CRAWLER.py] 2020-11-13 14:11:21,810 > 전자상거래학 탐색 완료
[INFO|CRAWLER.py] 2020-11-13 14:11:21,810 > 20162-연계전공-벤처학 수집 시작
[INFO|CRAWLER.py] 2020-11-13 14:11:22,396 > 1 rows in 1-1 of 1
[INFO|CRAWLER.py] 2020-11-13 14:11:22,419 > 유의사항 기준 탐색 완료
[INFO|CRAWLER.py] 2020-11-13 14:11:22,936 > 1 rows in 1-1 of 1
[INFO|CRAWLER.py] 2020-11-13 14:11:25,006 > VEN3103-01-00 cleared
[INFO|CRAWLER.py] 2020-11-13 14:11:27,027 > 벤처학 탐색 완료
[INFO|CRAWLER.py] 2020-11-13 14:11:27,027 > 20162-연계전공-리더십 수집 시작
[INFO|CRAWLER.py] 2020-11-13 14:11:27,611 > 2 rows in 1-2 of 2
[INFO|CRAWLER.py] 2020-11-13 14:11:27,634 > 유의사항 기준 탐색 완료
[INFO|CRAWLER.py] 2020-11-13 14:11:28,150 > 2 rows in 1-2 of 2
[INFO|CRAWLER.py] 2020-11-13 14:11:30,436 > LEA3101-01-00 cleared
[INFO|CRAWLER.py] 2020-11-13 14:11:32,494 > LEA3103-01-00 cleared
[INFO|CRAWLER.py] 2020-11-13 14:11:34,515 > 리더십 탐색 완료
[INFO|CRAWLER.py] 2020-11-13 14:11:34,515 > 20162-연계전공-한국및동아시아학(동아시아학) 수집 시작
[INFO|CRAWLER.py] 2020-11-13 14:11:35,097 > 2 rows in 1-2 of 2
[INFO|CRAWLER.py] 2020-11-13 14:11:35,119 > 유의사항 기준 탐색 완료
[INFO|CRAWLER.py] 2020-11-13 14:11:35,636 > 2 rows in 1-2 of 2
[INFO|CRAWLER.py] 2020-11-13 14:11:37,694 > EAS3103-01-00 cleared
[INFO|CRAWLER.py] 2020-11-13 14:11:39,747 > EAS3105-01-00 cleared
[INFO|CRAWLER.py] 2020-11-13 14:11:41,767 > 한국및동아시아학(동아시아학) 탐색 완료
[INFO|CRAWLER.py] 2020-11-13 14:11:41,768 > 20162-연계전공-디지털인문학 수집 시작
[INFO|CRAWLER.py] 2020-11-13 14:11:42,349 > 0 rows in 1-0 of 0
[INFO|CRAWLER.py] 2020-11-13 14:11:52,852 > No caution link in 0th row
[INFO|CRAWLER.py] 2020-11-13 14:11:53,359 > 0 rows in 1-0 of 0
[INFO|CRAWLER.py] 2020-11-13 14:11:53,359 > No caution in pages
[INFO|CRAWLER.py] 2020-11-13 14:11:53,875 > 0 rows in 1-0 of 0
[INFO|CRAWLER.py] 2020-11-13 14:11:55,896 > 디지털인문학 탐색 완료
[INFO|CRAWLER.py] 2020-11-13 14:11:55,896 > 20162-연계전공-비교문학 수집 시작
[INFO|CRAWLER.py] 2020-11-13 14:11:56,482 > 2 rows in 1-2 of 2
[INFO|CRAWLER.py] 2020-11-13 14:11:56,505 > 유의사항 기준 탐색 완료
[INFO|CRAWLER.py] 2020-11-13 14:11:57,025 > 2 rows in 1-2 of 2
[INFO|CRAWLER.py] 2020-11-13 14:11:59,080 > CML3103-01-00 cleared
[INFO|CRAWLER.py] 2020-11-13 14:12:01,145 > CML3105-01-00 cleared
[INFO|CRAWLER.py] 2020-11-13 14:12:03,165 > 비교문학 탐색 완료
[INFO|CRAWLER.py] 2020-11-13 14:12:03,165 > 20162-연계전공-문화비평학 수집 시작
[INFO|CRAWLER.py] 2020-11-13 14:12:03,749 > 2 rows in 1-2 of 2
[INFO|CRAWLER.py] 2020-11-13 14:12:03,771 > 유의사항 기준 탐색 완료
[INFO|CRAWLER.py] 2020-11-13 14:12:04,287 > 2 rows in 1-2 of 2
[INFO|CRAWLER.py] 2020-11-13 14:12:06,351 > CUL4102-01-00 cleared
[INFO|CRAWLER.py] 2020-11-13 14:12:08,423 > CUL3104-01-00 cleared
[INFO|CRAWLER.py] 2020-11-13 14:12:10,444 > 문화비평학 탐색 완료
[INFO|CRAWLER.py] 2020-11-13 14:12:10,444 > 20162-연계전공-과학기술과 사회 수집 시작
[INFO|CRAWLER.py] 2020-11-13 14:12:11,027 > 1 rows in 1-1 of 1
[INFO|CRAWLER.py] 2020-11-13 14:12:11,051 > 유의사항 기준 탐색 완료
[INFO|CRAWLER.py] 2020-11-13 14:12:11,567 > 1 rows in 1-1 of 1
[INFO|CRAWLER.py] 2020-11-13 14:12:11,601 > STS3107-01-00: 중복된 강의 객체. caution 수집 완료
[INFO|CRAWLER.py] 2020-11-13 14:12:13,621 > 과학기술과 사회 탐색 완료
[INFO|CRAWLER.py] 2020-11-13 14:12:13,621 > 연계전공 수집 완료
[INFO|CRAWLER.py] 2020-11-13 14:12:13,621 > 20162-ROTC-군사학 수집 시작
[INFO|CRAWLER.py] 2020-11-13 14:12:14,223 > 2 rows in 1-2 of 2
[INFO|CRAWLER.py] 2020-11-13 14:12:14,247 > 유의사항 기준 탐색 완료
[INFO|CRAWLER.py] 2020-11-13 14:12:14,763 > 2 rows in 1-2 of 2
[INFO|CRAWLER.py] 2020-11-13 14:12:16,817 > MIL3002-01-00 cleared
[INFO|CRAWLER.py] 2020-11-13 14:12:18,869 > MIL4002-01-00 cleared
[INFO|CRAWLER.py] 2020-11-13 14:12:20,888 > 군사학 탐색 완료
[INFO|CRAWLER.py] 2020-11-13 14:12:20,889 > ROTC 수집 완료
[INFO|CRAWLER.py] 2020-11-13 14:12:20,889 > 20162-Study Abroad Course-Undergraduate 수집 시작
[INFO|CRAWLER.py] 2020-11-13 14:12:21,492 > 15 rows in 1-15 of 49
[INFO|CRAWLER.py] 2020-11-13 14:12:21,516 > 유의사항 기준 탐색 완료
[INFO|CRAWLER.py] 2020-11-13 14:12:22,031 > 15 rows in 1-15 of 49
[INFO|CRAWLER.py] 2020-11-13 14:12:24,097 > IEE1101-01-00 cleared
[INFO|CRAWLER.py] 2020-11-13 14:12:26,182 > IEE1151-01-00 cleared
[INFO|CRAWLER.py] 2020-11-13 14:12:28,297 > IEE1154-01-00 cleared
[INFO|CRAWLER.py] 2020-11-13 14:12:30,389 > IEE2004-01-00 cleared
[INFO|CRAWLER.py] 2020-11-13 14:12:32,457 > IEE2021-01-00 cleared
[INFO|CRAWLER.py] 2020-11-13 14:12:34,519 > IEE2037-01-00 cleared
[INFO|CRAWLER.py] 2020-11-13 14:12:36,585 > IEE2060-01-00 cleared
[INFO|CRAWLER.py] 2020-11-13 14:12:38,653 > IEE3034-01-00 cleared
[INFO|CRAWLER.py] 2020-11-13 14:12:40,737 > IEE3103-01-00 cleared
[INFO|CRAWLER.py] 2020-11-13 14:12:42,815 > IEE3107-01-00 cleared
[INFO|CRAWLER.py] 2020-11-13 14:12:44,912 > IEE3108-01-00 cleared
[INFO|CRAWLER.py] 2020-11-13 14:12:46,980 > IEE3116-01-00 cleared
[INFO|CRAWLER.py] 2020-11-13 14:12:49,073 > IEE3121-01-00 cleared
[INFO|CRAWLER.py] 2020-11-13 14:12:51,180 > IEE3131-01-00 cleared
[INFO|CRAWLER.py] 2020-11-13 14:12:53,255 > IEE3149-01-00 cleared
[INFO|CRAWLER.py] 2020-11-13 14:12:55,823 > 15 rows in 16-30 of 49
[INFO|CRAWLER.py] 2020-11-13 14:12:57,892 > IEE3220-01-00 cleared
[INFO|CRAWLER.py] 2020-11-13 14:12:59,957 > IEE3293-01-00 cleared
[INFO|CRAWLER.py] 2020-11-13 14:13:02,028 > IEE3293-02-00 cleared
[INFO|CRAWLER.py] 2020-11-13 14:13:04,124 > IEE3300-01-00 cleared
[INFO|CRAWLER.py] 2020-11-13 14:13:06,196 > IEE3300-02-00 cleared
[INFO|CRAWLER.py] 2020-11-13 14:13:08,266 > IEE3315-01-00 cleared
[INFO|CRAWLER.py] 2020-11-13 14:13:10,368 > IEE3317-01-00 cleared
[INFO|CRAWLER.py] 2020-11-13 14:13:12,450 > IEE3317-02-00 cleared
[INFO|CRAWLER.py] 2020-11-13 14:13:14,526 > IEE3322-01-00 cleared
[INFO|CRAWLER.py] 2020-11-13 14:13:16,588 > IEE3325-01-00 cleared
[INFO|CRAWLER.py] 2020-11-13 14:13:18,651 > IEE3326-01-00 cleared
[INFO|CRAWLER.py] 2020-11-13 14:13:20,742 > IEE3328-01-00 cleared
[INFO|CRAWLER.py] 2020-11-13 14:13:22,838 > IEE3329-01-00 cleared
[INFO|CRAWLER.py] 2020-11-13 14:13:24,906 > IEE3330-01-00 cleared
[INFO|CRAWLER.py] 2020-11-13 14:13:27,489 > 15 rows in 31-45 of 49
[INFO|CRAWLER.py] 2020-11-13 14:13:29,558 > IEE3330-02-00 cleared
[INFO|CRAWLER.py] 2020-11-13 14:13:31,643 > IEE3338-01-00 cleared
[INFO|CRAWLER.py] 2020-11-13 14:13:33,696 > IEE3339-01-00 cleared
[INFO|CRAWLER.py] 2020-11-13 14:13:35,747 > IEE3339-02-00 cleared
[INFO|CRAWLER.py] 2020-11-13 14:13:37,821 > IEE3340-01-00 cleared
[INFO|CRAWLER.py] 2020-11-13 14:13:39,900 > IEE3341-01-00 cleared
[INFO|CRAWLER.py] 2020-11-13 14:13:41,976 > IEE3341-02-00 cleared
[INFO|CRAWLER.py] 2020-11-13 14:13:44,045 > IEE3341-03-00 cleared
[INFO|CRAWLER.py] 2020-11-13 14:13:46,098 > IEE3343-01-00 cleared
[INFO|CRAWLER.py] 2020-11-13 14:13:48,158 > IEE3347-01-00 cleared
[INFO|CRAWLER.py] 2020-11-13 14:13:50,212 > IEE3348-01-00 cleared
[INFO|CRAWLER.py] 2020-11-13 14:13:52,276 > IEE3349-01-00 cleared
[INFO|CRAWLER.py] 2020-11-13 14:13:54,328 > IEE3353-01-00 cleared
[INFO|CRAWLER.py] 2020-11-13 14:13:56,385 > IEE3354-01-00 cleared
[INFO|CRAWLER.py] 2020-11-13 14:13:58,441 > IEE3356-01-00 cleared
[INFO|CRAWLER.py] 2020-11-13 14:14:00,988 > 4 rows in 46-49 of 49
[INFO|CRAWLER.py] 2020-11-13 14:14:03,048 > IEE3357-01-00 cleared
[INFO|CRAWLER.py] 2020-11-13 14:14:05,102 > IEE3358-01-00 cleared
[INFO|CRAWLER.py] 2020-11-13 14:14:07,160 > IEE3579-01-00 cleared
[INFO|CRAWLER.py] 2020-11-13 14:14:09,213 > IEE3346-01-00 cleared
[INFO|CRAWLER.py] 2020-11-13 14:14:11,254 > Undergraduate 탐색 완료
[INFO|CRAWLER.py] 2020-11-13 14:14:11,255 > 20162-Study Abroad Course-Graduate 수집 시작
[INFO|CRAWLER.py] 2020-11-13 14:14:11,883 > 15 rows in 1-15 of 187
[INFO|CRAWLER.py] 2020-11-13 14:14:11,908 > 유의사항 기준 탐색 완료
[INFO|CRAWLER.py] 2020-11-13 14:14:12,423 > 15 rows in 1-15 of 187
[INFO|CRAWLER.py] 2020-11-13 14:14:14,498 > ANT6107-01-00 cleared
[INFO|CRAWLER.py] 2020-11-13 14:14:16,570 > BTE6250-01-00 cleared
[INFO|CRAWLER.py] 2020-11-13 14:14:18,621 > BTE6300-01-00 cleared
[INFO|CRAWLER.py] 2020-11-13 14:14:20,668 > BTE8160-01-00 cleared
[INFO|CRAWLER.py] 2020-11-13 14:14:22,749 > CEE6802-01-00 cleared
[INFO|CRAWLER.py] 2020-11-13 14:14:24,801 > CEE7510-01-00 cleared
[INFO|CRAWLER.py] 2020-11-13 14:14:26,851 > CFS8001-01-00 cleared
[INFO|CRAWLER.py] 2020-11-13 14:14:28,904 > CRP7689-01-00 cleared
[INFO|CRAWLER.py] 2020-11-13 14:14:31,583 > 15 rows in 16-30 of 187
[INFO|CRAWLER.py] 2020-11-13 14:14:33,756 > ECO7501-01-00 cleared
[INFO|CRAWLER.py] 2020-11-13 14:14:35,822 > ECO8792-01-00 cleared
[INFO|CRAWLER.py] 2020-11-13 14:14:37,910 > EEE5320-01-00 cleared
[INFO|CRAWLER.py] 2020-11-13 14:14:40,038 > EEE5720-01-00 cleared
[INFO|CRAWLER.py] 2020-11-13 14:14:42,601 > 15 rows in 31-45 of 187
[INFO|CRAWLER.py] 2020-11-13 14:14:44,759 > EEE6502-01-00 cleared
[INFO|CRAWLER.py] 2020-11-13 14:14:47,521 > 15 rows in 46-60 of 187
[INFO|CRAWLER.py] 2020-11-13 14:14:49,720 > EEE7501-01-00 cleared
[INFO|CRAWLER.py] 2020-11-13 14:14:51,788 > EEE7732-01-00 cleared
[INFO|CRAWLER.py] 2020-11-13 14:14:54,456 > 15 rows in 61-75 of 187
[INFO|CRAWLER.py] 2020-11-13 14:14:56,527 > EEE8122-01-00 cleared
[INFO|CRAWLER.py] 2020-11-13 14:14:58,598 > EEE8205-01-00 cleared
[INFO|CRAWLER.py] 2020-11-13 14:15:00,648 > EEE8206-01-00 cleared
[INFO|CRAWLER.py] 2020-11-13 14:15:02,723 > EEE8404-01-00 cleared
[INFO|CRAWLER.py] 2020-11-13 14:15:04,796 > EEE8720-01-00 cleared
[INFO|CRAWLER.py] 2020-11-13 14:15:06,895 > ELL6351-01-00 cleared
[INFO|CRAWLER.py] 2020-11-13 14:15:08,945 > ELL6411-01-00 cleared
[INFO|CRAWLER.py] 2020-11-13 14:15:21,502 > ELL6427-01-00 cleared
[INFO|CRAWLER.py] 2020-11-13 14:15:23,554 > ELL7235-01-00 cleared
[INFO|CRAWLER.py] 2020-11-13 14:15:26,137 > 15 rows in 76-90 of 187
[INFO|CRAWLER.py] 2020-11-13 14:15:28,190 > ELL8215-01-00 cleared
[INFO|CRAWLER.py] 2020-11-13 14:15:30,416 > ISC6022-01-00 cleared
[INFO|CRAWLER.py] 2020-11-13 14:15:32,468 > ISC6062-01-00 cleared
[INFO|CRAWLER.py] 2020-11-13 14:15:34,519 > ISC6092-01-00 cleared
[INFO|CRAWLER.py] 2020-11-13 14:15:36,633 > ISC6124-01-00 cleared
[INFO|CRAWLER.py] 2020-11-13 14:15:39,197 > 15 rows in 91-105 of 187
[INFO|CRAWLER.py] 2020-11-13 14:15:41,242 > ISC6126-01-00 cleared
[INFO|CRAWLER.py] 2020-11-13 14:15:43,315 > ISC6140-01-00 cleared
[INFO|CRAWLER.py] 2020-11-13 14:15:45,363 > ISC6141-01-00 cleared
[INFO|CRAWLER.py] 2020-11-13 14:15:47,481 > ISF6023-01-00 cleared
[INFO|CRAWLER.py] 2020-11-13 14:15:49,527 > ISF6036-01-00 cleared
[INFO|CRAWLER.py] 2020-11-13 14:15:51,568 > ISF6037-01-00 cleared
[INFO|CRAWLER.py] 2020-11-13 14:15:53,614 > ISK6001-01-00 cleared
[INFO|CRAWLER.py] 2020-11-13 14:15:55,663 > ISK6006-01-00 cleared
[INFO|CRAWLER.py] 2020-11-13 14:15:57,753 > KOR5001-01-00 cleared
[INFO|CRAWLER.py] 2020-11-13 14:16:00,314 > 15 rows in 106-120 of 187
[INFO|CRAWLER.py] 2020-11-13 14:16:02,402 > KOR6036-01-00 cleared
[INFO|CRAWLER.py] 2020-11-13 14:16:04,471 > KOR6202-01-00 cleared
[INFO|CRAWLER.py] 2020-11-13 14:16:06,523 > KOR6207-01-00 cleared
[INFO|CRAWLER.py] 2020-11-13 14:16:08,589 > KOR7154-01-00 cleared
[INFO|CRAWLER.py] 2020-11-13 14:16:10,633 > KOR7213-01-00 cleared
[INFO|CRAWLER.py] 2020-11-13 14:16:12,724 > KOR7315-01-00 cleared
[INFO|CRAWLER.py] 2020-11-13 14:16:14,796 > KOR8521-01-00 cleared
[INFO|CRAWLER.py] 2020-11-13 14:16:17,384 > 15 rows in 121-135 of 187
[INFO|CRAWLER.py] 2020-11-13 14:16:19,455 > LSB7003-01-00 cleared
[INFO|CRAWLER.py] 2020-11-13 14:16:21,602 > MAT6250-01-00 cleared
[INFO|CRAWLER.py] 2020-11-13 14:16:24,371 > 15 rows in 136-150 of 187
[INFO|CRAWLER.py] 2020-11-13 14:16:26,450 > MEU5021-01-00 cleared
[INFO|CRAWLER.py] 2020-11-13 14:16:28,543 > MSE8190-01-00 cleared
[INFO|CRAWLER.py] 2020-11-13 14:16:30,592 > MSE8480-01-00 cleared
[INFO|CRAWLER.py] 2020-11-13 14:16:32,692 > PHY6060-01-00 cleared
[INFO|CRAWLER.py] 2020-11-13 14:16:34,851 > POL6168-01-00 cleared
[INFO|CRAWLER.py] 2020-11-13 14:16:37,414 > 15 rows in 151-165 of 187
[INFO|CRAWLER.py] 2020-11-13 14:16:39,466 > POL6200-01-00 cleared
[INFO|CRAWLER.py] 2020-11-13 14:16:41,512 > POL7104-01-00 cleared
[INFO|CRAWLER.py] 2020-11-13 14:16:43,716 > YJD6209-01-00 cleared
[INFO|CRAWLER.py] 2020-11-13 14:16:45,851 > YJD6504-01-00 cleared
[INFO|CRAWLER.py] 2020-11-13 14:16:48,410 > 15 rows in 166-180 of 187
[INFO|CRAWLER.py] 2020-11-13 14:16:50,528 > YJD6802-01-00 cleared
[INFO|CRAWLER.py] 2020-11-13 14:16:52,625 > YJD6805-01-00 cleared
[INFO|CRAWLER.py] 2020-11-13 14:16:54,678 > YJD6807-01-00 cleared
[INFO|CRAWLER.py] 2020-11-13 14:16:56,856 > YJD7620-01-00 cleared
[INFO|CRAWLER.py] 2020-11-13 14:16:59,404 > 7 rows in 181-187 of 187
[INFO|CRAWLER.py] 2020-11-13 14:17:01,451 > YJD7706-01-00 cleared
[INFO|CRAWLER.py] 2020-11-13 14:17:03,524 > YJD7718-01-00 cleared
[INFO|CRAWLER.py] 2020-11-13 14:17:05,571 > YJD7721-01-00 cleared
[INFO|CRAWLER.py] 2020-11-13 14:17:07,643 > YJD7945-01-00 cleared
[INFO|CRAWLER.py] 2020-11-13 14:17:09,710 > Graduate 탐색 완료
[INFO|CRAWLER.py] 2020-11-13 14:17:09,710 > 20162-Study Abroad Course-Korean Language 수집 시작
[INFO|CRAWLER.py] 2020-11-13 14:17:10,337 > 7 rows in 1-7 of 7
[INFO|CRAWLER.py] 2020-11-13 14:17:10,361 > 유의사항 기준 탐색 완료
[INFO|CRAWLER.py] 2020-11-13 14:17:10,877 > 7 rows in 1-7 of 7
[INFO|CRAWLER.py] 2020-11-13 14:17:13,041 > KLI1001-02-00 cleared
[INFO|CRAWLER.py] 2020-11-13 14:17:15,129 > KLI1002-01-00 cleared
[INFO|CRAWLER.py] 2020-11-13 14:17:17,206 > KLI1003-01-00 cleared
[INFO|CRAWLER.py] 2020-11-13 14:17:19,272 > KLI1004-01-00 cleared
[INFO|CRAWLER.py] 2020-11-13 14:17:31,885 > KLI1005-01-00 cleared
[INFO|CRAWLER.py] 2020-11-13 14:17:33,941 > KLI1006-01-00 cleared
[INFO|CRAWLER.py] 2020-11-13 14:17:35,968 > Korean Language 탐색 완료
[INFO|CRAWLER.py] 2020-11-13 14:17:35,969 > Study Abroad Course 수집 완료
[INFO|CRAWLER.py] 2020-11-13 14:17:35,969 > 20162-교직과정-교직과정 수집 시작
[INFO|CRAWLER.py] 2020-11-13 14:17:36,606 > 15 rows in 1-15 of 29
[INFO|CRAWLER.py] 2020-11-13 14:17:36,636 > 유의사항 기준 탐색 완료
[INFO|CRAWLER.py] 2020-11-13 14:17:37,152 > 15 rows in 1-15 of 29
[INFO|CRAWLER.py] 2020-11-13 14:17:39,233 > TTP2008-01-00 cleared
[INFO|CRAWLER.py] 2020-11-13 14:17:41,318 > TTP2009-01-00 cleared
[INFO|CRAWLER.py] 2020-11-13 14:17:43,412 > TTP2001-01-00 cleared
[INFO|CRAWLER.py] 2020-11-13 14:17:45,471 > TTP2001-02-00 cleared
[INFO|CRAWLER.py] 2020-11-13 14:17:47,544 > TTP2002-01-00 cleared
[INFO|CRAWLER.py] 2020-11-13 14:17:49,603 > TTP2002-02-00 cleared
[INFO|CRAWLER.py] 2020-11-13 14:17:51,660 > TTP2004-01-00 cleared
[INFO|CRAWLER.py] 2020-11-13 14:17:53,716 > TTP2004-02-00 cleared
[INFO|CRAWLER.py] 2020-11-13 14:17:55,775 > TTP2005-01-00 cleared
[INFO|CRAWLER.py] 2020-11-13 14:17:57,850 > TTP2005-02-00 cleared
[INFO|CRAWLER.py] 2020-11-13 14:17:59,926 > TTP2006-01-00 cleared
[INFO|CRAWLER.py] 2020-11-13 14:18:02,006 > TTP2006-02-00 cleared
[INFO|CRAWLER.py] 2020-11-13 14:18:04,098 > TTP2007-01-00 cleared
[INFO|CRAWLER.py] 2020-11-13 14:18:06,180 > TTP2007-02-00 cleared
[INFO|CRAWLER.py] 2020-11-13 14:18:08,251 > TTP2010-01-00 cleared
[INFO|CRAWLER.py] 2020-11-13 14:18:10,815 > 14 rows in 16-29 of 29
[INFO|CRAWLER.py] 2020-11-13 14:18:12,869 > TTP2011-01-00 cleared
[INFO|CRAWLER.py] 2020-11-13 14:18:14,929 > TTP2012-01-00 cleared
[INFO|CRAWLER.py] 2020-11-13 14:18:16,991 > TTP2012-02-00 cleared
[INFO|CRAWLER.py] 2020-11-13 14:18:19,065 > TTP2013-01-00 cleared
[INFO|CRAWLER.py] 2020-11-13 14:18:19,094 > TTP4001-01-00: 중복된 강의 객체. caution 수집 완료
[INFO|CRAWLER.py] 2020-11-13 14:18:21,269 > TTP4008-01-00 cleared
[INFO|CRAWLER.py] 2020-11-13 14:18:23,346 > TTP4008-02-00 cleared
[INFO|CRAWLER.py] 2020-11-13 14:18:25,432 > TTP4100-01-00 cleared
[INFO|CRAWLER.py] 2020-11-13 14:18:27,492 > TTP4100-02-00 cleared
[INFO|CRAWLER.py] 2020-11-13 14:18:29,530 > 교직과정 탐색 완료
[INFO|CRAWLER.py] 2020-11-13 14:18:29,530 > 교직과정 수집 완료
[INFO|CRAWLER.py] 2020-11-13 14:18:29,530 > 20162-국내교환대학-이화여자대학교 수집 시작
[INFO|CRAWLER.py] 2020-11-13 14:18:30,164 > 0 rows in 1-0 of 0
[INFO|CRAWLER.py] 2020-11-13 14:18:40,693 > No caution link in 0th row
[INFO|CRAWLER.py] 2020-11-13 14:18:41,199 > 0 rows in 1-0 of 0
[INFO|CRAWLER.py] 2020-11-13 14:18:41,199 > No caution in pages
[INFO|CRAWLER.py] 2020-11-13 14:18:41,717 > 0 rows in 1-0 of 0
[INFO|CRAWLER.py] 2020-11-13 14:18:43,739 > 이화여자대학교 탐색 완료
[INFO|CRAWLER.py] 2020-11-13 14:18:43,739 > 20162-국내교환대학-서강대학교 수집 시작
[INFO|CRAWLER.py] 2020-11-13 14:18:44,326 > 0 rows in 1-0 of 0
[INFO|CRAWLER.py] 2020-11-13 14:18:54,861 > No caution link in 0th row
[INFO|CRAWLER.py] 2020-11-13 14:18:55,372 > 0 rows in 1-0 of 0
[INFO|CRAWLER.py] 2020-11-13 14:18:55,372 > No caution in pages
[INFO|CRAWLER.py] 2020-11-13 14:18:55,891 > 0 rows in 1-0 of 0
[INFO|CRAWLER.py] 2020-11-13 14:18:57,914 > 서강대학교 탐색 완료
[INFO|CRAWLER.py] 2020-11-13 14:18:57,914 > 20162-국내교환대학-고려대학교 수집 시작
[INFO|CRAWLER.py] 2020-11-13 14:18:58,539 > 0 rows in 1-0 of 0
[INFO|CRAWLER.py] 2020-11-13 14:19:09,076 > No caution link in 0th row
[INFO|CRAWLER.py] 2020-11-13 14:19:09,582 > 0 rows in 1-0 of 0
[INFO|CRAWLER.py] 2020-11-13 14:19:09,583 > No caution in pages
[INFO|CRAWLER.py] 2020-11-13 14:19:10,099 > 0 rows in 1-0 of 0
[INFO|CRAWLER.py] 2020-11-13 14:19:12,119 > 고려대학교 탐색 완료
[INFO|CRAWLER.py] 2020-11-13 14:19:12,119 > 국내교환대학 수집 완료
[INFO|CRAWLER.py] 2020-11-13 14:19:12,119 > 20162-공통-창업,현장실습 수집 시작
[INFO|CRAWLER.py] 2020-11-13 14:19:12,730 > 0 rows in 1-0 of 0
[INFO|CRAWLER.py] 2020-11-13 14:19:23,262 > No caution link in 0th row
[INFO|CRAWLER.py] 2020-11-13 14:19:23,768 > 0 rows in 1-0 of 0
[INFO|CRAWLER.py] 2020-11-13 14:19:23,768 > No caution in pages
[INFO|CRAWLER.py] 2020-11-13 14:19:24,283 > 0 rows in 1-0 of 0
[INFO|CRAWLER.py] 2020-11-13 14:19:26,305 > 창업,현장실습 탐색 완료
[INFO|CRAWLER.py] 2020-11-13 14:19:26,305 > 공통 수집 완료
[INFO|CRAWLER.py] 2020-11-13 14:19:26,306 > FINISHED_LECT_OBJs에 20162-SPECIALS 전부 등록 완료
