[INFO|CRAWLER.py] 2020-11-13 21:27:50,586 > 작업완료된 강의 객체 목록 다운로드 시작
[INFO|CRAWLER.py] 2020-11-13 21:27:52,940 > 작업완료된 강의 객체 목록 다운로드 완료
[INFO|CRAWLER.py] 2020-11-13 21:27:57,701 > 20162-공통기초(10~18학번)-채플 수집 시작
[INFO|CRAWLER.py] 2020-11-13 21:27:58,341 > 10 rows in 1-10 of 10
[INFO|CRAWLER.py] 2020-11-13 21:27:58,371 > 유의사항 기준 탐색 완료
[INFO|CRAWLER.py] 2020-11-13 21:27:58,892 > 10 rows in 1-10 of 10
[INFO|CRAWLER.py] 2020-11-13 21:28:01,063 > YCA1004-01-00 cleared
[INFO|CRAWLER.py] 2020-11-13 21:28:03,323 > YCA1004-02-00 cleared
[INFO|CRAWLER.py] 2020-11-13 21:28:05,524 > YCA1004-03-00 cleared
[INFO|CRAWLER.py] 2020-11-13 21:28:07,822 > YCA1004-04-00 cleared
[INFO|CRAWLER.py] 2020-11-13 21:28:10,098 > YCA1004-05-00 cleared
[INFO|CRAWLER.py] 2020-11-13 21:28:12,259 > YCA1008-01-00 cleared
[INFO|CRAWLER.py] 2020-11-13 21:28:14,503 > YCA1008-02-00 cleared
[INFO|CRAWLER.py] 2020-11-13 21:28:16,705 > YCA1008-03-00 cleared
[INFO|CRAWLER.py] 2020-11-13 21:28:19,020 > YCA1008-04-00 cleared
[INFO|CRAWLER.py] 2020-11-13 21:28:21,356 > YCA1008-05-00 cleared
[INFO|CRAWLER.py] 2020-11-13 21:28:23,380 > 채플 탐색 완료
[INFO|CRAWLER.py] 2020-11-13 21:28:23,381 > 20162-공통기초(10~18학번)-기독교의이해 수집 시작
[INFO|CRAWLER.py] 2020-11-13 21:28:24,002 > 5 rows in 1-5 of 5
[INFO|CRAWLER.py] 2020-11-13 21:28:24,027 > 유의사항 기준 탐색 완료
[INFO|CRAWLER.py] 2020-11-13 21:28:24,545 > 5 rows in 1-5 of 5
[INFO|CRAWLER.py] 2020-11-13 21:28:26,619 > YCA1101-11-00 cleared
[INFO|CRAWLER.py] 2020-11-13 21:28:28,689 > YCA1101-12-00 cleared
[INFO|CRAWLER.py] 2020-11-13 21:28:30,788 > YCA1102-14-00 cleared
[INFO|CRAWLER.py] 2020-11-13 21:28:32,853 > YCA1102-15-00 cleared
[INFO|CRAWLER.py] 2020-11-13 21:28:34,915 > YCA1103-05-00 cleared
[INFO|CRAWLER.py] 2020-11-13 21:28:36,937 > 기독교의이해 탐색 완료
[INFO|CRAWLER.py] 2020-11-13 21:28:36,937 > 20162-공통기초(10~18학번)-대학영어 수집 시작
[INFO|CRAWLER.py] 2020-11-13 21:28:37,529 > 15 rows in 1-15 of 22
[INFO|CRAWLER.py] 2020-11-13 21:28:37,552 > 유의사항 기준 탐색 완료
[INFO|CRAWLER.py] 2020-11-13 21:28:38,068 > 15 rows in 1-15 of 22
[INFO|CRAWLER.py] 2020-11-13 21:28:40,122 > YCC1001-05-00 cleared
[INFO|CRAWLER.py] 2020-11-13 21:28:42,170 > YCC1001-06-00 cleared
[INFO|CRAWLER.py] 2020-11-13 21:28:54,765 > YCC1001-07-00 cleared
[INFO|CRAWLER.py] 2020-11-13 21:28:56,827 > YCC1002-09-00 cleared
[INFO|CRAWLER.py] 2020-11-13 21:28:58,881 > YCC1002-10-00 cleared
[INFO|CRAWLER.py] 2020-11-13 21:29:00,934 > YCC1002-11-00 cleared
[INFO|CRAWLER.py] 2020-11-13 21:29:02,992 > YCC1002-12-00 cleared
[INFO|CRAWLER.py] 2020-11-13 21:29:05,047 > YCC1002-13-00 cleared
[INFO|CRAWLER.py] 2020-11-13 21:29:07,124 > YCC1002-15-00 cleared
[INFO|CRAWLER.py] 2020-11-13 21:29:09,185 > YCC1101-38-00 cleared
[INFO|CRAWLER.py] 2020-11-13 21:29:11,242 > YCC1101-39-00 cleared
[INFO|CRAWLER.py] 2020-11-13 21:29:13,298 > YCC1101-40-00 cleared
[INFO|CRAWLER.py] 2020-11-13 21:29:15,370 > YCC1101-41-00 cleared
[INFO|CRAWLER.py] 2020-11-13 21:29:17,430 > YCC1102-43-00 cleared
[INFO|CRAWLER.py] 2020-11-13 21:29:20,006 > 7 rows in 16-22 of 22
[INFO|CRAWLER.py] 2020-11-13 21:29:22,080 > YCC1102-44-00 cleared
[INFO|CRAWLER.py] 2020-11-13 21:29:24,156 > YCC1102-45-00 cleared
[INFO|CRAWLER.py] 2020-11-13 21:29:26,222 > YCC1102-46-00 cleared
[INFO|CRAWLER.py] 2020-11-13 21:29:28,278 > YCC1201-26-00 cleared
[INFO|CRAWLER.py] 2020-11-13 21:29:30,323 > YCC1201-99-00 cleared
[INFO|CRAWLER.py] 2020-11-13 21:29:32,395 > YCC1202-29-00 cleared
[INFO|CRAWLER.py] 2020-11-13 21:29:34,439 > YCC1202-99-00 cleared
[INFO|CRAWLER.py] 2020-11-13 21:29:36,473 > 대학영어 탐색 완료
[INFO|CRAWLER.py] 2020-11-13 21:29:36,473 > 20162-공통기초(10~18학번)-글쓰기 수집 시작
[INFO|CRAWLER.py] 2020-11-13 21:29:37,105 > 15 rows in 1-15 of 17
[INFO|CRAWLER.py] 2020-11-13 21:29:37,129 > 유의사항 기준 탐색 완료
[INFO|CRAWLER.py] 2020-11-13 21:29:37,646 > 15 rows in 1-15 of 17
[INFO|CRAWLER.py] 2020-11-13 21:29:39,697 > YCB1101-68-00 cleared
[INFO|CRAWLER.py] 2020-11-13 21:29:41,753 > YCB1101-69-00 cleared
[INFO|CRAWLER.py] 2020-11-13 21:29:43,805 > YCB1101-70-00 cleared
[INFO|CRAWLER.py] 2020-11-13 21:29:56,364 > YCB1101-71-00 cleared
[INFO|CRAWLER.py] 2020-11-13 21:29:58,434 > YCB1101-72-00 cleared
[INFO|CRAWLER.py] 2020-11-13 21:30:00,488 > YCB1101-73-00 cleared
[INFO|CRAWLER.py] 2020-11-13 21:30:02,545 > YCB1101-74-00 cleared
[INFO|CRAWLER.py] 2020-11-13 21:30:04,654 > YCB1101-75-00 cleared
[INFO|CRAWLER.py] 2020-11-13 21:30:06,714 > YCB1101-76-00 cleared
[INFO|CRAWLER.py] 2020-11-13 21:30:08,775 > YCB1101-77-00 cleared
[INFO|CRAWLER.py] 2020-11-13 21:30:21,402 > YCB1101-78-00 cleared
[INFO|CRAWLER.py] 2020-11-13 21:30:23,454 > YCB1101-79-00 cleared
[INFO|CRAWLER.py] 2020-11-13 21:30:25,519 > YCB1101-80-00 cleared
[INFO|CRAWLER.py] 2020-11-13 21:30:27,578 > YCB1101-81-00 cleared
[INFO|CRAWLER.py] 2020-11-13 21:30:29,633 > YCB1101-82-00 cleared
[INFO|CRAWLER.py] 2020-11-13 21:30:32,196 > 2 rows in 16-17 of 17
[INFO|CRAWLER.py] 2020-11-13 21:30:34,255 > YCB1101-83-00 cleared
[INFO|CRAWLER.py] 2020-11-13 21:30:36,400 > YCB1101-84-00 cleared
[INFO|CRAWLER.py] 2020-11-13 21:30:38,426 > 글쓰기 탐색 완료
[INFO|CRAWLER.py] 2020-11-13 21:30:38,426 > 공통기초(10~18학번) 수집 완료
[INFO|CRAWLER.py] 2020-11-13 21:30:38,427 > 20162-필수교양(10~18학번)-문학과예술 수집 시작
[INFO|CRAWLER.py] 2020-11-13 21:30:39,067 > 15 rows in 1-15 of 17
[INFO|CRAWLER.py] 2020-11-13 21:30:39,121 > 유의사항 기준 탐색 완료
[INFO|CRAWLER.py] 2020-11-13 21:30:39,637 > 15 rows in 1-15 of 17
[INFO|CRAWLER.py] 2020-11-13 21:30:41,698 > UCB1107-01-00 cleared
[INFO|CRAWLER.py] 2020-11-13 21:30:43,791 > UCB1110-01-00 cleared
[INFO|CRAWLER.py] 2020-11-13 21:30:45,992 > UCE1105-01-00 cleared
[INFO|CRAWLER.py] 2020-11-13 21:30:48,139 > UCE1105-02-00 cleared
[INFO|CRAWLER.py] 2020-11-13 21:30:50,258 > UCE1107-01-00 cleared
[INFO|CRAWLER.py] 2020-11-13 21:30:52,358 > UCE1108-01-00 cleared
[INFO|CRAWLER.py] 2020-11-13 21:30:54,428 > UCG1126-01-00 cleared
[INFO|CRAWLER.py] 2020-11-13 21:30:56,500 > YCD1001-01-00 cleared
[INFO|CRAWLER.py] 2020-11-13 21:30:58,572 > YCD1102-01-00 cleared
[INFO|CRAWLER.py] 2020-11-13 21:31:00,652 > YCD1104-01-00 cleared
[INFO|CRAWLER.py] 2020-11-13 21:31:02,751 > YCD1601-01-00 cleared
[INFO|CRAWLER.py] 2020-11-13 21:31:04,911 > YCD1602-01-00 cleared
[INFO|CRAWLER.py] 2020-11-13 21:31:07,063 > YCD1653-01-00 cleared
[INFO|CRAWLER.py] 2020-11-13 21:31:09,134 > YCD1999-01-00 cleared
[INFO|CRAWLER.py] 2020-11-13 21:31:21,741 > YCD1999-02-00 cleared
[INFO|CRAWLER.py] 2020-11-13 21:31:24,303 > 2 rows in 16-17 of 17
[INFO|CRAWLER.py] 2020-11-13 21:31:26,369 > YCD1999-06-00 cleared
[INFO|CRAWLER.py] 2020-11-13 21:31:28,428 > YCD1999-07-00 cleared
[INFO|CRAWLER.py] 2020-11-13 21:31:30,455 > 문학과예술 탐색 완료
[INFO|CRAWLER.py] 2020-11-13 21:31:30,455 > 20162-필수교양(10~18학번)-인간과역사 수집 시작
[INFO|CRAWLER.py] 2020-11-13 21:31:31,080 > 15 rows in 1-15 of 18
[INFO|CRAWLER.py] 2020-11-13 21:31:41,621 > No caution link in 0th row
[INFO|CRAWLER.py] 2020-11-13 21:31:42,128 > 15 rows in 1-15 of 18
[INFO|CRAWLER.py] 2020-11-13 21:31:42,154 > 유의사항 기준 탐색 완료
[INFO|CRAWLER.py] 2020-11-13 21:31:42,670 > 15 rows in 1-15 of 18
[INFO|CRAWLER.py] 2020-11-13 21:31:42,732 > CFS2104-01-00: 중복된 강의 객체. caution 수집 완료
[INFO|CRAWLER.py] 2020-11-13 21:31:42,774 > PSY2103-01-00: 중복된 강의 객체. caution 수집 완료
[INFO|CRAWLER.py] 2020-11-13 21:31:44,857 > UCB1101-01-00 cleared
[INFO|CRAWLER.py] 2020-11-13 21:31:46,939 > UCB1103-01-00 cleared
[INFO|CRAWLER.py] 2020-11-13 21:31:49,099 > UCB1105-01-00 cleared
[INFO|CRAWLER.py] 2020-11-13 21:31:51,276 > UCD1102-01-00 cleared
[INFO|CRAWLER.py] 2020-11-13 21:31:53,402 > UCD1102-02-00 cleared
[INFO|CRAWLER.py] 2020-11-13 21:31:55,505 > UCD1107-01-00 cleared
[INFO|CRAWLER.py] 2020-11-13 21:31:57,634 > UCE1102-01-00 cleared
[INFO|CRAWLER.py] 2020-11-13 21:31:59,744 > YCE1102-01-00 cleared
[INFO|CRAWLER.py] 2020-11-13 21:32:01,815 > YCE1103-01-00 cleared
[INFO|CRAWLER.py] 2020-11-13 21:32:03,896 > YCE1105-01-00 cleared
[INFO|CRAWLER.py] 2020-11-13 21:32:05,962 > YCE1254-01-00 cleared
[INFO|CRAWLER.py] 2020-11-13 21:32:08,032 > YCE1255-01-00 cleared
[INFO|CRAWLER.py] 2020-11-13 21:32:10,585 > 3 rows in 16-18 of 18
[INFO|CRAWLER.py] 2020-11-13 21:32:12,764 > YCE1551-01-00 cleared
[INFO|CRAWLER.py] 2020-11-13 21:32:14,933 > YCE1605-01-00 cleared
[INFO|CRAWLER.py] 2020-11-13 21:32:17,055 > YCE1999-01-00 cleared
[INFO|CRAWLER.py] 2020-11-13 21:32:19,083 > 인간과역사 탐색 완료
[INFO|CRAWLER.py] 2020-11-13 21:32:19,084 > 20162-필수교양(10~18학번)-언어와표현 수집 시작
[INFO|CRAWLER.py] 2020-11-13 21:32:19,702 > 15 rows in 1-15 of 56
[INFO|CRAWLER.py] 2020-11-13 21:32:19,729 > 유의사항 기준 탐색 완료
[INFO|CRAWLER.py] 2020-11-13 21:32:20,245 > 15 rows in 1-15 of 56
[INFO|CRAWLER.py] 2020-11-13 21:32:22,329 > UCB1109-01-00 cleared
[INFO|CRAWLER.py] 2020-11-13 21:32:24,466 > YCF1201-01-00 cleared
[INFO|CRAWLER.py] 2020-11-13 21:32:26,530 > YCF1201-02-00 cleared
[INFO|CRAWLER.py] 2020-11-13 21:32:28,589 > YCF1201-03-00 cleared
[INFO|CRAWLER.py] 2020-11-13 21:32:30,649 > YCF1201-04-00 cleared
[INFO|CRAWLER.py] 2020-11-13 21:32:32,709 > YCF1201-05-00 cleared
[INFO|CRAWLER.py] 2020-11-13 21:32:34,781 > YCF1201-06-00 cleared
[INFO|CRAWLER.py] 2020-11-13 21:32:36,877 > YCF1202-01-00 cleared
[INFO|CRAWLER.py] 2020-11-13 21:32:38,942 > YCF1202-02-00 cleared
[INFO|CRAWLER.py] 2020-11-13 21:32:41,026 > YCF1203-01-00 cleared
[INFO|CRAWLER.py] 2020-11-13 21:32:43,157 > YCF1301-01-00 cleared
[INFO|CRAWLER.py] 2020-11-13 21:32:45,273 > YCF1301-02-00 cleared
[INFO|CRAWLER.py] 2020-11-13 21:32:47,373 > YCF1301-03-00 cleared
[INFO|CRAWLER.py] 2020-11-13 21:32:49,443 > YCF1302-01-00 cleared
[INFO|CRAWLER.py] 2020-11-13 21:32:51,503 > YCF1302-02-00 cleared
[INFO|CRAWLER.py] 2020-11-13 21:32:54,091 > 15 rows in 16-30 of 56
[INFO|CRAWLER.py] 2020-11-13 21:32:56,156 > YCF1302-03-00 cleared
[INFO|CRAWLER.py] 2020-11-13 21:32:58,229 > YCF1303-01-00 cleared
[INFO|CRAWLER.py] 2020-11-13 21:33:10,804 > YCF1303-02-00 cleared
[INFO|CRAWLER.py] 2020-11-13 21:33:12,904 > YCF1351-01-00 cleared
[INFO|CRAWLER.py] 2020-11-13 21:33:14,978 > YCF1351-02-00 cleared
[INFO|CRAWLER.py] 2020-11-13 21:33:17,054 > YCF1351-03-00 cleared
[INFO|CRAWLER.py] 2020-11-13 21:33:19,115 > YCF1351-04-00 cleared
[INFO|CRAWLER.py] 2020-11-13 21:33:21,224 > YCF1352-01-00 cleared
[INFO|CRAWLER.py] 2020-11-13 21:33:23,306 > YCF1352-02-00 cleared
[INFO|CRAWLER.py] 2020-11-13 21:33:25,397 > YCF1352-03-00 cleared
[INFO|CRAWLER.py] 2020-11-13 21:33:27,454 > YCF1353-01-00 cleared
[INFO|CRAWLER.py] 2020-11-13 21:33:29,545 > YCF1402-01-00 cleared
[INFO|CRAWLER.py] 2020-11-13 21:33:31,659 > YCF1403-01-00 cleared
[INFO|CRAWLER.py] 2020-11-13 21:33:34,291 > 15 rows in 31-45 of 56
[INFO|CRAWLER.py] 2020-11-13 21:33:36,357 > YCF1406-01-00 cleared
[INFO|CRAWLER.py] 2020-11-13 21:33:38,419 > YCF1407-01-00 cleared
[INFO|CRAWLER.py] 2020-11-13 21:33:40,495 > YCF1451-01-00 cleared
[INFO|CRAWLER.py] 2020-11-13 21:33:42,604 > YCF1451-02-00 cleared
[INFO|CRAWLER.py] 2020-11-13 21:33:44,667 > YCF1452-01-00 cleared
[INFO|CRAWLER.py] 2020-11-13 21:33:46,721 > YCF1453-01-00 cleared
[INFO|CRAWLER.py] 2020-11-13 21:33:48,786 > YCF1501-01-00 cleared
[INFO|CRAWLER.py] 2020-11-13 21:33:50,915 > YCF1501-02-00 cleared
[INFO|CRAWLER.py] 2020-11-13 21:33:53,029 > YCF1502-01-00 cleared
[INFO|CRAWLER.py] 2020-11-13 21:33:55,117 > YCF1502-02-00 cleared
[INFO|CRAWLER.py] 2020-11-13 21:33:57,180 > YCF1503-01-00 cleared
[INFO|CRAWLER.py] 2020-11-13 21:33:59,235 > YCF1551-01-00 cleared
[INFO|CRAWLER.py] 2020-11-13 21:34:01,318 > YCF1551-02-00 cleared
[INFO|CRAWLER.py] 2020-11-13 21:34:13,881 > YCF1552-01-00 cleared
[INFO|CRAWLER.py] 2020-11-13 21:34:26,466 > YCF1553-01-00 cleared
[INFO|CRAWLER.py] 2020-11-13 21:34:29,047 > 11 rows in 46-56 of 56
[INFO|CRAWLER.py] 2020-11-13 21:34:31,107 > YCF1601-01-00 cleared
[INFO|CRAWLER.py] 2020-11-13 21:34:33,170 > YCF1602-01-00 cleared
[INFO|CRAWLER.py] 2020-11-13 21:34:35,254 > YCF1603-01-00 cleared
[INFO|CRAWLER.py] 2020-11-13 21:34:37,381 > YCF1603-02-00 cleared
[INFO|CRAWLER.py] 2020-11-13 21:34:39,452 > YCF1604-01-00 cleared
[INFO|CRAWLER.py] 2020-11-13 21:34:41,548 > YCF1605-01-00 cleared
[INFO|CRAWLER.py] 2020-11-13 21:34:43,604 > YCF1606-01-00 cleared
[INFO|CRAWLER.py] 2020-11-13 21:34:45,685 > YCF1607-01-00 cleared
[INFO|CRAWLER.py] 2020-11-13 21:34:47,788 > YCF1651-01-00 cleared
[INFO|CRAWLER.py] 2020-11-13 21:34:49,912 > YCF1652-01-00 cleared
[INFO|CRAWLER.py] 2020-11-13 21:34:52,015 > YCF1652-02-00 cleared
[INFO|CRAWLER.py] 2020-11-13 21:34:54,061 > 언어와표현 탐색 완료
[INFO|CRAWLER.py] 2020-11-13 21:34:54,061 > 20162-필수교양(10~18학번)-가치와윤리 수집 시작
[INFO|CRAWLER.py] 2020-11-13 21:34:54,686 > 15 rows in 1-15 of 18
[INFO|CRAWLER.py] 2020-11-13 21:34:54,709 > 유의사항 기준 탐색 완료
[INFO|CRAWLER.py] 2020-11-13 21:34:55,224 > 15 rows in 1-15 of 18
[INFO|CRAWLER.py] 2020-11-13 21:34:55,263 > PHI1002-01-00: 중복된 강의 객체. caution 수집 완료
[INFO|CRAWLER.py] 2020-11-13 21:34:57,441 > UCB1104-01-00 cleared
[INFO|CRAWLER.py] 2020-11-13 21:34:59,497 > YCG1002-01-01 cleared
[INFO|CRAWLER.py] 2020-11-13 21:35:01,554 > YCG1002-01-02 cleared
[INFO|CRAWLER.py] 2020-11-13 21:35:03,607 > YCG1002-01-03 cleared
[INFO|CRAWLER.py] 2020-11-13 21:35:05,664 > YCG1002-01-04 cleared
[INFO|CRAWLER.py] 2020-11-13 21:35:18,228 > YCG1002-01-05 cleared
[INFO|CRAWLER.py] 2020-11-13 21:35:20,330 > YCG1002-01-06 cleared
[INFO|CRAWLER.py] 2020-11-13 21:35:22,382 > YCG1002-01-07 cleared
[INFO|CRAWLER.py] 2020-11-13 21:35:34,945 > YCG1002-01-08 cleared
[INFO|CRAWLER.py] 2020-11-13 21:35:47,546 > YCG1002-01-09 cleared
[INFO|CRAWLER.py] 2020-11-13 21:35:49,603 > YCG1002-01-10 cleared
[INFO|CRAWLER.py] 2020-11-13 21:35:51,695 > YCG1004-01-00 cleared
[INFO|CRAWLER.py] 2020-11-13 21:35:53,762 > YCG1102-01-00 cleared
[INFO|CRAWLER.py] 2020-11-13 21:35:56,083 > YCG1801-01-00 cleared
[INFO|CRAWLER.py] 2020-11-13 21:35:58,649 > 3 rows in 16-18 of 18
[INFO|CRAWLER.py] 2020-11-13 21:36:00,862 > YCG1804-01-00 cleared
[INFO|CRAWLER.py] 2020-11-13 21:36:03,035 > YCG1852-01-00 cleared
[INFO|CRAWLER.py] 2020-11-13 21:36:05,117 > YCG1999-01-00 cleared
[INFO|CRAWLER.py] 2020-11-13 21:36:07,151 > 가치와윤리 탐색 완료
[INFO|CRAWLER.py] 2020-11-13 21:36:07,151 > 20162-필수교양(10~18학번)-국가와사회공동체 수집 시작
[INFO|CRAWLER.py] 2020-11-13 21:36:07,784 > 12 rows in 1-12 of 12
[INFO|CRAWLER.py] 2020-11-13 21:36:07,807 > 유의사항 기준 탐색 완료
[INFO|CRAWLER.py] 2020-11-13 21:36:08,323 > 12 rows in 1-12 of 12
[INFO|CRAWLER.py] 2020-11-13 21:36:08,358 > SOC1002-01-00: 중복된 강의 객체. caution 수집 완료
[INFO|CRAWLER.py] 2020-11-13 21:36:10,482 > UCD1101-01-00 cleared
[INFO|CRAWLER.py] 2020-11-13 21:36:12,588 > UCD1104-01-00 cleared
[INFO|CRAWLER.py] 2020-11-13 21:36:14,768 > UCD1105-01-00 cleared
[INFO|CRAWLER.py] 2020-11-13 21:36:16,825 > YCH1002-01-00 cleared
[INFO|CRAWLER.py] 2020-11-13 21:36:18,886 > YCH1201-01-00 cleared
[INFO|CRAWLER.py] 2020-11-13 21:36:20,976 > YCH1203-01-00 cleared
[INFO|CRAWLER.py] 2020-11-13 21:36:23,044 > YCH1301-01-00 cleared
[INFO|CRAWLER.py] 2020-11-13 21:36:25,281 > YCH1302-01-00 cleared
[INFO|CRAWLER.py] 2020-11-13 21:36:27,524 > YCH1603-01-00 cleared
[INFO|CRAWLER.py] 2020-11-13 21:36:29,656 > YCH1604-01-00 cleared
[INFO|CRAWLER.py] 2020-11-13 21:36:31,716 > YCH1999-01-00 cleared
[INFO|CRAWLER.py] 2020-11-13 21:36:33,739 > 국가와사회공동체 탐색 완료
[INFO|CRAWLER.py] 2020-11-13 21:36:33,739 > 20162-필수교양(10~18학번)-지역사회와세계 수집 시작
[INFO|CRAWLER.py] 2020-11-13 21:36:34,332 > 12 rows in 1-12 of 12
[INFO|CRAWLER.py] 2020-11-13 21:36:34,356 > 유의사항 기준 탐색 완료
[INFO|CRAWLER.py] 2020-11-13 21:36:34,872 > 12 rows in 1-12 of 12
[INFO|CRAWLER.py] 2020-11-13 21:36:34,906 > ANT2106-01-00: 중복된 강의 객체. caution 수집 완료
[INFO|CRAWLER.py] 2020-11-13 21:36:36,998 > ECO1001-01-00 cleared
[INFO|CRAWLER.py] 2020-11-13 21:36:39,077 > ECO1001-02-00 cleared
[INFO|CRAWLER.py] 2020-11-13 21:36:39,115 > ECO1001-03-00: 중복된 강의 객체. caution 수집 완료
[INFO|CRAWLER.py] 2020-11-13 21:36:41,201 > ECO1001-04-00 cleared
[INFO|CRAWLER.py] 2020-11-13 21:36:43,287 > UCD1103-01-00 cleared
[INFO|CRAWLER.py] 2020-11-13 21:36:45,447 > UCD1106-01-00 cleared
[INFO|CRAWLER.py] 2020-11-13 21:36:47,536 > UCF1101-01-00 cleared
[INFO|CRAWLER.py] 2020-11-13 21:36:49,627 > UCF1104-01-00 cleared
[INFO|CRAWLER.py] 2020-11-13 21:36:51,722 > YCI1201-01-00 cleared
[INFO|CRAWLER.py] 2020-11-13 21:36:53,838 > YCI1851-01-00 cleared
[INFO|CRAWLER.py] 2020-11-13 21:36:55,988 > YCI1853-01-00 cleared
[INFO|CRAWLER.py] 2020-11-13 21:36:58,015 > 지역사회와세계 탐색 완료
[INFO|CRAWLER.py] 2020-11-13 21:36:58,015 > 20162-필수교양(10~18학번)-논리와수리 수집 시작
[INFO|CRAWLER.py] 2020-11-13 21:36:58,646 > 15 rows in 1-15 of 33
[INFO|CRAWLER.py] 2020-11-13 21:36:58,675 > 유의사항 기준 탐색 완료
[INFO|CRAWLER.py] 2020-11-13 21:36:59,193 > 15 rows in 1-15 of 33
[INFO|CRAWLER.py] 2020-11-13 21:36:59,234 > BIZ1101-01-00: 중복된 강의 객체. caution 수집 완료
[INFO|CRAWLER.py] 2020-11-13 21:36:59,270 > BIZ1101-02-00: 중복된 강의 객체. caution 수집 완료
[INFO|CRAWLER.py] 2020-11-13 21:36:59,307 > BIZ1101-03-00: 중복된 강의 객체. caution 수집 완료
[INFO|CRAWLER.py] 2020-11-13 21:36:59,342 > BIZ1101-04-00: 중복된 강의 객체. caution 수집 완료
[INFO|CRAWLER.py] 2020-11-13 21:36:59,376 > BIZ1101-05-00: 중복된 강의 객체. caution 수집 완료
[INFO|CRAWLER.py] 2020-11-13 21:36:59,412 > BIZ1101-06-00: 중복된 강의 객체. caution 수집 완료
[INFO|CRAWLER.py] 2020-11-13 21:37:01,466 > ENG1108-01-01 cleared
[INFO|CRAWLER.py] 2020-11-13 21:37:03,540 > ENG1108-01-02 cleared
[INFO|CRAWLER.py] 2020-11-13 21:37:05,613 > ENG1108-02-01 cleared
[INFO|CRAWLER.py] 2020-11-13 21:37:18,194 > ENG1108-02-02 cleared
[INFO|CRAWLER.py] 2020-11-13 21:37:20,269 > ENG1108-03-01 cleared
[INFO|CRAWLER.py] 2020-11-13 21:37:22,331 > ENG1108-03-02 cleared
[INFO|CRAWLER.py] 2020-11-13 21:37:24,397 > ENG1108-04-01 cleared
[INFO|CRAWLER.py] 2020-11-13 21:37:26,514 > ENG1108-04-02 cleared
[INFO|CRAWLER.py] 2020-11-13 21:37:26,570 > LIS1102-01-00: 중복된 강의 객체. caution 수집 완료
[INFO|CRAWLER.py] 2020-11-13 21:37:29,153 > 15 rows in 16-30 of 33
[INFO|CRAWLER.py] 2020-11-13 21:37:31,224 > MAT1001-01-01 cleared
[INFO|CRAWLER.py] 2020-11-13 21:37:33,284 > MAT1001-01-02 cleared
[INFO|CRAWLER.py] 2020-11-13 21:37:35,357 > MAT1002-01-01 cleared
[INFO|CRAWLER.py] 2020-11-13 21:37:37,412 > MAT1002-01-02 cleared
[INFO|CRAWLER.py] 2020-11-13 21:37:39,486 > MAT1011-01-01 cleared
[INFO|CRAWLER.py] 2020-11-13 21:37:41,548 > MAT1011-01-02 cleared
[INFO|CRAWLER.py] 2020-11-13 21:37:43,647 > MAT1012-01-01 cleared
[INFO|CRAWLER.py] 2020-11-13 21:37:45,720 > MAT1012-01-02 cleared
[INFO|CRAWLER.py] 2020-11-13 21:37:47,797 > MAT1014-01-00 cleared
[INFO|CRAWLER.py] 2020-11-13 21:37:49,898 > STA1001-01-00 cleared
[INFO|CRAWLER.py] 2020-11-13 21:37:51,999 > STA1001-02-00 cleared
[INFO|CRAWLER.py] 2020-11-13 21:37:54,090 > STA1001-03-00 cleared
[INFO|CRAWLER.py] 2020-11-13 21:37:56,176 > STA1001-04-00 cleared
[INFO|CRAWLER.py] 2020-11-13 21:37:58,306 > STA1001-05-00 cleared
[INFO|CRAWLER.py] 2020-11-13 21:37:58,347 > STA1001-06-00: 중복된 강의 객체. caution 수집 완료
[INFO|CRAWLER.py] 2020-11-13 21:38:00,912 > 3 rows in 31-33 of 33
[INFO|CRAWLER.py] 2020-11-13 21:38:00,954 > STA2105-02-00: 중복된 강의 객체. caution 수집 완료
[INFO|CRAWLER.py] 2020-11-13 21:38:00,998 > STA2105-03-00: 중복된 강의 객체. caution 수집 완료
[INFO|CRAWLER.py] 2020-11-13 21:38:03,108 > YCJ1001-01-00 cleared
[INFO|CRAWLER.py] 2020-11-13 21:38:05,153 > 논리와수리 탐색 완료
[INFO|CRAWLER.py] 2020-11-13 21:38:05,153 > 20162-필수교양(10~18학번)-자연과우주 수집 시작
[INFO|CRAWLER.py] 2020-11-13 21:38:05,777 > 15 rows in 1-15 of 15
[INFO|CRAWLER.py] 2020-11-13 21:38:05,816 > 유의사항 기준 탐색 완료
[INFO|CRAWLER.py] 2020-11-13 21:38:06,331 > 15 rows in 1-15 of 15
[INFO|CRAWLER.py] 2020-11-13 21:38:08,403 > CHE1002-01-01 cleared
[INFO|CRAWLER.py] 2020-11-13 21:38:10,458 > CHE1002-01-02 cleared
[INFO|CRAWLER.py] 2020-11-13 21:38:12,548 > CHE1012-01-01 cleared
[INFO|CRAWLER.py] 2020-11-13 21:38:14,605 > CHE1012-01-02 cleared
[INFO|CRAWLER.py] 2020-11-13 21:38:16,675 > PHY1002-01-00 cleared
[INFO|CRAWLER.py] 2020-11-13 21:38:18,745 > PHY1002-02-00 cleared
[INFO|CRAWLER.py] 2020-11-13 21:38:20,856 > PHY1012-01-00 cleared
[INFO|CRAWLER.py] 2020-11-13 21:38:22,934 > PHY1012-02-00 cleared
[INFO|CRAWLER.py] 2020-11-13 21:38:25,046 > UCC1102-01-00 cleared
[INFO|CRAWLER.py] 2020-11-13 21:38:27,138 > UCC1103-01-00 cleared
[INFO|CRAWLER.py] 2020-11-13 21:38:29,288 > UCC1105-01-00 cleared
[INFO|CRAWLER.py] 2020-11-13 21:38:31,443 > UCC1106-01-00 cleared
[INFO|CRAWLER.py] 2020-11-13 21:38:33,598 > UCC1106-02-00 cleared
[INFO|CRAWLER.py] 2020-11-13 21:38:35,706 > PHY1004-01-00 cleared
[INFO|CRAWLER.py] 2020-11-13 21:38:37,734 > 자연과우주 탐색 완료
[INFO|CRAWLER.py] 2020-11-13 21:38:37,734 > 20162-필수교양(10~18학번)-생명과환경 수집 시작
[INFO|CRAWLER.py] 2020-11-13 21:38:38,362 > 13 rows in 1-13 of 13
[INFO|CRAWLER.py] 2020-11-13 21:38:38,390 > 유의사항 기준 탐색 완료
[INFO|CRAWLER.py] 2020-11-13 21:38:38,908 > 13 rows in 1-13 of 13
[INFO|CRAWLER.py] 2020-11-13 21:38:40,992 > BIO1002-01-00 cleared
[INFO|CRAWLER.py] 2020-11-13 21:38:43,056 > BIO1009-01-00 cleared
[INFO|CRAWLER.py] 2020-11-13 21:38:45,155 > BIO1011-01-00 cleared
[INFO|CRAWLER.py] 2020-11-13 21:38:47,237 > BIO1012-01-00 cleared
[INFO|CRAWLER.py] 2020-11-13 21:38:49,335 > BIO1013-01-00 cleared
[INFO|CRAWLER.py] 2020-11-13 21:38:51,431 > UCH1103-01-00 cleared
[INFO|CRAWLER.py] 2020-11-13 21:38:53,519 > UCH1104-01-00 cleared
[INFO|CRAWLER.py] 2020-11-13 21:38:55,607 > YCL1002-01-00 cleared
[INFO|CRAWLER.py] 2020-11-13 21:38:57,707 > YCL1003-01-00 cleared
[INFO|CRAWLER.py] 2020-11-13 21:38:59,837 > YCL1004-01-00 cleared
[INFO|CRAWLER.py] 2020-11-13 21:39:02,009 > YCL1201-01-00 cleared
[INFO|CRAWLER.py] 2020-11-13 21:39:04,158 > YCL1601-01-01 cleared
[INFO|CRAWLER.py] 2020-11-13 21:39:06,269 > YCL1601-01-02 cleared
[INFO|CRAWLER.py] 2020-11-13 21:39:08,290 > 생명과환경 탐색 완료
[INFO|CRAWLER.py] 2020-11-13 21:39:08,290 > 20162-필수교양(10~18학번)-소프트웨어 수집 시작
[INFO|CRAWLER.py] 2020-11-13 21:39:08,882 > 0 rows in 1-0 of 0
[INFO|CRAWLER.py] 2020-11-13 21:39:19,432 > No caution link in 0th row
[INFO|CRAWLER.py] 2020-11-13 21:39:19,939 > 0 rows in 1-0 of 0
[INFO|CRAWLER.py] 2020-11-13 21:39:19,939 > No caution in pages
[INFO|CRAWLER.py] 2020-11-13 21:39:20,458 > 0 rows in 1-0 of 0
[INFO|CRAWLER.py] 2020-11-13 21:39:22,478 > 소프트웨어 탐색 완료
[INFO|CRAWLER.py] 2020-11-13 21:39:22,478 > 필수교양(10~18학번) 수집 완료
[INFO|CRAWLER.py] 2020-11-13 21:39:22,479 > 20162-선택교양(10~18학번)-Freshman Seminars 수집 시작
[INFO|CRAWLER.py] 2020-11-13 21:39:23,082 > 3 rows in 1-3 of 3
[INFO|CRAWLER.py] 2020-11-13 21:39:23,107 > 유의사항 기준 탐색 완료
[INFO|CRAWLER.py] 2020-11-13 21:39:23,625 > 3 rows in 1-3 of 3
[INFO|CRAWLER.py] 2020-11-13 21:39:25,717 > Freshman Seminars 탐색 완료
[INFO|CRAWLER.py] 2020-11-13 21:39:25,717 > 20162-선택교양(10~18학번)-Gateway to College 수집 시작
[INFO|CRAWLER.py] 2020-11-13 21:39:26,301 > 0 rows in 1-0 of 0
[INFO|CRAWLER.py] 2020-11-13 21:39:36,824 > No caution link in 0th row
[INFO|CRAWLER.py] 2020-11-13 21:39:37,331 > 0 rows in 1-0 of 0
[INFO|CRAWLER.py] 2020-11-13 21:39:37,331 > No caution in pages
[INFO|CRAWLER.py] 2020-11-13 21:39:37,847 > 0 rows in 1-0 of 0
[INFO|CRAWLER.py] 2020-11-13 21:39:39,867 > Gateway to College 탐색 완료
[INFO|CRAWLER.py] 2020-11-13 21:39:39,867 > 20162-선택교양(10~18학번)-Residential Education 수집 시작
[INFO|CRAWLER.py] 2020-11-13 21:39:40,454 > 0 rows in 1-0 of 0
[INFO|CRAWLER.py] 2020-11-13 21:39:50,987 > No caution link in 0th row
[INFO|CRAWLER.py] 2020-11-13 21:39:51,493 > 0 rows in 1-0 of 0
[INFO|CRAWLER.py] 2020-11-13 21:39:51,493 > No caution in pages
[INFO|CRAWLER.py] 2020-11-13 21:39:52,008 > 0 rows in 1-0 of 0
[INFO|CRAWLER.py] 2020-11-13 21:39:54,028 > Residential Education 탐색 완료
[INFO|CRAWLER.py] 2020-11-13 21:39:54,029 > 20162-선택교양(10~18학번)-역사·철학영역 수집 시작
[INFO|CRAWLER.py] 2020-11-13 21:39:54,613 > 15 rows in 1-15 of 21
[INFO|CRAWLER.py] 2020-11-13 21:39:54,653 > 유의사항 기준 탐색 완료
[INFO|CRAWLER.py] 2020-11-13 21:39:55,188 > 15 rows in 1-15 of 21
[INFO|CRAWLER.py] 2020-11-13 21:39:57,251 > UCG1124-01-00 cleared
[INFO|CRAWLER.py] 2020-11-13 21:39:59,312 > UCG1145-01-00 cleared
[INFO|CRAWLER.py] 2020-11-13 21:40:11,915 > UCG1105-01-00 cleared
[INFO|CRAWLER.py] 2020-11-13 21:40:13,996 > UCG1106-01-00 cleared
[INFO|CRAWLER.py] 2020-11-13 21:40:16,142 > UCG1107-01-00 cleared
[INFO|CRAWLER.py] 2020-11-13 21:40:18,277 > UCG1107-02-00 cleared
[INFO|CRAWLER.py] 2020-11-13 21:40:20,362 > UCG1108-01-00 cleared
[INFO|CRAWLER.py] 2020-11-13 21:40:22,429 > UCG1111-01-00 cleared
[INFO|CRAWLER.py] 2020-11-13 21:40:24,487 > UCG1116-01-00 cleared
[INFO|CRAWLER.py] 2020-11-13 21:40:26,651 > UCG1117-01-00 cleared
[INFO|CRAWLER.py] 2020-11-13 21:40:28,717 > UCG1118-01-00 cleared
[INFO|CRAWLER.py] 2020-11-13 21:40:41,289 > UCG1122-01-00 cleared
[INFO|CRAWLER.py] 2020-11-13 21:40:43,343 > UCG1125-01-00 cleared
[INFO|CRAWLER.py] 2020-11-13 21:40:45,457 > UCG1130-01-00 cleared
[INFO|CRAWLER.py] 2020-11-13 21:40:47,545 > UCG1133-01-00 cleared
[INFO|CRAWLER.py] 2020-11-13 21:40:50,113 > 6 rows in 16-21 of 21
[INFO|CRAWLER.py] 2020-11-13 21:40:52,173 > UCG1137-01-00 cleared
[INFO|CRAWLER.py] 2020-11-13 21:40:54,284 > UCG1141-01-00 cleared
[INFO|CRAWLER.py] 2020-11-13 21:40:56,356 > UCG1131-01-00 cleared
[INFO|CRAWLER.py] 2020-11-13 21:40:58,453 > UCG1131-02-00 cleared
[INFO|CRAWLER.py] 2020-11-13 21:41:00,561 > UCG1131-03-00 cleared
[INFO|CRAWLER.py] 2020-11-13 21:41:02,616 > UCG1131-04-00 cleared
[INFO|CRAWLER.py] 2020-11-13 21:41:04,646 > 역사·철학영역 탐색 완료
[INFO|CRAWLER.py] 2020-11-13 21:41:04,647 > 20162-선택교양(10~18학번)-과학·기술영역 수집 시작
[INFO|CRAWLER.py] 2020-11-13 21:41:05,274 > 15 rows in 1-15 of 16
[INFO|CRAWLER.py] 2020-11-13 21:41:05,298 > 유의사항 기준 탐색 완료
[INFO|CRAWLER.py] 2020-11-13 21:41:05,812 > 15 rows in 1-15 of 16
[INFO|CRAWLER.py] 2020-11-13 21:41:07,870 > UCF1103-01-01 cleared
[INFO|CRAWLER.py] 2020-11-13 21:41:09,928 > UCF1103-01-02 cleared
[INFO|CRAWLER.py] 2020-11-13 21:41:11,981 > UCF1103-01-03 cleared
[INFO|CRAWLER.py] 2020-11-13 21:41:14,036 > UCF1103-01-04 cleared
[INFO|CRAWLER.py] 2020-11-13 21:41:16,116 > UCH1102-01-00 cleared
[INFO|CRAWLER.py] 2020-11-13 21:41:18,181 > UCH1106-01-00 cleared
[INFO|CRAWLER.py] 2020-11-13 21:41:20,253 > UCH1108-01-00 cleared
[INFO|CRAWLER.py] 2020-11-13 21:41:22,323 > UCH1114-01-00 cleared
[INFO|CRAWLER.py] 2020-11-13 21:41:24,409 > UCH1117-01-00 cleared
[INFO|CRAWLER.py] 2020-11-13 21:41:26,492 > UCH1117-02-00 cleared
[INFO|CRAWLER.py] 2020-11-13 21:41:28,607 > UCH1117-03-00 cleared
[INFO|CRAWLER.py] 2020-11-13 21:41:30,721 > UCH1117-04-00 cleared
[INFO|CRAWLER.py] 2020-11-13 21:41:32,847 > UCH1117-05-00 cleared
[INFO|CRAWLER.py] 2020-11-13 21:41:34,923 > UCH1118-01-00 cleared
[INFO|CRAWLER.py] 2020-11-13 21:41:36,983 > UCH1120-01-00 cleared
[INFO|CRAWLER.py] 2020-11-13 21:41:39,544 > 1 rows in 16-16 of 16
[INFO|CRAWLER.py] 2020-11-13 21:41:41,677 > UCH1135-01-00 cleared
[INFO|CRAWLER.py] 2020-11-13 21:41:43,706 > 과학·기술영역 탐색 완료
[INFO|CRAWLER.py] 2020-11-13 21:41:43,706 > 20162-선택교양(10~18학번)-사회·윤리영역 수집 시작
[INFO|CRAWLER.py] 2020-11-13 21:41:44,330 > 15 rows in 1-15 of 35
[INFO|CRAWLER.py] 2020-11-13 21:41:44,369 > 유의사항 기준 탐색 완료
[INFO|CRAWLER.py] 2020-11-13 21:41:44,886 > 15 rows in 1-15 of 35
[INFO|CRAWLER.py] 2020-11-13 21:41:46,935 > UCI2001-01-00 cleared
[INFO|CRAWLER.py] 2020-11-13 21:41:49,010 > UCI2001-02-00 cleared
[INFO|CRAWLER.py] 2020-11-13 21:41:51,101 > UCI2001-03-00 cleared
[INFO|CRAWLER.py] 2020-11-13 21:41:53,209 > UCI2001-05-00 cleared
[INFO|CRAWLER.py] 2020-11-13 21:41:55,326 > UCI2001-06-00 cleared
[INFO|CRAWLER.py] 2020-11-13 21:41:57,398 > UCI2001-07-00 cleared
[INFO|CRAWLER.py] 2020-11-13 21:41:59,489 > UCI2001-08-00 cleared
[INFO|CRAWLER.py] 2020-11-13 21:42:01,582 > UCI2001-09-00 cleared
[INFO|CRAWLER.py] 2020-11-13 21:42:03,641 > UCI2001-10-00 cleared
[INFO|CRAWLER.py] 2020-11-13 21:42:05,763 > UCI2001-11-00 cleared
[INFO|CRAWLER.py] 2020-11-13 21:42:07,853 > UCI2001-12-00 cleared
[INFO|CRAWLER.py] 2020-11-13 21:42:09,911 > UCI2001-13-00 cleared
[INFO|CRAWLER.py] 2020-11-13 21:42:11,963 > UCI2001-14-00 cleared
[INFO|CRAWLER.py] 2020-11-13 21:42:14,020 > UCI2001-15-00 cleared
[INFO|CRAWLER.py] 2020-11-13 21:42:16,599 > 15 rows in 16-30 of 35
[INFO|CRAWLER.py] 2020-11-13 21:42:18,662 > UCI2001-16-00 cleared
[INFO|CRAWLER.py] 2020-11-13 21:42:20,734 > UCI2001-17-00 cleared
[INFO|CRAWLER.py] 2020-11-13 21:42:22,797 > UCI2001-18-00 cleared
[INFO|CRAWLER.py] 2020-11-13 21:42:24,858 > UCI2001-19-00 cleared
[INFO|CRAWLER.py] 2020-11-13 21:42:37,482 > UCI2001-21-00 cleared
[INFO|CRAWLER.py] 2020-11-13 21:42:39,560 > UCI2001-23-00 cleared
[INFO|CRAWLER.py] 2020-11-13 21:42:41,653 > UCI1101-01-00 cleared
[INFO|CRAWLER.py] 2020-11-13 21:42:43,724 > UCI1106-01-00 cleared
[INFO|CRAWLER.py] 2020-11-13 21:42:45,841 > UCI1108-01-00 cleared
[INFO|CRAWLER.py] 2020-11-13 21:42:47,913 > UCI1121-01-00 cleared
[INFO|CRAWLER.py] 2020-11-13 21:42:50,001 > UCI1122-01-00 cleared
[INFO|CRAWLER.py] 2020-11-13 21:42:52,119 > UCI1123-01-00 cleared
[INFO|CRAWLER.py] 2020-11-13 21:42:54,183 > UCI1129-01-00 cleared
[INFO|CRAWLER.py] 2020-11-13 21:42:56,741 > 5 rows in 31-35 of 35
[INFO|CRAWLER.py] 2020-11-13 21:42:58,842 > UCI1132-01-00 cleared
[INFO|CRAWLER.py] 2020-11-13 21:43:00,928 > UCI1136-01-00 cleared
[INFO|CRAWLER.py] 2020-11-13 21:43:03,013 > UCI1141-01-00 cleared
[INFO|CRAWLER.py] 2020-11-13 21:43:05,102 > UCI1142-01-00 cleared
[INFO|CRAWLER.py] 2020-11-13 21:43:07,223 > UCI1149-01-00 cleared
[INFO|CRAWLER.py] 2020-11-13 21:43:09,260 > 사회·윤리영역 탐색 완료
[INFO|CRAWLER.py] 2020-11-13 21:43:09,260 > 20162-선택교양(10~18학번)-인문·예술영역 수집 시작
[INFO|CRAWLER.py] 2020-11-13 21:43:09,886 > 15 rows in 1-15 of 25
[INFO|CRAWLER.py] 2020-11-13 21:43:09,935 > 유의사항 기준 탐색 완료
[INFO|CRAWLER.py] 2020-11-13 21:43:10,450 > 15 rows in 1-15 of 25
[INFO|CRAWLER.py] 2020-11-13 21:43:12,546 > UCJ1135-01-00 cleared
[INFO|CRAWLER.py] 2020-11-13 21:43:14,676 > UCJ1135-02-00 cleared
[INFO|CRAWLER.py] 2020-11-13 21:43:16,738 > UCJ1135-03-00 cleared
[INFO|CRAWLER.py] 2020-11-13 21:43:18,851 > UCJ1136-01-00 cleared
[INFO|CRAWLER.py] 2020-11-13 21:43:20,922 > UCJ1105-01-00 cleared
[INFO|CRAWLER.py] 2020-11-13 21:43:23,000 > UCJ1107-01-00 cleared
[INFO|CRAWLER.py] 2020-11-13 21:43:25,073 > UCJ1107-02-00 cleared
[INFO|CRAWLER.py] 2020-11-13 21:43:27,178 > UCJ1108-01-00 cleared
[INFO|CRAWLER.py] 2020-11-13 21:43:29,277 > UCJ1108-02-00 cleared
[INFO|CRAWLER.py] 2020-11-13 21:43:31,347 > UCJ1110-01-00 cleared
[INFO|CRAWLER.py] 2020-11-13 21:43:33,538 > UCJ1111-01-00 cleared
[INFO|CRAWLER.py] 2020-11-13 21:43:35,691 > UCJ1111-02-00 cleared
[INFO|CRAWLER.py] 2020-11-13 21:43:37,769 > UCJ1112-01-00 cleared
[INFO|CRAWLER.py] 2020-11-13 21:43:39,883 > UCJ1113-01-00 cleared
[INFO|CRAWLER.py] 2020-11-13 21:43:41,954 > UCJ1113-02-00 cleared
[INFO|CRAWLER.py] 2020-11-13 21:43:44,533 > 10 rows in 16-25 of 25
[INFO|CRAWLER.py] 2020-11-13 21:43:46,591 > UCJ1116-01-00 cleared
[INFO|CRAWLER.py] 2020-11-13 21:43:48,658 > UCJ1116-02-00 cleared
[INFO|CRAWLER.py] 2020-11-13 21:43:50,735 > UCJ1116-03-00 cleared
[INFO|CRAWLER.py] 2020-11-13 21:43:52,802 > UCJ1128-01-00 cleared
[INFO|CRAWLER.py] 2020-11-13 21:44:05,424 > UCJ1129-01-00 cleared
[INFO|CRAWLER.py] 2020-11-13 21:44:07,490 > UCJ1130-01-00 cleared
[INFO|CRAWLER.py] 2020-11-13 21:44:20,065 > UCJ1117-01-00 cleared
[INFO|CRAWLER.py] 2020-11-13 21:44:22,158 > UCJ1121-01-00 cleared
[INFO|CRAWLER.py] 2020-11-13 21:44:24,278 > UCJ1124-01-00 cleared
[INFO|CRAWLER.py] 2020-11-13 21:44:26,351 > UCJ1131-01-00 cleared
[INFO|CRAWLER.py] 2020-11-13 21:44:28,401 > 인문·예술영역 탐색 완료
[INFO|CRAWLER.py] 2020-11-13 21:44:28,401 > 20162-선택교양(10~18학번)-세계문화·언어영역 수집 시작
[INFO|CRAWLER.py] 2020-11-13 21:44:29,029 > 15 rows in 1-15 of 39
[INFO|CRAWLER.py] 2020-11-13 21:44:29,084 > 유의사항 기준 탐색 완료
[INFO|CRAWLER.py] 2020-11-13 21:44:29,601 > 15 rows in 1-15 of 39
[INFO|CRAWLER.py] 2020-11-13 21:44:31,679 > UCK1145-01-00 cleared
[INFO|CRAWLER.py] 2020-11-13 21:44:33,784 > UCK1145-02-00 cleared
[INFO|CRAWLER.py] 2020-11-13 21:44:35,894 > UCK1103-01-00 cleared
[INFO|CRAWLER.py] 2020-11-13 21:44:37,972 > UCK1103-02-00 cleared
[INFO|CRAWLER.py] 2020-11-13 21:44:50,607 > UCK1104-01-00 cleared
[INFO|CRAWLER.py] 2020-11-13 21:44:52,687 > UCK1104-02-00 cleared
[INFO|CRAWLER.py] 2020-11-13 21:44:54,788 > UCK1105-01-00 cleared
[INFO|CRAWLER.py] 2020-11-13 21:44:56,854 > UCK1105-02-00 cleared
[INFO|CRAWLER.py] 2020-11-13 21:44:58,939 > UCK1106-01-00 cleared
[INFO|CRAWLER.py] 2020-11-13 21:45:01,070 > UCK1108-01-00 cleared
[INFO|CRAWLER.py] 2020-11-13 21:45:03,147 > UCK1110-01-00 cleared
[INFO|CRAWLER.py] 2020-11-13 21:45:05,266 > UCK1111-01-00 cleared
[INFO|CRAWLER.py] 2020-11-13 21:45:07,343 > UCK1111-02-00 cleared
[INFO|CRAWLER.py] 2020-11-13 21:45:09,406 > UCK1113-01-00 cleared
[INFO|CRAWLER.py] 2020-11-13 21:45:11,492 > UCK1114-01-00 cleared
[INFO|CRAWLER.py] 2020-11-13 21:45:14,069 > 15 rows in 16-30 of 39
[INFO|CRAWLER.py] 2020-11-13 21:45:16,122 > UCK1117-01-00 cleared
[INFO|CRAWLER.py] 2020-11-13 21:45:18,180 > UCK1119-01-00 cleared
[INFO|CRAWLER.py] 2020-11-13 21:45:20,301 > UCK1124-01-00 cleared
[INFO|CRAWLER.py] 2020-11-13 21:45:22,374 > UCK1125-01-00 cleared
[INFO|CRAWLER.py] 2020-11-13 21:45:24,449 > UCK1126-01-00 cleared
[INFO|CRAWLER.py] 2020-11-13 21:45:26,506 > UCK1127-01-00 cleared
[INFO|CRAWLER.py] 2020-11-13 21:45:28,563 > UCK1128-01-00 cleared
[INFO|CRAWLER.py] 2020-11-13 21:45:30,625 > UCK1129-01-00 cleared
[INFO|CRAWLER.py] 2020-11-13 21:45:32,688 > UCK1132-01-00 cleared
[INFO|CRAWLER.py] 2020-11-13 21:45:34,748 > UCK1143-01-00 cleared
[INFO|CRAWLER.py] 2020-11-13 21:45:36,812 > UCK1143-02-00 cleared
[INFO|CRAWLER.py] 2020-11-13 21:45:38,891 > UCK1144-01-00 cleared
[INFO|CRAWLER.py] 2020-11-13 21:45:40,953 > UCK1146-01-00 cleared
[INFO|CRAWLER.py] 2020-11-13 21:45:43,014 > UCK1147-01-00 cleared
[INFO|CRAWLER.py] 2020-11-13 21:45:45,078 > UCK1149-01-00 cleared
[INFO|CRAWLER.py] 2020-11-13 21:45:47,631 > 9 rows in 31-39 of 39
[INFO|CRAWLER.py] 2020-11-13 21:45:49,733 > UCK1150-01-00 cleared
[INFO|CRAWLER.py] 2020-11-13 21:45:51,791 > UCK1151-01-00 cleared
[INFO|CRAWLER.py] 2020-11-13 21:45:53,856 > UCK1152-01-00 cleared
[INFO|CRAWLER.py] 2020-11-13 21:45:55,936 > UCK1153-01-00 cleared
[INFO|CRAWLER.py] 2020-11-13 21:45:57,992 > UCK1156-01-00 cleared
[INFO|CRAWLER.py] 2020-11-13 21:46:00,109 > UCK1157-01-00 cleared
[INFO|CRAWLER.py] 2020-11-13 21:46:02,159 > UCK1158-01-00 cleared
[INFO|CRAWLER.py] 2020-11-13 21:46:04,265 > UCK1159-01-00 cleared
[INFO|CRAWLER.py] 2020-11-13 21:46:06,359 > UCK1161-01-00 cleared
[INFO|CRAWLER.py] 2020-11-13 21:46:08,399 > 세계문화·언어영역 탐색 완료
[INFO|CRAWLER.py] 2020-11-13 21:46:08,399 > 20162-선택교양(10~18학번)-생활·건강영역 수집 시작
[INFO|CRAWLER.py] 2020-11-13 21:46:09,028 > 15 rows in 1-15 of 93
[INFO|CRAWLER.py] 2020-11-13 21:46:09,057 > 유의사항 기준 탐색 완료
[INFO|CRAWLER.py] 2020-11-13 21:46:09,574 > 15 rows in 1-15 of 93
[INFO|CRAWLER.py] 2020-11-13 21:46:11,645 > UCL1101-01-00 cleared
[INFO|CRAWLER.py] 2020-11-13 21:46:13,722 > UCL1101-02-00 cleared
[INFO|CRAWLER.py] 2020-11-13 21:46:15,789 > UCL1101-03-00 cleared
[INFO|CRAWLER.py] 2020-11-13 21:46:17,859 > UCL1101-04-00 cleared
[INFO|CRAWLER.py] 2020-11-13 21:46:19,935 > UCL1101-05-00 cleared
[INFO|CRAWLER.py] 2020-11-13 21:46:22,004 > UCL1102-01-00 cleared
[INFO|CRAWLER.py] 2020-11-13 21:46:24,081 > UCL1102-02-00 cleared
[INFO|CRAWLER.py] 2020-11-13 21:46:26,148 > UCL1102-03-00 cleared
[INFO|CRAWLER.py] 2020-11-13 21:46:28,217 > UCL1103-01-00 cleared
[INFO|CRAWLER.py] 2020-11-13 21:46:30,320 > UCL1103-02-00 cleared
[INFO|CRAWLER.py] 2020-11-13 21:46:32,404 > UCL1103-03-00 cleared
[INFO|CRAWLER.py] 2020-11-13 21:46:34,499 > UCL1103-04-00 cleared
[INFO|CRAWLER.py] 2020-11-13 21:46:36,580 > UCL1103-05-00 cleared
[INFO|CRAWLER.py] 2020-11-13 21:46:38,658 > UCL1103-06-00 cleared
[INFO|CRAWLER.py] 2020-11-13 21:46:40,741 > UCL1104-01-00 cleared
[INFO|CRAWLER.py] 2020-11-13 21:46:43,326 > 15 rows in 16-30 of 93
[INFO|CRAWLER.py] 2020-11-13 21:46:45,397 > UCL1104-02-00 cleared
[INFO|CRAWLER.py] 2020-11-13 21:46:47,464 > UCL1104-03-00 cleared
[INFO|CRAWLER.py] 2020-11-13 21:46:49,541 > UCL1104-04-00 cleared
[INFO|CRAWLER.py] 2020-11-13 21:46:51,606 > UCL1105-01-00 cleared
[INFO|CRAWLER.py] 2020-11-13 21:46:53,703 > UCL1105-02-00 cleared
[INFO|CRAWLER.py] 2020-11-13 21:46:55,794 > UCL1105-03-00 cleared
[INFO|CRAWLER.py] 2020-11-13 21:46:57,889 > UCL1105-04-00 cleared
[INFO|CRAWLER.py] 2020-11-13 21:46:59,957 > UCL1105-05-00 cleared
[INFO|CRAWLER.py] 2020-11-13 21:47:02,034 > UCL1105-06-00 cleared
[INFO|CRAWLER.py] 2020-11-13 21:47:04,099 > UCL1105-07-00 cleared
[INFO|CRAWLER.py] 2020-11-13 21:47:06,170 > UCL1105-08-00 cleared
[INFO|CRAWLER.py] 2020-11-13 21:47:08,232 > UCL1105-09-00 cleared
[INFO|CRAWLER.py] 2020-11-13 21:47:10,312 > UCL1106-01-00 cleared
[INFO|CRAWLER.py] 2020-11-13 21:47:12,389 > UCL1106-02-00 cleared
[INFO|CRAWLER.py] 2020-11-13 21:47:14,482 > UCL1107-01-00 cleared
[INFO|CRAWLER.py] 2020-11-13 21:47:17,045 > 15 rows in 31-45 of 93
[INFO|CRAWLER.py] 2020-11-13 21:47:19,111 > UCL1107-02-00 cleared
[INFO|CRAWLER.py] 2020-11-13 21:47:21,202 > UCL1108-01-00 cleared
[INFO|CRAWLER.py] 2020-11-13 21:47:23,254 > UCL1108-02-00 cleared
[INFO|CRAWLER.py] 2020-11-13 21:47:25,312 > UCL1108-03-00 cleared
[INFO|CRAWLER.py] 2020-11-13 21:47:27,404 > UCL1109-01-00 cleared
[INFO|CRAWLER.py] 2020-11-13 21:47:29,489 > UCL1109-02-00 cleared
[INFO|CRAWLER.py] 2020-11-13 21:47:31,587 > UCL1109-04-00 cleared
[INFO|CRAWLER.py] 2020-11-13 21:47:33,669 > UCL1109-05-00 cleared
[INFO|CRAWLER.py] 2020-11-13 21:47:35,755 > UCL1109-06-00 cleared
[INFO|CRAWLER.py] 2020-11-13 21:47:37,844 > UCL1109-07-00 cleared
[INFO|CRAWLER.py] 2020-11-13 21:47:39,925 > UCL1109-08-00 cleared
[INFO|CRAWLER.py] 2020-11-13 21:47:41,999 > UCL1110-01-00 cleared
[INFO|CRAWLER.py] 2020-11-13 21:47:44,078 > UCL1111-01-00 cleared
[INFO|CRAWLER.py] 2020-11-13 21:47:46,152 > UCL1111-02-00 cleared
[INFO|CRAWLER.py] 2020-11-13 21:47:48,714 > 15 rows in 46-60 of 93
[INFO|CRAWLER.py] 2020-11-13 21:47:50,814 > UCL1111-03-00 cleared
[INFO|CRAWLER.py] 2020-11-13 21:47:52,895 > UCL1111-04-00 cleared
[INFO|CRAWLER.py] 2020-11-13 21:47:54,970 > UCL1111-05-00 cleared
[INFO|CRAWLER.py] 2020-11-13 21:47:57,042 > UCL1111-06-00 cleared
[INFO|CRAWLER.py] 2020-11-13 21:47:59,130 > UCL1112-01-00 cleared
[INFO|CRAWLER.py] 2020-11-13 21:48:01,206 > UCL1112-02-00 cleared
[INFO|CRAWLER.py] 2020-11-13 21:48:03,289 > UCL1112-03-00 cleared
[INFO|CRAWLER.py] 2020-11-13 21:48:05,365 > UCL1115-01-00 cleared
[INFO|CRAWLER.py] 2020-11-13 21:48:07,442 > UCL1115-02-00 cleared
[INFO|CRAWLER.py] 2020-11-13 21:48:09,506 > UCL1116-01-00 cleared
[INFO|CRAWLER.py] 2020-11-13 21:48:11,566 > UCL1118-01-00 cleared
[INFO|CRAWLER.py] 2020-11-13 21:48:13,627 > UCL1119-01-00 cleared
[INFO|CRAWLER.py] 2020-11-13 21:48:15,724 > UCL1119-02-00 cleared
[INFO|CRAWLER.py] 2020-11-13 21:48:17,780 > UCL1119-03-00 cleared
[INFO|CRAWLER.py] 2020-11-13 21:48:19,892 > UCL1121-01-00 cleared
[INFO|CRAWLER.py] 2020-11-13 21:48:22,474 > 15 rows in 61-75 of 93
[INFO|CRAWLER.py] 2020-11-13 21:48:24,590 > UCL1121-02-00 cleared
[INFO|CRAWLER.py] 2020-11-13 21:48:26,659 > UCL1124-01-00 cleared
[INFO|CRAWLER.py] 2020-11-13 21:48:28,735 > UCL1127-01-00 cleared
[INFO|CRAWLER.py] 2020-11-13 21:48:30,802 > UCL1127-02-00 cleared
[INFO|CRAWLER.py] 2020-11-13 21:48:32,858 > UCL1129-01-00 cleared
[INFO|CRAWLER.py] 2020-11-13 21:48:34,926 > UCL1207-01-00 cleared
[INFO|CRAWLER.py] 2020-11-13 21:48:36,992 > UCL1207-02-00 cleared
[INFO|CRAWLER.py] 2020-11-13 21:48:39,080 > UCL1209-01-00 cleared
[INFO|CRAWLER.py] 2020-11-13 21:48:41,153 > UCL1210-01-00 cleared
[INFO|CRAWLER.py] 2020-11-13 21:48:43,228 > UCL1210-02-00 cleared
[INFO|CRAWLER.py] 2020-11-13 21:48:45,294 > UCL1212-01-00 cleared
[INFO|CRAWLER.py] 2020-11-13 21:48:47,355 > UCL1214-01-00 cleared
[INFO|CRAWLER.py] 2020-11-13 21:48:49,421 > UCL1214-02-00 cleared
[INFO|CRAWLER.py] 2020-11-13 21:48:51,493 > UCL1215-01-00 cleared
[INFO|CRAWLER.py] 2020-11-13 21:48:53,589 > UCL1215-02-00 cleared
[INFO|CRAWLER.py] 2020-11-13 21:48:56,151 > 15 rows in 76-90 of 93
[INFO|CRAWLER.py] 2020-11-13 21:48:58,263 > UCL1215-03-00 cleared
[INFO|CRAWLER.py] 2020-11-13 21:49:00,383 > UCL1215-04-00 cleared
[INFO|CRAWLER.py] 2020-11-13 21:49:02,441 > UCL1216-01-00 cleared
[INFO|CRAWLER.py] 2020-11-13 21:49:04,515 > UCL1217-01-00 cleared
[INFO|CRAWLER.py] 2020-11-13 21:49:06,583 > UCL1218-01-00 cleared
[INFO|CRAWLER.py] 2020-11-13 21:49:08,656 > UCL1219-01-00 cleared
[INFO|CRAWLER.py] 2020-11-13 21:49:10,724 > UCL1219-02-00 cleared
[INFO|CRAWLER.py] 2020-11-13 21:49:12,786 > UCL1220-01-00 cleared
[INFO|CRAWLER.py] 2020-11-13 21:49:14,865 > UCL1222-01-00 cleared
[INFO|CRAWLER.py] 2020-11-13 21:49:16,919 > UCL1223-01-00 cleared
[INFO|CRAWLER.py] 2020-11-13 21:49:18,980 > UCL1223-02-00 cleared
[INFO|CRAWLER.py] 2020-11-13 21:49:21,113 > UCL1202-01-00 cleared
[INFO|CRAWLER.py] 2020-11-13 21:49:23,209 > UCL1203-01-00 cleared
[INFO|CRAWLER.py] 2020-11-13 21:49:25,331 > UCL1203-02-00 cleared
[INFO|CRAWLER.py] 2020-11-13 21:49:27,395 > UCL1204-01-00 cleared
[INFO|CRAWLER.py] 2020-11-13 21:49:29,938 > 3 rows in 91-93 of 93
[INFO|CRAWLER.py] 2020-11-13 21:49:32,048 > UCL1201-01-00 cleared
[INFO|CRAWLER.py] 2020-11-13 21:49:34,121 > UCL1201-02-00 cleared
[INFO|CRAWLER.py] 2020-11-13 21:49:36,206 > UCL1205-01-00 cleared
[INFO|CRAWLER.py] 2020-11-13 21:49:38,247 > 생활·건강영역 탐색 완료
[INFO|CRAWLER.py] 2020-11-13 21:49:38,247 > 선택교양(10~18학번) 수집 완료
[INFO|CRAWLER.py] 2020-11-13 21:49:38,247 > 20162-(~2018학번)국제캠퍼스-공통기초-채플 수집 시작
[INFO|CRAWLER.py] 2020-11-13 21:49:38,888 > 12 rows in 1-12 of 12
[INFO|CRAWLER.py] 2020-11-13 21:49:38,912 > 유의사항 기준 탐색 완료
[INFO|CRAWLER.py] 2020-11-13 21:49:39,428 > 12 rows in 1-12 of 12
[INFO|CRAWLER.py] 2020-11-13 21:49:41,486 > YCA1002-01-00 cleared
[INFO|CRAWLER.py] 2020-11-13 21:49:43,539 > YCA1002-02-00 cleared
[INFO|CRAWLER.py] 2020-11-13 21:49:45,599 > YCA1002-03-00 cleared
[INFO|CRAWLER.py] 2020-11-13 21:49:47,648 > YCA1002-04-00 cleared
[INFO|CRAWLER.py] 2020-11-13 21:49:49,703 > YCA1002-05-00 cleared
[INFO|CRAWLER.py] 2020-11-13 21:49:51,802 > YCA1006-01-00 cleared
[INFO|CRAWLER.py] 2020-11-13 21:49:53,878 > YCA1006-02-00 cleared
[INFO|CRAWLER.py] 2020-11-13 21:49:55,943 > YCA1006-03-00 cleared
[INFO|CRAWLER.py] 2020-11-13 21:49:58,003 > YCA1006-04-00 cleared
[INFO|CRAWLER.py] 2020-11-13 21:50:00,056 > YCA1006-05-00 cleared
[INFO|CRAWLER.py] 2020-11-13 21:50:02,106 > 공통기초-채플 탐색 완료
[INFO|CRAWLER.py] 2020-11-13 21:50:02,107 > 20162-(~2018학번)국제캠퍼스-공통기초-기독교의이해 수집 시작
[INFO|CRAWLER.py] 2020-11-13 21:50:02,736 > 15 rows in 1-15 of 27
[INFO|CRAWLER.py] 2020-11-13 21:50:02,763 > 유의사항 기준 탐색 완료
[INFO|CRAWLER.py] 2020-11-13 21:50:03,280 > 15 rows in 1-15 of 27
[INFO|CRAWLER.py] 2020-11-13 21:50:05,328 > YCA1101-01-00 cleared
[INFO|CRAWLER.py] 2020-11-13 21:50:07,476 > YCA1101-06-00 cleared
[INFO|CRAWLER.py] 2020-11-13 21:50:09,528 > YCA1101-07-00 cleared
[INFO|CRAWLER.py] 2020-11-13 21:50:11,574 > YCA1101-08-00 cleared
[INFO|CRAWLER.py] 2020-11-13 21:50:11,612 > YCA1101-09-00: 중복된 강의 객체. caution 수집 완료
[INFO|CRAWLER.py] 2020-11-13 21:50:11,649 > YCA1101-10-00: 중복된 강의 객체. caution 수집 완료
[INFO|CRAWLER.py] 2020-11-13 21:50:13,700 > YCA1102-01-00 cleared
[INFO|CRAWLER.py] 2020-11-13 21:50:15,752 > YCA1102-02-00 cleared
[INFO|CRAWLER.py] 2020-11-13 21:50:17,805 > YCA1102-03-00 cleared
[INFO|CRAWLER.py] 2020-11-13 21:50:20,416 > 12 rows in 16-27 of 27
[INFO|CRAWLER.py] 2020-11-13 21:50:22,510 > YCA1102-08-00 cleared
[INFO|CRAWLER.py] 2020-11-13 21:50:24,580 > YCA1102-10-00 cleared
[INFO|CRAWLER.py] 2020-11-13 21:50:24,613 > YCA1102-11-00: 중복된 강의 객체. caution 수집 완료
[INFO|CRAWLER.py] 2020-11-13 21:50:24,646 > YCA1102-12-00: 중복된 강의 객체. caution 수집 완료
[INFO|CRAWLER.py] 2020-11-13 21:50:26,713 > YCA1103-01-00 cleared
[INFO|CRAWLER.py] 2020-11-13 21:50:26,793 > YCA1103-04-00: 중복된 강의 객체. caution 수집 완료
[INFO|CRAWLER.py] 2020-11-13 21:50:28,831 > 공통기초-기독교의이해 탐색 완료
[INFO|CRAWLER.py] 2020-11-13 21:50:28,831 > 20162-(~2018학번)국제캠퍼스-공통기초-글쓰기 수집 시작
[INFO|CRAWLER.py] 2020-11-13 21:50:29,445 > 15 rows in 1-15 of 75
[INFO|CRAWLER.py] 2020-11-13 21:50:39,988 > No caution link in 0th row
[INFO|CRAWLER.py] 2020-11-13 21:50:40,499 > 15 rows in 1-15 of 75
[INFO|CRAWLER.py] 2020-11-13 21:50:40,529 > 유의사항 기준 탐색 완료
[INFO|CRAWLER.py] 2020-11-13 21:50:41,046 > 15 rows in 1-15 of 75
[INFO|CRAWLER.py] 2020-11-13 21:50:43,127 > YCB1001-02-00 cleared
[INFO|CRAWLER.py] 2020-11-13 21:50:45,177 > YCB1001-03-00 cleared
[INFO|CRAWLER.py] 2020-11-13 21:50:47,227 > YCB1001-04-00 cleared
[INFO|CRAWLER.py] 2020-11-13 21:50:49,278 > YCB1101-01-00 cleared
[INFO|CRAWLER.py] 2020-11-13 21:50:51,450 > YCB1101-07-00 cleared
[INFO|CRAWLER.py] 2020-11-13 21:50:54,116 > 15 rows in 16-30 of 75
[INFO|CRAWLER.py] 2020-11-13 21:50:56,184 > YCB1101-13-00 cleared
[INFO|CRAWLER.py] 2020-11-13 21:50:58,273 > YCB1101-16-00 cleared
[INFO|CRAWLER.py] 2020-11-13 21:51:01,054 > 15 rows in 31-45 of 75
[INFO|CRAWLER.py] 2020-11-13 21:51:03,170 > YCB1101-30-00 cleared
[INFO|CRAWLER.py] 2020-11-13 21:51:05,969 > 15 rows in 46-60 of 75
[INFO|CRAWLER.py] 2020-11-13 21:51:08,125 > YCB1101-47-00 cleared
[INFO|CRAWLER.py] 2020-11-13 21:51:10,894 > 15 rows in 61-75 of 75
[INFO|CRAWLER.py] 2020-11-13 21:51:13,265 > 공통기초-글쓰기 탐색 완료
[INFO|CRAWLER.py] 2020-11-13 21:51:13,265 > 20162-(~2018학번)국제캠퍼스-공통기초-대학영어 수집 시작
[INFO|CRAWLER.py] 2020-11-13 21:51:13,887 > 15 rows in 1-15 of 144
[INFO|CRAWLER.py] 2020-11-13 21:51:13,911 > 유의사항 기준 탐색 완료
[INFO|CRAWLER.py] 2020-11-13 21:51:14,427 > 15 rows in 1-15 of 144
[INFO|CRAWLER.py] 2020-11-13 21:51:16,545 > YCC1001-04-00 cleared
[INFO|CRAWLER.py] 2020-11-13 21:51:18,647 > YCC1002-03-00 cleared
[INFO|CRAWLER.py] 2020-11-13 21:51:20,734 > YCC1002-05-00 cleared
[INFO|CRAWLER.py] 2020-11-13 21:51:23,444 > 15 rows in 16-30 of 144
[INFO|CRAWLER.py] 2020-11-13 21:51:25,495 > YCC1101-04-00 cleared
[INFO|CRAWLER.py] 2020-11-13 21:51:27,689 > YCC1101-11-00 cleared
[INFO|CRAWLER.py] 2020-11-13 21:51:29,763 > YCC1101-13-00 cleared
[INFO|CRAWLER.py] 2020-11-13 21:51:32,443 > 15 rows in 31-45 of 144
[INFO|CRAWLER.py] 2020-11-13 21:51:34,646 > YCC1101-25-00 cleared
[INFO|CRAWLER.py] 2020-11-13 21:51:37,389 > 15 rows in 46-60 of 144
[INFO|CRAWLER.py] 2020-11-13 21:51:39,508 > YCC1101-37-00 cleared
[INFO|CRAWLER.py] 2020-11-13 21:51:41,597 > YCC1102-03-00 cleared
[INFO|CRAWLER.py] 2020-11-13 21:51:44,337 > 15 rows in 61-75 of 144
[INFO|CRAWLER.py] 2020-11-13 21:51:46,517 > YCC1102-18-00 cleared
[INFO|CRAWLER.py] 2020-11-13 21:51:48,562 > YCC1102-19-00 cleared
[INFO|CRAWLER.py] 2020-11-13 21:51:50,642 > YCC1102-21-00 cleared
[INFO|CRAWLER.py] 2020-11-13 21:51:53,312 > 15 rows in 76-90 of 144
[INFO|CRAWLER.py] 2020-11-13 21:51:55,587 > YCC1102-37-00 cleared
[INFO|CRAWLER.py] 2020-11-13 21:51:57,682 > YCC1102-40-00 cleared
[INFO|CRAWLER.py] 2020-11-13 21:52:00,265 > 15 rows in 91-105 of 144
[INFO|CRAWLER.py] 2020-11-13 21:52:02,317 > YCC1102-42-00 cleared
[INFO|CRAWLER.py] 2020-11-13 21:52:04,514 > YCC1201-07-00 cleared
[INFO|CRAWLER.py] 2020-11-13 21:52:06,590 > YCC1201-09-00 cleared
[INFO|CRAWLER.py] 2020-11-13 21:52:08,720 > YCC1201-13-00 cleared
[INFO|CRAWLER.py] 2020-11-13 21:52:11,330 > 15 rows in 106-120 of 144
[INFO|CRAWLER.py] 2020-11-13 21:52:14,275 > 15 rows in 121-135 of 144
[INFO|CRAWLER.py] 2020-11-13 21:52:16,326 > YCC1202-05-00 cleared
[INFO|CRAWLER.py] 2020-11-13 21:52:18,651 > YCC1202-17-00 cleared
[INFO|CRAWLER.py] 2020-11-13 21:52:21,266 > 9 rows in 136-144 of 144
[INFO|CRAWLER.py] 2020-11-13 21:52:23,371 > YCC1202-22-00 cleared
[INFO|CRAWLER.py] 2020-11-13 21:52:25,448 > YCC1202-24-00 cleared
[INFO|CRAWLER.py] 2020-11-13 21:52:27,550 > YCC1202-27-00 cleared
[INFO|CRAWLER.py] 2020-11-13 21:52:29,617 > 공통기초-대학영어 탐색 완료
[INFO|CRAWLER.py] 2020-11-13 21:52:29,617 > 20162-(~2018학번)국제캠퍼스-필수교양-문학과예술 수집 시작
[INFO|CRAWLER.py] 2020-11-13 21:52:30,243 > 8 rows in 1-8 of 8
[INFO|CRAWLER.py] 2020-11-13 21:52:30,269 > 유의사항 기준 탐색 완료
[INFO|CRAWLER.py] 2020-11-13 21:52:30,790 > 8 rows in 1-8 of 8
[INFO|CRAWLER.py] 2020-11-13 21:52:32,846 > UCE1105-03-00 cleared
[INFO|CRAWLER.py] 2020-11-13 21:52:34,903 > UCE1105-04-00 cleared
[INFO|CRAWLER.py] 2020-11-13 21:52:36,966 > UCE1108-02-00 cleared
[INFO|CRAWLER.py] 2020-11-13 21:52:39,018 > YCD1201-01-00 cleared
[INFO|CRAWLER.py] 2020-11-13 21:52:41,090 > YCD1602-02-00 cleared
[INFO|CRAWLER.py] 2020-11-13 21:52:43,139 > YCD1999-03-00 cleared
[INFO|CRAWLER.py] 2020-11-13 21:52:45,195 > YCD1999-04-00 cleared
[INFO|CRAWLER.py] 2020-11-13 21:52:47,246 > 필수교양-문학과예술 탐색 완료
[INFO|CRAWLER.py] 2020-11-13 21:52:47,247 > 20162-(~2018학번)국제캠퍼스-필수교양-인간과역사 수집 시작
[INFO|CRAWLER.py] 2020-11-13 21:52:47,873 > 15 rows in 1-15 of 20
[INFO|CRAWLER.py] 2020-11-13 21:52:47,898 > 유의사항 기준 탐색 완료
[INFO|CRAWLER.py] 2020-11-13 21:52:48,417 > 15 rows in 1-15 of 20
[INFO|CRAWLER.py] 2020-11-13 21:52:48,451 > CFS2103-01-00: 중복된 강의 객체. caution 수집 완료
[INFO|CRAWLER.py] 2020-11-13 21:52:48,494 > CFS2106-01-00: 중복된 강의 객체. caution 수집 완료
[INFO|CRAWLER.py] 2020-11-13 21:52:48,532 > PHI1001-01-00: 중복된 강의 객체. caution 수집 완료
[INFO|CRAWLER.py] 2020-11-13 21:52:50,588 > UCB1103-02-00 cleared
[INFO|CRAWLER.py] 2020-11-13 21:52:52,643 > UCB1103-03-00 cleared
[INFO|CRAWLER.py] 2020-11-13 21:52:54,698 > UCB1105-02-00 cleared
[INFO|CRAWLER.py] 2020-11-13 21:52:56,753 > UCD1102-03-00 cleared
[INFO|CRAWLER.py] 2020-11-13 21:52:58,807 > YCE1202-01-00 cleared
[INFO|CRAWLER.py] 2020-11-13 21:53:00,863 > YCE1203-01-00 cleared
[INFO|CRAWLER.py] 2020-11-13 21:53:02,920 > YCE1251-01-00 cleared
[INFO|CRAWLER.py] 2020-11-13 21:53:04,970 > YCE1253-01-00 cleared
[INFO|CRAWLER.py] 2020-11-13 21:53:07,038 > YCE1601-01-00 cleared
[INFO|CRAWLER.py] 2020-11-13 21:53:09,093 > YCE1604-01-00 cleared
[INFO|CRAWLER.py] 2020-11-13 21:53:11,149 > YCE1607-01-00 cleared
[INFO|CRAWLER.py] 2020-11-13 21:53:13,205 > YCE1998-01-00 cleared
[INFO|CRAWLER.py] 2020-11-13 21:53:15,766 > 5 rows in 16-20 of 20
[INFO|CRAWLER.py] 2020-11-13 21:53:17,825 > YCE1998-02-00 cleared
[INFO|CRAWLER.py] 2020-11-13 21:53:19,932 > YCE1999-03-00 cleared
[INFO|CRAWLER.py] 2020-11-13 21:53:21,988 > YCE1999-04-00 cleared
[INFO|CRAWLER.py] 2020-11-13 21:53:24,015 > 필수교양-인간과역사 탐색 완료
[INFO|CRAWLER.py] 2020-11-13 21:53:24,015 > 20162-(~2018학번)국제캠퍼스-필수교양-언어와표현 수집 시작
[INFO|CRAWLER.py] 2020-11-13 21:53:24,644 > 15 rows in 1-15 of 36
[INFO|CRAWLER.py] 2020-11-13 21:53:24,669 > 유의사항 기준 탐색 완료
[INFO|CRAWLER.py] 2020-11-13 21:53:25,187 > 15 rows in 1-15 of 36
[INFO|CRAWLER.py] 2020-11-13 21:53:27,238 > YCF1201-07-00 cleared
[INFO|CRAWLER.py] 2020-11-13 21:53:29,307 > YCF1201-08-00 cleared
[INFO|CRAWLER.py] 2020-11-13 21:53:31,359 > YCF1201-09-00 cleared
[INFO|CRAWLER.py] 2020-11-13 21:53:33,461 > YCF1201-12-00 cleared
[INFO|CRAWLER.py] 2020-11-13 21:53:35,513 > YCF1202-03-00 cleared
[INFO|CRAWLER.py] 2020-11-13 21:53:37,562 > YCF1301-04-00 cleared
[INFO|CRAWLER.py] 2020-11-13 21:53:39,660 > YCF1301-07-00 cleared
[INFO|CRAWLER.py] 2020-11-13 21:53:41,739 > YCF1302-05-00 cleared
[INFO|CRAWLER.py] 2020-11-13 21:53:44,381 > 15 rows in 16-30 of 36
[INFO|CRAWLER.py] 2020-11-13 21:53:46,432 > YCF1351-06-00 cleared
[INFO|CRAWLER.py] 2020-11-13 21:53:48,483 > YCF1352-04-00 cleared
[INFO|CRAWLER.py] 2020-11-13 21:53:50,607 > YCF1451-03-00 cleared
[INFO|CRAWLER.py] 2020-11-13 21:53:52,660 > YCF1451-04-00 cleared
[INFO|CRAWLER.py] 2020-11-13 21:53:54,739 > YCF1452-03-00 cleared
[INFO|CRAWLER.py] 2020-11-13 21:53:56,819 > YCF1501-03-00 cleared
[INFO|CRAWLER.py] 2020-11-13 21:53:58,896 > YCF1502-03-00 cleared
[INFO|CRAWLER.py] 2020-11-13 21:54:00,947 > YCF1502-04-00 cleared
[INFO|CRAWLER.py] 2020-11-13 21:54:03,541 > 6 rows in 31-36 of 36
[INFO|CRAWLER.py] 2020-11-13 21:54:05,616 > YCF1552-03-00 cleared
[INFO|CRAWLER.py] 2020-11-13 21:54:07,672 > YCF1603-03-00 cleared
[INFO|CRAWLER.py] 2020-11-13 21:54:09,777 > YCF1652-03-00 cleared
[INFO|CRAWLER.py] 2020-11-13 21:54:11,820 > 필수교양-언어와표현 탐색 완료
[INFO|CRAWLER.py] 2020-11-13 21:54:11,820 > 20162-(~2018학번)국제캠퍼스-필수교양-가치와윤리 수집 시작
[INFO|CRAWLER.py] 2020-11-13 21:54:12,447 > 5 rows in 1-5 of 5
[INFO|CRAWLER.py] 2020-11-13 21:54:12,476 > 유의사항 기준 탐색 완료
[INFO|CRAWLER.py] 2020-11-13 21:54:12,993 > 5 rows in 1-5 of 5
[INFO|CRAWLER.py] 2020-11-13 21:54:13,027 > PSY2110-01-00: 중복된 강의 객체. caution 수집 완료
[INFO|CRAWLER.py] 2020-11-13 21:54:15,079 > YCG1702-01-00 cleared
[INFO|CRAWLER.py] 2020-11-13 21:54:17,134 > YCG1998-01-00 cleared
[INFO|CRAWLER.py] 2020-11-13 21:54:19,188 > YCG1999-02-00 cleared
[INFO|CRAWLER.py] 2020-11-13 21:54:21,235 > 필수교양-가치와윤리 탐색 완료
[INFO|CRAWLER.py] 2020-11-13 21:54:21,236 > 20162-(~2018학번)국제캠퍼스-필수교양-국가와사회공동체 수집 시작
[INFO|CRAWLER.py] 2020-11-13 21:54:21,849 > 7 rows in 1-7 of 7
[INFO|CRAWLER.py] 2020-11-13 21:54:21,872 > 유의사항 기준 탐색 완료
[INFO|CRAWLER.py] 2020-11-13 21:54:22,390 > 7 rows in 1-7 of 7
[INFO|CRAWLER.py] 2020-11-13 21:54:22,426 > EDU2002-01-00: 중복된 강의 객체. caution 수집 완료
[INFO|CRAWLER.py] 2020-11-13 21:54:22,468 > SOC1002-02-00: 중복된 강의 객체. caution 수집 완료
[INFO|CRAWLER.py] 2020-11-13 21:54:22,508 > SOC1004-01-00: 중복된 강의 객체. caution 수집 완료
[INFO|CRAWLER.py] 2020-11-13 21:54:24,559 > UCD1101-02-00 cleared
[INFO|CRAWLER.py] 2020-11-13 21:54:26,640 > YCH1998-01-00 cleared
[INFO|CRAWLER.py] 2020-11-13 21:54:28,707 > YCH1999-02-00 cleared
[INFO|CRAWLER.py] 2020-11-13 21:54:30,734 > 필수교양-국가와사회공동체 탐색 완료
[INFO|CRAWLER.py] 2020-11-13 21:54:30,734 > 20162-(~2018학번)국제캠퍼스-필수교양-지역사회와세계 수집 시작
[INFO|CRAWLER.py] 2020-11-13 21:54:31,356 > 15 rows in 1-15 of 15
[INFO|CRAWLER.py] 2020-11-13 21:54:31,384 > 유의사항 기준 탐색 완료
[INFO|CRAWLER.py] 2020-11-13 21:54:31,902 > 15 rows in 1-15 of 15
[INFO|CRAWLER.py] 2020-11-13 21:54:31,937 > ANT2105-01-00: 중복된 강의 객체. caution 수집 완료
[INFO|CRAWLER.py] 2020-11-13 21:54:33,987 > ECO1001-05-00 cleared
[INFO|CRAWLER.py] 2020-11-13 21:54:36,046 > ECO1001-06-00 cleared
[INFO|CRAWLER.py] 2020-11-13 21:54:38,096 > ECO1001-07-00 cleared
[INFO|CRAWLER.py] 2020-11-13 21:54:38,135 > ECO1001-08-00: 중복된 강의 객체. caution 수집 완료
[INFO|CRAWLER.py] 2020-11-13 21:54:38,175 > ECO1001-09-00: 중복된 강의 객체. caution 수집 완료
[INFO|CRAWLER.py] 2020-11-13 21:54:40,340 > UCD1106-02-00 cleared
[INFO|CRAWLER.py] 2020-11-13 21:54:42,394 > YCI1301-01-00 cleared
[INFO|CRAWLER.py] 2020-11-13 21:54:44,450 > YCI1901-01-00 cleared
[INFO|CRAWLER.py] 2020-11-13 21:54:46,502 > YCI1998-01-00 cleared
[INFO|CRAWLER.py] 2020-11-13 21:54:48,551 > YCI1999-01-00 cleared
[INFO|CRAWLER.py] 2020-11-13 21:54:50,579 > 필수교양-지역사회와세계 탐색 완료
[INFO|CRAWLER.py] 2020-11-13 21:54:50,579 > 20162-(~2018학번)국제캠퍼스-필수교양-논리와수리 수집 시작
[INFO|CRAWLER.py] 2020-11-13 21:54:51,203 > 15 rows in 1-15 of 65
[INFO|CRAWLER.py] 2020-11-13 21:54:51,231 > 유의사항 기준 탐색 완료
[INFO|CRAWLER.py] 2020-11-13 21:54:51,749 > 15 rows in 1-15 of 65
[INFO|CRAWLER.py] 2020-11-13 21:54:53,919 > MAT1001-02-01 cleared
[INFO|CRAWLER.py] 2020-11-13 21:54:56,148 > MAT1002-05-01 cleared
[INFO|CRAWLER.py] 2020-11-13 21:54:58,198 > MAT1002-05-02 cleared
[INFO|CRAWLER.py] 2020-11-13 21:55:00,780 > 15 rows in 16-30 of 65
[INFO|CRAWLER.py] 2020-11-13 21:55:02,841 > MAT1002-06-01 cleared
[INFO|CRAWLER.py] 2020-11-13 21:55:04,918 > MAT1011-02-01 cleared
[INFO|CRAWLER.py] 2020-11-13 21:55:06,993 > MAT1012-02-01 cleared
[INFO|CRAWLER.py] 2020-11-13 21:55:09,069 > MAT1012-03-01 cleared
[INFO|CRAWLER.py] 2020-11-13 21:55:11,161 > MAT1012-04-01 cleared
[INFO|CRAWLER.py] 2020-11-13 21:55:13,222 > MAT1012-04-02 cleared
[INFO|CRAWLER.py] 2020-11-13 21:55:15,275 > MAT1012-05-01 cleared
[INFO|CRAWLER.py] 2020-11-13 21:55:17,349 > MAT1012-06-01 cleared
[INFO|CRAWLER.py] 2020-11-13 21:55:19,441 > MAT1012-07-01 cleared
[INFO|CRAWLER.py] 2020-11-13 21:55:22,027 > 15 rows in 31-45 of 65
[INFO|CRAWLER.py] 2020-11-13 21:55:24,107 > MAT1012-08-01 cleared
[INFO|CRAWLER.py] 2020-11-13 21:55:26,187 > MAT1012-09-01 cleared
[INFO|CRAWLER.py] 2020-11-13 21:55:28,277 > MAT1012-10-01 cleared
[INFO|CRAWLER.py] 2020-11-13 21:55:30,332 > MAT1012-10-02 cleared
[INFO|CRAWLER.py] 2020-11-13 21:55:32,474 > MAT1012-12-01 cleared
[INFO|CRAWLER.py] 2020-11-13 21:55:34,554 > MAT1012-13-01 cleared
[INFO|CRAWLER.py] 2020-11-13 21:55:36,632 > MAT1012-14-01 cleared
[INFO|CRAWLER.py] 2020-11-13 21:55:39,239 > 15 rows in 46-60 of 65
[INFO|CRAWLER.py] 2020-11-13 21:55:41,294 > MAT1017-01-01 cleared
[INFO|CRAWLER.py] 2020-11-13 21:55:43,349 > MAT1017-01-02 cleared
[INFO|CRAWLER.py] 2020-11-13 21:55:45,430 > STA1001-07-00 cleared
[INFO|CRAWLER.py] 2020-11-13 21:55:47,509 > STA1001-09-00 cleared
[INFO|CRAWLER.py] 2020-11-13 21:55:49,565 > STA1001-10-00 cleared
[INFO|CRAWLER.py] 2020-11-13 21:55:51,645 > STA1001-12-00 cleared
[INFO|CRAWLER.py] 2020-11-13 21:55:53,741 > STA1001-14-00 cleared
[INFO|CRAWLER.py] 2020-11-13 21:55:55,797 > STA1001-15-00 cleared
[INFO|CRAWLER.py] 2020-11-13 21:55:57,851 > STA1001-16-00 cleared
[INFO|CRAWLER.py] 2020-11-13 21:55:57,891 > STA1001-17-00: 중복된 강의 객체. caution 수집 완료
[INFO|CRAWLER.py] 2020-11-13 21:55:57,933 > STA2105-01-00: 중복된 강의 객체. caution 수집 완료
[INFO|CRAWLER.py] 2020-11-13 21:56:00,497 > 5 rows in 61-65 of 65
[INFO|CRAWLER.py] 2020-11-13 21:56:02,548 > YCJ1002-01-00 cleared
[INFO|CRAWLER.py] 2020-11-13 21:56:04,601 > YCJ1004-01-00 cleared
[INFO|CRAWLER.py] 2020-11-13 21:56:06,649 > YCJ1301-01-00 cleared
[INFO|CRAWLER.py] 2020-11-13 21:56:08,706 > YCJ1401-01-00 cleared
[INFO|CRAWLER.py] 2020-11-13 21:56:10,758 > YCJ1998-01-00 cleared
[INFO|CRAWLER.py] 2020-11-13 21:56:12,801 > 필수교양-논리와수리 탐색 완료
[INFO|CRAWLER.py] 2020-11-13 21:56:12,801 > 20162-(~2018학번)국제캠퍼스-필수교양-자연과우주 수집 시작
[INFO|CRAWLER.py] 2020-11-13 21:56:13,428 > 15 rows in 1-15 of 61
[INFO|CRAWLER.py] 2020-11-13 21:56:13,460 > 유의사항 기준 탐색 완료
[INFO|CRAWLER.py] 2020-11-13 21:56:13,979 > 15 rows in 1-15 of 61
[INFO|CRAWLER.py] 2020-11-13 21:56:16,027 > CHE1002-02-00 cleared
[INFO|CRAWLER.py] 2020-11-13 21:56:18,105 > CHE1002-04-00 cleared
[INFO|CRAWLER.py] 2020-11-13 21:56:20,156 > CHE1002-05-00 cleared
[INFO|CRAWLER.py] 2020-11-13 21:56:22,206 > CHE1002-06-00 cleared
[INFO|CRAWLER.py] 2020-11-13 21:56:24,256 > CHE1002-07-00 cleared
[INFO|CRAWLER.py] 2020-11-13 21:56:26,319 > CHE1002-08-00 cleared
[INFO|CRAWLER.py] 2020-11-13 21:56:29,104 > 15 rows in 16-30 of 61
[INFO|CRAWLER.py] 2020-11-13 21:56:31,212 > CHE1012-11-00 cleared
[INFO|CRAWLER.py] 2020-11-13 21:56:33,338 > CHE1012-15-00 cleared
[INFO|CRAWLER.py] 2020-11-13 21:56:35,420 > CHE1102-01-00 cleared
[INFO|CRAWLER.py] 2020-11-13 21:56:37,502 > FNS1001-01-00 cleared
[INFO|CRAWLER.py] 2020-11-13 21:56:39,556 > PHY1001-01-01 cleared
[INFO|CRAWLER.py] 2020-11-13 21:56:41,659 > PHY1002-04-00 cleared
[INFO|CRAWLER.py] 2020-11-13 21:56:44,244 > 15 rows in 31-45 of 61
[INFO|CRAWLER.py] 2020-11-13 21:56:46,319 > PHY1002-06-00 cleared
[INFO|CRAWLER.py] 2020-11-13 21:56:48,471 > PHY1011-01-01 cleared
[INFO|CRAWLER.py] 2020-11-13 21:56:50,549 > PHY1012-03-00 cleared
[INFO|CRAWLER.py] 2020-11-13 21:56:53,281 > 15 rows in 46-60 of 61
[INFO|CRAWLER.py] 2020-11-13 21:56:55,388 > PHY1012-12-00 cleared
[INFO|CRAWLER.py] 2020-11-13 21:56:57,438 > PHY1012-13-00 cleared
[INFO|CRAWLER.py] 2020-11-13 21:56:59,518 > PHY1012-15-00 cleared
[INFO|CRAWLER.py] 2020-11-13 21:57:01,570 > PHY1012-16-00 cleared
[INFO|CRAWLER.py] 2020-11-13 21:57:03,647 > PHY1012-18-00 cleared
[INFO|CRAWLER.py] 2020-11-13 21:57:05,703 > UCC1106-03-00 cleared
[INFO|CRAWLER.py] 2020-11-13 21:57:07,761 > UCC1106-04-00 cleared
[INFO|CRAWLER.py] 2020-11-13 21:57:09,842 > YCK1998-01-00 cleared
[INFO|CRAWLER.py] 2020-11-13 21:57:11,919 > YCK1998-03-00 cleared
[INFO|CRAWLER.py] 2020-11-13 21:57:14,474 > 1 rows in 61-61 of 61
[INFO|CRAWLER.py] 2020-11-13 21:57:16,528 > YCK1998-04-00 cleared
[INFO|CRAWLER.py] 2020-11-13 21:57:18,577 > 필수교양-자연과우주 탐색 완료
[INFO|CRAWLER.py] 2020-11-13 21:57:18,577 > 20162-(~2018학번)국제캠퍼스-필수교양-생명과환경 수집 시작
[INFO|CRAWLER.py] 2020-11-13 21:57:19,203 > 15 rows in 1-15 of 17
[INFO|CRAWLER.py] 2020-11-13 21:57:29,766 > No caution link in 0th row
[INFO|CRAWLER.py] 2020-11-13 21:57:30,273 > 15 rows in 1-15 of 17
[INFO|CRAWLER.py] 2020-11-13 21:57:30,301 > 유의사항 기준 탐색 완료
[INFO|CRAWLER.py] 2020-11-13 21:57:30,820 > 15 rows in 1-15 of 17
[INFO|CRAWLER.py] 2020-11-13 21:57:43,373 > BIO1002-02-00 cleared
[INFO|CRAWLER.py] 2020-11-13 21:57:45,423 > BIO1009-02-00 cleared
[INFO|CRAWLER.py] 2020-11-13 21:57:47,476 > BIO1009-03-00 cleared
[INFO|CRAWLER.py] 2020-11-13 21:57:49,552 > BIO1012-03-00 cleared
[INFO|CRAWLER.py] 2020-11-13 21:57:51,604 > BIO1012-04-00 cleared
[INFO|CRAWLER.py] 2020-11-13 21:57:53,655 > BIO1012-05-00 cleared
[INFO|CRAWLER.py] 2020-11-13 21:57:55,715 > BIO1012-06-00 cleared
[INFO|CRAWLER.py] 2020-11-13 21:57:57,768 > BIO1012-07-00 cleared
[INFO|CRAWLER.py] 2020-11-13 21:57:59,821 > BIO1102-01-00 cleared
[INFO|CRAWLER.py] 2020-11-13 21:58:01,946 > YCL1203-01-00 cleared
[INFO|CRAWLER.py] 2020-11-13 21:58:04,003 > YCL1401-01-00 cleared
[INFO|CRAWLER.py] 2020-11-13 21:58:06,566 > 2 rows in 16-17 of 17
[INFO|CRAWLER.py] 2020-11-13 21:58:08,621 > YCL1998-01-00 cleared
[INFO|CRAWLER.py] 2020-11-13 21:58:10,677 > YCL1999-01-00 cleared
[INFO|CRAWLER.py] 2020-11-13 21:58:12,710 > 필수교양-생명과환경 탐색 완료
[INFO|CRAWLER.py] 2020-11-13 21:58:12,710 > 20162-(~2018학번)국제캠퍼스-필수교양-소프트웨어 수집 시작
[INFO|CRAWLER.py] 2020-11-13 21:58:13,337 > 0 rows in 1-0 of 0
[INFO|CRAWLER.py] 2020-11-13 21:58:23,851 > No caution link in 0th row
[INFO|CRAWLER.py] 2020-11-13 21:58:24,362 > 0 rows in 1-0 of 0
[INFO|CRAWLER.py] 2020-11-13 21:58:24,362 > No caution in pages
[INFO|CRAWLER.py] 2020-11-13 21:58:24,881 > 0 rows in 1-0 of 0
[INFO|CRAWLER.py] 2020-11-13 21:58:26,906 > 필수교양-소프트웨어 탐색 완료
[INFO|CRAWLER.py] 2020-11-13 21:58:26,906 > 20162-(~2018학번)국제캠퍼스-선택교양-일반 수집 시작
[INFO|CRAWLER.py] 2020-11-13 21:58:27,514 > 15 rows in 1-15 of 23
[INFO|CRAWLER.py] 2020-11-13 21:58:27,538 > 유의사항 기준 탐색 완료
[INFO|CRAWLER.py] 2020-11-13 21:58:28,055 > 15 rows in 1-15 of 23
[INFO|CRAWLER.py] 2020-11-13 21:58:30,228 > UCI1110-01-00 cleared
[INFO|CRAWLER.py] 2020-11-13 21:58:32,286 > UCJ1112-02-00 cleared
[INFO|CRAWLER.py] 2020-11-13 21:58:34,343 > UCJ1113-03-00 cleared
[INFO|CRAWLER.py] 2020-11-13 21:58:36,451 > UCL1203-03-00 cleared
[INFO|CRAWLER.py] 2020-11-13 21:58:38,511 > UCL1204-02-00 cleared
[INFO|CRAWLER.py] 2020-11-13 21:58:40,572 > UCG1107-03-00 cleared
[INFO|CRAWLER.py] 2020-11-13 21:58:42,626 > UCI1144-01-00 cleared
[INFO|CRAWLER.py] 2020-11-13 21:58:44,683 > UCI1156-01-00 cleared
[INFO|CRAWLER.py] 2020-11-13 21:58:47,240 > 8 rows in 16-23 of 23
[INFO|CRAWLER.py] 2020-11-13 21:58:49,293 > UCJ1119-01-00 cleared
[INFO|CRAWLER.py] 2020-11-13 21:59:01,881 > UCJ1134-01-00 cleared
[INFO|CRAWLER.py] 2020-11-13 21:59:03,936 > UCK1105-03-00 cleared
[INFO|CRAWLER.py] 2020-11-13 21:59:05,991 > UCK1106-02-00 cleared
[INFO|CRAWLER.py] 2020-11-13 21:59:08,044 > UCK1124-02-00 cleared
[INFO|CRAWLER.py] 2020-11-13 21:59:10,097 > UCK1125-02-00 cleared
[INFO|CRAWLER.py] 2020-11-13 21:59:12,174 > UCK1131-02-00 cleared
[INFO|CRAWLER.py] 2020-11-13 21:59:14,219 > 선택교양-일반 탐색 완료
[INFO|CRAWLER.py] 2020-11-13 21:59:14,219 > 20162-(~2018학번)국제캠퍼스-선택교양-RC SE (HE1) 수집 시작
[INFO|CRAWLER.py] 2020-11-13 21:59:14,840 > 15 rows in 1-15 of 37
[INFO|CRAWLER.py] 2020-11-13 21:59:14,867 > 유의사항 기준 탐색 완료
[INFO|CRAWLER.py] 2020-11-13 21:59:15,385 > 15 rows in 1-15 of 37
[INFO|CRAWLER.py] 2020-11-13 21:59:17,462 > UCR1001-02-00 cleared
[INFO|CRAWLER.py] 2020-11-13 21:59:19,609 > UCR1001-07-00 cleared
[INFO|CRAWLER.py] 2020-11-13 21:59:22,381 > 15 rows in 16-30 of 37
[INFO|CRAWLER.py] 2020-11-13 21:59:24,477 > UCR1001-18-00 cleared
[INFO|CRAWLER.py] 2020-11-13 21:59:26,627 > UCR1001-23-00 cleared
[INFO|CRAWLER.py] 2020-11-13 21:59:28,680 > UCR1001-24-00 cleared
[INFO|CRAWLER.py] 2020-11-13 21:59:30,759 > UCR1001-26-00 cleared
[INFO|CRAWLER.py] 2020-11-13 21:59:32,813 > UCR1001-27-00 cleared
[INFO|CRAWLER.py] 2020-11-13 21:59:34,916 > UCR1001-30-00 cleared
[INFO|CRAWLER.py] 2020-11-13 21:59:37,481 > 7 rows in 31-37 of 37
[INFO|CRAWLER.py] 2020-11-13 21:59:39,531 > UCR1001-31-00 cleared
[INFO|CRAWLER.py] 2020-11-13 21:59:41,584 > UCR1001-32-00 cleared
[INFO|CRAWLER.py] 2020-11-13 21:59:43,745 > 선택교양-RC SE (HE1) 탐색 완료
[INFO|CRAWLER.py] 2020-11-13 21:59:43,745 > 20162-(~2018학번)국제캠퍼스-선택교양-RC HE2 수집 시작
[INFO|CRAWLER.py] 2020-11-13 21:59:44,375 > 15 rows in 1-15 of 30
[INFO|CRAWLER.py] 2020-11-13 21:59:44,403 > 유의사항 기준 탐색 완료
[INFO|CRAWLER.py] 2020-11-13 21:59:44,921 > 15 rows in 1-15 of 30
[INFO|CRAWLER.py] 2020-11-13 21:59:46,977 > UCR1002-01-00 cleared
[INFO|CRAWLER.py] 2020-11-13 21:59:49,030 > UCR1002-02-00 cleared
[INFO|CRAWLER.py] 2020-11-13 22:00:01,665 > UCR1002-05-00 cleared
[INFO|CRAWLER.py] 2020-11-13 22:00:03,793 > UCR1002-08-00 cleared
[INFO|CRAWLER.py] 2020-11-13 22:00:05,847 > UCR1002-09-00 cleared
[INFO|CRAWLER.py] 2020-11-13 22:00:07,899 > UCR1002-10-00 cleared
[INFO|CRAWLER.py] 2020-11-13 22:00:09,952 > UCR1002-11-00 cleared
[INFO|CRAWLER.py] 2020-11-13 22:00:12,075 > UCR1002-15-00 cleared
[INFO|CRAWLER.py] 2020-11-13 22:00:14,659 > 15 rows in 16-30 of 30
[INFO|CRAWLER.py] 2020-11-13 22:00:16,734 > UCR1002-17-00 cleared
[INFO|CRAWLER.py] 2020-11-13 22:00:18,789 > UCR1002-18-00 cleared
[INFO|CRAWLER.py] 2020-11-13 22:00:20,839 > UCR1002-19-00 cleared
[INFO|CRAWLER.py] 2020-11-13 22:00:22,903 > UCR1002-20-00 cleared
[INFO|CRAWLER.py] 2020-11-13 22:00:24,955 > UCR1002-21-00 cleared
[INFO|CRAWLER.py] 2020-11-13 22:00:27,010 > UCR1002-22-00 cleared
[INFO|CRAWLER.py] 2020-11-13 22:00:29,070 > UCR1002-23-00 cleared
[INFO|CRAWLER.py] 2020-11-13 22:00:31,128 > UCR1002-24-00 cleared
[INFO|CRAWLER.py] 2020-11-13 22:00:33,182 > UCR1002-25-00 cleared
[INFO|CRAWLER.py] 2020-11-13 22:00:35,267 > UCR1002-27-00 cleared
[INFO|CRAWLER.py] 2020-11-13 22:00:37,321 > UCR1002-28-00 cleared
[INFO|CRAWLER.py] 2020-11-13 22:00:39,372 > UCR1002-29-00 cleared
[INFO|CRAWLER.py] 2020-11-13 22:00:41,428 > UCR1002-30-00 cleared
[INFO|CRAWLER.py] 2020-11-13 22:00:43,478 > 선택교양-RC HE2 탐색 완료
[INFO|CRAWLER.py] 2020-11-13 22:00:43,479 > 20162-(~2018학번)국제캠퍼스-선택교양-RC HE3 수집 시작
[INFO|CRAWLER.py] 2020-11-13 22:00:44,103 > 15 rows in 1-15 of 54
[INFO|CRAWLER.py] 2020-11-13 22:00:44,131 > 유의사항 기준 탐색 완료
[INFO|CRAWLER.py] 2020-11-13 22:00:44,651 > 15 rows in 1-15 of 54
[INFO|CRAWLER.py] 2020-11-13 22:00:46,728 > UCR1003-02-00 cleared
[INFO|CRAWLER.py] 2020-11-13 22:00:48,827 > UCR1003-05-00 cleared
[INFO|CRAWLER.py] 2020-11-13 22:00:50,954 > UCR1003-09-00 cleared
[INFO|CRAWLER.py] 2020-11-13 22:00:53,051 > UCR1003-12-00 cleared
[INFO|CRAWLER.py] 2020-11-13 22:00:55,103 > UCR1003-13-00 cleared
[INFO|CRAWLER.py] 2020-11-13 22:00:57,161 > UCR1003-14-00 cleared
[INFO|CRAWLER.py] 2020-11-13 22:00:59,755 > 15 rows in 16-30 of 54
[INFO|CRAWLER.py] 2020-11-13 22:01:01,803 > UCR1003-16-00 cleared
[INFO|CRAWLER.py] 2020-11-13 22:01:03,858 > UCR1003-17-00 cleared
[INFO|CRAWLER.py] 2020-11-13 22:01:05,908 > UCR1003-18-00 cleared
[INFO|CRAWLER.py] 2020-11-13 22:01:07,962 > UCR1003-19-00 cleared
[INFO|CRAWLER.py] 2020-11-13 22:01:10,012 > UCR1003-20-00 cleared
[INFO|CRAWLER.py] 2020-11-13 22:01:12,066 > UCR1003-21-00 cleared
[INFO|CRAWLER.py] 2020-11-13 22:01:14,116 > UCR1003-22-00 cleared
[INFO|CRAWLER.py] 2020-11-13 22:01:16,175 > UCR1003-23-00 cleared
[INFO|CRAWLER.py] 2020-11-13 22:01:18,232 > UCR1003-24-00 cleared
[INFO|CRAWLER.py] 2020-11-13 22:01:20,284 > UCR1003-25-00 cleared
[INFO|CRAWLER.py] 2020-11-13 22:01:22,338 > UCR1003-26-00 cleared
[INFO|CRAWLER.py] 2020-11-13 22:01:24,441 > UCR1003-29-00 cleared
[INFO|CRAWLER.py] 2020-11-13 22:01:27,048 > 15 rows in 31-45 of 54
[INFO|CRAWLER.py] 2020-11-13 22:01:29,106 > UCR1003-31-00 cleared
[INFO|CRAWLER.py] 2020-11-13 22:01:31,207 > UCR1003-34-00 cleared
[INFO|CRAWLER.py] 2020-11-13 22:01:33,261 > UCR1003-35-00 cleared
[INFO|CRAWLER.py] 2020-11-13 22:01:35,337 > UCR1003-37-00 cleared
[INFO|CRAWLER.py] 2020-11-13 22:01:37,393 > UCR1003-38-00 cleared
[INFO|CRAWLER.py] 2020-11-13 22:01:39,494 > UCR1003-41-00 cleared
[INFO|CRAWLER.py] 2020-11-13 22:01:41,570 > UCR1003-43-00 cleared
[INFO|CRAWLER.py] 2020-11-13 22:01:43,621 > UCR1003-44-00 cleared
[INFO|CRAWLER.py] 2020-11-13 22:01:46,215 > 9 rows in 46-54 of 54
[INFO|CRAWLER.py] 2020-11-13 22:01:48,271 > UCR1003-46-00 cleared
[INFO|CRAWLER.py] 2020-11-13 22:01:50,328 > UCR1003-47-00 cleared
[INFO|CRAWLER.py] 2020-11-13 22:01:52,427 > UCR1003-50-00 cleared
[INFO|CRAWLER.py] 2020-11-13 22:01:54,491 > UCR1003-51-00 cleared
[INFO|CRAWLER.py] 2020-11-13 22:01:56,546 > UCR1003-52-00 cleared
[INFO|CRAWLER.py] 2020-11-13 22:01:58,620 > UCR1003-54-00 cleared
[INFO|CRAWLER.py] 2020-11-13 22:02:00,667 > 선택교양-RC HE3 탐색 완료
[INFO|CRAWLER.py] 2020-11-13 22:02:00,667 > 20162-(~2018학번)국제캠퍼스-의예과(1학년) 수집 시작
[INFO|CRAWLER.py] 2020-11-13 22:02:01,292 > 11 rows in 1-11 of 11
[INFO|CRAWLER.py] 2020-11-13 22:02:01,319 > 유의사항 기준 탐색 완료
[INFO|CRAWLER.py] 2020-11-13 22:02:01,837 > 11 rows in 1-11 of 11
[INFO|CRAWLER.py] 2020-11-13 22:02:01,871 > BIO1102-01-00: 중복된 강의 객체. caution 수집 완료
[INFO|CRAWLER.py] 2020-11-13 22:02:02,009 > CHE1102-01-00: 중복된 강의 객체. caution 수집 완료
[INFO|CRAWLER.py] 2020-11-13 22:02:04,154 > 의예과(1학년) 탐색 완료
[INFO|CRAWLER.py] 2020-11-13 22:02:04,154 > 20162-(~2018학번)국제캠퍼스-치의예과(1학년) 수집 시작
[INFO|CRAWLER.py] 2020-11-13 22:02:04,774 > 9 rows in 1-9 of 9
[INFO|CRAWLER.py] 2020-11-13 22:02:04,801 > 유의사항 기준 탐색 완료
[INFO|CRAWLER.py] 2020-11-13 22:02:05,319 > 9 rows in 1-9 of 9
[INFO|CRAWLER.py] 2020-11-13 22:02:05,354 > BIO1102-01-00: 중복된 강의 객체. caution 수집 완료
[INFO|CRAWLER.py] 2020-11-13 22:02:05,489 > CHE1102-01-00: 중복된 강의 객체. caution 수집 완료
[INFO|CRAWLER.py] 2020-11-13 22:02:07,590 > 치의예과(1학년) 탐색 완료
[INFO|CRAWLER.py] 2020-11-13 22:02:07,591 > (~2018학번)국제캠퍼스 수집 완료
[INFO|CRAWLER.py] 2020-11-13 22:02:07,592 > FINISHED_LECT_OBJs에 20162-ELECTIVES 전부 등록 완료
