[INFO|CRAWLER.py] 2020-11-13 20:37:56,535 > 작업완료된 강의 객체 목록 다운로드 시작
[INFO|CRAWLER.py] 2020-11-13 20:37:57,467 > 작업완료된 강의 객체 목록 다운로드 완료
[INFO|CRAWLER.py] 2020-11-13 20:38:00,252 > 20161-공통기초(10~18학번)-채플 수집 시작
[INFO|CRAWLER.py] 2020-11-13 20:38:00,889 > 10 rows in 1-10 of 10
[INFO|CRAWLER.py] 2020-11-13 20:38:00,919 > 유의사항 기준 탐색 완료
[INFO|CRAWLER.py] 2020-11-13 20:38:01,438 > 10 rows in 1-10 of 10
[INFO|CRAWLER.py] 2020-11-13 20:38:03,624 > YCA1003-01-00 cleared
[INFO|CRAWLER.py] 2020-11-13 20:38:05,888 > YCA1003-02-00 cleared
[INFO|CRAWLER.py] 2020-11-13 20:38:08,153 > YCA1003-03-00 cleared
[INFO|CRAWLER.py] 2020-11-13 20:38:10,497 > YCA1003-04-00 cleared
[INFO|CRAWLER.py] 2020-11-13 20:38:12,599 > YCA1003-05-00 cleared
[INFO|CRAWLER.py] 2020-11-13 20:38:14,783 > YCA1007-01-00 cleared
[INFO|CRAWLER.py] 2020-11-13 20:38:17,084 > YCA1007-02-00 cleared
[INFO|CRAWLER.py] 2020-11-13 20:38:19,453 > YCA1007-03-00 cleared
[INFO|CRAWLER.py] 2020-11-13 20:38:21,825 > YCA1007-04-00 cleared
[INFO|CRAWLER.py] 2020-11-13 20:38:23,928 > YCA1007-05-00 cleared
[INFO|CRAWLER.py] 2020-11-13 20:38:25,956 > 채플 탐색 완료
[INFO|CRAWLER.py] 2020-11-13 20:38:25,956 > 20161-공통기초(10~18학번)-기독교의이해 수집 시작
[INFO|CRAWLER.py] 2020-11-13 20:38:26,579 > 6 rows in 1-6 of 6
[INFO|CRAWLER.py] 2020-11-13 20:38:26,607 > 유의사항 기준 탐색 완료
[INFO|CRAWLER.py] 2020-11-13 20:38:27,126 > 6 rows in 1-6 of 6
[INFO|CRAWLER.py] 2020-11-13 20:38:29,231 > YCA1101-10-00 cleared
[INFO|CRAWLER.py] 2020-11-13 20:38:31,313 > YCA1101-11-00 cleared
[INFO|CRAWLER.py] 2020-11-13 20:38:33,374 > YCA1101-12-00 cleared
[INFO|CRAWLER.py] 2020-11-13 20:38:35,447 > YCA1102-14-00 cleared
[INFO|CRAWLER.py] 2020-11-13 20:38:37,513 > YCA1102-15-00 cleared
[INFO|CRAWLER.py] 2020-11-13 20:38:39,570 > YCA1103-05-00 cleared
[INFO|CRAWLER.py] 2020-11-13 20:38:41,592 > 기독교의이해 탐색 완료
[INFO|CRAWLER.py] 2020-11-13 20:38:41,592 > 20161-공통기초(10~18학번)-대학영어 수집 시작
[INFO|CRAWLER.py] 2020-11-13 20:38:42,181 > 15 rows in 1-15 of 21
[INFO|CRAWLER.py] 2020-11-13 20:38:42,203 > 유의사항 기준 탐색 완료
[INFO|CRAWLER.py] 2020-11-13 20:38:42,719 > 15 rows in 1-15 of 21
[INFO|CRAWLER.py] 2020-11-13 20:38:44,784 > YCC1001-09-00 cleared
[INFO|CRAWLER.py] 2020-11-13 20:38:46,841 > YCC1001-10-00 cleared
[INFO|CRAWLER.py] 2020-11-13 20:38:48,896 > YCC1001-11-00 cleared
[INFO|CRAWLER.py] 2020-11-13 20:38:50,955 > YCC1001-12-00 cleared
[INFO|CRAWLER.py] 2020-11-13 20:38:53,002 > YCC1001-13-00 cleared
[INFO|CRAWLER.py] 2020-11-13 20:38:55,119 > YCC1002-05-00 cleared
[INFO|CRAWLER.py] 2020-11-13 20:38:57,178 > YCC1002-06-00 cleared
[INFO|CRAWLER.py] 2020-11-13 20:38:59,255 > YCC1101-60-00 cleared
[INFO|CRAWLER.py] 2020-11-13 20:39:01,321 > YCC1101-61-00 cleared
[INFO|CRAWLER.py] 2020-11-13 20:39:03,381 > YCC1101-62-00 cleared
[INFO|CRAWLER.py] 2020-11-13 20:39:05,444 > YCC1101-63-00 cleared
[INFO|CRAWLER.py] 2020-11-13 20:39:07,512 > YCC1102-37-00 cleared
[INFO|CRAWLER.py] 2020-11-13 20:39:09,575 > YCC1102-38-00 cleared
[INFO|CRAWLER.py] 2020-11-13 20:39:12,146 > 6 rows in 16-21 of 21
[INFO|CRAWLER.py] 2020-11-13 20:39:14,211 > YCC1102-39-00 cleared
[INFO|CRAWLER.py] 2020-11-13 20:39:16,276 > YCC1102-40-00 cleared
[INFO|CRAWLER.py] 2020-11-13 20:39:18,343 > YCC1201-14-00 cleared
[INFO|CRAWLER.py] 2020-11-13 20:39:20,438 > YCC1202-30-00 cleared
[INFO|CRAWLER.py] 2020-11-13 20:39:22,498 > 대학영어 탐색 완료
[INFO|CRAWLER.py] 2020-11-13 20:39:22,498 > 20161-공통기초(10~18학번)-글쓰기 수집 시작
[INFO|CRAWLER.py] 2020-11-13 20:39:23,127 > 8 rows in 1-8 of 8
[INFO|CRAWLER.py] 2020-11-13 20:39:23,152 > 유의사항 기준 탐색 완료
[INFO|CRAWLER.py] 2020-11-13 20:39:23,668 > 8 rows in 1-8 of 8
[INFO|CRAWLER.py] 2020-11-13 20:39:25,727 > YCB1101-79-00 cleared
[INFO|CRAWLER.py] 2020-11-13 20:39:27,794 > YCB1101-80-00 cleared
[INFO|CRAWLER.py] 2020-11-13 20:39:29,857 > YCB1101-81-00 cleared
[INFO|CRAWLER.py] 2020-11-13 20:39:31,919 > YCB1101-82-00 cleared
[INFO|CRAWLER.py] 2020-11-13 20:39:44,490 > YCB1101-83-00 cleared
[INFO|CRAWLER.py] 2020-11-13 20:39:46,541 > YCB1101-84-00 cleared
[INFO|CRAWLER.py] 2020-11-13 20:39:48,603 > YCB1101-85-00 cleared
[INFO|CRAWLER.py] 2020-11-13 20:39:50,684 > YCB1101-86-00 cleared
[INFO|CRAWLER.py] 2020-11-13 20:39:52,709 > 글쓰기 탐색 완료
[INFO|CRAWLER.py] 2020-11-13 20:39:52,709 > 공통기초(10~18학번) 수집 완료
[INFO|CRAWLER.py] 2020-11-13 20:39:52,709 > 20161-필수교양(10~18학번)-문학과예술 수집 시작
[INFO|CRAWLER.py] 2020-11-13 20:39:53,337 > 13 rows in 1-13 of 13
[INFO|CRAWLER.py] 2020-11-13 20:39:53,364 > 유의사항 기준 탐색 완료
[INFO|CRAWLER.py] 2020-11-13 20:39:53,883 > 13 rows in 1-13 of 13
[INFO|CRAWLER.py] 2020-11-13 20:39:55,967 > UCJ1104-01-00 cleared
[INFO|CRAWLER.py] 2020-11-13 20:39:58,037 > UCB1107-01-00 cleared
[INFO|CRAWLER.py] 2020-11-13 20:40:00,099 > UCB1110-01-00 cleared
[INFO|CRAWLER.py] 2020-11-13 20:40:02,270 > UCE1105-01-00 cleared
[INFO|CRAWLER.py] 2020-11-13 20:40:04,420 > UCE1105-02-00 cleared
[INFO|CRAWLER.py] 2020-11-13 20:40:06,502 > UCE1107-01-00 cleared
[INFO|CRAWLER.py] 2020-11-13 20:40:08,574 > UCE1108-01-00 cleared
[INFO|CRAWLER.py] 2020-11-13 20:40:10,717 > YCD1001-01-00 cleared
[INFO|CRAWLER.py] 2020-11-13 20:40:12,883 > YCD1101-01-00 cleared
[INFO|CRAWLER.py] 2020-11-13 20:40:14,953 > YCD1104-01-00 cleared
[INFO|CRAWLER.py] 2020-11-13 20:40:17,035 > YCD1201-01-00 cleared
[INFO|CRAWLER.py] 2020-11-13 20:40:19,270 > YCD1602-01-00 cleared
[INFO|CRAWLER.py] 2020-11-13 20:40:21,325 > 문학과예술 탐색 완료
[INFO|CRAWLER.py] 2020-11-13 20:40:21,325 > 20161-필수교양(10~18학번)-인간과역사 수집 시작
[INFO|CRAWLER.py] 2020-11-13 20:40:21,952 > 15 rows in 1-15 of 20
[INFO|CRAWLER.py] 2020-11-13 20:40:21,977 > 유의사항 기준 탐색 완료
[INFO|CRAWLER.py] 2020-11-13 20:40:22,495 > 15 rows in 1-15 of 20
[INFO|CRAWLER.py] 2020-11-13 20:40:22,531 > ANT1001-01-00: 중복된 강의 객체. caution 수집 완료
[INFO|CRAWLER.py] 2020-11-13 20:40:22,567 > PHI1001-01-00: 중복된 강의 객체. caution 수집 완료
[INFO|CRAWLER.py] 2020-11-13 20:40:24,726 > UCB1101-01-00 cleared
[INFO|CRAWLER.py] 2020-11-13 20:40:26,796 > UCB1103-01-00 cleared
[INFO|CRAWLER.py] 2020-11-13 20:40:28,865 > UCB1103-02-00 cleared
[INFO|CRAWLER.py] 2020-11-13 20:40:30,969 > UCB1105-01-00 cleared
[INFO|CRAWLER.py] 2020-11-13 20:40:33,138 > UCD1102-01-00 cleared
[INFO|CRAWLER.py] 2020-11-13 20:40:35,212 > UCD1102-02-00 cleared
[INFO|CRAWLER.py] 2020-11-13 20:40:37,286 > UCD1107-01-00 cleared
[INFO|CRAWLER.py] 2020-11-13 20:40:39,393 > UCE1102-01-00 cleared
[INFO|CRAWLER.py] 2020-11-13 20:40:41,471 > YCE1001-01-00 cleared
[INFO|CRAWLER.py] 2020-11-13 20:40:43,562 > YCE1101-01-00 cleared
[INFO|CRAWLER.py] 2020-11-13 20:40:45,627 > YCE1201-01-00 cleared
[INFO|CRAWLER.py] 2020-11-13 20:40:47,694 > YCE1254-01-00 cleared
[INFO|CRAWLER.py] 2020-11-13 20:40:49,788 > YCE1255-01-00 cleared
[INFO|CRAWLER.py] 2020-11-13 20:40:52,342 > 5 rows in 16-20 of 20
[INFO|CRAWLER.py] 2020-11-13 20:40:54,550 > YCE1601-01-00 cleared
[INFO|CRAWLER.py] 2020-11-13 20:40:56,650 > YCE1604-01-00 cleared
[INFO|CRAWLER.py] 2020-11-13 20:40:58,733 > YCE1607-01-00 cleared
[INFO|CRAWLER.py] 2020-11-13 20:41:11,317 > YCE1999-01-00 cleared
[INFO|CRAWLER.py] 2020-11-13 20:41:23,875 > YCE1999-02-00 cleared
[INFO|CRAWLER.py] 2020-11-13 20:41:25,917 > 인간과역사 탐색 완료
[INFO|CRAWLER.py] 2020-11-13 20:41:25,917 > 20161-필수교양(10~18학번)-언어와표현 수집 시작
[INFO|CRAWLER.py] 2020-11-13 20:41:26,544 > 15 rows in 1-15 of 53
[INFO|CRAWLER.py] 2020-11-13 20:41:26,571 > 유의사항 기준 탐색 완료
[INFO|CRAWLER.py] 2020-11-13 20:41:27,089 > 15 rows in 1-15 of 53
[INFO|CRAWLER.py] 2020-11-13 20:41:29,187 > UCB1109-01-00 cleared
[INFO|CRAWLER.py] 2020-11-13 20:41:31,260 > YCF1201-01-00 cleared
[INFO|CRAWLER.py] 2020-11-13 20:41:33,321 > YCF1201-02-00 cleared
[INFO|CRAWLER.py] 2020-11-13 20:41:35,390 > YCF1201-03-00 cleared
[INFO|CRAWLER.py] 2020-11-13 20:41:37,451 > YCF1201-04-00 cleared
[INFO|CRAWLER.py] 2020-11-13 20:41:39,521 > YCF1201-05-00 cleared
[INFO|CRAWLER.py] 2020-11-13 20:41:41,590 > YCF1201-06-00 cleared
[INFO|CRAWLER.py] 2020-11-13 20:41:54,178 > YCF1202-01-00 cleared
[INFO|CRAWLER.py] 2020-11-13 20:41:56,235 > YCF1202-02-00 cleared
[INFO|CRAWLER.py] 2020-11-13 20:41:58,288 > YCF1203-01-00 cleared
[INFO|CRAWLER.py] 2020-11-13 20:42:00,389 > YCF1301-01-00 cleared
[INFO|CRAWLER.py] 2020-11-13 20:42:02,458 > YCF1301-02-00 cleared
[INFO|CRAWLER.py] 2020-11-13 20:42:04,523 > YCF1301-03-00 cleared
[INFO|CRAWLER.py] 2020-11-13 20:42:17,121 > YCF1302-01-00 cleared
[INFO|CRAWLER.py] 2020-11-13 20:42:19,184 > YCF1302-02-00 cleared
[INFO|CRAWLER.py] 2020-11-13 20:42:21,778 > 15 rows in 16-30 of 53
[INFO|CRAWLER.py] 2020-11-13 20:42:23,841 > YCF1302-03-00 cleared
[INFO|CRAWLER.py] 2020-11-13 20:42:25,894 > YCF1303-01-00 cleared
[INFO|CRAWLER.py] 2020-11-13 20:42:38,456 > YCF1303-02-00 cleared
[INFO|CRAWLER.py] 2020-11-13 20:42:40,537 > YCF1351-01-00 cleared
[INFO|CRAWLER.py] 2020-11-13 20:42:42,610 > YCF1351-02-00 cleared
[INFO|CRAWLER.py] 2020-11-13 20:42:44,682 > YCF1351-03-00 cleared
[INFO|CRAWLER.py] 2020-11-13 20:42:46,745 > YCF1351-04-00 cleared
[INFO|CRAWLER.py] 2020-11-13 20:42:48,808 > YCF1352-01-00 cleared
[INFO|CRAWLER.py] 2020-11-13 20:42:50,869 > YCF1352-02-00 cleared
[INFO|CRAWLER.py] 2020-11-13 20:42:52,930 > YCF1353-01-00 cleared
[INFO|CRAWLER.py] 2020-11-13 20:42:54,987 > YCF1402-01-00 cleared
[INFO|CRAWLER.py] 2020-11-13 20:42:57,045 > YCF1403-01-00 cleared
[INFO|CRAWLER.py] 2020-11-13 20:42:59,111 > YCF1405-01-00 cleared
[INFO|CRAWLER.py] 2020-11-13 20:43:01,177 > YCF1406-01-00 cleared
[INFO|CRAWLER.py] 2020-11-13 20:43:03,248 > YCF1407-01-00 cleared
[INFO|CRAWLER.py] 2020-11-13 20:43:05,823 > 15 rows in 31-45 of 53
[INFO|CRAWLER.py] 2020-11-13 20:43:07,903 > YCF1451-01-00 cleared
[INFO|CRAWLER.py] 2020-11-13 20:43:09,975 > YCF1451-02-00 cleared
[INFO|CRAWLER.py] 2020-11-13 20:43:12,036 > YCF1452-01-00 cleared
[INFO|CRAWLER.py] 2020-11-13 20:43:14,099 > YCF1453-01-00 cleared
[INFO|CRAWLER.py] 2020-11-13 20:43:16,178 > YCF1501-01-00 cleared
[INFO|CRAWLER.py] 2020-11-13 20:43:18,241 > YCF1501-02-00 cleared
[INFO|CRAWLER.py] 2020-11-13 20:43:20,296 > YCF1502-01-00 cleared
[INFO|CRAWLER.py] 2020-11-13 20:43:22,351 > YCF1502-02-00 cleared
[INFO|CRAWLER.py] 2020-11-13 20:43:24,430 > YCF1503-01-00 cleared
[INFO|CRAWLER.py] 2020-11-13 20:43:26,482 > YCF1551-01-00 cleared
[INFO|CRAWLER.py] 2020-11-13 20:43:28,534 > YCF1551-02-00 cleared
[INFO|CRAWLER.py] 2020-11-13 20:43:41,122 > YCF1552-01-00 cleared
[INFO|CRAWLER.py] 2020-11-13 20:43:43,245 > YCF1601-01-00 cleared
[INFO|CRAWLER.py] 2020-11-13 20:43:45,819 > 8 rows in 46-53 of 53
[INFO|CRAWLER.py] 2020-11-13 20:43:47,889 > YCF1603-01-00 cleared
[INFO|CRAWLER.py] 2020-11-13 20:43:49,977 > YCF1603-02-00 cleared
[INFO|CRAWLER.py] 2020-11-13 20:43:52,042 > YCF1604-01-00 cleared
[INFO|CRAWLER.py] 2020-11-13 20:43:54,100 > YCF1605-01-00 cleared
[INFO|CRAWLER.py] 2020-11-13 20:43:56,183 > YCF1607-01-00 cleared
[INFO|CRAWLER.py] 2020-11-13 20:43:58,270 > YCF1651-01-00 cleared
[INFO|CRAWLER.py] 2020-11-13 20:44:00,374 > YCF1652-01-00 cleared
[INFO|CRAWLER.py] 2020-11-13 20:44:02,503 > YCF1652-02-00 cleared
[INFO|CRAWLER.py] 2020-11-13 20:44:04,547 > 언어와표현 탐색 완료
[INFO|CRAWLER.py] 2020-11-13 20:44:04,547 > 20161-필수교양(10~18학번)-가치와윤리 수집 시작
[INFO|CRAWLER.py] 2020-11-13 20:44:05,173 > 15 rows in 1-15 of 19
[INFO|CRAWLER.py] 2020-11-13 20:44:05,199 > 유의사항 기준 탐색 완료
[INFO|CRAWLER.py] 2020-11-13 20:44:05,714 > 15 rows in 1-15 of 19
[INFO|CRAWLER.py] 2020-11-13 20:44:07,785 > OMA1001-01-00 cleared
[INFO|CRAWLER.py] 2020-11-13 20:44:09,959 > UCB1104-01-00 cleared
[INFO|CRAWLER.py] 2020-11-13 20:44:12,019 > YCG1002-01-01 cleared
[INFO|CRAWLER.py] 2020-11-13 20:44:14,079 > YCG1002-01-02 cleared
[INFO|CRAWLER.py] 2020-11-13 20:44:16,137 > YCG1002-01-03 cleared
[INFO|CRAWLER.py] 2020-11-13 20:44:18,193 > YCG1002-01-04 cleared
[INFO|CRAWLER.py] 2020-11-13 20:44:20,246 > YCG1002-01-05 cleared
[INFO|CRAWLER.py] 2020-11-13 20:44:22,303 > YCG1002-01-06 cleared
[INFO|CRAWLER.py] 2020-11-13 20:44:24,362 > YCG1002-01-07 cleared
[INFO|CRAWLER.py] 2020-11-13 20:44:26,421 > YCG1002-01-08 cleared
[INFO|CRAWLER.py] 2020-11-13 20:44:28,477 > YCG1002-01-09 cleared
[INFO|CRAWLER.py] 2020-11-13 20:44:30,534 > YCG1002-01-10 cleared
[INFO|CRAWLER.py] 2020-11-13 20:44:32,784 > YCG1802-01-00 cleared
[INFO|CRAWLER.py] 2020-11-13 20:44:35,023 > YCG1851-01-00 cleared
[INFO|CRAWLER.py] 2020-11-13 20:44:37,236 > YCG1852-01-00 cleared
[INFO|CRAWLER.py] 2020-11-13 20:44:39,803 > 4 rows in 16-19 of 19
[INFO|CRAWLER.py] 2020-11-13 20:44:41,865 > YCG1999-01-00 cleared
[INFO|CRAWLER.py] 2020-11-13 20:44:43,939 > YCG1999-02-00 cleared
[INFO|CRAWLER.py] 2020-11-13 20:44:46,007 > YCG1999-03-00 cleared
[INFO|CRAWLER.py] 2020-11-13 20:44:48,090 > YCG1999-04-00 cleared
[INFO|CRAWLER.py] 2020-11-13 20:44:50,125 > 가치와윤리 탐색 완료
[INFO|CRAWLER.py] 2020-11-13 20:44:50,125 > 20161-필수교양(10~18학번)-국가와사회공동체 수집 시작
[INFO|CRAWLER.py] 2020-11-13 20:44:50,752 > 14 rows in 1-14 of 14
[INFO|CRAWLER.py] 2020-11-13 20:44:50,776 > 유의사항 기준 탐색 완료
[INFO|CRAWLER.py] 2020-11-13 20:44:51,294 > 14 rows in 1-14 of 14
[INFO|CRAWLER.py] 2020-11-13 20:44:51,329 > EDU2002-01-00: 중복된 강의 객체. caution 수집 완료
[INFO|CRAWLER.py] 2020-11-13 20:44:51,365 > SOC1002-02-00: 중복된 강의 객체. caution 수집 완료
[INFO|CRAWLER.py] 2020-11-13 20:44:51,402 > SOC1002-03-00: 중복된 강의 객체. caution 수집 완료
[INFO|CRAWLER.py] 2020-11-13 20:44:51,439 > SOC1004-01-00: 중복된 강의 객체. caution 수집 완료
[INFO|CRAWLER.py] 2020-11-13 20:44:53,523 > UCD1101-01-00 cleared
[INFO|CRAWLER.py] 2020-11-13 20:44:55,623 > UCD1104-01-00 cleared
[INFO|CRAWLER.py] 2020-11-13 20:44:57,775 > UCD1105-01-00 cleared
[INFO|CRAWLER.py] 2020-11-13 20:45:00,133 > YCH1302-01-00 cleared
[INFO|CRAWLER.py] 2020-11-13 20:45:02,223 > YCH1303-01-00 cleared
[INFO|CRAWLER.py] 2020-11-13 20:45:04,386 > YCH1601-01-00 cleared
[INFO|CRAWLER.py] 2020-11-13 20:45:06,543 > YCH1602-01-00 cleared
[INFO|CRAWLER.py] 2020-11-13 20:45:08,706 > YCH1606-01-00 cleared
[INFO|CRAWLER.py] 2020-11-13 20:45:10,771 > YCH1999-01-00 cleared
[INFO|CRAWLER.py] 2020-11-13 20:45:12,829 > YCH1999-02-00 cleared
[INFO|CRAWLER.py] 2020-11-13 20:45:14,851 > 국가와사회공동체 탐색 완료
[INFO|CRAWLER.py] 2020-11-13 20:45:14,852 > 20161-필수교양(10~18학번)-지역사회와세계 수집 시작
[INFO|CRAWLER.py] 2020-11-13 20:45:15,448 > 12 rows in 1-12 of 12
[INFO|CRAWLER.py] 2020-11-13 20:45:15,476 > 유의사항 기준 탐색 완료
[INFO|CRAWLER.py] 2020-11-13 20:45:15,991 > 12 rows in 1-12 of 12
[INFO|CRAWLER.py] 2020-11-13 20:45:18,083 > ECO1001-01-00 cleared
[INFO|CRAWLER.py] 2020-11-13 20:45:20,230 > ECO1001-02-00 cleared
[INFO|CRAWLER.py] 2020-11-13 20:45:22,323 > ECO1001-03-00 cleared
[INFO|CRAWLER.py] 2020-11-13 20:45:24,416 > ECO1001-04-00 cleared
[INFO|CRAWLER.py] 2020-11-13 20:45:26,506 > UCD1103-01-00 cleared
[INFO|CRAWLER.py] 2020-11-13 20:45:28,670 > UCD1106-01-00 cleared
[INFO|CRAWLER.py] 2020-11-13 20:45:30,775 > UCF1101-01-00 cleared
[INFO|CRAWLER.py] 2020-11-13 20:45:32,847 > UCF1104-01-00 cleared
[INFO|CRAWLER.py] 2020-11-13 20:45:34,937 > YCI1001-01-00 cleared
[INFO|CRAWLER.py] 2020-11-13 20:45:37,013 > YCI1201-01-00 cleared
[INFO|CRAWLER.py] 2020-11-13 20:45:39,158 > YCI1851-01-00 cleared
[INFO|CRAWLER.py] 2020-11-13 20:45:41,335 > YCI1853-01-00 cleared
[INFO|CRAWLER.py] 2020-11-13 20:45:43,361 > 지역사회와세계 탐색 완료
[INFO|CRAWLER.py] 2020-11-13 20:45:43,361 > 20161-필수교양(10~18학번)-논리와수리 수집 시작
[INFO|CRAWLER.py] 2020-11-13 20:45:43,992 > 15 rows in 1-15 of 39
[INFO|CRAWLER.py] 2020-11-13 20:45:44,021 > 유의사항 기준 탐색 완료
[INFO|CRAWLER.py] 2020-11-13 20:45:44,538 > 15 rows in 1-15 of 39
[INFO|CRAWLER.py] 2020-11-13 20:45:46,616 > ENG1108-01-00 cleared
[INFO|CRAWLER.py] 2020-11-13 20:45:48,685 > ENG1108-02-00 cleared
[INFO|CRAWLER.py] 2020-11-13 20:45:50,744 > ENG1108-03-00 cleared
[INFO|CRAWLER.py] 2020-11-13 20:45:52,806 > ENG1108-04-01 cleared
[INFO|CRAWLER.py] 2020-11-13 20:45:54,880 > ENG1108-04-02 cleared
[INFO|CRAWLER.py] 2020-11-13 20:45:56,957 > ENG1108-05-01 cleared
[INFO|CRAWLER.py] 2020-11-13 20:45:59,016 > ENG1108-05-02 cleared
[INFO|CRAWLER.py] 2020-11-13 20:46:01,092 > ENG1108-06-00 cleared
[INFO|CRAWLER.py] 2020-11-13 20:46:03,148 > ENG1108-07-01 cleared
[INFO|CRAWLER.py] 2020-11-13 20:46:05,206 > ENG1108-07-02 cleared
[INFO|CRAWLER.py] 2020-11-13 20:46:07,270 > MAT1001-01-01 cleared
[INFO|CRAWLER.py] 2020-11-13 20:46:09,340 > MAT1001-01-02 cleared
[INFO|CRAWLER.py] 2020-11-13 20:46:11,408 > MAT1002-01-01 cleared
[INFO|CRAWLER.py] 2020-11-13 20:46:13,483 > MAT1002-01-02 cleared
[INFO|CRAWLER.py] 2020-11-13 20:46:15,565 > MAT1011-01-01 cleared
[INFO|CRAWLER.py] 2020-11-13 20:46:18,154 > 15 rows in 16-30 of 39
[INFO|CRAWLER.py] 2020-11-13 20:46:20,221 > MAT1011-01-02 cleared
[INFO|CRAWLER.py] 2020-11-13 20:46:22,297 > MAT1012-01-01 cleared
[INFO|CRAWLER.py] 2020-11-13 20:46:24,355 > MAT1012-01-02 cleared
[INFO|CRAWLER.py] 2020-11-13 20:46:26,441 > STA1001-01-00 cleared
[INFO|CRAWLER.py] 2020-11-13 20:46:28,508 > STA1001-02-00 cleared
[INFO|CRAWLER.py] 2020-11-13 20:46:30,582 > STA1001-03-00 cleared
[INFO|CRAWLER.py] 2020-11-13 20:46:32,643 > STA1001-04-00 cleared
[INFO|CRAWLER.py] 2020-11-13 20:46:34,732 > STA1001-05-00 cleared
[INFO|CRAWLER.py] 2020-11-13 20:46:36,809 > STA1001-06-00 cleared
[INFO|CRAWLER.py] 2020-11-13 20:46:38,904 > STA1001-07-00 cleared
[INFO|CRAWLER.py] 2020-11-13 20:46:38,943 > STA1001-08-00: 중복된 강의 객체. caution 수집 완료
[INFO|CRAWLER.py] 2020-11-13 20:46:41,046 > YCJ1001-01-00 cleared
[INFO|CRAWLER.py] 2020-11-13 20:46:43,116 > YCJ1402-01-00 cleared
[INFO|CRAWLER.py] 2020-11-13 20:46:43,156 > BIZ1101-01-00: 중복된 강의 객체. caution 수집 완료
[INFO|CRAWLER.py] 2020-11-13 20:46:43,195 > BIZ1101-02-00: 중복된 강의 객체. caution 수집 완료
[INFO|CRAWLER.py] 2020-11-13 20:46:45,747 > 9 rows in 31-39 of 39
[INFO|CRAWLER.py] 2020-11-13 20:46:45,777 > BIZ1101-03-00: 중복된 강의 객체. caution 수집 완료
[INFO|CRAWLER.py] 2020-11-13 20:46:45,805 > BIZ1101-04-00: 중복된 강의 객체. caution 수집 완료
[INFO|CRAWLER.py] 2020-11-13 20:46:45,833 > BIZ1101-05-00: 중복된 강의 객체. caution 수집 완료
[INFO|CRAWLER.py] 2020-11-13 20:46:45,862 > BIZ1101-06-00: 중복된 강의 객체. caution 수집 완료
[INFO|CRAWLER.py] 2020-11-13 20:46:45,894 > BIZ1101-07-00: 중복된 강의 객체. caution 수집 완료
[INFO|CRAWLER.py] 2020-11-13 20:46:47,992 > OMA1002-01-00 cleared
[INFO|CRAWLER.py] 2020-11-13 20:46:48,023 > STA2105-01-00: 중복된 강의 객체. caution 수집 완료
[INFO|CRAWLER.py] 2020-11-13 20:46:48,059 > STA2105-02-00: 중복된 강의 객체. caution 수집 완료
[INFO|CRAWLER.py] 2020-11-13 20:46:48,095 > STA2105-03-00: 중복된 강의 객체. caution 수집 완료
[INFO|CRAWLER.py] 2020-11-13 20:46:50,141 > 논리와수리 탐색 완료
[INFO|CRAWLER.py] 2020-11-13 20:46:50,141 > 20161-필수교양(10~18학번)-자연과우주 수집 시작
[INFO|CRAWLER.py] 2020-11-13 20:46:50,766 > 13 rows in 1-13 of 13
[INFO|CRAWLER.py] 2020-11-13 20:46:50,790 > 유의사항 기준 탐색 완료
[INFO|CRAWLER.py] 2020-11-13 20:46:51,305 > 13 rows in 1-13 of 13
[INFO|CRAWLER.py] 2020-11-13 20:46:53,392 > CHE1001-01-00 cleared
[INFO|CRAWLER.py] 2020-11-13 20:46:55,467 > CHE1011-01-00 cleared
[INFO|CRAWLER.py] 2020-11-13 20:46:57,541 > PHY1001-01-00 cleared
[INFO|CRAWLER.py] 2020-11-13 20:46:59,614 > PHY1001-02-00 cleared
[INFO|CRAWLER.py] 2020-11-13 20:47:01,706 > PHY1011-01-00 cleared
[INFO|CRAWLER.py] 2020-11-13 20:47:03,786 > PHY1011-02-00 cleared
[INFO|CRAWLER.py] 2020-11-13 20:47:05,865 > UCC1102-01-00 cleared
[INFO|CRAWLER.py] 2020-11-13 20:47:08,042 > UCC1105-01-00 cleared
[INFO|CRAWLER.py] 2020-11-13 20:47:10,252 > UCC1106-01-00 cleared
[INFO|CRAWLER.py] 2020-11-13 20:47:12,358 > UCC1106-02-00 cleared
[INFO|CRAWLER.py] 2020-11-13 20:47:14,462 > UCC1107-01-00 cleared
[INFO|CRAWLER.py] 2020-11-13 20:47:16,534 > 자연과우주 탐색 완료
[INFO|CRAWLER.py] 2020-11-13 20:47:16,534 > 20161-필수교양(10~18학번)-생명과환경 수집 시작
[INFO|CRAWLER.py] 2020-11-13 20:47:17,125 > 13 rows in 1-13 of 13
[INFO|CRAWLER.py] 2020-11-13 20:47:17,149 > 유의사항 기준 탐색 완료
[INFO|CRAWLER.py] 2020-11-13 20:47:17,666 > 13 rows in 1-13 of 13
[INFO|CRAWLER.py] 2020-11-13 20:47:19,746 > BIO1001-01-00 cleared
[INFO|CRAWLER.py] 2020-11-13 20:47:21,814 > BIO1008-01-00 cleared
[INFO|CRAWLER.py] 2020-11-13 20:47:23,892 > BIO1011-01-00 cleared
[INFO|CRAWLER.py] 2020-11-13 20:47:25,949 > BIO1012-01-00 cleared
[INFO|CRAWLER.py] 2020-11-13 20:47:25,988 > STS3105-01-00: 중복된 강의 객체. caution 수집 완료
[INFO|CRAWLER.py] 2020-11-13 20:47:28,126 > UCC1104-01-00 cleared
[INFO|CRAWLER.py] 2020-11-13 20:47:30,213 > UCC1109-01-00 cleared
[INFO|CRAWLER.py] 2020-11-13 20:47:32,318 > UCH1103-01-00 cleared
[INFO|CRAWLER.py] 2020-11-13 20:47:34,400 > UCH1104-01-00 cleared
[INFO|CRAWLER.py] 2020-11-13 20:47:36,547 > UCH1109-01-00 cleared
[INFO|CRAWLER.py] 2020-11-13 20:47:38,711 > YCL1201-01-00 cleared
[INFO|CRAWLER.py] 2020-11-13 20:47:40,780 > YCL1601-01-01 cleared
[INFO|CRAWLER.py] 2020-11-13 20:47:42,857 > YCL1601-01-02 cleared
[INFO|CRAWLER.py] 2020-11-13 20:47:44,883 > 생명과환경 탐색 완료
[INFO|CRAWLER.py] 2020-11-13 20:47:44,883 > 20161-필수교양(10~18학번)-소프트웨어 수집 시작
[INFO|CRAWLER.py] 2020-11-13 20:47:45,514 > 0 rows in 1-0 of 0
[INFO|CRAWLER.py] 2020-11-13 20:47:56,020 > No caution link in 0th row
[INFO|CRAWLER.py] 2020-11-13 20:47:56,530 > 0 rows in 1-0 of 0
[INFO|CRAWLER.py] 2020-11-13 20:47:56,530 > No caution in pages
[INFO|CRAWLER.py] 2020-11-13 20:47:57,049 > 0 rows in 1-0 of 0
[INFO|CRAWLER.py] 2020-11-13 20:47:59,072 > 소프트웨어 탐색 완료
[INFO|CRAWLER.py] 2020-11-13 20:47:59,072 > 필수교양(10~18학번) 수집 완료
[INFO|CRAWLER.py] 2020-11-13 20:47:59,073 > 20161-선택교양(10~18학번)-Freshman Seminars 수집 시작
[INFO|CRAWLER.py] 2020-11-13 20:47:59,703 > 1 rows in 1-1 of 1
[INFO|CRAWLER.py] 2020-11-13 20:47:59,727 > 유의사항 기준 탐색 완료
[INFO|CRAWLER.py] 2020-11-13 20:48:00,247 > 1 rows in 1-1 of 1
[INFO|CRAWLER.py] 2020-11-13 20:48:02,293 > Freshman Seminars 탐색 완료
[INFO|CRAWLER.py] 2020-11-13 20:48:02,293 > 20161-선택교양(10~18학번)-Gateway to College 수집 시작
[INFO|CRAWLER.py] 2020-11-13 20:48:02,882 > 0 rows in 1-0 of 0
[INFO|CRAWLER.py] 2020-11-13 20:48:13,386 > No caution link in 0th row
[INFO|CRAWLER.py] 2020-11-13 20:48:13,893 > 0 rows in 1-0 of 0
[INFO|CRAWLER.py] 2020-11-13 20:48:13,893 > No caution in pages
[INFO|CRAWLER.py] 2020-11-13 20:48:14,409 > 0 rows in 1-0 of 0
[INFO|CRAWLER.py] 2020-11-13 20:48:16,428 > Gateway to College 탐색 완료
[INFO|CRAWLER.py] 2020-11-13 20:48:16,429 > 20161-선택교양(10~18학번)-Residential Education 수집 시작
[INFO|CRAWLER.py] 2020-11-13 20:48:17,013 > 0 rows in 1-0 of 0
[INFO|CRAWLER.py] 2020-11-13 20:48:27,559 > No caution link in 0th row
[INFO|CRAWLER.py] 2020-11-13 20:48:28,065 > 0 rows in 1-0 of 0
[INFO|CRAWLER.py] 2020-11-13 20:48:28,065 > No caution in pages
[INFO|CRAWLER.py] 2020-11-13 20:48:28,581 > 0 rows in 1-0 of 0
[INFO|CRAWLER.py] 2020-11-13 20:48:30,600 > Residential Education 탐색 완료
[INFO|CRAWLER.py] 2020-11-13 20:48:30,600 > 20161-선택교양(10~18학번)-역사·철학영역 수집 시작
[INFO|CRAWLER.py] 2020-11-13 20:48:31,183 > 15 rows in 1-15 of 20
[INFO|CRAWLER.py] 2020-11-13 20:48:31,207 > 유의사항 기준 탐색 완료
[INFO|CRAWLER.py] 2020-11-13 20:48:31,723 > 15 rows in 1-15 of 20
[INFO|CRAWLER.py] 2020-11-13 20:48:33,778 > UCG1145-01-00 cleared
[INFO|CRAWLER.py] 2020-11-13 20:48:35,837 > UCG1104-01-00 cleared
[INFO|CRAWLER.py] 2020-11-13 20:48:37,907 > UCG1106-01-00 cleared
[INFO|CRAWLER.py] 2020-11-13 20:48:40,072 > UCG1107-01-00 cleared
[INFO|CRAWLER.py] 2020-11-13 20:48:42,202 > UCG1107-02-00 cleared
[INFO|CRAWLER.py] 2020-11-13 20:48:44,279 > UCG1108-01-00 cleared
[INFO|CRAWLER.py] 2020-11-13 20:48:46,344 > UCG1109-01-00 cleared
[INFO|CRAWLER.py] 2020-11-13 20:48:48,415 > UCG1112-01-00 cleared
[INFO|CRAWLER.py] 2020-11-13 20:48:50,471 > UCG1116-01-00 cleared
[INFO|CRAWLER.py] 2020-11-13 20:48:52,570 > UCG1117-01-00 cleared
[INFO|CRAWLER.py] 2020-11-13 20:48:54,633 > UCG1118-01-00 cleared
[INFO|CRAWLER.py] 2020-11-13 20:48:56,733 > UCG1122-01-00 cleared
[INFO|CRAWLER.py] 2020-11-13 20:48:58,864 > UCG1130-01-00 cleared
[INFO|CRAWLER.py] 2020-11-13 20:49:00,933 > UCG1139-01-00 cleared
[INFO|CRAWLER.py] 2020-11-13 20:49:02,994 > UCG1140-01-00 cleared
[INFO|CRAWLER.py] 2020-11-13 20:49:05,547 > 5 rows in 16-20 of 20
[INFO|CRAWLER.py] 2020-11-13 20:49:07,605 > UCG1142-01-00 cleared
[INFO|CRAWLER.py] 2020-11-13 20:49:09,673 > UCG1131-01-00 cleared
[INFO|CRAWLER.py] 2020-11-13 20:49:11,775 > UCG1131-02-00 cleared
[INFO|CRAWLER.py] 2020-11-13 20:49:13,876 > UCG1131-03-00 cleared
[INFO|CRAWLER.py] 2020-11-13 20:49:15,967 > UCG1131-04-00 cleared
[INFO|CRAWLER.py] 2020-11-13 20:49:18,006 > 역사·철학영역 탐색 완료
[INFO|CRAWLER.py] 2020-11-13 20:49:18,006 > 20161-선택교양(10~18학번)-과학·기술영역 수집 시작
[INFO|CRAWLER.py] 2020-11-13 20:49:18,635 > 15 rows in 1-15 of 16
[INFO|CRAWLER.py] 2020-11-13 20:49:18,660 > 유의사항 기준 탐색 완료
[INFO|CRAWLER.py] 2020-11-13 20:49:19,178 > 15 rows in 1-15 of 16
[INFO|CRAWLER.py] 2020-11-13 20:49:21,234 > UCF1103-01-01 cleared
[INFO|CRAWLER.py] 2020-11-13 20:49:23,292 > UCF1103-01-02 cleared
[INFO|CRAWLER.py] 2020-11-13 20:49:25,343 > UCF1103-01-03 cleared
[INFO|CRAWLER.py] 2020-11-13 20:49:27,405 > UCF1103-01-04 cleared
[INFO|CRAWLER.py] 2020-11-13 20:49:29,462 > UCH1102-01-00 cleared
[INFO|CRAWLER.py] 2020-11-13 20:49:31,524 > UCH1105-01-00 cleared
[INFO|CRAWLER.py] 2020-11-13 20:49:33,588 > UCH1114-01-00 cleared
[INFO|CRAWLER.py] 2020-11-13 20:49:35,660 > UCH1115-01-00 cleared
[INFO|CRAWLER.py] 2020-11-13 20:49:37,745 > UCH1117-01-00 cleared
[INFO|CRAWLER.py] 2020-11-13 20:49:39,836 > UCH1117-02-00 cleared
[INFO|CRAWLER.py] 2020-11-13 20:49:41,905 > UCH1117-03-00 cleared
[INFO|CRAWLER.py] 2020-11-13 20:49:43,988 > UCH1117-04-00 cleared
[INFO|CRAWLER.py] 2020-11-13 20:49:46,070 > UCH1117-05-00 cleared
[INFO|CRAWLER.py] 2020-11-13 20:49:48,131 > UCH1121-01-00 cleared
[INFO|CRAWLER.py] 2020-11-13 20:49:50,195 > UCH1123-01-00 cleared
[INFO|CRAWLER.py] 2020-11-13 20:49:52,741 > 1 rows in 16-16 of 16
[INFO|CRAWLER.py] 2020-11-13 20:49:54,833 > UCH1135-01-00 cleared
[INFO|CRAWLER.py] 2020-11-13 20:49:56,861 > 과학·기술영역 탐색 완료
[INFO|CRAWLER.py] 2020-11-13 20:49:56,861 > 20161-선택교양(10~18학번)-사회·윤리영역 수집 시작
[INFO|CRAWLER.py] 2020-11-13 20:49:57,481 > 15 rows in 1-15 of 38
[INFO|CRAWLER.py] 2020-11-13 20:49:57,507 > 유의사항 기준 탐색 완료
[INFO|CRAWLER.py] 2020-11-13 20:49:58,023 > 15 rows in 1-15 of 38
[INFO|CRAWLER.py] 2020-11-13 20:50:00,075 > UCI2001-01-00 cleared
[INFO|CRAWLER.py] 2020-11-13 20:50:02,129 > UCI2001-02-00 cleared
[INFO|CRAWLER.py] 2020-11-13 20:50:04,228 > UCI2001-03-00 cleared
[INFO|CRAWLER.py] 2020-11-13 20:50:16,797 > UCI2001-04-00 cleared
[INFO|CRAWLER.py] 2020-11-13 20:50:18,855 > UCI2001-05-00 cleared
[INFO|CRAWLER.py] 2020-11-13 20:50:20,968 > UCI2001-06-00 cleared
[INFO|CRAWLER.py] 2020-11-13 20:50:23,056 > UCI2001-08-00 cleared
[INFO|CRAWLER.py] 2020-11-13 20:50:25,125 > UCI2001-09-00 cleared
[INFO|CRAWLER.py] 2020-11-13 20:50:27,186 > UCI2001-10-00 cleared
[INFO|CRAWLER.py] 2020-11-13 20:50:29,265 > UCI2001-11-00 cleared
[INFO|CRAWLER.py] 2020-11-13 20:50:31,334 > UCI2001-12-00 cleared
[INFO|CRAWLER.py] 2020-11-13 20:50:33,392 > UCI2001-13-00 cleared
[INFO|CRAWLER.py] 2020-11-13 20:50:36,023 > 15 rows in 16-30 of 38
[INFO|CRAWLER.py] 2020-11-13 20:50:38,080 > UCI2001-16-00 cleared
[INFO|CRAWLER.py] 2020-11-13 20:50:40,143 > UCI2001-17-00 cleared
[INFO|CRAWLER.py] 2020-11-13 20:50:42,201 > UCI2001-18-00 cleared
[INFO|CRAWLER.py] 2020-11-13 20:50:44,371 > UCI1155-01-00 cleared
[INFO|CRAWLER.py] 2020-11-13 20:50:46,533 > UCI1162-01-00 cleared
[INFO|CRAWLER.py] 2020-11-13 20:50:48,724 > UCI1164-01-00 cleared
[INFO|CRAWLER.py] 2020-11-13 20:50:50,814 > UCI1101-01-00 cleared
[INFO|CRAWLER.py] 2020-11-13 20:50:52,865 > UCI1103-01-00 cleared
[INFO|CRAWLER.py] 2020-11-13 20:51:05,459 > UCI1104-01-00 cleared
[INFO|CRAWLER.py] 2020-11-13 20:51:07,518 > UCI1105-01-00 cleared
[INFO|CRAWLER.py] 2020-11-13 20:51:09,621 > UCI1109-01-00 cleared
[INFO|CRAWLER.py] 2020-11-13 20:51:11,737 > UCI1122-01-00 cleared
[INFO|CRAWLER.py] 2020-11-13 20:51:14,311 > 8 rows in 31-38 of 38
[INFO|CRAWLER.py] 2020-11-13 20:51:16,395 > UCI1123-01-00 cleared
[INFO|CRAWLER.py] 2020-11-13 20:51:18,477 > UCI1124-01-00 cleared
[INFO|CRAWLER.py] 2020-11-13 20:51:20,552 > UCI1133-01-00 cleared
[INFO|CRAWLER.py] 2020-11-13 20:51:22,617 > UCI1137-01-00 cleared
[INFO|CRAWLER.py] 2020-11-13 20:51:24,683 > UCI1138-01-00 cleared
[INFO|CRAWLER.py] 2020-11-13 20:51:26,758 > UCI1140-01-00 cleared
[INFO|CRAWLER.py] 2020-11-13 20:51:28,836 > UCI1142-01-00 cleared
[INFO|CRAWLER.py] 2020-11-13 20:51:41,429 > UCI1152-01-00 cleared
[INFO|CRAWLER.py] 2020-11-13 20:51:43,469 > 사회·윤리영역 탐색 완료
[INFO|CRAWLER.py] 2020-11-13 20:51:43,469 > 20161-선택교양(10~18학번)-인문·예술영역 수집 시작
[INFO|CRAWLER.py] 2020-11-13 20:51:44,095 > 15 rows in 1-15 of 27
[INFO|CRAWLER.py] 2020-11-13 20:51:44,120 > 유의사항 기준 탐색 완료
[INFO|CRAWLER.py] 2020-11-13 20:51:44,639 > 15 rows in 1-15 of 27
[INFO|CRAWLER.py] 2020-11-13 20:51:46,704 > UCJ1135-01-00 cleared
[INFO|CRAWLER.py] 2020-11-13 20:51:48,764 > UCJ1135-02-00 cleared
[INFO|CRAWLER.py] 2020-11-13 20:51:50,856 > UCJ1135-03-00 cleared
[INFO|CRAWLER.py] 2020-11-13 20:51:52,916 > UCJ1136-01-00 cleared
[INFO|CRAWLER.py] 2020-11-13 20:51:54,995 > UCJ1107-01-00 cleared
[INFO|CRAWLER.py] 2020-11-13 20:51:57,067 > UCJ1107-02-00 cleared
[INFO|CRAWLER.py] 2020-11-13 20:51:59,160 > UCJ1108-01-00 cleared
[INFO|CRAWLER.py] 2020-11-13 20:52:01,250 > UCJ1108-02-00 cleared
[INFO|CRAWLER.py] 2020-11-13 20:52:03,314 > UCJ1109-01-00 cleared
[INFO|CRAWLER.py] 2020-11-13 20:52:05,378 > UCJ1110-01-00 cleared
[INFO|CRAWLER.py] 2020-11-13 20:52:07,499 > UCJ1111-01-00 cleared
[INFO|CRAWLER.py] 2020-11-13 20:52:09,613 > UCJ1111-02-00 cleared
[INFO|CRAWLER.py] 2020-11-13 20:52:11,686 > UCJ1112-01-00 cleared
[INFO|CRAWLER.py] 2020-11-13 20:52:13,766 > UCJ1113-01-00 cleared
[INFO|CRAWLER.py] 2020-11-13 20:52:15,848 > UCJ1113-02-00 cleared
[INFO|CRAWLER.py] 2020-11-13 20:52:18,424 > 12 rows in 16-27 of 27
[INFO|CRAWLER.py] 2020-11-13 20:52:20,488 > UCJ1116-01-00 cleared
[INFO|CRAWLER.py] 2020-11-13 20:52:22,557 > UCJ1116-02-00 cleared
[INFO|CRAWLER.py] 2020-11-13 20:52:24,633 > UCJ1116-03-00 cleared
[INFO|CRAWLER.py] 2020-11-13 20:52:26,704 > UCJ1129-01-00 cleared
[INFO|CRAWLER.py] 2020-11-13 20:52:28,753 > UCJ1102-01-00 cleared
[INFO|CRAWLER.py] 2020-11-13 20:52:30,819 > UCJ1117-01-00 cleared
[INFO|CRAWLER.py] 2020-11-13 20:52:32,881 > UCJ1119-01-00 cleared
[INFO|CRAWLER.py] 2020-11-13 20:52:35,001 > UCJ1122-01-00 cleared
[INFO|CRAWLER.py] 2020-11-13 20:52:37,085 > UCJ1124-01-00 cleared
[INFO|CRAWLER.py] 2020-11-13 20:52:39,139 > UCJ1131-01-00 cleared
[INFO|CRAWLER.py] 2020-11-13 20:52:41,202 > UCJ1132-01-00 cleared
[INFO|CRAWLER.py] 2020-11-13 20:52:43,311 > UCJ1133-01-00 cleared
[INFO|CRAWLER.py] 2020-11-13 20:52:45,348 > 인문·예술영역 탐색 완료
[INFO|CRAWLER.py] 2020-11-13 20:52:45,348 > 20161-선택교양(10~18학번)-세계문화·언어영역 수집 시작
[INFO|CRAWLER.py] 2020-11-13 20:52:45,977 > 15 rows in 1-15 of 40
[INFO|CRAWLER.py] 2020-11-13 20:52:46,000 > 유의사항 기준 탐색 완료
[INFO|CRAWLER.py] 2020-11-13 20:52:46,516 > 15 rows in 1-15 of 40
[INFO|CRAWLER.py] 2020-11-13 20:52:48,584 > UCK1145-01-00 cleared
[INFO|CRAWLER.py] 2020-11-13 20:52:50,655 > UCK1145-02-00 cleared
[INFO|CRAWLER.py] 2020-11-13 20:52:52,745 > UCK1103-01-00 cleared
[INFO|CRAWLER.py] 2020-11-13 20:52:54,826 > UCK1103-02-00 cleared
[INFO|CRAWLER.py] 2020-11-13 20:52:56,916 > UCK1104-01-00 cleared
[INFO|CRAWLER.py] 2020-11-13 20:52:59,016 > UCK1104-02-00 cleared
[INFO|CRAWLER.py] 2020-11-13 20:53:01,111 > UCK1105-01-00 cleared
[INFO|CRAWLER.py] 2020-11-13 20:53:03,197 > UCK1105-02-00 cleared
[INFO|CRAWLER.py] 2020-11-13 20:53:05,289 > UCK1106-01-00 cleared
[INFO|CRAWLER.py] 2020-11-13 20:53:07,355 > UCK1110-01-00 cleared
[INFO|CRAWLER.py] 2020-11-13 20:53:09,428 > UCK1111-01-00 cleared
[INFO|CRAWLER.py] 2020-11-13 20:53:11,485 > UCK1111-02-00 cleared
[INFO|CRAWLER.py] 2020-11-13 20:53:13,544 > UCK1113-01-00 cleared
[INFO|CRAWLER.py] 2020-11-13 20:53:15,600 > UCK1114-01-00 cleared
[INFO|CRAWLER.py] 2020-11-13 20:53:17,666 > UCK1114-02-00 cleared
[INFO|CRAWLER.py] 2020-11-13 20:53:20,249 > 15 rows in 16-30 of 40
[INFO|CRAWLER.py] 2020-11-13 20:53:22,305 > UCK1117-01-00 cleared
[INFO|CRAWLER.py] 2020-11-13 20:53:24,362 > UCK1119-01-00 cleared
[INFO|CRAWLER.py] 2020-11-13 20:53:26,424 > UCK1124-01-00 cleared
[INFO|CRAWLER.py] 2020-11-13 20:53:28,487 > UCK1125-01-00 cleared
[INFO|CRAWLER.py] 2020-11-13 20:53:30,552 > UCK1126-01-00 cleared
[INFO|CRAWLER.py] 2020-11-13 20:53:32,600 > UCK1127-01-00 cleared
[INFO|CRAWLER.py] 2020-11-13 20:53:34,652 > UCK1128-01-00 cleared
[INFO|CRAWLER.py] 2020-11-13 20:53:36,704 > UCK1129-01-00 cleared
[INFO|CRAWLER.py] 2020-11-13 20:53:38,752 > UCK1132-01-00 cleared
[INFO|CRAWLER.py] 2020-11-13 20:53:40,825 > UCK1135-01-00 cleared
[INFO|CRAWLER.py] 2020-11-13 20:53:42,882 > UCK1143-01-00 cleared
[INFO|CRAWLER.py] 2020-11-13 20:53:44,948 > UCK1143-02-00 cleared
[INFO|CRAWLER.py] 2020-11-13 20:53:47,003 > UCK1144-01-00 cleared
[INFO|CRAWLER.py] 2020-11-13 20:53:49,058 > UCK1147-01-00 cleared
[INFO|CRAWLER.py] 2020-11-13 20:53:51,126 > UCK1148-01-00 cleared
[INFO|CRAWLER.py] 2020-11-13 20:53:53,681 > 10 rows in 31-40 of 40
[INFO|CRAWLER.py] 2020-11-13 20:53:55,757 > UCK1149-01-00 cleared
[INFO|CRAWLER.py] 2020-11-13 20:53:57,811 > UCK1150-01-00 cleared
[INFO|CRAWLER.py] 2020-11-13 20:53:59,863 > UCK1151-01-00 cleared
[INFO|CRAWLER.py] 2020-11-13 20:54:01,937 > UCK1153-01-00 cleared
[INFO|CRAWLER.py] 2020-11-13 20:54:03,986 > UCK1154-01-00 cleared
[INFO|CRAWLER.py] 2020-11-13 20:54:06,038 > UCK1156-01-00 cleared
[INFO|CRAWLER.py] 2020-11-13 20:54:08,128 > UCK1157-01-00 cleared
[INFO|CRAWLER.py] 2020-11-13 20:54:10,185 > UCK1158-01-00 cleared
[INFO|CRAWLER.py] 2020-11-13 20:54:12,242 > UCK1159-01-00 cleared
[INFO|CRAWLER.py] 2020-11-13 20:54:14,307 > UCK1161-01-00 cleared
[INFO|CRAWLER.py] 2020-11-13 20:54:16,358 > 세계문화·언어영역 탐색 완료
[INFO|CRAWLER.py] 2020-11-13 20:54:16,358 > 20161-선택교양(10~18학번)-생활·건강영역 수집 시작
[INFO|CRAWLER.py] 2020-11-13 20:54:16,984 > 15 rows in 1-15 of 93
[INFO|CRAWLER.py] 2020-11-13 20:54:17,010 > 유의사항 기준 탐색 완료
[INFO|CRAWLER.py] 2020-11-13 20:54:17,529 > 15 rows in 1-15 of 93
[INFO|CRAWLER.py] 2020-11-13 20:54:19,582 > UCL1101-01-00 cleared
[INFO|CRAWLER.py] 2020-11-13 20:54:21,654 > UCL1101-02-00 cleared
[INFO|CRAWLER.py] 2020-11-13 20:54:23,725 > UCL1101-03-00 cleared
[INFO|CRAWLER.py] 2020-11-13 20:54:25,782 > UCL1101-04-00 cleared
[INFO|CRAWLER.py] 2020-11-13 20:54:27,844 > UCL1101-05-00 cleared
[INFO|CRAWLER.py] 2020-11-13 20:54:29,909 > UCL1101-06-00 cleared
[INFO|CRAWLER.py] 2020-11-13 20:54:31,976 > UCL1102-01-00 cleared
[INFO|CRAWLER.py] 2020-11-13 20:54:34,039 > UCL1102-02-00 cleared
[INFO|CRAWLER.py] 2020-11-13 20:54:36,099 > UCL1102-03-00 cleared
[INFO|CRAWLER.py] 2020-11-13 20:54:38,172 > UCL1103-01-00 cleared
[INFO|CRAWLER.py] 2020-11-13 20:54:40,245 > UCL1103-02-00 cleared
[INFO|CRAWLER.py] 2020-11-13 20:54:42,323 > UCL1103-03-00 cleared
[INFO|CRAWLER.py] 2020-11-13 20:54:44,380 > UCL1103-04-00 cleared
[INFO|CRAWLER.py] 2020-11-13 20:54:46,458 > UCL1103-05-00 cleared
[INFO|CRAWLER.py] 2020-11-13 20:54:48,521 > UCL1104-01-00 cleared
[INFO|CRAWLER.py] 2020-11-13 20:54:51,091 > 15 rows in 16-30 of 93
[INFO|CRAWLER.py] 2020-11-13 20:54:53,150 > UCL1104-02-00 cleared
[INFO|CRAWLER.py] 2020-11-13 20:54:55,232 > UCL1104-03-00 cleared
[INFO|CRAWLER.py] 2020-11-13 20:54:57,303 > UCL1105-01-00 cleared
[INFO|CRAWLER.py] 2020-11-13 20:54:59,362 > UCL1105-02-00 cleared
[INFO|CRAWLER.py] 2020-11-13 20:55:01,431 > UCL1105-03-00 cleared
[INFO|CRAWLER.py] 2020-11-13 20:55:03,493 > UCL1105-04-00 cleared
[INFO|CRAWLER.py] 2020-11-13 20:55:05,553 > UCL1105-05-00 cleared
[INFO|CRAWLER.py] 2020-11-13 20:55:07,617 > UCL1105-06-00 cleared
[INFO|CRAWLER.py] 2020-11-13 20:55:09,672 > UCL1105-07-00 cleared
[INFO|CRAWLER.py] 2020-11-13 20:55:11,732 > UCL1106-01-00 cleared
[INFO|CRAWLER.py] 2020-11-13 20:55:13,802 > UCL1106-02-00 cleared
[INFO|CRAWLER.py] 2020-11-13 20:55:15,865 > UCL1108-01-00 cleared
[INFO|CRAWLER.py] 2020-11-13 20:55:18,000 > UCL1108-02-00 cleared
[INFO|CRAWLER.py] 2020-11-13 20:55:20,061 > UCL1109-01-00 cleared
[INFO|CRAWLER.py] 2020-11-13 20:55:22,134 > UCL1109-02-00 cleared
[INFO|CRAWLER.py] 2020-11-13 20:55:24,712 > 15 rows in 31-45 of 93
[INFO|CRAWLER.py] 2020-11-13 20:55:26,789 > UCL1109-03-00 cleared
[INFO|CRAWLER.py] 2020-11-13 20:55:28,876 > UCL1109-04-00 cleared
[INFO|CRAWLER.py] 2020-11-13 20:55:30,942 > UCL1109-05-00 cleared
[INFO|CRAWLER.py] 2020-11-13 20:55:33,036 > UCL1109-06-00 cleared
[INFO|CRAWLER.py] 2020-11-13 20:55:35,121 > UCL1109-07-00 cleared
[INFO|CRAWLER.py] 2020-11-13 20:55:37,199 > UCL1109-08-00 cleared
[INFO|CRAWLER.py] 2020-11-13 20:55:39,283 > UCL1109-09-00 cleared
[INFO|CRAWLER.py] 2020-11-13 20:55:41,353 > UCL1110-01-00 cleared
[INFO|CRAWLER.py] 2020-11-13 20:55:43,414 > UCL1110-02-00 cleared
[INFO|CRAWLER.py] 2020-11-13 20:55:45,471 > UCL1110-03-00 cleared
[INFO|CRAWLER.py] 2020-11-13 20:55:47,533 > UCL1110-04-00 cleared
[INFO|CRAWLER.py] 2020-11-13 20:55:49,619 > UCL1111-01-00 cleared
[INFO|CRAWLER.py] 2020-11-13 20:55:51,701 > UCL1111-02-00 cleared
[INFO|CRAWLER.py] 2020-11-13 20:55:53,783 > UCL1111-03-00 cleared
[INFO|CRAWLER.py] 2020-11-13 20:55:55,851 > UCL1111-04-00 cleared
[INFO|CRAWLER.py] 2020-11-13 20:55:58,417 > 15 rows in 46-60 of 93
[INFO|CRAWLER.py] 2020-11-13 20:56:00,488 > UCL1111-05-00 cleared
[INFO|CRAWLER.py] 2020-11-13 20:56:02,555 > UCL1112-01-00 cleared
[INFO|CRAWLER.py] 2020-11-13 20:56:04,625 > UCL1112-02-00 cleared
[INFO|CRAWLER.py] 2020-11-13 20:56:06,705 > UCL1112-03-00 cleared
[INFO|CRAWLER.py] 2020-11-13 20:56:08,778 > UCL1112-04-00 cleared
[INFO|CRAWLER.py] 2020-11-13 20:56:10,834 > UCL1115-01-00 cleared
[INFO|CRAWLER.py] 2020-11-13 20:56:12,883 > UCL1115-02-00 cleared
[INFO|CRAWLER.py] 2020-11-13 20:56:14,946 > UCL1116-01-00 cleared
[INFO|CRAWLER.py] 2020-11-13 20:56:16,994 > UCL1116-02-00 cleared
[INFO|CRAWLER.py] 2020-11-13 20:56:19,063 > UCL1117-01-00 cleared
[INFO|CRAWLER.py] 2020-11-13 20:56:21,108 > UCL1119-01-00 cleared
[INFO|CRAWLER.py] 2020-11-13 20:56:23,163 > UCL1119-02-00 cleared
[INFO|CRAWLER.py] 2020-11-13 20:56:25,228 > UCL1119-03-00 cleared
[INFO|CRAWLER.py] 2020-11-13 20:56:27,286 > UCL1121-01-00 cleared
[INFO|CRAWLER.py] 2020-11-13 20:56:29,402 > UCL1121-02-00 cleared
[INFO|CRAWLER.py] 2020-11-13 20:56:31,961 > 15 rows in 61-75 of 93
[INFO|CRAWLER.py] 2020-11-13 20:56:34,047 > UCL1121-03-00 cleared
[INFO|CRAWLER.py] 2020-11-13 20:56:36,101 > UCL1124-01-00 cleared
[INFO|CRAWLER.py] 2020-11-13 20:56:38,150 > UCL1124-02-00 cleared
[INFO|CRAWLER.py] 2020-11-13 20:56:40,204 > UCL1127-01-00 cleared
[INFO|CRAWLER.py] 2020-11-13 20:56:42,260 > UCL1127-02-00 cleared
[INFO|CRAWLER.py] 2020-11-13 20:56:44,309 > UCL1129-01-00 cleared
[INFO|CRAWLER.py] 2020-11-13 20:56:46,372 > UCL1207-01-00 cleared
[INFO|CRAWLER.py] 2020-11-13 20:56:48,420 > UCL1207-02-00 cleared
[INFO|CRAWLER.py] 2020-11-13 20:56:50,486 > UCL1209-01-00 cleared
[INFO|CRAWLER.py] 2020-11-13 20:56:52,557 > UCL1209-02-00 cleared
[INFO|CRAWLER.py] 2020-11-13 20:56:54,614 > UCL1210-01-00 cleared
[INFO|CRAWLER.py] 2020-11-13 20:56:56,679 > UCL1210-02-00 cleared
[INFO|CRAWLER.py] 2020-11-13 20:56:58,733 > UCL1212-01-00 cleared
[INFO|CRAWLER.py] 2020-11-13 20:57:00,792 > UCL1214-01-00 cleared
[INFO|CRAWLER.py] 2020-11-13 20:57:02,895 > UCL1215-01-00 cleared
[INFO|CRAWLER.py] 2020-11-13 20:57:05,457 > 15 rows in 76-90 of 93
[INFO|CRAWLER.py] 2020-11-13 20:57:07,540 > UCL1215-02-00 cleared
[INFO|CRAWLER.py] 2020-11-13 20:57:09,603 > UCL1215-03-00 cleared
[INFO|CRAWLER.py] 2020-11-13 20:57:11,671 > UCL1215-04-00 cleared
[INFO|CRAWLER.py] 2020-11-13 20:57:13,735 > UCL1216-01-00 cleared
[INFO|CRAWLER.py] 2020-11-13 20:57:15,803 > UCL1217-01-00 cleared
[INFO|CRAWLER.py] 2020-11-13 20:57:17,877 > UCL1218-01-00 cleared
[INFO|CRAWLER.py] 2020-11-13 20:57:19,945 > UCL1219-01-00 cleared
[INFO|CRAWLER.py] 2020-11-13 20:57:22,004 > UCL1219-02-00 cleared
[INFO|CRAWLER.py] 2020-11-13 20:57:24,053 > UCL1220-01-00 cleared
[INFO|CRAWLER.py] 2020-11-13 20:57:26,109 > UCL1222-01-00 cleared
[INFO|CRAWLER.py] 2020-11-13 20:57:28,204 > UCL1202-01-00 cleared
[INFO|CRAWLER.py] 2020-11-13 20:57:30,311 > UCL1203-01-00 cleared
[INFO|CRAWLER.py] 2020-11-13 20:57:32,393 > UCL1203-02-00 cleared
[INFO|CRAWLER.py] 2020-11-13 20:57:34,444 > UCL1204-01-00 cleared
[INFO|CRAWLER.py] 2020-11-13 20:57:36,987 > 3 rows in 91-93 of 93
[INFO|CRAWLER.py] 2020-11-13 20:57:39,054 > UCL1201-01-00 cleared
[INFO|CRAWLER.py] 2020-11-13 20:57:41,121 > UCL1201-02-00 cleared
[INFO|CRAWLER.py] 2020-11-13 20:57:43,188 > UCL1205-01-00 cleared
[INFO|CRAWLER.py] 2020-11-13 20:57:45,228 > 생활·건강영역 탐색 완료
[INFO|CRAWLER.py] 2020-11-13 20:57:45,228 > 선택교양(10~18학번) 수집 완료
[INFO|CRAWLER.py] 2020-11-13 20:57:45,229 > 20161-(~2018학번)국제캠퍼스-공통기초-채플 수집 시작
[INFO|CRAWLER.py] 2020-11-13 20:57:45,865 > 12 rows in 1-12 of 12
[INFO|CRAWLER.py] 2020-11-13 20:57:45,890 > 유의사항 기준 탐색 완료
[INFO|CRAWLER.py] 2020-11-13 20:57:46,405 > 12 rows in 1-12 of 12
[INFO|CRAWLER.py] 2020-11-13 20:57:48,465 > YCA1001-01-00 cleared
[INFO|CRAWLER.py] 2020-11-13 20:57:50,531 > YCA1001-02-00 cleared
[INFO|CRAWLER.py] 2020-11-13 20:57:52,625 > YCA1001-04-00 cleared
[INFO|CRAWLER.py] 2020-11-13 20:57:54,700 > YCA1001-06-00 cleared
[INFO|CRAWLER.py] 2020-11-13 20:57:56,775 > YCA1005-01-00 cleared
[INFO|CRAWLER.py] 2020-11-13 20:57:58,866 > YCA1005-02-00 cleared
[INFO|CRAWLER.py] 2020-11-13 20:58:00,915 > YCA1005-03-00 cleared
[INFO|CRAWLER.py] 2020-11-13 20:58:02,969 > YCA1005-04-00 cleared
[INFO|CRAWLER.py] 2020-11-13 20:58:05,018 > YCA1005-05-00 cleared
[INFO|CRAWLER.py] 2020-11-13 20:58:07,069 > YCA1005-06-00 cleared
[INFO|CRAWLER.py] 2020-11-13 20:58:09,089 > 공통기초-채플 탐색 완료
[INFO|CRAWLER.py] 2020-11-13 20:58:09,089 > 20161-(~2018학번)국제캠퍼스-공통기초-기독교의이해 수집 시작
[INFO|CRAWLER.py] 2020-11-13 20:58:09,679 > 15 rows in 1-15 of 26
[INFO|CRAWLER.py] 2020-11-13 20:58:09,701 > 유의사항 기준 탐색 완료
[INFO|CRAWLER.py] 2020-11-13 20:58:10,216 > 15 rows in 1-15 of 26
[INFO|CRAWLER.py] 2020-11-13 20:58:12,268 > YCA1101-01-00 cleared
[INFO|CRAWLER.py] 2020-11-13 20:58:14,358 > YCA1101-03-00 cleared
[INFO|CRAWLER.py] 2020-11-13 20:58:16,484 > YCA1101-07-00 cleared
[INFO|CRAWLER.py] 2020-11-13 20:58:16,521 > YCA1101-08-00: 중복된 강의 객체. caution 수집 완료
[INFO|CRAWLER.py] 2020-11-13 20:58:16,558 > YCA1101-09-00: 중복된 강의 객체. caution 수집 완료
[INFO|CRAWLER.py] 2020-11-13 20:58:18,606 > YCA1102-01-00 cleared
[INFO|CRAWLER.py] 2020-11-13 20:58:20,660 > YCA1102-02-00 cleared
[INFO|CRAWLER.py] 2020-11-13 20:58:22,713 > YCA1102-03-00 cleared
[INFO|CRAWLER.py] 2020-11-13 20:58:24,765 > YCA1102-04-00 cleared
[INFO|CRAWLER.py] 2020-11-13 20:58:26,817 > YCA1102-05-00 cleared
[INFO|CRAWLER.py] 2020-11-13 20:58:29,419 > 11 rows in 16-26 of 26
[INFO|CRAWLER.py] 2020-11-13 20:58:29,556 > YCA1102-11-00: 중복된 강의 객체. caution 수집 완료
[INFO|CRAWLER.py] 2020-11-13 20:58:29,595 > YCA1102-12-00: 중복된 강의 객체. caution 수집 완료
[INFO|CRAWLER.py] 2020-11-13 20:58:29,723 > YCA1103-04-00: 중복된 강의 객체. caution 수집 완료
[INFO|CRAWLER.py] 2020-11-13 20:58:31,760 > 공통기초-기독교의이해 탐색 완료
[INFO|CRAWLER.py] 2020-11-13 20:58:31,761 > 20161-(~2018학번)국제캠퍼스-공통기초-글쓰기 수집 시작
[INFO|CRAWLER.py] 2020-11-13 20:58:32,384 > 15 rows in 1-15 of 87
[INFO|CRAWLER.py] 2020-11-13 20:58:32,409 > 유의사항 기준 탐색 완료
[INFO|CRAWLER.py] 2020-11-13 20:58:32,926 > 15 rows in 1-15 of 87
[INFO|CRAWLER.py] 2020-11-13 20:58:35,070 > YCB1101-01-00 cleared
[INFO|CRAWLER.py] 2020-11-13 20:58:37,879 > 15 rows in 16-30 of 87
[INFO|CRAWLER.py] 2020-11-13 20:58:40,231 > YCB1101-26-00 cleared
[INFO|CRAWLER.py] 2020-11-13 20:58:42,785 > 15 rows in 31-45 of 87
[INFO|CRAWLER.py] 2020-11-13 20:58:45,671 > 15 rows in 46-60 of 87
[INFO|CRAWLER.py] 2020-11-13 20:58:47,853 > YCB1101-48-00 cleared
[INFO|CRAWLER.py] 2020-11-13 20:58:50,584 > 15 rows in 61-75 of 87
[INFO|CRAWLER.py] 2020-11-13 20:58:52,739 > YCB1101-62-00 cleared
[INFO|CRAWLER.py] 2020-11-13 20:58:55,525 > 12 rows in 76-87 of 87
[INFO|CRAWLER.py] 2020-11-13 20:58:57,845 > 공통기초-글쓰기 탐색 완료
[INFO|CRAWLER.py] 2020-11-13 20:58:57,845 > 20161-(~2018학번)국제캠퍼스-공통기초-대학영어 수집 시작
[INFO|CRAWLER.py] 2020-11-13 20:58:58,468 > 15 rows in 1-15 of 151
[INFO|CRAWLER.py] 2020-11-13 20:58:58,495 > 유의사항 기준 탐색 완료
[INFO|CRAWLER.py] 2020-11-13 20:58:59,011 > 15 rows in 1-15 of 151
[INFO|CRAWLER.py] 2020-11-13 20:59:01,202 > YCC1001-07-00 cleared
[INFO|CRAWLER.py] 2020-11-13 20:59:03,349 > YCC1002-03-00 cleared
[INFO|CRAWLER.py] 2020-11-13 20:59:05,990 > 15 rows in 16-30 of 151
[INFO|CRAWLER.py] 2020-11-13 20:59:08,891 > 15 rows in 31-45 of 151
[INFO|CRAWLER.py] 2020-11-13 20:59:11,782 > 15 rows in 46-60 of 151
[INFO|CRAWLER.py] 2020-11-13 20:59:14,668 > 15 rows in 61-75 of 151
[INFO|CRAWLER.py] 2020-11-13 20:59:16,739 > YCC1101-49-00 cleared
[INFO|CRAWLER.py] 2020-11-13 20:59:18,918 > YCC1101-56-00 cleared
[INFO|CRAWLER.py] 2020-11-13 20:59:21,603 > 15 rows in 76-90 of 151
[INFO|CRAWLER.py] 2020-11-13 20:59:23,651 > YCC1102-04-00 cleared
[INFO|CRAWLER.py] 2020-11-13 20:59:26,525 > 15 rows in 91-105 of 151
[INFO|CRAWLER.py] 2020-11-13 20:59:28,601 > YCC1102-20-00 cleared
[INFO|CRAWLER.py] 2020-11-13 20:59:30,748 > YCC1102-25-00 cleared
[INFO|CRAWLER.py] 2020-11-13 20:59:32,797 > YCC1102-26-00 cleared
[INFO|CRAWLER.py] 2020-11-13 20:59:34,895 > YCC1102-29-00 cleared
[INFO|CRAWLER.py] 2020-11-13 20:59:37,553 > 15 rows in 106-120 of 151
[INFO|CRAWLER.py] 2020-11-13 20:59:39,649 > YCC1102-36-00 cleared
[INFO|CRAWLER.py] 2020-11-13 20:59:42,466 > 15 rows in 121-135 of 151
[INFO|CRAWLER.py] 2020-11-13 20:59:44,601 > YCC1202-03-00 cleared
[INFO|CRAWLER.py] 2020-11-13 20:59:47,379 > 15 rows in 136-150 of 151
[INFO|CRAWLER.py] 2020-11-13 20:59:49,497 > YCC1202-17-00 cleared
[INFO|CRAWLER.py] 2020-11-13 20:59:51,706 > YCC1202-25-00 cleared
[INFO|CRAWLER.py] 2020-11-13 20:59:53,757 > YCC1202-26-00 cleared
[INFO|CRAWLER.py] 2020-11-13 20:59:56,340 > 1 rows in 151-151 of 151
[INFO|CRAWLER.py] 2020-11-13 20:59:58,400 > 공통기초-대학영어 탐색 완료
[INFO|CRAWLER.py] 2020-11-13 20:59:58,400 > 20161-(~2018학번)국제캠퍼스-필수교양-문학과예술 수집 시작
[INFO|CRAWLER.py] 2020-11-13 20:59:59,025 > 7 rows in 1-7 of 7
[INFO|CRAWLER.py] 2020-11-13 20:59:59,051 > 유의사항 기준 탐색 완료
[INFO|CRAWLER.py] 2020-11-13 20:59:59,567 > 7 rows in 1-7 of 7
[INFO|CRAWLER.py] 2020-11-13 21:00:01,624 > UCE1105-03-00 cleared
[INFO|CRAWLER.py] 2020-11-13 21:00:03,679 > UCE1105-04-00 cleared
[INFO|CRAWLER.py] 2020-11-13 21:00:05,734 > UCE1108-02-00 cleared
[INFO|CRAWLER.py] 2020-11-13 21:00:07,798 > YCD1602-02-00 cleared
[INFO|CRAWLER.py] 2020-11-13 21:00:09,848 > YCD1999-02-00 cleared
[INFO|CRAWLER.py] 2020-11-13 21:00:11,902 > YCD1999-03-00 cleared
[INFO|CRAWLER.py] 2020-11-13 21:00:13,954 > 필수교양-문학과예술 탐색 완료
[INFO|CRAWLER.py] 2020-11-13 21:00:13,954 > 20161-(~2018학번)국제캠퍼스-필수교양-인간과역사 수집 시작
[INFO|CRAWLER.py] 2020-11-13 21:00:14,581 > 13 rows in 1-13 of 13
[INFO|CRAWLER.py] 2020-11-13 21:00:14,611 > 유의사항 기준 탐색 완료
[INFO|CRAWLER.py] 2020-11-13 21:00:15,129 > 13 rows in 1-13 of 13
[INFO|CRAWLER.py] 2020-11-13 21:00:15,163 > ANT1001-02-00: 중복된 강의 객체. caution 수집 완료
[INFO|CRAWLER.py] 2020-11-13 21:00:15,201 > PSY2103-01-00: 중복된 강의 객체. caution 수집 완료
[INFO|CRAWLER.py] 2020-11-13 21:00:17,277 > UCB1103-03-00 cleared
[INFO|CRAWLER.py] 2020-11-13 21:00:19,330 > UCB1103-04-00 cleared
[INFO|CRAWLER.py] 2020-11-13 21:00:21,384 > UCB1105-02-00 cleared
[INFO|CRAWLER.py] 2020-11-13 21:00:23,432 > UCD1102-03-00 cleared
[INFO|CRAWLER.py] 2020-11-13 21:00:25,491 > YCE1203-01-00 cleared
[INFO|CRAWLER.py] 2020-11-13 21:00:27,548 > YCE1251-01-00 cleared
[INFO|CRAWLER.py] 2020-11-13 21:00:29,608 > YCE1605-01-00 cleared
[INFO|CRAWLER.py] 2020-11-13 21:00:31,660 > YCE1998-01-00 cleared
[INFO|CRAWLER.py] 2020-11-13 21:00:33,717 > YCE1998-02-00 cleared
[INFO|CRAWLER.py] 2020-11-13 21:00:35,786 > 필수교양-인간과역사 탐색 완료
[INFO|CRAWLER.py] 2020-11-13 21:00:35,786 > 20161-(~2018학번)국제캠퍼스-필수교양-언어와표현 수집 시작
[INFO|CRAWLER.py] 2020-11-13 21:00:36,378 > 15 rows in 1-15 of 34
[INFO|CRAWLER.py] 2020-11-13 21:00:36,400 > 유의사항 기준 탐색 완료
[INFO|CRAWLER.py] 2020-11-13 21:00:36,917 > 15 rows in 1-15 of 34
[INFO|CRAWLER.py] 2020-11-13 21:00:38,965 > YCF1201-07-00 cleared
[INFO|CRAWLER.py] 2020-11-13 21:00:41,066 > YCF1201-10-00 cleared
[INFO|CRAWLER.py] 2020-11-13 21:00:43,162 > YCF1202-03-00 cleared
[INFO|CRAWLER.py] 2020-11-13 21:00:45,238 > YCF1301-05-00 cleared
[INFO|CRAWLER.py] 2020-11-13 21:00:47,288 > YCF1301-06-00 cleared
[INFO|CRAWLER.py] 2020-11-13 21:00:49,368 > YCF1302-04-00 cleared
[INFO|CRAWLER.py] 2020-11-13 21:00:51,440 > YCF1303-03-00 cleared
[INFO|CRAWLER.py] 2020-11-13 21:00:54,034 > 15 rows in 16-30 of 34
[INFO|CRAWLER.py] 2020-11-13 21:00:56,081 > YCF1351-06-00 cleared
[INFO|CRAWLER.py] 2020-11-13 21:00:58,130 > YCF1352-03-00 cleared
[INFO|CRAWLER.py] 2020-11-13 21:01:00,232 > YCF1451-03-00 cleared
[INFO|CRAWLER.py] 2020-11-13 21:01:02,330 > YCF1452-02-00 cleared
[INFO|CRAWLER.py] 2020-11-13 21:01:04,381 > YCF1501-03-00 cleared
[INFO|CRAWLER.py] 2020-11-13 21:01:06,456 > YCF1501-05-00 cleared
[INFO|CRAWLER.py] 2020-11-13 21:01:08,506 > YCF1502-03-00 cleared
[INFO|CRAWLER.py] 2020-11-13 21:01:11,145 > 4 rows in 31-34 of 34
[INFO|CRAWLER.py] 2020-11-13 21:01:13,254 > YCF1605-02-00 cleared
[INFO|CRAWLER.py] 2020-11-13 21:01:15,302 > YCF1652-03-00 cleared
[INFO|CRAWLER.py] 2020-11-13 21:01:17,348 > 필수교양-언어와표현 탐색 완료
[INFO|CRAWLER.py] 2020-11-13 21:01:17,348 > 20161-(~2018학번)국제캠퍼스-필수교양-가치와윤리 수집 시작
[INFO|CRAWLER.py] 2020-11-13 21:01:17,980 > 8 rows in 1-8 of 8
[INFO|CRAWLER.py] 2020-11-13 21:01:18,007 > 유의사항 기준 탐색 완료
[INFO|CRAWLER.py] 2020-11-13 21:01:18,525 > 8 rows in 1-8 of 8
[INFO|CRAWLER.py] 2020-11-13 21:01:18,564 > PHI1002-01-00: 중복된 강의 객체. caution 수집 완료
[INFO|CRAWLER.py] 2020-11-13 21:01:20,619 > YCG1004-01-00 cleared
[INFO|CRAWLER.py] 2020-11-13 21:01:22,672 > YCG1402-01-00 cleared
[INFO|CRAWLER.py] 2020-11-13 21:01:24,726 > YCG1601-01-00 cleared
[INFO|CRAWLER.py] 2020-11-13 21:01:26,809 > YCG1804-01-00 cleared
[INFO|CRAWLER.py] 2020-11-13 21:01:28,861 > YCG1998-01-00 cleared
[INFO|CRAWLER.py] 2020-11-13 21:01:30,917 > YCG1999-05-00 cleared
[INFO|CRAWLER.py] 2020-11-13 21:01:32,938 > 필수교양-가치와윤리 탐색 완료
[INFO|CRAWLER.py] 2020-11-13 21:01:32,938 > 20161-(~2018학번)국제캠퍼스-필수교양-국가와사회공동체 수집 시작
[INFO|CRAWLER.py] 2020-11-13 21:01:33,527 > 3 rows in 1-3 of 3
[INFO|CRAWLER.py] 2020-11-13 21:01:33,550 > 유의사항 기준 탐색 완료
[INFO|CRAWLER.py] 2020-11-13 21:01:34,064 > 3 rows in 1-3 of 3
[INFO|CRAWLER.py] 2020-11-13 21:01:36,140 > UCD1101-02-00 cleared
[INFO|CRAWLER.py] 2020-11-13 21:01:38,188 > YCH1999-03-00 cleared
[INFO|CRAWLER.py] 2020-11-13 21:01:40,210 > 필수교양-국가와사회공동체 탐색 완료
[INFO|CRAWLER.py] 2020-11-13 21:01:40,210 > 20161-(~2018학번)국제캠퍼스-필수교양-지역사회와세계 수집 시작
[INFO|CRAWLER.py] 2020-11-13 21:01:40,798 > 13 rows in 1-13 of 13
[INFO|CRAWLER.py] 2020-11-13 21:01:40,823 > 유의사항 기준 탐색 완료
[INFO|CRAWLER.py] 2020-11-13 21:01:41,339 > 13 rows in 1-13 of 13
[INFO|CRAWLER.py] 2020-11-13 21:01:43,418 > ECO1001-06-00 cleared
[INFO|CRAWLER.py] 2020-11-13 21:01:43,454 > ECO1001-07-00: 중복된 강의 객체. caution 수집 완료
[INFO|CRAWLER.py] 2020-11-13 21:01:43,492 > ECO1001-08-00: 중복된 강의 객체. caution 수집 완료
[INFO|CRAWLER.py] 2020-11-13 21:01:43,530 > ECO1001-09-00: 중복된 강의 객체. caution 수집 완료
[INFO|CRAWLER.py] 2020-11-13 21:01:43,569 > ECO1001-10-00: 중복된 강의 객체. caution 수집 완료
[INFO|CRAWLER.py] 2020-11-13 21:01:45,754 > UCD1106-02-00 cleared
[INFO|CRAWLER.py] 2020-11-13 21:01:47,847 > YCI1301-01-00 cleared
[INFO|CRAWLER.py] 2020-11-13 21:01:49,907 > YCI1901-01-00 cleared
[INFO|CRAWLER.py] 2020-11-13 21:01:51,927 > 필수교양-지역사회와세계 탐색 완료
[INFO|CRAWLER.py] 2020-11-13 21:01:51,927 > 20161-(~2018학번)국제캠퍼스-필수교양-논리와수리 수집 시작
[INFO|CRAWLER.py] 2020-11-13 21:01:52,514 > 15 rows in 1-15 of 55
[INFO|CRAWLER.py] 2020-11-13 21:01:52,553 > 유의사항 기준 탐색 완료
[INFO|CRAWLER.py] 2020-11-13 21:01:53,068 > 15 rows in 1-15 of 55
[INFO|CRAWLER.py] 2020-11-13 21:01:55,116 > MAT1001-02-01 cleared
[INFO|CRAWLER.py] 2020-11-13 21:01:57,195 > MAT1001-03-01 cleared
[INFO|CRAWLER.py] 2020-11-13 21:01:59,269 > MAT1001-04-01 cleared
[INFO|CRAWLER.py] 2020-11-13 21:02:01,345 > MAT1001-05-01 cleared
[INFO|CRAWLER.py] 2020-11-13 21:02:03,423 > MAT1001-06-01 cleared
[INFO|CRAWLER.py] 2020-11-13 21:02:05,554 > MAT1011-03-01 cleared
[INFO|CRAWLER.py] 2020-11-13 21:02:08,200 > 15 rows in 16-30 of 55
[INFO|CRAWLER.py] 2020-11-13 21:02:10,424 > MAT1011-08-01 cleared
[INFO|CRAWLER.py] 2020-11-13 21:02:13,148 > 15 rows in 31-45 of 55
[INFO|CRAWLER.py] 2020-11-13 21:02:15,240 > MAT1011-13-01 cleared
[INFO|CRAWLER.py] 2020-11-13 21:02:17,356 > MAT1016-01-01 cleared
[INFO|CRAWLER.py] 2020-11-13 21:02:19,461 > STA1001-09-00 cleared
[INFO|CRAWLER.py] 2020-11-13 21:02:21,511 > STA1001-10-00 cleared
[INFO|CRAWLER.py] 2020-11-13 21:02:23,561 > STA1001-11-00 cleared
[INFO|CRAWLER.py] 2020-11-13 21:02:26,191 > 10 rows in 46-55 of 55
[INFO|CRAWLER.py] 2020-11-13 21:02:28,243 > STA1001-15-00 cleared
[INFO|CRAWLER.py] 2020-11-13 21:02:30,293 > STA1001-16-00 cleared
[INFO|CRAWLER.py] 2020-11-13 21:02:30,326 > STA1001-17-00: 중복된 강의 객체. caution 수집 완료
[INFO|CRAWLER.py] 2020-11-13 21:02:32,380 > UCC1111-01-00 cleared
[INFO|CRAWLER.py] 2020-11-13 21:02:34,574 > 필수교양-논리와수리 탐색 완료
[INFO|CRAWLER.py] 2020-11-13 21:02:34,575 > 20161-(~2018학번)국제캠퍼스-필수교양-자연과우주 수집 시작
[INFO|CRAWLER.py] 2020-11-13 21:02:35,198 > 15 rows in 1-15 of 59
[INFO|CRAWLER.py] 2020-11-13 21:02:35,227 > 유의사항 기준 탐색 완료
[INFO|CRAWLER.py] 2020-11-13 21:02:35,742 > 15 rows in 1-15 of 59
[INFO|CRAWLER.py] 2020-11-13 21:02:37,863 > CHE1001-05-00 cleared
[INFO|CRAWLER.py] 2020-11-13 21:02:40,000 > CHE1001-09-00 cleared
[INFO|CRAWLER.py] 2020-11-13 21:02:42,151 > CHE1011-06-00 cleared
[INFO|CRAWLER.py] 2020-11-13 21:02:44,769 > 15 rows in 16-30 of 59
[INFO|CRAWLER.py] 2020-11-13 21:02:47,127 > PHY1001-06-00 cleared
[INFO|CRAWLER.py] 2020-11-13 21:02:49,690 > 15 rows in 31-45 of 59
[INFO|CRAWLER.py] 2020-11-13 21:02:51,736 > PHY1001-07-00 cleared
[INFO|CRAWLER.py] 2020-11-13 21:02:53,789 > PHY1001-08-00 cleared
[INFO|CRAWLER.py] 2020-11-13 21:02:55,887 > PHY1011-03-00 cleared
[INFO|CRAWLER.py] 2020-11-13 21:02:58,092 > PHY1011-10-00 cleared
[INFO|CRAWLER.py] 2020-11-13 21:03:00,166 > PHY1011-12-00 cleared
[INFO|CRAWLER.py] 2020-11-13 21:03:02,774 > 14 rows in 46-59 of 59
[INFO|CRAWLER.py] 2020-11-13 21:03:04,842 > PHY1011-15-00 cleared
[INFO|CRAWLER.py] 2020-11-13 21:03:06,915 > PHY1011-17-00 cleared
[INFO|CRAWLER.py] 2020-11-13 21:03:09,046 > UCC1106-03-00 cleared
[INFO|CRAWLER.py] 2020-11-13 21:03:11,097 > UCC1106-04-00 cleared
[INFO|CRAWLER.py] 2020-11-13 21:03:13,188 > YCK1998-02-00 cleared
[INFO|CRAWLER.py] 2020-11-13 21:03:15,237 > YCK1998-03-00 cleared
[INFO|CRAWLER.py] 2020-11-13 21:03:17,281 > YCK1998-04-00 cleared
[INFO|CRAWLER.py] 2020-11-13 21:03:19,325 > 필수교양-자연과우주 탐색 완료
[INFO|CRAWLER.py] 2020-11-13 21:03:19,325 > 20161-(~2018학번)국제캠퍼스-필수교양-생명과환경 수집 시작
[INFO|CRAWLER.py] 2020-11-13 21:03:19,950 > 15 rows in 1-15 of 21
[INFO|CRAWLER.py] 2020-11-13 21:03:30,471 > No caution link in 0th row
[INFO|CRAWLER.py] 2020-11-13 21:03:30,977 > 15 rows in 1-15 of 21
[INFO|CRAWLER.py] 2020-11-13 21:03:31,007 > 유의사항 기준 탐색 완료
[INFO|CRAWLER.py] 2020-11-13 21:03:31,525 > 15 rows in 1-15 of 21
[INFO|CRAWLER.py] 2020-11-13 21:03:44,090 > BIO1001-02-00 cleared
[INFO|CRAWLER.py] 2020-11-13 21:03:46,153 > BIO1008-02-00 cleared
[INFO|CRAWLER.py] 2020-11-13 21:03:48,263 > BIO1011-02-00 cleared
[INFO|CRAWLER.py] 2020-11-13 21:03:50,362 > BIO1011-05-00 cleared
[INFO|CRAWLER.py] 2020-11-13 21:03:52,486 > BIO1011-08-00 cleared
[INFO|CRAWLER.py] 2020-11-13 21:03:55,141 > 6 rows in 16-21 of 21
[INFO|CRAWLER.py] 2020-11-13 21:03:57,207 > UCC1113-01-00 cleared
[INFO|CRAWLER.py] 2020-11-13 21:03:59,278 > YCL1401-01-00 cleared
[INFO|CRAWLER.py] 2020-11-13 21:04:01,321 > YCL1998-01-00 cleared
[INFO|CRAWLER.py] 2020-11-13 21:04:03,384 > 필수교양-생명과환경 탐색 완료
[INFO|CRAWLER.py] 2020-11-13 21:04:03,384 > 20161-(~2018학번)국제캠퍼스-필수교양-소프트웨어 수집 시작
[INFO|CRAWLER.py] 2020-11-13 21:04:04,011 > 0 rows in 1-0 of 0
[INFO|CRAWLER.py] 2020-11-13 21:04:14,553 > No caution link in 0th row
[INFO|CRAWLER.py] 2020-11-13 21:04:15,060 > 0 rows in 1-0 of 0
[INFO|CRAWLER.py] 2020-11-13 21:04:15,060 > No caution in pages
[INFO|CRAWLER.py] 2020-11-13 21:04:15,576 > 0 rows in 1-0 of 0
[INFO|CRAWLER.py] 2020-11-13 21:04:17,597 > 필수교양-소프트웨어 탐색 완료
[INFO|CRAWLER.py] 2020-11-13 21:04:17,597 > 20161-(~2018학번)국제캠퍼스-선택교양-일반 수집 시작
[INFO|CRAWLER.py] 2020-11-13 21:04:18,180 > 15 rows in 1-15 of 22
[INFO|CRAWLER.py] 2020-11-13 21:04:18,206 > 유의사항 기준 탐색 완료
[INFO|CRAWLER.py] 2020-11-13 21:04:18,722 > 15 rows in 1-15 of 22
[INFO|CRAWLER.py] 2020-11-13 21:04:20,774 > UCG1131-05-00 cleared
[INFO|CRAWLER.py] 2020-11-13 21:04:22,829 > UCG1131-06-00 cleared
[INFO|CRAWLER.py] 2020-11-13 21:04:24,962 > UCI1163-01-00 cleared
[INFO|CRAWLER.py] 2020-11-13 21:04:27,016 > UCI1165-01-00 cleared
[INFO|CRAWLER.py] 2020-11-13 21:04:29,069 > UCJ1113-03-00 cleared
[INFO|CRAWLER.py] 2020-11-13 21:04:31,118 > UCJ1116-04-00 cleared
[INFO|CRAWLER.py] 2020-11-13 21:04:33,207 > UCL1203-03-00 cleared
[INFO|CRAWLER.py] 2020-11-13 21:04:35,258 > UCL1204-02-00 cleared
[INFO|CRAWLER.py] 2020-11-13 21:04:37,320 > UCG1107-03-00 cleared
[INFO|CRAWLER.py] 2020-11-13 21:04:39,375 > UCJ1119-02-00 cleared
[INFO|CRAWLER.py] 2020-11-13 21:04:41,429 > UCJ1126-01-00 cleared
[INFO|CRAWLER.py] 2020-11-13 21:04:43,984 > 7 rows in 16-22 of 22
[INFO|CRAWLER.py] 2020-11-13 21:04:56,539 > UCJ1134-01-00 cleared
[INFO|CRAWLER.py] 2020-11-13 21:04:58,592 > UCK1105-03-00 cleared
[INFO|CRAWLER.py] 2020-11-13 21:05:00,644 > UCK1106-02-00 cleared
[INFO|CRAWLER.py] 2020-11-13 21:05:02,718 > UCK1125-02-00 cleared
[INFO|CRAWLER.py] 2020-11-13 21:05:04,815 > 선택교양-일반 탐색 완료
[INFO|CRAWLER.py] 2020-11-13 21:05:04,816 > 20161-(~2018학번)국제캠퍼스-선택교양-RC SE (HE1) 수집 시작
[INFO|CRAWLER.py] 2020-11-13 21:05:05,447 > 15 rows in 1-15 of 32
[INFO|CRAWLER.py] 2020-11-13 21:05:05,473 > 유의사항 기준 탐색 완료
[INFO|CRAWLER.py] 2020-11-13 21:05:05,990 > 15 rows in 1-15 of 32
[INFO|CRAWLER.py] 2020-11-13 21:05:08,039 > UCR1001-01-00 cleared
[INFO|CRAWLER.py] 2020-11-13 21:05:10,254 > UCR1001-09-00 cleared
[INFO|CRAWLER.py] 2020-11-13 21:05:12,327 > UCR1001-11-00 cleared
[INFO|CRAWLER.py] 2020-11-13 21:05:14,378 > UCR1001-12-00 cleared
[INFO|CRAWLER.py] 2020-11-13 21:05:16,457 > UCR1001-14-00 cleared
[INFO|CRAWLER.py] 2020-11-13 21:05:19,058 > 15 rows in 16-30 of 32
[INFO|CRAWLER.py] 2020-11-13 21:05:21,108 > UCR1001-16-00 cleared
[INFO|CRAWLER.py] 2020-11-13 21:05:23,223 > UCR1001-20-00 cleared
[INFO|CRAWLER.py] 2020-11-13 21:05:25,275 > UCR1001-21-00 cleared
[INFO|CRAWLER.py] 2020-11-13 21:05:27,326 > UCR1001-22-00 cleared
[INFO|CRAWLER.py] 2020-11-13 21:05:29,400 > UCR1001-24-00 cleared
[INFO|CRAWLER.py] 2020-11-13 21:05:31,451 > UCR1001-25-00 cleared
[INFO|CRAWLER.py] 2020-11-13 21:05:33,501 > UCR1001-26-00 cleared
[INFO|CRAWLER.py] 2020-11-13 21:05:35,553 > UCR1001-27-00 cleared
[INFO|CRAWLER.py] 2020-11-13 21:05:37,654 > UCR1001-30-00 cleared
[INFO|CRAWLER.py] 2020-11-13 21:05:40,210 > 2 rows in 31-32 of 32
[INFO|CRAWLER.py] 2020-11-13 21:05:42,287 > UCR1001-32-00 cleared
[INFO|CRAWLER.py] 2020-11-13 21:05:44,328 > 선택교양-RC SE (HE1) 탐색 완료
[INFO|CRAWLER.py] 2020-11-13 21:05:44,329 > 20161-(~2018학번)국제캠퍼스-선택교양-RC HE2 수집 시작
[INFO|CRAWLER.py] 2020-11-13 21:05:44,955 > 15 rows in 1-15 of 31
[INFO|CRAWLER.py] 2020-11-13 21:05:44,982 > 유의사항 기준 탐색 완료
[INFO|CRAWLER.py] 2020-11-13 21:05:45,497 > 15 rows in 1-15 of 31
[INFO|CRAWLER.py] 2020-11-13 21:05:47,553 > UCR1002-01-00 cleared
[INFO|CRAWLER.py] 2020-11-13 21:05:49,599 > UCR1002-02-00 cleared
[INFO|CRAWLER.py] 2020-11-13 21:05:51,658 > UCR1002-03-00 cleared
[INFO|CRAWLER.py] 2020-11-13 21:05:53,758 > UCR1002-06-00 cleared
[INFO|CRAWLER.py] 2020-11-13 21:05:55,863 > UCR1002-09-00 cleared
[INFO|CRAWLER.py] 2020-11-13 21:05:57,938 > UCR1002-11-00 cleared
[INFO|CRAWLER.py] 2020-11-13 21:06:00,014 > UCR1002-13-00 cleared
[INFO|CRAWLER.py] 2020-11-13 21:06:02,630 > 15 rows in 16-30 of 31
[INFO|CRAWLER.py] 2020-11-13 21:06:04,680 > UCR1002-16-00 cleared
[INFO|CRAWLER.py] 2020-11-13 21:06:06,734 > UCR1002-17-00 cleared
[INFO|CRAWLER.py] 2020-11-13 21:06:08,787 > UCR1002-18-00 cleared
[INFO|CRAWLER.py] 2020-11-13 21:06:10,841 > UCR1002-19-00 cleared
[INFO|CRAWLER.py] 2020-11-13 21:06:12,913 > UCR1002-21-00 cleared
[INFO|CRAWLER.py] 2020-11-13 21:06:14,975 > UCR1002-22-00 cleared
[INFO|CRAWLER.py] 2020-11-13 21:06:17,045 > UCR1002-23-00 cleared
[INFO|CRAWLER.py] 2020-11-13 21:06:19,154 > UCR1002-25-00 cleared
[INFO|CRAWLER.py] 2020-11-13 21:06:21,829 > 1 rows in 31-31 of 31
[INFO|CRAWLER.py] 2020-11-13 21:06:23,918 > UCR1002-31-00 cleared
[INFO|CRAWLER.py] 2020-11-13 21:06:25,957 > 선택교양-RC HE2 탐색 완료
[INFO|CRAWLER.py] 2020-11-13 21:06:25,958 > 20161-(~2018학번)국제캠퍼스-선택교양-RC HE3 수집 시작
[INFO|CRAWLER.py] 2020-11-13 21:06:26,576 > 15 rows in 1-15 of 54
[INFO|CRAWLER.py] 2020-11-13 21:06:26,603 > 유의사항 기준 탐색 완료
[INFO|CRAWLER.py] 2020-11-13 21:06:27,121 > 15 rows in 1-15 of 54
[INFO|CRAWLER.py] 2020-11-13 21:06:29,174 > UCR1003-01-00 cleared
[INFO|CRAWLER.py] 2020-11-13 21:06:31,226 > UCR1003-02-00 cleared
[INFO|CRAWLER.py] 2020-11-13 21:06:33,282 > UCR1003-03-00 cleared
[INFO|CRAWLER.py] 2020-11-13 21:06:35,391 > UCR1003-05-00 cleared
[INFO|CRAWLER.py] 2020-11-13 21:06:37,442 > UCR1003-06-00 cleared
[INFO|CRAWLER.py] 2020-11-13 21:06:39,496 > UCR1003-07-00 cleared
[INFO|CRAWLER.py] 2020-11-13 21:06:41,569 > UCR1003-09-00 cleared
[INFO|CRAWLER.py] 2020-11-13 21:06:43,624 > UCR1003-10-00 cleared
[INFO|CRAWLER.py] 2020-11-13 21:06:45,725 > UCR1003-13-00 cleared
[INFO|CRAWLER.py] 2020-11-13 21:06:48,365 > 15 rows in 16-30 of 54
[INFO|CRAWLER.py] 2020-11-13 21:06:50,513 > UCR1003-20-00 cleared
[INFO|CRAWLER.py] 2020-11-13 21:06:52,560 > UCR1003-21-00 cleared
[INFO|CRAWLER.py] 2020-11-13 21:06:54,629 > UCR1003-23-00 cleared
[INFO|CRAWLER.py] 2020-11-13 21:06:56,675 > UCR1003-24-00 cleared
[INFO|CRAWLER.py] 2020-11-13 21:06:58,722 > UCR1003-25-00 cleared
[INFO|CRAWLER.py] 2020-11-13 21:07:00,772 > UCR1003-26-00 cleared
[INFO|CRAWLER.py] 2020-11-13 21:07:03,419 > 15 rows in 31-45 of 54
[INFO|CRAWLER.py] 2020-11-13 21:07:05,472 > UCR1003-31-00 cleared
[INFO|CRAWLER.py] 2020-11-13 21:07:07,528 > UCR1003-32-00 cleared
[INFO|CRAWLER.py] 2020-11-13 21:07:09,579 > UCR1003-33-00 cleared
[INFO|CRAWLER.py] 2020-11-13 21:07:11,640 > UCR1003-34-00 cleared
[INFO|CRAWLER.py] 2020-11-13 21:07:13,684 > UCR1003-35-00 cleared
[INFO|CRAWLER.py] 2020-11-13 21:07:15,851 > UCR1003-40-00 cleared
[INFO|CRAWLER.py] 2020-11-13 21:07:17,899 > UCR1003-41-00 cleared
[INFO|CRAWLER.py] 2020-11-13 21:07:19,951 > UCR1003-42-00 cleared
[INFO|CRAWLER.py] 2020-11-13 21:07:22,025 > UCR1003-44-00 cleared
[INFO|CRAWLER.py] 2020-11-13 21:07:24,074 > UCR1003-45-00 cleared
[INFO|CRAWLER.py] 2020-11-13 21:07:26,623 > 9 rows in 46-54 of 54
[INFO|CRAWLER.py] 2020-11-13 21:07:28,670 > UCR1003-46-00 cleared
[INFO|CRAWLER.py] 2020-11-13 21:07:30,768 > UCR1003-49-00 cleared
[INFO|CRAWLER.py] 2020-11-13 21:07:32,871 > UCR1003-52-00 cleared
[INFO|CRAWLER.py] 2020-11-13 21:07:34,928 > UCR1003-53-00 cleared
[INFO|CRAWLER.py] 2020-11-13 21:07:36,998 > 선택교양-RC HE3 탐색 완료
[INFO|CRAWLER.py] 2020-11-13 21:07:36,998 > 20161-(~2018학번)국제캠퍼스-의예과(1학년) 수집 시작
[INFO|CRAWLER.py] 2020-11-13 21:07:37,627 > 11 rows in 1-11 of 11
[INFO|CRAWLER.py] 2020-11-13 21:07:37,656 > 유의사항 기준 탐색 완료
[INFO|CRAWLER.py] 2020-11-13 21:07:38,173 > 11 rows in 1-11 of 11
[INFO|CRAWLER.py] 2020-11-13 21:07:40,248 > MED1101-01-00 cleared
[INFO|CRAWLER.py] 2020-11-13 21:07:42,488 > 의예과(1학년) 탐색 완료
[INFO|CRAWLER.py] 2020-11-13 21:07:42,488 > 20161-(~2018학번)국제캠퍼스-치의예과(1학년) 수집 시작
[INFO|CRAWLER.py] 2020-11-13 21:07:43,076 > 14 rows in 1-14 of 14
[INFO|CRAWLER.py] 2020-11-13 21:07:43,101 > 유의사항 기준 탐색 완료
[INFO|CRAWLER.py] 2020-11-13 21:07:43,617 > 14 rows in 1-14 of 14
[INFO|CRAWLER.py] 2020-11-13 21:07:45,975 > 치의예과(1학년) 탐색 완료
[INFO|CRAWLER.py] 2020-11-13 21:07:45,976 > (~2018학번)국제캠퍼스 수집 완료
[INFO|CRAWLER.py] 2020-11-13 21:07:45,977 > FINISHED_LECT_OBJs에 20161-ELECTIVES 전부 등록 완료
