[INFO|CRAWLER.py] 2020-11-13 20:04:28,784 > 작업완료된 강의 객체 목록 다운로드 시작
[INFO|CRAWLER.py] 2020-11-13 20:04:30,391 > 작업완료된 강의 객체 목록 다운로드 완료
[INFO|CRAWLER.py] 2020-11-13 20:04:34,225 > 20171-언더우드국제대학-공통교과과정(신촌) 수집 시작
[INFO|CRAWLER.py] 2020-11-13 20:04:34,862 > 15 rows in 1-15 of 57
[INFO|CRAWLER.py] 2020-11-13 20:04:34,901 > 유의사항 기준 탐색 완료
[INFO|CRAWLER.py] 2020-11-13 20:04:35,423 > 15 rows in 1-15 of 57
[INFO|CRAWLER.py] 2020-11-13 20:04:35,481 > YCA1007-05-00: 중복된 강의 객체. caution 수집 완료
[INFO|CRAWLER.py] 2020-11-13 20:04:35,525 > YCA1003-05-00: 중복된 강의 객체. caution 수집 완료
[INFO|CRAWLER.py] 2020-11-13 20:04:35,565 > UIC1451-01-00: 중복된 강의 객체. caution 수집 완료
[INFO|CRAWLER.py] 2020-11-13 20:04:35,606 > UIC1501-01-00: 중복된 강의 객체. caution 수집 완료
[INFO|CRAWLER.py] 2020-11-13 20:04:35,646 > UIC1541-01-00: 중복된 강의 객체. caution 수집 완료
[INFO|CRAWLER.py] 2020-11-13 20:04:35,687 > UIC1541-02-00: 중복된 강의 객체. caution 수집 완료
[INFO|CRAWLER.py] 2020-11-13 20:04:35,726 > UIC1805-01-00: 중복된 강의 객체. caution 수집 완료
[INFO|CRAWLER.py] 2020-11-13 20:04:35,767 > UIC1809-01-00: 중복된 강의 객체. caution 수집 완료
[INFO|CRAWLER.py] 2020-11-13 20:04:35,808 > UIC1810-01-00: 중복된 강의 객체. caution 수집 완료
[INFO|CRAWLER.py] 2020-11-13 20:04:35,849 > UIC1901-01-00: 중복된 강의 객체. caution 수집 완료
[INFO|CRAWLER.py] 2020-11-13 20:04:35,891 > UIC1918-01-00: 중복된 강의 객체. caution 수집 완료
[INFO|CRAWLER.py] 2020-11-13 20:04:35,931 > UIC1920-01-00: 중복된 강의 객체. caution 수집 완료
[INFO|CRAWLER.py] 2020-11-13 20:04:35,972 > UIC2101-01-00: 중복된 강의 객체. caution 수집 완료
[INFO|CRAWLER.py] 2020-11-13 20:04:36,014 > UIC2101-02-00: 중복된 강의 객체. caution 수집 완료
[INFO|CRAWLER.py] 2020-11-13 20:04:36,054 > UIC3101-01-00: 중복된 강의 객체. caution 수집 완료
[INFO|CRAWLER.py] 2020-11-13 20:04:38,632 > 15 rows in 16-30 of 57
[INFO|CRAWLER.py] 2020-11-13 20:04:38,664 > UIC1709-01-00: 중복된 강의 객체. caution 수집 완료
[INFO|CRAWLER.py] 2020-11-13 20:04:38,698 > UIC1802-01-00: 중복된 강의 객체. caution 수집 완료
[INFO|CRAWLER.py] 2020-11-13 20:04:38,730 > UIC1811-01-00: 중복된 강의 객체. caution 수집 완료
[INFO|CRAWLER.py] 2020-11-13 20:04:38,763 > UIC1916-01-00: 중복된 강의 객체. caution 수집 완료
[INFO|CRAWLER.py] 2020-11-13 20:04:38,796 > UIC2151-01-00: 중복된 강의 객체. caution 수집 완료
[INFO|CRAWLER.py] 2020-11-13 20:04:38,830 > UIC2151-02-00: 중복된 강의 객체. caution 수집 완료
[INFO|CRAWLER.py] 2020-11-13 20:04:38,864 > UIC2302-01-00: 중복된 강의 객체. caution 수집 완료
[INFO|CRAWLER.py] 2020-11-13 20:04:38,898 > UIC2307-01-00: 중복된 강의 객체. caution 수집 완료
[INFO|CRAWLER.py] 2020-11-13 20:04:38,931 > UIC2310-01-00: 중복된 강의 객체. caution 수집 완료
[INFO|CRAWLER.py] 2020-11-13 20:04:38,964 > UIC2311-01-00: 중복된 강의 객체. caution 수집 완료
[INFO|CRAWLER.py] 2020-11-13 20:04:38,997 > UIC2312-01-00: 중복된 강의 객체. caution 수집 완료
[INFO|CRAWLER.py] 2020-11-13 20:04:39,030 > UIC3514-01-00: 중복된 강의 객체. caution 수집 완료
[INFO|CRAWLER.py] 2020-11-13 20:04:39,063 > UIC3520-01-00: 중복된 강의 객체. caution 수집 완료
[INFO|CRAWLER.py] 2020-11-13 20:04:39,096 > UIC3575-01-00: 중복된 강의 객체. caution 수집 완료
[INFO|CRAWLER.py] 2020-11-13 20:04:39,128 > UIC3589-01-00: 중복된 강의 객체. caution 수집 완료
[INFO|CRAWLER.py] 2020-11-13 20:04:41,695 > 15 rows in 31-45 of 57
[INFO|CRAWLER.py] 2020-11-13 20:04:41,727 > UIC3589-02-00: 중복된 강의 객체. caution 수집 완료
[INFO|CRAWLER.py] 2020-11-13 20:04:41,764 > UIC3591-01-00: 중복된 강의 객체. caution 수집 완료
[INFO|CRAWLER.py] 2020-11-13 20:04:41,797 > UIC3597-01-00: 중복된 강의 객체. caution 수집 완료
[INFO|CRAWLER.py] 2020-11-13 20:04:41,829 > UIC3622-01-00: 중복된 강의 객체. caution 수집 완료
[INFO|CRAWLER.py] 2020-11-13 20:04:41,862 > UIC3622-02-00: 중복된 강의 객체. caution 수집 완료
[INFO|CRAWLER.py] 2020-11-13 20:04:41,894 > UIC1903-01-00: 중복된 강의 객체. caution 수집 완료
[INFO|CRAWLER.py] 2020-11-13 20:04:41,927 > UIC2308-01-00: 중복된 강의 객체. caution 수집 완료
[INFO|CRAWLER.py] 2020-11-13 20:04:41,960 > UIC2319-01-00: 중복된 강의 객체. caution 수집 완료
[INFO|CRAWLER.py] 2020-11-13 20:04:41,993 > UIC3202-01-00: 중복된 강의 객체. caution 수집 완료
[INFO|CRAWLER.py] 2020-11-13 20:04:42,026 > UIC3203-01-00: 중복된 강의 객체. caution 수집 완료
[INFO|CRAWLER.py] 2020-11-13 20:04:42,059 > UIC3204-01-00: 중복된 강의 객체. caution 수집 완료
[INFO|CRAWLER.py] 2020-11-13 20:04:42,117 > UIC3528-01-00: 중복된 강의 객체. caution 수집 완료
[INFO|CRAWLER.py] 2020-11-13 20:04:42,150 > UIC3535-01-00: 중복된 강의 객체. caution 수집 완료
[INFO|CRAWLER.py] 2020-11-13 20:04:42,185 > UIC3547-01-00: 중복된 강의 객체. caution 수집 완료
[INFO|CRAWLER.py] 2020-11-13 20:04:44,742 > 12 rows in 46-57 of 57
[INFO|CRAWLER.py] 2020-11-13 20:04:44,784 > UIC3563-01-00: 중복된 강의 객체. caution 수집 완료
[INFO|CRAWLER.py] 2020-11-13 20:04:44,817 > UIC3568-01-00: 중복된 강의 객체. caution 수집 완료
[INFO|CRAWLER.py] 2020-11-13 20:04:44,850 > UIC3583-01-00: 중복된 강의 객체. caution 수집 완료
[INFO|CRAWLER.py] 2020-11-13 20:04:44,885 > UIC3587-01-00: 중복된 강의 객체. caution 수집 완료
[INFO|CRAWLER.py] 2020-11-13 20:04:55,460 > UIC3611-01-00: 중복된 강의 객체. caution 수집 완료
[INFO|CRAWLER.py] 2020-11-13 20:04:55,500 > UIC3615-01-00: 중복된 강의 객체. caution 수집 완료
[INFO|CRAWLER.py] 2020-11-13 20:04:55,539 > UIC3618-01-00: 중복된 강의 객체. caution 수집 완료
[INFO|CRAWLER.py] 2020-11-13 20:04:55,579 > UIC3620-01-00: 중복된 강의 객체. caution 수집 완료
[INFO|CRAWLER.py] 2020-11-13 20:04:55,619 > UIC3649-01-00: 중복된 강의 객체. caution 수집 완료
[INFO|CRAWLER.py] 2020-11-13 20:04:55,658 > UIC3652-01-00: 중복된 강의 객체. caution 수집 완료
[INFO|CRAWLER.py] 2020-11-13 20:04:55,699 > UIC3655-01-00: 중복된 강의 객체. caution 수집 완료
[INFO|CRAWLER.py] 2020-11-13 20:04:55,737 > UIC4801-01-00: 중복된 강의 객체. caution 수집 완료
[INFO|CRAWLER.py] 2020-11-13 20:04:57,796 > 공통교과과정(신촌) 탐색 완료
[INFO|CRAWLER.py] 2020-11-13 20:04:57,796 > 20171-언더우드국제대학-공통교과과정(국제) 수집 시작
[INFO|CRAWLER.py] 2020-11-13 20:04:58,431 > 15 rows in 1-15 of 111
[INFO|CRAWLER.py] 2020-11-13 20:04:58,461 > 유의사항 기준 탐색 완료
[INFO|CRAWLER.py] 2020-11-13 20:04:58,980 > 15 rows in 1-15 of 111
[INFO|CRAWLER.py] 2020-11-13 20:04:59,016 > YCA1001-01-00: 중복된 강의 객체. caution 수집 완료
[INFO|CRAWLER.py] 2020-11-13 20:04:59,053 > YCA1001-02-00: 중복된 강의 객체. caution 수집 완료
[INFO|CRAWLER.py] 2020-11-13 20:04:59,091 > YCA1005-01-00: 중복된 강의 객체. caution 수집 완료
[INFO|CRAWLER.py] 2020-11-13 20:04:59,130 > YCA1005-02-00: 중복된 강의 객체. caution 수집 완료
[INFO|CRAWLER.py] 2020-11-13 20:04:59,165 > MAT1001-07-00: 중복된 강의 객체. caution 수집 완료
[INFO|CRAWLER.py] 2020-11-13 20:04:59,201 > MAT1001-08-00: 중복된 강의 객체. caution 수집 완료
[INFO|CRAWLER.py] 2020-11-13 20:04:59,237 > MAT1001-09-00: 중복된 강의 객체. caution 수집 완료
[INFO|CRAWLER.py] 2020-11-13 20:04:59,273 > UIC1101-01-00: 중복된 강의 객체. caution 수집 완료
[INFO|CRAWLER.py] 2020-11-13 20:04:59,308 > UIC1101-02-00: 중복된 강의 객체. caution 수집 완료
[INFO|CRAWLER.py] 2020-11-13 20:04:59,343 > UIC1101-03-00: 중복된 강의 객체. caution 수집 완료
[INFO|CRAWLER.py] 2020-11-13 20:04:59,385 > UIC1101-04-00: 중복된 강의 객체. caution 수집 완료
[INFO|CRAWLER.py] 2020-11-13 20:04:59,448 > UIC1101-06-00: 중복된 강의 객체. caution 수집 완료
[INFO|CRAWLER.py] 2020-11-13 20:04:59,510 > UIC1101-08-00: 중복된 강의 객체. caution 수집 완료
[INFO|CRAWLER.py] 2020-11-13 20:05:02,080 > 15 rows in 16-30 of 111
[INFO|CRAWLER.py] 2020-11-13 20:05:02,110 > UIC1101-09-00: 중복된 강의 객체. caution 수집 완료
[INFO|CRAWLER.py] 2020-11-13 20:05:02,141 > UIC1101-10-00: 중복된 강의 객체. caution 수집 완료
[INFO|CRAWLER.py] 2020-11-13 20:05:02,196 > UIC1101-12-00: 중복된 강의 객체. caution 수집 완료
[INFO|CRAWLER.py] 2020-11-13 20:05:02,226 > UIC1101-13-00: 중복된 강의 객체. caution 수집 완료
[INFO|CRAWLER.py] 2020-11-13 20:05:02,364 > UIC1201-01-00: 중복된 강의 객체. caution 수집 완료
[INFO|CRAWLER.py] 2020-11-13 20:05:02,398 > UIC1251-01-00: 중복된 강의 객체. caution 수집 완료
[INFO|CRAWLER.py] 2020-11-13 20:05:02,434 > UIC1351-01-00: 중복된 강의 객체. caution 수집 완료
[INFO|CRAWLER.py] 2020-11-13 20:05:02,465 > UIC1451-02-00: 중복된 강의 객체. caution 수집 완료
[INFO|CRAWLER.py] 2020-11-13 20:05:02,500 > UIC1501-02-00: 중복된 강의 객체. caution 수집 완료
[INFO|CRAWLER.py] 2020-11-13 20:05:05,083 > 15 rows in 31-45 of 111
[INFO|CRAWLER.py] 2020-11-13 20:05:05,114 > UIC1501-04-00: 중복된 강의 객체. caution 수집 완료
[INFO|CRAWLER.py] 2020-11-13 20:05:05,146 > UIC1501-05-00: 중복된 강의 객체. caution 수집 완료
[INFO|CRAWLER.py] 2020-11-13 20:05:05,178 > UIC1502-01-00: 중복된 강의 객체. caution 수집 완료
[INFO|CRAWLER.py] 2020-11-13 20:05:05,210 > UIC1541-03-00: 중복된 강의 객체. caution 수집 완료
[INFO|CRAWLER.py] 2020-11-13 20:05:05,242 > UIC1541-04-00: 중복된 강의 객체. caution 수집 완료
[INFO|CRAWLER.py] 2020-11-13 20:05:05,273 > UIC1541-05-00: 중복된 강의 객체. caution 수집 완료
[INFO|CRAWLER.py] 2020-11-13 20:05:05,306 > UIC1541-06-00: 중복된 강의 객체. caution 수집 완료
[INFO|CRAWLER.py] 2020-11-13 20:05:05,339 > UIC1551-01-00: 중복된 강의 객체. caution 수집 완료
[INFO|CRAWLER.py] 2020-11-13 20:05:05,372 > UIC1551-02-00: 중복된 강의 객체. caution 수집 완료
[INFO|CRAWLER.py] 2020-11-13 20:05:05,403 > UIC1551-03-00: 중복된 강의 객체. caution 수집 완료
[INFO|CRAWLER.py] 2020-11-13 20:05:05,435 > UIC1551-04-00: 중복된 강의 객체. caution 수집 완료
[INFO|CRAWLER.py] 2020-11-13 20:05:05,469 > UIC1551-05-00: 중복된 강의 객체. caution 수집 완료
[INFO|CRAWLER.py] 2020-11-13 20:05:05,502 > UIC1561-01-00: 중복된 강의 객체. caution 수집 완료
[INFO|CRAWLER.py] 2020-11-13 20:05:05,534 > UIC1561-02-00: 중복된 강의 객체. caution 수집 완료
[INFO|CRAWLER.py] 2020-11-13 20:05:05,566 > UIC1581-01-00: 중복된 강의 객체. caution 수집 완료
[INFO|CRAWLER.py] 2020-11-13 20:05:08,133 > 15 rows in 46-60 of 111
[INFO|CRAWLER.py] 2020-11-13 20:05:08,163 > UIC1751-01-00: 중복된 강의 객체. caution 수집 완료
[INFO|CRAWLER.py] 2020-11-13 20:05:08,219 > UIC1805-02-00: 중복된 강의 객체. caution 수집 완료
[INFO|CRAWLER.py] 2020-11-13 20:05:08,250 > UIC1805-03-00: 중복된 강의 객체. caution 수집 완료
[INFO|CRAWLER.py] 2020-11-13 20:05:08,282 > UIC1805-04-00: 중복된 강의 객체. caution 수집 완료
[INFO|CRAWLER.py] 2020-11-13 20:05:08,313 > UIC1805-05-00: 중복된 강의 객체. caution 수집 완료
[INFO|CRAWLER.py] 2020-11-13 20:05:08,344 > UIC1805-06-00: 중복된 강의 객체. caution 수집 완료
[INFO|CRAWLER.py] 2020-11-13 20:05:08,376 > UIC1806-01-00: 중복된 강의 객체. caution 수집 완료
[INFO|CRAWLER.py] 2020-11-13 20:05:08,416 > UIC1806-02-00: 중복된 강의 객체. caution 수집 완료
[INFO|CRAWLER.py] 2020-11-13 20:05:08,458 > UIC1806-03-00: 중복된 강의 객체. caution 수집 완료
[INFO|CRAWLER.py] 2020-11-13 20:05:08,490 > UIC1808-01-00: 중복된 강의 객체. caution 수집 완료
[INFO|CRAWLER.py] 2020-11-13 20:05:08,544 > UIC1809-02-00: 중복된 강의 객체. caution 수집 완료
[INFO|CRAWLER.py] 2020-11-13 20:05:08,598 > UIC1901-03-00: 중복된 강의 객체. caution 수집 완료
[INFO|CRAWLER.py] 2020-11-13 20:05:11,166 > 15 rows in 61-75 of 111
[INFO|CRAWLER.py] 2020-11-13 20:05:11,197 > UIC1901-04-00: 중복된 강의 객체. caution 수집 완료
[INFO|CRAWLER.py] 2020-11-13 20:05:11,228 > UIC1901-05-00: 중복된 강의 객체. caution 수집 완료
[INFO|CRAWLER.py] 2020-11-13 20:05:11,258 > UIC1901-06-00: 중복된 강의 객체. caution 수집 완료
[INFO|CRAWLER.py] 2020-11-13 20:05:11,289 > UIC2101-03-00: 중복된 강의 객체. caution 수집 완료
[INFO|CRAWLER.py] 2020-11-13 20:05:11,321 > UIC2101-04-00: 중복된 강의 객체. caution 수집 완료
[INFO|CRAWLER.py] 2020-11-13 20:05:11,377 > UIC2101-06-00: 중복된 강의 객체. caution 수집 완료
[INFO|CRAWLER.py] 2020-11-13 20:05:11,410 > UIC2101-07-00: 중복된 강의 객체. caution 수집 완료
[INFO|CRAWLER.py] 2020-11-13 20:05:11,443 > UIC2101-08-00: 중복된 강의 객체. caution 수집 완료
[INFO|CRAWLER.py] 2020-11-13 20:05:11,475 > UIC2101-09-00: 중복된 강의 객체. caution 수집 완료
[INFO|CRAWLER.py] 2020-11-13 20:05:11,507 > UIC2101-10-00: 중복된 강의 객체. caution 수집 완료
[INFO|CRAWLER.py] 2020-11-13 20:05:11,539 > UIC2151-03-00: 중복된 강의 객체. caution 수집 완료
[INFO|CRAWLER.py] 2020-11-13 20:05:11,598 > UIC2151-05-00: 중복된 강의 객체. caution 수집 완료
[INFO|CRAWLER.py] 2020-11-13 20:05:11,633 > UIC2151-06-00: 중복된 강의 객체. caution 수집 완료
[INFO|CRAWLER.py] 2020-11-13 20:05:14,197 > 15 rows in 76-90 of 111
[INFO|CRAWLER.py] 2020-11-13 20:05:14,229 > UIC2151-07-00: 중복된 강의 객체. caution 수집 완료
[INFO|CRAWLER.py] 2020-11-13 20:05:14,261 > UIC2151-08-00: 중복된 강의 객체. caution 수집 완료
[INFO|CRAWLER.py] 2020-11-13 20:05:14,292 > UIC2151-09-00: 중복된 강의 객체. caution 수집 완료
[INFO|CRAWLER.py] 2020-11-13 20:05:14,323 > UIC2151-10-00: 중복된 강의 객체. caution 수집 완료
[INFO|CRAWLER.py] 2020-11-13 20:05:14,354 > YCA1101-08-00: 중복된 강의 객체. caution 수집 완료
[INFO|CRAWLER.py] 2020-11-13 20:05:14,386 > YCA1101-09-00: 중복된 강의 객체. caution 수집 완료
[INFO|CRAWLER.py] 2020-11-13 20:05:14,418 > YCA1102-11-00: 중복된 강의 객체. caution 수집 완료
[INFO|CRAWLER.py] 2020-11-13 20:05:14,449 > YCA1102-12-00: 중복된 강의 객체. caution 수집 완료
[INFO|CRAWLER.py] 2020-11-13 20:05:14,482 > YCA1103-04-00: 중복된 강의 객체. caution 수집 완료
[INFO|CRAWLER.py] 2020-11-13 20:05:14,512 > BIO1001-03-01: 중복된 강의 객체. caution 수집 완료
[INFO|CRAWLER.py] 2020-11-13 20:05:14,567 > BIO1001-04-01: 중복된 강의 객체. caution 수집 완료
[INFO|CRAWLER.py] 2020-11-13 20:05:14,598 > BIO1001-04-02: 중복된 강의 객체. caution 수집 완료
[INFO|CRAWLER.py] 2020-11-13 20:05:14,629 > CHE1001-10-01: 중복된 강의 객체. caution 수집 완료
[INFO|CRAWLER.py] 2020-11-13 20:05:14,666 > CHE1001-10-02: 중복된 강의 객체. caution 수집 완료
[INFO|CRAWLER.py] 2020-11-13 20:05:17,232 > 15 rows in 91-105 of 111
[INFO|CRAWLER.py] 2020-11-13 20:05:17,263 > CHE1001-11-01: 중복된 강의 객체. caution 수집 완료
[INFO|CRAWLER.py] 2020-11-13 20:05:17,345 > ECO1001-08-00: 중복된 강의 객체. caution 수집 완료
[INFO|CRAWLER.py] 2020-11-13 20:05:17,376 > ECO1001-09-00: 중복된 강의 객체. caution 수집 완료
[INFO|CRAWLER.py] 2020-11-13 20:05:17,407 > ECO1001-10-00: 중복된 강의 객체. caution 수집 완료
[INFO|CRAWLER.py] 2020-11-13 20:05:17,438 > PHY1001-11-01: 중복된 강의 객체. caution 수집 완료
[INFO|CRAWLER.py] 2020-11-13 20:05:17,469 > PHY1001-11-02: 중복된 강의 객체. caution 수집 완료
[INFO|CRAWLER.py] 2020-11-13 20:05:17,501 > PHY1001-12-01: 중복된 강의 객체. caution 수집 완료
[INFO|CRAWLER.py] 2020-11-13 20:05:17,554 > POL1002-01-00: 중복된 강의 객체. caution 수집 완료
[INFO|CRAWLER.py] 2020-11-13 20:05:17,587 > UIC1925-01-00: 중복된 강의 객체. caution 수집 완료
[INFO|CRAWLER.py] 2020-11-13 20:05:17,617 > UIC1925-02-00: 중복된 강의 객체. caution 수집 완료
[INFO|CRAWLER.py] 2020-11-13 20:05:17,650 > UIC2302-02-00: 중복된 강의 객체. caution 수집 완료
[INFO|CRAWLER.py] 2020-11-13 20:05:17,688 > UIC2307-02-00: 중복된 강의 객체. caution 수집 완료
[INFO|CRAWLER.py] 2020-11-13 20:05:20,236 > 6 rows in 106-111 of 111
[INFO|CRAWLER.py] 2020-11-13 20:05:20,269 > UIC2310-02-00: 중복된 강의 객체. caution 수집 완료
[INFO|CRAWLER.py] 2020-11-13 20:05:20,301 > UIC3574-01-00: 중복된 강의 객체. caution 수집 완료
[INFO|CRAWLER.py] 2020-11-13 20:05:20,333 > UIC3575-02-00: 중복된 강의 객체. caution 수집 완료
[INFO|CRAWLER.py] 2020-11-13 20:05:20,364 > UIC2319-02-00: 중복된 강의 객체. caution 수집 완료
[INFO|CRAWLER.py] 2020-11-13 20:05:20,396 > UIC3583-02-00: 중복된 강의 객체. caution 수집 완료
[INFO|CRAWLER.py] 2020-11-13 20:05:20,428 > UIC3647-01-00: 중복된 강의 객체. caution 수집 완료
[INFO|CRAWLER.py] 2020-11-13 20:05:22,475 > 공통교과과정(국제) 탐색 완료
[INFO|CRAWLER.py] 2020-11-13 20:05:22,476 > 20171-언더우드국제대학-언더우드학부(인문사회)-비교문학과문화 수집 시작
[INFO|CRAWLER.py] 2020-11-13 20:05:23,104 > 13 rows in 1-13 of 13
[INFO|CRAWLER.py] 2020-11-13 20:05:23,128 > 유의사항 기준 탐색 완료
[INFO|CRAWLER.py] 2020-11-13 20:05:23,643 > 13 rows in 1-13 of 13
[INFO|CRAWLER.py] 2020-11-13 20:05:23,678 > CLC2102-01-00: 중복된 강의 객체. caution 수집 완료
[INFO|CRAWLER.py] 2020-11-13 20:05:23,714 > CLC2720-01-00: 중복된 강의 객체. caution 수집 완료
[INFO|CRAWLER.py] 2020-11-13 20:05:23,750 > CLC3701-01-00: 중복된 강의 객체. caution 수집 완료
[INFO|CRAWLER.py] 2020-11-13 20:05:23,785 > CLC3704-01-00: 중복된 강의 객체. caution 수집 완료
[INFO|CRAWLER.py] 2020-11-13 20:05:23,821 > CLC3712-01-00: 중복된 강의 객체. caution 수집 완료
[INFO|CRAWLER.py] 2020-11-13 20:05:23,856 > CLC3728-01-00: 중복된 강의 객체. caution 수집 완료
[INFO|CRAWLER.py] 2020-11-13 20:05:23,894 > CLC4702-01-00: 중복된 강의 객체. caution 수집 완료
[INFO|CRAWLER.py] 2020-11-13 20:05:23,928 > ELL3902-01-00: 중복된 강의 객체. caution 수집 완료
[INFO|CRAWLER.py] 2020-11-13 20:05:23,990 > CLC4706-01-00: 중복된 강의 객체. caution 수집 완료
[INFO|CRAWLER.py] 2020-11-13 20:05:24,026 > CLC4709-01-00: 중복된 강의 객체. caution 수집 완료
[INFO|CRAWLER.py] 2020-11-13 20:05:24,063 > CLC4711-01-00: 중복된 강의 객체. caution 수집 완료
[INFO|CRAWLER.py] 2020-11-13 20:05:24,105 > CLC4721-01-00: 중복된 강의 객체. caution 수집 완료
[INFO|CRAWLER.py] 2020-11-13 20:05:26,128 > 언더우드학부(인문사회)-비교문학과문화 탐색 완료
[INFO|CRAWLER.py] 2020-11-13 20:05:26,129 > 20171-언더우드국제대학-언더우드학부(인문사회)-경제학 수집 시작
[INFO|CRAWLER.py] 2020-11-13 20:05:26,715 > 15 rows in 1-15 of 27
[INFO|CRAWLER.py] 2020-11-13 20:05:26,737 > 유의사항 기준 탐색 완료
[INFO|CRAWLER.py] 2020-11-13 20:05:27,255 > 15 rows in 1-15 of 27
[INFO|CRAWLER.py] 2020-11-13 20:05:27,290 > ECO1101-03-00: 중복된 강의 객체. caution 수집 완료
[INFO|CRAWLER.py] 2020-11-13 20:05:27,322 > ECO1101-04-00: 중복된 강의 객체. caution 수집 완료
[INFO|CRAWLER.py] 2020-11-13 20:05:27,357 > ECO1101-05-00: 중복된 강의 객체. caution 수집 완료
[INFO|CRAWLER.py] 2020-11-13 20:05:27,392 > ECO1103-02-00: 중복된 강의 객체. caution 수집 완료
[INFO|CRAWLER.py] 2020-11-13 20:05:27,429 > ECO1103-03-00: 중복된 강의 객체. caution 수집 완료
[INFO|CRAWLER.py] 2020-11-13 20:05:27,463 > ECO1104-01-00: 중복된 강의 객체. caution 수집 완료
[INFO|CRAWLER.py] 2020-11-13 20:05:27,499 > ECO1104-02-00: 중복된 강의 객체. caution 수집 완료
[INFO|CRAWLER.py] 2020-11-13 20:05:27,535 > ECO1104-04-00: 중복된 강의 객체. caution 수집 완료
[INFO|CRAWLER.py] 2020-11-13 20:05:27,573 > ECO1104-05-00: 중복된 강의 객체. caution 수집 완료
[INFO|CRAWLER.py] 2020-11-13 20:05:27,610 > ECO2101-01-00: 중복된 강의 객체. caution 수집 완료
[INFO|CRAWLER.py] 2020-11-13 20:05:27,646 > ECO2101-02-00: 중복된 강의 객체. caution 수집 완료
[INFO|CRAWLER.py] 2020-11-13 20:05:27,686 > ECO2101-03-00: 중복된 강의 객체. caution 수집 완료
[INFO|CRAWLER.py] 2020-11-13 20:05:27,746 > ECO2102-01-00: 중복된 강의 객체. caution 수집 완료
[INFO|CRAWLER.py] 2020-11-13 20:05:27,785 > ECO2102-07-00: 중복된 강의 객체. caution 수집 완료
[INFO|CRAWLER.py] 2020-11-13 20:05:27,831 > STA1001-08-00: 중복된 강의 객체. caution 수집 완료
[INFO|CRAWLER.py] 2020-11-13 20:05:30,394 > 12 rows in 16-27 of 27
[INFO|CRAWLER.py] 2020-11-13 20:05:30,425 > STA1001-17-00: 중복된 강의 객체. caution 수집 완료
[INFO|CRAWLER.py] 2020-11-13 20:05:30,465 > ECO3101-01-00: 중복된 강의 객체. caution 수집 완료
[INFO|CRAWLER.py] 2020-11-13 20:05:30,497 > ECO3110-03-00: 중복된 강의 객체. caution 수집 완료
[INFO|CRAWLER.py] 2020-11-13 20:05:30,531 > ECO3112-01-00: 중복된 강의 객체. caution 수집 완료
[INFO|CRAWLER.py] 2020-11-13 20:05:30,564 > ECO3112-02-00: 중복된 강의 객체. caution 수집 완료
[INFO|CRAWLER.py] 2020-11-13 20:05:30,594 > ECO3123-01-00: 중복된 강의 객체. caution 수집 완료
[INFO|CRAWLER.py] 2020-11-13 20:05:30,632 > ECO3127-01-00: 중복된 강의 객체. caution 수집 완료
[INFO|CRAWLER.py] 2020-11-13 20:05:30,669 > ECO3130-02-00: 중복된 강의 객체. caution 수집 완료
[INFO|CRAWLER.py] 2020-11-13 20:05:30,704 > ECO3134-01-00: 중복된 강의 객체. caution 수집 완료
[INFO|CRAWLER.py] 2020-11-13 20:05:30,739 > ECO3140-01-00: 중복된 강의 객체. caution 수집 완료
[INFO|CRAWLER.py] 2020-11-13 20:05:30,773 > ECO4110-01-00: 중복된 강의 객체. caution 수집 완료
[INFO|CRAWLER.py] 2020-11-13 20:05:30,807 > ECO4862-01-00: 중복된 강의 객체. caution 수집 완료
[INFO|CRAWLER.py] 2020-11-13 20:05:32,850 > 언더우드학부(인문사회)-경제학 탐색 완료
[INFO|CRAWLER.py] 2020-11-13 20:05:32,850 > 20171-언더우드국제대학-언더우드학부(인문사회)-국제학 수집 시작
[INFO|CRAWLER.py] 2020-11-13 20:05:33,467 > 15 rows in 1-15 of 18
[INFO|CRAWLER.py] 2020-11-13 20:05:33,493 > 유의사항 기준 탐색 완료
[INFO|CRAWLER.py] 2020-11-13 20:05:34,013 > 15 rows in 1-15 of 18
[INFO|CRAWLER.py] 2020-11-13 20:05:34,047 > ISM1001-01-00: 중복된 강의 객체. caution 수집 완료
[INFO|CRAWLER.py] 2020-11-13 20:05:34,084 > ISM2003-01-00: 중복된 강의 객체. caution 수집 완료
[INFO|CRAWLER.py] 2020-11-13 20:05:34,120 > ISM2108-01-00: 중복된 강의 객체. caution 수집 완료
[INFO|CRAWLER.py] 2020-11-13 20:05:34,156 > ISM2113-01-00: 중복된 강의 객체. caution 수집 완료
[INFO|CRAWLER.py] 2020-11-13 20:05:34,193 > ISM2119-01-00: 중복된 강의 객체. caution 수집 완료
[INFO|CRAWLER.py] 2020-11-13 20:05:34,229 > ISM2120-01-00: 중복된 강의 객체. caution 수집 완료
[INFO|CRAWLER.py] 2020-11-13 20:05:34,267 > ISM3503-01-00: 중복된 강의 객체. caution 수집 완료
[INFO|CRAWLER.py] 2020-11-13 20:05:34,303 > ISM3506-01-00: 중복된 강의 객체. caution 수집 완료
[INFO|CRAWLER.py] 2020-11-13 20:05:34,341 > ISM3524-01-00: 중복된 강의 객체. caution 수집 완료
[INFO|CRAWLER.py] 2020-11-13 20:05:34,383 > ISM3531-01-00: 중복된 강의 객체. caution 수집 완료
[INFO|CRAWLER.py] 2020-11-13 20:05:34,445 > ISM3513-01-00: 중복된 강의 객체. caution 수집 완료
[INFO|CRAWLER.py] 2020-11-13 20:05:34,484 > ISM3528-01-00: 중복된 강의 객체. caution 수집 완료
[INFO|CRAWLER.py] 2020-11-13 20:05:34,522 > ISM3532-01-00: 중복된 강의 객체. caution 수집 완료
[INFO|CRAWLER.py] 2020-11-13 20:05:34,560 > ISM4518-01-00: 중복된 강의 객체. caution 수집 완료
[INFO|CRAWLER.py] 2020-11-13 20:05:37,107 > 3 rows in 16-18 of 18
[INFO|CRAWLER.py] 2020-11-13 20:05:37,139 > ISM4804-01-00: 중복된 강의 객체. caution 수집 완료
[INFO|CRAWLER.py] 2020-11-13 20:05:37,171 > ISM4812-01-00: 중복된 강의 객체. caution 수집 완료
[INFO|CRAWLER.py] 2020-11-13 20:05:37,203 > ISM4813-01-00: 중복된 강의 객체. caution 수집 완료
[INFO|CRAWLER.py] 2020-11-13 20:05:39,234 > 언더우드학부(인문사회)-국제학 탐색 완료
[INFO|CRAWLER.py] 2020-11-13 20:05:39,234 > 20171-언더우드국제대학-언더우드학부(인문사회)-정치외교학 수집 시작
[INFO|CRAWLER.py] 2020-11-13 20:05:39,841 > 15 rows in 1-15 of 15
[INFO|CRAWLER.py] 2020-11-13 20:05:39,864 > 유의사항 기준 탐색 완료
[INFO|CRAWLER.py] 2020-11-13 20:05:40,381 > 15 rows in 1-15 of 15
[INFO|CRAWLER.py] 2020-11-13 20:05:40,416 > POL2210-01-00: 중복된 강의 객체. caution 수집 완료
[INFO|CRAWLER.py] 2020-11-13 20:05:40,451 > POL3153-01-00: 중복된 강의 객체. caution 수집 완료
[INFO|CRAWLER.py] 2020-11-13 20:05:40,486 > POL3110-01-00: 중복된 강의 객체. caution 수집 완료
[INFO|CRAWLER.py] 2020-11-13 20:05:40,522 > POL3150-01-00: 중복된 강의 객체. caution 수집 완료
[INFO|CRAWLER.py] 2020-11-13 20:05:40,557 > POL3859-01-00: 중복된 강의 객체. caution 수집 완료
[INFO|CRAWLER.py] 2020-11-13 20:05:40,592 > POL3868-01-00: 중복된 강의 객체. caution 수집 완료
[INFO|CRAWLER.py] 2020-11-13 20:05:40,629 > POL3869-01-00: 중복된 강의 객체. caution 수집 완료
[INFO|CRAWLER.py] 2020-11-13 20:05:40,665 > POL3870-01-00: 중복된 강의 객체. caution 수집 완료
[INFO|CRAWLER.py] 2020-11-13 20:05:40,701 > POL4110-01-00: 중복된 강의 객체. caution 수집 완료
[INFO|CRAWLER.py] 2020-11-13 20:05:40,735 > POL3825-01-00: 중복된 강의 객체. caution 수집 완료
[INFO|CRAWLER.py] 2020-11-13 20:05:40,772 > POL3832-01-00: 중복된 강의 객체. caution 수집 완료
[INFO|CRAWLER.py] 2020-11-13 20:05:40,809 > POL3846-01-00: 중복된 강의 객체. caution 수집 완료
[INFO|CRAWLER.py] 2020-11-13 20:05:40,851 > POL4830-01-00: 중복된 강의 객체. caution 수집 완료
[INFO|CRAWLER.py] 2020-11-13 20:05:40,887 > POL4128-01-00: 중복된 강의 객체. caution 수집 완료
[INFO|CRAWLER.py] 2020-11-13 20:05:40,921 > POL4835-01-00: 중복된 강의 객체. caution 수집 완료
[INFO|CRAWLER.py] 2020-11-13 20:05:42,942 > 언더우드학부(인문사회)-정치외교학 탐색 완료
[INFO|CRAWLER.py] 2020-11-13 20:05:42,942 > 20171-언더우드국제대학-언더우드학부(공학)-생명과학공학 수집 시작
[INFO|CRAWLER.py] 2020-11-13 20:05:43,531 > 13 rows in 1-13 of 13
[INFO|CRAWLER.py] 2020-11-13 20:05:43,555 > 유의사항 기준 탐색 완료
[INFO|CRAWLER.py] 2020-11-13 20:05:44,072 > 13 rows in 1-13 of 13
[INFO|CRAWLER.py] 2020-11-13 20:05:44,106 > BIO2208-01-00: 중복된 강의 객체. caution 수집 완료
[INFO|CRAWLER.py] 2020-11-13 20:05:44,141 > BTE2200-02-00: 중복된 강의 객체. caution 수집 완료
[INFO|CRAWLER.py] 2020-11-13 20:05:44,177 > BTE2202-01-00: 중복된 강의 객체. caution 수집 완료
[INFO|CRAWLER.py] 2020-11-13 20:05:44,213 > LST2003-01-00: 중복된 강의 객체. caution 수집 완료
[INFO|CRAWLER.py] 2020-11-13 20:05:44,249 > BTE3101-02-00: 중복된 강의 객체. caution 수집 완료
[INFO|CRAWLER.py] 2020-11-13 20:05:44,284 > BTE3402-01-00: 중복된 강의 객체. caution 수집 완료
[INFO|CRAWLER.py] 2020-11-13 20:05:44,320 > BTE3409-01-00: 중복된 강의 객체. caution 수집 완료
[INFO|CRAWLER.py] 2020-11-13 20:05:44,355 > BTE3606-01-00: 중복된 강의 객체. caution 수집 완료
[INFO|CRAWLER.py] 2020-11-13 20:05:44,391 > LSB3102-04-00: 중복된 강의 객체. caution 수집 완료
[INFO|CRAWLER.py] 2020-11-13 20:05:44,426 > LST3205-01-00: 중복된 강의 객체. caution 수집 완료
[INFO|CRAWLER.py] 2020-11-13 20:05:44,463 > LST3206-01-00: 중복된 강의 객체. caution 수집 완료
[INFO|CRAWLER.py] 2020-11-13 20:05:44,500 > LST4001-01-00: 중복된 강의 객체. caution 수집 완료
[INFO|CRAWLER.py] 2020-11-13 20:05:44,538 > LST4003-01-00: 중복된 강의 객체. caution 수집 완료
[INFO|CRAWLER.py] 2020-11-13 20:05:46,560 > 언더우드학부(공학)-생명과학공학 탐색 완료
[INFO|CRAWLER.py] 2020-11-13 20:05:46,560 > 20171-언더우드국제대학-아시아학부-아시아학 수집 시작
[INFO|CRAWLER.py] 2020-11-13 20:05:47,145 > 12 rows in 1-12 of 12
[INFO|CRAWLER.py] 2020-11-13 20:05:47,168 > 유의사항 기준 탐색 완료
[INFO|CRAWLER.py] 2020-11-13 20:05:47,685 > 12 rows in 1-12 of 12
[INFO|CRAWLER.py] 2020-11-13 20:05:47,720 > ASP1011-01-00: 중복된 강의 객체. caution 수집 완료
[INFO|CRAWLER.py] 2020-11-13 20:05:47,757 > ASP2010-01-00: 중복된 강의 객체. caution 수집 완료
[INFO|CRAWLER.py] 2020-11-13 20:05:47,793 > ASP2014-01-00: 중복된 강의 객체. caution 수집 완료
[INFO|CRAWLER.py] 2020-11-13 20:05:47,828 > ASP2019-01-00: 중복된 강의 객체. caution 수집 완료
[INFO|CRAWLER.py] 2020-11-13 20:05:47,864 > ASP2022-01-00: 중복된 강의 객체. caution 수집 완료
[INFO|CRAWLER.py] 2020-11-13 20:05:47,898 > ASP2029-01-00: 중복된 강의 객체. caution 수집 완료
[INFO|CRAWLER.py] 2020-11-13 20:05:47,933 > ASP2031-01-00: 중복된 강의 객체. caution 수집 완료
[INFO|CRAWLER.py] 2020-11-13 20:05:47,969 > ASP3007-01-00: 중복된 강의 객체. caution 수집 완료
[INFO|CRAWLER.py] 2020-11-13 20:05:48,005 > ASP3015-01-00: 중복된 강의 객체. caution 수집 완료
[INFO|CRAWLER.py] 2020-11-13 20:05:48,041 > ASP4003-01-00: 중복된 강의 객체. caution 수집 완료
[INFO|CRAWLER.py] 2020-11-13 20:05:48,076 > ASP4005-01-00: 중복된 강의 객체. caution 수집 완료
[INFO|CRAWLER.py] 2020-11-13 20:05:48,116 > CLC4711-01-00: 중복된 강의 객체. caution 수집 완료
[INFO|CRAWLER.py] 2020-11-13 20:05:50,136 > 아시아학부-아시아학 탐색 완료
[INFO|CRAWLER.py] 2020-11-13 20:05:50,136 > 20171-언더우드국제대학-테크노아트학부-정보·인터랙션디자인 수집 시작
[INFO|CRAWLER.py] 2020-11-13 20:05:50,728 > 14 rows in 1-14 of 14
[INFO|CRAWLER.py] 2020-11-13 20:05:50,748 > 유의사항 기준 탐색 완료
[INFO|CRAWLER.py] 2020-11-13 20:05:51,264 > 14 rows in 1-14 of 14
[INFO|CRAWLER.py] 2020-11-13 20:05:51,301 > IID1001-01-00: 중복된 강의 객체. caution 수집 완료
[INFO|CRAWLER.py] 2020-11-13 20:05:51,338 > IID2001-01-00: 중복된 강의 객체. caution 수집 완료
[INFO|CRAWLER.py] 2020-11-13 20:05:51,375 > IID2002-01-00: 중복된 강의 객체. caution 수집 완료
[INFO|CRAWLER.py] 2020-11-13 20:05:51,414 > IID2006-01-00: 중복된 강의 객체. caution 수집 완료
[INFO|CRAWLER.py] 2020-11-13 20:05:51,451 > IID2010-01-00: 중복된 강의 객체. caution 수집 완료
[INFO|CRAWLER.py] 2020-11-13 20:05:51,486 > IID2011-01-00: 중복된 강의 객체. caution 수집 완료
[INFO|CRAWLER.py] 2020-11-13 20:05:51,522 > IID3002-01-00: 중복된 강의 객체. caution 수집 완료
[INFO|CRAWLER.py] 2020-11-13 20:05:51,559 > IID3004-01-00: 중복된 강의 객체. caution 수집 완료
[INFO|CRAWLER.py] 2020-11-13 20:05:51,595 > IID3007-01-00: 중복된 강의 객체. caution 수집 완료
[INFO|CRAWLER.py] 2020-11-13 20:05:51,630 > IID3010-01-00: 중복된 강의 객체. caution 수집 완료
[INFO|CRAWLER.py] 2020-11-13 20:06:02,220 > IID3014-01-00: 중복된 강의 객체. caution 수집 완료
[INFO|CRAWLER.py] 2020-11-13 20:06:02,258 > IID4002-01-00: 중복된 강의 객체. caution 수집 완료
[INFO|CRAWLER.py] 2020-11-13 20:06:02,295 > IID4002-02-00: 중복된 강의 객체. caution 수집 완료
[INFO|CRAWLER.py] 2020-11-13 20:06:02,334 > TAP4001-01-00: 중복된 강의 객체. caution 수집 완료
[INFO|CRAWLER.py] 2020-11-13 20:06:04,357 > 테크노아트학부-정보·인터랙션디자인 탐색 완료
[INFO|CRAWLER.py] 2020-11-13 20:06:04,357 > 20171-언더우드국제대학-테크노아트학부-창의기술경영 수집 시작
[INFO|CRAWLER.py] 2020-11-13 20:06:04,988 > 11 rows in 1-11 of 11
[INFO|CRAWLER.py] 2020-11-13 20:06:05,016 > 유의사항 기준 탐색 완료
[INFO|CRAWLER.py] 2020-11-13 20:06:05,533 > 11 rows in 1-11 of 11
[INFO|CRAWLER.py] 2020-11-13 20:06:05,569 > CTM1001-01-00: 중복된 강의 객체. caution 수집 완료
[INFO|CRAWLER.py] 2020-11-13 20:06:05,606 > CTM1003-01-00: 중복된 강의 객체. caution 수집 완료
[INFO|CRAWLER.py] 2020-11-13 20:06:05,644 > CTM2001-01-00: 중복된 강의 객체. caution 수집 완료
[INFO|CRAWLER.py] 2020-11-13 20:06:05,683 > CTM2002-01-00: 중복된 강의 객체. caution 수집 완료
[INFO|CRAWLER.py] 2020-11-13 20:06:05,721 > CTM2003-01-00: 중복된 강의 객체. caution 수집 완료
[INFO|CRAWLER.py] 2020-11-13 20:06:05,760 > CTM2014-01-00: 중복된 강의 객체. caution 수집 완료
[INFO|CRAWLER.py] 2020-11-13 20:06:05,797 > CTM2013-01-00: 중복된 강의 객체. caution 수집 완료
[INFO|CRAWLER.py] 2020-11-13 20:06:05,835 > CTM3001-01-00: 중복된 강의 객체. caution 수집 완료
[INFO|CRAWLER.py] 2020-11-13 20:06:05,876 > CTM3009-01-00: 중복된 강의 객체. caution 수집 완료
[INFO|CRAWLER.py] 2020-11-13 20:06:05,914 > CTM3014-01-00: 중복된 강의 객체. caution 수집 완료
[INFO|CRAWLER.py] 2020-11-13 20:06:05,955 > TAP4001-01-00: 중복된 강의 객체. caution 수집 완료
[INFO|CRAWLER.py] 2020-11-13 20:06:07,977 > 테크노아트학부-창의기술경영 탐색 완료
[INFO|CRAWLER.py] 2020-11-13 20:06:07,978 > 20171-언더우드국제대학-테크노아트학부-문화디자인경영 수집 시작
[INFO|CRAWLER.py] 2020-11-13 20:06:08,565 > 13 rows in 1-13 of 13
[INFO|CRAWLER.py] 2020-11-13 20:06:08,588 > 유의사항 기준 탐색 완료
[INFO|CRAWLER.py] 2020-11-13 20:06:09,105 > 13 rows in 1-13 of 13
[INFO|CRAWLER.py] 2020-11-13 20:06:09,141 > CDM1001-01-00: 중복된 강의 객체. caution 수집 완료
[INFO|CRAWLER.py] 2020-11-13 20:06:09,177 > CDM2001-01-00: 중복된 강의 객체. caution 수집 완료
[INFO|CRAWLER.py] 2020-11-13 20:06:09,212 > CDM2002-01-00: 중복된 강의 객체. caution 수집 완료
[INFO|CRAWLER.py] 2020-11-13 20:06:09,248 > CDM2003-01-00: 중복된 강의 객체. caution 수집 완료
[INFO|CRAWLER.py] 2020-11-13 20:06:09,283 > CDM2007-01-00: 중복된 강의 객체. caution 수집 완료
[INFO|CRAWLER.py] 2020-11-13 20:06:09,345 > CDM3003-01-00: 중복된 강의 객체. caution 수집 완료
[INFO|CRAWLER.py] 2020-11-13 20:06:09,379 > DSN4104-01-00: 중복된 강의 객체. caution 수집 완료
[INFO|CRAWLER.py] 2020-11-13 20:06:09,416 > LAW3130-01-00: 중복된 강의 객체. caution 수집 완료
[INFO|CRAWLER.py] 2020-11-13 20:06:09,453 > CDM4003-01-00: 중복된 강의 객체. caution 수집 완료
[INFO|CRAWLER.py] 2020-11-13 20:06:09,489 > CNT4111-01-00: 중복된 강의 객체. caution 수집 완료
[INFO|CRAWLER.py] 2020-11-13 20:06:09,528 > CDM4004-01-00: 중복된 강의 객체. caution 수집 완료
[INFO|CRAWLER.py] 2020-11-13 20:06:09,569 > TAP4001-01-00: 중복된 강의 객체. caution 수집 완료
[INFO|CRAWLER.py] 2020-11-13 20:06:11,590 > 테크노아트학부-문화디자인경영 탐색 완료
[INFO|CRAWLER.py] 2020-11-13 20:06:11,590 > 20171-언더우드국제대학-융합사회과학부-사회정의리더십 수집 시작
[INFO|CRAWLER.py] 2020-11-13 20:06:12,188 > 10 rows in 1-10 of 10
[INFO|CRAWLER.py] 2020-11-13 20:06:12,210 > 유의사항 기준 탐색 완료
[INFO|CRAWLER.py] 2020-11-13 20:06:12,725 > 10 rows in 1-10 of 10
[INFO|CRAWLER.py] 2020-11-13 20:06:12,760 > JCL1001-01-00: 중복된 강의 객체. caution 수집 완료
[INFO|CRAWLER.py] 2020-11-13 20:06:12,795 > JCL2002-01-00: 중복된 강의 객체. caution 수집 완료
[INFO|CRAWLER.py] 2020-11-13 20:06:12,831 > JCL2003-01-00: 중복된 강의 객체. caution 수집 완료
[INFO|CRAWLER.py] 2020-11-13 20:06:12,870 > JCL2007-01-00: 중복된 강의 객체. caution 수집 완료
[INFO|CRAWLER.py] 2020-11-13 20:06:12,906 > JCL3103-01-00: 중복된 강의 객체. caution 수집 완료
[INFO|CRAWLER.py] 2020-11-13 20:06:12,943 > JCL3104-01-00: 중복된 강의 객체. caution 수집 완료
[INFO|CRAWLER.py] 2020-11-13 20:06:12,978 > STP3007-01-00: 중복된 강의 객체. caution 수집 완료
[INFO|CRAWLER.py] 2020-11-13 20:06:13,018 > POL4110-01-00: 중복된 강의 객체. caution 수집 완료
[INFO|CRAWLER.py] 2020-11-13 20:06:23,586 > JCL3105-01-00: 중복된 강의 객체. caution 수집 완료
[INFO|CRAWLER.py] 2020-11-13 20:06:23,625 > JCL4002-01-00: 중복된 강의 객체. caution 수집 완료
[INFO|CRAWLER.py] 2020-11-13 20:06:25,648 > 융합사회과학부-사회정의리더십 탐색 완료
[INFO|CRAWLER.py] 2020-11-13 20:06:25,648 > 20171-언더우드국제대학-융합사회과학부-계량위험관리 수집 시작
[INFO|CRAWLER.py] 2020-11-13 20:06:26,265 > 12 rows in 1-12 of 12
[INFO|CRAWLER.py] 2020-11-13 20:06:26,291 > 유의사항 기준 탐색 완료
[INFO|CRAWLER.py] 2020-11-13 20:06:26,809 > 12 rows in 1-12 of 12
[INFO|CRAWLER.py] 2020-11-13 20:06:26,844 > STA1001-17-00: 중복된 강의 객체. caution 수집 완료
[INFO|CRAWLER.py] 2020-11-13 20:06:26,885 > ECO1101-03-00: 중복된 강의 객체. caution 수집 완료
[INFO|CRAWLER.py] 2020-11-13 20:06:26,928 > ECO2101-01-00: 중복된 강의 객체. caution 수집 완료
[INFO|CRAWLER.py] 2020-11-13 20:06:26,968 > ECO2102-01-00: 중복된 강의 객체. caution 수집 완료
[INFO|CRAWLER.py] 2020-11-13 20:06:27,007 > QRM2001-01-00: 중복된 강의 객체. caution 수집 완료
[INFO|CRAWLER.py] 2020-11-13 20:06:27,044 > STA2102-01-00: 중복된 강의 객체. caution 수집 완료
[INFO|CRAWLER.py] 2020-11-13 20:06:27,084 > STA2105-02-00: 중복된 강의 객체. caution 수집 완료
[INFO|CRAWLER.py] 2020-11-13 20:06:27,126 > ECO3134-01-00: 중복된 강의 객체. caution 수집 완료
[INFO|CRAWLER.py] 2020-11-13 20:06:27,161 > QRM3001-01-00: 중복된 강의 객체. caution 수집 완료
[INFO|CRAWLER.py] 2020-11-13 20:06:27,197 > QRM3003-01-00: 중복된 강의 객체. caution 수집 완료
[INFO|CRAWLER.py] 2020-11-13 20:06:27,234 > STA2104-02-00: 중복된 강의 객체. caution 수집 완료
[INFO|CRAWLER.py] 2020-11-13 20:06:27,275 > STP3007-01-00: 중복된 강의 객체. caution 수집 완료
[INFO|CRAWLER.py] 2020-11-13 20:06:29,296 > 융합사회과학부-계량위험관리 탐색 완료
[INFO|CRAWLER.py] 2020-11-13 20:06:29,297 > 20171-언더우드국제대학-융합사회과학부-과학기술정책 수집 시작
[INFO|CRAWLER.py] 2020-11-13 20:06:29,883 > 10 rows in 1-10 of 10
[INFO|CRAWLER.py] 2020-11-13 20:06:29,906 > 유의사항 기준 탐색 완료
[INFO|CRAWLER.py] 2020-11-13 20:06:30,423 > 10 rows in 1-10 of 10
[INFO|CRAWLER.py] 2020-11-13 20:06:30,458 > STP1001-01-00: 중복된 강의 객체. caution 수집 완료
[INFO|CRAWLER.py] 2020-11-13 20:06:30,492 > STP2001-01-00: 중복된 강의 객체. caution 수집 완료
[INFO|CRAWLER.py] 2020-11-13 20:06:30,528 > STP2005-01-00: 중복된 강의 객체. caution 수집 완료
[INFO|CRAWLER.py] 2020-11-13 20:06:30,562 > PUB4118-01-00: 중복된 강의 객체. caution 수집 완료
[INFO|CRAWLER.py] 2020-11-13 20:06:30,597 > STP3002-01-00: 중복된 강의 객체. caution 수집 완료
[INFO|CRAWLER.py] 2020-11-13 20:06:30,632 > STP3006-01-00: 중복된 강의 객체. caution 수집 완료
[INFO|CRAWLER.py] 2020-11-13 20:06:30,672 > STP3007-01-00: 중복된 강의 객체. caution 수집 완료
[INFO|CRAWLER.py] 2020-11-13 20:06:30,709 > STP4001-01-00: 중복된 강의 객체. caution 수집 완료
[INFO|CRAWLER.py] 2020-11-13 20:06:41,278 > STP4002-01-00: 중복된 강의 객체. caution 수집 완료
[INFO|CRAWLER.py] 2020-11-13 20:06:41,314 > STP4003-01-00: 중복된 강의 객체. caution 수집 완료
[INFO|CRAWLER.py] 2020-11-13 20:06:43,335 > 융합사회과학부-과학기술정책 탐색 완료
[INFO|CRAWLER.py] 2020-11-13 20:06:43,335 > 20171-언더우드국제대학-융합사회과학부-지속개발협력 수집 시작
[INFO|CRAWLER.py] 2020-11-13 20:06:43,923 > 14 rows in 1-14 of 14
[INFO|CRAWLER.py] 2020-11-13 20:06:43,945 > 유의사항 기준 탐색 완료
[INFO|CRAWLER.py] 2020-11-13 20:06:44,460 > 14 rows in 1-14 of 14
[INFO|CRAWLER.py] 2020-11-13 20:06:44,496 > SDC1001-01-00: 중복된 강의 객체. caution 수집 완료
[INFO|CRAWLER.py] 2020-11-13 20:06:44,535 > ISM2108-01-00: 중복된 강의 객체. caution 수집 완료
[INFO|CRAWLER.py] 2020-11-13 20:06:44,573 > ISM3513-01-00: 중복된 강의 객체. caution 수집 완료
[INFO|CRAWLER.py] 2020-11-13 20:06:44,609 > SDC2002-01-00: 중복된 강의 객체. caution 수집 완료
[INFO|CRAWLER.py] 2020-11-13 20:06:44,644 > SDC2005-01-00: 중복된 강의 객체. caution 수집 완료
[INFO|CRAWLER.py] 2020-11-13 20:06:44,684 > ISM3524-01-00: 중복된 강의 객체. caution 수집 완료
[INFO|CRAWLER.py] 2020-11-13 20:06:44,720 > SDC2006-01-00: 중복된 강의 객체. caution 수집 완료
[INFO|CRAWLER.py] 2020-11-13 20:06:44,779 > SDC3005-01-00: 중복된 강의 객체. caution 수집 완료
[INFO|CRAWLER.py] 2020-11-13 20:06:44,818 > STP3007-01-00: 중복된 강의 객체. caution 수집 완료
[INFO|CRAWLER.py] 2020-11-13 20:06:44,859 > ISM4804-01-00: 중복된 강의 객체. caution 수집 완료
[INFO|CRAWLER.py] 2020-11-13 20:06:44,902 > ISM4812-01-00: 중복된 강의 객체. caution 수집 완료
[INFO|CRAWLER.py] 2020-11-13 20:06:44,945 > ISM4813-01-00: 중복된 강의 객체. caution 수집 완료
[INFO|CRAWLER.py] 2020-11-13 20:06:44,983 > SDC4001-01-00: 중복된 강의 객체. caution 수집 완료
[INFO|CRAWLER.py] 2020-11-13 20:06:47,003 > 융합사회과학부-지속개발협력 탐색 완료
[INFO|CRAWLER.py] 2020-11-13 20:06:47,003 > 20171-언더우드국제대학-융합과학공학부-나노과학공학 수집 시작
[INFO|CRAWLER.py] 2020-11-13 20:06:47,606 > 15 rows in 1-15 of 16
[INFO|CRAWLER.py] 2020-11-13 20:06:47,632 > 유의사항 기준 탐색 완료
[INFO|CRAWLER.py] 2020-11-13 20:06:48,147 > 15 rows in 1-15 of 16
[INFO|CRAWLER.py] 2020-11-13 20:06:48,182 > SED1001-01-00: 중복된 강의 객체. caution 수집 완료
[INFO|CRAWLER.py] 2020-11-13 20:06:48,219 > BTE2200-03-00: 중복된 강의 객체. caution 수집 완료
[INFO|CRAWLER.py] 2020-11-13 20:06:48,255 > MAT2016-10-00: 중복된 강의 객체. caution 수집 완료
[INFO|CRAWLER.py] 2020-11-13 20:06:48,291 > NSE2001-01-00: 중복된 강의 객체. caution 수집 완료
[INFO|CRAWLER.py] 2020-11-13 20:06:48,327 > SED2001-01-00: 중복된 강의 객체. caution 수집 완료
[INFO|CRAWLER.py] 2020-11-13 20:06:48,363 > STA1001-18-00: 중복된 강의 객체. caution 수집 완료
[INFO|CRAWLER.py] 2020-11-13 20:06:48,399 > NSE3001-01-00: 중복된 강의 객체. caution 수집 완료
[INFO|CRAWLER.py] 2020-11-13 20:06:48,435 > NSE3004-01-00: 중복된 강의 객체. caution 수집 완료
[INFO|CRAWLER.py] 2020-11-13 20:06:48,471 > NSE3005-01-00: 중복된 강의 객체. caution 수집 완료
[INFO|CRAWLER.py] 2020-11-13 20:06:48,506 > NSE3006-01-00: 중복된 강의 객체. caution 수집 완료
[INFO|CRAWLER.py] 2020-11-13 20:06:48,539 > DAA3830-01-00: 중복된 강의 객체. caution 수집 완료
[INFO|CRAWLER.py] 2020-11-13 20:06:48,598 > MST4490-01-00: 중복된 강의 객체. caution 수집 완료
[INFO|CRAWLER.py] 2020-11-13 20:06:48,637 > NSE4001-01-00: 중복된 강의 객체. caution 수집 완료
[INFO|CRAWLER.py] 2020-11-13 20:06:51,214 > 1 rows in 16-16 of 16
[INFO|CRAWLER.py] 2020-11-13 20:06:51,246 > NSE4003-01-00: 중복된 강의 객체. caution 수집 완료
[INFO|CRAWLER.py] 2020-11-13 20:06:53,276 > 융합과학공학부-나노과학공학 탐색 완료
[INFO|CRAWLER.py] 2020-11-13 20:06:53,276 > 20171-언더우드국제대학-융합과학공학부-에너지환경융합 수집 시작
[INFO|CRAWLER.py] 2020-11-13 20:06:53,864 > 15 rows in 1-15 of 16
[INFO|CRAWLER.py] 2020-11-13 20:06:53,887 > 유의사항 기준 탐색 완료
[INFO|CRAWLER.py] 2020-11-13 20:06:54,403 > 15 rows in 1-15 of 16
[INFO|CRAWLER.py] 2020-11-13 20:06:54,440 > SED1001-01-00: 중복된 강의 객체. caution 수집 완료
[INFO|CRAWLER.py] 2020-11-13 20:06:54,481 > BTE2200-03-00: 중복된 강의 객체. caution 수집 완료
[INFO|CRAWLER.py] 2020-11-13 20:06:54,521 > MAT2016-10-00: 중복된 강의 객체. caution 수집 완료
[INFO|CRAWLER.py] 2020-11-13 20:06:54,562 > SED2001-01-00: 중복된 강의 객체. caution 수집 완료
[INFO|CRAWLER.py] 2020-11-13 20:06:54,602 > STA1001-18-00: 중복된 강의 객체. caution 수집 완료
[INFO|CRAWLER.py] 2020-11-13 20:06:54,633 > CEE3203-01-00: 중복된 강의 객체. caution 수집 완료
[INFO|CRAWLER.py] 2020-11-13 20:06:54,669 > ESE3001-01-00: 중복된 강의 객체. caution 수집 완료
[INFO|CRAWLER.py] 2020-11-13 20:06:54,705 > ESE3002-01-00: 중복된 강의 객체. caution 수집 완료
[INFO|CRAWLER.py] 2020-11-13 20:06:54,752 > NSE3006-01-00: 중복된 강의 객체. caution 수집 완료
[INFO|CRAWLER.py] 2020-11-13 20:06:54,806 > CEE3203-01-00: 중복된 강의 객체. caution 수집 완료
[INFO|CRAWLER.py] 2020-11-13 20:06:54,842 > DAA3830-01-00: 중복된 강의 객체. caution 수집 완료
[INFO|CRAWLER.py] 2020-11-13 20:06:54,879 > ESE4001-01-00: 중복된 강의 객체. caution 수집 완료
[INFO|CRAWLER.py] 2020-11-13 20:06:57,502 > 1 rows in 16-16 of 16
[INFO|CRAWLER.py] 2020-11-13 20:06:57,533 > NSE4003-01-00: 중복된 강의 객체. caution 수집 완료
[INFO|CRAWLER.py] 2020-11-13 20:06:59,564 > 융합과학공학부-에너지환경융합 탐색 완료
[INFO|CRAWLER.py] 2020-11-13 20:06:59,564 > 20171-언더우드국제대학-융합과학공학부-바이오융합 수집 시작
[INFO|CRAWLER.py] 2020-11-13 20:07:00,151 > 13 rows in 1-13 of 13
[INFO|CRAWLER.py] 2020-11-13 20:07:00,175 > 유의사항 기준 탐색 완료
[INFO|CRAWLER.py] 2020-11-13 20:07:00,692 > 13 rows in 1-13 of 13
[INFO|CRAWLER.py] 2020-11-13 20:07:00,732 > SED1001-01-00: 중복된 강의 객체. caution 수집 완료
[INFO|CRAWLER.py] 2020-11-13 20:07:00,772 > BTE2200-03-00: 중복된 강의 객체. caution 수집 완료
[INFO|CRAWLER.py] 2020-11-13 20:07:00,812 > SED2001-01-00: 중복된 강의 객체. caution 수집 완료
[INFO|CRAWLER.py] 2020-11-13 20:07:00,852 > STA1001-18-00: 중복된 강의 객체. caution 수집 완료
[INFO|CRAWLER.py] 2020-11-13 20:07:00,889 > UBC2002-01-00: 중복된 강의 객체. caution 수집 완료
[INFO|CRAWLER.py] 2020-11-13 20:07:00,929 > LSB3102-04-00: 중복된 강의 객체. caution 수집 완료
[INFO|CRAWLER.py] 2020-11-13 20:07:00,967 > LST3104-01-00: 중복된 강의 객체. caution 수집 완료
[INFO|CRAWLER.py] 2020-11-13 20:07:01,002 > UBC3001-01-00: 중복된 강의 객체. caution 수집 완료
[INFO|CRAWLER.py] 2020-11-13 20:07:01,038 > UBC3002-01-00: 중복된 강의 객체. caution 수집 완료
[INFO|CRAWLER.py] 2020-11-13 20:07:01,072 > BCH3119-01-00: 중복된 강의 객체. caution 수집 완료
[INFO|CRAWLER.py] 2020-11-13 20:07:01,107 > BIO3107-01-00: 중복된 강의 객체. caution 수집 완료
[INFO|CRAWLER.py] 2020-11-13 20:07:01,143 > UBC4001-01-00: 중복된 강의 객체. caution 수집 완료
[INFO|CRAWLER.py] 2020-11-13 20:07:01,184 > UBC4002-01-00: 중복된 강의 객체. caution 수집 완료
[INFO|CRAWLER.py] 2020-11-13 20:07:03,205 > 융합과학공학부-바이오융합 탐색 완료
[INFO|CRAWLER.py] 2020-11-13 20:07:03,205 > 언더우드국제대학 수집 완료
[INFO|CRAWLER.py] 2020-11-13 20:07:03,206 > FINISHED_LECT_OBJs에 20171-SEARCH 전부 등록 완료
