[INFO|CRAWLER.py] 2020-11-13 20:12:57,019 > 작업완료된 강의 객체 목록 다운로드 시작
[INFO|CRAWLER.py] 2020-11-13 20:12:58,633 > 작업완료된 강의 객체 목록 다운로드 완료
[INFO|CRAWLER.py] 2020-11-13 20:13:04,013 > 20171-약학대학-약학전공 수집 시작
[INFO|CRAWLER.py] 2020-11-13 20:13:04,658 > 15 rows in 1-15 of 33
[INFO|CRAWLER.py] 2020-11-13 20:13:04,691 > 유의사항 기준 탐색 완료
[INFO|CRAWLER.py] 2020-11-13 20:13:05,211 > 15 rows in 1-15 of 33
[INFO|CRAWLER.py] 2020-11-13 20:13:07,291 > PHM3001-01-00 cleared
[INFO|CRAWLER.py] 2020-11-13 20:13:09,525 > PHM3103-01-00 cleared
[INFO|CRAWLER.py] 2020-11-13 20:13:11,604 > PHM3013-01-00 cleared
[INFO|CRAWLER.py] 2020-11-13 20:13:13,681 > PHM3014-01-00 cleared
[INFO|CRAWLER.py] 2020-11-13 20:13:15,763 > PHM3016-01-00 cleared
[INFO|CRAWLER.py] 2020-11-13 20:13:17,845 > PHM3019-01-00 cleared
[INFO|CRAWLER.py] 2020-11-13 20:13:19,922 > PHM3030-01-00 cleared
[INFO|CRAWLER.py] 2020-11-13 20:13:22,001 > PHM3031-01-00 cleared
[INFO|CRAWLER.py] 2020-11-13 20:13:24,588 > 15 rows in 16-30 of 33
[INFO|CRAWLER.py] 2020-11-13 20:13:26,679 > PHM3047-01-00 cleared
[INFO|CRAWLER.py] 2020-11-13 20:13:28,756 > PHM4150-01-00 cleared
[INFO|CRAWLER.py] 2020-11-13 20:13:30,834 > PHM3038-01-00 cleared
[INFO|CRAWLER.py] 2020-11-13 20:13:32,914 > PHM3035-01-00 cleared
[INFO|CRAWLER.py] 2020-11-13 20:13:34,991 > PHM3036-01-00 cleared
[INFO|CRAWLER.py] 2020-11-13 20:13:37,071 > PHM3041-01-00 cleared
[INFO|CRAWLER.py] 2020-11-13 20:13:39,147 > PHM3059-01-00 cleared
[INFO|CRAWLER.py] 2020-11-13 20:13:41,222 > PHM3060-01-00 cleared
[INFO|CRAWLER.py] 2020-11-13 20:13:43,303 > PHM3037-01-00 cleared
[INFO|CRAWLER.py] 2020-11-13 20:13:45,369 > PHM3043-01-00 cleared
[INFO|CRAWLER.py] 2020-11-13 20:13:47,444 > PHM3045-01-00 cleared
[INFO|CRAWLER.py] 2020-11-13 20:13:49,517 > PHM4310-01-00 cleared
[INFO|CRAWLER.py] 2020-11-13 20:13:51,582 > PHM3034-01-00 cleared
[INFO|CRAWLER.py] 2020-11-13 20:13:53,647 > PHM3053-01-00 cleared
[INFO|CRAWLER.py] 2020-11-13 20:13:55,707 > PHM3033-01-00 cleared
[INFO|CRAWLER.py] 2020-11-13 20:13:58,257 > 3 rows in 31-33 of 33
[INFO|CRAWLER.py] 2020-11-13 20:14:00,320 > PHM3044-01-00 cleared
[INFO|CRAWLER.py] 2020-11-13 20:14:02,385 > PHM3055-01-00 cleared
[INFO|CRAWLER.py] 2020-11-13 20:14:04,441 > PHM4300-01-00 cleared
[INFO|CRAWLER.py] 2020-11-13 20:14:06,485 > 약학전공 탐색 완료
[INFO|CRAWLER.py] 2020-11-13 20:14:06,485 > 약학대학 수집 완료
[INFO|CRAWLER.py] 2020-11-13 20:14:06,486 > 20171-의과대학-의학전공 수집 시작
[INFO|CRAWLER.py] 2020-11-13 20:14:07,131 > 15 rows in 1-15 of 250
[INFO|CRAWLER.py] 2020-11-13 20:14:07,152 > 유의사항 기준 탐색 완료
[INFO|CRAWLER.py] 2020-11-13 20:14:07,669 > 15 rows in 1-15 of 250
[INFO|CRAWLER.py] 2020-11-13 20:14:10,614 > 15 rows in 16-30 of 250
[INFO|CRAWLER.py] 2020-11-13 20:14:13,506 > 15 rows in 31-45 of 250
[INFO|CRAWLER.py] 2020-11-13 20:14:16,398 > 15 rows in 46-60 of 250
[INFO|CRAWLER.py] 2020-11-13 20:14:19,293 > 15 rows in 61-75 of 250
[INFO|CRAWLER.py] 2020-11-13 20:14:22,193 > 15 rows in 76-90 of 250
[INFO|CRAWLER.py] 2020-11-13 20:14:25,103 > 15 rows in 91-105 of 250
[INFO|CRAWLER.py] 2020-11-13 20:14:28,012 > 15 rows in 106-120 of 250
[INFO|CRAWLER.py] 2020-11-13 20:14:30,897 > 15 rows in 121-135 of 250
[INFO|CRAWLER.py] 2020-11-13 20:14:33,786 > 15 rows in 136-150 of 250
[INFO|CRAWLER.py] 2020-11-13 20:14:36,671 > 15 rows in 151-165 of 250
[INFO|CRAWLER.py] 2020-11-13 20:14:39,556 > 15 rows in 166-180 of 250
[INFO|CRAWLER.py] 2020-11-13 20:14:42,445 > 15 rows in 181-195 of 250
[INFO|CRAWLER.py] 2020-11-13 20:14:45,342 > 15 rows in 196-210 of 250
[INFO|CRAWLER.py] 2020-11-13 20:14:48,234 > 15 rows in 211-225 of 250
[INFO|CRAWLER.py] 2020-11-13 20:14:51,121 > 15 rows in 226-240 of 250
[INFO|CRAWLER.py] 2020-11-13 20:14:54,008 > 10 rows in 241-250 of 250
[INFO|CRAWLER.py] 2020-11-13 20:14:56,269 > 의학전공 탐색 완료
[INFO|CRAWLER.py] 2020-11-13 20:14:56,270 > 20171-의과대학-의예과 수집 시작
[INFO|CRAWLER.py] 2020-11-13 20:14:56,898 > 15 rows in 1-15 of 20
[INFO|CRAWLER.py] 2020-11-13 20:14:56,920 > 유의사항 기준 탐색 완료
[INFO|CRAWLER.py] 2020-11-13 20:14:57,436 > 15 rows in 1-15 of 20
[INFO|CRAWLER.py] 2020-11-13 20:14:59,526 > MED2105-00-00 cleared
[INFO|CRAWLER.py] 2020-11-13 20:15:01,614 > MED2109-00-00 cleared
[INFO|CRAWLER.py] 2020-11-13 20:15:03,678 > DEN1030-00-00 cleared
[INFO|CRAWLER.py] 2020-11-13 20:15:05,766 > MED2101-00-00 cleared
[INFO|CRAWLER.py] 2020-11-13 20:15:07,849 > MED2102-00-00 cleared
[INFO|CRAWLER.py] 2020-11-13 20:15:09,948 > MED2103-00-00 cleared
[INFO|CRAWLER.py] 2020-11-13 20:15:12,032 > MED2104-00-00 cleared
[INFO|CRAWLER.py] 2020-11-13 20:15:14,105 > MED2204-00-00 cleared
[INFO|CRAWLER.py] 2020-11-13 20:15:16,192 > MED2241-00-00 cleared
[INFO|CRAWLER.py] 2020-11-13 20:15:18,253 > MED2202-00-00 cleared
[INFO|CRAWLER.py] 2020-11-13 20:15:20,325 > MED2203-00-00 cleared
[INFO|CRAWLER.py] 2020-11-13 20:15:22,380 > MED2206-00-00 cleared
[INFO|CRAWLER.py] 2020-11-13 20:15:24,433 > MED2207-00-00 cleared
[INFO|CRAWLER.py] 2020-11-13 20:15:26,486 > MED2208-00-00 cleared
[INFO|CRAWLER.py] 2020-11-13 20:15:28,538 > MED2210-00-00 cleared
[INFO|CRAWLER.py] 2020-11-13 20:15:31,108 > 5 rows in 16-20 of 20
[INFO|CRAWLER.py] 2020-11-13 20:15:33,185 > MED2219-00-00 cleared
[INFO|CRAWLER.py] 2020-11-13 20:15:35,248 > MED2223-00-00 cleared
[INFO|CRAWLER.py] 2020-11-13 20:15:37,305 > MED2228-00-00 cleared
[INFO|CRAWLER.py] 2020-11-13 20:15:39,373 > MED2231-00-00 cleared
[INFO|CRAWLER.py] 2020-11-13 20:15:41,465 > MED2301-00-00 cleared
[INFO|CRAWLER.py] 2020-11-13 20:15:43,498 > 의예과 탐색 완료
[INFO|CRAWLER.py] 2020-11-13 20:15:43,498 > 의과대학 수집 완료
[INFO|CRAWLER.py] 2020-11-13 20:15:43,499 > 20171-치과대학-치의학전공 수집 시작
[INFO|CRAWLER.py] 2020-11-13 20:15:44,143 > 15 rows in 1-15 of 39
[INFO|CRAWLER.py] 2020-11-13 20:15:44,162 > 유의사항 기준 탐색 완료
[INFO|CRAWLER.py] 2020-11-13 20:15:44,679 > 15 rows in 1-15 of 39
[INFO|CRAWLER.py] 2020-11-13 20:15:47,606 > 15 rows in 16-30 of 39
[INFO|CRAWLER.py] 2020-11-13 20:15:50,487 > 9 rows in 31-39 of 39
[INFO|CRAWLER.py] 2020-11-13 20:15:52,721 > 치의학전공 탐색 완료
[INFO|CRAWLER.py] 2020-11-13 20:15:52,721 > 20171-치과대학-치의예과 수집 시작
[INFO|CRAWLER.py] 2020-11-13 20:15:53,337 > 13 rows in 1-13 of 13
[INFO|CRAWLER.py] 2020-11-13 20:15:53,356 > 유의사항 기준 탐색 완료
[INFO|CRAWLER.py] 2020-11-13 20:15:53,873 > 13 rows in 1-13 of 13
[INFO|CRAWLER.py] 2020-11-13 20:15:54,069 > DEN1030-00-00: 중복된 강의 객체. caution 수집 완료
[INFO|CRAWLER.py] 2020-11-13 20:15:54,162 > MED2101-00-00: 중복된 강의 객체. caution 수집 완료
[INFO|CRAWLER.py] 2020-11-13 20:15:56,256 > 치의예과 탐색 완료
[INFO|CRAWLER.py] 2020-11-13 20:15:56,256 > 치과대학 수집 완료
[INFO|CRAWLER.py] 2020-11-13 20:15:56,256 > 20171-간호대학-간호학(2-4학년) 수집 시작
[INFO|CRAWLER.py] 2020-11-13 20:15:56,864 > 15 rows in 1-15 of 25
[INFO|CRAWLER.py] 2020-11-13 20:15:56,888 > 유의사항 기준 탐색 완료
[INFO|CRAWLER.py] 2020-11-13 20:15:57,404 > 15 rows in 1-15 of 25
[INFO|CRAWLER.py] 2020-11-13 20:15:59,500 > NUR2101-01-00 cleared
[INFO|CRAWLER.py] 2020-11-13 20:16:01,600 > NUR2021-01-00 cleared
[INFO|CRAWLER.py] 2020-11-13 20:16:03,696 > NUR2022-01-00 cleared
[INFO|CRAWLER.py] 2020-11-13 20:16:05,792 > NUR2023-01-00 cleared
[INFO|CRAWLER.py] 2020-11-13 20:16:07,889 > NUR2111-01-00 cleared
[INFO|CRAWLER.py] 2020-11-13 20:16:09,951 > NUR2112-01-00 cleared
[INFO|CRAWLER.py] 2020-11-13 20:16:12,026 > NUR5105-01-00 cleared
[INFO|CRAWLER.py] 2020-11-13 20:16:14,084 > NUR4020-01-00 cleared
[INFO|CRAWLER.py] 2020-11-13 20:16:16,151 > NUR3047-01-00 cleared
[INFO|CRAWLER.py] 2020-11-13 20:16:18,232 > NUR4013-01-00 cleared
[INFO|CRAWLER.py] 2020-11-13 20:16:20,290 > NUR4014-01-00 cleared
[INFO|CRAWLER.py] 2020-11-13 20:16:22,361 > NUR4202-01-00 cleared
[INFO|CRAWLER.py] 2020-11-13 20:16:24,466 > NUR5101-01-00 cleared
[INFO|CRAWLER.py] 2020-11-13 20:16:26,587 > NUR5113-01-00 cleared
[INFO|CRAWLER.py] 2020-11-13 20:16:28,683 > NUR3113-01-00 cleared
[INFO|CRAWLER.py] 2020-11-13 20:16:31,257 > 10 rows in 16-25 of 25
[INFO|CRAWLER.py] 2020-11-13 20:16:33,355 > NUR3007-01-00 cleared
[INFO|CRAWLER.py] 2020-11-13 20:16:35,450 > NUR3101-01-00 cleared
[INFO|CRAWLER.py] 2020-11-13 20:16:37,546 > NUR3012-01-00 cleared
[INFO|CRAWLER.py] 2020-11-13 20:16:39,633 > NUR4114-01-00 cleared
[INFO|CRAWLER.py] 2020-11-13 20:16:41,685 > NUR4114-02-00 cleared
[INFO|CRAWLER.py] 2020-11-13 20:16:43,735 > NUR4114-03-00 cleared
[INFO|CRAWLER.py] 2020-11-13 20:16:45,784 > NUR4114-04-00 cleared
[INFO|CRAWLER.py] 2020-11-13 20:16:47,888 > NUR3005-01-00 cleared
[INFO|CRAWLER.py] 2020-11-13 20:16:49,979 > NUR4117-01-00 cleared
[INFO|CRAWLER.py] 2020-11-13 20:16:52,072 > NUR4006-01-00 cleared
[INFO|CRAWLER.py] 2020-11-13 20:16:54,104 > 간호학(2-4학년) 탐색 완료
[INFO|CRAWLER.py] 2020-11-13 20:16:54,105 > 20171-간호대학-RN-BSN 수집 시작
[INFO|CRAWLER.py] 2020-11-13 20:16:54,735 > 15 rows in 1-15 of 20
[INFO|CRAWLER.py] 2020-11-13 20:16:54,760 > 유의사항 기준 탐색 완료
[INFO|CRAWLER.py] 2020-11-13 20:16:55,275 > 15 rows in 1-15 of 20
[INFO|CRAWLER.py] 2020-11-13 20:16:57,338 > NUR9311-01-00 cleared
[INFO|CRAWLER.py] 2020-11-13 20:16:59,395 > NUR9311-02-00 cleared
[INFO|CRAWLER.py] 2020-11-13 20:17:01,451 > NUR9311-03-00 cleared
[INFO|CRAWLER.py] 2020-11-13 20:17:03,513 > NUR9311-04-00 cleared
[INFO|CRAWLER.py] 2020-11-13 20:17:05,574 > NUR9311-05-00 cleared
[INFO|CRAWLER.py] 2020-11-13 20:17:07,627 > NUR9311-06-00 cleared
[INFO|CRAWLER.py] 2020-11-13 20:17:09,723 > NUR9312-01-00 cleared
[INFO|CRAWLER.py] 2020-11-13 20:17:11,818 > NUR9314-01-00 cleared
[INFO|CRAWLER.py] 2020-11-13 20:17:13,917 > NUR9315-01-00 cleared
[INFO|CRAWLER.py] 2020-11-13 20:17:16,012 > NUR9313-01-00 cleared
[INFO|CRAWLER.py] 2020-11-13 20:17:18,092 > NUR9306-01-00 cleared
[INFO|CRAWLER.py] 2020-11-13 20:17:20,168 > NUR9501-01-00 cleared
[INFO|CRAWLER.py] 2020-11-13 20:17:22,249 > NUR9502-01-00 cleared
[INFO|CRAWLER.py] 2020-11-13 20:17:24,339 > NUR9511-01-00 cleared
[INFO|CRAWLER.py] 2020-11-13 20:17:26,472 > NUR9300-01-00 cleared
[INFO|CRAWLER.py] 2020-11-13 20:17:29,026 > 5 rows in 16-20 of 20
[INFO|CRAWLER.py] 2020-11-13 20:17:31,114 > NUR9411-01-00 cleared
[INFO|CRAWLER.py] 2020-11-13 20:17:33,204 > NUR9412-01-00 cleared
[INFO|CRAWLER.py] 2020-11-13 20:17:35,293 > NUR9416-01-00 cleared
[INFO|CRAWLER.py] 2020-11-13 20:17:37,382 > NUR9418-01-00 cleared
[INFO|CRAWLER.py] 2020-11-13 20:17:39,477 > NUR9413-01-00 cleared
[INFO|CRAWLER.py] 2020-11-13 20:17:41,514 > RN-BSN 탐색 완료
[INFO|CRAWLER.py] 2020-11-13 20:17:41,514 > 간호대학 수집 완료
[INFO|CRAWLER.py] 2020-11-13 20:17:41,515 > FINISHED_LECT_OBJs에 20171-MEDICALS 전부 등록 완료
