[INFO|CRAWLER.py] 2020-11-13 20:23:57,797 > 작업완료된 강의 객체 목록 다운로드 시작
[INFO|CRAWLER.py] 2020-11-13 20:23:58,958 > 작업완료된 강의 객체 목록 다운로드 완료
[INFO|CRAWLER.py] 2020-11-13 20:24:03,684 > 20171-연계전공-유럽지역학 수집 시작
[INFO|CRAWLER.py] 2020-11-13 20:24:04,413 > 2 rows in 1-2 of 2
[INFO|CRAWLER.py] 2020-11-13 20:24:04,444 > 유의사항 기준 탐색 완료
[INFO|CRAWLER.py] 2020-11-13 20:24:04,962 > 2 rows in 1-2 of 2
[INFO|CRAWLER.py] 2020-11-13 20:24:07,036 > EUR3102-01-00 cleared
[INFO|CRAWLER.py] 2020-11-13 20:24:09,129 > EUR3104-01-00 cleared
[INFO|CRAWLER.py] 2020-11-13 20:24:11,154 > 유럽지역학 탐색 완료
[INFO|CRAWLER.py] 2020-11-13 20:24:11,155 > 20171-연계전공-디지털예술학 수집 시작
[INFO|CRAWLER.py] 2020-11-13 20:24:11,777 > 3 rows in 1-3 of 3
[INFO|CRAWLER.py] 2020-11-13 20:24:11,803 > 유의사항 기준 탐색 완료
[INFO|CRAWLER.py] 2020-11-13 20:24:12,325 > 3 rows in 1-3 of 3
[INFO|CRAWLER.py] 2020-11-13 20:24:14,395 > FIL3102-01-00 cleared
[INFO|CRAWLER.py] 2020-11-13 20:24:16,468 > FIL3105-01-00 cleared
[INFO|CRAWLER.py] 2020-11-13 20:24:18,533 > FIL3107-01-00 cleared
[INFO|CRAWLER.py] 2020-11-13 20:24:20,556 > 디지털예술학 탐색 완료
[INFO|CRAWLER.py] 2020-11-13 20:24:20,556 > 20171-연계전공-미국학 수집 시작
[INFO|CRAWLER.py] 2020-11-13 20:24:21,146 > 2 rows in 1-2 of 2
[INFO|CRAWLER.py] 2020-11-13 20:24:21,170 > 유의사항 기준 탐색 완료
[INFO|CRAWLER.py] 2020-11-13 20:24:21,687 > 2 rows in 1-2 of 2
[INFO|CRAWLER.py] 2020-11-13 20:24:23,757 > AMR3102-01-00 cleared
[INFO|CRAWLER.py] 2020-11-13 20:24:25,823 > AMR3104-01-00 cleared
[INFO|CRAWLER.py] 2020-11-13 20:24:27,844 > 미국학 탐색 완료
[INFO|CRAWLER.py] 2020-11-13 20:24:27,844 > 20171-연계전공-한국및동아시아학(중국학) 수집 시작
[INFO|CRAWLER.py] 2020-11-13 20:24:28,436 > 2 rows in 1-2 of 2
[INFO|CRAWLER.py] 2020-11-13 20:24:28,459 > 유의사항 기준 탐색 완료
[INFO|CRAWLER.py] 2020-11-13 20:24:28,976 > 2 rows in 1-2 of 2
[INFO|CRAWLER.py] 2020-11-13 20:24:31,054 > CHI3101-01-00 cleared
[INFO|CRAWLER.py] 2020-11-13 20:24:33,116 > CHI3102-01-00 cleared
[INFO|CRAWLER.py] 2020-11-13 20:24:35,138 > 한국및동아시아학(중국학) 탐색 완료
[INFO|CRAWLER.py] 2020-11-13 20:24:35,139 > 20171-연계전공-한국및동아시아학(한국학) 수집 시작
[INFO|CRAWLER.py] 2020-11-13 20:24:35,726 > 2 rows in 1-2 of 2
[INFO|CRAWLER.py] 2020-11-13 20:24:35,749 > 유의사항 기준 탐색 완료
[INFO|CRAWLER.py] 2020-11-13 20:24:36,267 > 2 rows in 1-2 of 2
[INFO|CRAWLER.py] 2020-11-13 20:24:38,348 > KOS3101-01-00 cleared
[INFO|CRAWLER.py] 2020-11-13 20:24:40,420 > KOS3104-01-00 cleared
[INFO|CRAWLER.py] 2020-11-13 20:24:42,440 > 한국및동아시아학(한국학) 탐색 완료
[INFO|CRAWLER.py] 2020-11-13 20:24:42,441 > 20171-연계전공-한국및동아시아학(일본학) 수집 시작
[INFO|CRAWLER.py] 2020-11-13 20:24:43,035 > 3 rows in 1-3 of 3
[INFO|CRAWLER.py] 2020-11-13 20:24:43,057 > 유의사항 기준 탐색 완료
[INFO|CRAWLER.py] 2020-11-13 20:24:43,577 > 3 rows in 1-3 of 3
[INFO|CRAWLER.py] 2020-11-13 20:24:45,635 > JAP3101-01-00 cleared
[INFO|CRAWLER.py] 2020-11-13 20:24:47,701 > JAP3106-01-00 cleared
[INFO|CRAWLER.py] 2020-11-13 20:24:49,761 > JAP3107-01-00 cleared
[INFO|CRAWLER.py] 2020-11-13 20:24:51,787 > 한국및동아시아학(일본학) 탐색 완료
[INFO|CRAWLER.py] 2020-11-13 20:24:51,787 > 20171-연계전공-외교통상학 수집 시작
[INFO|CRAWLER.py] 2020-11-13 20:24:52,409 > 2 rows in 1-2 of 2
[INFO|CRAWLER.py] 2020-11-13 20:24:52,438 > 유의사항 기준 탐색 완료
[INFO|CRAWLER.py] 2020-11-13 20:24:52,957 > 2 rows in 1-2 of 2
[INFO|CRAWLER.py] 2020-11-13 20:24:55,022 > TRA3103-01-00 cleared
[INFO|CRAWLER.py] 2020-11-13 20:24:57,093 > TRA3104-01-00 cleared
[INFO|CRAWLER.py] 2020-11-13 20:24:59,115 > 외교통상학 탐색 완료
[INFO|CRAWLER.py] 2020-11-13 20:24:59,115 > 20171-연계전공-인지과학 수집 시작
[INFO|CRAWLER.py] 2020-11-13 20:24:59,706 > 2 rows in 1-2 of 2
[INFO|CRAWLER.py] 2020-11-13 20:24:59,731 > 유의사항 기준 탐색 완료
[INFO|CRAWLER.py] 2020-11-13 20:25:00,248 > 2 rows in 1-2 of 2
[INFO|CRAWLER.py] 2020-11-13 20:25:02,321 > COG3101-01-00 cleared
[INFO|CRAWLER.py] 2020-11-13 20:25:04,378 > COG3102-01-00 cleared
[INFO|CRAWLER.py] 2020-11-13 20:25:06,399 > 인지과학 탐색 완료
[INFO|CRAWLER.py] 2020-11-13 20:25:06,399 > 20171-연계전공-전자상거래학 수집 시작
[INFO|CRAWLER.py] 2020-11-13 20:25:06,987 > 0 rows in 1-0 of 0
[INFO|CRAWLER.py] 2020-11-13 20:25:17,538 > No caution link in 0th row
[INFO|CRAWLER.py] 2020-11-13 20:25:18,045 > 0 rows in 1-0 of 0
[INFO|CRAWLER.py] 2020-11-13 20:25:18,045 > No caution in pages
[INFO|CRAWLER.py] 2020-11-13 20:25:18,561 > 0 rows in 1-0 of 0
[INFO|CRAWLER.py] 2020-11-13 20:25:20,581 > 전자상거래학 탐색 완료
[INFO|CRAWLER.py] 2020-11-13 20:25:20,582 > 20171-연계전공-벤처학 수집 시작
[INFO|CRAWLER.py] 2020-11-13 20:25:21,167 > 1 rows in 1-1 of 1
[INFO|CRAWLER.py] 2020-11-13 20:25:21,189 > 유의사항 기준 탐색 완료
[INFO|CRAWLER.py] 2020-11-13 20:25:21,705 > 1 rows in 1-1 of 1
[INFO|CRAWLER.py] 2020-11-13 20:25:23,771 > VEN3104-01-00 cleared
[INFO|CRAWLER.py] 2020-11-13 20:25:25,790 > 벤처학 탐색 완료
[INFO|CRAWLER.py] 2020-11-13 20:25:25,791 > 20171-연계전공-리더십 수집 시작
[INFO|CRAWLER.py] 2020-11-13 20:25:26,376 > 2 rows in 1-2 of 2
[INFO|CRAWLER.py] 2020-11-13 20:25:26,401 > 유의사항 기준 탐색 완료
[INFO|CRAWLER.py] 2020-11-13 20:25:26,915 > 2 rows in 1-2 of 2
[INFO|CRAWLER.py] 2020-11-13 20:25:29,288 > LEA3101-01-00 cleared
[INFO|CRAWLER.py] 2020-11-13 20:25:31,350 > LEA3102-01-00 cleared
[INFO|CRAWLER.py] 2020-11-13 20:25:33,371 > 리더십 탐색 완료
[INFO|CRAWLER.py] 2020-11-13 20:25:33,371 > 20171-연계전공-한국및동아시아학(동아시아학) 수집 시작
[INFO|CRAWLER.py] 2020-11-13 20:25:33,954 > 2 rows in 1-2 of 2
[INFO|CRAWLER.py] 2020-11-13 20:25:33,976 > 유의사항 기준 탐색 완료
[INFO|CRAWLER.py] 2020-11-13 20:25:34,491 > 2 rows in 1-2 of 2
[INFO|CRAWLER.py] 2020-11-13 20:25:36,546 > EAS3103-01-00 cleared
[INFO|CRAWLER.py] 2020-11-13 20:25:38,600 > EAS3101-01-00 cleared
[INFO|CRAWLER.py] 2020-11-13 20:25:40,620 > 한국및동아시아학(동아시아학) 탐색 완료
[INFO|CRAWLER.py] 2020-11-13 20:25:40,621 > 20171-연계전공-디지털인문학 수집 시작
[INFO|CRAWLER.py] 2020-11-13 20:25:41,206 > 0 rows in 1-0 of 0
[INFO|CRAWLER.py] 2020-11-13 20:25:51,753 > No caution link in 0th row
[INFO|CRAWLER.py] 2020-11-13 20:25:52,259 > 0 rows in 1-0 of 0
[INFO|CRAWLER.py] 2020-11-13 20:25:52,259 > No caution in pages
[INFO|CRAWLER.py] 2020-11-13 20:25:52,776 > 0 rows in 1-0 of 0
[INFO|CRAWLER.py] 2020-11-13 20:25:54,797 > 디지털인문학 탐색 완료
[INFO|CRAWLER.py] 2020-11-13 20:25:54,798 > 20171-연계전공-비교문학 수집 시작
[INFO|CRAWLER.py] 2020-11-13 20:25:55,383 > 2 rows in 1-2 of 2
[INFO|CRAWLER.py] 2020-11-13 20:25:55,406 > 유의사항 기준 탐색 완료
[INFO|CRAWLER.py] 2020-11-13 20:25:55,922 > 2 rows in 1-2 of 2
[INFO|CRAWLER.py] 2020-11-13 20:25:57,977 > CML3101-01-00 cleared
[INFO|CRAWLER.py] 2020-11-13 20:26:00,032 > CML3104-01-00 cleared
[INFO|CRAWLER.py] 2020-11-13 20:26:02,052 > 비교문학 탐색 완료
[INFO|CRAWLER.py] 2020-11-13 20:26:02,052 > 20171-연계전공-문화비평학 수집 시작
[INFO|CRAWLER.py] 2020-11-13 20:26:02,639 > 2 rows in 1-2 of 2
[INFO|CRAWLER.py] 2020-11-13 20:26:02,663 > 유의사항 기준 탐색 완료
[INFO|CRAWLER.py] 2020-11-13 20:26:03,179 > 2 rows in 1-2 of 2
[INFO|CRAWLER.py] 2020-11-13 20:26:05,249 > CUL3101-01-00 cleared
[INFO|CRAWLER.py] 2020-11-13 20:26:07,315 > CUL4101-01-00 cleared
[INFO|CRAWLER.py] 2020-11-13 20:26:09,335 > 문화비평학 탐색 완료
[INFO|CRAWLER.py] 2020-11-13 20:26:09,336 > 20171-연계전공-과학기술과 사회 수집 시작
[INFO|CRAWLER.py] 2020-11-13 20:26:09,918 > 2 rows in 1-2 of 2
[INFO|CRAWLER.py] 2020-11-13 20:26:09,941 > 유의사항 기준 탐색 완료
[INFO|CRAWLER.py] 2020-11-13 20:26:10,458 > 2 rows in 1-2 of 2
[INFO|CRAWLER.py] 2020-11-13 20:26:12,544 > STS3105-01-00 cleared
[INFO|CRAWLER.py] 2020-11-13 20:26:14,598 > STS4103-01-00 cleared
[INFO|CRAWLER.py] 2020-11-13 20:26:16,618 > 과학기술과 사회 탐색 완료
[INFO|CRAWLER.py] 2020-11-13 20:26:16,618 > 연계전공 수집 완료
[INFO|CRAWLER.py] 2020-11-13 20:26:16,619 > 20171-ROTC-군사학 수집 시작
[INFO|CRAWLER.py] 2020-11-13 20:26:17,222 > 2 rows in 1-2 of 2
[INFO|CRAWLER.py] 2020-11-13 20:26:17,247 > 유의사항 기준 탐색 완료
[INFO|CRAWLER.py] 2020-11-13 20:26:17,765 > 2 rows in 1-2 of 2
[INFO|CRAWLER.py] 2020-11-13 20:26:19,821 > MIL3001-01-00 cleared
[INFO|CRAWLER.py] 2020-11-13 20:26:21,881 > MIL4001-01-00 cleared
[INFO|CRAWLER.py] 2020-11-13 20:26:23,901 > 군사학 탐색 완료
[INFO|CRAWLER.py] 2020-11-13 20:26:23,901 > ROTC 수집 완료
[INFO|CRAWLER.py] 2020-11-13 20:26:23,901 > 20171-Study Abroad Course-Undergraduate 수집 시작
[INFO|CRAWLER.py] 2020-11-13 20:26:24,505 > 15 rows in 1-15 of 44
[INFO|CRAWLER.py] 2020-11-13 20:26:24,528 > 유의사항 기준 탐색 완료
[INFO|CRAWLER.py] 2020-11-13 20:26:25,043 > 15 rows in 1-15 of 44
[INFO|CRAWLER.py] 2020-11-13 20:26:27,106 > IEE1101-01-00 cleared
[INFO|CRAWLER.py] 2020-11-13 20:26:29,175 > IEE1151-01-00 cleared
[INFO|CRAWLER.py] 2020-11-13 20:26:31,285 > IEE1154-01-00 cleared
[INFO|CRAWLER.py] 2020-11-13 20:26:33,361 > IEE2004-01-00 cleared
[INFO|CRAWLER.py] 2020-11-13 20:26:35,435 > IEE2021-01-00 cleared
[INFO|CRAWLER.py] 2020-11-13 20:26:37,496 > IEE2037-01-00 cleared
[INFO|CRAWLER.py] 2020-11-13 20:26:39,565 > IEE2060-01-00 cleared
[INFO|CRAWLER.py] 2020-11-13 20:26:41,651 > IEE3035-01-00 cleared
[INFO|CRAWLER.py] 2020-11-13 20:26:43,772 > IEE3103-01-00 cleared
[INFO|CRAWLER.py] 2020-11-13 20:26:45,867 > IEE3107-01-00 cleared
[INFO|CRAWLER.py] 2020-11-13 20:26:47,936 > IEE3108-01-00 cleared
[INFO|CRAWLER.py] 2020-11-13 20:26:50,000 > IEE3116-01-00 cleared
[INFO|CRAWLER.py] 2020-11-13 20:26:52,079 > IEE3121-01-00 cleared
[INFO|CRAWLER.py] 2020-11-13 20:26:54,174 > IEE3131-01-00 cleared
[INFO|CRAWLER.py] 2020-11-13 20:26:56,743 > 15 rows in 16-30 of 44
[INFO|CRAWLER.py] 2020-11-13 20:26:58,803 > IEE3149-01-00 cleared
[INFO|CRAWLER.py] 2020-11-13 20:27:00,865 > IEE3185-01-00 cleared
[INFO|CRAWLER.py] 2020-11-13 20:27:02,935 > IEE3220-01-00 cleared
[INFO|CRAWLER.py] 2020-11-13 20:27:05,008 > IEE3293-01-00 cleared
[INFO|CRAWLER.py] 2020-11-13 20:27:07,104 > IEE3300-01-00 cleared
[INFO|CRAWLER.py] 2020-11-13 20:27:09,172 > IEE3300-02-00 cleared
[INFO|CRAWLER.py] 2020-11-13 20:27:11,236 > IEE3315-01-00 cleared
[INFO|CRAWLER.py] 2020-11-13 20:27:13,311 > IEE3317-01-00 cleared
[INFO|CRAWLER.py] 2020-11-13 20:27:15,376 > IEE3317-02-00 cleared
[INFO|CRAWLER.py] 2020-11-13 20:27:17,448 > IEE3325-01-00 cleared
[INFO|CRAWLER.py] 2020-11-13 20:27:19,529 > IEE3326-01-00 cleared
[INFO|CRAWLER.py] 2020-11-13 20:27:21,599 > IEE3328-01-00 cleared
[INFO|CRAWLER.py] 2020-11-13 20:27:23,661 > IEE3329-01-00 cleared
[INFO|CRAWLER.py] 2020-11-13 20:27:25,735 > IEE3330-01-00 cleared
[INFO|CRAWLER.py] 2020-11-13 20:27:27,802 > IEE3339-01-00 cleared
[INFO|CRAWLER.py] 2020-11-13 20:27:30,383 > 14 rows in 31-44 of 44
[INFO|CRAWLER.py] 2020-11-13 20:27:32,461 > IEE3340-01-00 cleared
[INFO|CRAWLER.py] 2020-11-13 20:27:34,545 > IEE3341-01-00 cleared
[INFO|CRAWLER.py] 2020-11-13 20:27:36,618 > IEE3341-02-00 cleared
[INFO|CRAWLER.py] 2020-11-13 20:27:38,697 > IEE3341-03-00 cleared
[INFO|CRAWLER.py] 2020-11-13 20:27:40,756 > IEE3347-01-00 cleared
[INFO|CRAWLER.py] 2020-11-13 20:27:42,813 > IEE3348-01-00 cleared
[INFO|CRAWLER.py] 2020-11-13 20:27:44,874 > IEE3349-01-00 cleared
[INFO|CRAWLER.py] 2020-11-13 20:27:46,928 > IEE3353-01-00 cleared
[INFO|CRAWLER.py] 2020-11-13 20:27:48,984 > IEE3358-01-00 cleared
[INFO|CRAWLER.py] 2020-11-13 20:27:51,047 > IEE3359-01-00 cleared
[INFO|CRAWLER.py] 2020-11-13 20:27:53,128 > IEE3579-01-00 cleared
[INFO|CRAWLER.py] 2020-11-13 20:27:55,190 > IEE3580-01-00 cleared
[INFO|CRAWLER.py] 2020-11-13 20:27:57,243 > IEE3581-01-00 cleared
[INFO|CRAWLER.py] 2020-11-13 20:27:59,296 > IEE3346-01-00 cleared
[INFO|CRAWLER.py] 2020-11-13 20:28:01,341 > Undergraduate 탐색 완료
[INFO|CRAWLER.py] 2020-11-13 20:28:01,341 > 20171-Study Abroad Course-Graduate 수집 시작
[INFO|CRAWLER.py] 2020-11-13 20:28:01,972 > 15 rows in 1-15 of 136
[INFO|CRAWLER.py] 2020-11-13 20:28:01,998 > 유의사항 기준 탐색 완료
[INFO|CRAWLER.py] 2020-11-13 20:28:02,516 > 15 rows in 1-15 of 136
[INFO|CRAWLER.py] 2020-11-13 20:28:04,828 > CEE5301-01-00 cleared
[INFO|CRAWLER.py] 2020-11-13 20:28:06,876 > CEE7602-01-00 cleared
[INFO|CRAWLER.py] 2020-11-13 20:28:08,927 > CEE7804-01-00 cleared
[INFO|CRAWLER.py] 2020-11-13 20:28:11,525 > 15 rows in 16-30 of 136
[INFO|CRAWLER.py] 2020-11-13 20:28:13,807 > EEE5730-01-00 cleared
[INFO|CRAWLER.py] 2020-11-13 20:28:15,923 > EEE6111-01-00 cleared
[INFO|CRAWLER.py] 2020-11-13 20:28:18,489 > 15 rows in 31-45 of 136
[INFO|CRAWLER.py] 2020-11-13 20:28:20,563 > EEE6501-01-00 cleared
[INFO|CRAWLER.py] 2020-11-13 20:28:22,702 > EEE7502-01-00 cleared
[INFO|CRAWLER.py] 2020-11-13 20:28:24,794 > EEE7780-01-00 cleared
[INFO|CRAWLER.py] 2020-11-13 20:28:26,885 > EEE8501-01-00 cleared
[INFO|CRAWLER.py] 2020-11-13 20:28:28,951 > ELL6442-01-00 cleared
[INFO|CRAWLER.py] 2020-11-13 20:28:31,539 > 15 rows in 46-60 of 136
[INFO|CRAWLER.py] 2020-11-13 20:28:33,620 > ELL7215-01-00 cleared
[INFO|CRAWLER.py] 2020-11-13 20:28:35,918 > ISA6089-01-00 cleared
[INFO|CRAWLER.py] 2020-11-13 20:28:37,968 > ISA6101-01-00 cleared
[INFO|CRAWLER.py] 2020-11-13 20:28:40,016 > ISA6151-01-00 cleared
[INFO|CRAWLER.py] 2020-11-13 20:28:42,580 > 15 rows in 61-75 of 136
[INFO|CRAWLER.py] 2020-11-13 20:28:44,658 > ISC6024-01-00 cleared
[INFO|CRAWLER.py] 2020-11-13 20:28:46,705 > ISC6026-01-00 cleared
[INFO|CRAWLER.py] 2020-11-13 20:28:48,755 > ISC6038-01-00 cleared
[INFO|CRAWLER.py] 2020-11-13 20:28:50,804 > ISC6039-01-00 cleared
[INFO|CRAWLER.py] 2020-11-13 20:28:52,857 > ISC6061-01-00 cleared
[INFO|CRAWLER.py] 2020-11-13 20:28:54,989 > ISC6135-01-00 cleared
[INFO|CRAWLER.py] 2020-11-13 20:28:57,065 > ISC6141-01-00 cleared
[INFO|CRAWLER.py] 2020-11-13 20:28:59,700 > 15 rows in 76-90 of 136
[INFO|CRAWLER.py] 2020-11-13 20:29:01,790 > ISF6023-01-00 cleared
[INFO|CRAWLER.py] 2020-11-13 20:29:03,834 > ISF6035-01-00 cleared
[INFO|CRAWLER.py] 2020-11-13 20:29:05,882 > ISF6036-01-00 cleared
[INFO|CRAWLER.py] 2020-11-13 20:29:07,929 > ISF6037-01-00 cleared
[INFO|CRAWLER.py] 2020-11-13 20:29:09,981 > ISF6043-01-00 cleared
[INFO|CRAWLER.py] 2020-11-13 20:29:12,072 > ISK6128-01-00 cleared
[INFO|CRAWLER.py] 2020-11-13 20:29:14,139 > ISM6017-01-00 cleared
[INFO|CRAWLER.py] 2020-11-13 20:29:16,770 > 15 rows in 91-105 of 136
[INFO|CRAWLER.py] 2020-11-13 20:29:18,835 > KOR7235-01-00 cleared
[INFO|CRAWLER.py] 2020-11-13 20:29:21,046 > KOR9105-01-00 cleared
[INFO|CRAWLER.py] 2020-11-13 20:29:23,723 > 15 rows in 106-120 of 136
[INFO|CRAWLER.py] 2020-11-13 20:29:25,793 > LSB7006-01-00 cleared
[INFO|CRAWLER.py] 2020-11-13 20:29:27,880 > MEU5005-01-00 cleared
[INFO|CRAWLER.py] 2020-11-13 20:29:29,925 > MEU6501-01-00 cleared
[INFO|CRAWLER.py] 2020-11-13 20:29:32,120 > POL6131-01-00 cleared
[INFO|CRAWLER.py] 2020-11-13 20:29:34,204 > POL6152-01-00 cleared
[INFO|CRAWLER.py] 2020-11-13 20:29:36,780 > 15 rows in 121-135 of 136
[INFO|CRAWLER.py] 2020-11-13 20:29:38,834 > POL6154-01-00 cleared
[INFO|CRAWLER.py] 2020-11-13 20:29:40,908 > POL7172-01-00 cleared
[INFO|CRAWLER.py] 2020-11-13 20:29:43,145 > YJD6703-01-00 cleared
[INFO|CRAWLER.py] 2020-11-13 20:29:45,192 > YJD6706-01-00 cleared
[INFO|CRAWLER.py] 2020-11-13 20:29:47,262 > YJD7414-01-00 cleared
[INFO|CRAWLER.py] 2020-11-13 20:29:49,805 > 1 rows in 136-136 of 136
[INFO|CRAWLER.py] 2020-11-13 20:29:51,872 > Graduate 탐색 완료
[INFO|CRAWLER.py] 2020-11-13 20:29:51,872 > 20171-Study Abroad Course-Korean Language 수집 시작
[INFO|CRAWLER.py] 2020-11-13 20:29:52,500 > 7 rows in 1-7 of 7
[INFO|CRAWLER.py] 2020-11-13 20:29:52,525 > 유의사항 기준 탐색 완료
[INFO|CRAWLER.py] 2020-11-13 20:29:53,042 > 7 rows in 1-7 of 7
[INFO|CRAWLER.py] 2020-11-13 20:29:55,094 > KLI1001-01-00 cleared
[INFO|CRAWLER.py] 2020-11-13 20:29:57,189 > KLI1001-02-00 cleared
[INFO|CRAWLER.py] 2020-11-13 20:29:59,287 > KLI1002-01-00 cleared
[INFO|CRAWLER.py] 2020-11-13 20:30:01,362 > KLI1003-01-00 cleared
[INFO|CRAWLER.py] 2020-11-13 20:30:03,428 > KLI1004-01-00 cleared
[INFO|CRAWLER.py] 2020-11-13 20:30:05,488 > KLI1005-01-00 cleared
[INFO|CRAWLER.py] 2020-11-13 20:30:18,056 > KLI1006-01-00 cleared
[INFO|CRAWLER.py] 2020-11-13 20:30:20,076 > Korean Language 탐색 완료
[INFO|CRAWLER.py] 2020-11-13 20:30:20,076 > Study Abroad Course 수집 완료
[INFO|CRAWLER.py] 2020-11-13 20:30:20,076 > 20171-교직과정-교직과정 수집 시작
[INFO|CRAWLER.py] 2020-11-13 20:30:20,695 > 15 rows in 1-15 of 31
[INFO|CRAWLER.py] 2020-11-13 20:30:20,724 > 유의사항 기준 탐색 완료
[INFO|CRAWLER.py] 2020-11-13 20:30:21,240 > 15 rows in 1-15 of 31
[INFO|CRAWLER.py] 2020-11-13 20:30:23,309 > TTP2008-01-00 cleared
[INFO|CRAWLER.py] 2020-11-13 20:30:25,367 > TTP2008-02-00 cleared
[INFO|CRAWLER.py] 2020-11-13 20:30:25,401 > TTP2009-01-00: 중복된 강의 객체. caution 수집 완료
[INFO|CRAWLER.py] 2020-11-13 20:30:27,455 > TTP2009-02-00 cleared
[INFO|CRAWLER.py] 2020-11-13 20:30:29,539 > TTP2001-01-00 cleared
[INFO|CRAWLER.py] 2020-11-13 20:30:31,596 > TTP2001-02-00 cleared
[INFO|CRAWLER.py] 2020-11-13 20:30:33,685 > TTP2002-01-00 cleared
[INFO|CRAWLER.py] 2020-11-13 20:30:35,748 > TTP2002-02-00 cleared
[INFO|CRAWLER.py] 2020-11-13 20:30:37,805 > TTP2004-01-00 cleared
[INFO|CRAWLER.py] 2020-11-13 20:30:39,868 > TTP2004-02-00 cleared
[INFO|CRAWLER.py] 2020-11-13 20:30:41,940 > TTP2005-01-00 cleared
[INFO|CRAWLER.py] 2020-11-13 20:30:44,031 > TTP2005-02-00 cleared
[INFO|CRAWLER.py] 2020-11-13 20:30:46,112 > TTP2006-01-00 cleared
[INFO|CRAWLER.py] 2020-11-13 20:30:48,182 > TTP2006-02-00 cleared
[INFO|CRAWLER.py] 2020-11-13 20:30:50,286 > TTP2007-01-00 cleared
[INFO|CRAWLER.py] 2020-11-13 20:30:52,854 > 15 rows in 16-30 of 31
[INFO|CRAWLER.py] 2020-11-13 20:30:54,899 > TTP2007-02-00 cleared
[INFO|CRAWLER.py] 2020-11-13 20:30:56,964 > TTP2010-01-00 cleared
[INFO|CRAWLER.py] 2020-11-13 20:30:59,017 > TTP2011-01-00 cleared
[INFO|CRAWLER.py] 2020-11-13 20:31:01,086 > TTP2012-01-00 cleared
[INFO|CRAWLER.py] 2020-11-13 20:31:03,141 > TTP2012-02-00 cleared
[INFO|CRAWLER.py] 2020-11-13 20:31:05,215 > TTP2013-01-00 cleared
[INFO|CRAWLER.py] 2020-11-13 20:31:07,281 > TTP4001-03-00 cleared
[INFO|CRAWLER.py] 2020-11-13 20:31:09,328 > TTP4002-01-00 cleared
[INFO|CRAWLER.py] 2020-11-13 20:31:11,381 > TTP4003-01-00 cleared
[INFO|CRAWLER.py] 2020-11-13 20:31:13,448 > TTP4005-01-00 cleared
[INFO|CRAWLER.py] 2020-11-13 20:31:15,493 > TTP4006-01-00 cleared
[INFO|CRAWLER.py] 2020-11-13 20:31:17,561 > TTP4008-01-00 cleared
[INFO|CRAWLER.py] 2020-11-13 20:31:19,641 > TTP4008-02-00 cleared
[INFO|CRAWLER.py] 2020-11-13 20:31:21,730 > TTP4100-01-00 cleared
[INFO|CRAWLER.py] 2020-11-13 20:31:24,293 > 1 rows in 31-31 of 31
[INFO|CRAWLER.py] 2020-11-13 20:31:26,365 > TTP4100-02-00 cleared
[INFO|CRAWLER.py] 2020-11-13 20:31:28,405 > 교직과정 탐색 완료
[INFO|CRAWLER.py] 2020-11-13 20:31:28,406 > 교직과정 수집 완료
[INFO|CRAWLER.py] 2020-11-13 20:31:28,406 > 20171-국내교환대학-이화여자대학교 수집 시작
[INFO|CRAWLER.py] 2020-11-13 20:31:29,041 > 0 rows in 1-0 of 0
[INFO|CRAWLER.py] 2020-11-13 20:31:39,589 > No caution link in 0th row
[INFO|CRAWLER.py] 2020-11-13 20:31:40,095 > 0 rows in 1-0 of 0
[INFO|CRAWLER.py] 2020-11-13 20:31:40,095 > No caution in pages
[INFO|CRAWLER.py] 2020-11-13 20:31:40,611 > 0 rows in 1-0 of 0
[INFO|CRAWLER.py] 2020-11-13 20:31:42,632 > 이화여자대학교 탐색 완료
[INFO|CRAWLER.py] 2020-11-13 20:31:42,632 > 20171-국내교환대학-서강대학교 수집 시작
[INFO|CRAWLER.py] 2020-11-13 20:31:43,219 > 0 rows in 1-0 of 0
[INFO|CRAWLER.py] 2020-11-13 20:31:53,726 > No caution link in 0th row
[INFO|CRAWLER.py] 2020-11-13 20:31:54,234 > 0 rows in 1-0 of 0
[INFO|CRAWLER.py] 2020-11-13 20:31:54,234 > No caution in pages
[INFO|CRAWLER.py] 2020-11-13 20:31:54,749 > 0 rows in 1-0 of 0
[INFO|CRAWLER.py] 2020-11-13 20:31:56,769 > 서강대학교 탐색 완료
[INFO|CRAWLER.py] 2020-11-13 20:31:56,769 > 20171-국내교환대학-고려대학교 수집 시작
[INFO|CRAWLER.py] 2020-11-13 20:31:57,353 > 0 rows in 1-0 of 0
[INFO|CRAWLER.py] 2020-11-13 20:32:07,886 > No caution link in 0th row
[INFO|CRAWLER.py] 2020-11-13 20:32:08,393 > 0 rows in 1-0 of 0
[INFO|CRAWLER.py] 2020-11-13 20:32:08,393 > No caution in pages
[INFO|CRAWLER.py] 2020-11-13 20:32:08,908 > 0 rows in 1-0 of 0
[INFO|CRAWLER.py] 2020-11-13 20:32:10,928 > 고려대학교 탐색 완료
[INFO|CRAWLER.py] 2020-11-13 20:32:10,928 > 국내교환대학 수집 완료
[INFO|CRAWLER.py] 2020-11-13 20:32:10,929 > 20171-공통-창업,현장실습 수집 시작
[INFO|CRAWLER.py] 2020-11-13 20:32:11,531 > 0 rows in 1-0 of 0
[INFO|CRAWLER.py] 2020-11-13 20:32:22,069 > No caution link in 0th row
[INFO|CRAWLER.py] 2020-11-13 20:32:22,576 > 0 rows in 1-0 of 0
[INFO|CRAWLER.py] 2020-11-13 20:32:22,576 > No caution in pages
[INFO|CRAWLER.py] 2020-11-13 20:32:23,090 > 0 rows in 1-0 of 0
[INFO|CRAWLER.py] 2020-11-13 20:32:25,111 > 창업,현장실습 탐색 완료
[INFO|CRAWLER.py] 2020-11-13 20:32:25,112 > 공통 수집 완료
[INFO|CRAWLER.py] 2020-11-13 20:32:25,113 > FINISHED_LECT_OBJs에 20171-SPECIALS 전부 등록 완료
