[INFO|CRAWLER.py] 2020-11-13 22:23:40,976 > 작업완료된 강의 객체 목록 다운로드 시작
[INFO|CRAWLER.py] 2020-11-13 22:23:44,119 > 작업완료된 강의 객체 목록 다운로드 완료
[INFO|CRAWLER.py] 2020-11-13 22:23:46,809 > 20171-공통기초(10~18학번)-채플 수집 시작
[INFO|CRAWLER.py] 2020-11-13 22:23:47,449 > 10 rows in 1-10 of 10
[INFO|CRAWLER.py] 2020-11-13 22:23:47,487 > 유의사항 기준 탐색 완료
[INFO|CRAWLER.py] 2020-11-13 22:23:48,008 > 10 rows in 1-10 of 10
[INFO|CRAWLER.py] 2020-11-13 22:23:50,131 > YCA1003-01-00 cleared
[INFO|CRAWLER.py] 2020-11-13 22:23:52,331 > YCA1003-02-00 cleared
[INFO|CRAWLER.py] 2020-11-13 22:23:54,537 > YCA1003-03-00 cleared
[INFO|CRAWLER.py] 2020-11-13 22:23:56,771 > YCA1003-04-00 cleared
[INFO|CRAWLER.py] 2020-11-13 22:23:56,818 > YCA1003-05-00: 중복된 강의 객체. caution 수집 완료
[INFO|CRAWLER.py] 2020-11-13 22:23:59,049 > YCA1007-01-00 cleared
[INFO|CRAWLER.py] 2020-11-13 22:24:01,393 > YCA1007-02-00 cleared
[INFO|CRAWLER.py] 2020-11-13 22:24:03,744 > YCA1007-03-00 cleared
[INFO|CRAWLER.py] 2020-11-13 22:24:06,201 > YCA1007-04-00 cleared
[INFO|CRAWLER.py] 2020-11-13 22:24:06,261 > YCA1007-05-00: 중복된 강의 객체. caution 수집 완료
[INFO|CRAWLER.py] 2020-11-13 22:24:08,289 > 채플 탐색 완료
[INFO|CRAWLER.py] 2020-11-13 22:24:08,289 > 20171-공통기초(10~18학번)-기독교의이해 수집 시작
[INFO|CRAWLER.py] 2020-11-13 22:24:08,913 > 6 rows in 1-6 of 6
[INFO|CRAWLER.py] 2020-11-13 22:24:08,940 > 유의사항 기준 탐색 완료
[INFO|CRAWLER.py] 2020-11-13 22:24:09,458 > 6 rows in 1-6 of 6
[INFO|CRAWLER.py] 2020-11-13 22:24:11,532 > YCA1101-10-00 cleared
[INFO|CRAWLER.py] 2020-11-13 22:24:13,615 > YCA1101-11-00 cleared
[INFO|CRAWLER.py] 2020-11-13 22:24:15,676 > YCA1101-12-00 cleared
[INFO|CRAWLER.py] 2020-11-13 22:24:17,765 > YCA1102-14-00 cleared
[INFO|CRAWLER.py] 2020-11-13 22:24:19,832 > YCA1102-15-00 cleared
[INFO|CRAWLER.py] 2020-11-13 22:24:21,892 > YCA1103-05-00 cleared
[INFO|CRAWLER.py] 2020-11-13 22:24:23,915 > 기독교의이해 탐색 완료
[INFO|CRAWLER.py] 2020-11-13 22:24:23,916 > 20171-공통기초(10~18학번)-대학영어 수집 시작
[INFO|CRAWLER.py] 2020-11-13 22:24:24,510 > 15 rows in 1-15 of 22
[INFO|CRAWLER.py] 2020-11-13 22:24:24,534 > 유의사항 기준 탐색 완료
[INFO|CRAWLER.py] 2020-11-13 22:24:25,051 > 15 rows in 1-15 of 22
[INFO|CRAWLER.py] 2020-11-13 22:24:27,116 > YCC1001-04-00 cleared
[INFO|CRAWLER.py] 2020-11-13 22:24:29,169 > YCC1001-05-00 cleared
[INFO|CRAWLER.py] 2020-11-13 22:24:31,231 > YCC1001-06-00 cleared
[INFO|CRAWLER.py] 2020-11-13 22:24:33,282 > YCC1001-07-00 cleared
[INFO|CRAWLER.py] 2020-11-13 22:24:35,340 > YCC1001-08-00 cleared
[INFO|CRAWLER.py] 2020-11-13 22:24:37,488 > YCC1002-02-00 cleared
[INFO|CRAWLER.py] 2020-11-13 22:24:39,547 > YCC1002-03-00 cleared
[INFO|CRAWLER.py] 2020-11-13 22:24:41,610 > YCC1101-57-00 cleared
[INFO|CRAWLER.py] 2020-11-13 22:24:43,674 > YCC1101-58-00 cleared
[INFO|CRAWLER.py] 2020-11-13 22:24:45,740 > YCC1101-59-00 cleared
[INFO|CRAWLER.py] 2020-11-13 22:24:47,805 > YCC1101-60-00 cleared
[INFO|CRAWLER.py] 2020-11-13 22:24:49,871 > YCC1102-34-00 cleared
[INFO|CRAWLER.py] 2020-11-13 22:24:52,443 > 7 rows in 16-22 of 22
[INFO|CRAWLER.py] 2020-11-13 22:24:54,518 > YCC1102-35-00 cleared
[INFO|CRAWLER.py] 2020-11-13 22:24:56,619 > YCC1102-36-00 cleared
[INFO|CRAWLER.py] 2020-11-13 22:24:58,682 > YCC1102-37-00 cleared
[INFO|CRAWLER.py] 2020-11-13 22:25:00,749 > YCC1201-12-00 cleared
[INFO|CRAWLER.py] 2020-11-13 22:25:02,840 > YCC1202-23-00 cleared
[INFO|CRAWLER.py] 2020-11-13 22:25:04,895 > 대학영어 탐색 완료
[INFO|CRAWLER.py] 2020-11-13 22:25:04,896 > 20171-공통기초(10~18학번)-글쓰기 수집 시작
[INFO|CRAWLER.py] 2020-11-13 22:25:05,527 > 8 rows in 1-8 of 8
[INFO|CRAWLER.py] 2020-11-13 22:25:05,553 > 유의사항 기준 탐색 완료
[INFO|CRAWLER.py] 2020-11-13 22:25:06,070 > 8 rows in 1-8 of 8
[INFO|CRAWLER.py] 2020-11-13 22:25:08,135 > YCB1101-79-00 cleared
[INFO|CRAWLER.py] 2020-11-13 22:25:10,202 > YCB1101-80-00 cleared
[INFO|CRAWLER.py] 2020-11-13 22:25:12,258 > YCB1101-81-00 cleared
[INFO|CRAWLER.py] 2020-11-13 22:25:14,325 > YCB1101-82-00 cleared
[INFO|CRAWLER.py] 2020-11-13 22:25:16,386 > YCB1101-83-00 cleared
[INFO|CRAWLER.py] 2020-11-13 22:25:18,446 > YCB1101-84-00 cleared
[INFO|CRAWLER.py] 2020-11-13 22:25:20,510 > YCB1101-85-00 cleared
[INFO|CRAWLER.py] 2020-11-13 22:25:22,585 > YCB1101-86-00 cleared
[INFO|CRAWLER.py] 2020-11-13 22:25:24,606 > 글쓰기 탐색 완료
[INFO|CRAWLER.py] 2020-11-13 22:25:24,607 > 공통기초(10~18학번) 수집 완료
[INFO|CRAWLER.py] 2020-11-13 22:25:24,607 > 20171-필수교양(10~18학번)-문학과예술 수집 시작
[INFO|CRAWLER.py] 2020-11-13 22:25:25,219 > 13 rows in 1-13 of 13
[INFO|CRAWLER.py] 2020-11-13 22:25:25,243 > 유의사항 기준 탐색 완료
[INFO|CRAWLER.py] 2020-11-13 22:25:25,759 > 13 rows in 1-13 of 13
[INFO|CRAWLER.py] 2020-11-13 22:25:27,833 > UCJ1104-01-00 cleared
[INFO|CRAWLER.py] 2020-11-13 22:25:29,922 > UCB1107-01-00 cleared
[INFO|CRAWLER.py] 2020-11-13 22:25:31,993 > UCB1110-01-00 cleared
[INFO|CRAWLER.py] 2020-11-13 22:25:34,147 > UCE1105-01-00 cleared
[INFO|CRAWLER.py] 2020-11-13 22:25:36,405 > UCE1105-02-00 cleared
[INFO|CRAWLER.py] 2020-11-13 22:25:38,499 > UCE1107-01-00 cleared
[INFO|CRAWLER.py] 2020-11-13 22:25:40,567 > UCE1108-01-00 cleared
[INFO|CRAWLER.py] 2020-11-13 22:25:42,656 > YCD1001-01-00 cleared
[INFO|CRAWLER.py] 2020-11-13 22:25:44,731 > YCD1101-01-00 cleared
[INFO|CRAWLER.py] 2020-11-13 22:25:46,802 > YCD1201-01-00 cleared
[INFO|CRAWLER.py] 2020-11-13 22:25:48,902 > YCD1351-01-00 cleared
[INFO|CRAWLER.py] 2020-11-13 22:25:51,129 > YCD1602-01-00 cleared
[INFO|CRAWLER.py] 2020-11-13 22:25:53,230 > YCD1652-01-00 cleared
[INFO|CRAWLER.py] 2020-11-13 22:25:55,256 > 문학과예술 탐색 완료
[INFO|CRAWLER.py] 2020-11-13 22:25:55,257 > 20171-필수교양(10~18학번)-인간과역사 수집 시작
[INFO|CRAWLER.py] 2020-11-13 22:25:55,887 > 15 rows in 1-15 of 15
[INFO|CRAWLER.py] 2020-11-13 22:25:55,912 > 유의사항 기준 탐색 완료
[INFO|CRAWLER.py] 2020-11-13 22:25:56,430 > 15 rows in 1-15 of 15
[INFO|CRAWLER.py] 2020-11-13 22:25:56,468 > ANT1001-01-00: 중복된 강의 객체. caution 수집 완료
[INFO|CRAWLER.py] 2020-11-13 22:25:58,590 > UCB1101-01-00 cleared
[INFO|CRAWLER.py] 2020-11-13 22:26:00,664 > UCB1103-01-00 cleared
[INFO|CRAWLER.py] 2020-11-13 22:26:02,800 > UCB1105-01-00 cleared
[INFO|CRAWLER.py] 2020-11-13 22:26:04,885 > UCD1102-01-00 cleared
[INFO|CRAWLER.py] 2020-11-13 22:26:07,025 > UCD1102-02-00 cleared
[INFO|CRAWLER.py] 2020-11-13 22:26:09,133 > UCD1107-01-00 cleared
[INFO|CRAWLER.py] 2020-11-13 22:26:11,279 > UCE1102-01-00 cleared
[INFO|CRAWLER.py] 2020-11-13 22:26:13,337 > YCE1201-01-00 cleared
[INFO|CRAWLER.py] 2020-11-13 22:26:15,398 > YCE1252-01-00 cleared
[INFO|CRAWLER.py] 2020-11-13 22:26:17,472 > YCE1255-01-00 cleared
[INFO|CRAWLER.py] 2020-11-13 22:26:19,633 > YCE1601-01-00 cleared
[INFO|CRAWLER.py] 2020-11-13 22:26:21,722 > YCE1603-01-00 cleared
[INFO|CRAWLER.py] 2020-11-13 22:26:23,919 > YCE1604-01-00 cleared
[INFO|CRAWLER.py] 2020-11-13 22:26:26,056 > YCE1607-01-00 cleared
[INFO|CRAWLER.py] 2020-11-13 22:26:28,077 > 인간과역사 탐색 완료
[INFO|CRAWLER.py] 2020-11-13 22:26:28,077 > 20171-필수교양(10~18학번)-언어와표현 수집 시작
[INFO|CRAWLER.py] 2020-11-13 22:26:28,668 > 15 rows in 1-15 of 53
[INFO|CRAWLER.py] 2020-11-13 22:26:28,694 > 유의사항 기준 탐색 완료
[INFO|CRAWLER.py] 2020-11-13 22:26:29,211 > 15 rows in 1-15 of 53
[INFO|CRAWLER.py] 2020-11-13 22:26:31,328 > UCB1109-01-00 cleared
[INFO|CRAWLER.py] 2020-11-13 22:26:33,388 > YCF1201-01-00 cleared
[INFO|CRAWLER.py] 2020-11-13 22:26:35,452 > YCF1201-02-00 cleared
[INFO|CRAWLER.py] 2020-11-13 22:26:37,525 > YCF1201-03-00 cleared
[INFO|CRAWLER.py] 2020-11-13 22:26:39,587 > YCF1201-04-00 cleared
[INFO|CRAWLER.py] 2020-11-13 22:26:41,663 > YCF1201-05-00 cleared
[INFO|CRAWLER.py] 2020-11-13 22:26:43,769 > YCF1201-06-00 cleared
[INFO|CRAWLER.py] 2020-11-13 22:26:45,830 > YCF1202-01-00 cleared
[INFO|CRAWLER.py] 2020-11-13 22:26:47,904 > YCF1202-02-00 cleared
[INFO|CRAWLER.py] 2020-11-13 22:26:49,957 > YCF1203-01-00 cleared
[INFO|CRAWLER.py] 2020-11-13 22:26:52,031 > YCF1301-01-00 cleared
[INFO|CRAWLER.py] 2020-11-13 22:26:54,100 > YCF1301-02-00 cleared
[INFO|CRAWLER.py] 2020-11-13 22:26:56,181 > YCF1301-03-00 cleared
[INFO|CRAWLER.py] 2020-11-13 22:26:58,247 > YCF1301-04-00 cleared
[INFO|CRAWLER.py] 2020-11-13 22:27:00,315 > YCF1302-01-00 cleared
[INFO|CRAWLER.py] 2020-11-13 22:27:02,906 > 15 rows in 16-30 of 53
[INFO|CRAWLER.py] 2020-11-13 22:27:04,975 > YCF1302-02-00 cleared
[INFO|CRAWLER.py] 2020-11-13 22:27:07,040 > YCF1302-03-00 cleared
[INFO|CRAWLER.py] 2020-11-13 22:27:09,100 > YCF1303-01-00 cleared
[INFO|CRAWLER.py] 2020-11-13 22:27:11,178 > YCF1351-01-00 cleared
[INFO|CRAWLER.py] 2020-11-13 22:27:13,274 > YCF1351-02-00 cleared
[INFO|CRAWLER.py] 2020-11-13 22:27:15,364 > YCF1351-03-00 cleared
[INFO|CRAWLER.py] 2020-11-13 22:27:17,434 > YCF1351-04-00 cleared
[INFO|CRAWLER.py] 2020-11-13 22:27:19,500 > YCF1352-01-00 cleared
[INFO|CRAWLER.py] 2020-11-13 22:27:21,553 > YCF1352-02-00 cleared
[INFO|CRAWLER.py] 2020-11-13 22:27:23,604 > YCF1353-01-00 cleared
[INFO|CRAWLER.py] 2020-11-13 22:27:25,664 > YCF1402-01-00 cleared
[INFO|CRAWLER.py] 2020-11-13 22:27:27,732 > YCF1403-01-00 cleared
[INFO|CRAWLER.py] 2020-11-13 22:27:29,791 > YCF1405-01-00 cleared
[INFO|CRAWLER.py] 2020-11-13 22:27:31,848 > YCF1406-01-00 cleared
[INFO|CRAWLER.py] 2020-11-13 22:27:33,911 > YCF1407-01-00 cleared
[INFO|CRAWLER.py] 2020-11-13 22:27:36,474 > 15 rows in 31-45 of 53
[INFO|CRAWLER.py] 2020-11-13 22:27:38,539 > YCF1451-01-00 cleared
[INFO|CRAWLER.py] 2020-11-13 22:27:40,615 > YCF1451-02-00 cleared
[INFO|CRAWLER.py] 2020-11-13 22:27:42,682 > YCF1452-01-00 cleared
[INFO|CRAWLER.py] 2020-11-13 22:27:44,733 > YCF1453-01-00 cleared
[INFO|CRAWLER.py] 2020-11-13 22:27:46,806 > YCF1501-01-00 cleared
[INFO|CRAWLER.py] 2020-11-13 22:27:48,870 > YCF1501-02-00 cleared
[INFO|CRAWLER.py] 2020-11-13 22:27:50,925 > YCF1502-01-00 cleared
[INFO|CRAWLER.py] 2020-11-13 22:27:52,989 > YCF1502-02-00 cleared
[INFO|CRAWLER.py] 2020-11-13 22:27:55,055 > YCF1503-01-00 cleared
[INFO|CRAWLER.py] 2020-11-13 22:27:57,117 > YCF1551-01-00 cleared
[INFO|CRAWLER.py] 2020-11-13 22:27:59,182 > YCF1551-02-00 cleared
[INFO|CRAWLER.py] 2020-11-13 22:28:11,783 > YCF1552-01-00 cleared
[INFO|CRAWLER.py] 2020-11-13 22:28:13,837 > YCF1552-02-00 cleared
[INFO|CRAWLER.py] 2020-11-13 22:28:26,433 > YCF1553-01-00 cleared
[INFO|CRAWLER.py] 2020-11-13 22:28:28,511 > YCF1601-01-00 cleared
[INFO|CRAWLER.py] 2020-11-13 22:28:31,088 > 8 rows in 46-53 of 53
[INFO|CRAWLER.py] 2020-11-13 22:28:33,193 > YCF1603-01-00 cleared
[INFO|CRAWLER.py] 2020-11-13 22:28:35,276 > YCF1603-02-00 cleared
[INFO|CRAWLER.py] 2020-11-13 22:28:37,347 > YCF1604-01-00 cleared
[INFO|CRAWLER.py] 2020-11-13 22:28:39,426 > YCF1605-01-00 cleared
[INFO|CRAWLER.py] 2020-11-13 22:28:41,497 > YCF1607-01-00 cleared
[INFO|CRAWLER.py] 2020-11-13 22:28:43,585 > YCF1651-01-00 cleared
[INFO|CRAWLER.py] 2020-11-13 22:28:45,709 > YCF1652-01-00 cleared
[INFO|CRAWLER.py] 2020-11-13 22:28:47,814 > YCF1652-02-00 cleared
[INFO|CRAWLER.py] 2020-11-13 22:28:49,858 > 언어와표현 탐색 완료
[INFO|CRAWLER.py] 2020-11-13 22:28:49,858 > 20171-필수교양(10~18학번)-가치와윤리 수집 시작
[INFO|CRAWLER.py] 2020-11-13 22:28:50,484 > 15 rows in 1-15 of 19
[INFO|CRAWLER.py] 2020-11-13 22:28:50,518 > 유의사항 기준 탐색 완료
[INFO|CRAWLER.py] 2020-11-13 22:28:51,034 > 15 rows in 1-15 of 19
[INFO|CRAWLER.py] 2020-11-13 22:28:51,074 > PHI1002-01-00: 중복된 강의 객체. caution 수집 완료
[INFO|CRAWLER.py] 2020-11-13 22:28:53,285 > UCB1104-01-00 cleared
[INFO|CRAWLER.py] 2020-11-13 22:28:55,350 > YCG1002-01-01 cleared
[INFO|CRAWLER.py] 2020-11-13 22:28:57,407 > YCG1002-01-02 cleared
[INFO|CRAWLER.py] 2020-11-13 22:28:59,465 > YCG1002-01-03 cleared
[INFO|CRAWLER.py] 2020-11-13 22:29:01,523 > YCG1002-01-04 cleared
[INFO|CRAWLER.py] 2020-11-13 22:29:03,574 > YCG1002-01-05 cleared
[INFO|CRAWLER.py] 2020-11-13 22:29:05,620 > YCG1002-01-06 cleared
[INFO|CRAWLER.py] 2020-11-13 22:29:07,680 > YCG1002-01-07 cleared
[INFO|CRAWLER.py] 2020-11-13 22:29:09,737 > YCG1002-01-08 cleared
[INFO|CRAWLER.py] 2020-11-13 22:29:11,795 > YCG1002-01-09 cleared
[INFO|CRAWLER.py] 2020-11-13 22:29:13,859 > YCG1002-01-10 cleared
[INFO|CRAWLER.py] 2020-11-13 22:29:15,926 > YCG1701-01-00 cleared
[INFO|CRAWLER.py] 2020-11-13 22:29:18,019 > YCG1702-01-00 cleared
[INFO|CRAWLER.py] 2020-11-13 22:29:20,187 > YCG1852-01-00 cleared
[INFO|CRAWLER.py] 2020-11-13 22:29:22,754 > 4 rows in 16-19 of 19
[INFO|CRAWLER.py] 2020-11-13 22:29:24,841 > YCG1999-01-00 cleared
[INFO|CRAWLER.py] 2020-11-13 22:29:27,018 > YCG1999-02-00 cleared
[INFO|CRAWLER.py] 2020-11-13 22:29:29,185 > YCG1999-03-00 cleared
[INFO|CRAWLER.py] 2020-11-13 22:29:31,273 > YCG1999-04-00 cleared
[INFO|CRAWLER.py] 2020-11-13 22:29:33,307 > 가치와윤리 탐색 완료
[INFO|CRAWLER.py] 2020-11-13 22:29:33,308 > 20171-필수교양(10~18학번)-국가와사회공동체 수집 시작
[INFO|CRAWLER.py] 2020-11-13 22:29:33,935 > 12 rows in 1-12 of 12
[INFO|CRAWLER.py] 2020-11-13 22:29:33,961 > 유의사항 기준 탐색 완료
[INFO|CRAWLER.py] 2020-11-13 22:29:34,477 > 12 rows in 1-12 of 12
[INFO|CRAWLER.py] 2020-11-13 22:29:34,516 > EDU2002-01-00: 중복된 강의 객체. caution 수집 완료
[INFO|CRAWLER.py] 2020-11-13 22:29:34,554 > SOC1002-02-00: 중복된 강의 객체. caution 수집 완료
[INFO|CRAWLER.py] 2020-11-13 22:29:34,590 > SOC1002-03-00: 중복된 강의 객체. caution 수집 완료
[INFO|CRAWLER.py] 2020-11-13 22:29:34,628 > SOC1004-01-00: 중복된 강의 객체. caution 수집 완료
[INFO|CRAWLER.py] 2020-11-13 22:29:36,706 > UCD1101-01-00 cleared
[INFO|CRAWLER.py] 2020-11-13 22:29:38,784 > UCD1104-01-00 cleared
[INFO|CRAWLER.py] 2020-11-13 22:29:40,909 > UCD1105-01-00 cleared
[INFO|CRAWLER.py] 2020-11-13 22:29:43,090 > YCH1302-01-00 cleared
[INFO|CRAWLER.py] 2020-11-13 22:29:45,342 > YCH1601-01-00 cleared
[INFO|CRAWLER.py] 2020-11-13 22:29:47,564 > YCH1602-01-00 cleared
[INFO|CRAWLER.py] 2020-11-13 22:29:49,765 > YCH1606-01-00 cleared
[INFO|CRAWLER.py] 2020-11-13 22:29:51,831 > YCH1999-01-00 cleared
[INFO|CRAWLER.py] 2020-11-13 22:29:53,853 > 국가와사회공동체 탐색 완료
[INFO|CRAWLER.py] 2020-11-13 22:29:53,853 > 20171-필수교양(10~18학번)-지역사회와세계 수집 시작
[INFO|CRAWLER.py] 2020-11-13 22:29:54,466 > 13 rows in 1-13 of 13
[INFO|CRAWLER.py] 2020-11-13 22:29:54,492 > 유의사항 기준 탐색 완료
[INFO|CRAWLER.py] 2020-11-13 22:29:55,011 > 13 rows in 1-13 of 13
[INFO|CRAWLER.py] 2020-11-13 22:29:57,119 > ECO1001-01-00 cleared
[INFO|CRAWLER.py] 2020-11-13 22:29:59,342 > ECO1001-02-00 cleared
[INFO|CRAWLER.py] 2020-11-13 22:30:01,409 > ECO1001-03-00 cleared
[INFO|CRAWLER.py] 2020-11-13 22:30:03,489 > ECO1001-04-00 cleared
[INFO|CRAWLER.py] 2020-11-13 22:30:05,565 > UCD1103-01-00 cleared
[INFO|CRAWLER.py] 2020-11-13 22:30:07,692 > UCD1106-01-00 cleared
[INFO|CRAWLER.py] 2020-11-13 22:30:09,788 > UCF1101-01-00 cleared
[INFO|CRAWLER.py] 2020-11-13 22:30:11,907 > YCI1001-01-00 cleared
[INFO|CRAWLER.py] 2020-11-13 22:30:14,043 > YCI1002-01-00 cleared
[INFO|CRAWLER.py] 2020-11-13 22:30:16,143 > YCI1201-01-00 cleared
[INFO|CRAWLER.py] 2020-11-13 22:30:18,262 > YCI1701-01-00 cleared
[INFO|CRAWLER.py] 2020-11-13 22:30:20,420 > YCI1851-01-00 cleared
[INFO|CRAWLER.py] 2020-11-13 22:30:22,613 > YCI1853-01-00 cleared
[INFO|CRAWLER.py] 2020-11-13 22:30:24,640 > 지역사회와세계 탐색 완료
[INFO|CRAWLER.py] 2020-11-13 22:30:24,641 > 20171-필수교양(10~18학번)-논리와수리 수집 시작
[INFO|CRAWLER.py] 2020-11-13 22:30:25,269 > 15 rows in 1-15 of 43
[INFO|CRAWLER.py] 2020-11-13 22:30:25,297 > 유의사항 기준 탐색 완료
[INFO|CRAWLER.py] 2020-11-13 22:30:25,816 > 15 rows in 1-15 of 43
[INFO|CRAWLER.py] 2020-11-13 22:30:27,911 > ENG1108-01-00 cleared
[INFO|CRAWLER.py] 2020-11-13 22:30:29,974 > ENG1108-02-00 cleared
[INFO|CRAWLER.py] 2020-11-13 22:30:32,040 > ENG1108-03-01 cleared
[INFO|CRAWLER.py] 2020-11-13 22:30:34,103 > ENG1108-03-02 cleared
[INFO|CRAWLER.py] 2020-11-13 22:30:36,171 > ENG1108-04-01 cleared
[INFO|CRAWLER.py] 2020-11-13 22:30:38,234 > ENG1108-04-02 cleared
[INFO|CRAWLER.py] 2020-11-13 22:30:40,318 > ENG1108-05-01 cleared
[INFO|CRAWLER.py] 2020-11-13 22:30:42,412 > ENG1108-05-02 cleared
[INFO|CRAWLER.py] 2020-11-13 22:30:44,468 > ENG1108-06-01 cleared
[INFO|CRAWLER.py] 2020-11-13 22:30:46,540 > ENG1108-06-02 cleared
[INFO|CRAWLER.py] 2020-11-13 22:30:48,595 > ENG1108-07-01 cleared
[INFO|CRAWLER.py] 2020-11-13 22:30:50,664 > ENG1108-07-02 cleared
[INFO|CRAWLER.py] 2020-11-13 22:30:52,722 > ENG1108-08-01 cleared
[INFO|CRAWLER.py] 2020-11-13 22:31:05,282 > ENG1108-08-02 cleared
[INFO|CRAWLER.py] 2020-11-13 22:31:07,360 > MAT1001-01-01 cleared
[INFO|CRAWLER.py] 2020-11-13 22:31:09,949 > 15 rows in 16-30 of 43
[INFO|CRAWLER.py] 2020-11-13 22:31:12,006 > MAT1001-01-02 cleared
[INFO|CRAWLER.py] 2020-11-13 22:31:14,075 > MAT1002-01-01 cleared
[INFO|CRAWLER.py] 2020-11-13 22:31:16,140 > MAT1002-01-02 cleared
[INFO|CRAWLER.py] 2020-11-13 22:31:18,215 > MAT1011-01-01 cleared
[INFO|CRAWLER.py] 2020-11-13 22:31:20,278 > MAT1011-01-02 cleared
[INFO|CRAWLER.py] 2020-11-13 22:31:22,358 > MAT1012-01-01 cleared
[INFO|CRAWLER.py] 2020-11-13 22:31:24,429 > MAT1012-01-02 cleared
[INFO|CRAWLER.py] 2020-11-13 22:31:26,520 > STA1001-01-00 cleared
[INFO|CRAWLER.py] 2020-11-13 22:31:28,588 > STA1001-02-00 cleared
[INFO|CRAWLER.py] 2020-11-13 22:31:30,674 > STA1001-03-00 cleared
[INFO|CRAWLER.py] 2020-11-13 22:31:32,734 > STA1001-04-00 cleared
[INFO|CRAWLER.py] 2020-11-13 22:31:34,860 > STA1001-05-00 cleared
[INFO|CRAWLER.py] 2020-11-13 22:31:36,982 > STA1001-06-00 cleared
[INFO|CRAWLER.py] 2020-11-13 22:31:39,057 > STA1001-07-00 cleared
[INFO|CRAWLER.py] 2020-11-13 22:31:39,092 > STA1001-08-00: 중복된 강의 객체. caution 수집 완료
[INFO|CRAWLER.py] 2020-11-13 22:31:41,653 > 13 rows in 31-43 of 43
[INFO|CRAWLER.py] 2020-11-13 22:31:43,749 > YCJ1001-01-00 cleared
[INFO|CRAWLER.py] 2020-11-13 22:31:45,833 > YCJ1402-01-00 cleared
[INFO|CRAWLER.py] 2020-11-13 22:31:45,867 > BIZ1101-01-00: 중복된 강의 객체. caution 수집 완료
[INFO|CRAWLER.py] 2020-11-13 22:31:45,897 > BIZ1101-02-00: 중복된 강의 객체. caution 수집 완료
[INFO|CRAWLER.py] 2020-11-13 22:31:45,927 > BIZ1101-03-00: 중복된 강의 객체. caution 수집 완료
[INFO|CRAWLER.py] 2020-11-13 22:31:45,957 > BIZ1101-04-00: 중복된 강의 객체. caution 수집 완료
[INFO|CRAWLER.py] 2020-11-13 22:31:45,986 > BIZ1101-05-00: 중복된 강의 객체. caution 수집 완료
[INFO|CRAWLER.py] 2020-11-13 22:31:46,016 > BIZ1101-06-00: 중복된 강의 객체. caution 수집 완료
[INFO|CRAWLER.py] 2020-11-13 22:31:46,048 > BIZ1101-07-00: 중복된 강의 객체. caution 수집 완료
[INFO|CRAWLER.py] 2020-11-13 22:31:48,160 > OMA1002-01-00 cleared
[INFO|CRAWLER.py] 2020-11-13 22:31:48,192 > STA2105-01-00: 중복된 강의 객체. caution 수집 완료
[INFO|CRAWLER.py] 2020-11-13 22:31:48,230 > STA2105-02-00: 중복된 강의 객체. caution 수집 완료
[INFO|CRAWLER.py] 2020-11-13 22:31:48,267 > STA2105-03-00: 중복된 강의 객체. caution 수집 완료
[INFO|CRAWLER.py] 2020-11-13 22:31:50,317 > 논리와수리 탐색 완료
[INFO|CRAWLER.py] 2020-11-13 22:31:50,317 > 20171-필수교양(10~18학번)-자연과우주 수집 시작
[INFO|CRAWLER.py] 2020-11-13 22:31:50,946 > 15 rows in 1-15 of 16
[INFO|CRAWLER.py] 2020-11-13 22:31:50,974 > 유의사항 기준 탐색 완료
[INFO|CRAWLER.py] 2020-11-13 22:31:51,492 > 15 rows in 1-15 of 16
[INFO|CRAWLER.py] 2020-11-13 22:31:53,564 > CHE1001-01-00 cleared
[INFO|CRAWLER.py] 2020-11-13 22:31:55,636 > CHE1011-01-00 cleared
[INFO|CRAWLER.py] 2020-11-13 22:31:57,709 > PHY1001-01-00 cleared
[INFO|CRAWLER.py] 2020-11-13 22:31:59,775 > PHY1001-02-00 cleared
[INFO|CRAWLER.py] 2020-11-13 22:32:12,353 > PHY1002-01-00 cleared
[INFO|CRAWLER.py] 2020-11-13 22:32:14,435 > PHY1011-01-00 cleared
[INFO|CRAWLER.py] 2020-11-13 22:32:16,505 > PHY1011-02-00 cleared
[INFO|CRAWLER.py] 2020-11-13 22:32:18,574 > PHY1011-03-00 cleared
[INFO|CRAWLER.py] 2020-11-13 22:32:20,648 > PHY1012-01-00 cleared
[INFO|CRAWLER.py] 2020-11-13 22:32:22,719 > UCC1102-01-00 cleared
[INFO|CRAWLER.py] 2020-11-13 22:32:24,926 > UCC1105-01-00 cleared
[INFO|CRAWLER.py] 2020-11-13 22:32:27,107 > UCC1106-01-00 cleared
[INFO|CRAWLER.py] 2020-11-13 22:32:29,224 > UCC1106-02-00 cleared
[INFO|CRAWLER.py] 2020-11-13 22:32:31,359 > UCC1107-01-00 cleared
[INFO|CRAWLER.py] 2020-11-13 22:32:33,409 > CHE1003-01-00 cleared
[INFO|CRAWLER.py] 2020-11-13 22:32:35,971 > 1 rows in 16-16 of 16
[INFO|CRAWLER.py] 2020-11-13 22:32:38,028 > 자연과우주 탐색 완료
[INFO|CRAWLER.py] 2020-11-13 22:32:38,028 > 20171-필수교양(10~18학번)-생명과환경 수집 시작
[INFO|CRAWLER.py] 2020-11-13 22:32:38,654 > 14 rows in 1-14 of 14
[INFO|CRAWLER.py] 2020-11-13 22:32:38,681 > 유의사항 기준 탐색 완료
[INFO|CRAWLER.py] 2020-11-13 22:32:39,198 > 14 rows in 1-14 of 14
[INFO|CRAWLER.py] 2020-11-13 22:32:41,267 > BIO1001-01-00 cleared
[INFO|CRAWLER.py] 2020-11-13 22:32:43,341 > BIO1001-02-00 cleared
[INFO|CRAWLER.py] 2020-11-13 22:32:45,409 > BIO1008-01-00 cleared
[INFO|CRAWLER.py] 2020-11-13 22:32:47,515 > BIO1011-01-00 cleared
[INFO|CRAWLER.py] 2020-11-13 22:33:00,085 > BIO1012-01-00 cleared
[INFO|CRAWLER.py] 2020-11-13 22:33:00,128 > STS3105-01-00: 중복된 강의 객체. caution 수집 완료
[INFO|CRAWLER.py] 2020-11-13 22:33:02,253 > UCC1104-01-00 cleared
[INFO|CRAWLER.py] 2020-11-13 22:33:04,325 > UCC1109-01-00 cleared
[INFO|CRAWLER.py] 2020-11-13 22:33:06,387 > UCC1113-01-00 cleared
[INFO|CRAWLER.py] 2020-11-13 22:33:08,489 > UCH1103-01-00 cleared
[INFO|CRAWLER.py] 2020-11-13 22:33:10,572 > UCH1104-01-00 cleared
[INFO|CRAWLER.py] 2020-11-13 22:33:12,722 > YCL1201-01-00 cleared
[INFO|CRAWLER.py] 2020-11-13 22:33:14,802 > YCL1601-01-01 cleared
[INFO|CRAWLER.py] 2020-11-13 22:33:16,875 > YCL1601-01-02 cleared
[INFO|CRAWLER.py] 2020-11-13 22:33:18,901 > 생명과환경 탐색 완료
[INFO|CRAWLER.py] 2020-11-13 22:33:18,902 > 20171-필수교양(10~18학번)-소프트웨어 수집 시작
[INFO|CRAWLER.py] 2020-11-13 22:33:19,534 > 0 rows in 1-0 of 0
[INFO|CRAWLER.py] 2020-11-13 22:33:30,060 > No caution link in 0th row
[INFO|CRAWLER.py] 2020-11-13 22:33:30,567 > 0 rows in 1-0 of 0
[INFO|CRAWLER.py] 2020-11-13 22:33:30,567 > No caution in pages
[INFO|CRAWLER.py] 2020-11-13 22:33:31,085 > 0 rows in 1-0 of 0
[INFO|CRAWLER.py] 2020-11-13 22:33:33,108 > 소프트웨어 탐색 완료
[INFO|CRAWLER.py] 2020-11-13 22:33:33,108 > 필수교양(10~18학번) 수집 완료
[INFO|CRAWLER.py] 2020-11-13 22:33:33,108 > 20171-선택교양(10~18학번)-Freshman Seminars 수집 시작
[INFO|CRAWLER.py] 2020-11-13 22:33:33,718 > 1 rows in 1-1 of 1
[INFO|CRAWLER.py] 2020-11-13 22:33:33,742 > 유의사항 기준 탐색 완료
[INFO|CRAWLER.py] 2020-11-13 22:33:34,258 > 1 rows in 1-1 of 1
[INFO|CRAWLER.py] 2020-11-13 22:33:36,303 > Freshman Seminars 탐색 완료
[INFO|CRAWLER.py] 2020-11-13 22:33:36,304 > 20171-선택교양(10~18학번)-Gateway to College 수집 시작
[INFO|CRAWLER.py] 2020-11-13 22:33:36,892 > 0 rows in 1-0 of 0
[INFO|CRAWLER.py] 2020-11-13 22:33:47,426 > No caution link in 0th row
[INFO|CRAWLER.py] 2020-11-13 22:33:47,933 > 0 rows in 1-0 of 0
[INFO|CRAWLER.py] 2020-11-13 22:33:47,933 > No caution in pages
[INFO|CRAWLER.py] 2020-11-13 22:33:48,450 > 0 rows in 1-0 of 0
[INFO|CRAWLER.py] 2020-11-13 22:33:50,470 > Gateway to College 탐색 완료
[INFO|CRAWLER.py] 2020-11-13 22:33:50,470 > 20171-선택교양(10~18학번)-Residential Education 수집 시작
[INFO|CRAWLER.py] 2020-11-13 22:33:51,054 > 0 rows in 1-0 of 0
[INFO|CRAWLER.py] 2020-11-13 22:34:01,595 > No caution link in 0th row
[INFO|CRAWLER.py] 2020-11-13 22:34:02,101 > 0 rows in 1-0 of 0
[INFO|CRAWLER.py] 2020-11-13 22:34:02,101 > No caution in pages
[INFO|CRAWLER.py] 2020-11-13 22:34:02,617 > 0 rows in 1-0 of 0
[INFO|CRAWLER.py] 2020-11-13 22:34:04,637 > Residential Education 탐색 완료
[INFO|CRAWLER.py] 2020-11-13 22:34:04,637 > 20171-선택교양(10~18학번)-역사·철학영역 수집 시작
[INFO|CRAWLER.py] 2020-11-13 22:34:05,220 > 15 rows in 1-15 of 20
[INFO|CRAWLER.py] 2020-11-13 22:34:05,243 > 유의사항 기준 탐색 완료
[INFO|CRAWLER.py] 2020-11-13 22:34:05,757 > 15 rows in 1-15 of 20
[INFO|CRAWLER.py] 2020-11-13 22:34:07,839 > UCG1145-01-00 cleared
[INFO|CRAWLER.py] 2020-11-13 22:34:09,902 > UCG1104-01-00 cleared
[INFO|CRAWLER.py] 2020-11-13 22:34:12,012 > UCG1106-01-00 cleared
[INFO|CRAWLER.py] 2020-11-13 22:34:14,128 > UCG1107-01-00 cleared
[INFO|CRAWLER.py] 2020-11-13 22:34:16,245 > UCG1107-02-00 cleared
[INFO|CRAWLER.py] 2020-11-13 22:34:18,345 > UCG1108-01-00 cleared
[INFO|CRAWLER.py] 2020-11-13 22:34:20,415 > UCG1109-01-00 cleared
[INFO|CRAWLER.py] 2020-11-13 22:34:22,474 > UCG1112-01-00 cleared
[INFO|CRAWLER.py] 2020-11-13 22:34:24,537 > UCG1116-01-00 cleared
[INFO|CRAWLER.py] 2020-11-13 22:34:26,692 > UCG1117-01-00 cleared
[INFO|CRAWLER.py] 2020-11-13 22:34:28,751 > UCG1118-01-00 cleared
[INFO|CRAWLER.py] 2020-11-13 22:34:30,823 > UCG1122-01-00 cleared
[INFO|CRAWLER.py] 2020-11-13 22:34:32,940 > UCG1130-01-00 cleared
[INFO|CRAWLER.py] 2020-11-13 22:34:35,002 > UCG1139-01-00 cleared
[INFO|CRAWLER.py] 2020-11-13 22:34:37,081 > UCG1140-01-00 cleared
[INFO|CRAWLER.py] 2020-11-13 22:34:39,631 > 5 rows in 16-20 of 20
[INFO|CRAWLER.py] 2020-11-13 22:34:41,722 > UCG1142-01-00 cleared
[INFO|CRAWLER.py] 2020-11-13 22:34:43,785 > UCG1131-01-00 cleared
[INFO|CRAWLER.py] 2020-11-13 22:34:45,865 > UCG1131-02-00 cleared
[INFO|CRAWLER.py] 2020-11-13 22:34:47,955 > UCG1131-03-00 cleared
[INFO|CRAWLER.py] 2020-11-13 22:34:50,029 > UCG1131-04-00 cleared
[INFO|CRAWLER.py] 2020-11-13 22:34:52,059 > 역사·철학영역 탐색 완료
[INFO|CRAWLER.py] 2020-11-13 22:34:52,059 > 20171-선택교양(10~18학번)-과학·기술영역 수집 시작
[INFO|CRAWLER.py] 2020-11-13 22:34:52,685 > 15 rows in 1-15 of 15
[INFO|CRAWLER.py] 2020-11-13 22:34:52,711 > 유의사항 기준 탐색 완료
[INFO|CRAWLER.py] 2020-11-13 22:34:53,228 > 15 rows in 1-15 of 15
[INFO|CRAWLER.py] 2020-11-13 22:34:55,297 > UCF1103-01-01 cleared
[INFO|CRAWLER.py] 2020-11-13 22:34:57,360 > UCF1103-01-02 cleared
[INFO|CRAWLER.py] 2020-11-13 22:34:59,418 > UCF1103-01-03 cleared
[INFO|CRAWLER.py] 2020-11-13 22:35:01,477 > UCF1103-01-04 cleared
[INFO|CRAWLER.py] 2020-11-13 22:35:03,533 > UCH1102-01-00 cleared
[INFO|CRAWLER.py] 2020-11-13 22:35:05,608 > UCH1114-01-00 cleared
[INFO|CRAWLER.py] 2020-11-13 22:35:07,696 > UCH1115-01-00 cleared
[INFO|CRAWLER.py] 2020-11-13 22:35:09,797 > UCH1117-01-00 cleared
[INFO|CRAWLER.py] 2020-11-13 22:35:11,884 > UCH1117-02-00 cleared
[INFO|CRAWLER.py] 2020-11-13 22:35:13,969 > UCH1117-03-00 cleared
[INFO|CRAWLER.py] 2020-11-13 22:35:16,049 > UCH1117-04-00 cleared
[INFO|CRAWLER.py] 2020-11-13 22:35:18,125 > UCH1117-05-00 cleared
[INFO|CRAWLER.py] 2020-11-13 22:35:20,203 > UCH1121-01-00 cleared
[INFO|CRAWLER.py] 2020-11-13 22:35:22,265 > UCH1123-01-00 cleared
[INFO|CRAWLER.py] 2020-11-13 22:35:24,372 > UCH1135-01-00 cleared
[INFO|CRAWLER.py] 2020-11-13 22:35:26,393 > 과학·기술영역 탐색 완료
[INFO|CRAWLER.py] 2020-11-13 22:35:26,393 > 20171-선택교양(10~18학번)-사회·윤리영역 수집 시작
[INFO|CRAWLER.py] 2020-11-13 22:35:27,008 > 15 rows in 1-15 of 36
[INFO|CRAWLER.py] 2020-11-13 22:35:27,039 > 유의사항 기준 탐색 완료
[INFO|CRAWLER.py] 2020-11-13 22:35:27,557 > 15 rows in 1-15 of 36
[INFO|CRAWLER.py] 2020-11-13 22:35:29,610 > UCI2001-01-00 cleared
[INFO|CRAWLER.py] 2020-11-13 22:35:31,666 > UCI2001-02-00 cleared
[INFO|CRAWLER.py] 2020-11-13 22:35:33,765 > UCI2001-03-00 cleared
[INFO|CRAWLER.py] 2020-11-13 22:35:35,817 > UCI2001-04-00 cleared
[INFO|CRAWLER.py] 2020-11-13 22:35:48,417 > UCI2001-05-00 cleared
[INFO|CRAWLER.py] 2020-11-13 22:35:50,509 > UCI2001-06-00 cleared
[INFO|CRAWLER.py] 2020-11-13 22:35:52,569 > UCI2001-07-00 cleared
[INFO|CRAWLER.py] 2020-11-13 22:35:54,645 > UCI2001-08-00 cleared
[INFO|CRAWLER.py] 2020-11-13 22:35:56,713 > UCI2001-09-00 cleared
[INFO|CRAWLER.py] 2020-11-13 22:35:58,773 > UCI2001-10-00 cleared
[INFO|CRAWLER.py] 2020-11-13 22:36:00,855 > UCI2001-11-00 cleared
[INFO|CRAWLER.py] 2020-11-13 22:36:02,939 > UCI2001-12-00 cleared
[INFO|CRAWLER.py] 2020-11-13 22:36:04,995 > UCI2001-13-00 cleared
[INFO|CRAWLER.py] 2020-11-13 22:36:07,047 > UCI2001-14-00 cleared
[INFO|CRAWLER.py] 2020-11-13 22:36:09,100 > UCI2001-15-00 cleared
[INFO|CRAWLER.py] 2020-11-13 22:36:11,672 > 15 rows in 16-30 of 36
[INFO|CRAWLER.py] 2020-11-13 22:36:13,732 > UCI2001-16-00 cleared
[INFO|CRAWLER.py] 2020-11-13 22:36:15,811 > UCI2001-18-00 cleared
[INFO|CRAWLER.py] 2020-11-13 22:36:17,888 > UCI2001-20-00 cleared
[INFO|CRAWLER.py] 2020-11-13 22:36:19,968 > UCI1155-01-00 cleared
[INFO|CRAWLER.py] 2020-11-13 22:36:22,144 > UCI1162-01-00 cleared
[INFO|CRAWLER.py] 2020-11-13 22:36:24,286 > UCI1164-01-00 cleared
[INFO|CRAWLER.py] 2020-11-13 22:36:26,372 > UCI1101-01-00 cleared
[INFO|CRAWLER.py] 2020-11-13 22:36:28,422 > UCI1103-01-00 cleared
[INFO|CRAWLER.py] 2020-11-13 22:36:40,990 > UCI1104-01-00 cleared
[INFO|CRAWLER.py] 2020-11-13 22:36:43,057 > UCI1105-01-00 cleared
[INFO|CRAWLER.py] 2020-11-13 22:36:45,150 > UCI1109-01-00 cleared
[INFO|CRAWLER.py] 2020-11-13 22:36:47,270 > UCI1122-01-00 cleared
[INFO|CRAWLER.py] 2020-11-13 22:36:49,399 > UCI1123-01-00 cleared
[INFO|CRAWLER.py] 2020-11-13 22:36:51,947 > 6 rows in 31-36 of 36
[INFO|CRAWLER.py] 2020-11-13 22:36:54,067 > UCI1124-01-00 cleared
[INFO|CRAWLER.py] 2020-11-13 22:36:56,127 > UCI1133-01-00 cleared
[INFO|CRAWLER.py] 2020-11-13 22:37:08,683 > UCI1137-01-00 cleared
[INFO|CRAWLER.py] 2020-11-13 22:37:10,766 > UCI1140-01-00 cleared
[INFO|CRAWLER.py] 2020-11-13 22:37:12,869 > UCI1142-01-00 cleared
[INFO|CRAWLER.py] 2020-11-13 22:37:14,924 > UCI1152-01-00 cleared
[INFO|CRAWLER.py] 2020-11-13 22:37:16,962 > 사회·윤리영역 탐색 완료
[INFO|CRAWLER.py] 2020-11-13 22:37:16,962 > 20171-선택교양(10~18학번)-인문·예술영역 수집 시작
[INFO|CRAWLER.py] 2020-11-13 22:37:17,586 > 15 rows in 1-15 of 25
[INFO|CRAWLER.py] 2020-11-13 22:37:17,611 > 유의사항 기준 탐색 완료
[INFO|CRAWLER.py] 2020-11-13 22:37:18,129 > 15 rows in 1-15 of 25
[INFO|CRAWLER.py] 2020-11-13 22:37:20,218 > UCJ1135-01-00 cleared
[INFO|CRAWLER.py] 2020-11-13 22:37:22,279 > UCJ1135-02-00 cleared
[INFO|CRAWLER.py] 2020-11-13 22:37:24,329 > UCJ1135-03-00 cleared
[INFO|CRAWLER.py] 2020-11-13 22:37:26,388 > UCJ1136-01-00 cleared
[INFO|CRAWLER.py] 2020-11-13 22:37:28,484 > UCJ1107-01-00 cleared
[INFO|CRAWLER.py] 2020-11-13 22:37:30,559 > UCJ1107-02-00 cleared
[INFO|CRAWLER.py] 2020-11-13 22:37:32,684 > UCJ1108-01-00 cleared
[INFO|CRAWLER.py] 2020-11-13 22:37:34,770 > UCJ1108-02-00 cleared
[INFO|CRAWLER.py] 2020-11-13 22:37:36,845 > UCJ1109-01-00 cleared
[INFO|CRAWLER.py] 2020-11-13 22:37:38,950 > UCJ1110-01-00 cleared
[INFO|CRAWLER.py] 2020-11-13 22:37:41,075 > UCJ1111-01-00 cleared
[INFO|CRAWLER.py] 2020-11-13 22:37:43,187 > UCJ1111-02-00 cleared
[INFO|CRAWLER.py] 2020-11-13 22:37:45,264 > UCJ1112-01-00 cleared
[INFO|CRAWLER.py] 2020-11-13 22:37:47,372 > UCJ1113-01-00 cleared
[INFO|CRAWLER.py] 2020-11-13 22:37:49,442 > UCJ1113-02-00 cleared
[INFO|CRAWLER.py] 2020-11-13 22:37:51,996 > 10 rows in 16-25 of 25
[INFO|CRAWLER.py] 2020-11-13 22:37:54,047 > UCJ1116-01-00 cleared
[INFO|CRAWLER.py] 2020-11-13 22:37:56,111 > UCJ1116-02-00 cleared
[INFO|CRAWLER.py] 2020-11-13 22:37:58,179 > UCJ1116-03-00 cleared
[INFO|CRAWLER.py] 2020-11-13 22:38:00,239 > UCJ1102-01-00 cleared
[INFO|CRAWLER.py] 2020-11-13 22:38:02,329 > UCJ1117-01-00 cleared
[INFO|CRAWLER.py] 2020-11-13 22:38:04,400 > UCJ1119-01-00 cleared
[INFO|CRAWLER.py] 2020-11-13 22:38:06,494 > UCJ1122-01-00 cleared
[INFO|CRAWLER.py] 2020-11-13 22:38:08,602 > UCJ1124-01-00 cleared
[INFO|CRAWLER.py] 2020-11-13 22:38:10,657 > UCJ1131-01-00 cleared
[INFO|CRAWLER.py] 2020-11-13 22:38:12,727 > UCJ1132-01-00 cleared
[INFO|CRAWLER.py] 2020-11-13 22:38:14,759 > 인문·예술영역 탐색 완료
[INFO|CRAWLER.py] 2020-11-13 22:38:14,760 > 20171-선택교양(10~18학번)-세계문화·언어영역 수집 시작
[INFO|CRAWLER.py] 2020-11-13 22:38:15,348 > 15 rows in 1-15 of 36
[INFO|CRAWLER.py] 2020-11-13 22:38:15,373 > 유의사항 기준 탐색 완료
[INFO|CRAWLER.py] 2020-11-13 22:38:15,888 > 15 rows in 1-15 of 36
[INFO|CRAWLER.py] 2020-11-13 22:38:17,972 > UCK1104-01-00 cleared
[INFO|CRAWLER.py] 2020-11-13 22:38:20,063 > UCK1104-02-00 cleared
[INFO|CRAWLER.py] 2020-11-13 22:38:22,197 > UCK1105-01-00 cleared
[INFO|CRAWLER.py] 2020-11-13 22:38:24,281 > UCK1105-02-00 cleared
[INFO|CRAWLER.py] 2020-11-13 22:38:26,399 > UCK1106-01-00 cleared
[INFO|CRAWLER.py] 2020-11-13 22:38:28,473 > UCK1110-01-00 cleared
[INFO|CRAWLER.py] 2020-11-13 22:38:30,535 > UCK1111-01-00 cleared
[INFO|CRAWLER.py] 2020-11-13 22:38:32,606 > UCK1111-02-00 cleared
[INFO|CRAWLER.py] 2020-11-13 22:38:34,667 > UCK1113-01-00 cleared
[INFO|CRAWLER.py] 2020-11-13 22:38:36,742 > UCK1114-01-00 cleared
[INFO|CRAWLER.py] 2020-11-13 22:38:38,801 > UCK1114-02-00 cleared
[INFO|CRAWLER.py] 2020-11-13 22:38:40,860 > UCK1117-01-00 cleared
[INFO|CRAWLER.py] 2020-11-13 22:38:42,923 > UCK1119-01-00 cleared
[INFO|CRAWLER.py] 2020-11-13 22:38:44,997 > UCK1124-01-00 cleared
[INFO|CRAWLER.py] 2020-11-13 22:38:47,061 > UCK1125-01-00 cleared
[INFO|CRAWLER.py] 2020-11-13 22:38:49,642 > 15 rows in 16-30 of 36
[INFO|CRAWLER.py] 2020-11-13 22:39:02,256 > UCK1126-01-00 cleared
[INFO|CRAWLER.py] 2020-11-13 22:39:04,314 > UCK1127-01-00 cleared
[INFO|CRAWLER.py] 2020-11-13 22:39:06,366 > UCK1128-01-00 cleared
[INFO|CRAWLER.py] 2020-11-13 22:39:08,427 > UCK1129-01-00 cleared
[INFO|CRAWLER.py] 2020-11-13 22:39:10,485 > UCK1132-01-00 cleared
[INFO|CRAWLER.py] 2020-11-13 22:39:12,563 > UCK1135-01-00 cleared
[INFO|CRAWLER.py] 2020-11-13 22:39:14,620 > UCK1143-01-00 cleared
[INFO|CRAWLER.py] 2020-11-13 22:39:16,693 > UCK1143-02-00 cleared
[INFO|CRAWLER.py] 2020-11-13 22:39:18,769 > UCK1144-01-00 cleared
[INFO|CRAWLER.py] 2020-11-13 22:39:20,834 > UCK1147-01-00 cleared
[INFO|CRAWLER.py] 2020-11-13 22:39:22,905 > UCK1148-01-00 cleared
[INFO|CRAWLER.py] 2020-11-13 22:39:24,958 > UCK1149-01-00 cleared
[INFO|CRAWLER.py] 2020-11-13 22:39:27,029 > UCK1150-01-00 cleared
[INFO|CRAWLER.py] 2020-11-13 22:39:29,088 > UCK1151-01-00 cleared
[INFO|CRAWLER.py] 2020-11-13 22:39:31,168 > UCK1153-01-00 cleared
[INFO|CRAWLER.py] 2020-11-13 22:39:33,713 > 6 rows in 31-36 of 36
[INFO|CRAWLER.py] 2020-11-13 22:39:35,771 > UCK1154-01-00 cleared
[INFO|CRAWLER.py] 2020-11-13 22:39:37,853 > UCK1156-01-00 cleared
[INFO|CRAWLER.py] 2020-11-13 22:39:39,938 > UCK1157-01-00 cleared
[INFO|CRAWLER.py] 2020-11-13 22:39:42,009 > UCK1158-01-00 cleared
[INFO|CRAWLER.py] 2020-11-13 22:39:44,070 > UCK1159-01-00 cleared
[INFO|CRAWLER.py] 2020-11-13 22:39:46,162 > UCK1161-01-00 cleared
[INFO|CRAWLER.py] 2020-11-13 22:39:48,199 > 세계문화·언어영역 탐색 완료
[INFO|CRAWLER.py] 2020-11-13 22:39:48,200 > 20171-선택교양(10~18학번)-생활·건강영역 수집 시작
[INFO|CRAWLER.py] 2020-11-13 22:39:48,828 > 15 rows in 1-15 of 92
[INFO|CRAWLER.py] 2020-11-13 22:39:48,856 > 유의사항 기준 탐색 완료
[INFO|CRAWLER.py] 2020-11-13 22:39:49,373 > 15 rows in 1-15 of 92
[INFO|CRAWLER.py] 2020-11-13 22:39:51,458 > UCL1101-01-00 cleared
[INFO|CRAWLER.py] 2020-11-13 22:39:53,568 > UCL1101-02-00 cleared
[INFO|CRAWLER.py] 2020-11-13 22:39:55,637 > UCL1101-03-00 cleared
[INFO|CRAWLER.py] 2020-11-13 22:39:57,711 > UCL1101-04-00 cleared
[INFO|CRAWLER.py] 2020-11-13 22:39:59,768 > UCL1101-05-00 cleared
[INFO|CRAWLER.py] 2020-11-13 22:40:01,832 > UCL1101-06-00 cleared
[INFO|CRAWLER.py] 2020-11-13 22:40:03,913 > UCL1102-01-00 cleared
[INFO|CRAWLER.py] 2020-11-13 22:40:05,998 > UCL1102-02-00 cleared
[INFO|CRAWLER.py] 2020-11-13 22:40:08,059 > UCL1103-01-00 cleared
[INFO|CRAWLER.py] 2020-11-13 22:40:10,132 > UCL1103-02-00 cleared
[INFO|CRAWLER.py] 2020-11-13 22:40:12,200 > UCL1103-03-00 cleared
[INFO|CRAWLER.py] 2020-11-13 22:40:14,272 > UCL1103-04-00 cleared
[INFO|CRAWLER.py] 2020-11-13 22:40:16,343 > UCL1103-05-00 cleared
[INFO|CRAWLER.py] 2020-11-13 22:40:18,420 > UCL1103-06-00 cleared
[INFO|CRAWLER.py] 2020-11-13 22:40:20,493 > UCL1103-07-00 cleared
[INFO|CRAWLER.py] 2020-11-13 22:40:23,070 > 15 rows in 16-30 of 92
[INFO|CRAWLER.py] 2020-11-13 22:40:25,145 > UCL1104-01-00 cleared
[INFO|CRAWLER.py] 2020-11-13 22:40:27,212 > UCL1104-02-00 cleared
[INFO|CRAWLER.py] 2020-11-13 22:40:29,275 > UCL1104-03-00 cleared
[INFO|CRAWLER.py] 2020-11-13 22:40:31,340 > UCL1104-04-00 cleared
[INFO|CRAWLER.py] 2020-11-13 22:40:33,423 > UCL1105-01-00 cleared
[INFO|CRAWLER.py] 2020-11-13 22:40:35,503 > UCL1105-02-00 cleared
[INFO|CRAWLER.py] 2020-11-13 22:40:37,555 > UCL1105-03-00 cleared
[INFO|CRAWLER.py] 2020-11-13 22:40:39,617 > UCL1105-04-00 cleared
[INFO|CRAWLER.py] 2020-11-13 22:40:41,674 > UCL1105-05-00 cleared
[INFO|CRAWLER.py] 2020-11-13 22:40:43,752 > UCL1105-06-00 cleared
[INFO|CRAWLER.py] 2020-11-13 22:40:45,807 > UCL1105-07-00 cleared
[INFO|CRAWLER.py] 2020-11-13 22:40:47,878 > UCL1105-08-00 cleared
[INFO|CRAWLER.py] 2020-11-13 22:40:49,943 > UCL1105-09-00 cleared
[INFO|CRAWLER.py] 2020-11-13 22:40:51,995 > UCL1105-10-00 cleared
[INFO|CRAWLER.py] 2020-11-13 22:40:54,065 > UCL1106-01-00 cleared
[INFO|CRAWLER.py] 2020-11-13 22:40:56,626 > 15 rows in 31-45 of 92
[INFO|CRAWLER.py] 2020-11-13 22:40:58,694 > UCL1106-02-00 cleared
[INFO|CRAWLER.py] 2020-11-13 22:41:00,774 > UCL1108-01-00 cleared
[INFO|CRAWLER.py] 2020-11-13 22:41:02,831 > UCL1108-02-00 cleared
[INFO|CRAWLER.py] 2020-11-13 22:41:04,907 > UCL1108-03-00 cleared
[INFO|CRAWLER.py] 2020-11-13 22:41:06,985 > UCL1109-01-00 cleared
[INFO|CRAWLER.py] 2020-11-13 22:41:09,070 > UCL1109-02-00 cleared
[INFO|CRAWLER.py] 2020-11-13 22:41:11,144 > UCL1109-03-00 cleared
[INFO|CRAWLER.py] 2020-11-13 22:41:13,242 > UCL1109-04-00 cleared
[INFO|CRAWLER.py] 2020-11-13 22:41:15,331 > UCL1109-05-00 cleared
[INFO|CRAWLER.py] 2020-11-13 22:41:17,426 > UCL1109-06-00 cleared
[INFO|CRAWLER.py] 2020-11-13 22:41:19,495 > UCL1110-01-00 cleared
[INFO|CRAWLER.py] 2020-11-13 22:41:21,587 > UCL1111-01-00 cleared
[INFO|CRAWLER.py] 2020-11-13 22:41:23,666 > UCL1111-02-00 cleared
[INFO|CRAWLER.py] 2020-11-13 22:41:25,740 > UCL1111-03-00 cleared
[INFO|CRAWLER.py] 2020-11-13 22:41:27,833 > UCL1111-04-00 cleared
[INFO|CRAWLER.py] 2020-11-13 22:41:30,416 > 15 rows in 46-60 of 92
[INFO|CRAWLER.py] 2020-11-13 22:41:32,483 > UCL1111-05-00 cleared
[INFO|CRAWLER.py] 2020-11-13 22:41:34,559 > UCL1111-06-00 cleared
[INFO|CRAWLER.py] 2020-11-13 22:41:36,642 > UCL1111-07-00 cleared
[INFO|CRAWLER.py] 2020-11-13 22:41:38,717 > UCL1112-01-00 cleared
[INFO|CRAWLER.py] 2020-11-13 22:41:40,808 > UCL1112-02-00 cleared
[INFO|CRAWLER.py] 2020-11-13 22:41:42,878 > UCL1115-01-00 cleared
[INFO|CRAWLER.py] 2020-11-13 22:41:44,945 > UCL1115-02-00 cleared
[INFO|CRAWLER.py] 2020-11-13 22:41:47,015 > UCL1116-01-00 cleared
[INFO|CRAWLER.py] 2020-11-13 22:41:49,083 > UCL1118-01-00 cleared
[INFO|CRAWLER.py] 2020-11-13 22:41:51,138 > UCL1119-01-00 cleared
[INFO|CRAWLER.py] 2020-11-13 22:41:53,196 > UCL1119-02-00 cleared
[INFO|CRAWLER.py] 2020-11-13 22:41:55,266 > UCL1119-03-00 cleared
[INFO|CRAWLER.py] 2020-11-13 22:41:57,344 > UCL1121-01-00 cleared
[INFO|CRAWLER.py] 2020-11-13 22:41:59,415 > UCL1121-02-00 cleared
[INFO|CRAWLER.py] 2020-11-13 22:42:01,488 > UCL1121-03-00 cleared
[INFO|CRAWLER.py] 2020-11-13 22:42:04,049 > 15 rows in 61-75 of 92
[INFO|CRAWLER.py] 2020-11-13 22:42:06,130 > UCL1121-04-00 cleared
[INFO|CRAWLER.py] 2020-11-13 22:42:08,186 > UCL1124-01-00 cleared
[INFO|CRAWLER.py] 2020-11-13 22:42:10,245 > UCL1127-01-00 cleared
[INFO|CRAWLER.py] 2020-11-13 22:42:12,302 > UCL1127-02-00 cleared
[INFO|CRAWLER.py] 2020-11-13 22:42:14,376 > UCL1207-01-00 cleared
[INFO|CRAWLER.py] 2020-11-13 22:42:16,440 > UCL1207-02-00 cleared
[INFO|CRAWLER.py] 2020-11-13 22:42:18,513 > UCL1209-01-00 cleared
[INFO|CRAWLER.py] 2020-11-13 22:42:20,581 > UCL1210-01-00 cleared
[INFO|CRAWLER.py] 2020-11-13 22:42:22,633 > UCL1212-01-00 cleared
[INFO|CRAWLER.py] 2020-11-13 22:42:24,697 > UCL1214-01-00 cleared
[INFO|CRAWLER.py] 2020-11-13 22:42:26,756 > UCL1215-01-00 cleared
[INFO|CRAWLER.py] 2020-11-13 22:42:28,829 > UCL1215-02-00 cleared
[INFO|CRAWLER.py] 2020-11-13 22:42:30,920 > UCL1215-03-00 cleared
[INFO|CRAWLER.py] 2020-11-13 22:42:32,992 > UCL1215-04-00 cleared
[INFO|CRAWLER.py] 2020-11-13 22:42:35,073 > UCL1215-05-00 cleared
[INFO|CRAWLER.py] 2020-11-13 22:42:37,635 > 15 rows in 76-90 of 92
[INFO|CRAWLER.py] 2020-11-13 22:42:39,699 > UCL1216-01-00 cleared
[INFO|CRAWLER.py] 2020-11-13 22:42:41,773 > UCL1217-01-00 cleared
[INFO|CRAWLER.py] 2020-11-13 22:42:43,840 > UCL1218-01-00 cleared
[INFO|CRAWLER.py] 2020-11-13 22:42:45,912 > UCL1219-01-00 cleared
[INFO|CRAWLER.py] 2020-11-13 22:42:47,983 > UCL1219-02-00 cleared
[INFO|CRAWLER.py] 2020-11-13 22:42:50,042 > UCL1220-01-00 cleared
[INFO|CRAWLER.py] 2020-11-13 22:42:52,109 > UCL1222-01-00 cleared
[INFO|CRAWLER.py] 2020-11-13 22:42:54,169 > UCL1222-02-00 cleared
[INFO|CRAWLER.py] 2020-11-13 22:42:56,237 > UCL1223-01-00 cleared
[INFO|CRAWLER.py] 2020-11-13 22:42:58,301 > UCL1223-02-00 cleared
[INFO|CRAWLER.py] 2020-11-13 22:43:00,409 > UCL1202-01-00 cleared
[INFO|CRAWLER.py] 2020-11-13 22:43:02,510 > UCL1203-01-00 cleared
[INFO|CRAWLER.py] 2020-11-13 22:43:04,646 > UCL1203-02-00 cleared
[INFO|CRAWLER.py] 2020-11-13 22:43:06,717 > UCL1204-01-00 cleared
[INFO|CRAWLER.py] 2020-11-13 22:43:08,838 > UCL1201-01-00 cleared
[INFO|CRAWLER.py] 2020-11-13 22:43:11,391 > 2 rows in 91-92 of 92
[INFO|CRAWLER.py] 2020-11-13 22:43:13,477 > UCL1201-02-00 cleared
[INFO|CRAWLER.py] 2020-11-13 22:43:15,572 > UCL1205-01-00 cleared
[INFO|CRAWLER.py] 2020-11-13 22:43:17,613 > 생활·건강영역 탐색 완료
[INFO|CRAWLER.py] 2020-11-13 22:43:17,613 > 선택교양(10~18학번) 수집 완료
[INFO|CRAWLER.py] 2020-11-13 22:43:17,613 > 20171-(~2018학번)국제캠퍼스-공통기초-채플 수집 시작
[INFO|CRAWLER.py] 2020-11-13 22:43:18,251 > 12 rows in 1-12 of 12
[INFO|CRAWLER.py] 2020-11-13 22:43:18,275 > 유의사항 기준 탐색 완료
[INFO|CRAWLER.py] 2020-11-13 22:43:18,792 > 12 rows in 1-12 of 12
[INFO|CRAWLER.py] 2020-11-13 22:43:18,829 > YCA1001-01-00: 중복된 강의 객체. caution 수집 완료
[INFO|CRAWLER.py] 2020-11-13 22:43:18,868 > YCA1001-02-00: 중복된 강의 객체. caution 수집 완료
[INFO|CRAWLER.py] 2020-11-13 22:43:20,938 > YCA1001-03-00 cleared
[INFO|CRAWLER.py] 2020-11-13 22:43:22,990 > YCA1001-04-00 cleared
[INFO|CRAWLER.py] 2020-11-13 22:43:25,043 > YCA1001-05-00 cleared
[INFO|CRAWLER.py] 2020-11-13 22:43:25,108 > YCA1005-01-00: 중복된 강의 객체. caution 수집 완료
[INFO|CRAWLER.py] 2020-11-13 22:43:25,149 > YCA1005-02-00: 중복된 강의 객체. caution 수집 완료
[INFO|CRAWLER.py] 2020-11-13 22:43:27,199 > YCA1005-03-00 cleared
[INFO|CRAWLER.py] 2020-11-13 22:43:29,259 > YCA1005-04-00 cleared
[INFO|CRAWLER.py] 2020-11-13 22:43:31,336 > YCA1005-06-00 cleared
[INFO|CRAWLER.py] 2020-11-13 22:43:33,358 > 공통기초-채플 탐색 완료
[INFO|CRAWLER.py] 2020-11-13 22:43:33,358 > 20171-(~2018학번)국제캠퍼스-공통기초-기독교의이해 수집 시작
[INFO|CRAWLER.py] 2020-11-13 22:43:33,955 > 15 rows in 1-15 of 26
[INFO|CRAWLER.py] 2020-11-13 22:43:33,979 > 유의사항 기준 탐색 완료
[INFO|CRAWLER.py] 2020-11-13 22:43:34,496 > 15 rows in 1-15 of 26
[INFO|CRAWLER.py] 2020-11-13 22:43:36,548 > YCA1101-01-00 cleared
[INFO|CRAWLER.py] 2020-11-13 22:43:38,603 > YCA1101-02-00 cleared
[INFO|CRAWLER.py] 2020-11-13 22:43:40,655 > YCA1101-03-00 cleared
[INFO|CRAWLER.py] 2020-11-13 22:43:42,701 > YCA1101-04-00 cleared
[INFO|CRAWLER.py] 2020-11-13 22:43:44,749 > YCA1101-05-00 cleared
[INFO|CRAWLER.py] 2020-11-13 22:43:46,799 > YCA1101-06-00 cleared
[INFO|CRAWLER.py] 2020-11-13 22:43:48,847 > YCA1101-07-00 cleared
[INFO|CRAWLER.py] 2020-11-13 22:43:48,886 > YCA1101-08-00: 중복된 강의 객체. caution 수집 완료
[INFO|CRAWLER.py] 2020-11-13 22:43:48,923 > YCA1101-09-00: 중복된 강의 객체. caution 수집 완료
[INFO|CRAWLER.py] 2020-11-13 22:43:50,973 > YCA1102-01-00 cleared
[INFO|CRAWLER.py] 2020-11-13 22:43:53,023 > YCA1102-02-00 cleared
[INFO|CRAWLER.py] 2020-11-13 22:43:55,073 > YCA1102-03-00 cleared
[INFO|CRAWLER.py] 2020-11-13 22:43:57,124 > YCA1102-04-00 cleared
[INFO|CRAWLER.py] 2020-11-13 22:43:59,184 > YCA1102-05-00 cleared
[INFO|CRAWLER.py] 2020-11-13 22:44:01,769 > 11 rows in 16-26 of 26
[INFO|CRAWLER.py] 2020-11-13 22:44:03,815 > YCA1102-07-00 cleared
[INFO|CRAWLER.py] 2020-11-13 22:44:05,880 > YCA1102-09-00 cleared
[INFO|CRAWLER.py] 2020-11-13 22:44:05,936 > YCA1102-11-00: 중복된 강의 객체. caution 수집 완료
[INFO|CRAWLER.py] 2020-11-13 22:44:05,969 > YCA1102-12-00: 중복된 강의 객체. caution 수집 완료
[INFO|CRAWLER.py] 2020-11-13 22:44:08,013 > YCA1102-13-00 cleared
[INFO|CRAWLER.py] 2020-11-13 22:44:10,058 > YCA1103-01-00 cleared
[INFO|CRAWLER.py] 2020-11-13 22:44:10,142 > YCA1103-04-00: 중복된 강의 객체. caution 수집 완료
[INFO|CRAWLER.py] 2020-11-13 22:44:12,179 > 공통기초-기독교의이해 탐색 완료
[INFO|CRAWLER.py] 2020-11-13 22:44:12,179 > 20171-(~2018학번)국제캠퍼스-공통기초-글쓰기 수집 시작
[INFO|CRAWLER.py] 2020-11-13 22:44:12,792 > 15 rows in 1-15 of 84
[INFO|CRAWLER.py] 2020-11-13 22:44:23,297 > No caution link in 0th row
[INFO|CRAWLER.py] 2020-11-13 22:44:23,804 > 15 rows in 1-15 of 84
[INFO|CRAWLER.py] 2020-11-13 22:44:23,836 > 유의사항 기준 탐색 완료
[INFO|CRAWLER.py] 2020-11-13 22:44:24,352 > 15 rows in 1-15 of 84
[INFO|CRAWLER.py] 2020-11-13 22:44:26,448 > YCB1001-03-00 cleared
[INFO|CRAWLER.py] 2020-11-13 22:44:28,500 > YCB1001-04-00 cleared
[INFO|CRAWLER.py] 2020-11-13 22:44:30,657 > YCB1101-05-00 cleared
[INFO|CRAWLER.py] 2020-11-13 22:44:33,371 > 15 rows in 16-30 of 84
[INFO|CRAWLER.py] 2020-11-13 22:44:35,596 > YCB1101-20-00 cleared
[INFO|CRAWLER.py] 2020-11-13 22:44:37,685 > YCB1101-23-00 cleared
[INFO|CRAWLER.py] 2020-11-13 22:44:40,314 > 15 rows in 31-45 of 84
[INFO|CRAWLER.py] 2020-11-13 22:44:42,361 > YCB1101-27-00 cleared
[INFO|CRAWLER.py] 2020-11-13 22:44:44,630 > YCB1101-38-00 cleared
[INFO|CRAWLER.py] 2020-11-13 22:44:46,679 > YCB1101-39-00 cleared
[INFO|CRAWLER.py] 2020-11-13 22:44:48,748 > YCB1101-41-00 cleared
[INFO|CRAWLER.py] 2020-11-13 22:44:51,300 > 15 rows in 46-60 of 84
[INFO|CRAWLER.py] 2020-11-13 22:44:54,182 > 15 rows in 61-75 of 84
[INFO|CRAWLER.py] 2020-11-13 22:44:56,571 > YCB1101-71-00 cleared
[INFO|CRAWLER.py] 2020-11-13 22:44:59,119 > 9 rows in 76-84 of 84
[INFO|CRAWLER.py] 2020-11-13 22:45:01,257 > YCB1101-76-00 cleared
[INFO|CRAWLER.py] 2020-11-13 22:45:03,329 > YCB1101-78-00 cleared
[INFO|CRAWLER.py] 2020-11-13 22:45:05,415 > 공통기초-글쓰기 탐색 완료
[INFO|CRAWLER.py] 2020-11-13 22:45:05,415 > 20171-(~2018학번)국제캠퍼스-공통기초-대학영어 수집 시작
[INFO|CRAWLER.py] 2020-11-13 22:45:06,040 > 15 rows in 1-15 of 150
[INFO|CRAWLER.py] 2020-11-13 22:45:06,067 > 유의사항 기준 탐색 완료
[INFO|CRAWLER.py] 2020-11-13 22:45:06,583 > 15 rows in 1-15 of 150
[INFO|CRAWLER.py] 2020-11-13 22:45:08,631 > YCC1001-01-00 cleared
[INFO|CRAWLER.py] 2020-11-13 22:45:10,709 > YCC1001-03-00 cleared
[INFO|CRAWLER.py] 2020-11-13 22:45:12,879 > YCC1002-01-00 cleared
[INFO|CRAWLER.py] 2020-11-13 22:45:14,977 > YCC1101-03-00 cleared
[INFO|CRAWLER.py] 2020-11-13 22:45:17,079 > YCC1101-06-00 cleared
[INFO|CRAWLER.py] 2020-11-13 22:45:19,642 > 15 rows in 16-30 of 150
[INFO|CRAWLER.py] 2020-11-13 22:45:21,776 > YCC1101-11-00 cleared
[INFO|CRAWLER.py] 2020-11-13 22:45:24,562 > 15 rows in 31-45 of 150
[INFO|CRAWLER.py] 2020-11-13 22:45:26,616 > YCC1101-22-00 cleared
[INFO|CRAWLER.py] 2020-11-13 22:45:28,916 > YCC1101-34-00 cleared
[INFO|CRAWLER.py] 2020-11-13 22:45:31,524 > 15 rows in 46-60 of 150
[INFO|CRAWLER.py] 2020-11-13 22:45:33,693 > YCC1101-42-00 cleared
[INFO|CRAWLER.py] 2020-11-13 22:45:35,915 > YCC1101-51-00 cleared
[INFO|CRAWLER.py] 2020-11-13 22:45:38,473 > 15 rows in 61-75 of 150
[INFO|CRAWLER.py] 2020-11-13 22:45:40,544 > YCC1101-53-00 cleared
[INFO|CRAWLER.py] 2020-11-13 22:45:43,389 > 15 rows in 76-90 of 150
[INFO|CRAWLER.py] 2020-11-13 22:45:45,485 > YCC1102-09-00 cleared
[INFO|CRAWLER.py] 2020-11-13 22:45:47,599 > YCC1102-13-00 cleared
[INFO|CRAWLER.py] 2020-11-13 22:45:50,337 > 15 rows in 91-105 of 150
[INFO|CRAWLER.py] 2020-11-13 22:45:52,496 > YCC1102-27-00 cleared
[INFO|CRAWLER.py] 2020-11-13 22:45:54,564 > YCC1102-29-00 cleared
[INFO|CRAWLER.py] 2020-11-13 22:45:56,658 > YCC1102-32-00 cleared
[INFO|CRAWLER.py] 2020-11-13 22:45:59,310 > 15 rows in 106-120 of 150
[INFO|CRAWLER.py] 2020-11-13 22:46:01,360 > YCC1102-41-00 cleared
[INFO|CRAWLER.py] 2020-11-13 22:46:03,650 > YCC1201-01-00 cleared
[INFO|CRAWLER.py] 2020-11-13 22:46:06,255 > 15 rows in 121-135 of 150
[INFO|CRAWLER.py] 2020-11-13 22:46:08,367 > YCC1201-07-00 cleared
[INFO|CRAWLER.py] 2020-11-13 22:46:10,488 > YCC1201-11-00 cleared
[INFO|CRAWLER.py] 2020-11-13 22:46:12,575 > YCC1202-03-00 cleared
[INFO|CRAWLER.py] 2020-11-13 22:46:15,218 > 15 rows in 136-150 of 150
[INFO|CRAWLER.py] 2020-11-13 22:46:17,443 > YCC1202-16-00 cleared
[INFO|CRAWLER.py] 2020-11-13 22:46:19,622 > 공통기초-대학영어 탐색 완료
[INFO|CRAWLER.py] 2020-11-13 22:46:19,622 > 20171-(~2018학번)국제캠퍼스-필수교양-문학과예술 수집 시작
[INFO|CRAWLER.py] 2020-11-13 22:46:20,249 > 7 rows in 1-7 of 7
[INFO|CRAWLER.py] 2020-11-13 22:46:20,276 > 유의사항 기준 탐색 완료
[INFO|CRAWLER.py] 2020-11-13 22:46:20,792 > 7 rows in 1-7 of 7
[INFO|CRAWLER.py] 2020-11-13 22:46:22,851 > UCE1105-03-00 cleared
[INFO|CRAWLER.py] 2020-11-13 22:46:24,908 > UCE1105-04-00 cleared
[INFO|CRAWLER.py] 2020-11-13 22:46:26,970 > UCE1108-02-00 cleared
[INFO|CRAWLER.py] 2020-11-13 22:46:29,044 > YCD1602-02-00 cleared
[INFO|CRAWLER.py] 2020-11-13 22:46:41,605 > YCD1999-01-00 cleared
[INFO|CRAWLER.py] 2020-11-13 22:46:43,680 > YCD1999-03-00 cleared
[INFO|CRAWLER.py] 2020-11-13 22:46:45,701 > 필수교양-문학과예술 탐색 완료
[INFO|CRAWLER.py] 2020-11-13 22:46:45,701 > 20171-(~2018학번)국제캠퍼스-필수교양-인간과역사 수집 시작
[INFO|CRAWLER.py] 2020-11-13 22:46:46,295 > 15 rows in 1-15 of 16
[INFO|CRAWLER.py] 2020-11-13 22:46:46,324 > 유의사항 기준 탐색 완료
[INFO|CRAWLER.py] 2020-11-13 22:46:46,840 > 15 rows in 1-15 of 16
[INFO|CRAWLER.py] 2020-11-13 22:46:46,873 > ANT1001-02-00: 중복된 강의 객체. caution 수집 완료
[INFO|CRAWLER.py] 2020-11-13 22:46:46,909 > PHI1001-01-00: 중복된 강의 객체. caution 수집 완료
[INFO|CRAWLER.py] 2020-11-13 22:46:46,946 > PSY2103-01-00: 중복된 강의 객체. caution 수집 완료
[INFO|CRAWLER.py] 2020-11-13 22:46:49,001 > UCB1103-02-00 cleared
[INFO|CRAWLER.py] 2020-11-13 22:46:51,045 > UCB1103-03-00 cleared
[INFO|CRAWLER.py] 2020-11-13 22:46:53,099 > UCB1105-02-00 cleared
[INFO|CRAWLER.py] 2020-11-13 22:46:55,152 > UCD1102-03-00 cleared
[INFO|CRAWLER.py] 2020-11-13 22:46:57,206 > YCE1203-01-00 cleared
[INFO|CRAWLER.py] 2020-11-13 22:46:59,259 > YCE1251-01-00 cleared
[INFO|CRAWLER.py] 2020-11-13 22:47:01,320 > YCE1551-01-00 cleared
[INFO|CRAWLER.py] 2020-11-13 22:47:03,383 > YCE1605-01-00 cleared
[INFO|CRAWLER.py] 2020-11-13 22:47:05,438 > YCE1998-01-00 cleared
[INFO|CRAWLER.py] 2020-11-13 22:47:07,494 > YCE1998-02-00 cleared
[INFO|CRAWLER.py] 2020-11-13 22:47:09,570 > YCE1999-01-00 cleared
[INFO|CRAWLER.py] 2020-11-13 22:47:12,118 > 1 rows in 16-16 of 16
[INFO|CRAWLER.py] 2020-11-13 22:47:14,167 > 필수교양-인간과역사 탐색 완료
[INFO|CRAWLER.py] 2020-11-13 22:47:14,167 > 20171-(~2018학번)국제캠퍼스-필수교양-언어와표현 수집 시작
[INFO|CRAWLER.py] 2020-11-13 22:47:14,755 > 15 rows in 1-15 of 34
[INFO|CRAWLER.py] 2020-11-13 22:47:14,780 > 유의사항 기준 탐색 완료
[INFO|CRAWLER.py] 2020-11-13 22:47:15,295 > 15 rows in 1-15 of 34
[INFO|CRAWLER.py] 2020-11-13 22:47:17,369 > YCF1201-08-00 cleared
[INFO|CRAWLER.py] 2020-11-13 22:47:19,450 > YCF1201-10-00 cleared
[INFO|CRAWLER.py] 2020-11-13 22:47:21,524 > YCF1201-12-00 cleared
[INFO|CRAWLER.py] 2020-11-13 22:47:23,572 > YCF1202-03-00 cleared
[INFO|CRAWLER.py] 2020-11-13 22:47:25,719 > YCF1302-04-00 cleared
[INFO|CRAWLER.py] 2020-11-13 22:47:27,767 > YCF1302-05-00 cleared
[INFO|CRAWLER.py] 2020-11-13 22:47:29,823 > YCF1303-02-00 cleared
[INFO|CRAWLER.py] 2020-11-13 22:47:32,418 > 15 rows in 16-30 of 34
[INFO|CRAWLER.py] 2020-11-13 22:47:34,467 > YCF1351-06-00 cleared
[INFO|CRAWLER.py] 2020-11-13 22:47:36,514 > YCF1352-03-00 cleared
[INFO|CRAWLER.py] 2020-11-13 22:47:38,563 > YCF1404-01-00 cleared
[INFO|CRAWLER.py] 2020-11-13 22:47:40,615 > YCF1407-02-00 cleared
[INFO|CRAWLER.py] 2020-11-13 22:47:42,713 > YCF1451-05-00 cleared
[INFO|CRAWLER.py] 2020-11-13 22:47:44,763 > YCF1452-02-00 cleared
[INFO|CRAWLER.py] 2020-11-13 22:47:46,816 > YCF1501-03-00 cleared
[INFO|CRAWLER.py] 2020-11-13 22:47:48,896 > YCF1501-05-00 cleared
[INFO|CRAWLER.py] 2020-11-13 22:47:50,946 > YCF1502-03-00 cleared
[INFO|CRAWLER.py] 2020-11-13 22:47:53,000 > YCF1551-03-00 cleared
[INFO|CRAWLER.py] 2020-11-13 22:47:55,614 > 4 rows in 31-34 of 34
[INFO|CRAWLER.py] 2020-11-13 22:47:57,672 > YCF1603-04-00 cleared
[INFO|CRAWLER.py] 2020-11-13 22:48:10,291 > YCF1605-02-00 cleared
[INFO|CRAWLER.py] 2020-11-13 22:48:12,347 > YCF1652-03-00 cleared
[INFO|CRAWLER.py] 2020-11-13 22:48:14,390 > 필수교양-언어와표현 탐색 완료
[INFO|CRAWLER.py] 2020-11-13 22:48:14,390 > 20171-(~2018학번)국제캠퍼스-필수교양-가치와윤리 수집 시작
[INFO|CRAWLER.py] 2020-11-13 22:48:15,013 > 6 rows in 1-6 of 6
[INFO|CRAWLER.py] 2020-11-13 22:48:15,037 > 유의사항 기준 탐색 완료
[INFO|CRAWLER.py] 2020-11-13 22:48:15,553 > 6 rows in 1-6 of 6
[INFO|CRAWLER.py] 2020-11-13 22:48:17,608 > YCG1004-01-00 cleared
[INFO|CRAWLER.py] 2020-11-13 22:48:30,193 > YCG1402-01-00 cleared
[INFO|CRAWLER.py] 2020-11-13 22:48:32,251 > YCG1601-01-00 cleared
[INFO|CRAWLER.py] 2020-11-13 22:48:34,309 > YCG1804-01-00 cleared
[INFO|CRAWLER.py] 2020-11-13 22:48:36,361 > YCG1998-01-00 cleared
[INFO|CRAWLER.py] 2020-11-13 22:48:38,416 > YCG1999-05-00 cleared
[INFO|CRAWLER.py] 2020-11-13 22:48:40,436 > 필수교양-가치와윤리 탐색 완료
[INFO|CRAWLER.py] 2020-11-13 22:48:40,437 > 20171-(~2018학번)국제캠퍼스-필수교양-국가와사회공동체 수집 시작
[INFO|CRAWLER.py] 2020-11-13 22:48:41,021 > 3 rows in 1-3 of 3
[INFO|CRAWLER.py] 2020-11-13 22:48:41,045 > 유의사항 기준 탐색 완료
[INFO|CRAWLER.py] 2020-11-13 22:48:41,561 > 3 rows in 1-3 of 3
[INFO|CRAWLER.py] 2020-11-13 22:48:43,639 > UCD1101-02-00 cleared
[INFO|CRAWLER.py] 2020-11-13 22:48:45,684 > 필수교양-국가와사회공동체 탐색 완료
[INFO|CRAWLER.py] 2020-11-13 22:48:45,684 > 20171-(~2018학번)국제캠퍼스-필수교양-지역사회와세계 수집 시작
[INFO|CRAWLER.py] 2020-11-13 22:48:46,271 > 14 rows in 1-14 of 14
[INFO|CRAWLER.py] 2020-11-13 22:48:46,293 > 유의사항 기준 탐색 완료
[INFO|CRAWLER.py] 2020-11-13 22:48:46,809 > 14 rows in 1-14 of 14
[INFO|CRAWLER.py] 2020-11-13 22:48:48,857 > ECO1001-05-00 cleared
[INFO|CRAWLER.py] 2020-11-13 22:48:50,911 > ECO1001-06-00 cleared
[INFO|CRAWLER.py] 2020-11-13 22:48:52,960 > ECO1001-07-00 cleared
[INFO|CRAWLER.py] 2020-11-13 22:48:52,997 > ECO1001-08-00: 중복된 강의 객체. caution 수집 완료
[INFO|CRAWLER.py] 2020-11-13 22:48:53,033 > ECO1001-09-00: 중복된 강의 객체. caution 수집 완료
[INFO|CRAWLER.py] 2020-11-13 22:48:53,070 > ECO1001-10-00: 중복된 강의 객체. caution 수집 완료
[INFO|CRAWLER.py] 2020-11-13 22:48:55,120 > ECO1002-01-00 cleared
[INFO|CRAWLER.py] 2020-11-13 22:48:57,176 > ECO1002-02-00 cleared
[INFO|CRAWLER.py] 2020-11-13 22:48:59,229 > ECO1002-03-00 cleared
[INFO|CRAWLER.py] 2020-11-13 22:49:01,284 > ECO1002-04-00 cleared
[INFO|CRAWLER.py] 2020-11-13 22:49:03,341 > UCD1106-02-00 cleared
[INFO|CRAWLER.py] 2020-11-13 22:49:05,393 > YCI1301-01-00 cleared
[INFO|CRAWLER.py] 2020-11-13 22:49:07,453 > YCI1901-01-00 cleared
[INFO|CRAWLER.py] 2020-11-13 22:49:09,506 > YCI1998-01-00 cleared
[INFO|CRAWLER.py] 2020-11-13 22:49:11,526 > 필수교양-지역사회와세계 탐색 완료
[INFO|CRAWLER.py] 2020-11-13 22:49:11,526 > 20171-(~2018학번)국제캠퍼스-필수교양-논리와수리 수집 시작
[INFO|CRAWLER.py] 2020-11-13 22:49:12,117 > 15 rows in 1-15 of 53
[INFO|CRAWLER.py] 2020-11-13 22:49:12,148 > 유의사항 기준 탐색 완료
[INFO|CRAWLER.py] 2020-11-13 22:49:12,663 > 15 rows in 1-15 of 53
[INFO|CRAWLER.py] 2020-11-13 22:49:14,740 > MAT1001-02-02 cleared
[INFO|CRAWLER.py] 2020-11-13 22:49:16,811 > MAT1001-03-02 cleared
[INFO|CRAWLER.py] 2020-11-13 22:49:18,887 > MAT1001-04-02 cleared
[INFO|CRAWLER.py] 2020-11-13 22:49:20,966 > MAT1001-05-02 cleared
[INFO|CRAWLER.py] 2020-11-13 22:49:23,041 > MAT1001-06-02 cleared
[INFO|CRAWLER.py] 2020-11-13 22:49:25,118 > MAT1011-02-02 cleared
[INFO|CRAWLER.py] 2020-11-13 22:49:27,777 > 15 rows in 16-30 of 53
[INFO|CRAWLER.py] 2020-11-13 22:49:29,828 > MAT1011-04-02 cleared
[INFO|CRAWLER.py] 2020-11-13 22:49:31,901 > MAT1011-05-02 cleared
[INFO|CRAWLER.py] 2020-11-13 22:49:34,024 > MAT1011-07-02 cleared
[INFO|CRAWLER.py] 2020-11-13 22:49:36,192 > MAT1011-10-02 cleared
[INFO|CRAWLER.py] 2020-11-13 22:49:38,808 > 15 rows in 31-45 of 53
[INFO|CRAWLER.py] 2020-11-13 22:49:40,933 > MAT1011-13-02 cleared
[INFO|CRAWLER.py] 2020-11-13 22:49:43,022 > MAT1016-01-01 cleared
[INFO|CRAWLER.py] 2020-11-13 22:49:45,071 > MAT1016-01-02 cleared
[INFO|CRAWLER.py] 2020-11-13 22:49:47,159 > STA1001-09-00 cleared
[INFO|CRAWLER.py] 2020-11-13 22:49:49,226 > STA1001-11-00 cleared
[INFO|CRAWLER.py] 2020-11-13 22:49:51,273 > STA1001-12-00 cleared
[INFO|CRAWLER.py] 2020-11-13 22:49:53,329 > STA1001-13-00 cleared
[INFO|CRAWLER.py] 2020-11-13 22:49:55,378 > STA1001-14-00 cleared
[INFO|CRAWLER.py] 2020-11-13 22:49:57,929 > 8 rows in 46-53 of 53
[INFO|CRAWLER.py] 2020-11-13 22:49:59,973 > STA1001-15-00 cleared
[INFO|CRAWLER.py] 2020-11-13 22:50:02,027 > STA1001-16-00 cleared
[INFO|CRAWLER.py] 2020-11-13 22:50:02,061 > STA1001-17-00: 중복된 강의 객체. caution 수집 완료
[INFO|CRAWLER.py] 2020-11-13 22:50:04,107 > UCC1111-01-00 cleared
[INFO|CRAWLER.py] 2020-11-13 22:50:06,167 > YCJ1301-01-00 cleared
[INFO|CRAWLER.py] 2020-11-13 22:50:08,258 > YCJ1998-01-00 cleared
[INFO|CRAWLER.py] 2020-11-13 22:50:10,302 > 필수교양-논리와수리 탐색 완료
[INFO|CRAWLER.py] 2020-11-13 22:50:10,302 > 20171-(~2018학번)국제캠퍼스-필수교양-자연과우주 수집 시작
[INFO|CRAWLER.py] 2020-11-13 22:50:10,932 > 15 rows in 1-15 of 62
[INFO|CRAWLER.py] 2020-11-13 22:50:10,959 > 유의사항 기준 탐색 완료
[INFO|CRAWLER.py] 2020-11-13 22:50:11,475 > 15 rows in 1-15 of 62
[INFO|CRAWLER.py] 2020-11-13 22:50:13,596 > CHE1001-05-00 cleared
[INFO|CRAWLER.py] 2020-11-13 22:50:15,644 > CHE1001-06-00 cleared
[INFO|CRAWLER.py] 2020-11-13 22:50:17,701 > CHE1001-07-00 cleared
[INFO|CRAWLER.py] 2020-11-13 22:50:19,777 > CHE1001-09-00 cleared
[INFO|CRAWLER.py] 2020-11-13 22:50:21,945 > CHE1011-07-00 cleared
[INFO|CRAWLER.py] 2020-11-13 22:50:24,553 > 15 rows in 16-30 of 62
[INFO|CRAWLER.py] 2020-11-13 22:50:26,633 > CHE1011-10-00 cleared
[INFO|CRAWLER.py] 2020-11-13 22:50:28,682 > CHE1011-11-00 cleared
[INFO|CRAWLER.py] 2020-11-13 22:50:30,783 > CHE1011-14-00 cleared
[INFO|CRAWLER.py] 2020-11-13 22:50:33,013 > PHY1001-05-00 cleared
[INFO|CRAWLER.py] 2020-11-13 22:50:35,578 > 15 rows in 31-45 of 62
[INFO|CRAWLER.py] 2020-11-13 22:50:37,644 > PHY1001-07-00 cleared
[INFO|CRAWLER.py] 2020-11-13 22:50:39,690 > PHY1001-08-00 cleared
[INFO|CRAWLER.py] 2020-11-13 22:50:41,781 > PHY1011-04-00 cleared
[INFO|CRAWLER.py] 2020-11-13 22:50:43,829 > PHY1011-05-00 cleared
[INFO|CRAWLER.py] 2020-11-13 22:50:45,899 > PHY1011-07-00 cleared
[INFO|CRAWLER.py] 2020-11-13 22:50:48,602 > 15 rows in 46-60 of 62
[INFO|CRAWLER.py] 2020-11-13 22:50:50,738 > PHY1011-18-00 cleared
[INFO|CRAWLER.py] 2020-11-13 22:50:52,857 > UCC1106-03-00 cleared
[INFO|CRAWLER.py] 2020-11-13 22:50:54,912 > UCC1106-04-00 cleared
[INFO|CRAWLER.py] 2020-11-13 22:50:56,965 > UCC1106-05-00 cleared
[INFO|CRAWLER.py] 2020-11-13 22:50:59,013 > YCK1998-01-00 cleared
[INFO|CRAWLER.py] 2020-11-13 22:51:01,060 > YCK1998-02-00 cleared
[INFO|CRAWLER.py] 2020-11-13 22:51:03,114 > YCK1998-03-00 cleared
[INFO|CRAWLER.py] 2020-11-13 22:51:05,158 > YCK1998-04-00 cleared
[INFO|CRAWLER.py] 2020-11-13 22:51:07,696 > 2 rows in 61-62 of 62
[INFO|CRAWLER.py] 2020-11-13 22:51:09,786 > 필수교양-자연과우주 탐색 완료
[INFO|CRAWLER.py] 2020-11-13 22:51:09,786 > 20171-(~2018학번)국제캠퍼스-필수교양-생명과환경 수집 시작
[INFO|CRAWLER.py] 2020-11-13 22:51:10,411 > 15 rows in 1-15 of 18
[INFO|CRAWLER.py] 2020-11-13 22:51:10,442 > 유의사항 기준 탐색 완료
[INFO|CRAWLER.py] 2020-11-13 22:51:10,958 > 15 rows in 1-15 of 18
[INFO|CRAWLER.py] 2020-11-13 22:51:13,054 > BIO1008-04-00 cleared
[INFO|CRAWLER.py] 2020-11-13 22:51:15,176 > BIO1011-05-00 cleared
[INFO|CRAWLER.py] 2020-11-13 22:51:17,227 > BIO1011-06-00 cleared
[INFO|CRAWLER.py] 2020-11-13 22:51:19,423 > YCL1203-01-00 cleared
[INFO|CRAWLER.py] 2020-11-13 22:51:21,973 > 3 rows in 16-18 of 18
[INFO|CRAWLER.py] 2020-11-13 22:51:24,021 > YCL1401-01-00 cleared
[INFO|CRAWLER.py] 2020-11-13 22:51:26,071 > YCL1998-01-00 cleared
[INFO|CRAWLER.py] 2020-11-13 22:51:38,650 > YCL1999-01-00 cleared
[INFO|CRAWLER.py] 2020-11-13 22:51:40,698 > 필수교양-생명과환경 탐색 완료
[INFO|CRAWLER.py] 2020-11-13 22:51:40,698 > 20171-(~2018학번)국제캠퍼스-필수교양-소프트웨어 수집 시작
[INFO|CRAWLER.py] 2020-11-13 22:51:41,327 > 8 rows in 1-8 of 8
[INFO|CRAWLER.py] 2020-11-13 22:51:41,352 > 유의사항 기준 탐색 완료
[INFO|CRAWLER.py] 2020-11-13 22:51:41,869 > 8 rows in 1-8 of 8
[INFO|CRAWLER.py] 2020-11-13 22:51:43,922 > YCS1001-01-00 cleared
[INFO|CRAWLER.py] 2020-11-13 22:51:46,021 > YCS1001-04-00 cleared
[INFO|CRAWLER.py] 2020-11-13 22:51:48,098 > YCS1001-06-00 cleared
[INFO|CRAWLER.py] 2020-11-13 22:51:50,151 > YCS1001-07-00 cleared
[INFO|CRAWLER.py] 2020-11-13 22:51:52,196 > 필수교양-소프트웨어 탐색 완료
[INFO|CRAWLER.py] 2020-11-13 22:51:52,196 > 20171-(~2018학번)국제캠퍼스-선택교양-일반 수집 시작
[INFO|CRAWLER.py] 2020-11-13 22:51:52,780 > 15 rows in 1-15 of 20
[INFO|CRAWLER.py] 2020-11-13 22:51:52,804 > 유의사항 기준 탐색 완료
[INFO|CRAWLER.py] 2020-11-13 22:51:53,321 > 15 rows in 1-15 of 20
[INFO|CRAWLER.py] 2020-11-13 22:51:55,369 > UCG1131-05-00 cleared
[INFO|CRAWLER.py] 2020-11-13 22:51:57,449 > UCG1131-07-00 cleared
[INFO|CRAWLER.py] 2020-11-13 22:51:59,548 > UCI1163-01-00 cleared
[INFO|CRAWLER.py] 2020-11-13 22:52:01,597 > UCI1165-01-00 cleared
[INFO|CRAWLER.py] 2020-11-13 22:52:03,653 > UCJ1113-03-00 cleared
[INFO|CRAWLER.py] 2020-11-13 22:52:05,727 > UCJ1116-05-00 cleared
[INFO|CRAWLER.py] 2020-11-13 22:52:07,783 > UCL1203-03-00 cleared
[INFO|CRAWLER.py] 2020-11-13 22:52:09,837 > UCL1204-02-00 cleared
[INFO|CRAWLER.py] 2020-11-13 22:52:11,896 > UCG1107-03-00 cleared
[INFO|CRAWLER.py] 2020-11-13 22:52:13,952 > UCJ1119-02-00 cleared
[INFO|CRAWLER.py] 2020-11-13 22:52:16,014 > UCK1105-03-00 cleared
[INFO|CRAWLER.py] 2020-11-13 22:52:18,571 > 5 rows in 16-20 of 20
[INFO|CRAWLER.py] 2020-11-13 22:52:20,618 > UCK1106-02-00 cleared
[INFO|CRAWLER.py] 2020-11-13 22:52:22,672 > UCK1124-02-00 cleared
