[INFO|CRAWLER.py] 2020-11-15 14:08:44,603 > 작업완료된 강의 객체 목록 다운로드 시작
[INFO|CRAWLER.py] 2020-11-15 14:09:05,069 > 작업완료된 강의 객체 목록 다운로드 완료
[INFO|CRAWLER.py] 2020-11-15 14:09:08,565 > 20182-(~2018학번)국제캠퍼스-공통기초-채플 수집 시작
[INFO|CRAWLER.py] 2020-11-15 14:09:09,203 > 10 rows in 1-10 of 10
[INFO|CRAWLER.py] 2020-11-15 14:09:09,238 > 유의사항 기준 탐색 완료
[INFO|CRAWLER.py] 2020-11-15 14:09:09,758 > 10 rows in 1-10 of 10
[INFO|CRAWLER.py] 2020-11-15 14:09:09,906 > YCA1006-01-00: 중복된 강의 객체. caution 수집 완료
[INFO|CRAWLER.py] 2020-11-15 14:09:09,949 > YCA1006-02-00: 중복된 강의 객체. caution 수집 완료
[INFO|CRAWLER.py] 2020-11-15 14:09:09,987 > YCA1006-03-00: 중복된 강의 객체. caution 수집 완료
[INFO|CRAWLER.py] 2020-11-15 14:09:10,022 > YCA1006-04-00: 중복된 강의 객체. caution 수집 완료
[INFO|CRAWLER.py] 2020-11-15 14:09:10,056 > YCA1006-05-00: 중복된 강의 객체. caution 수집 완료
[INFO|CRAWLER.py] 2020-11-15 14:09:10,090 > YCA1006-06-00: 중복된 강의 객체. caution 수집 완료
[INFO|CRAWLER.py] 2020-11-15 14:09:12,116 > 공통기초-채플 탐색 완료
[INFO|CRAWLER.py] 2020-11-15 14:09:12,116 > 20182-(~2018학번)국제캠퍼스-공통기초-기독교의이해 수집 시작
[INFO|CRAWLER.py] 2020-11-15 14:09:12,707 > 15 rows in 1-15 of 27
[INFO|CRAWLER.py] 2020-11-15 14:09:12,731 > 유의사항 기준 탐색 완료
[INFO|CRAWLER.py] 2020-11-15 14:09:13,248 > 15 rows in 1-15 of 27
[INFO|CRAWLER.py] 2020-11-15 14:09:13,279 > YCA1101-01-00: 중복된 강의 객체. caution 수집 완료
[INFO|CRAWLER.py] 2020-11-15 14:09:13,311 > YCA1101-02-00: 중복된 강의 객체. caution 수집 완료
[INFO|CRAWLER.py] 2020-11-15 14:09:13,344 > YCA1101-03-00: 중복된 강의 객체. caution 수집 완료
[INFO|CRAWLER.py] 2020-11-15 14:09:13,378 > YCA1101-04-00: 중복된 강의 객체. caution 수집 완료
[INFO|CRAWLER.py] 2020-11-15 14:09:13,409 > YCA1101-05-00: 중복된 강의 객체. caution 수집 완료
[INFO|CRAWLER.py] 2020-11-15 14:09:13,551 > YCA1101-10-00: 중복된 강의 객체. caution 수집 완료
[INFO|CRAWLER.py] 2020-11-15 14:09:13,594 > YCA1101-11-00: 중복된 강의 객체. caution 수집 완료
[INFO|CRAWLER.py] 2020-11-15 14:09:13,628 > YCA1102-01-00: 중복된 강의 객체. caution 수집 완료
[INFO|CRAWLER.py] 2020-11-15 14:09:13,666 > YCA1102-02-00: 중복된 강의 객체. caution 수집 완료
[INFO|CRAWLER.py] 2020-11-15 14:09:13,699 > YCA1102-03-00: 중복된 강의 객체. caution 수집 완료
[INFO|CRAWLER.py] 2020-11-15 14:09:13,732 > YCA1102-04-00: 중복된 강의 객체. caution 수집 완료
[INFO|CRAWLER.py] 2020-11-15 14:09:16,296 > 12 rows in 16-27 of 27
[INFO|CRAWLER.py] 2020-11-15 14:09:16,324 > YCA1102-05-00: 중복된 강의 객체. caution 수집 완료
[INFO|CRAWLER.py] 2020-11-15 14:09:16,457 > YCA1102-10-00: 중복된 강의 객체. caution 수집 완료
[INFO|CRAWLER.py] 2020-11-15 14:09:16,495 > YCA1102-11-00: 중복된 강의 객체. caution 수집 완료
[INFO|CRAWLER.py] 2020-11-15 14:09:16,604 > YCA1103-04-00: 중복된 강의 객체. caution 수집 완료
[INFO|CRAWLER.py] 2020-11-15 14:09:18,667 > 공통기초-기독교의이해 탐색 완료
[INFO|CRAWLER.py] 2020-11-15 14:09:18,667 > 20182-(~2018학번)국제캠퍼스-공통기초-글쓰기 수집 시작
[INFO|CRAWLER.py] 2020-11-15 14:09:19,286 > 15 rows in 1-15 of 69
[INFO|CRAWLER.py] 2020-11-15 14:09:19,318 > 유의사항 기준 탐색 완료
[INFO|CRAWLER.py] 2020-11-15 14:09:19,835 > 15 rows in 1-15 of 69
[INFO|CRAWLER.py] 2020-11-15 14:09:19,895 > YCB1001-02-00: 중복된 강의 객체. caution 수집 완료
[INFO|CRAWLER.py] 2020-11-15 14:09:22,777 > 15 rows in 16-30 of 69
[INFO|CRAWLER.py] 2020-11-15 14:09:25,669 > 15 rows in 31-45 of 69
[INFO|CRAWLER.py] 2020-11-15 14:09:25,962 > YCB1101-41-00: 중복된 강의 객체. caution 수집 완료
[INFO|CRAWLER.py] 2020-11-15 14:09:28,565 > 15 rows in 46-60 of 69
[INFO|CRAWLER.py] 2020-11-15 14:09:28,837 > YCB1101-55-00: 중복된 강의 객체. caution 수집 완료
[INFO|CRAWLER.py] 2020-11-15 14:09:31,451 > 9 rows in 61-69 of 69
[INFO|CRAWLER.py] 2020-11-15 14:09:33,686 > 공통기초-글쓰기 탐색 완료
[INFO|CRAWLER.py] 2020-11-15 14:09:33,686 > 20182-(~2018학번)국제캠퍼스-공통기초-대학영어 수집 시작
[INFO|CRAWLER.py] 2020-11-15 14:09:34,317 > 15 rows in 1-15 of 150
[INFO|CRAWLER.py] 2020-11-15 14:09:34,344 > 유의사항 기준 탐색 완료
[INFO|CRAWLER.py] 2020-11-15 14:09:34,860 > 15 rows in 1-15 of 150
[INFO|CRAWLER.py] 2020-11-15 14:09:34,918 > YCC1001-02-00: 중복된 강의 객체. caution 수집 완료
[INFO|CRAWLER.py] 2020-11-15 14:09:35,024 > YCC1002-03-00: 중복된 강의 객체. caution 수집 완료
[INFO|CRAWLER.py] 2020-11-15 14:09:35,056 > YCC1002-04-00: 중복된 강의 객체. caution 수집 완료
[INFO|CRAWLER.py] 2020-11-15 14:09:37,820 > 15 rows in 16-30 of 150
[INFO|CRAWLER.py] 2020-11-15 14:09:37,847 > YCC1002-13-00: 중복된 강의 객체. caution 수집 완료
[INFO|CRAWLER.py] 2020-11-15 14:09:40,723 > 15 rows in 31-45 of 150
[INFO|CRAWLER.py] 2020-11-15 14:09:40,842 > YCC1101-13-00: 중복된 강의 객체. caution 수집 완료
[INFO|CRAWLER.py] 2020-11-15 14:09:41,026 > YCC1101-21-00: 중복된 강의 객체. caution 수집 완료
[INFO|CRAWLER.py] 2020-11-15 14:09:41,079 > YCC1101-23-00: 중복된 강의 객체. caution 수집 완료
[INFO|CRAWLER.py] 2020-11-15 14:09:43,642 > 15 rows in 46-60 of 150
[INFO|CRAWLER.py] 2020-11-15 14:09:43,783 > YCC1101-29-00: 중복된 강의 객체. caution 수집 완료
[INFO|CRAWLER.py] 2020-11-15 14:09:43,966 > YCC1101-37-00: 중복된 강의 객체. caution 수집 완료
[INFO|CRAWLER.py] 2020-11-15 14:09:46,546 > 15 rows in 61-75 of 150
[INFO|CRAWLER.py] 2020-11-15 14:09:46,662 > YCC1101-43-00: 중복된 강의 객체. caution 수집 완료
[INFO|CRAWLER.py] 2020-11-15 14:09:48,752 > YCC1101-46-00 cleared
[INFO|CRAWLER.py] 2020-11-15 14:09:50,927 > YCC1102-03-00 cleared
[INFO|CRAWLER.py] 2020-11-15 14:09:53,483 > 15 rows in 76-90 of 150
[INFO|CRAWLER.py] 2020-11-15 14:09:55,532 > YCC1102-04-00 cleared
[INFO|CRAWLER.py] 2020-11-15 14:09:57,603 > YCC1102-06-00 cleared
[INFO|CRAWLER.py] 2020-11-15 14:09:59,681 > YCC1102-08-00 cleared
[INFO|CRAWLER.py] 2020-11-15 14:10:01,829 > YCC1102-13-00 cleared
[INFO|CRAWLER.py] 2020-11-15 14:10:03,907 > YCC1102-15-00 cleared
[INFO|CRAWLER.py] 2020-11-15 14:10:06,560 > 15 rows in 91-105 of 150
[INFO|CRAWLER.py] 2020-11-15 14:10:08,677 > YCC1102-22-00 cleared
[INFO|CRAWLER.py] 2020-11-15 14:10:10,725 > YCC1102-23-00 cleared
[INFO|CRAWLER.py] 2020-11-15 14:10:12,797 > YCC1102-25-00 cleared
[INFO|CRAWLER.py] 2020-11-15 14:10:15,528 > 15 rows in 106-120 of 150
[INFO|CRAWLER.py] 2020-11-15 14:10:17,599 > YCC1102-35-00 cleared
[INFO|CRAWLER.py] 2020-11-15 14:10:19,741 > YCC1102-40-00 cleared
[INFO|CRAWLER.py] 2020-11-15 14:10:21,813 > YCC1102-42-00 cleared
[INFO|CRAWLER.py] 2020-11-15 14:10:23,900 > YCC1102-45-00 cleared
[INFO|CRAWLER.py] 2020-11-15 14:10:25,945 > YCC1102-46-00 cleared
[INFO|CRAWLER.py] 2020-11-15 14:10:27,995 > YCC1102-47-00 cleared
[INFO|CRAWLER.py] 2020-11-15 14:10:30,041 > YCC1102-48-00 cleared
[INFO|CRAWLER.py] 2020-11-15 14:10:32,600 > 15 rows in 121-135 of 150
[INFO|CRAWLER.py] 2020-11-15 14:10:34,871 > YCC1201-09-00 cleared
[INFO|CRAWLER.py] 2020-11-15 14:10:36,941 > YCC1201-11-00 cleared
[INFO|CRAWLER.py] 2020-11-15 14:10:38,985 > YCC1201-12-00 cleared
[INFO|CRAWLER.py] 2020-11-15 14:10:41,566 > 15 rows in 136-150 of 150
[INFO|CRAWLER.py] 2020-11-15 14:10:43,616 > YCC1201-99-00 cleared
[INFO|CRAWLER.py] 2020-11-15 14:10:45,707 > YCC1202-03-00 cleared
[INFO|CRAWLER.py] 2020-11-15 14:10:47,890 > YCC1202-10-00 cleared
[INFO|CRAWLER.py] 2020-11-15 14:10:50,007 > YCC1202-99-00 cleared
[INFO|CRAWLER.py] 2020-11-15 14:10:52,045 > 공통기초-대학영어 탐색 완료
[INFO|CRAWLER.py] 2020-11-15 14:10:52,046 > 20182-(~2018학번)국제캠퍼스-필수교양-문학과예술 수집 시작
[INFO|CRAWLER.py] 2020-11-15 14:10:52,672 > 7 rows in 1-7 of 7
[INFO|CRAWLER.py] 2020-11-15 14:10:52,697 > 유의사항 기준 탐색 완료
[INFO|CRAWLER.py] 2020-11-15 14:10:53,213 > 7 rows in 1-7 of 7
[INFO|CRAWLER.py] 2020-11-15 14:10:55,266 > UCE1105-03-00 cleared
[INFO|CRAWLER.py] 2020-11-15 14:10:57,322 > UCE1105-04-00 cleared
[INFO|CRAWLER.py] 2020-11-15 14:10:59,378 > UCE1108-02-00 cleared
[INFO|CRAWLER.py] 2020-11-15 14:11:01,427 > YCD1201-01-00 cleared
[INFO|CRAWLER.py] 2020-11-15 14:11:03,484 > YCD1602-02-00 cleared
[INFO|CRAWLER.py] 2020-11-15 14:11:05,536 > YCD1999-04-00 cleared
[INFO|CRAWLER.py] 2020-11-15 14:11:07,586 > YCD1999-05-00 cleared
[INFO|CRAWLER.py] 2020-11-15 14:11:09,613 > 필수교양-문학과예술 탐색 완료
[INFO|CRAWLER.py] 2020-11-15 14:11:09,613 > 20182-(~2018학번)국제캠퍼스-필수교양-인간과역사 수집 시작
[INFO|CRAWLER.py] 2020-11-15 14:11:10,240 > 15 rows in 1-15 of 17
[INFO|CRAWLER.py] 2020-11-15 14:11:10,266 > 유의사항 기준 탐색 완료
[INFO|CRAWLER.py] 2020-11-15 14:11:10,784 > 15 rows in 1-15 of 17
[INFO|CRAWLER.py] 2020-11-15 14:11:10,821 > CFS2103-01-00: 중복된 강의 객체. caution 수집 완료
[INFO|CRAWLER.py] 2020-11-15 14:11:10,861 > CFS2106-01-00: 중복된 강의 객체. caution 수집 완료
[INFO|CRAWLER.py] 2020-11-15 14:11:12,918 > UCB1103-02-00 cleared
[INFO|CRAWLER.py] 2020-11-15 14:11:14,975 > UCB1105-02-00 cleared
[INFO|CRAWLER.py] 2020-11-15 14:11:17,034 > UCD1102-03-00 cleared
[INFO|CRAWLER.py] 2020-11-15 14:11:19,087 > YCE1202-01-00 cleared
[INFO|CRAWLER.py] 2020-11-15 14:11:21,138 > YCE1251-01-00 cleared
[INFO|CRAWLER.py] 2020-11-15 14:11:23,210 > YCE1253-01-00 cleared
[INFO|CRAWLER.py] 2020-11-15 14:11:25,268 > YCE1604-01-00 cleared
[INFO|CRAWLER.py] 2020-11-15 14:11:25,327 > YCE1605-01-00: 중복된 강의 객체. caution 수집 완료
[INFO|CRAWLER.py] 2020-11-15 14:11:27,381 > YCE1998-01-00 cleared
[INFO|CRAWLER.py] 2020-11-15 14:11:29,436 > YCE1998-02-00 cleared
[INFO|CRAWLER.py] 2020-11-15 14:11:31,516 > YCE1999-01-00 cleared
[INFO|CRAWLER.py] 2020-11-15 14:11:34,064 > 2 rows in 16-17 of 17
[INFO|CRAWLER.py] 2020-11-15 14:11:36,110 > YCE1999-02-00 cleared
[INFO|CRAWLER.py] 2020-11-15 14:11:38,154 > YCE1999-03-00 cleared
[INFO|CRAWLER.py] 2020-11-15 14:11:40,188 > 필수교양-인간과역사 탐색 완료
[INFO|CRAWLER.py] 2020-11-15 14:11:40,189 > 20182-(~2018학번)국제캠퍼스-필수교양-언어와표현 수집 시작
[INFO|CRAWLER.py] 2020-11-15 14:11:40,818 > 15 rows in 1-15 of 37
[INFO|CRAWLER.py] 2020-11-15 14:11:40,843 > 유의사항 기준 탐색 완료
[INFO|CRAWLER.py] 2020-11-15 14:11:41,361 > 15 rows in 1-15 of 37
[INFO|CRAWLER.py] 2020-11-15 14:11:43,464 > YCF1201-09-00 cleared
[INFO|CRAWLER.py] 2020-11-15 14:11:45,541 > YCF1201-11-00 cleared
[INFO|CRAWLER.py] 2020-11-15 14:11:48,375 > 15 rows in 16-30 of 37
[INFO|CRAWLER.py] 2020-11-15 14:11:50,424 > YCF1351-06-00 cleared
[INFO|CRAWLER.py] 2020-11-15 14:11:52,493 > YCF1404-01-00 cleared
[INFO|CRAWLER.py] 2020-11-15 14:11:54,541 > YCF1405-02-00 cleared
[INFO|CRAWLER.py] 2020-11-15 14:11:56,616 > YCF1451-03-00 cleared
[INFO|CRAWLER.py] 2020-11-15 14:11:59,362 > 7 rows in 31-37 of 37
[INFO|CRAWLER.py] 2020-11-15 14:12:01,515 > YCF1604-02-00 cleared
[INFO|CRAWLER.py] 2020-11-15 14:12:03,568 > YCF1652-03-00 cleared
[INFO|CRAWLER.py] 2020-11-15 14:12:05,612 > 필수교양-언어와표현 탐색 완료
[INFO|CRAWLER.py] 2020-11-15 14:12:05,612 > 20182-(~2018학번)국제캠퍼스-필수교양-가치와윤리 수집 시작
[INFO|CRAWLER.py] 2020-11-15 14:12:06,231 > 2 rows in 1-2 of 2
[INFO|CRAWLER.py] 2020-11-15 14:12:06,257 > 유의사항 기준 탐색 완료
[INFO|CRAWLER.py] 2020-11-15 14:12:06,774 > 2 rows in 1-2 of 2
[INFO|CRAWLER.py] 2020-11-15 14:12:06,823 > PHI1002-01-00: 중복된 강의 객체. caution 수집 완료
[INFO|CRAWLER.py] 2020-11-15 14:12:08,873 > YCG1999-03-00 cleared
[INFO|CRAWLER.py] 2020-11-15 14:12:10,893 > 필수교양-가치와윤리 탐색 완료
[INFO|CRAWLER.py] 2020-11-15 14:12:10,894 > 20182-(~2018학번)국제캠퍼스-필수교양-국가와사회공동체 수집 시작
[INFO|CRAWLER.py] 2020-11-15 14:12:11,476 > 7 rows in 1-7 of 7
[INFO|CRAWLER.py] 2020-11-15 14:12:11,500 > 유의사항 기준 탐색 완료
[INFO|CRAWLER.py] 2020-11-15 14:12:12,016 > 7 rows in 1-7 of 7
[INFO|CRAWLER.py] 2020-11-15 14:12:12,055 > EDU2002-01-00: 중복된 강의 객체. caution 수집 완료
[INFO|CRAWLER.py] 2020-11-15 14:12:12,094 > SOC1002-01-00: 중복된 강의 객체. caution 수집 완료
[INFO|CRAWLER.py] 2020-11-15 14:12:12,133 > SOC1004-01-00: 중복된 강의 객체. caution 수집 완료
[INFO|CRAWLER.py] 2020-11-15 14:12:14,187 > UCD1101-02-00 cleared
[INFO|CRAWLER.py] 2020-11-15 14:12:16,242 > YCH1605-01-00 cleared
[INFO|CRAWLER.py] 2020-11-15 14:12:18,295 > YCH1998-01-00 cleared
[INFO|CRAWLER.py] 2020-11-15 14:12:20,345 > YCH1999-02-00 cleared
[INFO|CRAWLER.py] 2020-11-15 14:12:22,373 > 필수교양-국가와사회공동체 탐색 완료
[INFO|CRAWLER.py] 2020-11-15 14:12:22,374 > 20182-(~2018학번)국제캠퍼스-필수교양-지역사회와세계 수집 시작
[INFO|CRAWLER.py] 2020-11-15 14:12:23,002 > 14 rows in 1-14 of 14
[INFO|CRAWLER.py] 2020-11-15 14:12:23,030 > 유의사항 기준 탐색 완료
[INFO|CRAWLER.py] 2020-11-15 14:12:23,549 > 14 rows in 1-14 of 14
[INFO|CRAWLER.py] 2020-11-15 14:12:25,597 > ECO1001-05-00 cleared
[INFO|CRAWLER.py] 2020-11-15 14:12:25,637 > ECO1001-06-00: 중복된 강의 객체. caution 수집 완료
[INFO|CRAWLER.py] 2020-11-15 14:12:27,690 > ECO1001-07-00 cleared
[INFO|CRAWLER.py] 2020-11-15 14:12:27,732 > ECO1001-08-00: 중복된 강의 객체. caution 수집 완료
[INFO|CRAWLER.py] 2020-11-15 14:12:29,786 > ECO1002-02-00 cleared
[INFO|CRAWLER.py] 2020-11-15 14:12:31,842 > ECO1002-03-00 cleared
[INFO|CRAWLER.py] 2020-11-15 14:12:33,891 > ECO1002-04-00 cleared
[INFO|CRAWLER.py] 2020-11-15 14:12:35,948 > ECO1002-05-00 cleared
[INFO|CRAWLER.py] 2020-11-15 14:12:38,036 > UCD1106-02-00 cleared
[INFO|CRAWLER.py] 2020-11-15 14:12:40,096 > YCI1301-01-00 cleared
[INFO|CRAWLER.py] 2020-11-15 14:12:42,154 > YCI1901-01-00 cleared
[INFO|CRAWLER.py] 2020-11-15 14:12:44,206 > YCI1998-01-00 cleared
[INFO|CRAWLER.py] 2020-11-15 14:12:46,260 > YCI1999-01-00 cleared
[INFO|CRAWLER.py] 2020-11-15 14:12:48,282 > 필수교양-지역사회와세계 탐색 완료
[INFO|CRAWLER.py] 2020-11-15 14:12:48,282 > 20182-(~2018학번)국제캠퍼스-필수교양-논리와수리 수집 시작
[INFO|CRAWLER.py] 2020-11-15 14:12:48,877 > 15 rows in 1-15 of 70
[INFO|CRAWLER.py] 2020-11-15 14:12:48,908 > 유의사항 기준 탐색 완료
[INFO|CRAWLER.py] 2020-11-15 14:12:49,426 > 15 rows in 1-15 of 70
[INFO|CRAWLER.py] 2020-11-15 14:12:51,596 > MAT1001-02-01 cleared
[INFO|CRAWLER.py] 2020-11-15 14:12:53,646 > MAT1001-02-02 cleared
[INFO|CRAWLER.py] 2020-11-15 14:12:55,722 > MAT1002-02-02 cleared
[INFO|CRAWLER.py] 2020-11-15 14:12:57,796 > MAT1002-03-02 cleared
[INFO|CRAWLER.py] 2020-11-15 14:12:59,872 > MAT1002-04-02 cleared
[INFO|CRAWLER.py] 2020-11-15 14:13:01,949 > MAT1002-05-02 cleared
[INFO|CRAWLER.py] 2020-11-15 14:13:04,524 > 15 rows in 16-30 of 70
[INFO|CRAWLER.py] 2020-11-15 14:13:06,600 > MAT1002-06-02 cleared
[INFO|CRAWLER.py] 2020-11-15 14:13:08,662 > MAT1011-02-01 cleared
[INFO|CRAWLER.py] 2020-11-15 14:13:10,760 > MAT1012-02-02 cleared
[INFO|CRAWLER.py] 2020-11-15 14:13:23,381 > MAT1012-03-02 cleared
[INFO|CRAWLER.py] 2020-11-15 14:13:25,457 > MAT1012-04-02 cleared
[INFO|CRAWLER.py] 2020-11-15 14:13:27,536 > MAT1012-05-02 cleared
[INFO|CRAWLER.py] 2020-11-15 14:13:29,612 > MAT1012-06-02 cleared
[INFO|CRAWLER.py] 2020-11-15 14:13:32,224 > 15 rows in 31-45 of 70
[INFO|CRAWLER.py] 2020-11-15 14:13:34,315 > MAT1012-08-02 cleared
[INFO|CRAWLER.py] 2020-11-15 14:13:46,920 > MAT1012-09-02 cleared
[INFO|CRAWLER.py] 2020-11-15 14:13:48,995 > MAT1012-10-02 cleared
[INFO|CRAWLER.py] 2020-11-15 14:13:51,067 > MAT1012-11-02 cleared
[INFO|CRAWLER.py] 2020-11-15 14:13:53,137 > MAT1012-12-02 cleared
[INFO|CRAWLER.py] 2020-11-15 14:13:55,209 > MAT1012-13-02 cleared
[INFO|CRAWLER.py] 2020-11-15 14:13:57,280 > MAT1012-14-02 cleared
[INFO|CRAWLER.py] 2020-11-15 14:13:59,842 > 15 rows in 46-60 of 70
[INFO|CRAWLER.py] 2020-11-15 14:14:01,893 > MAT1017-01-01 cleared
[INFO|CRAWLER.py] 2020-11-15 14:14:03,949 > MAT1017-01-02 cleared
[INFO|CRAWLER.py] 2020-11-15 14:14:06,090 > STA1001-08-02 cleared
[INFO|CRAWLER.py] 2020-11-15 14:14:08,159 > STA1001-09-02 cleared
[INFO|CRAWLER.py] 2020-11-15 14:14:10,270 > STA1001-11-02 cleared
[INFO|CRAWLER.py] 2020-11-15 14:14:12,335 > STA1001-12-02 cleared
[INFO|CRAWLER.py] 2020-11-15 14:14:14,889 > 10 rows in 61-70 of 70
[INFO|CRAWLER.py] 2020-11-15 14:14:17,006 > STA1001-14-02 cleared
[INFO|CRAWLER.py] 2020-11-15 14:14:19,082 > STA1001-15-02 cleared
[INFO|CRAWLER.py] 2020-11-15 14:14:19,116 > STA1001-16-01: 중복된 강의 객체. caution 수집 완료
[INFO|CRAWLER.py] 2020-11-15 14:14:19,155 > STA1001-16-02: 중복된 강의 객체. caution 수집 완료
[INFO|CRAWLER.py] 2020-11-15 14:14:19,188 > STA2105-04-00: 중복된 강의 객체. caution 수집 완료
[INFO|CRAWLER.py] 2020-11-15 14:14:21,235 > YCJ1998-01-00 cleared
[INFO|CRAWLER.py] 2020-11-15 14:14:23,278 > 필수교양-논리와수리 탐색 완료
[INFO|CRAWLER.py] 2020-11-15 14:14:23,278 > 20182-(~2018학번)국제캠퍼스-필수교양-자연과우주 수집 시작
[INFO|CRAWLER.py] 2020-11-15 14:14:23,904 > 15 rows in 1-15 of 55
[INFO|CRAWLER.py] 2020-11-15 14:14:23,933 > 유의사항 기준 탐색 완료
[INFO|CRAWLER.py] 2020-11-15 14:14:24,450 > 15 rows in 1-15 of 55
[INFO|CRAWLER.py] 2020-11-15 14:14:26,552 > CHE1002-03-00 cleared
[INFO|CRAWLER.py] 2020-11-15 14:14:28,605 > CHE1002-04-00 cleared
[INFO|CRAWLER.py] 2020-11-15 14:14:30,658 > CHE1002-05-00 cleared
[INFO|CRAWLER.py] 2020-11-15 14:14:32,758 > CHE1002-08-00 cleared
[INFO|CRAWLER.py] 2020-11-15 14:14:34,931 > CHE1012-04-00 cleared
[INFO|CRAWLER.py] 2020-11-15 14:14:36,982 > CHE1012-05-00 cleared
[INFO|CRAWLER.py] 2020-11-15 14:14:39,592 > 15 rows in 16-30 of 55
[INFO|CRAWLER.py] 2020-11-15 14:14:41,669 > CHE1012-08-00 cleared
[INFO|CRAWLER.py] 2020-11-15 14:14:43,767 > CHE1012-11-00 cleared
[INFO|CRAWLER.py] 2020-11-15 14:14:45,938 > FNS1001-01-00 cleared
[INFO|CRAWLER.py] 2020-11-15 14:14:48,006 > PHY1002-04-00 cleared
[INFO|CRAWLER.py] 2020-11-15 14:14:50,078 > PHY1002-06-00 cleared
[INFO|CRAWLER.py] 2020-11-15 14:14:52,641 > 15 rows in 31-45 of 55
[INFO|CRAWLER.py] 2020-11-15 14:14:54,708 > PHY1002-08-00 cleared
[INFO|CRAWLER.py] 2020-11-15 14:14:56,757 > PHY1012-03-00 cleared
[INFO|CRAWLER.py] 2020-11-15 14:14:58,880 > PHY1012-07-00 cleared
[INFO|CRAWLER.py] 2020-11-15 14:15:00,955 > PHY1012-09-00 cleared
[INFO|CRAWLER.py] 2020-11-15 14:15:03,027 > PHY1012-11-00 cleared
[INFO|CRAWLER.py] 2020-11-15 14:15:05,673 > 10 rows in 46-55 of 55
[INFO|CRAWLER.py] 2020-11-15 14:15:07,723 > PHY1012-16-00 cleared
[INFO|CRAWLER.py] 2020-11-15 14:15:09,794 > UCC1106-03-00 cleared
[INFO|CRAWLER.py] 2020-11-15 14:15:11,849 > UCC1106-04-00 cleared
[INFO|CRAWLER.py] 2020-11-15 14:15:13,893 > YCK1998-01-00 cleared
[INFO|CRAWLER.py] 2020-11-15 14:15:15,940 > YCK1998-02-00 cleared
[INFO|CRAWLER.py] 2020-11-15 14:15:17,995 > YCK1998-03-00 cleared
[INFO|CRAWLER.py] 2020-11-15 14:15:20,043 > YCK1998-04-00 cleared
[INFO|CRAWLER.py] 2020-11-15 14:15:22,087 > YCK1998-05-00 cleared
[INFO|CRAWLER.py] 2020-11-15 14:15:24,135 > YCK1998-06-00 cleared
[INFO|CRAWLER.py] 2020-11-15 14:15:26,182 > 필수교양-자연과우주 탐색 완료
[INFO|CRAWLER.py] 2020-11-15 14:15:26,182 > 20182-(~2018학번)국제캠퍼스-필수교양-생명과환경 수집 시작
[INFO|CRAWLER.py] 2020-11-15 14:15:26,806 > 14 rows in 1-14 of 14
[INFO|CRAWLER.py] 2020-11-15 14:15:26,835 > 유의사항 기준 탐색 완료
[INFO|CRAWLER.py] 2020-11-15 14:15:27,350 > 14 rows in 1-14 of 14
[INFO|CRAWLER.py] 2020-11-15 14:15:29,397 > BIO1009-02-00 cleared
[INFO|CRAWLER.py] 2020-11-15 14:15:31,451 > BIO1009-03-00 cleared
[INFO|CRAWLER.py] 2020-11-15 14:15:33,526 > BIO1012-03-00 cleared
[INFO|CRAWLER.py] 2020-11-15 14:15:35,598 > BIO1012-05-00 cleared
[INFO|CRAWLER.py] 2020-11-15 14:15:37,673 > BIO1012-07-00 cleared
[INFO|CRAWLER.py] 2020-11-15 14:15:39,828 > YCL1401-01-00 cleared
[INFO|CRAWLER.py] 2020-11-15 14:15:41,879 > YCL1999-01-00 cleared
[INFO|CRAWLER.py] 2020-11-15 14:15:43,904 > 필수교양-생명과환경 탐색 완료
[INFO|CRAWLER.py] 2020-11-15 14:15:43,904 > 20182-(~2018학번)국제캠퍼스-필수교양-소프트웨어 수집 시작
[INFO|CRAWLER.py] 2020-11-15 14:15:44,537 > 8 rows in 1-8 of 8
[INFO|CRAWLER.py] 2020-11-15 14:15:44,563 > 유의사항 기준 탐색 완료
[INFO|CRAWLER.py] 2020-11-15 14:15:45,081 > 8 rows in 1-8 of 8
[INFO|CRAWLER.py] 2020-11-15 14:15:47,132 > YCS1001-02-00 cleared
[INFO|CRAWLER.py] 2020-11-15 14:15:49,211 > YCS1001-04-00 cleared
[INFO|CRAWLER.py] 2020-11-15 14:15:51,293 > YCS1001-06-00 cleared
[INFO|CRAWLER.py] 2020-11-15 14:15:53,397 > YCS1002-05-00 cleared
[INFO|CRAWLER.py] 2020-11-15 14:15:55,419 > 필수교양-소프트웨어 탐색 완료
[INFO|CRAWLER.py] 2020-11-15 14:15:55,419 > 20182-(~2018학번)국제캠퍼스-선택교양-일반 수집 시작
[INFO|CRAWLER.py] 2020-11-15 14:15:56,011 > 15 rows in 1-15 of 19
[INFO|CRAWLER.py] 2020-11-15 14:15:56,034 > 유의사항 기준 탐색 완료
[INFO|CRAWLER.py] 2020-11-15 14:15:56,551 > 15 rows in 1-15 of 19
[INFO|CRAWLER.py] 2020-11-15 14:15:58,601 > UCG1131-05-00 cleared
[INFO|CRAWLER.py] 2020-11-15 14:16:00,657 > UCG1131-06-00 cleared
[INFO|CRAWLER.py] 2020-11-15 14:16:02,754 > UCI1110-01-00 cleared
[INFO|CRAWLER.py] 2020-11-15 14:16:04,816 > UCJ1113-02-00 cleared
[INFO|CRAWLER.py] 2020-11-15 14:16:06,872 > UCJ1116-04-00 cleared
[INFO|CRAWLER.py] 2020-11-15 14:16:08,948 > UCI1144-01-00 cleared
[INFO|CRAWLER.py] 2020-11-15 14:16:11,007 > UCI1156-01-00 cleared
[INFO|CRAWLER.py] 2020-11-15 14:16:13,064 > UCJ1119-01-00 cleared
[INFO|CRAWLER.py] 2020-11-15 14:16:25,649 > UCJ1126-01-00 cleared
[INFO|CRAWLER.py] 2020-11-15 14:16:27,703 > UCJ1134-01-00 cleared
[INFO|CRAWLER.py] 2020-11-15 14:16:29,761 > UCK1105-03-00 cleared
[INFO|CRAWLER.py] 2020-11-15 14:16:31,814 > UCK1106-02-00 cleared
[INFO|CRAWLER.py] 2020-11-15 14:16:34,383 > 4 rows in 16-19 of 19
[INFO|CRAWLER.py] 2020-11-15 14:16:36,440 > UCK1124-02-00 cleared
[INFO|CRAWLER.py] 2020-11-15 14:16:38,543 > 선택교양-일반 탐색 완료
[INFO|CRAWLER.py] 2020-11-15 14:16:38,543 > 20182-(~2018학번)국제캠퍼스-선택교양-RC SE (HE1) 수집 시작
[INFO|CRAWLER.py] 2020-11-15 14:16:39,171 > 0 rows in 1-0 of 0
[INFO|CRAWLER.py] 2020-11-15 14:16:49,705 > No caution link in 0th row
[INFO|CRAWLER.py] 2020-11-15 14:16:50,212 > 0 rows in 1-0 of 0
[INFO|CRAWLER.py] 2020-11-15 14:16:50,213 > No caution in pages
[INFO|CRAWLER.py] 2020-11-15 14:16:50,729 > 0 rows in 1-0 of 0
[INFO|CRAWLER.py] 2020-11-15 14:16:52,754 > 선택교양-RC SE (HE1) 탐색 완료
[INFO|CRAWLER.py] 2020-11-15 14:16:52,754 > 20182-(~2018학번)국제캠퍼스-선택교양-RC HE2 수집 시작
[INFO|CRAWLER.py] 2020-11-15 14:16:53,338 > 3 rows in 1-3 of 3
[INFO|CRAWLER.py] 2020-11-15 14:16:53,366 > 유의사항 기준 탐색 완료
[INFO|CRAWLER.py] 2020-11-15 14:16:53,881 > 3 rows in 1-3 of 3
[INFO|CRAWLER.py] 2020-11-15 14:16:55,947 > UCR1002-01-00 cleared
[INFO|CRAWLER.py] 2020-11-15 14:16:58,002 > UCR1002-02-00 cleared
[INFO|CRAWLER.py] 2020-11-15 14:17:00,060 > UCR1002-03-00 cleared
[INFO|CRAWLER.py] 2020-11-15 14:17:02,080 > 선택교양-RC HE2 탐색 완료
[INFO|CRAWLER.py] 2020-11-15 14:17:02,080 > 20182-(~2018학번)국제캠퍼스-선택교양-RC HE3 수집 시작
[INFO|CRAWLER.py] 2020-11-15 14:17:02,666 > 15 rows in 1-15 of 40
[INFO|CRAWLER.py] 2020-11-15 14:17:02,692 > 유의사항 기준 탐색 완료
[INFO|CRAWLER.py] 2020-11-15 14:17:03,206 > 15 rows in 1-15 of 40
[INFO|CRAWLER.py] 2020-11-15 14:17:05,332 > UCR1003-04-00 cleared
[INFO|CRAWLER.py] 2020-11-15 14:17:07,385 > UCR1003-05-00 cleared
[INFO|CRAWLER.py] 2020-11-15 14:17:09,461 > UCR1003-07-00 cleared
[INFO|CRAWLER.py] 2020-11-15 14:17:11,508 > UCR1003-08-00 cleared
[INFO|CRAWLER.py] 2020-11-15 14:17:13,606 > UCR1003-11-00 cleared
[INFO|CRAWLER.py] 2020-11-15 14:17:15,683 > UCR1003-13-00 cleared
[INFO|CRAWLER.py] 2020-11-15 14:17:17,737 > UCR1003-14-00 cleared
[INFO|CRAWLER.py] 2020-11-15 14:17:20,330 > 15 rows in 16-30 of 40
[INFO|CRAWLER.py] 2020-11-15 14:17:22,381 > UCR1003-16-00 cleared
[INFO|CRAWLER.py] 2020-11-15 14:17:24,432 > UCR1003-17-00 cleared
[INFO|CRAWLER.py] 2020-11-15 14:17:26,501 > UCR1003-19-00 cleared
[INFO|CRAWLER.py] 2020-11-15 14:17:28,545 > UCR1003-20-00 cleared
[INFO|CRAWLER.py] 2020-11-15 14:17:30,599 > UCR1003-21-00 cleared
[INFO|CRAWLER.py] 2020-11-15 14:17:32,651 > UCR1003-22-00 cleared
[INFO|CRAWLER.py] 2020-11-15 14:17:34,702 > UCR1003-23-00 cleared
[INFO|CRAWLER.py] 2020-11-15 14:17:36,759 > UCR1003-24-00 cleared
[INFO|CRAWLER.py] 2020-11-15 14:17:38,812 > UCR1003-25-00 cleared
[INFO|CRAWLER.py] 2020-11-15 14:17:40,863 > UCR1003-26-00 cleared
[INFO|CRAWLER.py] 2020-11-15 14:17:42,966 > UCR1003-29-00 cleared
[INFO|CRAWLER.py] 2020-11-15 14:17:45,017 > UCR1003-30-00 cleared
[INFO|CRAWLER.py] 2020-11-15 14:17:47,592 > 10 rows in 31-40 of 40
[INFO|CRAWLER.py] 2020-11-15 14:17:49,648 > UCR1003-31-00 cleared
[INFO|CRAWLER.py] 2020-11-15 14:17:51,751 > UCR1003-34-00 cleared
[INFO|CRAWLER.py] 2020-11-15 14:17:53,802 > UCR1003-35-00 cleared
[INFO|CRAWLER.py] 2020-11-15 14:17:55,849 > UCR1003-36-00 cleared
[INFO|CRAWLER.py] 2020-11-15 14:17:57,939 > UCR1003-39-00 cleared
[INFO|CRAWLER.py] 2020-11-15 14:18:00,001 > 선택교양-RC HE3 탐색 완료
[INFO|CRAWLER.py] 2020-11-15 14:18:00,001 > 20182-(~2018학번)국제캠퍼스-의예과(1학년) 수집 시작
[INFO|CRAWLER.py] 2020-11-15 14:18:00,628 > 6 rows in 1-6 of 6
[INFO|CRAWLER.py] 2020-11-15 14:18:00,653 > 유의사항 기준 탐색 완료
[INFO|CRAWLER.py] 2020-11-15 14:18:01,167 > 6 rows in 1-6 of 6
[INFO|CRAWLER.py] 2020-11-15 14:18:03,248 > MED1109-01-00 cleared
[INFO|CRAWLER.py] 2020-11-15 14:18:05,366 > 의예과(1학년) 탐색 완료
[INFO|CRAWLER.py] 2020-11-15 14:18:05,366 > 20182-(~2018학번)국제캠퍼스-치의예과(1학년) 수집 시작
[INFO|CRAWLER.py] 2020-11-15 14:18:05,951 > 1 rows in 1-1 of 1
[INFO|CRAWLER.py] 2020-11-15 14:18:05,975 > 유의사항 기준 탐색 완료
[INFO|CRAWLER.py] 2020-11-15 14:18:06,492 > 1 rows in 1-1 of 1
[INFO|CRAWLER.py] 2020-11-15 14:18:08,536 > 치의예과(1학년) 탐색 완료
[INFO|CRAWLER.py] 2020-11-15 14:18:08,537 > (~2018학번)국제캠퍼스 수집 완료
[INFO|CRAWLER.py] 2020-11-15 14:18:08,538 > FINISHED_LECT_OBJs에 20182-SEARCH 전부 등록 완료
