[INFO|CRAWLER.py] 2020-11-14 14:08:39,244 > 작업완료된 강의 객체 목록 다운로드 시작
[INFO|CRAWLER.py] 2020-11-14 14:08:41,206 > 작업완료된 강의 객체 목록 다운로드 완료
[INFO|CRAWLER.py] 2020-11-14 14:08:45,237 > 20181-약학대학-약학전공 수집 시작
[INFO|CRAWLER.py] 2020-11-14 14:08:45,877 > 15 rows in 1-15 of 34
[INFO|CRAWLER.py] 2020-11-14 14:08:45,909 > 유의사항 기준 탐색 완료
[INFO|CRAWLER.py] 2020-11-14 14:08:46,428 > 15 rows in 1-15 of 34
[INFO|CRAWLER.py] 2020-11-14 14:08:48,483 > PHM3101-01-00 cleared
[INFO|CRAWLER.py] 2020-11-14 14:08:50,542 > PHM3001-01-00 cleared
[INFO|CRAWLER.py] 2020-11-14 14:08:52,620 > PHM3003-01-00 cleared
[INFO|CRAWLER.py] 2020-11-14 14:08:54,730 > PHM3017-01-00 cleared
[INFO|CRAWLER.py] 2020-11-14 14:08:56,781 > PHM3005-01-00 cleared
[INFO|CRAWLER.py] 2020-11-14 14:08:58,858 > PHM3103-01-00 cleared
[INFO|CRAWLER.py] 2020-11-14 14:09:00,936 > PHM3013-01-00 cleared
[INFO|CRAWLER.py] 2020-11-14 14:09:03,017 > PHM3014-01-00 cleared
[INFO|CRAWLER.py] 2020-11-14 14:09:05,091 > PHM3016-01-00 cleared
[INFO|CRAWLER.py] 2020-11-14 14:09:07,169 > PHM3019-01-00 cleared
[INFO|CRAWLER.py] 2020-11-14 14:09:09,246 > PHM3030-01-00 cleared
[INFO|CRAWLER.py] 2020-11-14 14:09:11,326 > PHM3031-01-00 cleared
[INFO|CRAWLER.py] 2020-11-14 14:09:13,912 > 15 rows in 16-30 of 34
[INFO|CRAWLER.py] 2020-11-14 14:09:15,991 > PHM3047-01-00 cleared
[INFO|CRAWLER.py] 2020-11-14 14:09:18,061 > PHM4150-01-00 cleared
[INFO|CRAWLER.py] 2020-11-14 14:09:20,137 > PHM3038-01-00 cleared
[INFO|CRAWLER.py] 2020-11-14 14:09:22,209 > PHM3035-01-00 cleared
[INFO|CRAWLER.py] 2020-11-14 14:09:24,290 > PHM3036-01-00 cleared
[INFO|CRAWLER.py] 2020-11-14 14:09:26,365 > PHM3041-01-00 cleared
[INFO|CRAWLER.py] 2020-11-14 14:09:28,433 > PHM3059-01-00 cleared
[INFO|CRAWLER.py] 2020-11-14 14:09:30,498 > PHM3060-01-00 cleared
[INFO|CRAWLER.py] 2020-11-14 14:09:32,575 > PHM3021-01-00 cleared
[INFO|CRAWLER.py] 2020-11-14 14:09:34,650 > PHM3037-01-00 cleared
[INFO|CRAWLER.py] 2020-11-14 14:09:36,730 > PHM3043-01-00 cleared
[INFO|CRAWLER.py] 2020-11-14 14:09:38,803 > PHM3045-01-00 cleared
[INFO|CRAWLER.py] 2020-11-14 14:09:40,895 > PHM4310-01-00 cleared
[INFO|CRAWLER.py] 2020-11-14 14:09:42,973 > PHM3034-01-00 cleared
[INFO|CRAWLER.py] 2020-11-14 14:09:45,051 > PHM3053-01-00 cleared
[INFO|CRAWLER.py] 2020-11-14 14:09:47,626 > 4 rows in 31-34 of 34
[INFO|CRAWLER.py] 2020-11-14 14:09:49,703 > PHM3033-01-00 cleared
[INFO|CRAWLER.py] 2020-11-14 14:09:51,771 > PHM3044-01-00 cleared
[INFO|CRAWLER.py] 2020-11-14 14:09:53,843 > PHM3055-01-00 cleared
[INFO|CRAWLER.py] 2020-11-14 14:09:55,906 > PHM4300-01-00 cleared
[INFO|CRAWLER.py] 2020-11-14 14:09:57,949 > 약학전공 탐색 완료
[INFO|CRAWLER.py] 2020-11-14 14:09:57,949 > 약학대학 수집 완료
[INFO|CRAWLER.py] 2020-11-14 14:09:57,949 > 20181-의과대학-의학전공 수집 시작
[INFO|CRAWLER.py] 2020-11-14 14:09:58,601 > 15 rows in 1-15 of 268
[INFO|CRAWLER.py] 2020-11-14 14:09:58,623 > 유의사항 기준 탐색 완료
[INFO|CRAWLER.py] 2020-11-14 14:09:59,140 > 15 rows in 1-15 of 268
[INFO|CRAWLER.py] 2020-11-14 14:10:02,074 > 15 rows in 16-30 of 268
[INFO|CRAWLER.py] 2020-11-14 14:10:04,964 > 15 rows in 31-45 of 268
[INFO|CRAWLER.py] 2020-11-14 14:10:07,852 > 15 rows in 46-60 of 268
[INFO|CRAWLER.py] 2020-11-14 14:10:10,751 > 15 rows in 61-75 of 268
[INFO|CRAWLER.py] 2020-11-14 14:10:13,640 > 15 rows in 76-90 of 268
[INFO|CRAWLER.py] 2020-11-14 14:10:16,536 > 15 rows in 91-105 of 268
[INFO|CRAWLER.py] 2020-11-14 14:10:19,424 > 15 rows in 106-120 of 268
[INFO|CRAWLER.py] 2020-11-14 14:10:22,314 > 15 rows in 121-135 of 268
[INFO|CRAWLER.py] 2020-11-14 14:10:25,199 > 15 rows in 136-150 of 268
[INFO|CRAWLER.py] 2020-11-14 14:10:28,084 > 15 rows in 151-165 of 268
[INFO|CRAWLER.py] 2020-11-14 14:10:30,971 > 15 rows in 166-180 of 268
[INFO|CRAWLER.py] 2020-11-14 14:10:33,868 > 15 rows in 181-195 of 268
[INFO|CRAWLER.py] 2020-11-14 14:10:36,746 > 15 rows in 196-210 of 268
[INFO|CRAWLER.py] 2020-11-14 14:10:39,644 > 15 rows in 211-225 of 268
[INFO|CRAWLER.py] 2020-11-14 14:10:42,535 > 15 rows in 226-240 of 268
[INFO|CRAWLER.py] 2020-11-14 14:10:45,418 > 15 rows in 241-255 of 268
[INFO|CRAWLER.py] 2020-11-14 14:10:48,302 > 13 rows in 256-268 of 268
[INFO|CRAWLER.py] 2020-11-14 14:10:50,623 > 의학전공 탐색 완료
[INFO|CRAWLER.py] 2020-11-14 14:10:50,623 > 20181-의과대학-의예과 수집 시작
[INFO|CRAWLER.py] 2020-11-14 14:10:51,246 > 15 rows in 1-15 of 19
[INFO|CRAWLER.py] 2020-11-14 14:10:51,268 > 유의사항 기준 탐색 완료
[INFO|CRAWLER.py] 2020-11-14 14:10:51,785 > 15 rows in 1-15 of 19
[INFO|CRAWLER.py] 2020-11-14 14:10:53,871 > MED2105-00-00 cleared
[INFO|CRAWLER.py] 2020-11-14 14:10:55,952 > MED2109-00-00 cleared
[INFO|CRAWLER.py] 2020-11-14 14:10:58,009 > DEN1030-00-00 cleared
[INFO|CRAWLER.py] 2020-11-14 14:11:00,098 > MED2101-00-00 cleared
[INFO|CRAWLER.py] 2020-11-14 14:11:02,187 > MED2102-00-00 cleared
[INFO|CRAWLER.py] 2020-11-14 14:11:04,288 > MED2103-00-00 cleared
[INFO|CRAWLER.py] 2020-11-14 14:11:06,376 > MED2104-00-00 cleared
[INFO|CRAWLER.py] 2020-11-14 14:11:08,442 > MED2204-00-00 cleared
[INFO|CRAWLER.py] 2020-11-14 14:11:10,498 > MED2202-00-00 cleared
[INFO|CRAWLER.py] 2020-11-14 14:11:12,584 > MED2203-00-00 cleared
[INFO|CRAWLER.py] 2020-11-14 14:11:14,640 > MED2206-00-00 cleared
[INFO|CRAWLER.py] 2020-11-14 14:11:16,692 > MED2207-00-00 cleared
[INFO|CRAWLER.py] 2020-11-14 14:11:18,748 > MED2208-00-00 cleared
[INFO|CRAWLER.py] 2020-11-14 14:11:20,801 > MED2210-00-00 cleared
[INFO|CRAWLER.py] 2020-11-14 14:11:22,875 > MED2219-00-00 cleared
[INFO|CRAWLER.py] 2020-11-14 14:11:25,443 > 4 rows in 16-19 of 19
[INFO|CRAWLER.py] 2020-11-14 14:11:27,504 > MED2223-00-00 cleared
[INFO|CRAWLER.py] 2020-11-14 14:11:29,559 > MED2228-00-00 cleared
[INFO|CRAWLER.py] 2020-11-14 14:11:31,627 > MED2231-00-00 cleared
[INFO|CRAWLER.py] 2020-11-14 14:11:33,705 > MED2301-00-00 cleared
[INFO|CRAWLER.py] 2020-11-14 14:11:35,733 > 의예과 탐색 완료
[INFO|CRAWLER.py] 2020-11-14 14:11:35,734 > 의과대학 수집 완료
[INFO|CRAWLER.py] 2020-11-14 14:11:35,734 > 20181-치과대학-치의학전공 수집 시작
[INFO|CRAWLER.py] 2020-11-14 14:11:36,375 > 15 rows in 1-15 of 36
[INFO|CRAWLER.py] 2020-11-14 14:11:36,395 > 유의사항 기준 탐색 완료
[INFO|CRAWLER.py] 2020-11-14 14:11:36,911 > 15 rows in 1-15 of 36
[INFO|CRAWLER.py] 2020-11-14 14:11:39,838 > 15 rows in 16-30 of 36
[INFO|CRAWLER.py] 2020-11-14 14:11:42,715 > 6 rows in 31-36 of 36
[INFO|CRAWLER.py] 2020-11-14 14:11:44,884 > 치의학전공 탐색 완료
[INFO|CRAWLER.py] 2020-11-14 14:11:44,884 > 20181-치과대학-치의예과 수집 시작
[INFO|CRAWLER.py] 2020-11-14 14:11:45,478 > 6 rows in 1-6 of 6
[INFO|CRAWLER.py] 2020-11-14 14:11:45,498 > 유의사항 기준 탐색 완료
[INFO|CRAWLER.py] 2020-11-14 14:11:46,015 > 6 rows in 1-6 of 6
[INFO|CRAWLER.py] 2020-11-14 14:11:46,060 > DEN1030-00-00: 중복된 강의 객체. caution 수집 완료
[INFO|CRAWLER.py] 2020-11-14 14:11:48,204 > 치의예과 탐색 완료
[INFO|CRAWLER.py] 2020-11-14 14:11:48,204 > 치과대학 수집 완료
[INFO|CRAWLER.py] 2020-11-14 14:11:48,204 > 20181-간호대학-간호학(2-4학년) 수집 시작
[INFO|CRAWLER.py] 2020-11-14 14:11:48,809 > 15 rows in 1-15 of 25
[INFO|CRAWLER.py] 2020-11-14 14:11:48,832 > 유의사항 기준 탐색 완료
[INFO|CRAWLER.py] 2020-11-14 14:11:49,349 > 15 rows in 1-15 of 25
[INFO|CRAWLER.py] 2020-11-14 14:11:51,455 > NUR2101-01-00 cleared
[INFO|CRAWLER.py] 2020-11-14 14:11:53,554 > NUR2021-01-00 cleared
[INFO|CRAWLER.py] 2020-11-14 14:11:55,652 > NUR2022-01-00 cleared
[INFO|CRAWLER.py] 2020-11-14 14:11:57,748 > NUR2023-01-01 cleared
[INFO|CRAWLER.py] 2020-11-14 14:11:59,854 > NUR2111-01-00 cleared
[INFO|CRAWLER.py] 2020-11-14 14:12:01,909 > NUR4020-01-01 cleared
[INFO|CRAWLER.py] 2020-11-14 14:12:03,978 > NUR4009-01-00 cleared
[INFO|CRAWLER.py] 2020-11-14 14:12:06,049 > NUR4013-01-00 cleared
[INFO|CRAWLER.py] 2020-11-14 14:12:08,113 > NUR4014-01-00 cleared
[INFO|CRAWLER.py] 2020-11-14 14:12:10,184 > NUR4121-01-00 cleared
[INFO|CRAWLER.py] 2020-11-14 14:12:12,260 > NUR2112-01-00 cleared
[INFO|CRAWLER.py] 2020-11-14 14:12:14,323 > NUR5101-01-00 cleared
[INFO|CRAWLER.py] 2020-11-14 14:12:16,474 > NUR5113-01-00 cleared
[INFO|CRAWLER.py] 2020-11-14 14:12:18,569 > NUR3113-01-00 cleared
[INFO|CRAWLER.py] 2020-11-14 14:12:20,679 > NUR3007-01-00 cleared
[INFO|CRAWLER.py] 2020-11-14 14:12:23,255 > 10 rows in 16-25 of 25
[INFO|CRAWLER.py] 2020-11-14 14:12:25,349 > NUR3101-01-00 cleared
[INFO|CRAWLER.py] 2020-11-14 14:12:27,441 > NUR3012-01-01 cleared
[INFO|CRAWLER.py] 2020-11-14 14:12:29,501 > NUR5105-01-00 cleared
[INFO|CRAWLER.py] 2020-11-14 14:12:31,579 > NUR4114-01-00 cleared
[INFO|CRAWLER.py] 2020-11-14 14:12:33,632 > NUR4114-02-00 cleared
[INFO|CRAWLER.py] 2020-11-14 14:12:35,687 > NUR4114-03-00 cleared
[INFO|CRAWLER.py] 2020-11-14 14:12:37,739 > NUR4114-04-00 cleared
[INFO|CRAWLER.py] 2020-11-14 14:12:39,832 > NUR3005-01-00 cleared
[INFO|CRAWLER.py] 2020-11-14 14:12:41,918 > NUR4117-01-00 cleared
[INFO|CRAWLER.py] 2020-11-14 14:12:44,003 > NUR4006-01-01 cleared
[INFO|CRAWLER.py] 2020-11-14 14:12:46,036 > 간호학(2-4학년) 탐색 완료
[INFO|CRAWLER.py] 2020-11-14 14:12:46,036 > 20181-간호대학-RN-BSN 수집 시작
[INFO|CRAWLER.py] 2020-11-14 14:12:46,667 > 15 rows in 1-15 of 20
[INFO|CRAWLER.py] 2020-11-14 14:12:46,690 > 유의사항 기준 탐색 완료
[INFO|CRAWLER.py] 2020-11-14 14:12:47,206 > 15 rows in 1-15 of 20
[INFO|CRAWLER.py] 2020-11-14 14:12:49,268 > NUR9311-01-00 cleared
[INFO|CRAWLER.py] 2020-11-14 14:12:51,325 > NUR9311-02-00 cleared
[INFO|CRAWLER.py] 2020-11-14 14:12:53,383 > NUR9311-03-00 cleared
[INFO|CRAWLER.py] 2020-11-14 14:12:55,447 > NUR9311-04-00 cleared
[INFO|CRAWLER.py] 2020-11-14 14:12:57,505 > NUR9311-05-00 cleared
[INFO|CRAWLER.py] 2020-11-14 14:12:59,627 > NUR9312-01-00 cleared
[INFO|CRAWLER.py] 2020-11-14 14:13:01,738 > NUR9314-01-00 cleared
[INFO|CRAWLER.py] 2020-11-14 14:13:03,836 > NUR9315-01-00 cleared
[INFO|CRAWLER.py] 2020-11-14 14:13:05,931 > NUR9313-01-00 cleared
[INFO|CRAWLER.py] 2020-11-14 14:13:08,017 > NUR9306-01-00 cleared
[INFO|CRAWLER.py] 2020-11-14 14:13:10,082 > NUR9419-01-00 cleared
[INFO|CRAWLER.py] 2020-11-14 14:13:12,162 > NUR9501-01-00 cleared
[INFO|CRAWLER.py] 2020-11-14 14:13:14,246 > NUR9502-01-00 cleared
[INFO|CRAWLER.py] 2020-11-14 14:13:16,382 > NUR9300-01-00 cleared
[INFO|CRAWLER.py] 2020-11-14 14:13:18,951 > 5 rows in 16-20 of 20
[INFO|CRAWLER.py] 2020-11-14 14:13:21,047 > NUR9411-01-00 cleared
[INFO|CRAWLER.py] 2020-11-14 14:13:23,146 > NUR9412-01-00 cleared
[INFO|CRAWLER.py] 2020-11-14 14:13:25,245 > NUR9416-01-00 cleared
[INFO|CRAWLER.py] 2020-11-14 14:13:27,362 > NUR9418-01-00 cleared
[INFO|CRAWLER.py] 2020-11-14 14:13:29,451 > NUR9413-01-00 cleared
[INFO|CRAWLER.py] 2020-11-14 14:13:31,481 > RN-BSN 탐색 완료
[INFO|CRAWLER.py] 2020-11-14 14:13:31,481 > 간호대학 수집 완료
[INFO|CRAWLER.py] 2020-11-14 14:13:31,481 > 20181-연계전공-유럽지역학 수집 시작
[INFO|CRAWLER.py] 2020-11-14 14:13:32,124 > 2 rows in 1-2 of 2
[INFO|CRAWLER.py] 2020-11-14 14:13:32,148 > 유의사항 기준 탐색 완료
[INFO|CRAWLER.py] 2020-11-14 14:13:32,665 > 2 rows in 1-2 of 2
[INFO|CRAWLER.py] 2020-11-14 14:13:34,729 > EUR3102-01-00 cleared
[INFO|CRAWLER.py] 2020-11-14 14:13:36,803 > EUR3104-01-00 cleared
[INFO|CRAWLER.py] 2020-11-14 14:13:38,825 > 유럽지역학 탐색 완료
[INFO|CRAWLER.py] 2020-11-14 14:13:38,825 > 20181-연계전공-디지털예술학 수집 시작
[INFO|CRAWLER.py] 2020-11-14 14:13:39,414 > 3 rows in 1-3 of 3
[INFO|CRAWLER.py] 2020-11-14 14:13:39,438 > 유의사항 기준 탐색 완료
[INFO|CRAWLER.py] 2020-11-14 14:13:39,954 > 3 rows in 1-3 of 3
[INFO|CRAWLER.py] 2020-11-14 14:13:42,030 > FIL3102-01-00 cleared
[INFO|CRAWLER.py] 2020-11-14 14:13:44,099 > FIL3107-01-00 cleared
[INFO|CRAWLER.py] 2020-11-14 14:13:46,175 > FIL3108-01-00 cleared
[INFO|CRAWLER.py] 2020-11-14 14:13:48,196 > 디지털예술학 탐색 완료
[INFO|CRAWLER.py] 2020-11-14 14:13:48,196 > 20181-연계전공-미국학 수집 시작
[INFO|CRAWLER.py] 2020-11-14 14:13:48,788 > 2 rows in 1-2 of 2
[INFO|CRAWLER.py] 2020-11-14 14:13:48,812 > 유의사항 기준 탐색 완료
[INFO|CRAWLER.py] 2020-11-14 14:13:49,327 > 2 rows in 1-2 of 2
[INFO|CRAWLER.py] 2020-11-14 14:13:51,385 > AMR3102-01-00 cleared
[INFO|CRAWLER.py] 2020-11-14 14:13:53,447 > AMR3104-01-00 cleared
[INFO|CRAWLER.py] 2020-11-14 14:13:55,470 > 미국학 탐색 완료
[INFO|CRAWLER.py] 2020-11-14 14:13:55,470 > 20181-연계전공-한국및동아시아학(중국학) 수집 시작
[INFO|CRAWLER.py] 2020-11-14 14:13:56,061 > 2 rows in 1-2 of 2
[INFO|CRAWLER.py] 2020-11-14 14:13:56,085 > 유의사항 기준 탐색 완료
[INFO|CRAWLER.py] 2020-11-14 14:13:56,601 > 2 rows in 1-2 of 2
[INFO|CRAWLER.py] 2020-11-14 14:13:58,681 > CHI3101-01-00 cleared
[INFO|CRAWLER.py] 2020-11-14 14:14:00,736 > CHI3102-01-00 cleared
[INFO|CRAWLER.py] 2020-11-14 14:14:02,756 > 한국및동아시아학(중국학) 탐색 완료
[INFO|CRAWLER.py] 2020-11-14 14:14:02,757 > 20181-연계전공-한국및동아시아학(한국학) 수집 시작
[INFO|CRAWLER.py] 2020-11-14 14:14:03,348 > 2 rows in 1-2 of 2
[INFO|CRAWLER.py] 2020-11-14 14:14:03,373 > 유의사항 기준 탐색 완료
[INFO|CRAWLER.py] 2020-11-14 14:14:03,888 > 2 rows in 1-2 of 2
[INFO|CRAWLER.py] 2020-11-14 14:14:05,951 > KOS3101-01-00 cleared
[INFO|CRAWLER.py] 2020-11-14 14:14:08,025 > KOS3104-01-00 cleared
[INFO|CRAWLER.py] 2020-11-14 14:14:10,046 > 한국및동아시아학(한국학) 탐색 완료
[INFO|CRAWLER.py] 2020-11-14 14:14:10,046 > 20181-연계전공-한국및동아시아학(일본학) 수집 시작
[INFO|CRAWLER.py] 2020-11-14 14:14:10,634 > 3 rows in 1-3 of 3
[INFO|CRAWLER.py] 2020-11-14 14:14:10,657 > 유의사항 기준 탐색 완료
[INFO|CRAWLER.py] 2020-11-14 14:14:11,174 > 3 rows in 1-3 of 3
[INFO|CRAWLER.py] 2020-11-14 14:14:13,241 > JAP3106-01-00 cleared
[INFO|CRAWLER.py] 2020-11-14 14:14:15,295 > JAP3107-01-00 cleared
[INFO|CRAWLER.py] 2020-11-14 14:14:27,853 > JAP3108-01-00 cleared
[INFO|CRAWLER.py] 2020-11-14 14:14:29,876 > 한국및동아시아학(일본학) 탐색 완료
[INFO|CRAWLER.py] 2020-11-14 14:14:29,876 > 20181-연계전공-외교통상학 수집 시작
[INFO|CRAWLER.py] 2020-11-14 14:14:30,469 > 2 rows in 1-2 of 2
[INFO|CRAWLER.py] 2020-11-14 14:14:30,495 > 유의사항 기준 탐색 완료
[INFO|CRAWLER.py] 2020-11-14 14:14:31,012 > 2 rows in 1-2 of 2
[INFO|CRAWLER.py] 2020-11-14 14:14:33,095 > TRA4001-01-00 cleared
[INFO|CRAWLER.py] 2020-11-14 14:14:35,169 > TRA3104-01-00 cleared
[INFO|CRAWLER.py] 2020-11-14 14:14:37,191 > 외교통상학 탐색 완료
[INFO|CRAWLER.py] 2020-11-14 14:14:37,191 > 20181-연계전공-인지과학 수집 시작
[INFO|CRAWLER.py] 2020-11-14 14:14:37,778 > 2 rows in 1-2 of 2
[INFO|CRAWLER.py] 2020-11-14 14:14:37,800 > 유의사항 기준 탐색 완료
[INFO|CRAWLER.py] 2020-11-14 14:14:38,316 > 2 rows in 1-2 of 2
[INFO|CRAWLER.py] 2020-11-14 14:14:40,386 > COG3101-01-00 cleared
[INFO|CRAWLER.py] 2020-11-14 14:14:42,491 > COG3102-01-00 cleared
[INFO|CRAWLER.py] 2020-11-14 14:14:44,512 > 인지과학 탐색 완료
[INFO|CRAWLER.py] 2020-11-14 14:14:44,512 > 20181-연계전공-전자상거래학 수집 시작
[INFO|CRAWLER.py] 2020-11-14 14:14:45,096 > 0 rows in 1-0 of 0
[INFO|CRAWLER.py] 2020-11-14 14:14:55,636 > No caution link in 0th row
[INFO|CRAWLER.py] 2020-11-14 14:14:56,142 > 0 rows in 1-0 of 0
[INFO|CRAWLER.py] 2020-11-14 14:14:56,142 > No caution in pages
[INFO|CRAWLER.py] 2020-11-14 14:14:56,659 > 0 rows in 1-0 of 0
[INFO|CRAWLER.py] 2020-11-14 14:14:58,681 > 전자상거래학 탐색 완료
[INFO|CRAWLER.py] 2020-11-14 14:14:58,682 > 20181-연계전공-벤처학 수집 시작
[INFO|CRAWLER.py] 2020-11-14 14:14:59,266 > 1 rows in 1-1 of 1
[INFO|CRAWLER.py] 2020-11-14 14:14:59,288 > 유의사항 기준 탐색 완료
[INFO|CRAWLER.py] 2020-11-14 14:14:59,804 > 1 rows in 1-1 of 1
[INFO|CRAWLER.py] 2020-11-14 14:15:01,870 > VEN3104-01-00 cleared
[INFO|CRAWLER.py] 2020-11-14 14:15:03,891 > 벤처학 탐색 완료
[INFO|CRAWLER.py] 2020-11-14 14:15:03,891 > 20181-연계전공-리더십 수집 시작
[INFO|CRAWLER.py] 2020-11-14 14:15:04,474 > 2 rows in 1-2 of 2
[INFO|CRAWLER.py] 2020-11-14 14:15:04,497 > 유의사항 기준 탐색 완료
[INFO|CRAWLER.py] 2020-11-14 14:15:05,015 > 2 rows in 1-2 of 2
[INFO|CRAWLER.py] 2020-11-14 14:15:07,415 > LEA3101-01-00 cleared
[INFO|CRAWLER.py] 2020-11-14 14:15:09,476 > LEA3102-01-00 cleared
[INFO|CRAWLER.py] 2020-11-14 14:15:11,496 > 리더십 탐색 완료
[INFO|CRAWLER.py] 2020-11-14 14:15:11,496 > 20181-연계전공-한국및동아시아학(동아시아학) 수집 시작
[INFO|CRAWLER.py] 2020-11-14 14:15:12,080 > 2 rows in 1-2 of 2
[INFO|CRAWLER.py] 2020-11-14 14:15:12,102 > 유의사항 기준 탐색 완료
[INFO|CRAWLER.py] 2020-11-14 14:15:12,617 > 2 rows in 1-2 of 2
[INFO|CRAWLER.py] 2020-11-14 14:15:14,670 > EAS3103-01-00 cleared
[INFO|CRAWLER.py] 2020-11-14 14:15:16,728 > EAS3101-01-00 cleared
[INFO|CRAWLER.py] 2020-11-14 14:15:18,749 > 한국및동아시아학(동아시아학) 탐색 완료
[INFO|CRAWLER.py] 2020-11-14 14:15:18,749 > 20181-연계전공-디지털인문학 수집 시작
[INFO|CRAWLER.py] 2020-11-14 14:15:19,332 > 0 rows in 1-0 of 0
[INFO|CRAWLER.py] 2020-11-14 14:15:29,885 > No caution link in 0th row
[INFO|CRAWLER.py] 2020-11-14 14:15:30,392 > 0 rows in 1-0 of 0
[INFO|CRAWLER.py] 2020-11-14 14:15:30,392 > No caution in pages
[INFO|CRAWLER.py] 2020-11-14 14:15:30,908 > 0 rows in 1-0 of 0
[INFO|CRAWLER.py] 2020-11-14 14:15:32,929 > 디지털인문학 탐색 완료
[INFO|CRAWLER.py] 2020-11-14 14:15:32,929 > 20181-연계전공-비교문학 수집 시작
[INFO|CRAWLER.py] 2020-11-14 14:15:33,516 > 2 rows in 1-2 of 2
[INFO|CRAWLER.py] 2020-11-14 14:15:33,541 > 유의사항 기준 탐색 완료
[INFO|CRAWLER.py] 2020-11-14 14:15:34,058 > 2 rows in 1-2 of 2
[INFO|CRAWLER.py] 2020-11-14 14:15:36,116 > CML3101-01-00 cleared
[INFO|CRAWLER.py] 2020-11-14 14:15:38,169 > CML3104-01-00 cleared
[INFO|CRAWLER.py] 2020-11-14 14:15:40,190 > 비교문학 탐색 완료
[INFO|CRAWLER.py] 2020-11-14 14:15:40,190 > 20181-연계전공-문화비평학 수집 시작
[INFO|CRAWLER.py] 2020-11-14 14:15:40,775 > 2 rows in 1-2 of 2
[INFO|CRAWLER.py] 2020-11-14 14:15:40,799 > 유의사항 기준 탐색 완료
[INFO|CRAWLER.py] 2020-11-14 14:15:41,315 > 2 rows in 1-2 of 2
[INFO|CRAWLER.py] 2020-11-14 14:15:43,411 > CUL3101-01-00 cleared
[INFO|CRAWLER.py] 2020-11-14 14:15:45,469 > CUL4101-01-00 cleared
[INFO|CRAWLER.py] 2020-11-14 14:15:47,496 > 문화비평학 탐색 완료
[INFO|CRAWLER.py] 2020-11-14 14:15:47,497 > 20181-연계전공-과학기술과 사회 수집 시작
[INFO|CRAWLER.py] 2020-11-14 14:15:48,081 > 2 rows in 1-2 of 2
[INFO|CRAWLER.py] 2020-11-14 14:15:48,104 > 유의사항 기준 탐색 완료
[INFO|CRAWLER.py] 2020-11-14 14:15:48,620 > 2 rows in 1-2 of 2
[INFO|CRAWLER.py] 2020-11-14 14:15:50,733 > STS3105-01-00 cleared
[INFO|CRAWLER.py] 2020-11-14 14:15:52,788 > STS4103-01-00 cleared
[INFO|CRAWLER.py] 2020-11-14 14:15:54,809 > 과학기술과 사회 탐색 완료
[INFO|CRAWLER.py] 2020-11-14 14:15:54,809 > 연계전공 수집 완료
[INFO|CRAWLER.py] 2020-11-14 14:15:54,809 > 20181-ROTC-군사학 수집 시작
[INFO|CRAWLER.py] 2020-11-14 14:15:55,410 > 2 rows in 1-2 of 2
[INFO|CRAWLER.py] 2020-11-14 14:15:55,434 > 유의사항 기준 탐색 완료
[INFO|CRAWLER.py] 2020-11-14 14:15:55,950 > 2 rows in 1-2 of 2
[INFO|CRAWLER.py] 2020-11-14 14:15:58,011 > MIL3001-01-00 cleared
[INFO|CRAWLER.py] 2020-11-14 14:16:00,064 > MIL4001-01-00 cleared
[INFO|CRAWLER.py] 2020-11-14 14:16:02,085 > 군사학 탐색 완료
[INFO|CRAWLER.py] 2020-11-14 14:16:02,085 > ROTC 수집 완료
[INFO|CRAWLER.py] 2020-11-14 14:16:02,085 > 20181-Study Abroad Course-Undergraduate 수집 시작
[INFO|CRAWLER.py] 2020-11-14 14:16:02,686 > 15 rows in 1-15 of 36
[INFO|CRAWLER.py] 2020-11-14 14:16:02,709 > 유의사항 기준 탐색 완료
[INFO|CRAWLER.py] 2020-11-14 14:16:03,226 > 15 rows in 1-15 of 36
[INFO|CRAWLER.py] 2020-11-14 14:16:05,301 > IEE1101-01-00 cleared
[INFO|CRAWLER.py] 2020-11-14 14:16:07,432 > IEE1154-01-00 cleared
[INFO|CRAWLER.py] 2020-11-14 14:16:09,510 > IEE2021-01-00 cleared
[INFO|CRAWLER.py] 2020-11-14 14:16:11,579 > IEE2060-01-00 cleared
[INFO|CRAWLER.py] 2020-11-14 14:16:13,642 > IEE3035-01-00 cleared
[INFO|CRAWLER.py] 2020-11-14 14:16:15,726 > IEE3103-01-00 cleared
[INFO|CRAWLER.py] 2020-11-14 14:16:17,800 > IEE3107-01-00 cleared
[INFO|CRAWLER.py] 2020-11-14 14:16:19,868 > IEE3108-01-00 cleared
[INFO|CRAWLER.py] 2020-11-14 14:16:21,938 > IEE3116-01-00 cleared
[INFO|CRAWLER.py] 2020-11-14 14:16:24,015 > IEE3121-01-00 cleared
[INFO|CRAWLER.py] 2020-11-14 14:16:26,109 > IEE3131-01-00 cleared
[INFO|CRAWLER.py] 2020-11-14 14:16:28,169 > IEE3159-01-00 cleared
[INFO|CRAWLER.py] 2020-11-14 14:16:30,255 > IEE3185-01-00 cleared
[INFO|CRAWLER.py] 2020-11-14 14:16:32,348 > IEE3300-01-00 cleared
[INFO|CRAWLER.py] 2020-11-14 14:16:34,920 > 15 rows in 16-30 of 36
[INFO|CRAWLER.py] 2020-11-14 14:16:37,013 > IEE3300-02-00 cleared
[INFO|CRAWLER.py] 2020-11-14 14:16:39,075 > IEE3315-01-00 cleared
[INFO|CRAWLER.py] 2020-11-14 14:16:41,156 > IEE3316-01-00 cleared
[INFO|CRAWLER.py] 2020-11-14 14:16:43,240 > IEE3317-01-00 cleared
[INFO|CRAWLER.py] 2020-11-14 14:16:45,307 > IEE3325-01-00 cleared
[INFO|CRAWLER.py] 2020-11-14 14:16:47,390 > IEE3326-01-00 cleared
[INFO|CRAWLER.py] 2020-11-14 14:16:49,459 > IEE3328-01-00 cleared
[INFO|CRAWLER.py] 2020-11-14 14:16:51,530 > IEE3329-01-00 cleared
[INFO|CRAWLER.py] 2020-11-14 14:16:53,608 > IEE3339-01-00 cleared
[INFO|CRAWLER.py] 2020-11-14 14:16:55,682 > IEE3341-01-00 cleared
[INFO|CRAWLER.py] 2020-11-14 14:16:57,755 > IEE3341-02-00 cleared
[INFO|CRAWLER.py] 2020-11-14 14:16:59,829 > IEE3341-03-00 cleared
[INFO|CRAWLER.py] 2020-11-14 14:17:01,902 > IEE3341-04-00 cleared
[INFO|CRAWLER.py] 2020-11-14 14:17:03,962 > IEE3347-01-00 cleared
[INFO|CRAWLER.py] 2020-11-14 14:17:06,033 > IEE3349-01-00 cleared
[INFO|CRAWLER.py] 2020-11-14 14:17:08,604 > 6 rows in 31-36 of 36
[INFO|CRAWLER.py] 2020-11-14 14:17:10,666 > IEE3353-01-00 cleared
[INFO|CRAWLER.py] 2020-11-14 14:17:12,734 > IEE3359-01-00 cleared
[INFO|CRAWLER.py] 2020-11-14 14:17:14,825 > IEE3579-01-00 cleared
[INFO|CRAWLER.py] 2020-11-14 14:17:16,903 > IEE3580-01-00 cleared
[INFO|CRAWLER.py] 2020-11-14 14:17:18,961 > IEE3581-01-00 cleared
[INFO|CRAWLER.py] 2020-11-14 14:17:21,032 > IEE3583-01-00 cleared
[INFO|CRAWLER.py] 2020-11-14 14:17:23,074 > Undergraduate 탐색 완료
[INFO|CRAWLER.py] 2020-11-14 14:17:23,074 > 20181-Study Abroad Course-Graduate 수집 시작
[INFO|CRAWLER.py] 2020-11-14 14:17:23,702 > 15 rows in 1-15 of 145
[INFO|CRAWLER.py] 2020-11-14 14:17:23,727 > 유의사항 기준 탐색 완료
[INFO|CRAWLER.py] 2020-11-14 14:17:24,242 > 15 rows in 1-15 of 145
[INFO|CRAWLER.py] 2020-11-14 14:17:27,168 > 15 rows in 16-30 of 145
[INFO|CRAWLER.py] 2020-11-14 14:17:29,237 > BIO8842-01-00 cleared
[INFO|CRAWLER.py] 2020-11-14 14:17:31,291 > BIZ8003-01-00 cleared
[INFO|CRAWLER.py] 2020-11-14 14:17:33,343 > BIZ8009-01-00 cleared
[INFO|CRAWLER.py] 2020-11-14 14:17:35,467 > COM6501-01-00 cleared
[INFO|CRAWLER.py] 2020-11-14 14:17:37,620 > ECO6201-01-00 cleared
[INFO|CRAWLER.py] 2020-11-14 14:17:40,246 > 15 rows in 31-45 of 145
[INFO|CRAWLER.py] 2020-11-14 14:17:42,330 > ECO6331-01-00 cleared
[INFO|CRAWLER.py] 2020-11-14 14:17:45,186 > 15 rows in 46-60 of 145
[INFO|CRAWLER.py] 2020-11-14 14:17:47,241 > ISA6101-01-00 cleared
[INFO|CRAWLER.py] 2020-11-14 14:17:49,333 > ISC6024-01-00 cleared
[INFO|CRAWLER.py] 2020-11-14 14:17:51,404 > ISC6038-01-00 cleared
[INFO|CRAWLER.py] 2020-11-14 14:17:53,452 > ISC6039-01-00 cleared
[INFO|CRAWLER.py] 2020-11-14 14:17:55,501 > ISC6061-01-00 cleared
[INFO|CRAWLER.py] 2020-11-14 14:17:57,549 > ISC6079-01-00 cleared
[INFO|CRAWLER.py] 2020-11-14 14:17:59,621 > ISC6117-01-00 cleared
[INFO|CRAWLER.py] 2020-11-14 14:18:01,691 > ISC6125-01-00 cleared
[INFO|CRAWLER.py] 2020-11-14 14:18:03,766 > ISC6135-01-00 cleared
[INFO|CRAWLER.py] 2020-11-14 14:18:06,327 > 15 rows in 61-75 of 145
[INFO|CRAWLER.py] 2020-11-14 14:18:08,472 > ISC6144-01-00 cleared
[INFO|CRAWLER.py] 2020-11-14 14:18:10,519 > ISC6154-01-00 cleared
[INFO|CRAWLER.py] 2020-11-14 14:18:12,590 > ISC6157-01-00 cleared
[INFO|CRAWLER.py] 2020-11-14 14:18:14,660 > ISC6159-01-00 cleared
[INFO|CRAWLER.py] 2020-11-14 14:18:16,750 > ISF6034-01-00 cleared
[INFO|CRAWLER.py] 2020-11-14 14:18:18,797 > ISF6035-01-00 cleared
[INFO|CRAWLER.py] 2020-11-14 14:18:20,843 > ISF6037-01-00 cleared
[INFO|CRAWLER.py] 2020-11-14 14:18:23,409 > 15 rows in 76-90 of 145
[INFO|CRAWLER.py] 2020-11-14 14:18:25,456 > ISF6038-01-00 cleared
[INFO|CRAWLER.py] 2020-11-14 14:18:27,500 > ISF6040-01-00 cleared
[INFO|CRAWLER.py] 2020-11-14 14:18:29,552 > ISF6043-01-00 cleared
[INFO|CRAWLER.py] 2020-11-14 14:18:32,387 > 15 rows in 91-105 of 145
[INFO|CRAWLER.py] 2020-11-14 14:18:34,433 > KUS8088-01-00 cleared
[INFO|CRAWLER.py] 2020-11-14 14:18:37,307 > 15 rows in 106-120 of 145
[INFO|CRAWLER.py] 2020-11-14 14:18:39,373 > MAT7230-01-00 cleared
[INFO|CRAWLER.py] 2020-11-14 14:18:41,530 > MAT8250-01-00 cleared
[INFO|CRAWLER.py] 2020-11-14 14:18:43,578 > MAT8400-01-00 cleared
[INFO|CRAWLER.py] 2020-11-14 14:18:45,629 > MAT9470-01-00 cleared
[INFO|CRAWLER.py] 2020-11-14 14:18:47,755 > MSE8200-01-00 cleared
[INFO|CRAWLER.py] 2020-11-14 14:18:49,808 > MSE8210-01-00 cleared
[INFO|CRAWLER.py] 2020-11-14 14:18:52,385 > 15 rows in 121-135 of 145
[INFO|CRAWLER.py] 2020-11-14 14:18:54,717 > PUB7103-01-00 cleared
[INFO|CRAWLER.py] 2020-11-14 14:18:57,318 > 10 rows in 136-145 of 145
[INFO|CRAWLER.py] 2020-11-14 14:18:59,457 > SOC6565-01-00 cleared
[INFO|CRAWLER.py] 2020-11-14 14:19:01,529 > YJD6711-01-00 cleared
[INFO|CRAWLER.py] 2020-11-14 14:19:03,638 > Graduate 탐색 완료
[INFO|CRAWLER.py] 2020-11-14 14:19:03,638 > 20181-Study Abroad Course-Korean Language 수집 시작
[INFO|CRAWLER.py] 2020-11-14 14:19:04,261 > 7 rows in 1-7 of 7
[INFO|CRAWLER.py] 2020-11-14 14:19:04,287 > 유의사항 기준 탐색 완료
[INFO|CRAWLER.py] 2020-11-14 14:19:04,802 > 7 rows in 1-7 of 7
[INFO|CRAWLER.py] 2020-11-14 14:19:06,854 > KLI1001-01-00 cleared
[INFO|CRAWLER.py] 2020-11-14 14:19:08,937 > KLI1001-02-00 cleared
[INFO|CRAWLER.py] 2020-11-14 14:19:11,031 > KLI1002-01-00 cleared
[INFO|CRAWLER.py] 2020-11-14 14:19:13,115 > KLI1003-01-00 cleared
[INFO|CRAWLER.py] 2020-11-14 14:19:15,188 > KLI1004-01-00 cleared
[INFO|CRAWLER.py] 2020-11-14 14:19:17,249 > KLI1005-01-00 cleared
[INFO|CRAWLER.py] 2020-11-14 14:19:19,302 > KLI1006-01-00 cleared
[INFO|CRAWLER.py] 2020-11-14 14:19:21,325 > Korean Language 탐색 완료
[INFO|CRAWLER.py] 2020-11-14 14:19:21,325 > Study Abroad Course 수집 완료
[INFO|CRAWLER.py] 2020-11-14 14:19:21,326 > 20181-교직과정-교직과정 수집 시작
[INFO|CRAWLER.py] 2020-11-14 14:19:21,934 > 15 rows in 1-15 of 31
[INFO|CRAWLER.py] 2020-11-14 14:19:21,958 > 유의사항 기준 탐색 완료
[INFO|CRAWLER.py] 2020-11-14 14:19:22,474 > 15 rows in 1-15 of 31
[INFO|CRAWLER.py] 2020-11-14 14:19:24,544 > TTP2008-01-00 cleared
[INFO|CRAWLER.py] 2020-11-14 14:19:26,602 > TTP2008-02-00 cleared
[INFO|CRAWLER.py] 2020-11-14 14:19:26,637 > TTP2009-01-00: 중복된 강의 객체. caution 수집 완료
[INFO|CRAWLER.py] 2020-11-14 14:19:28,688 > TTP2009-02-00 cleared
[INFO|CRAWLER.py] 2020-11-14 14:19:30,749 > TTP2001-01-00 cleared
[INFO|CRAWLER.py] 2020-11-14 14:19:32,826 > TTP2001-02-00 cleared
[INFO|CRAWLER.py] 2020-11-14 14:19:34,907 > TTP2002-01-00 cleared
[INFO|CRAWLER.py] 2020-11-14 14:19:36,975 > TTP2002-02-00 cleared
[INFO|CRAWLER.py] 2020-11-14 14:19:39,060 > TTP2004-02-00 cleared
[INFO|CRAWLER.py] 2020-11-14 14:19:41,130 > TTP2005-01-00 cleared
[INFO|CRAWLER.py] 2020-11-14 14:19:43,224 > TTP2005-02-00 cleared
[INFO|CRAWLER.py] 2020-11-14 14:19:45,319 > TTP2006-01-00 cleared
[INFO|CRAWLER.py] 2020-11-14 14:19:47,392 > TTP2006-02-00 cleared
[INFO|CRAWLER.py] 2020-11-14 14:19:49,470 > TTP2007-01-00 cleared
[INFO|CRAWLER.py] 2020-11-14 14:19:52,050 > 15 rows in 16-30 of 31
[INFO|CRAWLER.py] 2020-11-14 14:19:54,116 > TTP2007-02-00 cleared
[INFO|CRAWLER.py] 2020-11-14 14:19:56,186 > TTP2010-01-00 cleared
[INFO|CRAWLER.py] 2020-11-14 14:19:58,242 > TTP2011-01-00 cleared
[INFO|CRAWLER.py] 2020-11-14 14:20:00,302 > TTP2012-01-00 cleared
[INFO|CRAWLER.py] 2020-11-14 14:20:02,378 > TTP2012-02-00 cleared
[INFO|CRAWLER.py] 2020-11-14 14:20:04,452 > TTP2013-01-00 cleared
[INFO|CRAWLER.py] 2020-11-14 14:20:04,486 > TTP4001-01-00: 중복된 강의 객체. caution 수집 완료
[INFO|CRAWLER.py] 2020-11-14 14:20:06,535 > TTP4002-01-00 cleared
[INFO|CRAWLER.py] 2020-11-14 14:20:08,608 > TTP4003-01-00 cleared
[INFO|CRAWLER.py] 2020-11-14 14:20:10,654 > TTP4004-01-00 cleared
[INFO|CRAWLER.py] 2020-11-14 14:20:12,699 > TTP4005-01-00 cleared
[INFO|CRAWLER.py] 2020-11-14 14:20:14,745 > TTP4006-01-00 cleared
[INFO|CRAWLER.py] 2020-11-14 14:20:16,808 > TTP4008-01-00 cleared
[INFO|CRAWLER.py] 2020-11-14 14:20:18,891 > TTP4008-02-00 cleared
[INFO|CRAWLER.py] 2020-11-14 14:20:20,968 > TTP4100-01-00 cleared
[INFO|CRAWLER.py] 2020-11-14 14:20:23,507 > 1 rows in 31-31 of 31
[INFO|CRAWLER.py] 2020-11-14 14:20:25,580 > TTP4100-02-00 cleared
[INFO|CRAWLER.py] 2020-11-14 14:20:27,620 > 교직과정 탐색 완료
[INFO|CRAWLER.py] 2020-11-14 14:20:27,620 > 교직과정 수집 완료
[INFO|CRAWLER.py] 2020-11-14 14:20:27,620 > 20181-국내교환대학-이화여자대학교 수집 시작
[INFO|CRAWLER.py] 2020-11-14 14:20:28,261 > 0 rows in 1-0 of 0
[INFO|CRAWLER.py] 2020-11-14 14:20:38,800 > No caution link in 0th row
[INFO|CRAWLER.py] 2020-11-14 14:20:39,306 > 0 rows in 1-0 of 0
[INFO|CRAWLER.py] 2020-11-14 14:20:39,307 > No caution in pages
[INFO|CRAWLER.py] 2020-11-14 14:20:39,825 > 0 rows in 1-0 of 0
[INFO|CRAWLER.py] 2020-11-14 14:20:41,847 > 이화여자대학교 탐색 완료
[INFO|CRAWLER.py] 2020-11-14 14:20:41,847 > 20181-국내교환대학-서강대학교 수집 시작
[INFO|CRAWLER.py] 2020-11-14 14:20:42,453 > 0 rows in 1-0 of 0
[INFO|CRAWLER.py] 2020-11-14 14:20:52,982 > No caution link in 0th row
[INFO|CRAWLER.py] 2020-11-14 14:20:53,488 > 0 rows in 1-0 of 0
[INFO|CRAWLER.py] 2020-11-14 14:20:53,488 > No caution in pages
[INFO|CRAWLER.py] 2020-11-14 14:20:54,005 > 0 rows in 1-0 of 0
[INFO|CRAWLER.py] 2020-11-14 14:20:56,025 > 서강대학교 탐색 완료
[INFO|CRAWLER.py] 2020-11-14 14:20:56,025 > 20181-국내교환대학-고려대학교 수집 시작
[INFO|CRAWLER.py] 2020-11-14 14:20:56,609 > 0 rows in 1-0 of 0
[INFO|CRAWLER.py] 2020-11-14 14:21:07,134 > No caution link in 0th row
[INFO|CRAWLER.py] 2020-11-14 14:21:07,640 > 0 rows in 1-0 of 0
[INFO|CRAWLER.py] 2020-11-14 14:21:07,641 > No caution in pages
[INFO|CRAWLER.py] 2020-11-14 14:21:08,157 > 0 rows in 1-0 of 0
[INFO|CRAWLER.py] 2020-11-14 14:21:10,178 > 고려대학교 탐색 완료
[INFO|CRAWLER.py] 2020-11-14 14:21:10,178 > 국내교환대학 수집 완료
[INFO|CRAWLER.py] 2020-11-14 14:21:10,178 > 20181-공통-창업,현장실습 수집 시작
[INFO|CRAWLER.py] 2020-11-14 14:21:10,781 > 0 rows in 1-0 of 0
[INFO|CRAWLER.py] 2020-11-14 14:21:21,290 > No caution link in 0th row
[INFO|CRAWLER.py] 2020-11-14 14:21:21,797 > 0 rows in 1-0 of 0
[INFO|CRAWLER.py] 2020-11-14 14:21:21,797 > No caution in pages
[INFO|CRAWLER.py] 2020-11-14 14:21:22,313 > 0 rows in 1-0 of 0
[INFO|CRAWLER.py] 2020-11-14 14:21:24,334 > 창업,현장실습 탐색 완료
[INFO|CRAWLER.py] 2020-11-14 14:21:24,334 > 공통 수집 완료
[INFO|CRAWLER.py] 2020-11-14 14:21:24,334 > 20181-공통기초(10~18학번)-채플 수집 시작
[INFO|CRAWLER.py] 2020-11-14 14:21:24,935 > 10 rows in 1-10 of 10
[INFO|CRAWLER.py] 2020-11-14 14:21:24,960 > 유의사항 기준 탐색 완료
[INFO|CRAWLER.py] 2020-11-14 14:21:25,477 > 10 rows in 1-10 of 10
[INFO|CRAWLER.py] 2020-11-14 14:21:27,573 > YCA1003-01-00 cleared
[INFO|CRAWLER.py] 2020-11-14 14:21:29,718 > YCA1003-02-00 cleared
[INFO|CRAWLER.py] 2020-11-14 14:21:31,844 > YCA1003-03-00 cleared
[INFO|CRAWLER.py] 2020-11-14 14:21:34,037 > YCA1003-04-00 cleared
[INFO|CRAWLER.py] 2020-11-14 14:21:34,086 > YCA1003-05-00: 중복된 강의 객체. caution 수집 완료
[INFO|CRAWLER.py] 2020-11-14 14:21:36,335 > YCA1007-01-00 cleared
[INFO|CRAWLER.py] 2020-11-14 14:21:38,782 > YCA1007-02-00 cleared
[INFO|CRAWLER.py] 2020-11-14 14:21:41,117 > YCA1007-03-00 cleared
[INFO|CRAWLER.py] 2020-11-14 14:21:43,741 > YCA1007-04-00 cleared
[INFO|CRAWLER.py] 2020-11-14 14:21:43,820 > YCA1007-05-00: 중복된 강의 객체. caution 수집 완료
[INFO|CRAWLER.py] 2020-11-14 14:21:45,841 > 채플 탐색 완료
[INFO|CRAWLER.py] 2020-11-14 14:21:45,842 > 20181-공통기초(10~18학번)-기독교의이해 수집 시작
[INFO|CRAWLER.py] 2020-11-14 14:21:46,430 > 6 rows in 1-6 of 6
[INFO|CRAWLER.py] 2020-11-14 14:21:46,456 > 유의사항 기준 탐색 완료
[INFO|CRAWLER.py] 2020-11-14 14:21:46,971 > 6 rows in 1-6 of 6
[INFO|CRAWLER.py] 2020-11-14 14:21:49,041 > YCA1101-12-00 cleared
[INFO|CRAWLER.py] 2020-11-14 14:21:51,116 > YCA1101-13-00 cleared
[INFO|CRAWLER.py] 2020-11-14 14:21:53,217 > YCA1102-13-00 cleared
[INFO|CRAWLER.py] 2020-11-14 14:21:55,284 > YCA1102-14-00 cleared
[INFO|CRAWLER.py] 2020-11-14 14:22:07,864 > YCA1102-15-00 cleared
[INFO|CRAWLER.py] 2020-11-14 14:22:09,922 > YCA1103-05-00 cleared
[INFO|CRAWLER.py] 2020-11-14 14:22:11,945 > 기독교의이해 탐색 완료
[INFO|CRAWLER.py] 2020-11-14 14:22:11,945 > 20181-공통기초(10~18학번)-대학영어 수집 시작
[INFO|CRAWLER.py] 2020-11-14 14:22:12,561 > 15 rows in 1-15 of 20
[INFO|CRAWLER.py] 2020-11-14 14:22:12,587 > 유의사항 기준 탐색 완료
[INFO|CRAWLER.py] 2020-11-14 14:22:13,104 > 15 rows in 1-15 of 20
[INFO|CRAWLER.py] 2020-11-14 14:22:15,163 > YCC1001-09-00 cleared
[INFO|CRAWLER.py] 2020-11-14 14:22:17,222 > YCC1001-10-00 cleared
[INFO|CRAWLER.py] 2020-11-14 14:22:19,276 > YCC1001-11-00 cleared
[INFO|CRAWLER.py] 2020-11-14 14:22:21,332 > YCC1001-12-00 cleared
[INFO|CRAWLER.py] 2020-11-14 14:22:23,386 > YCC1001-13-00 cleared
[INFO|CRAWLER.py] 2020-11-14 14:22:25,440 > YCC1001-14-00 cleared
[INFO|CRAWLER.py] 2020-11-14 14:22:27,489 > YCC1001-15-00 cleared
[INFO|CRAWLER.py] 2020-11-14 14:22:29,543 > YCC1001-16-00 cleared
[INFO|CRAWLER.py] 2020-11-14 14:22:31,603 > YCC1002-03-00 cleared
[INFO|CRAWLER.py] 2020-11-14 14:22:33,661 > YCC1002-04-00 cleared
[INFO|CRAWLER.py] 2020-11-14 14:22:35,724 > YCC1101-49-00 cleared
[INFO|CRAWLER.py] 2020-11-14 14:22:37,791 > YCC1101-50-00 cleared
[INFO|CRAWLER.py] 2020-11-14 14:22:39,844 > YCC1101-51-00 cleared
[INFO|CRAWLER.py] 2020-11-14 14:22:41,913 > YCC1101-52-00 cleared
[INFO|CRAWLER.py] 2020-11-14 14:22:43,976 > YCC1102-49-00 cleared
[INFO|CRAWLER.py] 2020-11-14 14:22:46,530 > 5 rows in 16-20 of 20
[INFO|CRAWLER.py] 2020-11-14 14:22:48,583 > YCC1102-50-00 cleared
[INFO|CRAWLER.py] 2020-11-14 14:22:50,639 > YCC1102-51-00 cleared
[INFO|CRAWLER.py] 2020-11-14 14:22:52,703 > YCC1102-52-00 cleared
[INFO|CRAWLER.py] 2020-11-14 14:22:54,758 > YCC1201-21-00 cleared
[INFO|CRAWLER.py] 2020-11-14 14:22:56,815 > YCC1202-21-00 cleared
[INFO|CRAWLER.py] 2020-11-14 14:22:58,848 > 대학영어 탐색 완료
[INFO|CRAWLER.py] 2020-11-14 14:22:58,848 > 20181-공통기초(10~18학번)-글쓰기 수집 시작
[INFO|CRAWLER.py] 2020-11-14 14:22:59,466 > 8 rows in 1-8 of 8
[INFO|CRAWLER.py] 2020-11-14 14:22:59,492 > 유의사항 기준 탐색 완료
[INFO|CRAWLER.py] 2020-11-14 14:23:00,012 > 8 rows in 1-8 of 8
[INFO|CRAWLER.py] 2020-11-14 14:23:02,085 > YCB1101-79-00 cleared
[INFO|CRAWLER.py] 2020-11-14 14:23:04,145 > YCB1101-80-00 cleared
[INFO|CRAWLER.py] 2020-11-14 14:23:06,241 > YCB1101-81-00 cleared
[INFO|CRAWLER.py] 2020-11-14 14:23:08,295 > YCB1101-82-00 cleared
[INFO|CRAWLER.py] 2020-11-14 14:23:10,350 > YCB1101-83-00 cleared
[INFO|CRAWLER.py] 2020-11-14 14:23:12,415 > YCB1101-84-00 cleared
[INFO|CRAWLER.py] 2020-11-14 14:23:14,472 > YCB1101-85-00 cleared
[INFO|CRAWLER.py] 2020-11-14 14:23:16,534 > YCB1101-86-00 cleared
[INFO|CRAWLER.py] 2020-11-14 14:23:18,560 > 글쓰기 탐색 완료
[INFO|CRAWLER.py] 2020-11-14 14:23:18,560 > 공통기초(10~18학번) 수집 완료
[INFO|CRAWLER.py] 2020-11-14 14:23:18,561 > 20181-필수교양(10~18학번)-문학과예술 수집 시작
[INFO|CRAWLER.py] 2020-11-14 14:23:19,199 > 13 rows in 1-13 of 13
[INFO|CRAWLER.py] 2020-11-14 14:23:19,224 > 유의사항 기준 탐색 완료
[INFO|CRAWLER.py] 2020-11-14 14:23:19,743 > 13 rows in 1-13 of 13
[INFO|CRAWLER.py] 2020-11-14 14:23:21,813 > UCJ1104-01-00 cleared
[INFO|CRAWLER.py] 2020-11-14 14:23:23,883 > UCB1107-01-00 cleared
[INFO|CRAWLER.py] 2020-11-14 14:23:25,978 > UCB1110-01-00 cleared
[INFO|CRAWLER.py] 2020-11-14 14:23:28,148 > UCE1105-01-00 cleared
[INFO|CRAWLER.py] 2020-11-14 14:23:30,304 > UCE1105-02-00 cleared
[INFO|CRAWLER.py] 2020-11-14 14:23:32,368 > UCE1107-01-00 cleared
[INFO|CRAWLER.py] 2020-11-14 14:23:34,440 > UCE1108-01-00 cleared
[INFO|CRAWLER.py] 2020-11-14 14:23:36,535 > YCD1001-01-00 cleared
[INFO|CRAWLER.py] 2020-11-14 14:23:38,652 > YCD1101-01-00 cleared
[INFO|CRAWLER.py] 2020-11-14 14:23:40,741 > YCD1104-01-00 cleared
[INFO|CRAWLER.py] 2020-11-14 14:23:42,837 > YCD1201-01-00 cleared
[INFO|CRAWLER.py] 2020-11-14 14:23:44,952 > YCD1602-01-00 cleared
[INFO|CRAWLER.py] 2020-11-14 14:23:47,045 > YCD1652-01-00 cleared
[INFO|CRAWLER.py] 2020-11-14 14:23:49,067 > 문학과예술 탐색 완료
[INFO|CRAWLER.py] 2020-11-14 14:23:49,067 > 20181-필수교양(10~18학번)-인간과역사 수집 시작
[INFO|CRAWLER.py] 2020-11-14 14:23:49,656 > 15 rows in 1-15 of 17
[INFO|CRAWLER.py] 2020-11-14 14:23:49,679 > 유의사항 기준 탐색 완료
[INFO|CRAWLER.py] 2020-11-14 14:23:50,197 > 15 rows in 1-15 of 17
[INFO|CRAWLER.py] 2020-11-14 14:23:50,237 > ANT1001-01-00: 중복된 강의 객체. caution 수집 완료
[INFO|CRAWLER.py] 2020-11-14 14:23:52,322 > UCB1101-01-00 cleared
[INFO|CRAWLER.py] 2020-11-14 14:23:54,463 > UCB1103-01-00 cleared
[INFO|CRAWLER.py] 2020-11-14 14:23:56,567 > UCB1105-01-00 cleared
[INFO|CRAWLER.py] 2020-11-14 14:23:58,732 > UCD1102-01-00 cleared
[INFO|CRAWLER.py] 2020-11-14 14:24:00,883 > UCD1102-02-00 cleared
[INFO|CRAWLER.py] 2020-11-14 14:24:02,963 > UCD1107-01-00 cleared
[INFO|CRAWLER.py] 2020-11-14 14:24:05,088 > UCE1102-01-00 cleared
[INFO|CRAWLER.py] 2020-11-14 14:24:07,161 > YCE1001-01-00 cleared
[INFO|CRAWLER.py] 2020-11-14 14:24:09,276 > YCE1101-01-00 cleared
[INFO|CRAWLER.py] 2020-11-14 14:24:11,388 > YCE1201-01-00 cleared
[INFO|CRAWLER.py] 2020-11-14 14:24:13,450 > YCE1254-01-00 cleared
[INFO|CRAWLER.py] 2020-11-14 14:24:15,526 > YCE1255-01-00 cleared
[INFO|CRAWLER.py] 2020-11-14 14:24:17,679 > YCE1601-01-00 cleared
[INFO|CRAWLER.py] 2020-11-14 14:24:19,805 > YCE1603-01-00 cleared
[INFO|CRAWLER.py] 2020-11-14 14:24:22,371 > 2 rows in 16-17 of 17
[INFO|CRAWLER.py] 2020-11-14 14:24:24,475 > YCE1604-01-00 cleared
[INFO|CRAWLER.py] 2020-11-14 14:24:26,607 > YCE1607-01-00 cleared
[INFO|CRAWLER.py] 2020-11-14 14:24:28,637 > 인간과역사 탐색 완료
[INFO|CRAWLER.py] 2020-11-14 14:24:28,637 > 20181-필수교양(10~18학번)-언어와표현 수집 시작
[INFO|CRAWLER.py] 2020-11-14 14:24:29,263 > 15 rows in 1-15 of 52
[INFO|CRAWLER.py] 2020-11-14 14:24:29,288 > 유의사항 기준 탐색 완료
[INFO|CRAWLER.py] 2020-11-14 14:24:29,804 > 15 rows in 1-15 of 52
[INFO|CRAWLER.py] 2020-11-14 14:24:31,876 > UCB1109-01-00 cleared
[INFO|CRAWLER.py] 2020-11-14 14:24:33,963 > YCF1201-01-00 cleared
[INFO|CRAWLER.py] 2020-11-14 14:24:36,023 > YCF1201-02-00 cleared
[INFO|CRAWLER.py] 2020-11-14 14:24:38,090 > YCF1201-03-00 cleared
[INFO|CRAWLER.py] 2020-11-14 14:24:40,160 > YCF1201-04-00 cleared
[INFO|CRAWLER.py] 2020-11-14 14:24:42,220 > YCF1201-05-00 cleared
[INFO|CRAWLER.py] 2020-11-14 14:24:44,311 > YCF1201-06-00 cleared
[INFO|CRAWLER.py] 2020-11-14 14:24:46,383 > YCF1202-01-00 cleared
[INFO|CRAWLER.py] 2020-11-14 14:24:48,441 > YCF1202-02-00 cleared
[INFO|CRAWLER.py] 2020-11-14 14:24:50,496 > YCF1203-01-00 cleared
[INFO|CRAWLER.py] 2020-11-14 14:24:52,559 > YCF1301-01-00 cleared
[INFO|CRAWLER.py] 2020-11-14 14:24:54,629 > YCF1301-02-00 cleared
[INFO|CRAWLER.py] 2020-11-14 14:24:56,723 > YCF1301-03-00 cleared
[INFO|CRAWLER.py] 2020-11-14 14:24:58,786 > YCF1301-04-00 cleared
[INFO|CRAWLER.py] 2020-11-14 14:25:00,850 > YCF1302-01-00 cleared
[INFO|CRAWLER.py] 2020-11-14 14:25:03,439 > 15 rows in 16-30 of 52
[INFO|CRAWLER.py] 2020-11-14 14:25:16,043 > YCF1302-02-00 cleared
[INFO|CRAWLER.py] 2020-11-14 14:25:18,106 > YCF1302-03-00 cleared
[INFO|CRAWLER.py] 2020-11-14 14:25:20,169 > YCF1303-01-00 cleared
[INFO|CRAWLER.py] 2020-11-14 14:25:22,249 > YCF1351-01-00 cleared
[INFO|CRAWLER.py] 2020-11-14 14:25:24,340 > YCF1351-02-00 cleared
[INFO|CRAWLER.py] 2020-11-14 14:25:26,416 > YCF1351-03-00 cleared
[INFO|CRAWLER.py] 2020-11-14 14:25:28,501 > YCF1351-04-00 cleared
[INFO|CRAWLER.py] 2020-11-14 14:25:30,564 > YCF1352-01-00 cleared
[INFO|CRAWLER.py] 2020-11-14 14:25:32,629 > YCF1352-02-00 cleared
[INFO|CRAWLER.py] 2020-11-14 14:25:34,694 > YCF1353-01-00 cleared
[INFO|CRAWLER.py] 2020-11-14 14:25:36,770 > YCF1402-01-00 cleared
[INFO|CRAWLER.py] 2020-11-14 14:25:38,833 > YCF1403-01-00 cleared
[INFO|CRAWLER.py] 2020-11-14 14:25:40,899 > YCF1405-01-00 cleared
[INFO|CRAWLER.py] 2020-11-14 14:25:42,960 > YCF1406-01-00 cleared
[INFO|CRAWLER.py] 2020-11-14 14:25:45,035 > YCF1407-01-00 cleared
[INFO|CRAWLER.py] 2020-11-14 14:25:47,600 > 15 rows in 31-45 of 52
[INFO|CRAWLER.py] 2020-11-14 14:25:49,675 > YCF1451-01-00 cleared
[INFO|CRAWLER.py] 2020-11-14 14:25:51,737 > YCF1451-02-00 cleared
[INFO|CRAWLER.py] 2020-11-14 14:25:53,802 > YCF1452-01-00 cleared
[INFO|CRAWLER.py] 2020-11-14 14:25:55,854 > YCF1453-01-00 cleared
[INFO|CRAWLER.py] 2020-11-14 14:25:57,926 > YCF1501-01-00 cleared
[INFO|CRAWLER.py] 2020-11-14 14:25:59,991 > YCF1501-02-00 cleared
[INFO|CRAWLER.py] 2020-11-14 14:26:02,044 > YCF1502-01-00 cleared
[INFO|CRAWLER.py] 2020-11-14 14:26:04,100 > YCF1502-02-00 cleared
[INFO|CRAWLER.py] 2020-11-14 14:26:06,169 > YCF1503-01-00 cleared
[INFO|CRAWLER.py] 2020-11-14 14:26:08,229 > YCF1551-01-00 cleared
[INFO|CRAWLER.py] 2020-11-14 14:26:10,294 > YCF1551-02-00 cleared
[INFO|CRAWLER.py] 2020-11-14 14:26:12,344 > YCF1552-01-00 cleared
[INFO|CRAWLER.py] 2020-11-14 14:26:24,903 > YCF1553-01-00 cleared
[INFO|CRAWLER.py] 2020-11-14 14:26:26,981 > YCF1601-01-00 cleared
[INFO|CRAWLER.py] 2020-11-14 14:26:29,065 > YCF1603-01-00 cleared
[INFO|CRAWLER.py] 2020-11-14 14:26:31,630 > 7 rows in 46-52 of 52
[INFO|CRAWLER.py] 2020-11-14 14:26:33,705 > YCF1603-02-00 cleared
[INFO|CRAWLER.py] 2020-11-14 14:26:35,770 > YCF1604-01-00 cleared
[INFO|CRAWLER.py] 2020-11-14 14:26:37,837 > YCF1605-01-00 cleared
[INFO|CRAWLER.py] 2020-11-14 14:26:39,910 > YCF1607-01-00 cleared
[INFO|CRAWLER.py] 2020-11-14 14:26:41,989 > YCF1651-01-00 cleared
[INFO|CRAWLER.py] 2020-11-14 14:26:44,106 > YCF1652-01-00 cleared
[INFO|CRAWLER.py] 2020-11-14 14:26:46,214 > YCF1652-02-00 cleared
[INFO|CRAWLER.py] 2020-11-14 14:26:48,266 > 언어와표현 탐색 완료
[INFO|CRAWLER.py] 2020-11-14 14:26:48,266 > 20181-필수교양(10~18학번)-가치와윤리 수집 시작
[INFO|CRAWLER.py] 2020-11-14 14:26:48,897 > 15 rows in 1-15 of 21
[INFO|CRAWLER.py] 2020-11-14 14:26:48,926 > 유의사항 기준 탐색 완료
[INFO|CRAWLER.py] 2020-11-14 14:26:49,444 > 15 rows in 1-15 of 21
[INFO|CRAWLER.py] 2020-11-14 14:26:49,486 > PHI1002-01-00: 중복된 강의 객체. caution 수집 완료
[INFO|CRAWLER.py] 2020-11-14 14:26:51,663 > UCB1104-01-00 cleared
[INFO|CRAWLER.py] 2020-11-14 14:26:53,742 > YCG1002-01-01 cleared
[INFO|CRAWLER.py] 2020-11-14 14:26:55,806 > YCG1002-01-02 cleared
[INFO|CRAWLER.py] 2020-11-14 14:26:57,872 > YCG1002-01-03 cleared
[INFO|CRAWLER.py] 2020-11-14 14:26:59,926 > YCG1002-01-04 cleared
[INFO|CRAWLER.py] 2020-11-14 14:27:01,982 > YCG1002-01-05 cleared
[INFO|CRAWLER.py] 2020-11-14 14:27:04,036 > YCG1002-01-06 cleared
[INFO|CRAWLER.py] 2020-11-14 14:27:06,095 > YCG1002-01-07 cleared
[INFO|CRAWLER.py] 2020-11-14 14:27:08,163 > YCG1002-01-08 cleared
[INFO|CRAWLER.py] 2020-11-14 14:27:10,218 > YCG1002-01-09 cleared
[INFO|CRAWLER.py] 2020-11-14 14:27:12,286 > YCG1002-01-10 cleared
[INFO|CRAWLER.py] 2020-11-14 14:27:14,459 > YCG1602-01-00 cleared
[INFO|CRAWLER.py] 2020-11-14 14:27:16,515 > YCG1701-01-00 cleared
[INFO|CRAWLER.py] 2020-11-14 14:27:18,607 > YCG1702-01-00 cleared
[INFO|CRAWLER.py] 2020-11-14 14:27:21,164 > 6 rows in 16-21 of 21
[INFO|CRAWLER.py] 2020-11-14 14:27:23,325 > YCG1802-01-00 cleared
[INFO|CRAWLER.py] 2020-11-14 14:27:25,627 > YCG1852-01-00 cleared
[INFO|CRAWLER.py] 2020-11-14 14:27:27,734 > YCG1999-01-00 cleared
[INFO|CRAWLER.py] 2020-11-14 14:27:29,849 > YCG1999-02-00 cleared
[INFO|CRAWLER.py] 2020-11-14 14:27:31,946 > YCG1999-04-00 cleared
[INFO|CRAWLER.py] 2020-11-14 14:27:33,989 > 가치와윤리 탐색 완료
[INFO|CRAWLER.py] 2020-11-14 14:27:33,989 > 20181-필수교양(10~18학번)-국가와사회공동체 수집 시작
[INFO|CRAWLER.py] 2020-11-14 14:27:34,618 > 12 rows in 1-12 of 12
[INFO|CRAWLER.py] 2020-11-14 14:27:34,645 > 유의사항 기준 탐색 완료
[INFO|CRAWLER.py] 2020-11-14 14:27:35,164 > 12 rows in 1-12 of 12
[INFO|CRAWLER.py] 2020-11-14 14:27:35,203 > EDU2002-01-00: 중복된 강의 객체. caution 수집 완료
[INFO|CRAWLER.py] 2020-11-14 14:27:35,245 > SOC1002-02-00: 중복된 강의 객체. caution 수집 완료
[INFO|CRAWLER.py] 2020-11-14 14:27:35,285 > SOC1002-03-00: 중복된 강의 객체. caution 수집 완료
[INFO|CRAWLER.py] 2020-11-14 14:27:35,325 > SOC1004-01-00: 중복된 강의 객체. caution 수집 완료
[INFO|CRAWLER.py] 2020-11-14 14:27:37,438 > UCD1101-01-00 cleared
[INFO|CRAWLER.py] 2020-11-14 14:27:39,502 > UCD1104-01-00 cleared
[INFO|CRAWLER.py] 2020-11-14 14:27:41,605 > UCD1105-01-00 cleared
[INFO|CRAWLER.py] 2020-11-14 14:27:43,861 > YCH1302-01-00 cleared
[INFO|CRAWLER.py] 2020-11-14 14:27:45,926 > YCH1303-01-00 cleared
[INFO|CRAWLER.py] 2020-11-14 14:27:48,265 > YCH1601-01-00 cleared
[INFO|CRAWLER.py] 2020-11-14 14:27:50,511 > YCH1602-01-00 cleared
[INFO|CRAWLER.py] 2020-11-14 14:27:52,628 > YCH1606-01-00 cleared
[INFO|CRAWLER.py] 2020-11-14 14:27:54,650 > 국가와사회공동체 탐색 완료
[INFO|CRAWLER.py] 2020-11-14 14:27:54,650 > 20181-필수교양(10~18학번)-지역사회와세계 수집 시작
[INFO|CRAWLER.py] 2020-11-14 14:27:55,241 > 13 rows in 1-13 of 13
[INFO|CRAWLER.py] 2020-11-14 14:27:55,266 > 유의사항 기준 탐색 완료
[INFO|CRAWLER.py] 2020-11-14 14:27:55,782 > 13 rows in 1-13 of 13
[INFO|CRAWLER.py] 2020-11-14 14:27:55,819 > ANT2106-01-00: 중복된 강의 객체. caution 수집 완료
[INFO|CRAWLER.py] 2020-11-14 14:27:57,910 > ECO1001-01-00 cleared
[INFO|CRAWLER.py] 2020-11-14 14:27:59,988 > ECO1001-02-00 cleared
[INFO|CRAWLER.py] 2020-11-14 14:28:02,054 > ECO1001-03-00 cleared
[INFO|CRAWLER.py] 2020-11-14 14:28:04,139 > ECO1001-04-00 cleared
[INFO|CRAWLER.py] 2020-11-14 14:28:06,213 > ECO1002-01-00 cleared
[INFO|CRAWLER.py] 2020-11-14 14:28:08,548 > UCD1103-01-00 cleared
[INFO|CRAWLER.py] 2020-11-14 14:28:10,636 > UCD1106-01-00 cleared
[INFO|CRAWLER.py] 2020-11-14 14:28:12,718 > UCF1101-01-00 cleared
[INFO|CRAWLER.py] 2020-11-14 14:28:14,852 > YCI1001-01-00 cleared
[INFO|CRAWLER.py] 2020-11-14 14:28:16,965 > YCI1201-01-00 cleared
[INFO|CRAWLER.py] 2020-11-14 14:28:19,066 > YCI1701-01-00 cleared
[INFO|CRAWLER.py] 2020-11-14 14:28:21,239 > YCI1851-01-00 cleared
[INFO|CRAWLER.py] 2020-11-14 14:28:23,262 > 지역사회와세계 탐색 완료
[INFO|CRAWLER.py] 2020-11-14 14:28:23,262 > 20181-필수교양(10~18학번)-논리와수리 수집 시작
[INFO|CRAWLER.py] 2020-11-14 14:28:23,885 > 15 rows in 1-15 of 48
[INFO|CRAWLER.py] 2020-11-14 14:28:23,917 > 유의사항 기준 탐색 완료
[INFO|CRAWLER.py] 2020-11-14 14:28:24,434 > 15 rows in 1-15 of 48
[INFO|CRAWLER.py] 2020-11-14 14:28:26,517 > ENG1108-01-00 cleared
[INFO|CRAWLER.py] 2020-11-14 14:28:28,578 > ENG1108-02-00 cleared
[INFO|CRAWLER.py] 2020-11-14 14:28:30,654 > ENG1108-03-01 cleared
[INFO|CRAWLER.py] 2020-11-14 14:28:32,726 > ENG1108-03-02 cleared
[INFO|CRAWLER.py] 2020-11-14 14:28:34,791 > ENG1108-04-01 cleared
[INFO|CRAWLER.py] 2020-11-14 14:28:36,851 > ENG1108-04-02 cleared
[INFO|CRAWLER.py] 2020-11-14 14:28:38,931 > ENG1108-05-01 cleared
[INFO|CRAWLER.py] 2020-11-14 14:28:41,001 > ENG1108-05-02 cleared
[INFO|CRAWLER.py] 2020-11-14 14:28:43,064 > ENG1108-06-01 cleared
[INFO|CRAWLER.py] 2020-11-14 14:28:45,133 > ENG1108-06-02 cleared
[INFO|CRAWLER.py] 2020-11-14 14:28:47,201 > ENG1108-07-01 cleared
[INFO|CRAWLER.py] 2020-11-14 14:28:49,271 > ENG1108-07-02 cleared
[INFO|CRAWLER.py] 2020-11-14 14:28:51,327 > ENG1108-08-01 cleared
[INFO|CRAWLER.py] 2020-11-14 14:28:53,388 > ENG1108-08-02 cleared
[INFO|CRAWLER.py] 2020-11-14 14:28:55,460 > MAT1001-01-01 cleared
[INFO|CRAWLER.py] 2020-11-14 14:28:58,049 > 15 rows in 16-30 of 48
[INFO|CRAWLER.py] 2020-11-14 14:29:00,114 > MAT1001-01-02 cleared
[INFO|CRAWLER.py] 2020-11-14 14:29:02,180 > MAT1002-01-01 cleared
[INFO|CRAWLER.py] 2020-11-14 14:29:04,240 > MAT1002-01-02 cleared
[INFO|CRAWLER.py] 2020-11-14 14:29:06,315 > MAT1011-01-01 cleared
[INFO|CRAWLER.py] 2020-11-14 14:29:08,379 > MAT1011-01-02 cleared
[INFO|CRAWLER.py] 2020-11-14 14:29:10,468 > MAT1012-01-01 cleared
[INFO|CRAWLER.py] 2020-11-14 14:29:12,533 > MAT1012-01-02 cleared
[INFO|CRAWLER.py] 2020-11-14 14:29:14,615 > STA1001-01-01 cleared
[INFO|CRAWLER.py] 2020-11-14 14:29:16,700 > STA1001-01-02 cleared
[INFO|CRAWLER.py] 2020-11-14 14:29:18,791 > STA1001-02-01 cleared
[INFO|CRAWLER.py] 2020-11-14 14:29:20,876 > STA1001-02-02 cleared
[INFO|CRAWLER.py] 2020-11-14 14:29:22,945 > STA1001-03-01 cleared
[INFO|CRAWLER.py] 2020-11-14 14:29:25,013 > STA1001-03-02 cleared
[INFO|CRAWLER.py] 2020-11-14 14:29:27,068 > STA1001-04-01 cleared
[INFO|CRAWLER.py] 2020-11-14 14:29:29,117 > STA1001-04-02 cleared
[INFO|CRAWLER.py] 2020-11-14 14:29:31,682 > 15 rows in 31-45 of 48
[INFO|CRAWLER.py] 2020-11-14 14:29:33,765 > STA1001-05-01 cleared
[INFO|CRAWLER.py] 2020-11-14 14:29:35,846 > STA1001-05-02 cleared
[INFO|CRAWLER.py] 2020-11-14 14:29:35,881 > STA1001-06-01: 중복된 강의 객체. caution 수집 완료
[INFO|CRAWLER.py] 2020-11-14 14:29:35,917 > STA1001-06-02: 중복된 강의 객체. caution 수집 완료
[INFO|CRAWLER.py] 2020-11-14 14:29:37,998 > YCJ1001-01-00 cleared
[INFO|CRAWLER.py] 2020-11-14 14:29:40,063 > YCJ1005-01-00 cleared
[INFO|CRAWLER.py] 2020-11-14 14:29:40,103 > BIZ1101-01-00: 중복된 강의 객체. caution 수집 완료
[INFO|CRAWLER.py] 2020-11-14 14:29:40,135 > BIZ1101-02-00: 중복된 강의 객체. caution 수집 완료
[INFO|CRAWLER.py] 2020-11-14 14:29:40,168 > BIZ1101-03-00: 중복된 강의 객체. caution 수집 완료
[INFO|CRAWLER.py] 2020-11-14 14:29:40,201 > BIZ1101-04-00: 중복된 강의 객체. caution 수집 완료
[INFO|CRAWLER.py] 2020-11-14 14:29:40,232 > BIZ1101-05-00: 중복된 강의 객체. caution 수집 완료
[INFO|CRAWLER.py] 2020-11-14 14:29:40,264 > BIZ1101-06-00: 중복된 강의 객체. caution 수집 완료
[INFO|CRAWLER.py] 2020-11-14 14:29:40,299 > BIZ1101-07-00: 중복된 강의 객체. caution 수집 완료
[INFO|CRAWLER.py] 2020-11-14 14:29:40,328 > BIZ1101-08-00: 중복된 강의 객체. caution 수집 완료
[INFO|CRAWLER.py] 2020-11-14 14:29:42,445 > OMA1002-01-00 cleared
[INFO|CRAWLER.py] 2020-11-14 14:29:44,989 > 3 rows in 46-48 of 48
[INFO|CRAWLER.py] 2020-11-14 14:29:45,023 > STA2105-01-00: 중복된 강의 객체. caution 수집 완료
[INFO|CRAWLER.py] 2020-11-14 14:29:45,063 > STA2105-02-00: 중복된 강의 객체. caution 수집 완료
[INFO|CRAWLER.py] 2020-11-14 14:29:45,104 > STA2105-03-00: 중복된 강의 객체. caution 수집 완료
[INFO|CRAWLER.py] 2020-11-14 14:29:47,152 > 논리와수리 탐색 완료
[INFO|CRAWLER.py] 2020-11-14 14:29:47,152 > 20181-필수교양(10~18학번)-자연과우주 수집 시작
[INFO|CRAWLER.py] 2020-11-14 14:29:47,777 > 14 rows in 1-14 of 14
[INFO|CRAWLER.py] 2020-11-14 14:29:47,802 > 유의사항 기준 탐색 완료
[INFO|CRAWLER.py] 2020-11-14 14:29:48,318 > 14 rows in 1-14 of 14
[INFO|CRAWLER.py] 2020-11-14 14:29:50,411 > CHE1001-01-00 cleared
[INFO|CRAWLER.py] 2020-11-14 14:29:52,507 > CHE1011-01-00 cleared
[INFO|CRAWLER.py] 2020-11-14 14:29:54,577 > PHY1001-01-00 cleared
[INFO|CRAWLER.py] 2020-11-14 14:29:56,664 > PHY1001-02-00 cleared
[INFO|CRAWLER.py] 2020-11-14 14:29:58,745 > PHY1011-01-00 cleared
[INFO|CRAWLER.py] 2020-11-14 14:30:00,826 > PHY1011-02-00 cleared
[INFO|CRAWLER.py] 2020-11-14 14:30:02,894 > UCC1102-01-00 cleared
[INFO|CRAWLER.py] 2020-11-14 14:30:05,013 > UCC1103-01-00 cleared
[INFO|CRAWLER.py] 2020-11-14 14:30:07,155 > UCC1105-01-00 cleared
[INFO|CRAWLER.py] 2020-11-14 14:30:09,267 > UCC1106-01-00 cleared
[INFO|CRAWLER.py] 2020-11-14 14:30:11,428 > UCC1106-02-00 cleared
[INFO|CRAWLER.py] 2020-11-14 14:30:13,525 > UCC1107-01-00 cleared
[INFO|CRAWLER.py] 2020-11-14 14:30:26,158 > PHY1003-01-00 cleared
[INFO|CRAWLER.py] 2020-11-14 14:30:28,185 > 자연과우주 탐색 완료
[INFO|CRAWLER.py] 2020-11-14 14:30:28,185 > 20181-필수교양(10~18학번)-생명과환경 수집 시작
[INFO|CRAWLER.py] 2020-11-14 14:30:28,812 > 13 rows in 1-13 of 13
[INFO|CRAWLER.py] 2020-11-14 14:30:28,838 > 유의사항 기준 탐색 완료
[INFO|CRAWLER.py] 2020-11-14 14:30:29,357 > 13 rows in 1-13 of 13
[INFO|CRAWLER.py] 2020-11-14 14:30:31,444 > BIO1001-01-00 cleared
[INFO|CRAWLER.py] 2020-11-14 14:30:33,519 > BIO1001-02-00 cleared
[INFO|CRAWLER.py] 2020-11-14 14:30:35,589 > BIO1008-01-00 cleared
[INFO|CRAWLER.py] 2020-11-14 14:30:37,663 > BIO1011-01-00 cleared
[INFO|CRAWLER.py] 2020-11-14 14:30:37,710 > STS3105-01-00: 중복된 강의 객체. caution 수집 완료
[INFO|CRAWLER.py] 2020-11-14 14:30:39,826 > UCC1104-01-00 cleared
[INFO|CRAWLER.py] 2020-11-14 14:30:41,884 > UCC1113-01-00 cleared
[INFO|CRAWLER.py] 2020-11-14 14:30:43,969 > UCH1103-01-00 cleared
[INFO|CRAWLER.py] 2020-11-14 14:30:46,067 > UCH1104-01-00 cleared
[INFO|CRAWLER.py] 2020-11-14 14:30:48,160 > UCH1109-01-00 cleared
[INFO|CRAWLER.py] 2020-11-14 14:30:50,247 > YCL1601-01-01 cleared
[INFO|CRAWLER.py] 2020-11-14 14:30:52,338 > YCL1601-01-02 cleared
[INFO|CRAWLER.py] 2020-11-14 14:30:54,429 > YCL1999-01-00 cleared
[INFO|CRAWLER.py] 2020-11-14 14:30:56,451 > 생명과환경 탐색 완료
[INFO|CRAWLER.py] 2020-11-14 14:30:56,451 > 20181-필수교양(10~18학번)-소프트웨어 수집 시작
[INFO|CRAWLER.py] 2020-11-14 14:30:57,047 > 3 rows in 1-3 of 3
[INFO|CRAWLER.py] 2020-11-14 14:30:57,071 > 유의사항 기준 탐색 완료
[INFO|CRAWLER.py] 2020-11-14 14:30:57,589 > 3 rows in 1-3 of 3
[INFO|CRAWLER.py] 2020-11-14 14:30:59,688 > YCS1002-01-00 cleared
[INFO|CRAWLER.py] 2020-11-14 14:31:01,785 > YCS1002-02-00 cleared
[INFO|CRAWLER.py] 2020-11-14 14:31:03,860 > YCS1001-01-00 cleared
[INFO|CRAWLER.py] 2020-11-14 14:31:05,883 > 소프트웨어 탐색 완료
[INFO|CRAWLER.py] 2020-11-14 14:31:05,884 > 필수교양(10~18학번) 수집 완료
[INFO|CRAWLER.py] 2020-11-14 14:31:05,884 > 20181-선택교양(10~18학번)-Freshman Seminars 수집 시작
[INFO|CRAWLER.py] 2020-11-14 14:31:06,512 > 0 rows in 1-0 of 0
[INFO|CRAWLER.py] 2020-11-14 14:31:17,050 > No caution link in 0th row
[INFO|CRAWLER.py] 2020-11-14 14:31:17,556 > 0 rows in 1-0 of 0
[INFO|CRAWLER.py] 2020-11-14 14:31:17,556 > No caution in pages
[INFO|CRAWLER.py] 2020-11-14 14:31:18,075 > 0 rows in 1-0 of 0
[INFO|CRAWLER.py] 2020-11-14 14:31:20,095 > Freshman Seminars 탐색 완료
[INFO|CRAWLER.py] 2020-11-14 14:31:20,095 > 20181-선택교양(10~18학번)-Gateway to College 수집 시작
[INFO|CRAWLER.py] 2020-11-14 14:31:20,680 > 0 rows in 1-0 of 0
[INFO|CRAWLER.py] 2020-11-14 14:31:31,197 > No caution link in 0th row
[INFO|CRAWLER.py] 2020-11-14 14:31:31,704 > 0 rows in 1-0 of 0
[INFO|CRAWLER.py] 2020-11-14 14:31:31,704 > No caution in pages
[INFO|CRAWLER.py] 2020-11-14 14:31:32,220 > 0 rows in 1-0 of 0
[INFO|CRAWLER.py] 2020-11-14 14:31:34,241 > Gateway to College 탐색 완료
[INFO|CRAWLER.py] 2020-11-14 14:31:34,241 > 20181-선택교양(10~18학번)-Residential Education 수집 시작
[INFO|CRAWLER.py] 2020-11-14 14:31:34,826 > 0 rows in 1-0 of 0
[INFO|CRAWLER.py] 2020-11-14 14:31:45,362 > No caution link in 0th row
[INFO|CRAWLER.py] 2020-11-14 14:31:45,869 > 0 rows in 1-0 of 0
[INFO|CRAWLER.py] 2020-11-14 14:31:45,869 > No caution in pages
[INFO|CRAWLER.py] 2020-11-14 14:31:46,386 > 0 rows in 1-0 of 0
[INFO|CRAWLER.py] 2020-11-14 14:31:48,406 > Residential Education 탐색 완료
[INFO|CRAWLER.py] 2020-11-14 14:31:48,406 > 20181-선택교양(10~18학번)-역사·철학영역 수집 시작
[INFO|CRAWLER.py] 2020-11-14 14:31:48,991 > 15 rows in 1-15 of 16
[INFO|CRAWLER.py] 2020-11-14 14:31:59,496 > No caution link in 0th row
[INFO|CRAWLER.py] 2020-11-14 14:32:00,002 > 15 rows in 1-15 of 16
[INFO|CRAWLER.py] 2020-11-14 14:32:00,027 > 유의사항 기준 탐색 완료
[INFO|CRAWLER.py] 2020-11-14 14:32:00,544 > 15 rows in 1-15 of 16
[INFO|CRAWLER.py] 2020-11-14 14:32:13,114 > UCG1145-01-00 cleared
[INFO|CRAWLER.py] 2020-11-14 14:32:15,178 > UCG1104-01-00 cleared
[INFO|CRAWLER.py] 2020-11-14 14:32:17,255 > UCG1106-01-00 cleared
[INFO|CRAWLER.py] 2020-11-14 14:32:19,399 > UCG1108-01-00 cleared
[INFO|CRAWLER.py] 2020-11-14 14:32:21,469 > UCG1109-01-00 cleared
[INFO|CRAWLER.py] 2020-11-14 14:32:34,073 > UCG1112-01-00 cleared
[INFO|CRAWLER.py] 2020-11-14 14:32:36,148 > UCG1116-01-00 cleared
[INFO|CRAWLER.py] 2020-11-14 14:32:38,234 > UCG1117-01-00 cleared
[INFO|CRAWLER.py] 2020-11-14 14:32:40,302 > UCG1122-01-00 cleared
[INFO|CRAWLER.py] 2020-11-14 14:32:42,506 > UCG1130-01-00 cleared
[INFO|CRAWLER.py] 2020-11-14 14:32:44,581 > UCG1140-01-00 cleared
[INFO|CRAWLER.py] 2020-11-14 14:32:46,678 > UCG1142-01-00 cleared
[INFO|CRAWLER.py] 2020-11-14 14:32:48,754 > UCG1131-01-00 cleared
[INFO|CRAWLER.py] 2020-11-14 14:32:50,842 > UCG1131-02-00 cleared
[INFO|CRAWLER.py] 2020-11-14 14:32:52,912 > UCG1131-03-00 cleared
[INFO|CRAWLER.py] 2020-11-14 14:32:55,473 > 1 rows in 16-16 of 16
[INFO|CRAWLER.py] 2020-11-14 14:32:57,532 > UCG1131-04-00 cleared
[INFO|CRAWLER.py] 2020-11-14 14:32:59,559 > 역사·철학영역 탐색 완료
[INFO|CRAWLER.py] 2020-11-14 14:32:59,559 > 20181-선택교양(10~18학번)-과학·기술영역 수집 시작
[INFO|CRAWLER.py] 2020-11-14 14:33:00,190 > 5 rows in 1-5 of 5
[INFO|CRAWLER.py] 2020-11-14 14:33:00,213 > 유의사항 기준 탐색 완료
[INFO|CRAWLER.py] 2020-11-14 14:33:00,729 > 5 rows in 1-5 of 5
[INFO|CRAWLER.py] 2020-11-14 14:33:02,795 > UCH1105-01-00 cleared
[INFO|CRAWLER.py] 2020-11-14 14:33:04,850 > UCH1120-01-00 cleared
[INFO|CRAWLER.py] 2020-11-14 14:33:06,920 > UCH1121-01-00 cleared
[INFO|CRAWLER.py] 2020-11-14 14:33:08,988 > UCH1123-01-00 cleared
[INFO|CRAWLER.py] 2020-11-14 14:33:11,098 > UCH1135-01-00 cleared
[INFO|CRAWLER.py] 2020-11-14 14:33:13,119 > 과학·기술영역 탐색 완료
[INFO|CRAWLER.py] 2020-11-14 14:33:13,119 > 20181-선택교양(10~18학번)-사회·윤리영역 수집 시작
[INFO|CRAWLER.py] 2020-11-14 14:33:13,708 > 15 rows in 1-15 of 38
[INFO|CRAWLER.py] 2020-11-14 14:33:13,736 > 유의사항 기준 탐색 완료
[INFO|CRAWLER.py] 2020-11-14 14:33:14,253 > 15 rows in 1-15 of 38
[INFO|CRAWLER.py] 2020-11-14 14:33:16,308 > UCI2001-01-00 cleared
[INFO|CRAWLER.py] 2020-11-14 14:33:18,442 > UCI2001-03-00 cleared
[INFO|CRAWLER.py] 2020-11-14 14:33:20,493 > UCI2001-04-00 cleared
[INFO|CRAWLER.py] 2020-11-14 14:33:22,555 > UCI2001-05-00 cleared
[INFO|CRAWLER.py] 2020-11-14 14:33:24,643 > UCI2001-06-00 cleared
[INFO|CRAWLER.py] 2020-11-14 14:33:26,735 > UCI2001-07-00 cleared
[INFO|CRAWLER.py] 2020-11-14 14:33:28,798 > UCI2001-08-00 cleared
[INFO|CRAWLER.py] 2020-11-14 14:33:30,857 > UCI2001-09-00 cleared
[INFO|CRAWLER.py] 2020-11-14 14:33:32,933 > UCI2001-10-00 cleared
[INFO|CRAWLER.py] 2020-11-14 14:33:35,009 > UCI2001-11-00 cleared
[INFO|CRAWLER.py] 2020-11-14 14:33:37,066 > UCI2001-12-00 cleared
[INFO|CRAWLER.py] 2020-11-14 14:33:39,124 > UCI2001-13-00 cleared
[INFO|CRAWLER.py] 2020-11-14 14:33:41,204 > UCI2001-15-00 cleared
[INFO|CRAWLER.py] 2020-11-14 14:33:43,768 > 15 rows in 16-30 of 38
[INFO|CRAWLER.py] 2020-11-14 14:33:45,841 > UCI2001-17-00 cleared
[INFO|CRAWLER.py] 2020-11-14 14:33:47,909 > UCI2001-19-00 cleared
[INFO|CRAWLER.py] 2020-11-14 14:33:49,960 > UCR1016-01-00 cleared
[INFO|CRAWLER.py] 2020-11-14 14:33:52,069 > UCI1155-01-00 cleared
[INFO|CRAWLER.py] 2020-11-14 14:33:54,267 > UCI1162-01-00 cleared
[INFO|CRAWLER.py] 2020-11-14 14:33:56,433 > UCI1164-01-00 cleared
[INFO|CRAWLER.py] 2020-11-14 14:33:58,524 > UCI1101-01-00 cleared
[INFO|CRAWLER.py] 2020-11-14 14:34:00,597 > UCI1103-01-00 cleared
[INFO|CRAWLER.py] 2020-11-14 14:34:02,680 > UCI1105-01-00 cleared
[INFO|CRAWLER.py] 2020-11-14 14:34:04,804 > UCI1109-01-00 cleared
[INFO|CRAWLER.py] 2020-11-14 14:34:06,916 > UCI1122-01-00 cleared
[INFO|CRAWLER.py] 2020-11-14 14:34:09,074 > UCI1123-01-00 cleared
[INFO|CRAWLER.py] 2020-11-14 14:34:11,162 > UCI1124-01-00 cleared
[INFO|CRAWLER.py] 2020-11-14 14:34:13,711 > 8 rows in 31-38 of 38
[INFO|CRAWLER.py] 2020-11-14 14:34:15,793 > UCI1133-01-00 cleared
[INFO|CRAWLER.py] 2020-11-14 14:34:17,853 > UCI1137-01-00 cleared
[INFO|CRAWLER.py] 2020-11-14 14:34:19,913 > UCI1140-01-00 cleared
[INFO|CRAWLER.py] 2020-11-14 14:34:22,012 > UCI1142-01-00 cleared
[INFO|CRAWLER.py] 2020-11-14 14:34:34,594 > UCI1152-01-00 cleared
[INFO|CRAWLER.py] 2020-11-14 14:34:36,698 > UCL1130-01-00 cleared
[INFO|CRAWLER.py] 2020-11-14 14:34:38,776 > UCL1131-01-00 cleared
[INFO|CRAWLER.py] 2020-11-14 14:34:40,861 > UCL1132-01-00 cleared
[INFO|CRAWLER.py] 2020-11-14 14:34:42,927 > 사회·윤리영역 탐색 완료
[INFO|CRAWLER.py] 2020-11-14 14:34:42,927 > 20181-선택교양(10~18학번)-인문·예술영역 수집 시작
[INFO|CRAWLER.py] 2020-11-14 14:34:43,583 > 15 rows in 1-15 of 25
[INFO|CRAWLER.py] 2020-11-14 14:34:43,610 > 유의사항 기준 탐색 완료
[INFO|CRAWLER.py] 2020-11-14 14:34:44,128 > 15 rows in 1-15 of 25
[INFO|CRAWLER.py] 2020-11-14 14:34:46,197 > UCJ1135-01-00 cleared
[INFO|CRAWLER.py] 2020-11-14 14:34:58,778 > UCJ1135-02-00 cleared
[INFO|CRAWLER.py] 2020-11-14 14:35:00,858 > UCJ1135-03-00 cleared
[INFO|CRAWLER.py] 2020-11-14 14:35:02,923 > UCJ1136-01-00 cleared
[INFO|CRAWLER.py] 2020-11-14 14:35:05,001 > UCJ1107-01-00 cleared
[INFO|CRAWLER.py] 2020-11-14 14:35:07,066 > UCJ1107-02-00 cleared
[INFO|CRAWLER.py] 2020-11-14 14:35:09,184 > UCJ1108-01-00 cleared
[INFO|CRAWLER.py] 2020-11-14 14:35:11,273 > UCJ1108-02-00 cleared
[INFO|CRAWLER.py] 2020-11-14 14:35:13,339 > UCJ1109-01-00 cleared
[INFO|CRAWLER.py] 2020-11-14 14:35:15,431 > UCJ1110-01-00 cleared
[INFO|CRAWLER.py] 2020-11-14 14:35:17,548 > UCJ1111-01-00 cleared
[INFO|CRAWLER.py] 2020-11-14 14:35:19,695 > UCJ1111-02-00 cleared
[INFO|CRAWLER.py] 2020-11-14 14:35:21,775 > UCJ1112-01-00 cleared
[INFO|CRAWLER.py] 2020-11-14 14:35:23,866 > UCJ1113-01-00 cleared
[INFO|CRAWLER.py] 2020-11-14 14:35:25,945 > UCJ1113-02-00 cleared
[INFO|CRAWLER.py] 2020-11-14 14:35:28,521 > 10 rows in 16-25 of 25
[INFO|CRAWLER.py] 2020-11-14 14:35:30,579 > UCJ1116-01-00 cleared
[INFO|CRAWLER.py] 2020-11-14 14:35:32,640 > UCJ1116-02-00 cleared
[INFO|CRAWLER.py] 2020-11-14 14:35:34,707 > UCJ1116-03-00 cleared
[INFO|CRAWLER.py] 2020-11-14 14:35:36,788 > UCJ1102-01-00 cleared
[INFO|CRAWLER.py] 2020-11-14 14:35:38,878 > UCJ1117-01-00 cleared
[INFO|CRAWLER.py] 2020-11-14 14:35:40,953 > UCJ1119-01-00 cleared
[INFO|CRAWLER.py] 2020-11-14 14:35:43,081 > UCJ1122-01-00 cleared
[INFO|CRAWLER.py] 2020-11-14 14:35:45,172 > UCJ1124-01-00 cleared
[INFO|CRAWLER.py] 2020-11-14 14:35:47,241 > UCJ1131-01-00 cleared
[INFO|CRAWLER.py] 2020-11-14 14:35:49,309 > UCJ1132-01-00 cleared
[INFO|CRAWLER.py] 2020-11-14 14:35:51,343 > 인문·예술영역 탐색 완료
[INFO|CRAWLER.py] 2020-11-14 14:35:51,344 > 20181-선택교양(10~18학번)-세계문화·언어영역 수집 시작
[INFO|CRAWLER.py] 2020-11-14 14:35:51,972 > 15 rows in 1-15 of 36
[INFO|CRAWLER.py] 2020-11-14 14:35:51,996 > 유의사항 기준 탐색 완료
[INFO|CRAWLER.py] 2020-11-14 14:35:52,514 > 15 rows in 1-15 of 36
[INFO|CRAWLER.py] 2020-11-14 14:35:54,581 > UCK1104-01-00 cleared
[INFO|CRAWLER.py] 2020-11-14 14:35:56,701 > UCK1104-02-00 cleared
[INFO|CRAWLER.py] 2020-11-14 14:35:58,809 > UCK1105-01-00 cleared
[INFO|CRAWLER.py] 2020-11-14 14:36:00,912 > UCK1105-02-00 cleared
[INFO|CRAWLER.py] 2020-11-14 14:36:02,996 > UCK1106-01-00 cleared
[INFO|CRAWLER.py] 2020-11-14 14:36:05,067 > UCK1110-01-00 cleared
[INFO|CRAWLER.py] 2020-11-14 14:36:07,135 > UCK1111-01-00 cleared
[INFO|CRAWLER.py] 2020-11-14 14:36:09,225 > UCK1111-02-00 cleared
[INFO|CRAWLER.py] 2020-11-14 14:36:11,296 > UCK1113-01-00 cleared
[INFO|CRAWLER.py] 2020-11-14 14:36:13,360 > UCK1114-01-00 cleared
[INFO|CRAWLER.py] 2020-11-14 14:36:15,420 > UCK1114-02-00 cleared
[INFO|CRAWLER.py] 2020-11-14 14:36:17,480 > UCK1117-01-00 cleared
[INFO|CRAWLER.py] 2020-11-14 14:36:19,544 > UCK1119-01-00 cleared
[INFO|CRAWLER.py] 2020-11-14 14:36:21,618 > UCK1124-01-00 cleared
[INFO|CRAWLER.py] 2020-11-14 14:36:23,695 > UCK1125-01-00 cleared
[INFO|CRAWLER.py] 2020-11-14 14:36:26,262 > 15 rows in 16-30 of 36
[INFO|CRAWLER.py] 2020-11-14 14:36:28,314 > UCK1126-01-00 cleared
[INFO|CRAWLER.py] 2020-11-14 14:36:30,362 > UCK1127-01-00 cleared
[INFO|CRAWLER.py] 2020-11-14 14:36:32,417 > UCK1128-01-00 cleared
[INFO|CRAWLER.py] 2020-11-14 14:36:34,486 > UCK1129-01-00 cleared
[INFO|CRAWLER.py] 2020-11-14 14:36:36,578 > UCK1132-01-00 cleared
[INFO|CRAWLER.py] 2020-11-14 14:36:38,688 > UCK1135-01-00 cleared
[INFO|CRAWLER.py] 2020-11-14 14:36:40,758 > UCK1143-01-00 cleared
[INFO|CRAWLER.py] 2020-11-14 14:36:42,838 > UCK1143-02-00 cleared
[INFO|CRAWLER.py] 2020-11-14 14:36:44,910 > UCK1144-01-00 cleared
[INFO|CRAWLER.py] 2020-11-14 14:36:46,972 > UCK1147-01-00 cleared
[INFO|CRAWLER.py] 2020-11-14 14:36:49,059 > UCK1148-01-00 cleared
[INFO|CRAWLER.py] 2020-11-14 14:36:51,121 > UCK1149-01-00 cleared
[INFO|CRAWLER.py] 2020-11-14 14:36:53,179 > UCK1150-01-00 cleared
[INFO|CRAWLER.py] 2020-11-14 14:36:55,239 > UCK1151-01-00 cleared
[INFO|CRAWLER.py] 2020-11-14 14:36:57,330 > UCK1153-01-00 cleared
[INFO|CRAWLER.py] 2020-11-14 14:36:59,904 > 6 rows in 31-36 of 36
[INFO|CRAWLER.py] 2020-11-14 14:37:01,965 > UCK1154-01-00 cleared
[INFO|CRAWLER.py] 2020-11-14 14:37:04,035 > UCK1156-01-00 cleared
[INFO|CRAWLER.py] 2020-11-14 14:37:06,115 > UCK1157-01-00 cleared
[INFO|CRAWLER.py] 2020-11-14 14:37:08,169 > UCK1158-01-00 cleared
[INFO|CRAWLER.py] 2020-11-14 14:37:10,262 > UCK1159-01-00 cleared
[INFO|CRAWLER.py] 2020-11-14 14:37:12,333 > UCK1161-01-00 cleared
[INFO|CRAWLER.py] 2020-11-14 14:37:14,374 > 세계문화·언어영역 탐색 완료
[INFO|CRAWLER.py] 2020-11-14 14:37:14,374 > 20181-선택교양(10~18학번)-생활·건강영역 수집 시작
[INFO|CRAWLER.py] 2020-11-14 14:37:15,004 > 15 rows in 1-15 of 94
[INFO|CRAWLER.py] 2020-11-14 14:37:15,027 > 유의사항 기준 탐색 완료
[INFO|CRAWLER.py] 2020-11-14 14:37:15,555 > 15 rows in 1-15 of 94
[INFO|CRAWLER.py] 2020-11-14 14:37:17,635 > UCL1101-01-00 cleared
[INFO|CRAWLER.py] 2020-11-14 14:37:19,702 > UCL1101-02-00 cleared
[INFO|CRAWLER.py] 2020-11-14 14:37:21,770 > UCL1101-03-00 cleared
[INFO|CRAWLER.py] 2020-11-14 14:37:23,858 > UCL1101-04-00 cleared
[INFO|CRAWLER.py] 2020-11-14 14:37:25,919 > UCL1101-05-00 cleared
[INFO|CRAWLER.py] 2020-11-14 14:37:27,991 > UCL1102-01-00 cleared
[INFO|CRAWLER.py] 2020-11-14 14:37:30,067 > UCL1102-02-00 cleared
[INFO|CRAWLER.py] 2020-11-14 14:37:32,131 > UCL1102-03-00 cleared
[INFO|CRAWLER.py] 2020-11-14 14:37:34,213 > UCL1103-01-00 cleared
[INFO|CRAWLER.py] 2020-11-14 14:37:36,284 > UCL1103-02-00 cleared
[INFO|CRAWLER.py] 2020-11-14 14:37:38,361 > UCL1103-03-00 cleared
[INFO|CRAWLER.py] 2020-11-14 14:37:40,424 > UCL1103-04-00 cleared
[INFO|CRAWLER.py] 2020-11-14 14:37:42,503 > UCL1103-05-00 cleared
[INFO|CRAWLER.py] 2020-11-14 14:37:44,575 > UCL1103-06-00 cleared
[INFO|CRAWLER.py] 2020-11-14 14:37:46,640 > UCL1103-07-00 cleared
[INFO|CRAWLER.py] 2020-11-14 14:37:49,225 > 15 rows in 16-30 of 94
[INFO|CRAWLER.py] 2020-11-14 14:37:51,289 > UCL1103-08-00 cleared
[INFO|CRAWLER.py] 2020-11-14 14:37:53,361 > UCL1103-09-00 cleared
[INFO|CRAWLER.py] 2020-11-14 14:37:55,435 > UCL1104-01-00 cleared
[INFO|CRAWLER.py] 2020-11-14 14:37:57,500 > UCL1104-02-00 cleared
[INFO|CRAWLER.py] 2020-11-14 14:37:59,572 > UCL1104-03-00 cleared
[INFO|CRAWLER.py] 2020-11-14 14:38:01,643 > UCL1105-01-00 cleared
[INFO|CRAWLER.py] 2020-11-14 14:38:03,717 > UCL1105-02-00 cleared
[INFO|CRAWLER.py] 2020-11-14 14:38:05,776 > UCL1105-03-00 cleared
[INFO|CRAWLER.py] 2020-11-14 14:38:07,841 > UCL1105-04-00 cleared
[INFO|CRAWLER.py] 2020-11-14 14:38:09,918 > UCL1105-05-00 cleared
[INFO|CRAWLER.py] 2020-11-14 14:38:11,987 > UCL1105-06-00 cleared
[INFO|CRAWLER.py] 2020-11-14 14:38:14,064 > UCL1105-07-00 cleared
[INFO|CRAWLER.py] 2020-11-14 14:38:16,176 > UCL1105-08-00 cleared
[INFO|CRAWLER.py] 2020-11-14 14:38:18,236 > UCL1105-09-00 cleared
[INFO|CRAWLER.py] 2020-11-14 14:38:20,304 > UCL1105-10-00 cleared
[INFO|CRAWLER.py] 2020-11-14 14:38:22,868 > 15 rows in 31-45 of 94
[INFO|CRAWLER.py] 2020-11-14 14:38:24,930 > UCL1106-01-00 cleared
[INFO|CRAWLER.py] 2020-11-14 14:38:26,989 > UCL1106-02-00 cleared
[INFO|CRAWLER.py] 2020-11-14 14:38:29,079 > UCL1108-01-00 cleared
[INFO|CRAWLER.py] 2020-11-14 14:38:31,150 > UCL1108-03-00 cleared
[INFO|CRAWLER.py] 2020-11-14 14:38:33,225 > UCL1109-01-00 cleared
[INFO|CRAWLER.py] 2020-11-14 14:38:35,301 > UCL1109-02-00 cleared
[INFO|CRAWLER.py] 2020-11-14 14:38:37,372 > UCL1109-03-00 cleared
[INFO|CRAWLER.py] 2020-11-14 14:38:39,442 > UCL1109-04-00 cleared
[INFO|CRAWLER.py] 2020-11-14 14:38:41,528 > UCL1109-05-00 cleared
[INFO|CRAWLER.py] 2020-11-14 14:38:43,610 > UCL1109-06-00 cleared
[INFO|CRAWLER.py] 2020-11-14 14:38:45,670 > UCL1110-01-00 cleared
[INFO|CRAWLER.py] 2020-11-14 14:38:47,723 > UCL1110-02-00 cleared
[INFO|CRAWLER.py] 2020-11-14 14:38:49,798 > UCL1111-01-00 cleared
[INFO|CRAWLER.py] 2020-11-14 14:38:51,870 > UCL1111-02-00 cleared
[INFO|CRAWLER.py] 2020-11-14 14:38:53,951 > UCL1111-03-00 cleared
[INFO|CRAWLER.py] 2020-11-14 14:38:56,514 > 15 rows in 46-60 of 94
[INFO|CRAWLER.py] 2020-11-14 14:38:58,582 > UCL1111-04-00 cleared
[INFO|CRAWLER.py] 2020-11-14 14:39:00,666 > UCL1111-05-00 cleared
[INFO|CRAWLER.py] 2020-11-14 14:39:02,733 > UCL1111-06-00 cleared
[INFO|CRAWLER.py] 2020-11-14 14:39:04,806 > UCL1112-01-00 cleared
[INFO|CRAWLER.py] 2020-11-14 14:39:06,886 > UCL1112-02-00 cleared
[INFO|CRAWLER.py] 2020-11-14 14:39:08,945 > UCL1115-01-00 cleared
[INFO|CRAWLER.py] 2020-11-14 14:39:11,012 > UCL1115-02-00 cleared
[INFO|CRAWLER.py] 2020-11-14 14:39:13,072 > UCL1116-01-00 cleared
[INFO|CRAWLER.py] 2020-11-14 14:39:15,134 > UCL1118-01-00 cleared
[INFO|CRAWLER.py] 2020-11-14 14:39:17,193 > UCL1119-01-00 cleared
[INFO|CRAWLER.py] 2020-11-14 14:39:19,269 > UCL1119-02-00 cleared
[INFO|CRAWLER.py] 2020-11-14 14:39:21,325 > UCL1119-03-00 cleared
[INFO|CRAWLER.py] 2020-11-14 14:39:23,434 > UCL1121-01-00 cleared
[INFO|CRAWLER.py] 2020-11-14 14:39:25,517 > UCL1121-02-00 cleared
[INFO|CRAWLER.py] 2020-11-14 14:39:27,604 > UCL1121-03-00 cleared
[INFO|CRAWLER.py] 2020-11-14 14:39:30,188 > 15 rows in 61-75 of 94
[INFO|CRAWLER.py] 2020-11-14 14:39:32,249 > UCL1124-01-00 cleared
[INFO|CRAWLER.py] 2020-11-14 14:39:34,305 > UCL1127-01-00 cleared
[INFO|CRAWLER.py] 2020-11-14 14:39:36,372 > UCL1127-02-00 cleared
[INFO|CRAWLER.py] 2020-11-14 14:39:38,445 > UCL1127-03-00 cleared
[INFO|CRAWLER.py] 2020-11-14 14:39:40,514 > UCL1207-01-00 cleared
[INFO|CRAWLER.py] 2020-11-14 14:39:42,593 > UCL1209-01-00 cleared
[INFO|CRAWLER.py] 2020-11-14 14:39:44,667 > UCL1210-01-00 cleared
[INFO|CRAWLER.py] 2020-11-14 14:39:46,752 > UCL1212-01-00 cleared
[INFO|CRAWLER.py] 2020-11-14 14:39:48,814 > UCL1214-01-00 cleared
[INFO|CRAWLER.py] 2020-11-14 14:39:50,894 > UCL1215-01-00 cleared
[INFO|CRAWLER.py] 2020-11-14 14:39:52,977 > UCL1215-02-00 cleared
[INFO|CRAWLER.py] 2020-11-14 14:39:55,071 > UCL1215-03-00 cleared
[INFO|CRAWLER.py] 2020-11-14 14:39:57,168 > UCL1215-04-00 cleared
[INFO|CRAWLER.py] 2020-11-14 14:39:59,238 > UCL1215-05-00 cleared
[INFO|CRAWLER.py] 2020-11-14 14:40:01,301 > UCL1216-01-00 cleared
[INFO|CRAWLER.py] 2020-11-14 14:40:03,866 > 15 rows in 76-90 of 94
[INFO|CRAWLER.py] 2020-11-14 14:40:05,935 > UCL1217-01-00 cleared
[INFO|CRAWLER.py] 2020-11-14 14:40:08,002 > UCL1217-02-00 cleared
[INFO|CRAWLER.py] 2020-11-14 14:40:10,062 > UCL1218-01-00 cleared
[INFO|CRAWLER.py] 2020-11-14 14:40:12,122 > UCL1218-02-00 cleared
[INFO|CRAWLER.py] 2020-11-14 14:40:14,179 > UCL1220-01-00 cleared
[INFO|CRAWLER.py] 2020-11-14 14:40:16,247 > UCL1222-01-00 cleared
[INFO|CRAWLER.py] 2020-11-14 14:40:18,303 > UCL1222-02-00 cleared
[INFO|CRAWLER.py] 2020-11-14 14:40:20,374 > UCL1223-01-00 cleared
[INFO|CRAWLER.py] 2020-11-14 14:40:22,442 > UCL1223-02-00 cleared
[INFO|CRAWLER.py] 2020-11-14 14:40:24,497 > UCL1224-01-00 cleared
[INFO|CRAWLER.py] 2020-11-14 14:40:26,568 > UCL1224-02-00 cleared
[INFO|CRAWLER.py] 2020-11-14 14:40:28,638 > UCL1229-01-00 cleared
[INFO|CRAWLER.py] 2020-11-14 14:40:30,730 > UCL1202-01-00 cleared
[INFO|CRAWLER.py] 2020-11-14 14:40:32,826 > UCL1203-01-00 cleared
[INFO|CRAWLER.py] 2020-11-14 14:40:34,919 > UCL1203-02-00 cleared
[INFO|CRAWLER.py] 2020-11-14 14:40:37,464 > 4 rows in 91-94 of 94
[INFO|CRAWLER.py] 2020-11-14 14:40:39,519 > UCL1204-01-00 cleared
[INFO|CRAWLER.py] 2020-11-14 14:40:41,601 > UCL1201-01-00 cleared
[INFO|CRAWLER.py] 2020-11-14 14:40:43,686 > UCL1201-02-00 cleared
[INFO|CRAWLER.py] 2020-11-14 14:40:45,783 > UCL1205-01-00 cleared
[INFO|CRAWLER.py] 2020-11-14 14:40:47,825 > 생활·건강영역 탐색 완료
[INFO|CRAWLER.py] 2020-11-14 14:40:47,825 > 선택교양(10~18학번) 수집 완료
[INFO|CRAWLER.py] 2020-11-14 14:40:47,825 > 20181-(~2018학번)국제캠퍼스-공통기초-채플 수집 시작
[INFO|CRAWLER.py] 2020-11-14 14:40:48,465 > 12 rows in 1-12 of 12
[INFO|CRAWLER.py] 2020-11-14 14:40:48,489 > 유의사항 기준 탐색 완료
[INFO|CRAWLER.py] 2020-11-14 14:40:49,006 > 12 rows in 1-12 of 12
[INFO|CRAWLER.py] 2020-11-14 14:40:49,044 > YCA1001-01-00: 중복된 강의 객체. caution 수집 완료
[INFO|CRAWLER.py] 2020-11-14 14:40:49,083 > YCA1001-02-00: 중복된 강의 객체. caution 수집 완료
[INFO|CRAWLER.py] 2020-11-14 14:40:51,133 > YCA1001-03-00 cleared
[INFO|CRAWLER.py] 2020-11-14 14:40:51,247 > YCA1005-01-00: 중복된 강의 객체. caution 수집 완료
[INFO|CRAWLER.py] 2020-11-14 14:40:51,290 > YCA1005-02-00: 중복된 강의 객체. caution 수집 완료
[INFO|CRAWLER.py] 2020-11-14 14:40:53,342 > YCA1005-03-00 cleared
[INFO|CRAWLER.py] 2020-11-14 14:40:55,401 > YCA1005-04-00 cleared
[INFO|CRAWLER.py] 2020-11-14 14:40:57,479 > YCA1005-06-00 cleared
[INFO|CRAWLER.py] 2020-11-14 14:40:59,506 > 공통기초-채플 탐색 완료
[INFO|CRAWLER.py] 2020-11-14 14:40:59,507 > 20181-(~2018학번)국제캠퍼스-공통기초-기독교의이해 수집 시작
[INFO|CRAWLER.py] 2020-11-14 14:41:00,135 > 15 rows in 1-15 of 27
[INFO|CRAWLER.py] 2020-11-14 14:41:00,162 > 유의사항 기준 탐색 완료
[INFO|CRAWLER.py] 2020-11-14 14:41:00,681 > 15 rows in 1-15 of 27
[INFO|CRAWLER.py] 2020-11-14 14:41:02,731 > YCA1101-01-00 cleared
[INFO|CRAWLER.py] 2020-11-14 14:41:04,782 > YCA1101-02-00 cleared
[INFO|CRAWLER.py] 2020-11-14 14:41:06,832 > YCA1101-03-00 cleared
[INFO|CRAWLER.py] 2020-11-14 14:41:08,882 > YCA1101-04-00 cleared
[INFO|CRAWLER.py] 2020-11-14 14:41:10,939 > YCA1101-05-00 cleared
[INFO|CRAWLER.py] 2020-11-14 14:41:12,990 > YCA1101-06-00 cleared
[INFO|CRAWLER.py] 2020-11-14 14:41:15,068 > YCA1101-08-00 cleared
[INFO|CRAWLER.py] 2020-11-14 14:41:15,132 > YCA1101-10-00: 중복된 강의 객체. caution 수집 완료
[INFO|CRAWLER.py] 2020-11-14 14:41:15,173 > YCA1101-11-00: 중복된 강의 객체. caution 수집 완료
[INFO|CRAWLER.py] 2020-11-14 14:41:17,224 > YCA1102-01-00 cleared
[INFO|CRAWLER.py] 2020-11-14 14:41:19,275 > YCA1102-02-00 cleared
[INFO|CRAWLER.py] 2020-11-14 14:41:21,885 > 12 rows in 16-27 of 27
[INFO|CRAWLER.py] 2020-11-14 14:41:23,951 > YCA1102-06-00 cleared
[INFO|CRAWLER.py] 2020-11-14 14:41:24,052 > YCA1102-10-00: 중복된 강의 객체. caution 수집 완료
[INFO|CRAWLER.py] 2020-11-14 14:41:24,090 > YCA1102-11-00: 중복된 강의 객체. caution 수집 완료
[INFO|CRAWLER.py] 2020-11-14 14:41:26,142 > YCA1102-12-00 cleared
[INFO|CRAWLER.py] 2020-11-14 14:41:26,243 > YCA1103-04-00: 중복된 강의 객체. caution 수집 완료
[INFO|CRAWLER.py] 2020-11-14 14:41:28,279 > 공통기초-기독교의이해 탐색 완료
[INFO|CRAWLER.py] 2020-11-14 14:41:28,280 > 20181-(~2018학번)국제캠퍼스-공통기초-글쓰기 수집 시작
[INFO|CRAWLER.py] 2020-11-14 14:41:28,898 > 15 rows in 1-15 of 83
[INFO|CRAWLER.py] 2020-11-14 14:41:39,449 > No caution link in 0th row
[INFO|CRAWLER.py] 2020-11-14 14:41:39,961 > 15 rows in 1-15 of 83
[INFO|CRAWLER.py] 2020-11-14 14:41:39,993 > 유의사항 기준 탐색 완료
[INFO|CRAWLER.py] 2020-11-14 14:41:40,511 > 15 rows in 1-15 of 83
[INFO|CRAWLER.py] 2020-11-14 14:41:42,608 > YCB1001-03-00 cleared
[INFO|CRAWLER.py] 2020-11-14 14:41:44,755 > YCB1101-05-00 cleared
[INFO|CRAWLER.py] 2020-11-14 14:41:47,499 > 15 rows in 16-30 of 83
[INFO|CRAWLER.py] 2020-11-14 14:41:49,777 > YCB1101-23-00 cleared
[INFO|CRAWLER.py] 2020-11-14 14:41:52,422 > 15 rows in 31-45 of 83
[INFO|CRAWLER.py] 2020-11-14 14:41:54,536 > YCB1101-31-00 cleared
[INFO|CRAWLER.py] 2020-11-14 14:41:57,340 > 15 rows in 46-60 of 83
[INFO|CRAWLER.py] 2020-11-14 14:41:59,531 > YCB1101-49-00 cleared
[INFO|CRAWLER.py] 2020-11-14 14:42:02,262 > 15 rows in 61-75 of 83
[INFO|CRAWLER.py] 2020-11-14 14:42:05,143 > 8 rows in 76-83 of 83
[INFO|CRAWLER.py] 2020-11-14 14:42:07,191 > YCB1101-73-00 cleared
[INFO|CRAWLER.py] 2020-11-14 14:42:09,292 > YCB1101-76-00 cleared
[INFO|CRAWLER.py] 2020-11-14 14:42:11,382 > YCB1101-78-00 cleared
[INFO|CRAWLER.py] 2020-11-14 14:42:13,476 > 공통기초-글쓰기 탐색 완료
[INFO|CRAWLER.py] 2020-11-14 14:42:13,476 > 20181-(~2018학번)국제캠퍼스-공통기초-대학영어 수집 시작
[INFO|CRAWLER.py] 2020-11-14 14:42:14,105 > 15 rows in 1-15 of 157
[INFO|CRAWLER.py] 2020-11-14 14:42:14,134 > 유의사항 기준 탐색 완료
[INFO|CRAWLER.py] 2020-11-14 14:42:14,652 > 15 rows in 1-15 of 157
[INFO|CRAWLER.py] 2020-11-14 14:42:16,818 > YCC1001-06-00 cleared
[INFO|CRAWLER.py] 2020-11-14 14:42:18,867 > YCC1001-07-00 cleared
[INFO|CRAWLER.py] 2020-11-14 14:42:21,627 > 15 rows in 16-30 of 157
[INFO|CRAWLER.py] 2020-11-14 14:42:23,766 > YCC1002-01-00 cleared
[INFO|CRAWLER.py] 2020-11-14 14:42:25,810 > YCC1002-02-00 cleared
[INFO|CRAWLER.py] 2020-11-14 14:42:28,571 > 15 rows in 31-45 of 157
[INFO|CRAWLER.py] 2020-11-14 14:42:31,460 > 15 rows in 46-60 of 157
[INFO|CRAWLER.py] 2020-11-14 14:42:33,708 > YCC1101-34-00 cleared
[INFO|CRAWLER.py] 2020-11-14 14:42:35,755 > YCC1101-35-00 cleared
[INFO|CRAWLER.py] 2020-11-14 14:42:37,846 > YCC1101-38-00 cleared
[INFO|CRAWLER.py] 2020-11-14 14:42:40,428 > 15 rows in 61-75 of 157
[INFO|CRAWLER.py] 2020-11-14 14:42:42,475 > YCC1101-40-00 cleared
[INFO|CRAWLER.py] 2020-11-14 14:42:44,748 > YCC1102-03-00 cleared
[INFO|CRAWLER.py] 2020-11-14 14:42:47,377 > 15 rows in 76-90 of 157
[INFO|CRAWLER.py] 2020-11-14 14:42:49,469 > YCC1102-09-00 cleared
[INFO|CRAWLER.py] 2020-11-14 14:42:51,591 > YCC1102-13-00 cleared
[INFO|CRAWLER.py] 2020-11-14 14:42:53,749 > YCC1102-19-00 cleared
[INFO|CRAWLER.py] 2020-11-14 14:42:56,351 > 15 rows in 91-105 of 157
[INFO|CRAWLER.py] 2020-11-14 14:42:58,396 > YCC1102-22-00 cleared
[INFO|CRAWLER.py] 2020-11-14 14:43:00,513 > YCC1102-26-00 cleared
[INFO|CRAWLER.py] 2020-11-14 14:43:02,758 > YCC1102-36-00 cleared
[INFO|CRAWLER.py] 2020-11-14 14:43:05,314 > 15 rows in 106-120 of 157
[INFO|CRAWLER.py] 2020-11-14 14:43:07,403 > YCC1102-39-00 cleared
[INFO|CRAWLER.py] 2020-11-14 14:43:09,478 > YCC1102-41-00 cleared
[INFO|CRAWLER.py] 2020-11-14 14:43:12,293 > 15 rows in 121-135 of 157
[INFO|CRAWLER.py] 2020-11-14 14:43:14,635 > YCC1201-17-00 cleared
[INFO|CRAWLER.py] 2020-11-14 14:43:17,221 > 15 rows in 136-150 of 157
[INFO|CRAWLER.py] 2020-11-14 14:43:19,291 > YCC1201-20-00 cleared
[INFO|CRAWLER.py] 2020-11-14 14:43:21,496 > YCC1202-08-00 cleared
[INFO|CRAWLER.py] 2020-11-14 14:43:23,545 > YCC1202-09-00 cleared
[INFO|CRAWLER.py] 2020-11-14 14:43:26,184 > 7 rows in 151-157 of 157
[INFO|CRAWLER.py] 2020-11-14 14:43:28,347 > YCC1202-19-00 cleared
[INFO|CRAWLER.py] 2020-11-14 14:43:40,941 > YCC1202-20-00 cleared
[INFO|CRAWLER.py] 2020-11-14 14:43:42,982 > 공통기초-대학영어 탐색 완료
[INFO|CRAWLER.py] 2020-11-14 14:43:42,982 > 20181-(~2018학번)국제캠퍼스-필수교양-문학과예술 수집 시작
[INFO|CRAWLER.py] 2020-11-14 14:43:43,605 > 6 rows in 1-6 of 6
[INFO|CRAWLER.py] 2020-11-14 14:43:43,632 > 유의사항 기준 탐색 완료
[INFO|CRAWLER.py] 2020-11-14 14:43:44,149 > 6 rows in 1-6 of 6
[INFO|CRAWLER.py] 2020-11-14 14:43:46,202 > UCE1105-03-00 cleared
[INFO|CRAWLER.py] 2020-11-14 14:43:48,260 > UCE1105-04-00 cleared
[INFO|CRAWLER.py] 2020-11-14 14:43:50,318 > UCE1108-02-00 cleared
[INFO|CRAWLER.py] 2020-11-14 14:43:52,379 > YCD1602-02-00 cleared
[INFO|CRAWLER.py] 2020-11-14 14:43:54,454 > YCD1999-02-00 cleared
[INFO|CRAWLER.py] 2020-11-14 14:43:56,481 > 필수교양-문학과예술 탐색 완료
[INFO|CRAWLER.py] 2020-11-14 14:43:56,482 > 20181-(~2018학번)국제캠퍼스-필수교양-인간과역사 수집 시작
[INFO|CRAWLER.py] 2020-11-14 14:43:57,109 > 15 rows in 1-15 of 15
[INFO|CRAWLER.py] 2020-11-14 14:43:57,134 > 유의사항 기준 탐색 완료
[INFO|CRAWLER.py] 2020-11-14 14:43:57,653 > 15 rows in 1-15 of 15
[INFO|CRAWLER.py] 2020-11-14 14:43:57,689 > ANT1001-02-00: 중복된 강의 객체. caution 수집 완료
[INFO|CRAWLER.py] 2020-11-14 14:43:57,728 > PHI1001-01-00: 중복된 강의 객체. caution 수집 완료
[INFO|CRAWLER.py] 2020-11-14 14:43:57,770 > PSY2103-01-00: 중복된 강의 객체. caution 수집 완료
[INFO|CRAWLER.py] 2020-11-14 14:43:59,824 > UCB1103-02-00 cleared
[INFO|CRAWLER.py] 2020-11-14 14:44:01,878 > UCB1105-02-00 cleared
[INFO|CRAWLER.py] 2020-11-14 14:44:03,932 > UCD1102-03-00 cleared
[INFO|CRAWLER.py] 2020-11-14 14:44:05,986 > YCE1251-01-00 cleared
[INFO|CRAWLER.py] 2020-11-14 14:44:08,062 > YCE1551-01-00 cleared
[INFO|CRAWLER.py] 2020-11-14 14:44:10,123 > YCE1605-01-00 cleared
[INFO|CRAWLER.py] 2020-11-14 14:44:12,189 > YCE1998-01-00 cleared
[INFO|CRAWLER.py] 2020-11-14 14:44:14,243 > YCE1998-02-00 cleared
[INFO|CRAWLER.py] 2020-11-14 14:44:16,322 > YCE1999-01-00 cleared
[INFO|CRAWLER.py] 2020-11-14 14:44:18,376 > YCE1999-02-00 cleared
[INFO|CRAWLER.py] 2020-11-14 14:44:20,399 > 필수교양-인간과역사 탐색 완료
[INFO|CRAWLER.py] 2020-11-14 14:44:20,399 > 20181-(~2018학번)국제캠퍼스-필수교양-언어와표현 수집 시작
[INFO|CRAWLER.py] 2020-11-14 14:44:20,993 > 15 rows in 1-15 of 36
[INFO|CRAWLER.py] 2020-11-14 14:44:21,019 > 유의사항 기준 탐색 완료
[INFO|CRAWLER.py] 2020-11-14 14:44:21,536 > 15 rows in 1-15 of 36
[INFO|CRAWLER.py] 2020-11-14 14:44:23,607 > YCF1201-08-00 cleared
[INFO|CRAWLER.py] 2020-11-14 14:44:25,680 > YCF1201-10-00 cleared
[INFO|CRAWLER.py] 2020-11-14 14:44:27,760 > YCF1201-12-00 cleared
[INFO|CRAWLER.py] 2020-11-14 14:44:29,810 > YCF1202-03-00 cleared
[INFO|CRAWLER.py] 2020-11-14 14:44:31,866 > YCF1301-05-00 cleared
[INFO|CRAWLER.py] 2020-11-14 14:44:34,016 > YCF1302-05-00 cleared
[INFO|CRAWLER.py] 2020-11-14 14:44:36,642 > 15 rows in 16-30 of 36
[INFO|CRAWLER.py] 2020-11-14 14:44:38,718 > YCF1352-03-00 cleared
[INFO|CRAWLER.py] 2020-11-14 14:44:40,785 > YCF1407-02-00 cleared
[INFO|CRAWLER.py] 2020-11-14 14:44:42,876 > YCF1451-05-00 cleared
[INFO|CRAWLER.py] 2020-11-14 14:44:44,919 > YCF1452-02-00 cleared
[INFO|CRAWLER.py] 2020-11-14 14:44:46,975 > YCF1501-03-00 cleared
[INFO|CRAWLER.py] 2020-11-14 14:44:49,049 > YCF1501-05-00 cleared
[INFO|CRAWLER.py] 2020-11-14 14:44:51,103 > YCF1502-03-00 cleared
[INFO|CRAWLER.py] 2020-11-14 14:44:53,155 > YCF1551-03-00 cleared
[INFO|CRAWLER.py] 2020-11-14 14:45:05,734 > YCF1552-02-00 cleared
[INFO|CRAWLER.py] 2020-11-14 14:45:08,305 > 6 rows in 31-36 of 36
[INFO|CRAWLER.py] 2020-11-14 14:45:10,354 > YCF1601-02-00 cleared
[INFO|CRAWLER.py] 2020-11-14 14:45:12,435 > YCF1603-04-00 cleared
[INFO|CRAWLER.py] 2020-11-14 14:45:14,538 > YCF1652-03-00 cleared
[INFO|CRAWLER.py] 2020-11-14 14:45:16,584 > 필수교양-언어와표현 탐색 완료
[INFO|CRAWLER.py] 2020-11-14 14:45:16,584 > 20181-(~2018학번)국제캠퍼스-필수교양-가치와윤리 수집 시작
[INFO|CRAWLER.py] 2020-11-14 14:45:17,208 > 9 rows in 1-9 of 9
[INFO|CRAWLER.py] 2020-11-14 14:45:17,232 > 유의사항 기준 탐색 완료
[INFO|CRAWLER.py] 2020-11-14 14:45:17,749 > 9 rows in 1-9 of 9
[INFO|CRAWLER.py] 2020-11-14 14:45:19,801 > YCG1004-01-00 cleared
[INFO|CRAWLER.py] 2020-11-14 14:45:21,852 > YCG1402-01-00 cleared
[INFO|CRAWLER.py] 2020-11-14 14:45:23,901 > YCG1601-01-00 cleared
[INFO|CRAWLER.py] 2020-11-14 14:45:25,960 > YCG1804-01-00 cleared
[INFO|CRAWLER.py] 2020-11-14 14:45:28,012 > YCG1998-01-00 cleared
[INFO|CRAWLER.py] 2020-11-14 14:45:30,073 > YCG1999-05-00 cleared
[INFO|CRAWLER.py] 2020-11-14 14:45:32,124 > YCG1999-06-00 cleared
[INFO|CRAWLER.py] 2020-11-14 14:45:34,176 > YCG1999-07-00 cleared
[INFO|CRAWLER.py] 2020-11-14 14:45:36,227 > YCG1999-08-00 cleared
[INFO|CRAWLER.py] 2020-11-14 14:45:38,249 > 필수교양-가치와윤리 탐색 완료
[INFO|CRAWLER.py] 2020-11-14 14:45:38,249 > 20181-(~2018학번)국제캠퍼스-필수교양-국가와사회공동체 수집 시작
[INFO|CRAWLER.py] 2020-11-14 14:45:38,840 > 2 rows in 1-2 of 2
[INFO|CRAWLER.py] 2020-11-14 14:45:38,865 > 유의사항 기준 탐색 완료
[INFO|CRAWLER.py] 2020-11-14 14:45:39,383 > 2 rows in 1-2 of 2
[INFO|CRAWLER.py] 2020-11-14 14:45:41,457 > UCD1101-02-00 cleared
[INFO|CRAWLER.py] 2020-11-14 14:45:43,478 > 필수교양-국가와사회공동체 탐색 완료
[INFO|CRAWLER.py] 2020-11-14 14:45:43,478 > 20181-(~2018학번)국제캠퍼스-필수교양-지역사회와세계 수집 시작
[INFO|CRAWLER.py] 2020-11-14 14:45:44,064 > 14 rows in 1-14 of 14
[INFO|CRAWLER.py] 2020-11-14 14:45:44,088 > 유의사항 기준 탐색 완료
[INFO|CRAWLER.py] 2020-11-14 14:45:44,604 > 14 rows in 1-14 of 14
[INFO|CRAWLER.py] 2020-11-14 14:45:46,656 > ECO1001-05-00 cleared
[INFO|CRAWLER.py] 2020-11-14 14:45:48,708 > ECO1001-06-00 cleared
[INFO|CRAWLER.py] 2020-11-14 14:45:48,746 > ECO1001-07-00: 중복된 강의 객체. caution 수집 완료
[INFO|CRAWLER.py] 2020-11-14 14:45:48,784 > ECO1001-08-00: 중복된 강의 객체. caution 수집 완료
[INFO|CRAWLER.py] 2020-11-14 14:45:50,836 > ECO1002-02-00 cleared
[INFO|CRAWLER.py] 2020-11-14 14:45:52,910 > ECO1002-04-00 cleared
[INFO|CRAWLER.py] 2020-11-14 14:45:54,958 > ECO1002-05-00 cleared
[INFO|CRAWLER.py] 2020-11-14 14:45:55,047 > UCD1103-01-00: 중복된 강의 객체. caution 수집 완료
[INFO|CRAWLER.py] 2020-11-14 14:45:57,107 > UCD1106-02-00 cleared
[INFO|CRAWLER.py] 2020-11-14 14:45:59,161 > YCI1301-01-00 cleared
[INFO|CRAWLER.py] 2020-11-14 14:46:01,219 > YCI1901-01-00 cleared
[INFO|CRAWLER.py] 2020-11-14 14:46:03,273 > YCI1998-01-00 cleared
[INFO|CRAWLER.py] 2020-11-14 14:46:05,300 > 필수교양-지역사회와세계 탐색 완료
[INFO|CRAWLER.py] 2020-11-14 14:46:05,300 > 20181-(~2018학번)국제캠퍼스-필수교양-논리와수리 수집 시작
[INFO|CRAWLER.py] 2020-11-14 14:46:05,929 > 15 rows in 1-15 of 63
[INFO|CRAWLER.py] 2020-11-14 14:46:05,960 > 유의사항 기준 탐색 완료
[INFO|CRAWLER.py] 2020-11-14 14:46:06,478 > 15 rows in 1-15 of 63
[INFO|CRAWLER.py] 2020-11-14 14:46:08,529 > MAT1001-02-01 cleared
[INFO|CRAWLER.py] 2020-11-14 14:46:10,649 > MAT1001-04-01 cleared
[INFO|CRAWLER.py] 2020-11-14 14:46:12,701 > MAT1001-04-02 cleared
[INFO|CRAWLER.py] 2020-11-14 14:46:14,800 > MAT1001-06-01 cleared
[INFO|CRAWLER.py] 2020-11-14 14:46:16,970 > MAT1011-04-01 cleared
[INFO|CRAWLER.py] 2020-11-14 14:46:19,542 > 15 rows in 16-30 of 63
[INFO|CRAWLER.py] 2020-11-14 14:46:21,612 > MAT1011-05-01 cleared
[INFO|CRAWLER.py] 2020-11-14 14:46:23,725 > MAT1011-07-01 cleared
[INFO|CRAWLER.py] 2020-11-14 14:46:25,837 > MAT1011-09-01 cleared
[INFO|CRAWLER.py] 2020-11-14 14:46:27,911 > MAT1011-10-01 cleared
[INFO|CRAWLER.py] 2020-11-14 14:46:30,543 > 15 rows in 31-45 of 63
[INFO|CRAWLER.py] 2020-11-14 14:46:32,634 > MAT1011-13-01 cleared
[INFO|CRAWLER.py] 2020-11-14 14:46:34,754 > MAT1016-01-01 cleared
[INFO|CRAWLER.py] 2020-11-14 14:46:36,801 > MAT1016-01-02 cleared
[INFO|CRAWLER.py] 2020-11-14 14:46:38,894 > STA1001-07-02 cleared
[INFO|CRAWLER.py] 2020-11-14 14:46:40,965 > STA1001-08-02 cleared
[INFO|CRAWLER.py] 2020-11-14 14:46:43,036 > STA1001-09-02 cleared
[INFO|CRAWLER.py] 2020-11-14 14:46:45,603 > 15 rows in 46-60 of 63
[INFO|CRAWLER.py] 2020-11-14 14:46:47,669 > STA1001-10-02 cleared
[INFO|CRAWLER.py] 2020-11-14 14:46:49,740 > STA1001-11-02 cleared
[INFO|CRAWLER.py] 2020-11-14 14:46:51,808 > STA1001-12-02 cleared
[INFO|CRAWLER.py] 2020-11-14 14:46:53,881 > STA1001-13-02 cleared
[INFO|CRAWLER.py] 2020-11-14 14:46:55,947 > STA1001-14-02 cleared
[INFO|CRAWLER.py] 2020-11-14 14:46:58,014 > STA1001-15-02 cleared
[INFO|CRAWLER.py] 2020-11-14 14:46:58,049 > STA1001-16-01: 중복된 강의 객체. caution 수집 완료
[INFO|CRAWLER.py] 2020-11-14 14:47:00,120 > UCC1111-01-00 cleared
[INFO|CRAWLER.py] 2020-11-14 14:47:02,685 > 3 rows in 61-63 of 63
[INFO|CRAWLER.py] 2020-11-14 14:47:04,748 > YCJ1301-01-00 cleared
[INFO|CRAWLER.py] 2020-11-14 14:47:06,824 > YCJ1998-01-00 cleared
[INFO|CRAWLER.py] 2020-11-14 14:47:08,869 > 필수교양-논리와수리 탐색 완료
[INFO|CRAWLER.py] 2020-11-14 14:47:08,870 > 20181-(~2018학번)국제캠퍼스-필수교양-자연과우주 수집 시작
[INFO|CRAWLER.py] 2020-11-14 14:47:09,496 > 15 rows in 1-15 of 63
[INFO|CRAWLER.py] 2020-11-14 14:47:09,528 > 유의사항 기준 탐색 완료
[INFO|CRAWLER.py] 2020-11-14 14:47:10,046 > 15 rows in 1-15 of 63
[INFO|CRAWLER.py] 2020-11-14 14:47:12,123 > CHE1001-03-00 cleared
[INFO|CRAWLER.py] 2020-11-14 14:47:14,198 > CHE1001-05-00 cleared
[INFO|CRAWLER.py] 2020-11-14 14:47:16,249 > CHE1001-06-00 cleared
[INFO|CRAWLER.py] 2020-11-14 14:47:18,348 > CHE1001-09-00 cleared
[INFO|CRAWLER.py] 2020-11-14 14:47:20,455 > CHE1011-04-00 cleared
[INFO|CRAWLER.py] 2020-11-14 14:47:23,130 > 15 rows in 16-30 of 63
[INFO|CRAWLER.py] 2020-11-14 14:47:25,265 > CHE1011-13-00 cleared
[INFO|CRAWLER.py] 2020-11-14 14:47:28,052 > 15 rows in 31-45 of 63
[INFO|CRAWLER.py] 2020-11-14 14:47:30,101 > PHY1001-05-00 cleared
[INFO|CRAWLER.py] 2020-11-14 14:47:32,173 > PHY1001-07-00 cleared
[INFO|CRAWLER.py] 2020-11-14 14:47:34,217 > PHY1001-08-00 cleared
[INFO|CRAWLER.py] 2020-11-14 14:47:36,308 > PHY1011-04-00 cleared
[INFO|CRAWLER.py] 2020-11-14 14:47:38,400 > PHY1011-07-00 cleared
[INFO|CRAWLER.py] 2020-11-14 14:47:41,073 > 15 rows in 46-60 of 63
[INFO|CRAWLER.py] 2020-11-14 14:47:43,164 > PHY1011-15-00 cleared
[INFO|CRAWLER.py] 2020-11-14 14:47:45,257 > PHY1011-18-00 cleared
[INFO|CRAWLER.py] 2020-11-14 14:47:47,360 > UCC1106-03-00 cleared
[INFO|CRAWLER.py] 2020-11-14 14:47:49,406 > UCC1106-04-00 cleared
[INFO|CRAWLER.py] 2020-11-14 14:47:51,459 > UCC1106-05-00 cleared
[INFO|CRAWLER.py] 2020-11-14 14:47:53,507 > YCK1998-01-00 cleared
[INFO|CRAWLER.py] 2020-11-14 14:47:55,559 > YCK1998-02-00 cleared
[INFO|CRAWLER.py] 2020-11-14 14:47:57,610 > YCK1998-03-00 cleared
[INFO|CRAWLER.py] 2020-11-14 14:47:59,662 > YCK1998-04-00 cleared
[INFO|CRAWLER.py] 2020-11-14 14:48:02,205 > 3 rows in 61-63 of 63
[INFO|CRAWLER.py] 2020-11-14 14:48:04,249 > YCK1998-05-00 cleared
[INFO|CRAWLER.py] 2020-11-14 14:48:06,297 > YCK1998-06-00 cleared
[INFO|CRAWLER.py] 2020-11-14 14:48:08,366 > 필수교양-자연과우주 탐색 완료
[INFO|CRAWLER.py] 2020-11-14 14:48:08,367 > 20181-(~2018학번)국제캠퍼스-필수교양-생명과환경 수집 시작
[INFO|CRAWLER.py] 2020-11-14 14:48:08,997 > 15 rows in 1-15 of 18
[INFO|CRAWLER.py] 2020-11-14 14:48:09,023 > 유의사항 기준 탐색 완료
[INFO|CRAWLER.py] 2020-11-14 14:48:09,538 > 15 rows in 1-15 of 18
[INFO|CRAWLER.py] 2020-11-14 14:48:11,614 > BIO1008-03-00 cleared
[INFO|CRAWLER.py] 2020-11-14 14:48:13,690 > BIO1011-02-00 cleared
[INFO|CRAWLER.py] 2020-11-14 14:48:15,744 > BIO1011-03-00 cleared
[INFO|CRAWLER.py] 2020-11-14 14:48:17,797 > BIO1011-04-00 cleared
[INFO|CRAWLER.py] 2020-11-14 14:48:19,895 > BIO1011-07-00 cleared
[INFO|CRAWLER.py] 2020-11-14 14:48:21,949 > BIO1011-08-00 cleared
[INFO|CRAWLER.py] 2020-11-14 14:48:24,635 > 3 rows in 16-18 of 18
[INFO|CRAWLER.py] 2020-11-14 14:48:26,688 > YCL1401-01-00 cleared
[INFO|CRAWLER.py] 2020-11-14 14:48:28,742 > YCL1998-01-00 cleared
[INFO|CRAWLER.py] 2020-11-14 14:48:30,799 > YCL1999-02-00 cleared
[INFO|CRAWLER.py] 2020-11-14 14:48:32,836 > 필수교양-생명과환경 탐색 완료
[INFO|CRAWLER.py] 2020-11-14 14:48:32,836 > 20181-(~2018학번)국제캠퍼스-필수교양-소프트웨어 수집 시작
[INFO|CRAWLER.py] 2020-11-14 14:48:33,464 > 8 rows in 1-8 of 8
[INFO|CRAWLER.py] 2020-11-14 14:48:33,487 > 유의사항 기준 탐색 완료
[INFO|CRAWLER.py] 2020-11-14 14:48:34,004 > 8 rows in 1-8 of 8
[INFO|CRAWLER.py] 2020-11-14 14:48:36,073 > YCS1001-03-00 cleared
[INFO|CRAWLER.py] 2020-11-14 14:48:38,121 > YCS1001-04-00 cleared
[INFO|CRAWLER.py] 2020-11-14 14:48:40,170 > YCS1001-05-00 cleared
[INFO|CRAWLER.py] 2020-11-14 14:48:42,220 > YCS1001-06-00 cleared
[INFO|CRAWLER.py] 2020-11-14 14:48:44,269 > YCS1001-07-00 cleared
[INFO|CRAWLER.py] 2020-11-14 14:48:46,325 > YCS1002-03-00 cleared
[INFO|CRAWLER.py] 2020-11-14 14:48:48,381 > YCS1002-04-00 cleared
[INFO|CRAWLER.py] 2020-11-14 14:48:50,402 > 필수교양-소프트웨어 탐색 완료
[INFO|CRAWLER.py] 2020-11-14 14:48:50,403 > 20181-(~2018학번)국제캠퍼스-선택교양-일반 수집 시작
[INFO|CRAWLER.py] 2020-11-14 14:48:50,993 > 14 rows in 1-14 of 14
[INFO|CRAWLER.py] 2020-11-14 14:48:51,019 > 유의사항 기준 탐색 완료
[INFO|CRAWLER.py] 2020-11-14 14:48:51,535 > 14 rows in 1-14 of 14
[INFO|CRAWLER.py] 2020-11-14 14:48:53,587 > UCG1131-05-00 cleared
[INFO|CRAWLER.py] 2020-11-14 14:48:55,637 > UCG1131-06-00 cleared
[INFO|CRAWLER.py] 2020-11-14 14:48:57,686 > UCG1131-07-00 cleared
[INFO|CRAWLER.py] 2020-11-14 14:48:59,759 > UCG1146-01-00 cleared
[INFO|CRAWLER.py] 2020-11-14 14:49:01,812 > UCI1163-01-00 cleared
[INFO|CRAWLER.py] 2020-11-14 14:49:03,871 > UCJ1113-03-00 cleared
[INFO|CRAWLER.py] 2020-11-14 14:49:05,922 > UCJ1116-04-00 cleared
[INFO|CRAWLER.py] 2020-11-14 14:49:07,975 > UCJ1116-05-00 cleared
[INFO|CRAWLER.py] 2020-11-14 14:49:10,031 > UCJ1119-02-00 cleared
[INFO|CRAWLER.py] 2020-11-14 14:49:12,083 > UCK1124-02-00 cleared
[INFO|CRAWLER.py] 2020-11-14 14:49:14,157 > UCK1130-01-00 cleared
[INFO|CRAWLER.py] 2020-11-14 14:49:16,211 > 선택교양-일반 탐색 완료
[INFO|CRAWLER.py] 2020-11-14 14:49:16,211 > 20181-(~2018학번)국제캠퍼스-선택교양-RC SE (HE1) 수집 시작
[INFO|CRAWLER.py] 2020-11-14 14:49:16,842 > 15 rows in 1-15 of 41
[INFO|CRAWLER.py] 2020-11-14 14:49:16,868 > 유의사항 기준 탐색 완료
[INFO|CRAWLER.py] 2020-11-14 14:49:17,388 > 15 rows in 1-15 of 41
[INFO|CRAWLER.py] 2020-11-14 14:49:19,436 > UCR1015-01-00 cleared
[INFO|CRAWLER.py] 2020-11-14 14:49:21,488 > UCR1015-02-00 cleared
[INFO|CRAWLER.py] 2020-11-14 14:49:23,634 > UCR1015-07-00 cleared
[INFO|CRAWLER.py] 2020-11-14 14:49:25,682 > UCR1015-08-00 cleared
[INFO|CRAWLER.py] 2020-11-14 14:49:27,730 > UCR1015-09-00 cleared
[INFO|CRAWLER.py] 2020-11-14 14:49:29,857 > UCR1015-13-00 cleared
[INFO|CRAWLER.py] 2020-11-14 14:49:31,931 > UCR1015-15-00 cleared
[INFO|CRAWLER.py] 2020-11-14 14:49:34,501 > 15 rows in 16-30 of 41
[INFO|CRAWLER.py] 2020-11-14 14:49:36,773 > UCR1015-26-00 cleared
[INFO|CRAWLER.py] 2020-11-14 14:49:38,843 > UCR1015-28-00 cleared
[INFO|CRAWLER.py] 2020-11-14 14:49:41,445 > 11 rows in 31-41 of 41
[INFO|CRAWLER.py] 2020-11-14 14:49:43,491 > UCR1015-31-00 cleared
[INFO|CRAWLER.py] 2020-11-14 14:49:45,741 > UCR1015-41-00 cleared
[INFO|CRAWLER.py] 2020-11-14 14:49:47,784 > 선택교양-RC SE (HE1) 탐색 완료
[INFO|CRAWLER.py] 2020-11-14 14:49:47,785 > 20181-(~2018학번)국제캠퍼스-선택교양-RC HE2 수집 시작
[INFO|CRAWLER.py] 2020-11-14 14:49:48,400 > 3 rows in 1-3 of 3
[INFO|CRAWLER.py] 2020-11-14 14:49:48,425 > 유의사항 기준 탐색 완료
[INFO|CRAWLER.py] 2020-11-14 14:49:48,942 > 3 rows in 1-3 of 3
[INFO|CRAWLER.py] 2020-11-14 14:49:50,999 > UCR1002-01-00 cleared
[INFO|CRAWLER.py] 2020-11-14 14:49:53,059 > UCR1002-02-00 cleared
[INFO|CRAWLER.py] 2020-11-14 14:49:55,123 > UCR1002-03-00 cleared
[INFO|CRAWLER.py] 2020-11-14 14:49:57,144 > 선택교양-RC HE2 탐색 완료
[INFO|CRAWLER.py] 2020-11-14 14:49:57,144 > 20181-(~2018학번)국제캠퍼스-선택교양-RC HE3 수집 시작
[INFO|CRAWLER.py] 2020-11-14 14:49:57,731 > 15 rows in 1-15 of 40
[INFO|CRAWLER.py] 2020-11-14 14:49:57,759 > 유의사항 기준 탐색 완료
[INFO|CRAWLER.py] 2020-11-14 14:49:58,276 > 15 rows in 1-15 of 40
[INFO|CRAWLER.py] 2020-11-14 14:50:00,350 > UCR1003-02-00 cleared
[INFO|CRAWLER.py] 2020-11-14 14:50:02,427 > UCR1003-04-00 cleared
[INFO|CRAWLER.py] 2020-11-14 14:50:04,477 > UCR1003-05-00 cleared
[INFO|CRAWLER.py] 2020-11-14 14:50:06,529 > UCR1003-06-00 cleared
[INFO|CRAWLER.py] 2020-11-14 14:50:08,582 > UCR1003-07-00 cleared
[INFO|CRAWLER.py] 2020-11-14 14:50:10,659 > UCR1003-09-00 cleared
[INFO|CRAWLER.py] 2020-11-14 14:50:12,712 > UCR1003-10-00 cleared
[INFO|CRAWLER.py] 2020-11-14 14:50:14,763 > UCR1003-11-00 cleared
[INFO|CRAWLER.py] 2020-11-14 14:50:16,817 > UCR1003-12-00 cleared
[INFO|CRAWLER.py] 2020-11-14 14:50:18,876 > UCR1003-13-00 cleared
[INFO|CRAWLER.py] 2020-11-14 14:50:20,931 > UCR1003-14-00 cleared
[INFO|CRAWLER.py] 2020-11-14 14:50:22,982 > UCR1003-15-00 cleared
[INFO|CRAWLER.py] 2020-11-14 14:50:25,548 > 15 rows in 16-30 of 40
[INFO|CRAWLER.py] 2020-11-14 14:50:27,604 > UCR1003-16-00 cleared
[INFO|CRAWLER.py] 2020-11-14 14:50:29,659 > UCR1003-17-00 cleared
[INFO|CRAWLER.py] 2020-11-14 14:50:31,713 > UCR1003-18-00 cleared
[INFO|CRAWLER.py] 2020-11-14 14:50:33,793 > UCR1003-20-00 cleared
[INFO|CRAWLER.py] 2020-11-14 14:50:35,852 > UCR1003-21-00 cleared
[INFO|CRAWLER.py] 2020-11-14 14:50:37,927 > UCR1003-23-00 cleared
[INFO|CRAWLER.py] 2020-11-14 14:50:39,978 > UCR1003-24-00 cleared
[INFO|CRAWLER.py] 2020-11-14 14:50:42,033 > UCR1003-25-00 cleared
[INFO|CRAWLER.py] 2020-11-14 14:50:44,088 > UCR1003-26-00 cleared
[INFO|CRAWLER.py] 2020-11-14 14:50:46,164 > UCR1003-28-00 cleared
[INFO|CRAWLER.py] 2020-11-14 14:50:48,218 > UCR1003-29-00 cleared
[INFO|CRAWLER.py] 2020-11-14 14:50:50,275 > UCR1003-30-00 cleared
[INFO|CRAWLER.py] 2020-11-14 14:50:52,843 > 10 rows in 31-40 of 40
[INFO|CRAWLER.py] 2020-11-14 14:50:54,890 > UCR1003-31-00 cleared
[INFO|CRAWLER.py] 2020-11-14 14:50:56,937 > UCR1003-32-00 cleared
[INFO|CRAWLER.py] 2020-11-14 14:50:58,982 > UCR1003-33-00 cleared
[INFO|CRAWLER.py] 2020-11-14 14:51:01,031 > UCR1003-34-00 cleared
[INFO|CRAWLER.py] 2020-11-14 14:51:03,077 > UCR1003-35-00 cleared
[INFO|CRAWLER.py] 2020-11-14 14:51:05,123 > UCR1003-36-00 cleared
[INFO|CRAWLER.py] 2020-11-14 14:51:07,191 > UCR1003-38-00 cleared
[INFO|CRAWLER.py] 2020-11-14 14:51:09,240 > UCR1003-39-00 cleared
[INFO|CRAWLER.py] 2020-11-14 14:51:11,302 > 선택교양-RC HE3 탐색 완료
[INFO|CRAWLER.py] 2020-11-14 14:51:11,302 > 20181-(~2018학번)국제캠퍼스-의예과(1학년) 수집 시작
[INFO|CRAWLER.py] 2020-11-14 14:51:11,928 > 1 rows in 1-1 of 1
[INFO|CRAWLER.py] 2020-11-14 14:51:11,954 > 유의사항 기준 탐색 완료
[INFO|CRAWLER.py] 2020-11-14 14:51:12,470 > 1 rows in 1-1 of 1
[INFO|CRAWLER.py] 2020-11-14 14:51:14,515 > 의예과(1학년) 탐색 완료
[INFO|CRAWLER.py] 2020-11-14 14:51:14,516 > 20181-(~2018학번)국제캠퍼스-치의예과(1학년) 수집 시작
[INFO|CRAWLER.py] 2020-11-14 14:51:15,104 > 7 rows in 1-7 of 7
[INFO|CRAWLER.py] 2020-11-14 14:51:15,129 > 유의사항 기준 탐색 완료
[INFO|CRAWLER.py] 2020-11-14 14:51:15,646 > 7 rows in 1-7 of 7
[INFO|CRAWLER.py] 2020-11-14 14:51:17,834 > 치의예과(1학년) 탐색 완료
[INFO|CRAWLER.py] 2020-11-14 14:51:17,834 > (~2018학번)국제캠퍼스 수집 완료
[INFO|CRAWLER.py] 2020-11-14 14:51:17,836 > FINISHED_LECT_OBJs에 20181-ALL 전부 등록 완료
