[INFO|CRAWLER.py] 2020-11-15 10:26:16,375 > 작업완료된 강의 객체 목록 다운로드 시작
[INFO|CRAWLER.py] 2020-11-15 10:26:38,324 > 작업완료된 강의 객체 목록 다운로드 완료
[INFO|CRAWLER.py] 2020-11-15 10:26:47,214 > 20182-약학대학-약학전공 수집 시작
[INFO|CRAWLER.py] 2020-11-15 10:26:47,858 > 15 rows in 1-15 of 33
[INFO|CRAWLER.py] 2020-11-15 10:26:47,894 > 유의사항 기준 탐색 완료
[INFO|CRAWLER.py] 2020-11-15 10:26:48,414 > 15 rows in 1-15 of 33
[INFO|CRAWLER.py] 2020-11-15 10:26:48,455 > PHM3101-01-00: 중복된 강의 객체. caution 수집 완료
[INFO|CRAWLER.py] 2020-11-15 10:26:48,574 > PHM3008-01-00: 중복된 강의 객체. caution 수집 완료
[INFO|CRAWLER.py] 2020-11-15 10:26:48,691 > PHM3015-01-00: 중복된 강의 객체. caution 수집 완료
[INFO|CRAWLER.py] 2020-11-15 10:26:48,735 > PHM3104-01-00: 중복된 강의 객체. caution 수집 완료
[INFO|CRAWLER.py] 2020-11-15 10:26:48,777 > PHM3023-01-00: 중복된 강의 객체. caution 수집 완료
[INFO|CRAWLER.py] 2020-11-15 10:26:48,820 > PHM3024-01-00: 중복된 강의 객체. caution 수집 완료
[INFO|CRAWLER.py] 2020-11-15 10:26:48,864 > PHM3025-01-00: 중복된 강의 객체. caution 수집 완료
[INFO|CRAWLER.py] 2020-11-15 10:26:48,907 > PHM3027-01-00: 중복된 강의 객체. caution 수집 완료
[INFO|CRAWLER.py] 2020-11-15 10:26:48,952 > PHM3028-01-00: 중복된 강의 객체. caution 수집 완료
[INFO|CRAWLER.py] 2020-11-15 10:26:51,534 > 15 rows in 16-30 of 33
[INFO|CRAWLER.py] 2020-11-15 10:26:51,571 > PHM3029-01-00: 중복된 강의 객체. caution 수집 완료
[INFO|CRAWLER.py] 2020-11-15 10:26:51,612 > PHM3026-01-00: 중복된 강의 객체. caution 수집 완료
[INFO|CRAWLER.py] 2020-11-15 10:26:51,653 > PHM3054-01-00: 중복된 강의 객체. caution 수집 완료
[INFO|CRAWLER.py] 2020-11-15 10:26:51,695 > PHM4150-01-00: 중복된 강의 객체. caution 수집 완료
[INFO|CRAWLER.py] 2020-11-15 10:26:51,731 > PHM4130-01-00: 중복된 강의 객체. caution 수집 완료
[INFO|CRAWLER.py] 2020-11-15 10:26:51,772 > PHM4100-01-00: 중복된 강의 객체. caution 수집 완료
[INFO|CRAWLER.py] 2020-11-15 10:26:51,813 > PHM4100-02-00: 중복된 강의 객체. caution 수집 완료
[INFO|CRAWLER.py] 2020-11-15 10:26:51,854 > PHM4110-01-00: 중복된 강의 객체. caution 수집 완료
[INFO|CRAWLER.py] 2020-11-15 10:26:51,891 > PHM4110-02-00: 중복된 강의 객체. caution 수집 완료
[INFO|CRAWLER.py] 2020-11-15 10:26:51,928 > PHM4120-01-00: 중복된 강의 객체. caution 수집 완료
[INFO|CRAWLER.py] 2020-11-15 10:26:51,967 > PHM3058-01-00: 중복된 강의 객체. caution 수집 완료
[INFO|CRAWLER.py] 2020-11-15 10:26:52,005 > PHM3049-01-00: 중복된 강의 객체. caution 수집 완료
[INFO|CRAWLER.py] 2020-11-15 10:26:52,041 > PHM4320-01-00: 중복된 강의 객체. caution 수집 완료
[INFO|CRAWLER.py] 2020-11-15 10:26:52,077 > PHM3032-01-00: 중복된 강의 객체. caution 수집 완료
[INFO|CRAWLER.py] 2020-11-15 10:27:02,661 > PHM3105-01-00: 중복된 강의 객체. caution 수집 완료
[INFO|CRAWLER.py] 2020-11-15 10:27:05,229 > 3 rows in 31-33 of 33
[INFO|CRAWLER.py] 2020-11-15 10:27:15,811 > PHM3106-01-00: 중복된 강의 객체. caution 수집 완료
[INFO|CRAWLER.py] 2020-11-15 10:27:26,356 > PHM3050-01-00: 중복된 강의 객체. caution 수집 완료
[INFO|CRAWLER.py] 2020-11-15 10:27:26,397 > PHM3051-01-00: 중복된 강의 객체. caution 수집 완료
[INFO|CRAWLER.py] 2020-11-15 10:27:28,437 > 약학전공 탐색 완료
[INFO|CRAWLER.py] 2020-11-15 10:27:28,438 > 약학대학 수집 완료
[INFO|CRAWLER.py] 2020-11-15 10:27:28,438 > 20182-의과대학-의학전공 수집 시작
[INFO|CRAWLER.py] 2020-11-15 10:27:29,076 > 15 rows in 1-15 of 121
[INFO|CRAWLER.py] 2020-11-15 10:27:29,095 > 유의사항 기준 탐색 완료
[INFO|CRAWLER.py] 2020-11-15 10:27:29,613 > 15 rows in 1-15 of 121
[INFO|CRAWLER.py] 2020-11-15 10:27:32,550 > 15 rows in 16-30 of 121
[INFO|CRAWLER.py] 2020-11-15 10:27:35,429 > 15 rows in 31-45 of 121
[INFO|CRAWLER.py] 2020-11-15 10:27:38,310 > 15 rows in 46-60 of 121
[INFO|CRAWLER.py] 2020-11-15 10:27:41,199 > 15 rows in 61-75 of 121
[INFO|CRAWLER.py] 2020-11-15 10:27:44,090 > 15 rows in 76-90 of 121
[INFO|CRAWLER.py] 2020-11-15 10:27:46,970 > 15 rows in 91-105 of 121
[INFO|CRAWLER.py] 2020-11-15 10:27:49,853 > 15 rows in 106-120 of 121
[INFO|CRAWLER.py] 2020-11-15 10:27:52,720 > 1 rows in 121-121 of 121
[INFO|CRAWLER.py] 2020-11-15 10:27:54,780 > 의학전공 탐색 완료
[INFO|CRAWLER.py] 2020-11-15 10:27:54,780 > 20182-의과대학-의예과 수집 시작
[INFO|CRAWLER.py] 2020-11-15 10:27:55,402 > 15 rows in 1-15 of 20
[INFO|CRAWLER.py] 2020-11-15 10:27:55,426 > 유의사항 기준 탐색 완료
[INFO|CRAWLER.py] 2020-11-15 10:27:55,943 > 15 rows in 1-15 of 20
[INFO|CRAWLER.py] 2020-11-15 10:27:58,020 > MED2110-00-00 cleared
[INFO|CRAWLER.py] 2020-11-15 10:28:00,091 > MED2109-00-00 cleared
[INFO|CRAWLER.py] 2020-11-15 10:28:02,166 > MED2102-00-00 cleared
[INFO|CRAWLER.py] 2020-11-15 10:28:04,228 > MED2104-00-00 cleared
[INFO|CRAWLER.py] 2020-11-15 10:28:06,320 > MED2130-00-00 cleared
[INFO|CRAWLER.py] 2020-11-15 10:28:08,386 > MED2211-00-00 cleared
[INFO|CRAWLER.py] 2020-11-15 10:28:10,441 > MED2213-00-00 cleared
[INFO|CRAWLER.py] 2020-11-15 10:28:12,507 > MED2215-00-00 cleared
[INFO|CRAWLER.py] 2020-11-15 10:28:14,575 > MED2229-00-00 cleared
[INFO|CRAWLER.py] 2020-11-15 10:28:16,639 > MED2235-00-00 cleared
[INFO|CRAWLER.py] 2020-11-15 10:28:18,697 > MED2236-00-00 cleared
[INFO|CRAWLER.py] 2020-11-15 10:28:20,755 > MED2210-00-00 cleared
[INFO|CRAWLER.py] 2020-11-15 10:28:22,816 > MED2216-00-00 cleared
[INFO|CRAWLER.py] 2020-11-15 10:28:24,873 > MED2218-00-00 cleared
[INFO|CRAWLER.py] 2020-11-15 10:28:26,922 > MED2220-00-00 cleared
[INFO|CRAWLER.py] 2020-11-15 10:28:29,497 > 5 rows in 16-20 of 20
[INFO|CRAWLER.py] 2020-11-15 10:28:31,558 > MED2223-00-00 cleared
[INFO|CRAWLER.py] 2020-11-15 10:28:33,620 > MED2224-00-00 cleared
[INFO|CRAWLER.py] 2020-11-15 10:28:35,676 > MED2232-00-00 cleared
[INFO|CRAWLER.py] 2020-11-15 10:28:37,749 > MED2234-00-00 cleared
[INFO|CRAWLER.py] 2020-11-15 10:28:39,824 > MED2302-00-00 cleared
[INFO|CRAWLER.py] 2020-11-15 10:28:41,854 > 의예과 탐색 완료
[INFO|CRAWLER.py] 2020-11-15 10:28:41,855 > 의과대학 수집 완료
[INFO|CRAWLER.py] 2020-11-15 10:28:41,855 > 20182-치과대학-치의학전공 수집 시작
[INFO|CRAWLER.py] 2020-11-15 10:28:42,492 > 15 rows in 1-15 of 64
[INFO|CRAWLER.py] 2020-11-15 10:28:42,511 > 유의사항 기준 탐색 완료
[INFO|CRAWLER.py] 2020-11-15 10:28:43,028 > 15 rows in 1-15 of 64
[INFO|CRAWLER.py] 2020-11-15 10:28:45,946 > 15 rows in 16-30 of 64
[INFO|CRAWLER.py] 2020-11-15 10:28:48,823 > 15 rows in 31-45 of 64
[INFO|CRAWLER.py] 2020-11-15 10:28:51,703 > 15 rows in 46-60 of 64
[INFO|CRAWLER.py] 2020-11-15 10:28:54,568 > 4 rows in 61-64 of 64
[INFO|CRAWLER.py] 2020-11-15 10:28:56,692 > 치의학전공 탐색 완료
[INFO|CRAWLER.py] 2020-11-15 10:28:56,692 > 20182-치과대학-치의예과 수집 시작
[INFO|CRAWLER.py] 2020-11-15 10:28:57,310 > 6 rows in 1-6 of 6
[INFO|CRAWLER.py] 2020-11-15 10:28:57,331 > 유의사항 기준 탐색 완료
[INFO|CRAWLER.py] 2020-11-15 10:28:57,846 > 6 rows in 1-6 of 6
[INFO|CRAWLER.py] 2020-11-15 10:29:00,011 > 치의예과 탐색 완료
[INFO|CRAWLER.py] 2020-11-15 10:29:00,011 > 치과대학 수집 완료
[INFO|CRAWLER.py] 2020-11-15 10:29:00,011 > 20182-간호대학-간호학(2-4학년) 수집 시작
[INFO|CRAWLER.py] 2020-11-15 10:29:00,612 > 15 rows in 1-15 of 33
[INFO|CRAWLER.py] 2020-11-15 10:29:00,636 > 유의사항 기준 탐색 완료
[INFO|CRAWLER.py] 2020-11-15 10:29:01,153 > 15 rows in 1-15 of 33
[INFO|CRAWLER.py] 2020-11-15 10:29:03,248 > NUR2006-01-00 cleared
[INFO|CRAWLER.py] 2020-11-15 10:29:05,346 > NUR2013-01-00 cleared
[INFO|CRAWLER.py] 2020-11-15 10:29:07,440 > NUR2012-01-01 cleared
[INFO|CRAWLER.py] 2020-11-15 10:29:09,539 > NUR2024-01-01 cleared
[INFO|CRAWLER.py] 2020-11-15 10:29:11,633 > NUR2025-01-00 cleared
[INFO|CRAWLER.py] 2020-11-15 10:29:13,732 > NUR2026-01-00 cleared
[INFO|CRAWLER.py] 2020-11-15 10:29:15,792 > NUR4019-01-01 cleared
[INFO|CRAWLER.py] 2020-11-15 10:29:17,848 > NUR4019-02-01 cleared
[INFO|CRAWLER.py] 2020-11-15 10:29:19,912 > NUR4120-01-00 cleared
[INFO|CRAWLER.py] 2020-11-15 10:29:22,010 > NUR4008-01-00 cleared
[INFO|CRAWLER.py] 2020-11-15 10:29:24,069 > NUR4018-01-01 cleared
[INFO|CRAWLER.py] 2020-11-15 10:29:26,146 > NUR4110-01-00 cleared
[INFO|CRAWLER.py] 2020-11-15 10:29:28,217 > NUR2112-01-00 cleared
[INFO|CRAWLER.py] 2020-11-15 10:29:30,290 > NUR5101-01-00 cleared
[INFO|CRAWLER.py] 2020-11-15 10:29:32,432 > NUR5113-01-00 cleared
[INFO|CRAWLER.py] 2020-11-15 10:29:35,013 > 15 rows in 16-30 of 33
[INFO|CRAWLER.py] 2020-11-15 10:29:37,110 > NUR3006-01-00 cleared
[INFO|CRAWLER.py] 2020-11-15 10:29:39,205 > NUR3114-01-00 cleared
[INFO|CRAWLER.py] 2020-11-15 10:29:41,300 > NUR3102-01-00 cleared
[INFO|CRAWLER.py] 2020-11-15 10:29:43,396 > NUR3013-01-01 cleared
[INFO|CRAWLER.py] 2020-11-15 10:29:45,452 > NUR5116-01-00 cleared
[INFO|CRAWLER.py] 2020-11-15 10:29:47,544 > NUR5011-01-00 cleared
[INFO|CRAWLER.py] 2020-11-15 10:29:49,611 > NUR4031-01-00 cleared
[INFO|CRAWLER.py] 2020-11-15 10:29:51,672 > NUR4031-02-00 cleared
[INFO|CRAWLER.py] 2020-11-15 10:29:53,725 > NUR4031-03-00 cleared
[INFO|CRAWLER.py] 2020-11-15 10:29:55,780 > NUR4031-04-00 cleared
[INFO|CRAWLER.py] 2020-11-15 10:29:57,884 > NUR4115-01-01 cleared
[INFO|CRAWLER.py] 2020-11-15 10:29:59,972 > NUR4118-01-00 cleared
[INFO|CRAWLER.py] 2020-11-15 10:30:02,039 > NUR4119-01-00 cleared
[INFO|CRAWLER.py] 2020-11-15 10:30:04,097 > NUR4119-02-00 cleared
[INFO|CRAWLER.py] 2020-11-15 10:30:06,153 > NUR4119-03-00 cleared
[INFO|CRAWLER.py] 2020-11-15 10:30:08,697 > 3 rows in 31-33 of 33
[INFO|CRAWLER.py] 2020-11-15 10:30:10,751 > NUR4119-04-00 cleared
[INFO|CRAWLER.py] 2020-11-15 10:30:12,802 > NUR4006-01-01 cleared
[INFO|CRAWLER.py] 2020-11-15 10:30:14,892 > NUR4201-01-01 cleared
[INFO|CRAWLER.py] 2020-11-15 10:30:16,928 > 간호학(2-4학년) 탐색 완료
[INFO|CRAWLER.py] 2020-11-15 10:30:16,928 > 20182-간호대학-RN-BSN 수집 시작
[INFO|CRAWLER.py] 2020-11-15 10:30:17,553 > 15 rows in 1-15 of 18
[INFO|CRAWLER.py] 2020-11-15 10:30:17,576 > 유의사항 기준 탐색 완료
[INFO|CRAWLER.py] 2020-11-15 10:30:18,092 > 15 rows in 1-15 of 18
[INFO|CRAWLER.py] 2020-11-15 10:30:20,149 > NUR9321-01-00 cleared
[INFO|CRAWLER.py] 2020-11-15 10:30:22,208 > NUR9321-02-00 cleared
[INFO|CRAWLER.py] 2020-11-15 10:30:24,266 > NUR9321-03-00 cleared
[INFO|CRAWLER.py] 2020-11-15 10:30:26,329 > NUR9321-04-00 cleared
[INFO|CRAWLER.py] 2020-11-15 10:30:28,392 > NUR9321-05-00 cleared
[INFO|CRAWLER.py] 2020-11-15 10:30:30,453 > NUR9321-06-00 cleared
[INFO|CRAWLER.py] 2020-11-15 10:30:32,555 > NUR9322-01-00 cleared
[INFO|CRAWLER.py] 2020-11-15 10:30:34,654 > NUR9324-01-00 cleared
[INFO|CRAWLER.py] 2020-11-15 10:30:36,777 > NUR9424-01-00 cleared
[INFO|CRAWLER.py] 2020-11-15 10:30:38,855 > NUR9503-01-00 cleared
[INFO|CRAWLER.py] 2020-11-15 10:30:40,971 > NUR9505-01-00 cleared
[INFO|CRAWLER.py] 2020-11-15 10:30:43,055 > NUR9507-01-00 cleared
[INFO|CRAWLER.py] 2020-11-15 10:30:45,192 > NUR9300-01-00 cleared
[INFO|CRAWLER.py] 2020-11-15 10:30:47,302 > NUR9421-01-00 cleared
[INFO|CRAWLER.py] 2020-11-15 10:30:49,404 > NUR9414-01-00 cleared
[INFO|CRAWLER.py] 2020-11-15 10:30:51,967 > 3 rows in 16-18 of 18
[INFO|CRAWLER.py] 2020-11-15 10:30:54,070 > NUR9422-01-00 cleared
[INFO|CRAWLER.py] 2020-11-15 10:30:56,174 > NUR9426-01-00 cleared
[INFO|CRAWLER.py] 2020-11-15 10:30:58,275 > NUR9504-01-00 cleared
[INFO|CRAWLER.py] 2020-11-15 10:31:00,302 > RN-BSN 탐색 완료
[INFO|CRAWLER.py] 2020-11-15 10:31:00,302 > 간호대학 수집 완료
[INFO|CRAWLER.py] 2020-11-15 10:31:00,303 > 20182-연계전공-유럽지역학 수집 시작
[INFO|CRAWLER.py] 2020-11-15 10:31:00,939 > 3 rows in 1-3 of 3
[INFO|CRAWLER.py] 2020-11-15 10:31:00,966 > 유의사항 기준 탐색 완료
[INFO|CRAWLER.py] 2020-11-15 10:31:01,481 > 3 rows in 1-3 of 3
[INFO|CRAWLER.py] 2020-11-15 10:31:03,563 > EUR3101-01-00 cleared
[INFO|CRAWLER.py] 2020-11-15 10:31:05,622 > EUR3105-01-00 cleared
[INFO|CRAWLER.py] 2020-11-15 10:31:07,716 > EUR3107-01-00 cleared
[INFO|CRAWLER.py] 2020-11-15 10:31:09,736 > 유럽지역학 탐색 완료
[INFO|CRAWLER.py] 2020-11-15 10:31:09,736 > 20182-연계전공-디지털예술학 수집 시작
[INFO|CRAWLER.py] 2020-11-15 10:31:10,319 > 2 rows in 1-2 of 2
[INFO|CRAWLER.py] 2020-11-15 10:31:10,343 > 유의사항 기준 탐색 완료
[INFO|CRAWLER.py] 2020-11-15 10:31:10,859 > 2 rows in 1-2 of 2
[INFO|CRAWLER.py] 2020-11-15 10:31:12,930 > FIL3102-01-00 cleared
[INFO|CRAWLER.py] 2020-11-15 10:31:15,019 > FIL4102-01-00 cleared
[INFO|CRAWLER.py] 2020-11-15 10:31:17,038 > 디지털예술학 탐색 완료
[INFO|CRAWLER.py] 2020-11-15 10:31:17,039 > 20182-연계전공-미국학 수집 시작
[INFO|CRAWLER.py] 2020-11-15 10:31:17,626 > 2 rows in 1-2 of 2
[INFO|CRAWLER.py] 2020-11-15 10:31:17,649 > 유의사항 기준 탐색 완료
[INFO|CRAWLER.py] 2020-11-15 10:31:18,164 > 2 rows in 1-2 of 2
[INFO|CRAWLER.py] 2020-11-15 10:31:20,225 > AMR3104-01-00 cleared
[INFO|CRAWLER.py] 2020-11-15 10:31:22,283 > AMR3105-01-00 cleared
[INFO|CRAWLER.py] 2020-11-15 10:31:24,303 > 미국학 탐색 완료
[INFO|CRAWLER.py] 2020-11-15 10:31:24,304 > 20182-연계전공-한국및동아시아학(중국학) 수집 시작
[INFO|CRAWLER.py] 2020-11-15 10:31:24,888 > 2 rows in 1-2 of 2
[INFO|CRAWLER.py] 2020-11-15 10:31:24,909 > 유의사항 기준 탐색 완료
[INFO|CRAWLER.py] 2020-11-15 10:31:25,427 > 2 rows in 1-2 of 2
[INFO|CRAWLER.py] 2020-11-15 10:31:27,518 > CHI3101-01-00 cleared
[INFO|CRAWLER.py] 2020-11-15 10:31:29,621 > CHI3103-01-00 cleared
[INFO|CRAWLER.py] 2020-11-15 10:31:31,643 > 한국및동아시아학(중국학) 탐색 완료
[INFO|CRAWLER.py] 2020-11-15 10:31:31,643 > 20182-연계전공-한국및동아시아학(한국학) 수집 시작
[INFO|CRAWLER.py] 2020-11-15 10:31:32,260 > 2 rows in 1-2 of 2
[INFO|CRAWLER.py] 2020-11-15 10:31:32,285 > 유의사항 기준 탐색 완료
[INFO|CRAWLER.py] 2020-11-15 10:31:32,802 > 2 rows in 1-2 of 2
[INFO|CRAWLER.py] 2020-11-15 10:31:34,872 > KOS3101-01-00 cleared
[INFO|CRAWLER.py] 2020-11-15 10:31:36,934 > KOS3106-01-00 cleared
[INFO|CRAWLER.py] 2020-11-15 10:31:38,955 > 한국및동아시아학(한국학) 탐색 완료
[INFO|CRAWLER.py] 2020-11-15 10:31:38,955 > 20182-연계전공-한국및동아시아학(일본학) 수집 시작
[INFO|CRAWLER.py] 2020-11-15 10:31:39,539 > 3 rows in 1-3 of 3
[INFO|CRAWLER.py] 2020-11-15 10:31:39,563 > 유의사항 기준 탐색 완료
[INFO|CRAWLER.py] 2020-11-15 10:31:40,079 > 3 rows in 1-3 of 3
[INFO|CRAWLER.py] 2020-11-15 10:31:42,142 > JAP3103-01-00 cleared
[INFO|CRAWLER.py] 2020-11-15 10:31:44,210 > JAP3104-01-00 cleared
[INFO|CRAWLER.py] 2020-11-15 10:31:46,271 > JAP3108-01-00 cleared
[INFO|CRAWLER.py] 2020-11-15 10:31:48,292 > 한국및동아시아학(일본학) 탐색 완료
[INFO|CRAWLER.py] 2020-11-15 10:31:48,292 > 20182-연계전공-외교통상학 수집 시작
[INFO|CRAWLER.py] 2020-11-15 10:31:48,876 > 2 rows in 1-2 of 2
[INFO|CRAWLER.py] 2020-11-15 10:31:48,900 > 유의사항 기준 탐색 완료
[INFO|CRAWLER.py] 2020-11-15 10:31:49,416 > 2 rows in 1-2 of 2
[INFO|CRAWLER.py] 2020-11-15 10:31:51,501 > TRA3103-01-00 cleared
[INFO|CRAWLER.py] 2020-11-15 10:31:53,589 > TRA3105-01-00 cleared
[INFO|CRAWLER.py] 2020-11-15 10:31:55,608 > 외교통상학 탐색 완료
[INFO|CRAWLER.py] 2020-11-15 10:31:55,609 > 20182-연계전공-인지과학 수집 시작
[INFO|CRAWLER.py] 2020-11-15 10:31:56,195 > 1 rows in 1-1 of 1
[INFO|CRAWLER.py] 2020-11-15 10:31:56,217 > 유의사항 기준 탐색 완료
[INFO|CRAWLER.py] 2020-11-15 10:31:56,733 > 1 rows in 1-1 of 1
[INFO|CRAWLER.py] 2020-11-15 10:31:58,800 > COG3103-01-00 cleared
[INFO|CRAWLER.py] 2020-11-15 10:32:00,820 > 인지과학 탐색 완료
[INFO|CRAWLER.py] 2020-11-15 10:32:00,820 > 20182-연계전공-전자상거래학 수집 시작
[INFO|CRAWLER.py] 2020-11-15 10:32:01,409 > 0 rows in 1-0 of 0
[INFO|CRAWLER.py] 2020-11-15 10:32:11,957 > No caution link in 0th row
[INFO|CRAWLER.py] 2020-11-15 10:32:12,464 > 0 rows in 1-0 of 0
[INFO|CRAWLER.py] 2020-11-15 10:32:12,464 > No caution in pages
[INFO|CRAWLER.py] 2020-11-15 10:32:12,980 > 0 rows in 1-0 of 0
[INFO|CRAWLER.py] 2020-11-15 10:32:15,000 > 전자상거래학 탐색 완료
[INFO|CRAWLER.py] 2020-11-15 10:32:15,000 > 20182-연계전공-벤처학 수집 시작
[INFO|CRAWLER.py] 2020-11-15 10:32:15,585 > 1 rows in 1-1 of 1
[INFO|CRAWLER.py] 2020-11-15 10:32:15,609 > 유의사항 기준 탐색 완료
[INFO|CRAWLER.py] 2020-11-15 10:32:16,125 > 1 rows in 1-1 of 1
[INFO|CRAWLER.py] 2020-11-15 10:32:18,186 > VEN3103-01-00 cleared
[INFO|CRAWLER.py] 2020-11-15 10:32:20,205 > 벤처학 탐색 완료
[INFO|CRAWLER.py] 2020-11-15 10:32:20,205 > 20182-연계전공-리더십 수집 시작
[INFO|CRAWLER.py] 2020-11-15 10:32:20,786 > 2 rows in 1-2 of 2
[INFO|CRAWLER.py] 2020-11-15 10:32:20,810 > 유의사항 기준 탐색 완료
[INFO|CRAWLER.py] 2020-11-15 10:32:21,324 > 2 rows in 1-2 of 2
[INFO|CRAWLER.py] 2020-11-15 10:32:23,723 > LEA3101-01-00 cleared
[INFO|CRAWLER.py] 2020-11-15 10:32:25,784 > LEA3103-01-00 cleared
[INFO|CRAWLER.py] 2020-11-15 10:32:27,803 > 리더십 탐색 완료
[INFO|CRAWLER.py] 2020-11-15 10:32:27,803 > 20182-연계전공-한국및동아시아학(동아시아학) 수집 시작
[INFO|CRAWLER.py] 2020-11-15 10:32:28,386 > 2 rows in 1-2 of 2
[INFO|CRAWLER.py] 2020-11-15 10:32:28,407 > 유의사항 기준 탐색 완료
[INFO|CRAWLER.py] 2020-11-15 10:32:28,924 > 2 rows in 1-2 of 2
[INFO|CRAWLER.py] 2020-11-15 10:32:30,982 > EAS3104-01-00 cleared
[INFO|CRAWLER.py] 2020-11-15 10:32:33,036 > EAS3105-01-00 cleared
[INFO|CRAWLER.py] 2020-11-15 10:32:35,056 > 한국및동아시아학(동아시아학) 탐색 완료
[INFO|CRAWLER.py] 2020-11-15 10:32:35,056 > 20182-연계전공-디지털인문학 수집 시작
[INFO|CRAWLER.py] 2020-11-15 10:32:35,639 > 0 rows in 1-0 of 0
[INFO|CRAWLER.py] 2020-11-15 10:32:46,188 > No caution link in 0th row
[INFO|CRAWLER.py] 2020-11-15 10:32:46,695 > 0 rows in 1-0 of 0
[INFO|CRAWLER.py] 2020-11-15 10:32:46,695 > No caution in pages
[INFO|CRAWLER.py] 2020-11-15 10:32:47,211 > 0 rows in 1-0 of 0
[INFO|CRAWLER.py] 2020-11-15 10:32:49,232 > 디지털인문학 탐색 완료
[INFO|CRAWLER.py] 2020-11-15 10:32:49,232 > 20182-연계전공-비교문학 수집 시작
[INFO|CRAWLER.py] 2020-11-15 10:32:49,813 > 2 rows in 1-2 of 2
[INFO|CRAWLER.py] 2020-11-15 10:32:49,836 > 유의사항 기준 탐색 완료
[INFO|CRAWLER.py] 2020-11-15 10:32:50,351 > 2 rows in 1-2 of 2
[INFO|CRAWLER.py] 2020-11-15 10:32:52,429 > CML3103-01-00 cleared
[INFO|CRAWLER.py] 2020-11-15 10:33:05,040 > CML3105-01-00 cleared
[INFO|CRAWLER.py] 2020-11-15 10:33:07,060 > 비교문학 탐색 완료
[INFO|CRAWLER.py] 2020-11-15 10:33:07,060 > 20182-연계전공-문화비평학 수집 시작
[INFO|CRAWLER.py] 2020-11-15 10:33:07,645 > 2 rows in 1-2 of 2
[INFO|CRAWLER.py] 2020-11-15 10:33:07,667 > 유의사항 기준 탐색 완료
[INFO|CRAWLER.py] 2020-11-15 10:33:08,183 > 2 rows in 1-2 of 2
[INFO|CRAWLER.py] 2020-11-15 10:33:10,251 > CUL4102-01-00 cleared
[INFO|CRAWLER.py] 2020-11-15 10:33:12,317 > CUL3104-01-00 cleared
[INFO|CRAWLER.py] 2020-11-15 10:33:14,337 > 문화비평학 탐색 완료
[INFO|CRAWLER.py] 2020-11-15 10:33:14,337 > 20182-연계전공-과학기술과 사회 수집 시작
[INFO|CRAWLER.py] 2020-11-15 10:33:14,918 > 1 rows in 1-1 of 1
[INFO|CRAWLER.py] 2020-11-15 10:33:14,942 > 유의사항 기준 탐색 완료
[INFO|CRAWLER.py] 2020-11-15 10:33:15,457 > 1 rows in 1-1 of 1
[INFO|CRAWLER.py] 2020-11-15 10:33:17,518 > STS4101-01-00 cleared
[INFO|CRAWLER.py] 2020-11-15 10:33:19,538 > 과학기술과 사회 탐색 완료
[INFO|CRAWLER.py] 2020-11-15 10:33:19,539 > 연계전공 수집 완료
[INFO|CRAWLER.py] 2020-11-15 10:33:19,539 > 20182-ROTC-군사학 수집 시작
[INFO|CRAWLER.py] 2020-11-15 10:33:20,136 > 2 rows in 1-2 of 2
[INFO|CRAWLER.py] 2020-11-15 10:33:20,160 > 유의사항 기준 탐색 완료
[INFO|CRAWLER.py] 2020-11-15 10:33:20,676 > 2 rows in 1-2 of 2
[INFO|CRAWLER.py] 2020-11-15 10:33:22,731 > MIL3002-01-00 cleared
[INFO|CRAWLER.py] 2020-11-15 10:33:24,784 > MIL4002-01-00 cleared
[INFO|CRAWLER.py] 2020-11-15 10:33:26,803 > 군사학 탐색 완료
[INFO|CRAWLER.py] 2020-11-15 10:33:26,803 > ROTC 수집 완료
[INFO|CRAWLER.py] 2020-11-15 10:33:26,803 > 20182-Study Abroad Course-Undergraduate 수집 시작
[INFO|CRAWLER.py] 2020-11-15 10:33:27,402 > 15 rows in 1-15 of 42
[INFO|CRAWLER.py] 2020-11-15 10:33:27,424 > 유의사항 기준 탐색 완료
[INFO|CRAWLER.py] 2020-11-15 10:33:27,939 > 15 rows in 1-15 of 42
[INFO|CRAWLER.py] 2020-11-15 10:33:30,026 > IEE1101-01-00 cleared
[INFO|CRAWLER.py] 2020-11-15 10:33:32,180 > IEE1154-01-00 cleared
[INFO|CRAWLER.py] 2020-11-15 10:33:34,291 > IEE2021-01-00 cleared
[INFO|CRAWLER.py] 2020-11-15 10:33:36,410 > IEE2060-01-00 cleared
[INFO|CRAWLER.py] 2020-11-15 10:33:38,478 > IEE2083-01-00 cleared
[INFO|CRAWLER.py] 2020-11-15 10:33:40,611 > IEE2084-01-00 cleared
[INFO|CRAWLER.py] 2020-11-15 10:33:42,710 > IEE3034-01-00 cleared
[INFO|CRAWLER.py] 2020-11-15 10:33:44,804 > IEE3103-01-00 cleared
[INFO|CRAWLER.py] 2020-11-15 10:33:46,901 > IEE3107-01-00 cleared
[INFO|CRAWLER.py] 2020-11-15 10:33:49,013 > IEE3108-01-00 cleared
[INFO|CRAWLER.py] 2020-11-15 10:33:51,118 > IEE3116-01-00 cleared
[INFO|CRAWLER.py] 2020-11-15 10:33:53,177 > IEE3117-01-00 cleared
[INFO|CRAWLER.py] 2020-11-15 10:33:55,279 > IEE3121-01-00 cleared
[INFO|CRAWLER.py] 2020-11-15 10:33:57,398 > IEE3131-01-00 cleared
[INFO|CRAWLER.py] 2020-11-15 10:33:59,986 > 15 rows in 16-30 of 42
[INFO|CRAWLER.py] 2020-11-15 10:34:02,103 > IEE3300-01-00 cleared
[INFO|CRAWLER.py] 2020-11-15 10:34:04,202 > IEE3300-02-00 cleared
[INFO|CRAWLER.py] 2020-11-15 10:34:06,297 > IEE3315-01-00 cleared
[INFO|CRAWLER.py] 2020-11-15 10:34:08,435 > IEE3317-01-00 cleared
[INFO|CRAWLER.py] 2020-11-15 10:34:10,545 > IEE3317-02-00 cleared
[INFO|CRAWLER.py] 2020-11-15 10:34:12,622 > IEE3325-01-00 cleared
[INFO|CRAWLER.py] 2020-11-15 10:34:14,710 > IEE3326-01-00 cleared
[INFO|CRAWLER.py] 2020-11-15 10:34:16,803 > IEE3328-01-00 cleared
[INFO|CRAWLER.py] 2020-11-15 10:34:18,859 > IEE3328-02-00 cleared
[INFO|CRAWLER.py] 2020-11-15 10:34:20,947 > IEE3329-01-00 cleared
[INFO|CRAWLER.py] 2020-11-15 10:34:23,030 > IEE3339-01-00 cleared
[INFO|CRAWLER.py] 2020-11-15 10:34:25,114 > IEE3341-01-00 cleared
[INFO|CRAWLER.py] 2020-11-15 10:34:27,204 > IEE3341-02-00 cleared
[INFO|CRAWLER.py] 2020-11-15 10:34:29,302 > IEE3341-03-00 cleared
[INFO|CRAWLER.py] 2020-11-15 10:34:31,858 > 12 rows in 31-42 of 42
[INFO|CRAWLER.py] 2020-11-15 10:34:33,942 > IEE3341-04-00 cleared
[INFO|CRAWLER.py] 2020-11-15 10:34:36,002 > IEE3341-05-00 cleared
[INFO|CRAWLER.py] 2020-11-15 10:34:38,069 > IEE3341-06-00 cleared
[INFO|CRAWLER.py] 2020-11-15 10:34:40,162 > IEE3347-01-00 cleared
[INFO|CRAWLER.py] 2020-11-15 10:34:42,249 > IEE3349-01-00 cleared
[INFO|CRAWLER.py] 2020-11-15 10:34:44,323 > IEE3353-01-00 cleared
[INFO|CRAWLER.py] 2020-11-15 10:34:46,424 > IEE3579-01-00 cleared
[INFO|CRAWLER.py] 2020-11-15 10:34:48,530 > IEE3580-01-00 cleared
[INFO|CRAWLER.py] 2020-11-15 10:34:50,614 > IEE3581-01-00 cleared
[INFO|CRAWLER.py] 2020-11-15 10:34:52,707 > IEE3583-01-00 cleared
[INFO|CRAWLER.py] 2020-11-15 10:34:54,781 > IEE3589-01-00 cleared
[INFO|CRAWLER.py] 2020-11-15 10:34:56,877 > IEE3159-01-00 cleared
[INFO|CRAWLER.py] 2020-11-15 10:34:58,929 > Undergraduate 탐색 완료
[INFO|CRAWLER.py] 2020-11-15 10:34:58,929 > 20182-Study Abroad Course-Graduate 수집 시작
[INFO|CRAWLER.py] 2020-11-15 10:34:59,554 > 15 rows in 1-15 of 132
[INFO|CRAWLER.py] 2020-11-15 10:34:59,587 > 유의사항 기준 탐색 완료
[INFO|CRAWLER.py] 2020-11-15 10:35:00,105 > 15 rows in 1-15 of 132
[INFO|CRAWLER.py] 2020-11-15 10:35:02,200 > ARC6301-01-00 cleared
[INFO|CRAWLER.py] 2020-11-15 10:35:04,249 > ARE6102-01-00 cleared
[INFO|CRAWLER.py] 2020-11-15 10:35:06,298 > ARE6103-01-00 cleared
[INFO|CRAWLER.py] 2020-11-15 10:35:08,349 > ARE6104-01-00 cleared
[INFO|CRAWLER.py] 2020-11-15 10:35:10,403 > ARE6105-01-00 cleared
[INFO|CRAWLER.py] 2020-11-15 10:35:12,504 > ARE6304-01-00 cleared
[INFO|CRAWLER.py] 2020-11-15 10:35:14,560 > ARE6407-01-00 cleared
[INFO|CRAWLER.py] 2020-11-15 10:35:16,659 > BIO7561-01-00 cleared
[INFO|CRAWLER.py] 2020-11-15 10:35:19,264 > 15 rows in 16-30 of 132
[INFO|CRAWLER.py] 2020-11-15 10:35:21,397 > BIZ8033-01-00 cleared
[INFO|CRAWLER.py] 2020-11-15 10:35:23,505 > COM6567-01-00 cleared
[INFO|CRAWLER.py] 2020-11-15 10:35:25,555 > COM6592-01-00 cleared
[INFO|CRAWLER.py] 2020-11-15 10:35:28,310 > 15 rows in 31-45 of 132
[INFO|CRAWLER.py] 2020-11-15 10:35:30,361 > ECO6102-01-00 cleared
[INFO|CRAWLER.py] 2020-11-15 10:35:32,461 > ECO6784-01-00 cleared
[INFO|CRAWLER.py] 2020-11-15 10:35:34,523 > ECO6792-01-00 cleared
[INFO|CRAWLER.py] 2020-11-15 10:35:36,575 > ECO8332-01-00 cleared
[INFO|CRAWLER.py] 2020-11-15 10:35:38,677 > ELL6411-01-00 cleared
[INFO|CRAWLER.py] 2020-11-15 10:35:40,733 > ELL6424-01-00 cleared
[INFO|CRAWLER.py] 2020-11-15 10:35:42,788 > ELL7216-01-00 cleared
[INFO|CRAWLER.py] 2020-11-15 10:35:44,842 > ELL7217-01-00 cleared
[INFO|CRAWLER.py] 2020-11-15 10:35:46,936 > ELL8232-01-00 cleared
[INFO|CRAWLER.py] 2020-11-15 10:35:48,991 > ISA6137-01-00 cleared
[INFO|CRAWLER.py] 2020-11-15 10:35:51,577 > 15 rows in 46-60 of 132
[INFO|CRAWLER.py] 2020-11-15 10:35:53,635 > ISA6151-01-00 cleared
[INFO|CRAWLER.py] 2020-11-15 10:35:55,691 > ISC6019-01-00 cleared
[INFO|CRAWLER.py] 2020-11-15 10:35:57,749 > ISC6027-01-00 cleared
[INFO|CRAWLER.py] 2020-11-15 10:35:59,802 > ISC6037-01-00 cleared
[INFO|CRAWLER.py] 2020-11-15 10:36:01,855 > ISC6051-01-00 cleared
[INFO|CRAWLER.py] 2020-11-15 10:36:03,909 > ISC6062-01-00 cleared
[INFO|CRAWLER.py] 2020-11-15 10:36:05,964 > ISC6063-01-00 cleared
[INFO|CRAWLER.py] 2020-11-15 10:36:08,015 > ISC6076-01-00 cleared
[INFO|CRAWLER.py] 2020-11-15 10:36:10,065 > ISC6084-01-00 cleared
[INFO|CRAWLER.py] 2020-11-15 10:36:12,170 > ISC6122-01-00 cleared
[INFO|CRAWLER.py] 2020-11-15 10:36:14,229 > ISC6126-01-00 cleared
[INFO|CRAWLER.py] 2020-11-15 10:36:16,289 > ISC6139-01-00 cleared
[INFO|CRAWLER.py] 2020-11-15 10:36:18,347 > ISC6144-01-00 cleared
[INFO|CRAWLER.py] 2020-11-15 10:36:20,933 > 15 rows in 61-75 of 132
[INFO|CRAWLER.py] 2020-11-15 10:36:23,037 > ISC6163-01-00 cleared
[INFO|CRAWLER.py] 2020-11-15 10:36:25,087 > ISC6165-01-00 cleared
[INFO|CRAWLER.py] 2020-11-15 10:36:27,139 > ISC6166-01-00 cleared
[INFO|CRAWLER.py] 2020-11-15 10:36:29,192 > ISC6167-01-00 cleared
[INFO|CRAWLER.py] 2020-11-15 10:36:31,266 > ISC6169-01-00 cleared
[INFO|CRAWLER.py] 2020-11-15 10:36:33,348 > ISF6009-01-00 cleared
[INFO|CRAWLER.py] 2020-11-15 10:36:35,407 > ISF6023-01-00 cleared
[INFO|CRAWLER.py] 2020-11-15 10:36:37,467 > ISF6036-01-00 cleared
[INFO|CRAWLER.py] 2020-11-15 10:36:39,525 > ISF6037-01-00 cleared
[INFO|CRAWLER.py] 2020-11-15 10:36:41,582 > ISF6043-01-00 cleared
[INFO|CRAWLER.py] 2020-11-15 10:36:43,637 > ISF6045-01-00 cleared
[INFO|CRAWLER.py] 2020-11-15 10:36:46,219 > 15 rows in 76-90 of 132
[INFO|CRAWLER.py] 2020-11-15 10:36:48,300 > ISK6016-01-00 cleared
[INFO|CRAWLER.py] 2020-11-15 10:36:50,355 > ISK6017-01-00 cleared
[INFO|CRAWLER.py] 2020-11-15 10:36:52,413 > ISK6019-01-00 cleared
[INFO|CRAWLER.py] 2020-11-15 10:36:54,568 > KOS7301-01-00 cleared
[INFO|CRAWLER.py] 2020-11-15 10:36:56,651 > KOS7905-01-00 cleared
[INFO|CRAWLER.py] 2020-11-15 10:36:58,734 > KUS8034-01-00 cleared
[INFO|CRAWLER.py] 2020-11-15 10:37:00,789 > KUS8090-01-00 cleared
[INFO|CRAWLER.py] 2020-11-15 10:37:03,398 > 15 rows in 91-105 of 132
[INFO|CRAWLER.py] 2020-11-15 10:37:05,574 > LSB7005-01-00 cleared
[INFO|CRAWLER.py] 2020-11-15 10:37:07,654 > LSB7009-01-00 cleared
[INFO|CRAWLER.py] 2020-11-15 10:37:09,779 > MAT7280-01-00 cleared
[INFO|CRAWLER.py] 2020-11-15 10:37:12,430 > 15 rows in 106-120 of 132
[INFO|CRAWLER.py] 2020-11-15 10:37:14,579 > MSE8190-01-00 cleared
[INFO|CRAWLER.py] 2020-11-15 10:37:16,684 > PHY6030-01-00 cleared
[INFO|CRAWLER.py] 2020-11-15 10:37:18,742 > POL6200-01-00 cleared
[INFO|CRAWLER.py] 2020-11-15 10:37:20,870 > PUB8534-01-00 cleared
[INFO|CRAWLER.py] 2020-11-15 10:37:23,494 > 12 rows in 121-132 of 132
[INFO|CRAWLER.py] 2020-11-15 10:37:25,732 > SOC8894-01-00 cleared
[INFO|CRAWLER.py] 2020-11-15 10:37:27,817 > YJD6706-01-00 cleared
[INFO|CRAWLER.py] 2020-11-15 10:37:29,874 > YJD7811-01-00 cleared
[INFO|CRAWLER.py] 2020-11-15 10:37:31,916 > Graduate 탐색 완료
[INFO|CRAWLER.py] 2020-11-15 10:37:31,916 > 20182-Study Abroad Course-Korean Language 수집 시작
[INFO|CRAWLER.py] 2020-11-15 10:37:32,549 > 7 rows in 1-7 of 7
[INFO|CRAWLER.py] 2020-11-15 10:37:32,576 > 유의사항 기준 탐색 완료
[INFO|CRAWLER.py] 2020-11-15 10:37:33,095 > 7 rows in 1-7 of 7
[INFO|CRAWLER.py] 2020-11-15 10:37:35,151 > KLI1001-01-00 cleared
[INFO|CRAWLER.py] 2020-11-15 10:37:37,258 > KLI1001-02-00 cleared
[INFO|CRAWLER.py] 2020-11-15 10:37:39,346 > KLI1002-01-00 cleared
[INFO|CRAWLER.py] 2020-11-15 10:37:41,422 > KLI1003-01-00 cleared
[INFO|CRAWLER.py] 2020-11-15 10:37:43,488 > KLI1004-01-00 cleared
[INFO|CRAWLER.py] 2020-11-15 10:37:45,556 > KLI1005-01-00 cleared
[INFO|CRAWLER.py] 2020-11-15 10:37:47,618 > KLI1006-01-00 cleared
[INFO|CRAWLER.py] 2020-11-15 10:37:49,644 > Korean Language 탐색 완료
[INFO|CRAWLER.py] 2020-11-15 10:37:49,644 > Study Abroad Course 수집 완료
[INFO|CRAWLER.py] 2020-11-15 10:37:49,644 > 20182-교직과정-교직과정 수집 시작
[INFO|CRAWLER.py] 2020-11-15 10:37:50,276 > 15 rows in 1-15 of 31
[INFO|CRAWLER.py] 2020-11-15 10:37:50,311 > 유의사항 기준 탐색 완료
[INFO|CRAWLER.py] 2020-11-15 10:37:50,830 > 15 rows in 1-15 of 31
[INFO|CRAWLER.py] 2020-11-15 10:37:52,909 > TTP2008-01-00 cleared
[INFO|CRAWLER.py] 2020-11-15 10:37:54,969 > TTP2008-02-00 cleared
[INFO|CRAWLER.py] 2020-11-15 10:37:57,050 > TTP2009-01-00 cleared
[INFO|CRAWLER.py] 2020-11-15 10:37:59,114 > TTP2009-02-00 cleared
[INFO|CRAWLER.py] 2020-11-15 10:38:01,194 > TTP2001-01-00 cleared
[INFO|CRAWLER.py] 2020-11-15 10:38:03,276 > TTP2001-02-00 cleared
[INFO|CRAWLER.py] 2020-11-15 10:38:05,353 > TTP2002-01-00 cleared
[INFO|CRAWLER.py] 2020-11-15 10:38:07,427 > TTP2002-02-00 cleared
[INFO|CRAWLER.py] 2020-11-15 10:38:09,480 > TTP2004-01-00 cleared
[INFO|CRAWLER.py] 2020-11-15 10:38:11,545 > TTP2004-02-00 cleared
[INFO|CRAWLER.py] 2020-11-15 10:38:13,629 > TTP2005-01-00 cleared
[INFO|CRAWLER.py] 2020-11-15 10:38:15,710 > TTP2005-02-00 cleared
[INFO|CRAWLER.py] 2020-11-15 10:38:17,810 > TTP2006-01-00 cleared
[INFO|CRAWLER.py] 2020-11-15 10:38:19,931 > TTP2006-02-00 cleared
[INFO|CRAWLER.py] 2020-11-15 10:38:21,996 > TTP2007-01-00 cleared
[INFO|CRAWLER.py] 2020-11-15 10:38:24,578 > 15 rows in 16-30 of 31
[INFO|CRAWLER.py] 2020-11-15 10:38:26,658 > TTP2007-02-00 cleared
[INFO|CRAWLER.py] 2020-11-15 10:38:28,723 > TTP2010-01-00 cleared
[INFO|CRAWLER.py] 2020-11-15 10:38:30,782 > TTP2011-01-00 cleared
[INFO|CRAWLER.py] 2020-11-15 10:38:32,855 > TTP2012-01-00 cleared
[INFO|CRAWLER.py] 2020-11-15 10:38:34,937 > TTP2012-02-00 cleared
[INFO|CRAWLER.py] 2020-11-15 10:38:37,016 > TTP2013-01-00 cleared
[INFO|CRAWLER.py] 2020-11-15 10:38:37,059 > TTP4001-01-00: 중복된 강의 객체. caution 수집 완료
[INFO|CRAWLER.py] 2020-11-15 10:38:39,261 > TTP4008-01-00 cleared
[INFO|CRAWLER.py] 2020-11-15 10:38:41,345 > TTP4008-02-00 cleared
[INFO|CRAWLER.py] 2020-11-15 10:38:43,439 > TTP4100-01-00 cleared
[INFO|CRAWLER.py] 2020-11-15 10:38:45,998 > 1 rows in 31-31 of 31
[INFO|CRAWLER.py] 2020-11-15 10:38:48,070 > TTP4100-02-00 cleared
[INFO|CRAWLER.py] 2020-11-15 10:38:50,107 > 교직과정 탐색 완료
[INFO|CRAWLER.py] 2020-11-15 10:38:50,107 > 교직과정 수집 완료
[INFO|CRAWLER.py] 2020-11-15 10:38:50,107 > 20182-국내교환대학-이화여자대학교 수집 시작
[INFO|CRAWLER.py] 2020-11-15 10:38:50,738 > 0 rows in 1-0 of 0
[INFO|CRAWLER.py] 2020-11-15 10:39:01,281 > No caution link in 0th row
[INFO|CRAWLER.py] 2020-11-15 10:39:01,788 > 0 rows in 1-0 of 0
[INFO|CRAWLER.py] 2020-11-15 10:39:01,788 > No caution in pages
[INFO|CRAWLER.py] 2020-11-15 10:39:02,307 > 0 rows in 1-0 of 0
[INFO|CRAWLER.py] 2020-11-15 10:39:04,331 > 이화여자대학교 탐색 완료
[INFO|CRAWLER.py] 2020-11-15 10:39:04,331 > 20182-국내교환대학-서강대학교 수집 시작
[INFO|CRAWLER.py] 2020-11-15 10:39:04,946 > 0 rows in 1-0 of 0
[INFO|CRAWLER.py] 2020-11-15 10:39:15,449 > No caution link in 0th row
[INFO|CRAWLER.py] 2020-11-15 10:39:15,956 > 0 rows in 1-0 of 0
[INFO|CRAWLER.py] 2020-11-15 10:39:15,956 > No caution in pages
[INFO|CRAWLER.py] 2020-11-15 10:39:16,475 > 0 rows in 1-0 of 0
[INFO|CRAWLER.py] 2020-11-15 10:39:18,498 > 서강대학교 탐색 완료
[INFO|CRAWLER.py] 2020-11-15 10:39:18,498 > 20182-국내교환대학-고려대학교 수집 시작
[INFO|CRAWLER.py] 2020-11-15 10:39:19,103 > 0 rows in 1-0 of 0
[INFO|CRAWLER.py] 2020-11-15 10:39:29,634 > No caution link in 0th row
[INFO|CRAWLER.py] 2020-11-15 10:39:30,142 > 0 rows in 1-0 of 0
[INFO|CRAWLER.py] 2020-11-15 10:39:30,143 > No caution in pages
[INFO|CRAWLER.py] 2020-11-15 10:39:30,663 > 0 rows in 1-0 of 0
[INFO|CRAWLER.py] 2020-11-15 10:39:32,686 > 고려대학교 탐색 완료
[INFO|CRAWLER.py] 2020-11-15 10:39:32,686 > 국내교환대학 수집 완료
[INFO|CRAWLER.py] 2020-11-15 10:39:32,686 > 20182-공통-창업,현장실습 수집 시작
[INFO|CRAWLER.py] 2020-11-15 10:39:33,311 > 0 rows in 1-0 of 0
[INFO|CRAWLER.py] 2020-11-15 10:39:43,842 > No caution link in 0th row
[INFO|CRAWLER.py] 2020-11-15 10:39:44,349 > 0 rows in 1-0 of 0
[INFO|CRAWLER.py] 2020-11-15 10:39:44,350 > No caution in pages
[INFO|CRAWLER.py] 2020-11-15 10:39:44,868 > 0 rows in 1-0 of 0
[INFO|CRAWLER.py] 2020-11-15 10:39:46,890 > 창업,현장실습 탐색 완료
[INFO|CRAWLER.py] 2020-11-15 10:39:46,890 > 공통 수집 완료
[INFO|CRAWLER.py] 2020-11-15 10:39:46,890 > 20182-공통기초(10~18학번)-채플 수집 시작
[INFO|CRAWLER.py] 2020-11-15 10:39:47,508 > 12 rows in 1-12 of 12
[INFO|CRAWLER.py] 2020-11-15 10:39:47,532 > 유의사항 기준 탐색 완료
[INFO|CRAWLER.py] 2020-11-15 10:39:48,046 > 12 rows in 1-12 of 12
[INFO|CRAWLER.py] 2020-11-15 10:39:48,090 > YCA1002-01-00: 중복된 강의 객체. caution 수집 완료
[INFO|CRAWLER.py] 2020-11-15 10:39:48,136 > YCA1002-02-00: 중복된 강의 객체. caution 수집 완료
[INFO|CRAWLER.py] 2020-11-15 10:39:50,234 > YCA1004-01-00 cleared
[INFO|CRAWLER.py] 2020-11-15 10:39:52,366 > YCA1004-02-00 cleared
[INFO|CRAWLER.py] 2020-11-15 10:39:54,478 > YCA1004-03-00 cleared
[INFO|CRAWLER.py] 2020-11-15 10:39:56,641 > YCA1004-04-00 cleared
[INFO|CRAWLER.py] 2020-11-15 10:39:56,700 > YCA1004-05-00: 중복된 강의 객체. caution 수집 완료
[INFO|CRAWLER.py] 2020-11-15 10:39:58,944 > YCA1008-01-00 cleared
[INFO|CRAWLER.py] 2020-11-15 10:40:01,349 > YCA1008-02-00 cleared
[INFO|CRAWLER.py] 2020-11-15 10:40:03,728 > YCA1008-03-00 cleared
[INFO|CRAWLER.py] 2020-11-15 10:40:06,263 > YCA1008-04-00 cleared
[INFO|CRAWLER.py] 2020-11-15 10:40:06,342 > YCA1008-05-00: 중복된 강의 객체. caution 수집 완료
[INFO|CRAWLER.py] 2020-11-15 10:40:08,370 > 채플 탐색 완료
[INFO|CRAWLER.py] 2020-11-15 10:40:08,370 > 20182-공통기초(10~18학번)-기독교의이해 수집 시작
[INFO|CRAWLER.py] 2020-11-15 10:40:08,995 > 3 rows in 1-3 of 3
[INFO|CRAWLER.py] 2020-11-15 10:40:09,022 > 유의사항 기준 탐색 완료
[INFO|CRAWLER.py] 2020-11-15 10:40:09,539 > 3 rows in 1-3 of 3
[INFO|CRAWLER.py] 2020-11-15 10:40:11,621 > YCA1101-12-00 cleared
[INFO|CRAWLER.py] 2020-11-15 10:40:13,689 > YCA1102-12-00 cleared
[INFO|CRAWLER.py] 2020-11-15 10:40:15,777 > YCA1103-07-00 cleared
[INFO|CRAWLER.py] 2020-11-15 10:40:17,802 > 기독교의이해 탐색 완료
[INFO|CRAWLER.py] 2020-11-15 10:40:17,802 > 20182-공통기초(10~18학번)-대학영어 수집 시작
[INFO|CRAWLER.py] 2020-11-15 10:40:18,414 > 15 rows in 1-15 of 21
[INFO|CRAWLER.py] 2020-11-15 10:40:18,439 > 유의사항 기준 탐색 완료
[INFO|CRAWLER.py] 2020-11-15 10:40:18,957 > 15 rows in 1-15 of 21
[INFO|CRAWLER.py] 2020-11-15 10:40:21,015 > YCC1001-04-00 cleared
[INFO|CRAWLER.py] 2020-11-15 10:40:23,080 > YCC1001-05-00 cleared
[INFO|CRAWLER.py] 2020-11-15 10:40:25,142 > YCC1001-06-00 cleared
[INFO|CRAWLER.py] 2020-11-15 10:40:27,205 > YCC1002-20-00 cleared
[INFO|CRAWLER.py] 2020-11-15 10:40:29,270 > YCC1002-21-00 cleared
[INFO|CRAWLER.py] 2020-11-15 10:40:31,333 > YCC1002-22-00 cleared
[INFO|CRAWLER.py] 2020-11-15 10:40:33,383 > YCC1002-23-00 cleared
[INFO|CRAWLER.py] 2020-11-15 10:40:35,436 > YCC1002-24-00 cleared
[INFO|CRAWLER.py] 2020-11-15 10:40:48,030 > YCC1002-25-00 cleared
[INFO|CRAWLER.py] 2020-11-15 10:40:50,137 > YCC1101-51-00 cleared
[INFO|CRAWLER.py] 2020-11-15 10:40:52,211 > YCC1101-52-00 cleared
[INFO|CRAWLER.py] 2020-11-15 10:40:54,269 > YCC1101-53-00 cleared
[INFO|CRAWLER.py] 2020-11-15 10:40:56,330 > YCC1101-54-00 cleared
[INFO|CRAWLER.py] 2020-11-15 10:40:58,895 > 6 rows in 16-21 of 21
[INFO|CRAWLER.py] 2020-11-15 10:41:00,966 > YCC1102-51-00 cleared
[INFO|CRAWLER.py] 2020-11-15 10:41:03,024 > YCC1102-52-00 cleared
[INFO|CRAWLER.py] 2020-11-15 10:41:05,095 > YCC1102-53-00 cleared
[INFO|CRAWLER.py] 2020-11-15 10:41:07,160 > YCC1102-54-00 cleared
[INFO|CRAWLER.py] 2020-11-15 10:41:09,222 > YCC1201-14-00 cleared
[INFO|CRAWLER.py] 2020-11-15 10:41:11,291 > YCC1202-14-00 cleared
[INFO|CRAWLER.py] 2020-11-15 10:41:13,318 > 대학영어 탐색 완료
[INFO|CRAWLER.py] 2020-11-15 10:41:13,318 > 20182-공통기초(10~18학번)-글쓰기 수집 시작
[INFO|CRAWLER.py] 2020-11-15 10:41:13,944 > 13 rows in 1-13 of 13
[INFO|CRAWLER.py] 2020-11-15 10:41:13,969 > 유의사항 기준 탐색 완료
[INFO|CRAWLER.py] 2020-11-15 10:41:14,486 > 13 rows in 1-13 of 13
[INFO|CRAWLER.py] 2020-11-15 10:41:16,539 > YCB1101-66-00 cleared
[INFO|CRAWLER.py] 2020-11-15 10:41:18,597 > YCB1101-67-00 cleared
[INFO|CRAWLER.py] 2020-11-15 10:41:20,658 > YCB1101-68-00 cleared
[INFO|CRAWLER.py] 2020-11-15 10:41:22,715 > YCB1101-69-00 cleared
[INFO|CRAWLER.py] 2020-11-15 10:41:24,794 > YCB1101-71-00 cleared
[INFO|CRAWLER.py] 2020-11-15 10:41:26,856 > YCB1101-72-00 cleared
[INFO|CRAWLER.py] 2020-11-15 10:41:39,454 > YCB1101-73-00 cleared
[INFO|CRAWLER.py] 2020-11-15 10:41:41,509 > YCB1101-74-00 cleared
[INFO|CRAWLER.py] 2020-11-15 10:41:54,108 > YCB1101-75-00 cleared
[INFO|CRAWLER.py] 2020-11-15 10:41:56,169 > YCB1101-76-00 cleared
[INFO|CRAWLER.py] 2020-11-15 10:42:08,742 > YCB1101-77-00 cleared
[INFO|CRAWLER.py] 2020-11-15 10:42:10,805 > YCB1101-78-00 cleared
[INFO|CRAWLER.py] 2020-11-15 10:42:12,832 > 글쓰기 탐색 완료
[INFO|CRAWLER.py] 2020-11-15 10:42:12,832 > 공통기초(10~18학번) 수집 완료
[INFO|CRAWLER.py] 2020-11-15 10:42:12,832 > 20182-필수교양(10~18학번)-문학과예술 수집 시작
[INFO|CRAWLER.py] 2020-11-15 10:42:13,468 > 13 rows in 1-13 of 13
[INFO|CRAWLER.py] 2020-11-15 10:42:13,496 > 유의사항 기준 탐색 완료
[INFO|CRAWLER.py] 2020-11-15 10:42:14,015 > 13 rows in 1-13 of 13
[INFO|CRAWLER.py] 2020-11-15 10:42:16,170 > UCE1105-01-00 cleared
[INFO|CRAWLER.py] 2020-11-15 10:42:18,365 > UCE1105-02-00 cleared
[INFO|CRAWLER.py] 2020-11-15 10:42:20,434 > UCE1107-01-00 cleared
[INFO|CRAWLER.py] 2020-11-15 10:42:22,522 > UCE1108-01-00 cleared
[INFO|CRAWLER.py] 2020-11-15 10:42:24,616 > UCG1126-01-00 cleared
[INFO|CRAWLER.py] 2020-11-15 10:42:26,743 > YCD1001-01-00 cleared
[INFO|CRAWLER.py] 2020-11-15 10:42:28,839 > YCD1351-01-00 cleared
[INFO|CRAWLER.py] 2020-11-15 10:42:30,942 > YCD1601-01-00 cleared
[INFO|CRAWLER.py] 2020-11-15 10:42:33,081 > YCD1602-01-00 cleared
[INFO|CRAWLER.py] 2020-11-15 10:42:35,165 > YCD1653-01-00 cleared
[INFO|CRAWLER.py] 2020-11-15 10:42:37,231 > YCD1999-01-00 cleared
[INFO|CRAWLER.py] 2020-11-15 10:42:39,323 > YCD1999-02-00 cleared
[INFO|CRAWLER.py] 2020-11-15 10:42:51,933 > YCD1999-03-00 cleared
[INFO|CRAWLER.py] 2020-11-15 10:42:53,961 > 문학과예술 탐색 완료
[INFO|CRAWLER.py] 2020-11-15 10:42:53,961 > 20182-필수교양(10~18학번)-인간과역사 수집 시작
[INFO|CRAWLER.py] 2020-11-15 10:42:54,586 > 15 rows in 1-15 of 17
[INFO|CRAWLER.py] 2020-11-15 10:42:54,611 > 유의사항 기준 탐색 완료
[INFO|CRAWLER.py] 2020-11-15 10:42:55,129 > 15 rows in 1-15 of 17
[INFO|CRAWLER.py] 2020-11-15 10:42:55,174 > ANT1001-01-00: 중복된 강의 객체. caution 수집 완료
[INFO|CRAWLER.py] 2020-11-15 10:42:55,218 > PHI1001-01-00: 중복된 강의 객체. caution 수집 완료
[INFO|CRAWLER.py] 2020-11-15 10:42:55,267 > PSY2103-01-00: 중복된 강의 객체. caution 수집 완료
[INFO|CRAWLER.py] 2020-11-15 10:42:57,360 > UCB1101-01-00 cleared
[INFO|CRAWLER.py] 2020-11-15 10:42:59,442 > UCB1103-01-00 cleared
[INFO|CRAWLER.py] 2020-11-15 10:43:01,553 > UCB1105-01-00 cleared
[INFO|CRAWLER.py] 2020-11-15 10:43:03,641 > UCD1102-01-00 cleared
[INFO|CRAWLER.py] 2020-11-15 10:43:05,787 > UCD1102-02-00 cleared
[INFO|CRAWLER.py] 2020-11-15 10:43:07,869 > UCD1107-01-00 cleared
[INFO|CRAWLER.py] 2020-11-15 10:43:09,987 > UCE1102-01-00 cleared
[INFO|CRAWLER.py] 2020-11-15 10:43:12,058 > YCE1103-01-00 cleared
[INFO|CRAWLER.py] 2020-11-15 10:43:14,152 > YCE1105-01-00 cleared
[INFO|CRAWLER.py] 2020-11-15 10:43:16,212 > YCE1254-01-00 cleared
[INFO|CRAWLER.py] 2020-11-15 10:43:18,294 > YCE1255-01-00 cleared
[INFO|CRAWLER.py] 2020-11-15 10:43:20,493 > YCE1601-01-00 cleared
[INFO|CRAWLER.py] 2020-11-15 10:43:23,049 > 2 rows in 16-17 of 17
[INFO|CRAWLER.py] 2020-11-15 10:43:25,367 > YCE1605-01-00 cleared
[INFO|CRAWLER.py] 2020-11-15 10:43:27,480 > YCE1607-01-00 cleared
[INFO|CRAWLER.py] 2020-11-15 10:43:29,505 > 인간과역사 탐색 완료
[INFO|CRAWLER.py] 2020-11-15 10:43:29,505 > 20182-필수교양(10~18학번)-언어와표현 수집 시작
[INFO|CRAWLER.py] 2020-11-15 10:43:30,133 > 15 rows in 1-15 of 56
[INFO|CRAWLER.py] 2020-11-15 10:43:30,164 > 유의사항 기준 탐색 완료
[INFO|CRAWLER.py] 2020-11-15 10:43:30,682 > 15 rows in 1-15 of 56
[INFO|CRAWLER.py] 2020-11-15 10:43:32,763 > UCB1109-01-00 cleared
[INFO|CRAWLER.py] 2020-11-15 10:43:34,841 > YCF1201-01-00 cleared
[INFO|CRAWLER.py] 2020-11-15 10:43:36,929 > YCF1201-02-00 cleared
[INFO|CRAWLER.py] 2020-11-15 10:43:38,991 > YCF1201-03-00 cleared
[INFO|CRAWLER.py] 2020-11-15 10:43:41,057 > YCF1201-04-00 cleared
[INFO|CRAWLER.py] 2020-11-15 10:43:43,127 > YCF1201-05-00 cleared
[INFO|CRAWLER.py] 2020-11-15 10:43:45,206 > YCF1201-06-00 cleared
[INFO|CRAWLER.py] 2020-11-15 10:43:47,283 > YCF1202-01-00 cleared
[INFO|CRAWLER.py] 2020-11-15 10:43:49,345 > YCF1202-02-00 cleared
[INFO|CRAWLER.py] 2020-11-15 10:43:51,410 > YCF1203-01-00 cleared
[INFO|CRAWLER.py] 2020-11-15 10:43:53,477 > YCF1301-01-00 cleared
[INFO|CRAWLER.py] 2020-11-15 10:43:55,550 > YCF1301-02-00 cleared
[INFO|CRAWLER.py] 2020-11-15 10:43:57,637 > YCF1301-03-00 cleared
[INFO|CRAWLER.py] 2020-11-15 10:43:59,694 > YCF1301-04-00 cleared
[INFO|CRAWLER.py] 2020-11-15 10:44:01,758 > YCF1302-01-00 cleared
[INFO|CRAWLER.py] 2020-11-15 10:44:04,342 > 15 rows in 16-30 of 56
[INFO|CRAWLER.py] 2020-11-15 10:44:06,411 > YCF1302-02-00 cleared
[INFO|CRAWLER.py] 2020-11-15 10:44:08,472 > YCF1302-05-00 cleared
[INFO|CRAWLER.py] 2020-11-15 10:44:10,536 > YCF1303-01-00 cleared
[INFO|CRAWLER.py] 2020-11-15 10:44:12,618 > YCF1351-01-00 cleared
[INFO|CRAWLER.py] 2020-11-15 10:44:14,706 > YCF1351-02-00 cleared
[INFO|CRAWLER.py] 2020-11-15 10:44:16,799 > YCF1351-03-00 cleared
[INFO|CRAWLER.py] 2020-11-15 10:44:18,889 > YCF1351-04-00 cleared
[INFO|CRAWLER.py] 2020-11-15 10:44:20,958 > YCF1352-01-00 cleared
[INFO|CRAWLER.py] 2020-11-15 10:44:23,026 > YCF1352-02-00 cleared
[INFO|CRAWLER.py] 2020-11-15 10:44:25,088 > YCF1352-03-00 cleared
[INFO|CRAWLER.py] 2020-11-15 10:44:27,154 > YCF1353-01-00 cleared
[INFO|CRAWLER.py] 2020-11-15 10:44:29,222 > YCF1402-01-00 cleared
[INFO|CRAWLER.py] 2020-11-15 10:44:31,289 > YCF1403-01-00 cleared
[INFO|CRAWLER.py] 2020-11-15 10:44:33,358 > YCF1405-01-00 cleared
[INFO|CRAWLER.py] 2020-11-15 10:44:35,421 > YCF1406-01-00 cleared
[INFO|CRAWLER.py] 2020-11-15 10:44:38,007 > 15 rows in 31-45 of 56
[INFO|CRAWLER.py] 2020-11-15 10:44:40,110 > YCF1407-01-00 cleared
[INFO|CRAWLER.py] 2020-11-15 10:44:42,184 > YCF1451-01-00 cleared
[INFO|CRAWLER.py] 2020-11-15 10:44:44,254 > YCF1451-02-00 cleared
[INFO|CRAWLER.py] 2020-11-15 10:44:46,320 > YCF1452-01-00 cleared
[INFO|CRAWLER.py] 2020-11-15 10:44:48,384 > YCF1453-01-00 cleared
[INFO|CRAWLER.py] 2020-11-15 10:44:50,448 > YCF1501-01-00 cleared
[INFO|CRAWLER.py] 2020-11-15 10:44:52,537 > YCF1501-02-00 cleared
[INFO|CRAWLER.py] 2020-11-15 10:44:54,602 > YCF1502-01-00 cleared
[INFO|CRAWLER.py] 2020-11-15 10:44:56,672 > YCF1502-02-00 cleared
[INFO|CRAWLER.py] 2020-11-15 10:44:58,740 > YCF1503-01-00 cleared
[INFO|CRAWLER.py] 2020-11-15 10:45:00,802 > YCF1551-01-00 cleared
[INFO|CRAWLER.py] 2020-11-15 10:45:02,880 > YCF1551-02-00 cleared
[INFO|CRAWLER.py] 2020-11-15 10:45:15,472 > YCF1552-01-00 cleared
[INFO|CRAWLER.py] 2020-11-15 10:45:17,532 > YCF1552-02-00 cleared
[INFO|CRAWLER.py] 2020-11-15 10:45:19,591 > YCF1553-01-00 cleared
[INFO|CRAWLER.py] 2020-11-15 10:45:22,172 > 11 rows in 46-56 of 56
[INFO|CRAWLER.py] 2020-11-15 10:45:24,256 > YCF1601-01-00 cleared
[INFO|CRAWLER.py] 2020-11-15 10:45:26,315 > YCF1602-01-00 cleared
[INFO|CRAWLER.py] 2020-11-15 10:45:28,398 > YCF1603-01-00 cleared
[INFO|CRAWLER.py] 2020-11-15 10:45:30,475 > YCF1603-02-00 cleared
[INFO|CRAWLER.py] 2020-11-15 10:45:32,547 > YCF1604-01-00 cleared
[INFO|CRAWLER.py] 2020-11-15 10:45:34,625 > YCF1605-01-00 cleared
[INFO|CRAWLER.py] 2020-11-15 10:45:47,214 > YCF1606-01-00 cleared
[INFO|CRAWLER.py] 2020-11-15 10:45:49,283 > YCF1607-01-00 cleared
[INFO|CRAWLER.py] 2020-11-15 10:45:51,393 > YCF1652-01-00 cleared
[INFO|CRAWLER.py] 2020-11-15 10:45:53,500 > YCF1652-02-00 cleared
[INFO|CRAWLER.py] 2020-11-15 10:45:55,611 > YCF1753-01-00 cleared
[INFO|CRAWLER.py] 2020-11-15 10:45:57,665 > 언어와표현 탐색 완료
[INFO|CRAWLER.py] 2020-11-15 10:45:57,666 > 20182-필수교양(10~18학번)-가치와윤리 수집 시작
[INFO|CRAWLER.py] 2020-11-15 10:45:58,293 > 15 rows in 1-15 of 20
[INFO|CRAWLER.py] 2020-11-15 10:45:58,318 > 유의사항 기준 탐색 완료
[INFO|CRAWLER.py] 2020-11-15 10:45:58,836 > 15 rows in 1-15 of 20
[INFO|CRAWLER.py] 2020-11-15 10:46:00,935 > OMA1001-01-00 cleared
[INFO|CRAWLER.py] 2020-11-15 10:46:00,981 > PSY2110-01-00: 중복된 강의 객체. caution 수집 완료
[INFO|CRAWLER.py] 2020-11-15 10:46:03,148 > UCB1104-01-00 cleared
[INFO|CRAWLER.py] 2020-11-15 10:46:05,212 > YCG1002-01-01 cleared
[INFO|CRAWLER.py] 2020-11-15 10:46:07,275 > YCG1002-01-02 cleared
[INFO|CRAWLER.py] 2020-11-15 10:46:09,343 > YCG1002-01-03 cleared
[INFO|CRAWLER.py] 2020-11-15 10:46:11,405 > YCG1002-01-04 cleared
[INFO|CRAWLER.py] 2020-11-15 10:46:13,464 > YCG1002-01-05 cleared
[INFO|CRAWLER.py] 2020-11-15 10:46:26,023 > YCG1002-01-06 cleared
[INFO|CRAWLER.py] 2020-11-15 10:46:28,082 > YCG1002-01-07 cleared
[INFO|CRAWLER.py] 2020-11-15 10:46:40,664 > YCG1002-01-08 cleared
[INFO|CRAWLER.py] 2020-11-15 10:46:53,242 > YCG1002-01-09 cleared
[INFO|CRAWLER.py] 2020-11-15 10:46:55,306 > YCG1002-01-10 cleared
[INFO|CRAWLER.py] 2020-11-15 10:46:57,407 > YCG1004-01-00 cleared
[INFO|CRAWLER.py] 2020-11-15 10:46:59,559 > YCG1602-01-00 cleared
[INFO|CRAWLER.py] 2020-11-15 10:47:02,124 > 5 rows in 16-20 of 20
[INFO|CRAWLER.py] 2020-11-15 10:47:04,213 > YCG1702-01-00 cleared
[INFO|CRAWLER.py] 2020-11-15 10:47:06,459 > YCG1801-01-00 cleared
[INFO|CRAWLER.py] 2020-11-15 10:47:08,633 > YCG1804-01-00 cleared
[INFO|CRAWLER.py] 2020-11-15 10:47:10,928 > YCG1852-01-00 cleared
[INFO|CRAWLER.py] 2020-11-15 10:47:12,997 > YCG1999-01-00 cleared
[INFO|CRAWLER.py] 2020-11-15 10:47:15,031 > 가치와윤리 탐색 완료
[INFO|CRAWLER.py] 2020-11-15 10:47:15,032 > 20182-필수교양(10~18학번)-국가와사회공동체 수집 시작
[INFO|CRAWLER.py] 2020-11-15 10:47:15,661 > 12 rows in 1-12 of 12
[INFO|CRAWLER.py] 2020-11-15 10:47:15,688 > 유의사항 기준 탐색 완료
[INFO|CRAWLER.py] 2020-11-15 10:47:16,206 > 12 rows in 1-12 of 12
[INFO|CRAWLER.py] 2020-11-15 10:47:16,252 > SOC1002-02-00: 중복된 강의 객체. caution 수집 완료
[INFO|CRAWLER.py] 2020-11-15 10:47:18,360 > UCD1101-01-00 cleared
[INFO|CRAWLER.py] 2020-11-15 10:47:20,434 > UCD1104-01-00 cleared
[INFO|CRAWLER.py] 2020-11-15 10:47:22,537 > UCD1105-01-00 cleared
[INFO|CRAWLER.py] 2020-11-15 10:47:24,617 > YCH1002-01-00 cleared
[INFO|CRAWLER.py] 2020-11-15 10:47:26,706 > YCH1201-01-00 cleared
[INFO|CRAWLER.py] 2020-11-15 10:47:28,851 > YCH1203-01-00 cleared
[INFO|CRAWLER.py] 2020-11-15 10:47:30,917 > YCH1301-01-00 cleared
[INFO|CRAWLER.py] 2020-11-15 10:47:33,097 > YCH1302-01-00 cleared
[INFO|CRAWLER.py] 2020-11-15 10:47:35,361 > YCH1603-01-00 cleared
[INFO|CRAWLER.py] 2020-11-15 10:47:37,537 > YCH1604-01-00 cleared
[INFO|CRAWLER.py] 2020-11-15 10:47:50,126 > YCH1999-01-00 cleared
[INFO|CRAWLER.py] 2020-11-15 10:47:52,154 > 국가와사회공동체 탐색 완료
[INFO|CRAWLER.py] 2020-11-15 10:47:52,154 > 20182-필수교양(10~18학번)-지역사회와세계 수집 시작
[INFO|CRAWLER.py] 2020-11-15 10:47:52,776 > 12 rows in 1-12 of 12
[INFO|CRAWLER.py] 2020-11-15 10:47:52,804 > 유의사항 기준 탐색 완료
[INFO|CRAWLER.py] 2020-11-15 10:47:53,322 > 12 rows in 1-12 of 12
[INFO|CRAWLER.py] 2020-11-15 10:47:53,361 > ANT2105-01-00: 중복된 강의 객체. caution 수집 완료
[INFO|CRAWLER.py] 2020-11-15 10:47:55,434 > ECO1001-01-00 cleared
[INFO|CRAWLER.py] 2020-11-15 10:47:57,537 > ECO1001-02-00 cleared
[INFO|CRAWLER.py] 2020-11-15 10:48:10,140 > ECO1001-03-00 cleared
[INFO|CRAWLER.py] 2020-11-15 10:48:12,241 > ECO1001-04-00 cleared
[INFO|CRAWLER.py] 2020-11-15 10:48:14,327 > ECO1002-01-00 cleared
[INFO|CRAWLER.py] 2020-11-15 10:48:16,453 > UCD1103-01-00 cleared
[INFO|CRAWLER.py] 2020-11-15 10:48:18,564 > UCD1106-01-00 cleared
[INFO|CRAWLER.py] 2020-11-15 10:48:20,662 > UCF1101-01-00 cleared
[INFO|CRAWLER.py] 2020-11-15 10:48:22,737 > UCF1104-01-00 cleared
[INFO|CRAWLER.py] 2020-11-15 10:48:24,852 > YCI1201-01-00 cleared
[INFO|CRAWLER.py] 2020-11-15 10:48:26,972 > YCI1701-01-00 cleared
[INFO|CRAWLER.py] 2020-11-15 10:48:28,999 > 지역사회와세계 탐색 완료
[INFO|CRAWLER.py] 2020-11-15 10:48:29,000 > 20182-필수교양(10~18학번)-논리와수리 수집 시작
[INFO|CRAWLER.py] 2020-11-15 10:48:29,621 > 15 rows in 1-15 of 40
[INFO|CRAWLER.py] 2020-11-15 10:48:29,653 > 유의사항 기준 탐색 완료
[INFO|CRAWLER.py] 2020-11-15 10:48:30,171 > 15 rows in 1-15 of 40
[INFO|CRAWLER.py] 2020-11-15 10:48:30,220 > BIZ1101-01-00: 중복된 강의 객체. caution 수집 완료
[INFO|CRAWLER.py] 2020-11-15 10:48:30,262 > BIZ1101-02-00: 중복된 강의 객체. caution 수집 완료
[INFO|CRAWLER.py] 2020-11-15 10:48:30,303 > BIZ1101-03-00: 중복된 강의 객체. caution 수집 완료
[INFO|CRAWLER.py] 2020-11-15 10:48:30,344 > BIZ1101-04-00: 중복된 강의 객체. caution 수집 완료
[INFO|CRAWLER.py] 2020-11-15 10:48:30,384 > BIZ1101-05-00: 중복된 강의 객체. caution 수집 완료
[INFO|CRAWLER.py] 2020-11-15 10:48:30,424 > BIZ1101-06-00: 중복된 강의 객체. caution 수집 완료
[INFO|CRAWLER.py] 2020-11-15 10:48:32,503 > ENG1108-01-01 cleared
[INFO|CRAWLER.py] 2020-11-15 10:48:34,561 > ENG1108-01-02 cleared
[INFO|CRAWLER.py] 2020-11-15 10:48:36,631 > ENG1108-02-01 cleared
[INFO|CRAWLER.py] 2020-11-15 10:48:38,705 > ENG1108-02-02 cleared
[INFO|CRAWLER.py] 2020-11-15 10:48:40,789 > ENG1108-03-01 cleared
[INFO|CRAWLER.py] 2020-11-15 10:48:42,853 > ENG1108-03-02 cleared
[INFO|CRAWLER.py] 2020-11-15 10:48:44,908 > ENG1108-04-01 cleared
[INFO|CRAWLER.py] 2020-11-15 10:48:46,971 > ENG1108-04-02 cleared
[INFO|CRAWLER.py] 2020-11-15 10:48:47,014 > LIS1102-01-00: 중복된 강의 객체. caution 수집 완료
[INFO|CRAWLER.py] 2020-11-15 10:48:49,598 > 15 rows in 16-30 of 40
[INFO|CRAWLER.py] 2020-11-15 10:48:51,671 > MAT1001-01-01 cleared
[INFO|CRAWLER.py] 2020-11-15 10:48:53,739 > MAT1001-01-02 cleared
[INFO|CRAWLER.py] 2020-11-15 10:48:55,815 > MAT1002-01-01 cleared
[INFO|CRAWLER.py] 2020-11-15 10:48:57,876 > MAT1002-01-02 cleared
[INFO|CRAWLER.py] 2020-11-15 10:48:59,969 > MAT1011-01-01 cleared
[INFO|CRAWLER.py] 2020-11-15 10:49:02,033 > MAT1011-01-02 cleared
[INFO|CRAWLER.py] 2020-11-15 10:49:04,114 > MAT1012-01-01 cleared
[INFO|CRAWLER.py] 2020-11-15 10:49:06,191 > MAT1012-01-02 cleared
[INFO|CRAWLER.py] 2020-11-15 10:49:08,279 > STA1001-01-01 cleared
[INFO|CRAWLER.py] 2020-11-15 10:49:10,368 > STA1001-01-02 cleared
[INFO|CRAWLER.py] 2020-11-15 10:49:12,480 > STA1001-02-01 cleared
[INFO|CRAWLER.py] 2020-11-15 10:49:14,580 > STA1001-02-02 cleared
[INFO|CRAWLER.py] 2020-11-15 10:49:16,641 > STA1001-03-01 cleared
[INFO|CRAWLER.py] 2020-11-15 10:49:18,705 > STA1001-03-02 cleared
[INFO|CRAWLER.py] 2020-11-15 10:49:20,772 > STA1001-04-01 cleared
[INFO|CRAWLER.py] 2020-11-15 10:49:23,347 > 10 rows in 31-40 of 40
[INFO|CRAWLER.py] 2020-11-15 10:49:25,404 > STA1001-04-02 cleared
[INFO|CRAWLER.py] 2020-11-15 10:49:27,467 > STA1001-05-01 cleared
[INFO|CRAWLER.py] 2020-11-15 10:49:29,527 > STA1001-05-02 cleared
[INFO|CRAWLER.py] 2020-11-15 10:49:29,571 > STA1001-06-01: 중복된 강의 객체. caution 수집 완료
[INFO|CRAWLER.py] 2020-11-15 10:49:29,618 > STA1001-06-02: 중복된 강의 객체. caution 수집 완료
[INFO|CRAWLER.py] 2020-11-15 10:49:29,661 > STA2105-01-00: 중복된 강의 객체. caution 수집 완료
[INFO|CRAWLER.py] 2020-11-15 10:49:29,713 > STA2105-02-00: 중복된 강의 객체. caution 수집 완료
[INFO|CRAWLER.py] 2020-11-15 10:49:29,765 > STA2105-03-00: 중복된 강의 객체. caution 수집 완료
[INFO|CRAWLER.py] 2020-11-15 10:49:31,885 > YCJ1001-01-00 cleared
[INFO|CRAWLER.py] 2020-11-15 10:49:33,951 > YCJ1005-01-00 cleared
[INFO|CRAWLER.py] 2020-11-15 10:49:36,008 > 논리와수리 탐색 완료
[INFO|CRAWLER.py] 2020-11-15 10:49:36,009 > 20182-필수교양(10~18학번)-자연과우주 수집 시작
[INFO|CRAWLER.py] 2020-11-15 10:49:36,633 > 13 rows in 1-13 of 13
[INFO|CRAWLER.py] 2020-11-15 10:49:36,659 > 유의사항 기준 탐색 완료
[INFO|CRAWLER.py] 2020-11-15 10:49:37,177 > 13 rows in 1-13 of 13
[INFO|CRAWLER.py] 2020-11-15 10:49:39,265 > CHE1002-01-00 cleared
[INFO|CRAWLER.py] 2020-11-15 10:49:41,352 > CHE1012-01-00 cleared
[INFO|CRAWLER.py] 2020-11-15 10:49:43,436 > PHY1002-01-00 cleared
[INFO|CRAWLER.py] 2020-11-15 10:49:56,041 > PHY1002-02-00 cleared
[INFO|CRAWLER.py] 2020-11-15 10:49:58,121 > PHY1012-01-00 cleared
[INFO|CRAWLER.py] 2020-11-15 10:50:00,205 > PHY1012-02-00 cleared
[INFO|CRAWLER.py] 2020-11-15 10:50:02,289 > UCC1102-01-00 cleared
[INFO|CRAWLER.py] 2020-11-15 10:50:04,390 > UCC1103-01-00 cleared
[INFO|CRAWLER.py] 2020-11-15 10:50:06,512 > UCC1105-01-00 cleared
[INFO|CRAWLER.py] 2020-11-15 10:50:08,675 > UCC1106-01-00 cleared
[INFO|CRAWLER.py] 2020-11-15 10:50:10,805 > UCC1106-02-00 cleared
[INFO|CRAWLER.py] 2020-11-15 10:50:12,885 > 자연과우주 탐색 완료
[INFO|CRAWLER.py] 2020-11-15 10:50:12,885 > 20182-필수교양(10~18학번)-생명과환경 수집 시작
[INFO|CRAWLER.py] 2020-11-15 10:50:13,508 > 13 rows in 1-13 of 13
[INFO|CRAWLER.py] 2020-11-15 10:50:13,534 > 유의사항 기준 탐색 완료
[INFO|CRAWLER.py] 2020-11-15 10:50:14,055 > 13 rows in 1-13 of 13
[INFO|CRAWLER.py] 2020-11-15 10:50:16,128 > BIO1002-01-00 cleared
[INFO|CRAWLER.py] 2020-11-15 10:50:18,193 > BIO1002-02-00 cleared
[INFO|CRAWLER.py] 2020-11-15 10:50:20,256 > BIO1009-01-00 cleared
[INFO|CRAWLER.py] 2020-11-15 10:50:22,333 > BIO1011-01-00 cleared
[INFO|CRAWLER.py] 2020-11-15 10:50:24,411 > BIO1012-01-00 cleared
[INFO|CRAWLER.py] 2020-11-15 10:50:26,475 > BIO1013-01-00 cleared
[INFO|CRAWLER.py] 2020-11-15 10:50:28,594 > UCC1104-01-00 cleared
[INFO|CRAWLER.py] 2020-11-15 10:50:30,686 > UCC1113-01-00 cleared
[INFO|CRAWLER.py] 2020-11-15 10:50:32,808 > UCH1104-01-00 cleared
[INFO|CRAWLER.py] 2020-11-15 10:50:34,944 > YCL1003-01-00 cleared
[INFO|CRAWLER.py] 2020-11-15 10:50:37,088 > YCL1004-01-00 cleared
[INFO|CRAWLER.py] 2020-11-15 10:50:39,159 > YCL1601-01-01 cleared
[INFO|CRAWLER.py] 2020-11-15 10:50:41,220 > YCL1601-01-02 cleared
[INFO|CRAWLER.py] 2020-11-15 10:50:43,247 > 생명과환경 탐색 완료
[INFO|CRAWLER.py] 2020-11-15 10:50:43,247 > 20182-필수교양(10~18학번)-소프트웨어 수집 시작
[INFO|CRAWLER.py] 2020-11-15 10:50:43,869 > 4 rows in 1-4 of 4
[INFO|CRAWLER.py] 2020-11-15 10:50:43,894 > 유의사항 기준 탐색 완료
[INFO|CRAWLER.py] 2020-11-15 10:50:44,412 > 4 rows in 1-4 of 4
[INFO|CRAWLER.py] 2020-11-15 10:50:46,508 > YCS1002-01-00 cleared
[INFO|CRAWLER.py] 2020-11-15 10:50:48,602 > YCS1002-02-00 cleared
[INFO|CRAWLER.py] 2020-11-15 10:50:50,694 > YCS1002-03-00 cleared
[INFO|CRAWLER.py] 2020-11-15 10:50:52,762 > YCS1001-01-00 cleared
[INFO|CRAWLER.py] 2020-11-15 10:50:54,785 > 소프트웨어 탐색 완료
[INFO|CRAWLER.py] 2020-11-15 10:50:54,786 > 필수교양(10~18학번) 수집 완료
[INFO|CRAWLER.py] 2020-11-15 10:50:54,786 > 20182-선택교양(10~18학번)-Freshman Seminars 수집 시작
[INFO|CRAWLER.py] 2020-11-15 10:50:55,406 > 0 rows in 1-0 of 0
[INFO|CRAWLER.py] 2020-11-15 10:51:05,951 > No caution link in 0th row
[INFO|CRAWLER.py] 2020-11-15 10:51:06,458 > 0 rows in 1-0 of 0
[INFO|CRAWLER.py] 2020-11-15 10:51:06,458 > No caution in pages
[INFO|CRAWLER.py] 2020-11-15 10:51:06,975 > 0 rows in 1-0 of 0
[INFO|CRAWLER.py] 2020-11-15 10:51:08,999 > Freshman Seminars 탐색 완료
[INFO|CRAWLER.py] 2020-11-15 10:51:08,999 > 20182-선택교양(10~18학번)-Gateway to College 수집 시작
[INFO|CRAWLER.py] 2020-11-15 10:51:09,605 > 0 rows in 1-0 of 0
[INFO|CRAWLER.py] 2020-11-15 10:51:20,140 > No caution link in 0th row
[INFO|CRAWLER.py] 2020-11-15 10:51:20,647 > 0 rows in 1-0 of 0
[INFO|CRAWLER.py] 2020-11-15 10:51:20,647 > No caution in pages
[INFO|CRAWLER.py] 2020-11-15 10:51:21,163 > 0 rows in 1-0 of 0
[INFO|CRAWLER.py] 2020-11-15 10:51:23,187 > Gateway to College 탐색 완료
[INFO|CRAWLER.py] 2020-11-15 10:51:23,187 > 20182-선택교양(10~18학번)-Residential Education 수집 시작
[INFO|CRAWLER.py] 2020-11-15 10:51:23,803 > 0 rows in 1-0 of 0
[INFO|CRAWLER.py] 2020-11-15 10:51:34,346 > No caution link in 0th row
[INFO|CRAWLER.py] 2020-11-15 10:51:34,853 > 0 rows in 1-0 of 0
[INFO|CRAWLER.py] 2020-11-15 10:51:34,853 > No caution in pages
[INFO|CRAWLER.py] 2020-11-15 10:51:35,370 > 0 rows in 1-0 of 0
[INFO|CRAWLER.py] 2020-11-15 10:51:37,393 > Residential Education 탐색 완료
[INFO|CRAWLER.py] 2020-11-15 10:51:37,393 > 20182-선택교양(10~18학번)-역사·철학영역 수집 시작
[INFO|CRAWLER.py] 2020-11-15 10:51:38,001 > 15 rows in 1-15 of 15
[INFO|CRAWLER.py] 2020-11-15 10:51:38,023 > 유의사항 기준 탐색 완료
[INFO|CRAWLER.py] 2020-11-15 10:51:38,539 > 15 rows in 1-15 of 15
[INFO|CRAWLER.py] 2020-11-15 10:51:40,646 > UCG1124-01-00 cleared
[INFO|CRAWLER.py] 2020-11-15 10:51:42,729 > UCG1145-01-00 cleared
[INFO|CRAWLER.py] 2020-11-15 10:51:44,833 > UCG1106-01-00 cleared
[INFO|CRAWLER.py] 2020-11-15 10:51:46,986 > UCG1108-01-00 cleared
[INFO|CRAWLER.py] 2020-11-15 10:51:49,048 > UCG1111-01-00 cleared
[INFO|CRAWLER.py] 2020-11-15 10:51:51,141 > UCG1117-01-00 cleared
[INFO|CRAWLER.py] 2020-11-15 10:51:53,227 > UCG1122-01-00 cleared
[INFO|CRAWLER.py] 2020-11-15 10:51:55,336 > UCG1130-01-00 cleared
[INFO|CRAWLER.py] 2020-11-15 10:51:57,455 > UCG1133-01-00 cleared
[INFO|CRAWLER.py] 2020-11-15 10:51:59,567 > UCG1141-01-00 cleared
[INFO|CRAWLER.py] 2020-11-15 10:52:01,648 > UCG1131-01-00 cleared
[INFO|CRAWLER.py] 2020-11-15 10:52:03,722 > UCG1131-02-00 cleared
[INFO|CRAWLER.py] 2020-11-15 10:52:05,790 > UCG1131-03-00 cleared
[INFO|CRAWLER.py] 2020-11-15 10:52:07,877 > UCG1131-04-00 cleared
[INFO|CRAWLER.py] 2020-11-15 10:52:09,902 > 역사·철학영역 탐색 완료
[INFO|CRAWLER.py] 2020-11-15 10:52:09,902 > 20182-선택교양(10~18학번)-과학·기술영역 수집 시작
[INFO|CRAWLER.py] 2020-11-15 10:52:10,527 > 3 rows in 1-3 of 3
[INFO|CRAWLER.py] 2020-11-15 10:52:10,552 > 유의사항 기준 탐색 완료
[INFO|CRAWLER.py] 2020-11-15 10:52:11,070 > 3 rows in 1-3 of 3
[INFO|CRAWLER.py] 2020-11-15 10:52:13,158 > UCH1102-01-00 cleared
[INFO|CRAWLER.py] 2020-11-15 10:52:15,222 > UCH1106-01-00 cleared
[INFO|CRAWLER.py] 2020-11-15 10:52:17,322 > UCH1108-01-00 cleared
[INFO|CRAWLER.py] 2020-11-15 10:52:19,346 > 과학·기술영역 탐색 완료
[INFO|CRAWLER.py] 2020-11-15 10:52:19,346 > 20182-선택교양(10~18학번)-사회·윤리영역 수집 시작
[INFO|CRAWLER.py] 2020-11-15 10:52:19,938 > 15 rows in 1-15 of 34
[INFO|CRAWLER.py] 2020-11-15 10:52:30,484 > No caution link in 0th row
[INFO|CRAWLER.py] 2020-11-15 10:52:30,991 > 15 rows in 1-15 of 34
[INFO|CRAWLER.py] 2020-11-15 10:52:31,022 > 유의사항 기준 탐색 완료
[INFO|CRAWLER.py] 2020-11-15 10:52:31,538 > 15 rows in 1-15 of 34
[INFO|CRAWLER.py] 2020-11-15 10:52:33,654 > UCI2001-02-00 cleared
[INFO|CRAWLER.py] 2020-11-15 10:52:35,718 > UCI2001-03-00 cleared
[INFO|CRAWLER.py] 2020-11-15 10:52:37,811 > UCI2001-04-00 cleared
[INFO|CRAWLER.py] 2020-11-15 10:52:39,893 > UCI2001-05-00 cleared
[INFO|CRAWLER.py] 2020-11-15 10:52:41,968 > UCI2001-06-00 cleared
[INFO|CRAWLER.py] 2020-11-15 10:52:44,034 > UCI2001-07-00 cleared
[INFO|CRAWLER.py] 2020-11-15 10:52:46,122 > UCI2001-08-00 cleared
[INFO|CRAWLER.py] 2020-11-15 10:52:48,186 > UCI2001-09-00 cleared
[INFO|CRAWLER.py] 2020-11-15 10:52:50,247 > UCI2001-10-00 cleared
[INFO|CRAWLER.py] 2020-11-15 10:53:02,837 > UCI2001-11-00 cleared
[INFO|CRAWLER.py] 2020-11-15 10:53:04,901 > UCI2001-12-00 cleared
[INFO|CRAWLER.py] 2020-11-15 10:53:06,961 > UCI2001-13-00 cleared
[INFO|CRAWLER.py] 2020-11-15 10:53:09,018 > UCI2001-14-00 cleared
[INFO|CRAWLER.py] 2020-11-15 10:53:11,619 > 15 rows in 16-30 of 34
[INFO|CRAWLER.py] 2020-11-15 10:53:13,675 > UCI2001-16-00 cleared
[INFO|CRAWLER.py] 2020-11-15 10:53:15,761 > UCI2001-18-00 cleared
[INFO|CRAWLER.py] 2020-11-15 10:53:17,838 > UCR1016-01-00 cleared
[INFO|CRAWLER.py] 2020-11-15 10:53:19,915 > UCI1101-01-00 cleared
[INFO|CRAWLER.py] 2020-11-15 10:53:21,978 > UCI1106-01-00 cleared
[INFO|CRAWLER.py] 2020-11-15 10:53:24,089 > UCI1108-01-00 cleared
[INFO|CRAWLER.py] 2020-11-15 10:53:36,681 > UCI1121-01-00 cleared
[INFO|CRAWLER.py] 2020-11-15 10:53:38,804 > UCI1122-01-00 cleared
[INFO|CRAWLER.py] 2020-11-15 10:53:40,897 > UCI1123-01-00 cleared
[INFO|CRAWLER.py] 2020-11-15 10:53:53,477 > UCI1129-01-00 cleared
[INFO|CRAWLER.py] 2020-11-15 10:53:55,558 > UCI1132-01-00 cleared
[INFO|CRAWLER.py] 2020-11-15 10:53:57,622 > UCI1136-01-00 cleared
[INFO|CRAWLER.py] 2020-11-15 10:53:59,703 > UCI1141-01-00 cleared
[INFO|CRAWLER.py] 2020-11-15 10:54:01,781 > UCI1142-01-00 cleared
[INFO|CRAWLER.py] 2020-11-15 10:54:04,350 > 4 rows in 31-34 of 34
[INFO|CRAWLER.py] 2020-11-15 10:54:06,424 > UCI1149-01-00 cleared
[INFO|CRAWLER.py] 2020-11-15 10:54:08,625 > UCI1166-01-00 cleared
[INFO|CRAWLER.py] 2020-11-15 10:54:10,813 > UCL1130-01-00 cleared
[INFO|CRAWLER.py] 2020-11-15 10:54:12,924 > UCL1132-01-00 cleared
[INFO|CRAWLER.py] 2020-11-15 10:54:14,958 > 사회·윤리영역 탐색 완료
[INFO|CRAWLER.py] 2020-11-15 10:54:14,958 > 20182-선택교양(10~18학번)-인문·예술영역 수집 시작
[INFO|CRAWLER.py] 2020-11-15 10:54:15,586 > 15 rows in 1-15 of 22
[INFO|CRAWLER.py] 2020-11-15 10:54:15,612 > 유의사항 기준 탐색 완료
[INFO|CRAWLER.py] 2020-11-15 10:54:16,129 > 15 rows in 1-15 of 22
[INFO|CRAWLER.py] 2020-11-15 10:54:18,235 > UCJ1135-01-00 cleared
[INFO|CRAWLER.py] 2020-11-15 10:54:20,302 > UCJ1135-02-00 cleared
[INFO|CRAWLER.py] 2020-11-15 10:54:22,366 > UCJ1136-01-00 cleared
[INFO|CRAWLER.py] 2020-11-15 10:54:24,441 > UCJ1105-01-00 cleared
[INFO|CRAWLER.py] 2020-11-15 10:54:26,518 > UCJ1107-01-00 cleared
[INFO|CRAWLER.py] 2020-11-15 10:54:28,582 > UCJ1107-02-00 cleared
[INFO|CRAWLER.py] 2020-11-15 10:54:30,718 > UCJ1108-01-00 cleared
[INFO|CRAWLER.py] 2020-11-15 10:54:32,817 > UCJ1108-02-00 cleared
[INFO|CRAWLER.py] 2020-11-15 10:54:34,907 > UCJ1110-01-00 cleared
[INFO|CRAWLER.py] 2020-11-15 10:54:37,057 > UCJ1111-01-00 cleared
[INFO|CRAWLER.py] 2020-11-15 10:54:39,195 > UCJ1111-02-00 cleared
[INFO|CRAWLER.py] 2020-11-15 10:54:41,287 > UCJ1112-01-00 cleared
[INFO|CRAWLER.py] 2020-11-15 10:54:43,365 > UCJ1113-01-00 cleared
[INFO|CRAWLER.py] 2020-11-15 10:54:45,428 > UCJ1116-01-00 cleared
[INFO|CRAWLER.py] 2020-11-15 10:54:47,494 > UCJ1116-02-00 cleared
[INFO|CRAWLER.py] 2020-11-15 10:54:50,058 > 7 rows in 16-22 of 22
[INFO|CRAWLER.py] 2020-11-15 10:54:52,122 > UCJ1116-03-00 cleared
[INFO|CRAWLER.py] 2020-11-15 10:54:54,200 > UCJ1128-01-00 cleared
[INFO|CRAWLER.py] 2020-11-15 10:54:56,284 > UCJ1129-01-00 cleared
[INFO|CRAWLER.py] 2020-11-15 10:54:58,341 > UCJ1130-01-00 cleared
[INFO|CRAWLER.py] 2020-11-15 10:55:00,444 > UCJ1117-01-00 cleared
[INFO|CRAWLER.py] 2020-11-15 10:55:02,542 > UCJ1124-01-00 cleared
[INFO|CRAWLER.py] 2020-11-15 10:55:04,619 > UCJ1131-01-00 cleared
[INFO|CRAWLER.py] 2020-11-15 10:55:06,648 > 인문·예술영역 탐색 완료
[INFO|CRAWLER.py] 2020-11-15 10:55:06,649 > 20182-선택교양(10~18학번)-세계문화·언어영역 수집 시작
[INFO|CRAWLER.py] 2020-11-15 10:55:07,279 > 15 rows in 1-15 of 36
[INFO|CRAWLER.py] 2020-11-15 10:55:07,303 > 유의사항 기준 탐색 완료
[INFO|CRAWLER.py] 2020-11-15 10:55:07,822 > 15 rows in 1-15 of 36
[INFO|CRAWLER.py] 2020-11-15 10:55:09,923 > UCK1104-01-00 cleared
[INFO|CRAWLER.py] 2020-11-15 10:55:12,035 > UCK1104-02-00 cleared
[INFO|CRAWLER.py] 2020-11-15 10:55:14,135 > UCK1105-01-00 cleared
[INFO|CRAWLER.py] 2020-11-15 10:55:16,219 > UCK1105-02-00 cleared
[INFO|CRAWLER.py] 2020-11-15 10:55:18,326 > UCK1106-01-00 cleared
[INFO|CRAWLER.py] 2020-11-15 10:55:20,421 > UCK1108-01-00 cleared
[INFO|CRAWLER.py] 2020-11-15 10:55:22,506 > UCK1110-01-00 cleared
[INFO|CRAWLER.py] 2020-11-15 10:55:24,577 > UCK1111-01-00 cleared
[INFO|CRAWLER.py] 2020-11-15 10:55:26,664 > UCK1111-02-00 cleared
[INFO|CRAWLER.py] 2020-11-15 10:55:28,735 > UCK1113-01-00 cleared
[INFO|CRAWLER.py] 2020-11-15 10:55:30,804 > UCK1114-01-00 cleared
[INFO|CRAWLER.py] 2020-11-15 10:55:32,872 > UCK1114-02-00 cleared
[INFO|CRAWLER.py] 2020-11-15 10:55:34,938 > UCK1117-01-00 cleared
[INFO|CRAWLER.py] 2020-11-15 10:55:37,005 > UCK1119-01-00 cleared
[INFO|CRAWLER.py] 2020-11-15 10:55:39,085 > UCK1124-01-00 cleared
[INFO|CRAWLER.py] 2020-11-15 10:55:41,666 > 15 rows in 16-30 of 36
[INFO|CRAWLER.py] 2020-11-15 10:55:43,739 > UCK1125-01-00 cleared
[INFO|CRAWLER.py] 2020-11-15 10:55:45,798 > UCK1126-01-00 cleared
[INFO|CRAWLER.py] 2020-11-15 10:55:58,386 > UCK1127-01-00 cleared
[INFO|CRAWLER.py] 2020-11-15 10:56:00,445 > UCK1128-01-00 cleared
[INFO|CRAWLER.py] 2020-11-15 10:56:02,517 > UCK1129-01-00 cleared
[INFO|CRAWLER.py] 2020-11-15 10:56:04,619 > UCK1132-01-00 cleared
[INFO|CRAWLER.py] 2020-11-15 10:56:06,682 > UCK1143-01-00 cleared
[INFO|CRAWLER.py] 2020-11-15 10:56:08,775 > UCK1143-02-00 cleared
[INFO|CRAWLER.py] 2020-11-15 10:56:10,850 > UCK1144-01-00 cleared
[INFO|CRAWLER.py] 2020-11-15 10:56:12,922 > UCK1146-01-00 cleared
[INFO|CRAWLER.py] 2020-11-15 10:56:14,987 > UCK1147-01-00 cleared
[INFO|CRAWLER.py] 2020-11-15 10:56:17,066 > UCK1149-01-00 cleared
[INFO|CRAWLER.py] 2020-11-15 10:56:19,126 > UCK1150-01-00 cleared
[INFO|CRAWLER.py] 2020-11-15 10:56:21,191 > UCK1151-01-00 cleared
[INFO|CRAWLER.py] 2020-11-15 10:56:23,259 > UCK1152-01-00 cleared
[INFO|CRAWLER.py] 2020-11-15 10:56:25,826 > 6 rows in 31-36 of 36
[INFO|CRAWLER.py] 2020-11-15 10:56:27,905 > UCK1153-01-00 cleared
[INFO|CRAWLER.py] 2020-11-15 10:56:29,981 > UCK1156-01-00 cleared
[INFO|CRAWLER.py] 2020-11-15 10:56:32,070 > UCK1157-01-00 cleared
[INFO|CRAWLER.py] 2020-11-15 10:56:34,132 > UCK1158-01-00 cleared
[INFO|CRAWLER.py] 2020-11-15 10:56:36,213 > UCK1159-01-00 cleared
[INFO|CRAWLER.py] 2020-11-15 10:56:38,279 > UCK1161-01-00 cleared
[INFO|CRAWLER.py] 2020-11-15 10:56:40,316 > 세계문화·언어영역 탐색 완료
[INFO|CRAWLER.py] 2020-11-15 10:56:40,316 > 20182-선택교양(10~18학번)-생활·건강영역 수집 시작
[INFO|CRAWLER.py] 2020-11-15 10:56:40,946 > 15 rows in 1-15 of 95
[INFO|CRAWLER.py] 2020-11-15 10:56:40,975 > 유의사항 기준 탐색 완료
[INFO|CRAWLER.py] 2020-11-15 10:56:41,494 > 15 rows in 1-15 of 95
[INFO|CRAWLER.py] 2020-11-15 10:56:43,587 > UCL1101-01-00 cleared
[INFO|CRAWLER.py] 2020-11-15 10:56:45,669 > UCL1101-02-00 cleared
[INFO|CRAWLER.py] 2020-11-15 10:56:47,768 > UCL1101-03-00 cleared
[INFO|CRAWLER.py] 2020-11-15 10:56:49,829 > UCL1101-04-00 cleared
[INFO|CRAWLER.py] 2020-11-15 10:56:51,908 > UCL1102-01-00 cleared
[INFO|CRAWLER.py] 2020-11-15 10:56:54,009 > UCL1102-02-00 cleared
[INFO|CRAWLER.py] 2020-11-15 10:56:56,091 > UCL1102-03-00 cleared
[INFO|CRAWLER.py] 2020-11-15 10:56:58,166 > UCL1102-04-00 cleared
[INFO|CRAWLER.py] 2020-11-15 10:57:00,233 > UCL1102-05-00 cleared
[INFO|CRAWLER.py] 2020-11-15 10:57:02,321 > UCL1103-01-00 cleared
[INFO|CRAWLER.py] 2020-11-15 10:57:04,403 > UCL1103-02-00 cleared
[INFO|CRAWLER.py] 2020-11-15 10:57:06,481 > UCL1103-03-00 cleared
[INFO|CRAWLER.py] 2020-11-15 10:57:08,565 > UCL1103-04-00 cleared
[INFO|CRAWLER.py] 2020-11-15 10:57:10,665 > UCL1103-05-00 cleared
[INFO|CRAWLER.py] 2020-11-15 10:57:12,748 > UCL1103-06-00 cleared
[INFO|CRAWLER.py] 2020-11-15 10:57:15,326 > 15 rows in 16-30 of 95
[INFO|CRAWLER.py] 2020-11-15 10:57:17,408 > UCL1103-07-00 cleared
[INFO|CRAWLER.py] 2020-11-15 10:57:19,489 > UCL1104-01-00 cleared
[INFO|CRAWLER.py] 2020-11-15 10:57:21,571 > UCL1104-02-00 cleared
[INFO|CRAWLER.py] 2020-11-15 10:57:23,657 > UCL1104-03-00 cleared
[INFO|CRAWLER.py] 2020-11-15 10:57:25,730 > UCL1105-01-00 cleared
[INFO|CRAWLER.py] 2020-11-15 10:57:27,810 > UCL1105-02-00 cleared
[INFO|CRAWLER.py] 2020-11-15 10:57:29,901 > UCL1105-03-00 cleared
[INFO|CRAWLER.py] 2020-11-15 10:57:31,977 > UCL1105-04-00 cleared
[INFO|CRAWLER.py] 2020-11-15 10:57:34,070 > UCL1105-05-00 cleared
[INFO|CRAWLER.py] 2020-11-15 10:57:36,150 > UCL1105-06-00 cleared
[INFO|CRAWLER.py] 2020-11-15 10:57:38,230 > UCL1105-07-00 cleared
[INFO|CRAWLER.py] 2020-11-15 10:57:40,327 > UCL1105-08-00 cleared
[INFO|CRAWLER.py] 2020-11-15 10:57:42,394 > UCL1105-09-00 cleared
[INFO|CRAWLER.py] 2020-11-15 10:57:44,467 > UCL1105-10-00 cleared
[INFO|CRAWLER.py] 2020-11-15 10:57:46,548 > UCL1106-01-00 cleared
[INFO|CRAWLER.py] 2020-11-15 10:57:49,126 > 15 rows in 31-45 of 95
[INFO|CRAWLER.py] 2020-11-15 10:57:51,204 > UCL1106-02-00 cleared
[INFO|CRAWLER.py] 2020-11-15 10:57:53,277 > UCL1107-01-00 cleared
[INFO|CRAWLER.py] 2020-11-15 10:57:55,372 > UCL1108-01-00 cleared
[INFO|CRAWLER.py] 2020-11-15 10:57:57,442 > UCL1108-02-00 cleared
[INFO|CRAWLER.py] 2020-11-15 10:57:59,548 > UCL1109-01-00 cleared
[INFO|CRAWLER.py] 2020-11-15 10:58:01,652 > UCL1109-02-00 cleared
[INFO|CRAWLER.py] 2020-11-15 10:58:03,748 > UCL1109-03-00 cleared
[INFO|CRAWLER.py] 2020-11-15 10:58:05,854 > UCL1109-04-00 cleared
[INFO|CRAWLER.py] 2020-11-15 10:58:07,969 > UCL1109-05-00 cleared
[INFO|CRAWLER.py] 2020-11-15 10:58:10,045 > UCL1110-01-00 cleared
[INFO|CRAWLER.py] 2020-11-15 10:58:12,136 > UCL1111-01-00 cleared
[INFO|CRAWLER.py] 2020-11-15 10:58:14,223 > UCL1111-02-00 cleared
[INFO|CRAWLER.py] 2020-11-15 10:58:16,315 > UCL1111-03-00 cleared
[INFO|CRAWLER.py] 2020-11-15 10:58:18,399 > UCL1111-04-00 cleared
[INFO|CRAWLER.py] 2020-11-15 10:58:20,488 > UCL1111-05-00 cleared
[INFO|CRAWLER.py] 2020-11-15 10:58:23,072 > 15 rows in 46-60 of 95
[INFO|CRAWLER.py] 2020-11-15 10:58:25,157 > UCL1111-06-00 cleared
[INFO|CRAWLER.py] 2020-11-15 10:58:27,235 > UCL1112-01-00 cleared
[INFO|CRAWLER.py] 2020-11-15 10:58:29,322 > UCL1112-02-00 cleared
[INFO|CRAWLER.py] 2020-11-15 10:58:31,405 > UCL1112-03-00 cleared
[INFO|CRAWLER.py] 2020-11-15 10:58:33,487 > UCL1115-01-00 cleared
[INFO|CRAWLER.py] 2020-11-15 10:58:35,575 > UCL1115-02-00 cleared
[INFO|CRAWLER.py] 2020-11-15 10:58:37,640 > UCL1116-01-00 cleared
[INFO|CRAWLER.py] 2020-11-15 10:58:39,715 > UCL1118-01-00 cleared
[INFO|CRAWLER.py] 2020-11-15 10:58:41,780 > UCL1119-01-00 cleared
[INFO|CRAWLER.py] 2020-11-15 10:58:43,851 > UCL1119-02-00 cleared
[INFO|CRAWLER.py] 2020-11-15 10:58:45,924 > UCL1119-03-00 cleared
[INFO|CRAWLER.py] 2020-11-15 10:58:48,009 > UCL1119-04-00 cleared
[INFO|CRAWLER.py] 2020-11-15 10:58:50,106 > UCL1121-01-00 cleared
[INFO|CRAWLER.py] 2020-11-15 10:58:52,220 > UCL1121-02-00 cleared
[INFO|CRAWLER.py] 2020-11-15 10:58:54,313 > UCL1121-03-00 cleared
[INFO|CRAWLER.py] 2020-11-15 10:58:56,895 > 15 rows in 61-75 of 95
[INFO|CRAWLER.py] 2020-11-15 10:58:58,989 > UCL1121-04-00 cleared
[INFO|CRAWLER.py] 2020-11-15 10:59:01,070 > UCL1121-05-00 cleared
[INFO|CRAWLER.py] 2020-11-15 10:59:03,134 > UCL1124-01-00 cleared
[INFO|CRAWLER.py] 2020-11-15 10:59:05,204 > UCL1127-01-00 cleared
[INFO|CRAWLER.py] 2020-11-15 10:59:07,286 > UCL1127-02-00 cleared
[INFO|CRAWLER.py] 2020-11-15 10:59:09,372 > UCL1127-03-00 cleared
[INFO|CRAWLER.py] 2020-11-15 10:59:11,431 > UCL1128-01-00 cleared
[INFO|CRAWLER.py] 2020-11-15 10:59:13,510 > UCL1207-01-00 cleared
[INFO|CRAWLER.py] 2020-11-15 10:59:15,579 > UCL1210-01-00 cleared
[INFO|CRAWLER.py] 2020-11-15 10:59:17,660 > UCL1212-01-00 cleared
[INFO|CRAWLER.py] 2020-11-15 10:59:19,732 > UCL1214-01-00 cleared
[INFO|CRAWLER.py] 2020-11-15 10:59:21,793 > UCL1214-02-00 cleared
[INFO|CRAWLER.py] 2020-11-15 10:59:23,893 > UCL1215-01-00 cleared
[INFO|CRAWLER.py] 2020-11-15 10:59:26,024 > UCL1215-02-00 cleared
[INFO|CRAWLER.py] 2020-11-15 10:59:28,129 > UCL1215-03-00 cleared
[INFO|CRAWLER.py] 2020-11-15 10:59:30,710 > 15 rows in 76-90 of 95
[INFO|CRAWLER.py] 2020-11-15 10:59:32,784 > UCL1216-01-00 cleared
[INFO|CRAWLER.py] 2020-11-15 10:59:34,875 > UCL1217-01-00 cleared
[INFO|CRAWLER.py] 2020-11-15 10:59:36,974 > UCL1217-02-00 cleared
[INFO|CRAWLER.py] 2020-11-15 10:59:39,047 > UCL1218-01-00 cleared
[INFO|CRAWLER.py] 2020-11-15 10:59:41,119 > UCL1220-01-00 cleared
[INFO|CRAWLER.py] 2020-11-15 10:59:43,179 > UCL1220-02-00 cleared
[INFO|CRAWLER.py] 2020-11-15 10:59:45,250 > UCL1222-01-00 cleared
[INFO|CRAWLER.py] 2020-11-15 10:59:47,321 > UCL1222-02-00 cleared
[INFO|CRAWLER.py] 2020-11-15 10:59:49,383 > UCL1222-03-00 cleared
[INFO|CRAWLER.py] 2020-11-15 10:59:51,455 > UCL1223-01-00 cleared
[INFO|CRAWLER.py] 2020-11-15 10:59:53,531 > UCL1223-02-00 cleared
[INFO|CRAWLER.py] 2020-11-15 10:59:55,609 > UCL1224-01-00 cleared
[INFO|CRAWLER.py] 2020-11-15 10:59:57,699 > UCL1224-02-00 cleared
[INFO|CRAWLER.py] 2020-11-15 10:59:59,775 > UCL1229-01-00 cleared
[INFO|CRAWLER.py] 2020-11-15 11:00:01,862 > UCL1202-01-00 cleared
[INFO|CRAWLER.py] 2020-11-15 11:00:04,432 > 5 rows in 91-95 of 95
[INFO|CRAWLER.py] 2020-11-15 11:00:06,603 > UCL1203-01-00 cleared
[INFO|CRAWLER.py] 2020-11-15 11:00:08,747 > UCL1203-02-00 cleared
[INFO|CRAWLER.py] 2020-11-15 11:00:10,861 > UCL1201-01-00 cleared
[INFO|CRAWLER.py] 2020-11-15 11:00:12,956 > UCL1201-02-00 cleared
[INFO|CRAWLER.py] 2020-11-15 11:00:15,054 > UCL1205-01-00 cleared
[INFO|CRAWLER.py] 2020-11-15 11:00:17,094 > 생활·건강영역 탐색 완료
[INFO|CRAWLER.py] 2020-11-15 11:00:17,094 > 선택교양(10~18학번) 수집 완료
[INFO|CRAWLER.py] 2020-11-15 11:00:17,094 > 20182-(~2018학번)국제캠퍼스-공통기초-채플 수집 시작
[INFO|CRAWLER.py] 2020-11-15 11:00:17,731 > 10 rows in 1-10 of 10
[INFO|CRAWLER.py] 2020-11-15 11:00:17,757 > 유의사항 기준 탐색 완료
[INFO|CRAWLER.py] 2020-11-15 11:00:18,277 > 10 rows in 1-10 of 10
[INFO|CRAWLER.py] 2020-11-15 11:00:18,425 > YCA1006-01-00: 중복된 강의 객체. caution 수집 완료
[INFO|CRAWLER.py] 2020-11-15 11:00:18,474 > YCA1006-02-00: 중복된 강의 객체. caution 수집 완료
[INFO|CRAWLER.py] 2020-11-15 11:00:20,540 > YCA1006-03-00 cleared
[INFO|CRAWLER.py] 2020-11-15 11:00:22,603 > YCA1006-04-00 cleared
[INFO|CRAWLER.py] 2020-11-15 11:00:24,658 > YCA1006-05-00 cleared
[INFO|CRAWLER.py] 2020-11-15 11:00:26,712 > YCA1006-06-00 cleared
[INFO|CRAWLER.py] 2020-11-15 11:00:28,736 > 공통기초-채플 탐색 완료
[INFO|CRAWLER.py] 2020-11-15 11:00:28,737 > 20182-(~2018학번)국제캠퍼스-공통기초-기독교의이해 수집 시작
[INFO|CRAWLER.py] 2020-11-15 11:00:29,358 > 15 rows in 1-15 of 27
[INFO|CRAWLER.py] 2020-11-15 11:00:29,386 > 유의사항 기준 탐색 완료
[INFO|CRAWLER.py] 2020-11-15 11:00:29,904 > 15 rows in 1-15 of 27
[INFO|CRAWLER.py] 2020-11-15 11:00:31,957 > YCA1101-01-00 cleared
[INFO|CRAWLER.py] 2020-11-15 11:00:34,018 > YCA1101-02-00 cleared
[INFO|CRAWLER.py] 2020-11-15 11:00:36,075 > YCA1101-03-00 cleared
[INFO|CRAWLER.py] 2020-11-15 11:00:38,132 > YCA1101-04-00 cleared
[INFO|CRAWLER.py] 2020-11-15 11:00:40,185 > YCA1101-05-00 cleared
[INFO|CRAWLER.py] 2020-11-15 11:00:40,341 > YCA1101-10-00: 중복된 강의 객체. caution 수집 완료
[INFO|CRAWLER.py] 2020-11-15 11:00:40,388 > YCA1101-11-00: 중복된 강의 객체. caution 수집 완료
[INFO|CRAWLER.py] 2020-11-15 11:00:42,448 > YCA1102-01-00 cleared
[INFO|CRAWLER.py] 2020-11-15 11:00:44,500 > YCA1102-02-00 cleared
[INFO|CRAWLER.py] 2020-11-15 11:00:46,554 > YCA1102-03-00 cleared
[INFO|CRAWLER.py] 2020-11-15 11:00:48,609 > YCA1102-04-00 cleared
[INFO|CRAWLER.py] 2020-11-15 11:00:51,187 > 12 rows in 16-27 of 27
[INFO|CRAWLER.py] 2020-11-15 11:00:53,245 > YCA1102-05-00 cleared
[INFO|CRAWLER.py] 2020-11-15 11:00:53,386 > YCA1102-10-00: 중복된 강의 객체. caution 수집 완료
[INFO|CRAWLER.py] 2020-11-15 11:00:53,429 > YCA1102-11-00: 중복된 강의 객체. caution 수집 완료
[INFO|CRAWLER.py] 2020-11-15 11:00:53,545 > YCA1103-04-00: 중복된 강의 객체. caution 수집 완료
[INFO|CRAWLER.py] 2020-11-15 11:00:55,615 > 공통기초-기독교의이해 탐색 완료
[INFO|CRAWLER.py] 2020-11-15 11:00:55,615 > 20182-(~2018학번)국제캠퍼스-공통기초-글쓰기 수집 시작
[INFO|CRAWLER.py] 2020-11-15 11:00:56,242 > 15 rows in 1-15 of 69
[INFO|CRAWLER.py] 2020-11-15 11:00:56,270 > 유의사항 기준 탐색 완료
[INFO|CRAWLER.py] 2020-11-15 11:00:56,792 > 15 rows in 1-15 of 69
[INFO|CRAWLER.py] 2020-11-15 11:00:58,872 > YCB1001-02-00 cleared
[INFO|CRAWLER.py] 2020-11-15 11:01:01,746 > 15 rows in 16-30 of 69
[INFO|CRAWLER.py] 2020-11-15 11:01:04,633 > 15 rows in 31-45 of 69
[INFO|CRAWLER.py] 2020-11-15 11:01:06,950 > YCB1101-41-00 cleared
[INFO|CRAWLER.py] 2020-11-15 11:01:09,562 > 15 rows in 46-60 of 69
[INFO|CRAWLER.py] 2020-11-15 11:01:11,854 > YCB1101-55-00 cleared
[INFO|CRAWLER.py] 2020-11-15 11:01:14,468 > 9 rows in 61-69 of 69
[INFO|CRAWLER.py] 2020-11-15 11:01:16,702 > 공통기초-글쓰기 탐색 완료
[INFO|CRAWLER.py] 2020-11-15 11:01:16,702 > 20182-(~2018학번)국제캠퍼스-공통기초-대학영어 수집 시작
[INFO|CRAWLER.py] 2020-11-15 11:01:17,332 > 15 rows in 1-15 of 150
[INFO|CRAWLER.py] 2020-11-15 11:01:17,360 > 유의사항 기준 탐색 완료
[INFO|CRAWLER.py] 2020-11-15 11:01:17,878 > 15 rows in 1-15 of 150
[INFO|CRAWLER.py] 2020-11-15 11:01:19,951 > YCC1001-02-00 cleared
[INFO|CRAWLER.py] 2020-11-15 11:01:22,078 > YCC1002-03-00 cleared
[INFO|CRAWLER.py] 2020-11-15 11:01:24,127 > YCC1002-04-00 cleared
[INFO|CRAWLER.py] 2020-11-15 11:01:26,903 > 15 rows in 16-30 of 150
[INFO|CRAWLER.py] 2020-11-15 11:01:28,949 > YCC1002-13-00 cleared
[INFO|CRAWLER.py] 2020-11-15 11:01:31,853 > 15 rows in 31-45 of 150
[INFO|CRAWLER.py] 2020-11-15 11:01:33,999 > YCC1101-13-00 cleared
[INFO|CRAWLER.py] 2020-11-15 11:01:36,215 > YCC1101-21-00 cleared
[INFO|CRAWLER.py] 2020-11-15 11:01:38,295 > YCC1101-23-00 cleared
[INFO|CRAWLER.py] 2020-11-15 11:01:40,864 > 15 rows in 46-60 of 150
[INFO|CRAWLER.py] 2020-11-15 11:01:43,032 > YCC1101-29-00 cleared
[INFO|CRAWLER.py] 2020-11-15 11:01:45,254 > YCC1101-37-00 cleared
[INFO|CRAWLER.py] 2020-11-15 11:01:47,851 > 15 rows in 61-75 of 150
[INFO|CRAWLER.py] 2020-11-15 11:01:49,998 > YCC1101-43-00 cleared
[INFO|CRAWLER.py] 2020-11-15 11:02:11,085 > Traceback (most recent call last):
  File "C:\Python38\lib\site-packages\urllib3\connection.py", line 159, in _new_conn
    conn = connection.create_connection(
  File "C:\Python38\lib\site-packages\urllib3\util\connection.py", line 84, in create_connection
    raise err
  File "C:\Python38\lib\site-packages\urllib3\util\connection.py", line 74, in create_connection
    sock.connect(sa)
TimeoutError: [WinError 10060] 연결된 구성원으로부터 응답이 없어 연결하지 못했거나, 호스트로부터 응답이 없어 연결이 끊어졌습니다

During handling of the above exception, another exception occurred:

Traceback (most recent call last):
  File "C:\Python38\lib\site-packages\urllib3\connectionpool.py", line 670, in urlopen
    httplib_response = self._make_request(
  File "C:\Python38\lib\site-packages\urllib3\connectionpool.py", line 392, in _make_request
    conn.request(method, url, **httplib_request_kw)
  File "C:\Python38\lib\http\client.py", line 1255, in request
    self._send_request(method, url, body, headers, encode_chunked)
  File "C:\Python38\lib\http\client.py", line 1301, in _send_request
    self.endheaders(body, encode_chunked=encode_chunked)
  File "C:\Python38\lib\http\client.py", line 1250, in endheaders
    self._send_output(message_body, encode_chunked=encode_chunked)
  File "C:\Python38\lib\http\client.py", line 1010, in _send_output
    self.send(msg)
  File "C:\Python38\lib\http\client.py", line 950, in send
    self.connect()
  File "C:\Python38\lib\site-packages\urllib3\connection.py", line 187, in connect
    conn = self._new_conn()
  File "C:\Python38\lib\site-packages\urllib3\connection.py", line 171, in _new_conn
    raise NewConnectionError(
urllib3.exceptions.NewConnectionError: <urllib3.connection.HTTPConnection object at 0x000001B62B2AC4C0>: Failed to establish a new connection: [WinError 10060] 연결된 구성원으로부터 응답이 없어 연결하지 못했거나, 호스트로부터 응답이 없어 연결이 끊어졌습니다

During handling of the above exception, another exception occurred:

Traceback (most recent call last):
  File "C:\Python38\lib\site-packages\requests\adapters.py", line 439, in send
    resp = conn.urlopen(
  File "C:\Python38\lib\site-packages\urllib3\connectionpool.py", line 726, in urlopen
    retries = retries.increment(
  File "C:\Python38\lib\site-packages\urllib3\util\retry.py", line 439, in increment
    raise MaxRetryError(_pool, url, error or ResponseError(cause))
urllib3.exceptions.MaxRetryError: HTTPConnectionPool(host='ysweb.yonsei.ac.kr', port=8888): Max retries exceeded with url: /curri120601/curri_pop_mileage_result01.jsp (Caused by NewConnectionError('<urllib3.connection.HTTPConnection object at 0x000001B62B2AC4C0>: Failed to establish a new connection: [WinError 10060] 연결된 구성원으로부터 응답이 없어 연결하지 못했거나, 호스트로부터 응답이 없어 연결이 끊어졌습니다'))

During handling of the above exception, another exception occurred:

Traceback (most recent call last):
  File "c:/Users/user/Desktop/ToyProject/YonseiTotto/DataCleanser/CRAWLER.py", line 390, in <module>
    req = requests.get(RESULT_URL, headers=HEADERS, data=data) # json=data로 할 때는 왜 안 될까.
  File "C:\Python38\lib\site-packages\requests\api.py", line 76, in get
    return request('get', url, params=params, **kwargs)
  File "C:\Python38\lib\site-packages\requests\api.py", line 61, in request
    return session.request(method=method, url=url, **kwargs)
  File "C:\Python38\lib\site-packages\requests\sessions.py", line 530, in request
    resp = self.send(prep, **send_kwargs)
  File "C:\Python38\lib\site-packages\requests\sessions.py", line 643, in send
    r = adapter.send(request, **kwargs)
  File "C:\Python38\lib\site-packages\requests\adapters.py", line 516, in send
    raise ConnectionError(e, request=request)
requests.exceptions.ConnectionError: HTTPConnectionPool(host='ysweb.yonsei.ac.kr', port=8888): Max retries exceeded with url: /curri120601/curri_pop_mileage_result01.jsp (Caused by NewConnectionError('<urllib3.connection.HTTPConnection object at 0x000001B62B2AC4C0>: Failed to establish a new connection: [WinError 10060] 연결된 구성원으로부터 응답이 없어 연결하지 못했거나, 호스트로부터 응답이 없어 연결이 끊어졌습니다'))

[INFO|CRAWLER.py] 2020-11-15 11:02:11,108 > FINISHED_LECT_OBJs에 20182-ALL 전부 등록 완료
