[INFO|CRAWLER.py] 2020-11-16 11:02:29,900 > 작업완료된 강의 객체 목록 다운로드 시작
[INFO|CRAWLER.py] 2020-11-16 11:02:35,220 > 작업완료된 강의 객체 목록 다운로드 완료
[INFO|CRAWLER.py] 2020-11-16 11:02:42,848 > 20191-교양기초(2019학번~)-채플 수집 시작
[INFO|CRAWLER.py] 2020-11-16 11:02:43,487 > 12 rows in 1-12 of 12
[INFO|CRAWLER.py] 2020-11-16 11:02:43,518 > 유의사항 기준 탐색 완료
[INFO|CRAWLER.py] 2020-11-16 11:02:44,037 > 12 rows in 1-12 of 12
[INFO|CRAWLER.py] 2020-11-16 11:02:44,077 > YCA1001-01-00: 중복된 강의 객체. caution 수집 완료
[INFO|CRAWLER.py] 2020-11-16 11:02:44,248 > YCA1005-01-00: 중복된 강의 객체. caution 수집 완료
[INFO|CRAWLER.py] 2020-11-16 11:02:44,294 > YCA1005-02-00: 중복된 강의 객체. caution 수집 완료
[INFO|CRAWLER.py] 2020-11-16 11:02:44,332 > YCA1005-03-00: 중복된 강의 객체. caution 수집 완료
[INFO|CRAWLER.py] 2020-11-16 11:02:44,366 > YCA1005-04-00: 중복된 강의 객체. caution 수집 완료
[INFO|CRAWLER.py] 2020-11-16 11:02:44,400 > YCA1005-05-00: 중복된 강의 객체. caution 수집 완료
[INFO|CRAWLER.py] 2020-11-16 11:02:44,433 > YCA1005-06-00: 중복된 강의 객체. caution 수집 완료
[INFO|CRAWLER.py] 2020-11-16 11:02:46,458 > 채플 탐색 완료
[INFO|CRAWLER.py] 2020-11-16 11:02:46,458 > 20191-교양기초(2019학번~)-기독교의이해 수집 시작
[INFO|CRAWLER.py] 2020-11-16 11:02:47,050 > 3 rows in 1-3 of 3
[INFO|CRAWLER.py] 2020-11-16 11:02:47,078 > 유의사항 기준 탐색 완료
[INFO|CRAWLER.py] 2020-11-16 11:02:47,596 > 3 rows in 1-3 of 3
[INFO|CRAWLER.py] 2020-11-16 11:02:47,633 > YCA1101-12-00: 중복된 강의 객체. caution 수집 완료
[INFO|CRAWLER.py] 2020-11-16 11:02:47,673 > YCA1102-13-00: 중복된 강의 객체. caution 수집 완료
[INFO|CRAWLER.py] 2020-11-16 11:02:47,714 > YCA1103-05-00: 중복된 강의 객체. caution 수집 완료
[INFO|CRAWLER.py] 2020-11-16 11:02:49,735 > 기독교의이해 탐색 완료
[INFO|CRAWLER.py] 2020-11-16 11:02:49,736 > 20191-교양기초(2019학번~)-글쓰기 수집 시작
[INFO|CRAWLER.py] 2020-11-16 11:02:50,321 > 6 rows in 1-6 of 6
[INFO|CRAWLER.py] 2020-11-16 11:02:50,345 > 유의사항 기준 탐색 완료
[INFO|CRAWLER.py] 2020-11-16 11:02:50,862 > 6 rows in 1-6 of 6
[INFO|CRAWLER.py] 2020-11-16 11:02:50,897 > YCB1101-58-00: 중복된 강의 객체. caution 수집 완료
[INFO|CRAWLER.py] 2020-11-16 11:02:50,932 > YCB1101-59-00: 중복된 강의 객체. caution 수집 완료
[INFO|CRAWLER.py] 2020-11-16 11:02:50,967 > YCB1101-60-00: 중복된 강의 객체. caution 수집 완료
[INFO|CRAWLER.py] 2020-11-16 11:02:51,003 > YCB1101-61-00: 중복된 강의 객체. caution 수집 완료
[INFO|CRAWLER.py] 2020-11-16 11:02:51,040 > YCB1101-62-00: 중복된 강의 객체. caution 수집 완료
[INFO|CRAWLER.py] 2020-11-16 11:02:51,077 > YCB1101-63-00: 중복된 강의 객체. caution 수집 완료
[INFO|CRAWLER.py] 2020-11-16 11:02:53,099 > 글쓰기 탐색 완료
[INFO|CRAWLER.py] 2020-11-16 11:02:53,100 > 20191-교양기초(2019학번~)-(~2019학번)대학영어 수집 시작
[INFO|CRAWLER.py] 2020-11-16 11:02:53,688 > 15 rows in 1-15 of 18
[INFO|CRAWLER.py] 2020-11-16 11:02:53,712 > 유의사항 기준 탐색 완료
[INFO|CRAWLER.py] 2020-11-16 11:02:54,229 > 15 rows in 1-15 of 18
[INFO|CRAWLER.py] 2020-11-16 11:02:54,264 > YCC1001-16-00: 중복된 강의 객체. caution 수집 완료
[INFO|CRAWLER.py] 2020-11-16 11:02:54,298 > YCC1001-17-00: 중복된 강의 객체. caution 수집 완료
[INFO|CRAWLER.py] 2020-11-16 11:02:54,333 > YCC1001-18-00: 중복된 강의 객체. caution 수집 완료
[INFO|CRAWLER.py] 2020-11-16 11:02:54,367 > YCC1001-19-00: 중복된 강의 객체. caution 수집 완료
[INFO|CRAWLER.py] 2020-11-16 11:02:54,402 > YCC1001-20-00: 중복된 강의 객체. caution 수집 완료
[INFO|CRAWLER.py] 2020-11-16 11:02:54,437 > YCC1001-21-00: 중복된 강의 객체. caution 수집 완료
[INFO|CRAWLER.py] 2020-11-16 11:02:54,529 > YCC1002-03-00: 중복된 강의 객체. caution 수집 완료
[INFO|CRAWLER.py] 2020-11-16 11:02:54,567 > YCC1002-04-00: 중복된 강의 객체. caution 수집 완료
[INFO|CRAWLER.py] 2020-11-16 11:02:54,604 > YCC1101-44-00: 중복된 강의 객체. caution 수집 완료
[INFO|CRAWLER.py] 2020-11-16 11:02:54,642 > YCC1101-45-00: 중복된 강의 객체. caution 수집 완료
[INFO|CRAWLER.py] 2020-11-16 11:02:54,682 > YCC1101-46-00: 중복된 강의 객체. caution 수집 완료
[INFO|CRAWLER.py] 2020-11-16 11:02:54,718 > YCC1102-44-00: 중복된 강의 객체. caution 수집 완료
[INFO|CRAWLER.py] 2020-11-16 11:02:54,757 > YCC1102-45-00: 중복된 강의 객체. caution 수집 완료
[INFO|CRAWLER.py] 2020-11-16 11:02:57,307 > 3 rows in 16-18 of 18
[INFO|CRAWLER.py] 2020-11-16 11:02:57,338 > YCC1102-46-00: 중복된 강의 객체. caution 수집 완료
[INFO|CRAWLER.py] 2020-11-16 11:02:57,370 > YCC1201-14-00: 중복된 강의 객체. caution 수집 완료
[INFO|CRAWLER.py] 2020-11-16 11:02:57,403 > YCC1202-14-00: 중복된 강의 객체. caution 수집 완료
[INFO|CRAWLER.py] 2020-11-16 11:02:59,432 > (~2019학번)대학영어 탐색 완료
[INFO|CRAWLER.py] 2020-11-16 11:02:59,432 > 교양기초(2019학번~) 수집 완료
[INFO|CRAWLER.py] 2020-11-16 11:02:59,432 > 20191-대학교양(2019학번~)-문학과예술 수집 시작
[INFO|CRAWLER.py] 2020-11-16 11:03:00,040 > 14 rows in 1-14 of 14
[INFO|CRAWLER.py] 2020-11-16 11:03:00,064 > 유의사항 기준 탐색 완료
[INFO|CRAWLER.py] 2020-11-16 11:03:00,581 > 14 rows in 1-14 of 14
[INFO|CRAWLER.py] 2020-11-16 11:03:00,626 > UCB1107-01-00: 중복된 강의 객체. caution 수집 완료
[INFO|CRAWLER.py] 2020-11-16 11:03:00,671 > UCB1110-01-00: 중복된 강의 객체. caution 수집 완료
[INFO|CRAWLER.py] 2020-11-16 11:03:00,742 > UCE1105-01-00: 중복된 강의 객체. caution 수집 완료
[INFO|CRAWLER.py] 2020-11-16 11:03:00,811 > UCE1105-02-00: 중복된 강의 객체. caution 수집 완료
[INFO|CRAWLER.py] 2020-11-16 11:03:00,860 > UCE1107-01-00: 중복된 강의 객체. caution 수집 완료
[INFO|CRAWLER.py] 2020-11-16 11:03:00,907 > UCE1108-01-00: 중복된 강의 객체. caution 수집 완료
[INFO|CRAWLER.py] 2020-11-16 11:03:00,953 > UCJ1119-01-00: 중복된 강의 객체. caution 수집 완료
[INFO|CRAWLER.py] 2020-11-16 11:03:01,002 > UCJ1124-01-00: 중복된 강의 객체. caution 수집 완료
[INFO|CRAWLER.py] 2020-11-16 11:03:01,054 > YCD1001-01-00: 중복된 강의 객체. caution 수집 완료
[INFO|CRAWLER.py] 2020-11-16 11:03:01,102 > YCD1101-01-00: 중복된 강의 객체. caution 수집 완료
[INFO|CRAWLER.py] 2020-11-16 11:03:01,150 > YCD1201-01-00: 중복된 강의 객체. caution 수집 완료
[INFO|CRAWLER.py] 2020-11-16 11:03:01,198 > YCD1601-01-00: 중복된 강의 객체. caution 수집 완료
[INFO|CRAWLER.py] 2020-11-16 11:03:01,267 > YCD1602-01-00: 중복된 강의 객체. caution 수집 완료
[INFO|CRAWLER.py] 2020-11-16 11:03:01,316 > YCD1652-01-00: 중복된 강의 객체. caution 수집 완료
[INFO|CRAWLER.py] 2020-11-16 11:03:03,337 > 문학과예술 탐색 완료
[INFO|CRAWLER.py] 2020-11-16 11:03:03,337 > 20191-대학교양(2019학번~)-인간과역사 수집 시작
[INFO|CRAWLER.py] 2020-11-16 11:03:03,927 > 15 rows in 1-15 of 17
[INFO|CRAWLER.py] 2020-11-16 11:03:03,952 > 유의사항 기준 탐색 완료
[INFO|CRAWLER.py] 2020-11-16 11:03:04,471 > 15 rows in 1-15 of 17
[INFO|CRAWLER.py] 2020-11-16 11:03:04,514 > ANT1001-02-00: 중복된 강의 객체. caution 수집 완료
[INFO|CRAWLER.py] 2020-11-16 11:03:04,567 > UCB1101-01-00: 중복된 강의 객체. caution 수집 완료
[INFO|CRAWLER.py] 2020-11-16 11:03:04,617 > UCB1103-01-00: 중복된 강의 객체. caution 수집 완료
[INFO|CRAWLER.py] 2020-11-16 11:03:04,671 > UCB1105-01-00: 중복된 강의 객체. caution 수집 완료
[INFO|CRAWLER.py] 2020-11-16 11:03:04,727 > UCD1102-01-00: 중복된 강의 객체. caution 수집 완료
[INFO|CRAWLER.py] 2020-11-16 11:03:04,784 > UCD1102-02-00: 중복된 강의 객체. caution 수집 완료
[INFO|CRAWLER.py] 2020-11-16 11:03:04,832 > UCD1107-01-00: 중복된 강의 객체. caution 수집 완료
[INFO|CRAWLER.py] 2020-11-16 11:03:04,888 > UCE1102-01-00: 중복된 강의 객체. caution 수집 완료
[INFO|CRAWLER.py] 2020-11-16 11:03:04,935 > UCL1205-01-00: 중복된 강의 객체. caution 수집 완료
[INFO|CRAWLER.py] 2020-11-16 11:03:04,981 > YCE1101-01-00: 중복된 강의 객체. caution 수집 완료
[INFO|CRAWLER.py] 2020-11-16 11:03:05,025 > YCE1251-01-00: 중복된 강의 객체. caution 수집 완료
[INFO|CRAWLER.py] 2020-11-16 11:03:05,072 > YCE1254-01-00: 중복된 강의 객체. caution 수집 완료
[INFO|CRAWLER.py] 2020-11-16 11:03:05,125 > YCE1255-01-00: 중복된 강의 객체. caution 수집 완료
[INFO|CRAWLER.py] 2020-11-16 11:03:05,190 > YCE1601-01-00: 중복된 강의 객체. caution 수집 완료
[INFO|CRAWLER.py] 2020-11-16 11:03:05,245 > YCE1604-01-00: 중복된 강의 객체. caution 수집 완료
[INFO|CRAWLER.py] 2020-11-16 11:03:07,792 > 2 rows in 16-17 of 17
[INFO|CRAWLER.py] 2020-11-16 11:03:07,851 > YCE1605-01-00: 중복된 강의 객체. caution 수집 완료
[INFO|CRAWLER.py] 2020-11-16 11:03:07,900 > YCE1607-01-00: 중복된 강의 객체. caution 수집 완료
[INFO|CRAWLER.py] 2020-11-16 11:03:09,927 > 인간과역사 탐색 완료
[INFO|CRAWLER.py] 2020-11-16 11:03:09,927 > 20191-대학교양(2019학번~)-언어와표현 수집 시작
[INFO|CRAWLER.py] 2020-11-16 11:03:10,515 > 15 rows in 1-15 of 55
[INFO|CRAWLER.py] 2020-11-16 11:03:10,542 > 유의사항 기준 탐색 완료
[INFO|CRAWLER.py] 2020-11-16 11:03:11,059 > 15 rows in 1-15 of 55
[INFO|CRAWLER.py] 2020-11-16 11:03:11,100 > UCJ1131-01-00: 중복된 강의 객체. caution 수집 완료
[INFO|CRAWLER.py] 2020-11-16 11:03:11,140 > UCK1114-01-00: 중복된 강의 객체. caution 수집 완료
[INFO|CRAWLER.py] 2020-11-16 11:03:11,180 > UCK1143-01-00: 중복된 강의 객체. caution 수집 완료
[INFO|CRAWLER.py] 2020-11-16 11:03:11,221 > UCK1150-01-00: 중복된 강의 객체. caution 수집 완료
[INFO|CRAWLER.py] 2020-11-16 11:03:11,262 > UCK1156-01-00: 중복된 강의 객체. caution 수집 완료
[INFO|CRAWLER.py] 2020-11-16 11:03:11,304 > UCK1158-01-00: 중복된 강의 객체. caution 수집 완료
[INFO|CRAWLER.py] 2020-11-16 11:03:11,348 > UCK1159-01-00: 중복된 강의 객체. caution 수집 완료
[INFO|CRAWLER.py] 2020-11-16 11:03:11,396 > YCF1201-01-00: 중복된 강의 객체. caution 수집 완료
[INFO|CRAWLER.py] 2020-11-16 11:03:11,441 > YCF1201-02-00: 중복된 강의 객체. caution 수집 완료
[INFO|CRAWLER.py] 2020-11-16 11:03:11,487 > YCF1201-03-00: 중복된 강의 객체. caution 수집 완료
[INFO|CRAWLER.py] 2020-11-16 11:03:11,532 > YCF1201-04-00: 중복된 강의 객체. caution 수집 완료
[INFO|CRAWLER.py] 2020-11-16 11:03:11,576 > YCF1201-05-00: 중복된 강의 객체. caution 수집 완료
[INFO|CRAWLER.py] 2020-11-16 11:03:11,629 > YCF1201-06-00: 중복된 강의 객체. caution 수집 완료
[INFO|CRAWLER.py] 2020-11-16 11:03:11,676 > YCF1202-01-00: 중복된 강의 객체. caution 수집 완료
[INFO|CRAWLER.py] 2020-11-16 11:03:11,720 > YCF1202-02-00: 중복된 강의 객체. caution 수집 완료
[INFO|CRAWLER.py] 2020-11-16 11:03:14,293 > 15 rows in 16-30 of 55
[INFO|CRAWLER.py] 2020-11-16 11:03:14,331 > YCF1203-01-00: 중복된 강의 객체. caution 수집 완료
[INFO|CRAWLER.py] 2020-11-16 11:03:14,371 > YCF1301-01-00: 중복된 강의 객체. caution 수집 완료
[INFO|CRAWLER.py] 2020-11-16 11:03:14,413 > YCF1301-02-00: 중복된 강의 객체. caution 수집 완료
[INFO|CRAWLER.py] 2020-11-16 11:03:14,454 > YCF1301-03-00: 중복된 강의 객체. caution 수집 완료
[INFO|CRAWLER.py] 2020-11-16 11:03:14,494 > YCF1301-04-00: 중복된 강의 객체. caution 수집 완료
[INFO|CRAWLER.py] 2020-11-16 11:03:14,533 > YCF1302-01-00: 중복된 강의 객체. caution 수집 완료
[INFO|CRAWLER.py] 2020-11-16 11:03:14,572 > YCF1302-02-00: 중복된 강의 객체. caution 수집 완료
[INFO|CRAWLER.py] 2020-11-16 11:03:14,613 > YCF1302-03-00: 중복된 강의 객체. caution 수집 완료
[INFO|CRAWLER.py] 2020-11-16 11:03:14,653 > YCF1303-01-00: 중복된 강의 객체. caution 수집 완료
[INFO|CRAWLER.py] 2020-11-16 11:03:14,697 > YCF1351-01-00: 중복된 강의 객체. caution 수집 완료
[INFO|CRAWLER.py] 2020-11-16 11:03:14,741 > YCF1351-02-00: 중복된 강의 객체. caution 수집 완료
[INFO|CRAWLER.py] 2020-11-16 11:03:14,789 > YCF1351-03-00: 중복된 강의 객체. caution 수집 완료
[INFO|CRAWLER.py] 2020-11-16 11:03:14,830 > YCF1352-01-00: 중복된 강의 객체. caution 수집 완료
[INFO|CRAWLER.py] 2020-11-16 11:03:14,870 > YCF1352-02-00: 중복된 강의 객체. caution 수집 완료
[INFO|CRAWLER.py] 2020-11-16 11:03:14,911 > YCF1402-01-00: 중복된 강의 객체. caution 수집 완료
[INFO|CRAWLER.py] 2020-11-16 11:03:17,469 > 15 rows in 31-45 of 55
[INFO|CRAWLER.py] 2020-11-16 11:03:17,508 > YCF1403-01-00: 중복된 강의 객체. caution 수집 완료
[INFO|CRAWLER.py] 2020-11-16 11:03:17,546 > YCF1404-01-00: 중복된 강의 객체. caution 수집 완료
[INFO|CRAWLER.py] 2020-11-16 11:03:17,586 > YCF1405-01-00: 중복된 강의 객체. caution 수집 완료
[INFO|CRAWLER.py] 2020-11-16 11:03:17,628 > YCF1451-01-00: 중복된 강의 객체. caution 수집 완료
[INFO|CRAWLER.py] 2020-11-16 11:03:17,670 > YCF1451-02-00: 중복된 강의 객체. caution 수집 완료
[INFO|CRAWLER.py] 2020-11-16 11:03:17,710 > YCF1452-01-00: 중복된 강의 객체. caution 수집 완료
[INFO|CRAWLER.py] 2020-11-16 11:03:17,749 > YCF1453-01-00: 중복된 강의 객체. caution 수집 완료
[INFO|CRAWLER.py] 2020-11-16 11:03:17,790 > YCF1501-01-00: 중복된 강의 객체. caution 수집 완료
[INFO|CRAWLER.py] 2020-11-16 11:03:17,833 > YCF1501-02-00: 중복된 강의 객체. caution 수집 완료
[INFO|CRAWLER.py] 2020-11-16 11:03:17,872 > YCF1502-01-00: 중복된 강의 객체. caution 수집 완료
[INFO|CRAWLER.py] 2020-11-16 11:03:17,911 > YCF1502-02-00: 중복된 강의 객체. caution 수집 완료
[INFO|CRAWLER.py] 2020-11-16 11:03:17,952 > YCF1503-01-00: 중복된 강의 객체. caution 수집 완료
[INFO|CRAWLER.py] 2020-11-16 11:03:17,992 > YCF1551-01-00: 중복된 강의 객체. caution 수집 완료
[INFO|CRAWLER.py] 2020-11-16 11:03:18,034 > YCF1551-02-00: 중복된 강의 객체. caution 수집 완료
[INFO|CRAWLER.py] 2020-11-16 11:03:18,078 > YCF1551-03-00: 중복된 강의 객체. caution 수집 완료
[INFO|CRAWLER.py] 2020-11-16 11:03:20,630 > 10 rows in 46-55 of 55
[INFO|CRAWLER.py] 2020-11-16 11:03:20,669 > YCF1552-01-00: 중복된 강의 객체. caution 수집 완료
[INFO|CRAWLER.py] 2020-11-16 11:03:20,711 > YCF1601-01-00: 중복된 강의 객체. caution 수집 완료
[INFO|CRAWLER.py] 2020-11-16 11:03:20,755 > YCF1603-01-00: 중복된 강의 객체. caution 수집 완료
[INFO|CRAWLER.py] 2020-11-16 11:03:20,799 > YCF1603-02-00: 중복된 강의 객체. caution 수집 완료
[INFO|CRAWLER.py] 2020-11-16 11:03:20,839 > YCF1604-01-00: 중복된 강의 객체. caution 수집 완료
[INFO|CRAWLER.py] 2020-11-16 11:03:20,882 > YCF1605-01-00: 중복된 강의 객체. caution 수집 완료
[INFO|CRAWLER.py] 2020-11-16 11:03:20,923 > YCF1607-01-00: 중복된 강의 객체. caution 수집 완료
[INFO|CRAWLER.py] 2020-11-16 11:03:20,977 > YCF1652-01-00: 중복된 강의 객체. caution 수집 완료
[INFO|CRAWLER.py] 2020-11-16 11:03:21,027 > YCF1652-02-00: 중복된 강의 객체. caution 수집 완료
[INFO|CRAWLER.py] 2020-11-16 11:03:21,068 > YCF1753-01-00: 중복된 강의 객체. caution 수집 완료
[INFO|CRAWLER.py] 2020-11-16 11:03:23,109 > 언어와표현 탐색 완료
[INFO|CRAWLER.py] 2020-11-16 11:03:23,109 > 20191-대학교양(2019학번~)-가치와윤리 수집 시작
[INFO|CRAWLER.py] 2020-11-16 11:03:23,733 > 15 rows in 1-15 of 18
[INFO|CRAWLER.py] 2020-11-16 11:03:23,755 > 유의사항 기준 탐색 완료
[INFO|CRAWLER.py] 2020-11-16 11:03:24,271 > 15 rows in 1-15 of 18
[INFO|CRAWLER.py] 2020-11-16 11:03:24,315 > PHI1002-01-00: 중복된 강의 객체. caution 수집 완료
[INFO|CRAWLER.py] 2020-11-16 11:03:24,382 > UCB1104-01-00: 중복된 강의 객체. caution 수집 완료
[INFO|CRAWLER.py] 2020-11-16 11:03:24,425 > UCI1124-01-00: 중복된 강의 객체. caution 수집 완료
[INFO|CRAWLER.py] 2020-11-16 11:03:24,470 > YCG1002-01-01: 중복된 강의 객체. caution 수집 완료
[INFO|CRAWLER.py] 2020-11-16 11:03:24,514 > YCG1002-01-02: 중복된 강의 객체. caution 수집 완료
[INFO|CRAWLER.py] 2020-11-16 11:03:24,558 > YCG1002-01-03: 중복된 강의 객체. caution 수집 완료
[INFO|CRAWLER.py] 2020-11-16 11:03:24,602 > YCG1002-01-04: 중복된 강의 객체. caution 수집 완료
[INFO|CRAWLER.py] 2020-11-16 11:03:24,643 > YCG1002-01-05: 중복된 강의 객체. caution 수집 완료
[INFO|CRAWLER.py] 2020-11-16 11:03:24,685 > YCG1002-01-06: 중복된 강의 객체. caution 수집 완료
[INFO|CRAWLER.py] 2020-11-16 11:03:24,728 > YCG1002-01-07: 중복된 강의 객체. caution 수집 완료
[INFO|CRAWLER.py] 2020-11-16 11:03:24,771 > YCG1002-01-08: 중복된 강의 객체. caution 수집 완료
[INFO|CRAWLER.py] 2020-11-16 11:03:24,816 > YCG1002-01-09: 중복된 강의 객체. caution 수집 완료
[INFO|CRAWLER.py] 2020-11-16 11:03:24,861 > YCG1002-01-10: 중복된 강의 객체. caution 수집 완료
[INFO|CRAWLER.py] 2020-11-16 11:03:24,910 > YCG1702-01-00: 중복된 강의 객체. caution 수집 완료
[INFO|CRAWLER.py] 2020-11-16 11:03:24,966 > YCG1802-01-00: 중복된 강의 객체. caution 수집 완료
[INFO|CRAWLER.py] 2020-11-16 11:03:27,517 > 3 rows in 16-18 of 18
[INFO|CRAWLER.py] 2020-11-16 11:03:27,559 > YCG1999-01-00: 중복된 강의 객체. caution 수집 완료
[INFO|CRAWLER.py] 2020-11-16 11:03:27,603 > YCG1999-02-00: 중복된 강의 객체. caution 수집 완료
[INFO|CRAWLER.py] 2020-11-16 11:03:27,641 > YCG1999-03-00: 중복된 강의 객체. caution 수집 완료
[INFO|CRAWLER.py] 2020-11-16 11:03:29,674 > 가치와윤리 탐색 완료
[INFO|CRAWLER.py] 2020-11-16 11:03:29,674 > 20191-대학교양(2019학번~)-국가와사회 수집 시작
[INFO|CRAWLER.py] 2020-11-16 11:03:30,262 > 11 rows in 1-11 of 11
[INFO|CRAWLER.py] 2020-11-16 11:03:30,286 > 유의사항 기준 탐색 완료
[INFO|CRAWLER.py] 2020-11-16 11:03:30,803 > 11 rows in 1-11 of 11
[INFO|CRAWLER.py] 2020-11-16 11:03:30,844 > EDU2002-01-00: 중복된 강의 객체. caution 수집 완료
[INFO|CRAWLER.py] 2020-11-16 11:03:30,886 > SOC1002-02-00: 중복된 강의 객체. caution 수집 완료
[INFO|CRAWLER.py] 2020-11-16 11:03:30,928 > SOC1002-03-00: 중복된 강의 객체. caution 수집 완료
[INFO|CRAWLER.py] 2020-11-16 11:03:30,979 > UCD1101-01-00: 중복된 강의 객체. caution 수집 완료
[INFO|CRAWLER.py] 2020-11-16 11:03:31,033 > UCD1105-01-00: 중복된 강의 객체. caution 수집 완료
[INFO|CRAWLER.py] 2020-11-16 11:03:31,077 > UCI1109-01-00: 중복된 강의 객체. caution 수집 완료
[INFO|CRAWLER.py] 2020-11-16 11:03:31,157 > YCH1302-01-00: 중복된 강의 객체. caution 수집 완료
[INFO|CRAWLER.py] 2020-11-16 11:03:31,202 > YCH1303-01-00: 중복된 강의 객체. caution 수집 완료
[INFO|CRAWLER.py] 2020-11-16 11:03:31,270 > YCH1601-01-00: 중복된 강의 객체. caution 수집 완료
[INFO|CRAWLER.py] 2020-11-16 11:03:31,327 > YCH1602-01-00: 중복된 강의 객체. caution 수집 완료
[INFO|CRAWLER.py] 2020-11-16 11:03:31,381 > YCH1606-01-00: 중복된 강의 객체. caution 수집 완료
[INFO|CRAWLER.py] 2020-11-16 11:03:33,402 > 국가와사회 탐색 완료
[INFO|CRAWLER.py] 2020-11-16 11:03:33,402 > 20191-대학교양(2019학번~)-지역과세계 수집 시작
[INFO|CRAWLER.py] 2020-11-16 11:03:33,994 > 15 rows in 1-15 of 19
[INFO|CRAWLER.py] 2020-11-16 11:03:34,018 > 유의사항 기준 탐색 완료
[INFO|CRAWLER.py] 2020-11-16 11:03:34,535 > 15 rows in 1-15 of 19
[INFO|CRAWLER.py] 2020-11-16 11:03:34,573 > ANT2106-01-00: 중복된 강의 객체. caution 수집 완료
[INFO|CRAWLER.py] 2020-11-16 11:03:34,623 > ECO1001-01-00: 중복된 강의 객체. caution 수집 완료
[INFO|CRAWLER.py] 2020-11-16 11:03:34,674 > ECO1001-02-00: 중복된 강의 객체. caution 수집 완료
[INFO|CRAWLER.py] 2020-11-16 11:03:34,722 > ECO1001-03-00: 중복된 강의 객체. caution 수집 완료
[INFO|CRAWLER.py] 2020-11-16 11:03:34,770 > ECO1001-04-00: 중복된 강의 객체. caution 수집 완료
[INFO|CRAWLER.py] 2020-11-16 11:03:34,815 > ECO1002-01-00: 중복된 강의 객체. caution 수집 완료
[INFO|CRAWLER.py] 2020-11-16 11:03:34,873 > UCD1103-01-00: 중복된 강의 객체. caution 수집 완료
[INFO|CRAWLER.py] 2020-11-16 11:03:34,928 > UCD1106-01-00: 중복된 강의 객체. caution 수집 완료
[INFO|CRAWLER.py] 2020-11-16 11:03:34,978 > UCF1101-01-00: 중복된 강의 객체. caution 수집 완료
[INFO|CRAWLER.py] 2020-11-16 11:03:35,031 > UCG1130-01-00: 중복된 강의 객체. caution 수집 완료
[INFO|CRAWLER.py] 2020-11-16 11:03:35,081 > YCI1001-01-00: 중복된 강의 객체. caution 수집 완료
[INFO|CRAWLER.py] 2020-11-16 11:03:35,129 > YCI1002-01-00: 중복된 강의 객체. caution 수집 완료
[INFO|CRAWLER.py] 2020-11-16 11:03:35,182 > YCI1701-01-00: 중복된 강의 객체. caution 수집 완료
[INFO|CRAWLER.py] 2020-11-16 11:03:35,224 > YCI1702-01-00: 중복된 강의 객체. caution 수집 완료
[INFO|CRAWLER.py] 2020-11-16 11:03:35,268 > YCI1703-01-00: 중복된 강의 객체. caution 수집 완료
[INFO|CRAWLER.py] 2020-11-16 11:03:37,820 > 4 rows in 16-19 of 19
[INFO|CRAWLER.py] 2020-11-16 11:03:37,856 > YCI1704-01-00: 중복된 강의 객체. caution 수집 완료
[INFO|CRAWLER.py] 2020-11-16 11:03:37,892 > YCI1706-01-00: 중복된 강의 객체. caution 수집 완료
[INFO|CRAWLER.py] 2020-11-16 11:03:37,943 > YCI1851-01-00: 중복된 강의 객체. caution 수집 완료
[INFO|CRAWLER.py] 2020-11-16 11:03:38,000 > YCI1853-01-00: 중복된 강의 객체. caution 수집 완료
[INFO|CRAWLER.py] 2020-11-16 11:03:40,029 > 지역과세계 탐색 완료
[INFO|CRAWLER.py] 2020-11-16 11:03:40,029 > 20191-대학교양(2019학번~)-논리와수리 수집 시작
[INFO|CRAWLER.py] 2020-11-16 11:03:40,637 > 15 rows in 1-15 of 34
[INFO|CRAWLER.py] 2020-11-16 11:03:40,662 > 유의사항 기준 탐색 완료
[INFO|CRAWLER.py] 2020-11-16 11:03:41,178 > 15 rows in 1-15 of 34
[INFO|CRAWLER.py] 2020-11-16 11:03:41,224 > BIZ1101-01-00: 중복된 강의 객체. caution 수집 완료
[INFO|CRAWLER.py] 2020-11-16 11:03:41,263 > BIZ1101-02-00: 중복된 강의 객체. caution 수집 완료
[INFO|CRAWLER.py] 2020-11-16 11:03:41,303 > BIZ1101-03-00: 중복된 강의 객체. caution 수집 완료
[INFO|CRAWLER.py] 2020-11-16 11:03:41,367 > BIZ1101-05-00: 중복된 강의 객체. caution 수집 완료
[INFO|CRAWLER.py] 2020-11-16 11:03:41,437 > MAT1001-01-01: 중복된 강의 객체. caution 수집 완료
[INFO|CRAWLER.py] 2020-11-16 11:03:41,480 > MAT1001-01-02: 중복된 강의 객체. caution 수집 완료
[INFO|CRAWLER.py] 2020-11-16 11:03:41,524 > MAT1002-01-01: 중복된 강의 객체. caution 수집 완료
[INFO|CRAWLER.py] 2020-11-16 11:03:41,567 > MAT1002-01-02: 중복된 강의 객체. caution 수집 완료
[INFO|CRAWLER.py] 2020-11-16 11:03:41,613 > MAT1011-01-01: 중복된 강의 객체. caution 수집 완료
[INFO|CRAWLER.py] 2020-11-16 11:03:41,658 > MAT1011-01-02: 중복된 강의 객체. caution 수집 완료
[INFO|CRAWLER.py] 2020-11-16 11:03:41,705 > MAT1012-01-01: 중복된 강의 객체. caution 수집 완료
[INFO|CRAWLER.py] 2020-11-16 11:03:41,757 > MAT1012-01-02: 중복된 강의 객체. caution 수집 완료
[INFO|CRAWLER.py] 2020-11-16 11:03:41,811 > STA1001-01-01: 중복된 강의 객체. caution 수집 완료
[INFO|CRAWLER.py] 2020-11-16 11:03:44,377 > 15 rows in 16-30 of 34
[INFO|CRAWLER.py] 2020-11-16 11:03:44,417 > STA1001-01-02: 중복된 강의 객체. caution 수집 완료
[INFO|CRAWLER.py] 2020-11-16 11:03:44,458 > STA1001-02-01: 중복된 강의 객체. caution 수집 완료
[INFO|CRAWLER.py] 2020-11-16 11:03:44,498 > STA1001-02-02: 중복된 강의 객체. caution 수집 완료
[INFO|CRAWLER.py] 2020-11-16 11:03:44,540 > STA1001-03-01: 중복된 강의 객체. caution 수집 완료
[INFO|CRAWLER.py] 2020-11-16 11:03:44,580 > STA1001-03-02: 중복된 강의 객체. caution 수집 완료
[INFO|CRAWLER.py] 2020-11-16 11:03:44,620 > STA1001-04-01: 중복된 강의 객체. caution 수집 완료
[INFO|CRAWLER.py] 2020-11-16 11:03:44,655 > STA1001-04-02: 중복된 강의 객체. caution 수집 완료
[INFO|CRAWLER.py] 2020-11-16 11:03:44,695 > STA1001-05-01: 중복된 강의 객체. caution 수집 완료
[INFO|CRAWLER.py] 2020-11-16 11:03:44,735 > STA1001-05-02: 중복된 강의 객체. caution 수집 완료
[INFO|CRAWLER.py] 2020-11-16 11:03:44,774 > STA1001-06-01: 중복된 강의 객체. caution 수집 완료
[INFO|CRAWLER.py] 2020-11-16 11:03:44,812 > STA1001-06-02: 중복된 강의 객체. caution 수집 완료
[INFO|CRAWLER.py] 2020-11-16 11:03:44,846 > STA2105-01-00: 중복된 강의 객체. caution 수집 완료
[INFO|CRAWLER.py] 2020-11-16 11:03:44,891 > STA2105-02-00: 중복된 강의 객체. caution 수집 완료
[INFO|CRAWLER.py] 2020-11-16 11:03:44,938 > STA2105-03-00: 중복된 강의 객체. caution 수집 완료
[INFO|CRAWLER.py] 2020-11-16 11:03:44,974 > UCG1137-01-00: 중복된 강의 객체. caution 수집 완료
[INFO|CRAWLER.py] 2020-11-16 11:03:47,515 > 4 rows in 31-34 of 34
[INFO|CRAWLER.py] 2020-11-16 11:03:47,550 > UCH1123-01-00: 중복된 강의 객체. caution 수집 완료
[INFO|CRAWLER.py] 2020-11-16 11:03:47,598 > YCJ1001-01-00: 중복된 강의 객체. caution 수집 완료
[INFO|CRAWLER.py] 2020-11-16 11:03:47,637 > YCJ1005-01-00: 중복된 강의 객체. caution 수집 완료
[INFO|CRAWLER.py] 2020-11-16 11:03:47,678 > YCJ1402-01-00: 중복된 강의 객체. caution 수집 완료
[INFO|CRAWLER.py] 2020-11-16 11:03:49,723 > 논리와수리 탐색 완료
[INFO|CRAWLER.py] 2020-11-16 11:03:49,738 > 20191-대학교양(2019학번~)-자연과우주 수집 시작
[INFO|CRAWLER.py] 2020-11-16 11:03:50,357 > 13 rows in 1-13 of 13
[INFO|CRAWLER.py] 2020-11-16 11:03:50,387 > 유의사항 기준 탐색 완료
[INFO|CRAWLER.py] 2020-11-16 11:03:50,904 > 13 rows in 1-13 of 13
[INFO|CRAWLER.py] 2020-11-16 11:03:50,948 > CHE1001-01-00: 중복된 강의 객체. caution 수집 완료
[INFO|CRAWLER.py] 2020-11-16 11:03:50,993 > CHE1011-01-00: 중복된 강의 객체. caution 수집 완료
[INFO|CRAWLER.py] 2020-11-16 11:03:51,037 > PHY1001-01-00: 중복된 강의 객체. caution 수집 완료
[INFO|CRAWLER.py] 2020-11-16 11:03:51,082 > PHY1001-02-00: 중복된 강의 객체. caution 수집 완료
[INFO|CRAWLER.py] 2020-11-16 11:03:51,128 > PHY1011-01-00: 중복된 강의 객체. caution 수집 완료
[INFO|CRAWLER.py] 2020-11-16 11:03:51,174 > PHY1011-02-00: 중복된 강의 객체. caution 수집 완료
[INFO|CRAWLER.py] 2020-11-16 11:03:51,223 > UCC1102-01-00: 중복된 강의 객체. caution 수집 완료
[INFO|CRAWLER.py] 2020-11-16 11:03:51,288 > UCC1105-01-00: 중복된 강의 객체. caution 수집 완료
[INFO|CRAWLER.py] 2020-11-16 11:03:51,357 > UCC1106-01-00: 중복된 강의 객체. caution 수집 완료
[INFO|CRAWLER.py] 2020-11-16 11:03:51,415 > UCC1106-02-00: 중복된 강의 객체. caution 수집 완료
[INFO|CRAWLER.py] 2020-11-16 11:03:51,469 > UCC1107-01-00: 중복된 강의 객체. caution 수집 완료
[INFO|CRAWLER.py] 2020-11-16 11:03:53,541 > 자연과우주 탐색 완료
[INFO|CRAWLER.py] 2020-11-16 11:03:53,541 > 20191-대학교양(2019학번~)-생명과환경 수집 시작
[INFO|CRAWLER.py] 2020-11-16 11:03:54,130 > 15 rows in 1-15 of 16
[INFO|CRAWLER.py] 2020-11-16 11:03:54,155 > 유의사항 기준 탐색 완료
[INFO|CRAWLER.py] 2020-11-16 11:03:54,670 > 15 rows in 1-15 of 16
[INFO|CRAWLER.py] 2020-11-16 11:03:54,717 > BIO1001-01-00: 중복된 강의 객체. caution 수집 완료
[INFO|CRAWLER.py] 2020-11-16 11:03:54,762 > BIO1001-02-00: 중복된 강의 객체. caution 수집 완료
[INFO|CRAWLER.py] 2020-11-16 11:03:54,805 > BIO1008-01-00: 중복된 강의 객체. caution 수집 완료
[INFO|CRAWLER.py] 2020-11-16 11:03:54,852 > BIO1011-01-00: 중복된 강의 객체. caution 수집 완료
[INFO|CRAWLER.py] 2020-11-16 11:03:54,897 > STS3105-01-00: 중복된 강의 객체. caution 수집 완료
[INFO|CRAWLER.py] 2020-11-16 11:03:54,950 > UCC1104-01-00: 중복된 강의 객체. caution 수집 완료
[INFO|CRAWLER.py] 2020-11-16 11:03:54,996 > UCC1113-01-00: 중복된 강의 객체. caution 수집 완료
[INFO|CRAWLER.py] 2020-11-16 11:03:55,044 > UCH1103-01-00: 중복된 강의 객체. caution 수집 완료
[INFO|CRAWLER.py] 2020-11-16 11:03:55,094 > UCH1104-01-00: 중복된 강의 객체. caution 수집 완료
[INFO|CRAWLER.py] 2020-11-16 11:03:55,144 > UCH1109-01-00: 중복된 강의 객체. caution 수집 완료
[INFO|CRAWLER.py] 2020-11-16 11:03:55,192 > UCL1201-01-00: 중복된 강의 객체. caution 수집 완료
[INFO|CRAWLER.py] 2020-11-16 11:03:55,241 > UCL1202-01-00: 중복된 강의 객체. caution 수집 완료
[INFO|CRAWLER.py] 2020-11-16 11:03:55,288 > YCL1203-01-00: 중복된 강의 객체. caution 수집 완료
[INFO|CRAWLER.py] 2020-11-16 11:03:55,341 > YCL1601-01-01: 중복된 강의 객체. caution 수집 완료
[INFO|CRAWLER.py] 2020-11-16 11:03:55,389 > YCL1601-01-02: 중복된 강의 객체. caution 수집 완료
[INFO|CRAWLER.py] 2020-11-16 11:03:57,934 > 1 rows in 16-16 of 16
[INFO|CRAWLER.py] 2020-11-16 11:03:57,974 > YCL1999-01-00: 중복된 강의 객체. caution 수집 완료
[INFO|CRAWLER.py] 2020-11-16 11:04:00,007 > 생명과환경 탐색 완료
[INFO|CRAWLER.py] 2020-11-16 11:04:00,007 > 20191-대학교양(2019학번~)-정보와기술 수집 시작
[INFO|CRAWLER.py] 2020-11-16 11:04:00,596 > 7 rows in 1-7 of 7
[INFO|CRAWLER.py] 2020-11-16 11:04:00,619 > 유의사항 기준 탐색 완료
[INFO|CRAWLER.py] 2020-11-16 11:04:01,136 > 7 rows in 1-7 of 7
[INFO|CRAWLER.py] 2020-11-16 11:04:01,186 > YCS1001-01-00: 중복된 강의 객체. caution 수집 완료
[INFO|CRAWLER.py] 2020-11-16 11:04:01,230 > YCS1001-02-00: 중복된 강의 객체. caution 수집 완료
[INFO|CRAWLER.py] 2020-11-16 11:04:01,275 > YCS1002-01-00: 중복된 강의 객체. caution 수집 완료
[INFO|CRAWLER.py] 2020-11-16 11:04:01,319 > YCS1002-02-00: 중복된 강의 객체. caution 수집 완료
[INFO|CRAWLER.py] 2020-11-16 11:04:01,362 > YCS1002-03-00: 중복된 강의 객체. caution 수집 완료
[INFO|CRAWLER.py] 2020-11-16 11:04:01,406 > YCS1002-04-00: 중복된 강의 객체. caution 수집 완료
[INFO|CRAWLER.py] 2020-11-16 11:04:01,449 > YCS1003-01-00: 중복된 강의 객체. caution 수집 완료
[INFO|CRAWLER.py] 2020-11-16 11:04:03,470 > 정보와기술 탐색 완료
[INFO|CRAWLER.py] 2020-11-16 11:04:03,470 > 20191-대학교양(2019학번~)-체육과건강 수집 시작
[INFO|CRAWLER.py] 2020-11-16 11:04:04,056 > 15 rows in 1-15 of 87
[INFO|CRAWLER.py] 2020-11-16 11:04:04,080 > 유의사항 기준 탐색 완료
[INFO|CRAWLER.py] 2020-11-16 11:04:04,598 > 15 rows in 1-15 of 87
[INFO|CRAWLER.py] 2020-11-16 11:04:04,645 > UCL1101-01-00: 중복된 강의 객체. caution 수집 완료
[INFO|CRAWLER.py] 2020-11-16 11:04:04,688 > UCL1101-02-00: 중복된 강의 객체. caution 수집 완료
[INFO|CRAWLER.py] 2020-11-16 11:04:04,730 > UCL1102-01-00: 중복된 강의 객체. caution 수집 완료
[INFO|CRAWLER.py] 2020-11-16 11:04:04,772 > UCL1103-01-00: 중복된 강의 객체. caution 수집 완료
[INFO|CRAWLER.py] 2020-11-16 11:04:04,814 > UCL1103-02-00: 중복된 강의 객체. caution 수집 완료
[INFO|CRAWLER.py] 2020-11-16 11:04:04,856 > UCL1103-03-00: 중복된 강의 객체. caution 수집 완료
[INFO|CRAWLER.py] 2020-11-16 11:04:04,898 > UCL1103-04-00: 중복된 강의 객체. caution 수집 완료
[INFO|CRAWLER.py] 2020-11-16 11:04:04,942 > UCL1103-05-00: 중복된 강의 객체. caution 수집 완료
[INFO|CRAWLER.py] 2020-11-16 11:04:04,986 > UCL1103-06-00: 중복된 강의 객체. caution 수집 완료
[INFO|CRAWLER.py] 2020-11-16 11:04:05,028 > UCL1103-07-00: 중복된 강의 객체. caution 수집 완료
[INFO|CRAWLER.py] 2020-11-16 11:04:05,071 > UCL1103-08-00: 중복된 강의 객체. caution 수집 완료
[INFO|CRAWLER.py] 2020-11-16 11:04:05,114 > UCL1104-01-00: 중복된 강의 객체. caution 수집 완료
[INFO|CRAWLER.py] 2020-11-16 11:04:05,163 > UCL1104-02-00: 중복된 강의 객체. caution 수집 완료
[INFO|CRAWLER.py] 2020-11-16 11:04:05,206 > UCL1104-03-00: 중복된 강의 객체. caution 수집 완료
[INFO|CRAWLER.py] 2020-11-16 11:04:05,247 > UCL1104-04-00: 중복된 강의 객체. caution 수집 완료
[INFO|CRAWLER.py] 2020-11-16 11:04:07,810 > 15 rows in 16-30 of 87
[INFO|CRAWLER.py] 2020-11-16 11:04:07,847 > UCL1105-01-00: 중복된 강의 객체. caution 수집 완료
[INFO|CRAWLER.py] 2020-11-16 11:04:07,885 > UCL1105-02-00: 중복된 강의 객체. caution 수집 완료
[INFO|CRAWLER.py] 2020-11-16 11:04:07,921 > UCL1105-03-00: 중복된 강의 객체. caution 수집 완료
[INFO|CRAWLER.py] 2020-11-16 11:04:07,960 > UCL1105-04-00: 중복된 강의 객체. caution 수집 완료
[INFO|CRAWLER.py] 2020-11-16 11:04:07,996 > UCL1105-05-00: 중복된 강의 객체. caution 수집 완료
[INFO|CRAWLER.py] 2020-11-16 11:04:08,033 > UCL1105-06-00: 중복된 강의 객체. caution 수집 완료
[INFO|CRAWLER.py] 2020-11-16 11:04:08,070 > UCL1105-07-00: 중복된 강의 객체. caution 수집 완료
[INFO|CRAWLER.py] 2020-11-16 11:04:08,108 > UCL1105-08-00: 중복된 강의 객체. caution 수집 완료
[INFO|CRAWLER.py] 2020-11-16 11:04:08,145 > UCL1105-09-00: 중복된 강의 객체. caution 수집 완료
[INFO|CRAWLER.py] 2020-11-16 11:04:08,180 > UCL1105-10-00: 중복된 강의 객체. caution 수집 완료
[INFO|CRAWLER.py] 2020-11-16 11:04:08,217 > UCL1106-01-00: 중복된 강의 객체. caution 수집 완료
[INFO|CRAWLER.py] 2020-11-16 11:04:08,258 > UCL1106-02-00: 중복된 강의 객체. caution 수집 완료
[INFO|CRAWLER.py] 2020-11-16 11:04:08,299 > UCL1108-01-00: 중복된 강의 객체. caution 수집 완료
[INFO|CRAWLER.py] 2020-11-16 11:04:08,335 > UCL1108-02-00: 중복된 강의 객체. caution 수집 완료
[INFO|CRAWLER.py] 2020-11-16 11:04:08,376 > UCL1109-01-00: 중복된 강의 객체. caution 수집 완료
[INFO|CRAWLER.py] 2020-11-16 11:04:10,935 > 15 rows in 31-45 of 87
[INFO|CRAWLER.py] 2020-11-16 11:04:10,975 > UCL1109-02-00: 중복된 강의 객체. caution 수집 완료
[INFO|CRAWLER.py] 2020-11-16 11:04:11,012 > UCL1109-03-00: 중복된 강의 객체. caution 수집 완료
[INFO|CRAWLER.py] 2020-11-16 11:04:11,053 > UCL1109-04-00: 중복된 강의 객체. caution 수집 완료
[INFO|CRAWLER.py] 2020-11-16 11:04:11,093 > UCL1109-05-00: 중복된 강의 객체. caution 수집 완료
[INFO|CRAWLER.py] 2020-11-16 11:04:11,133 > UCL1109-06-00: 중복된 강의 객체. caution 수집 완료
[INFO|CRAWLER.py] 2020-11-16 11:04:11,169 > UCL1109-07-00: 중복된 강의 객체. caution 수집 완료
[INFO|CRAWLER.py] 2020-11-16 11:04:11,207 > UCL1110-01-00: 중복된 강의 객체. caution 수집 완료
[INFO|CRAWLER.py] 2020-11-16 11:04:11,246 > UCL1111-01-00: 중복된 강의 객체. caution 수집 완료
[INFO|CRAWLER.py] 2020-11-16 11:04:11,287 > UCL1111-02-00: 중복된 강의 객체. caution 수집 완료
[INFO|CRAWLER.py] 2020-11-16 11:04:11,326 > UCL1111-03-00: 중복된 강의 객체. caution 수집 완료
[INFO|CRAWLER.py] 2020-11-16 11:04:11,368 > UCL1111-04-00: 중복된 강의 객체. caution 수집 완료
[INFO|CRAWLER.py] 2020-11-16 11:04:11,407 > UCL1111-05-00: 중복된 강의 객체. caution 수집 완료
[INFO|CRAWLER.py] 2020-11-16 11:04:11,445 > UCL1111-06-00: 중복된 강의 객체. caution 수집 완료
[INFO|CRAWLER.py] 2020-11-16 11:04:11,484 > UCL1112-01-00: 중복된 강의 객체. caution 수집 완료
[INFO|CRAWLER.py] 2020-11-16 11:04:11,524 > UCL1112-02-00: 중복된 강의 객체. caution 수집 완료
[INFO|CRAWLER.py] 2020-11-16 11:04:14,087 > 15 rows in 46-60 of 87
[INFO|CRAWLER.py] 2020-11-16 11:04:14,124 > UCL1112-03-00: 중복된 강의 객체. caution 수집 완료
[INFO|CRAWLER.py] 2020-11-16 11:04:14,161 > UCL1115-01-00: 중복된 강의 객체. caution 수집 완료
[INFO|CRAWLER.py] 2020-11-16 11:04:14,199 > UCL1115-02-00: 중복된 강의 객체. caution 수집 완료
[INFO|CRAWLER.py] 2020-11-16 11:04:14,234 > UCL1115-03-00: 중복된 강의 객체. caution 수집 완료
[INFO|CRAWLER.py] 2020-11-16 11:04:14,271 > UCL1116-01-00: 중복된 강의 객체. caution 수집 완료
[INFO|CRAWLER.py] 2020-11-16 11:04:14,308 > UCL1118-01-00: 중복된 강의 객체. caution 수집 완료
[INFO|CRAWLER.py] 2020-11-16 11:04:14,344 > UCL1119-01-00: 중복된 강의 객체. caution 수집 완료
[INFO|CRAWLER.py] 2020-11-16 11:04:14,381 > UCL1119-02-00: 중복된 강의 객체. caution 수집 완료
[INFO|CRAWLER.py] 2020-11-16 11:04:14,417 > UCL1119-03-00: 중복된 강의 객체. caution 수집 완료
[INFO|CRAWLER.py] 2020-11-16 11:04:14,452 > UCL1119-04-00: 중복된 강의 객체. caution 수집 완료
[INFO|CRAWLER.py] 2020-11-16 11:04:14,486 > UCL1119-05-00: 중복된 강의 객체. caution 수집 완료
[INFO|CRAWLER.py] 2020-11-16 11:04:14,521 > UCL1119-06-00: 중복된 강의 객체. caution 수집 완료
[INFO|CRAWLER.py] 2020-11-16 11:04:14,564 > UCL1121-01-00: 중복된 강의 객체. caution 수집 완료
[INFO|CRAWLER.py] 2020-11-16 11:04:14,606 > UCL1121-02-00: 중복된 강의 객체. caution 수집 완료
[INFO|CRAWLER.py] 2020-11-16 11:04:14,647 > UCL1121-03-00: 중복된 강의 객체. caution 수집 완료
[INFO|CRAWLER.py] 2020-11-16 11:04:17,211 > 15 rows in 61-75 of 87
[INFO|CRAWLER.py] 2020-11-16 11:04:17,247 > UCL1121-04-00: 중복된 강의 객체. caution 수집 완료
[INFO|CRAWLER.py] 2020-11-16 11:04:17,282 > UCL1121-05-00: 중복된 강의 객체. caution 수집 완료
[INFO|CRAWLER.py] 2020-11-16 11:04:17,316 > UCL1121-06-00: 중복된 강의 객체. caution 수집 완료
[INFO|CRAWLER.py] 2020-11-16 11:04:17,351 > UCL1121-07-00: 중복된 강의 객체. caution 수집 완료
[INFO|CRAWLER.py] 2020-11-16 11:04:17,385 > UCL1124-01-00: 중복된 강의 객체. caution 수집 완료
[INFO|CRAWLER.py] 2020-11-16 11:04:17,421 > UCL1127-01-00: 중복된 강의 객체. caution 수집 완료
[INFO|CRAWLER.py] 2020-11-16 11:04:17,458 > UCL1127-02-00: 중복된 강의 객체. caution 수집 완료
[INFO|CRAWLER.py] 2020-11-16 11:04:17,496 > UCL1127-03-00: 중복된 강의 객체. caution 수집 완료
[INFO|CRAWLER.py] 2020-11-16 11:04:17,534 > UCL1209-01-00: 중복된 강의 객체. caution 수집 완료
[INFO|CRAWLER.py] 2020-11-16 11:04:17,574 > UCL1215-01-00: 중복된 강의 객체. caution 수집 완료
[INFO|CRAWLER.py] 2020-11-16 11:04:17,615 > UCL1215-02-00: 중복된 강의 객체. caution 수집 완료
[INFO|CRAWLER.py] 2020-11-16 11:04:17,657 > UCL1215-03-00: 중복된 강의 객체. caution 수집 완료
[INFO|CRAWLER.py] 2020-11-16 11:04:17,698 > UCL1215-04-00: 중복된 강의 객체. caution 수집 완료
[INFO|CRAWLER.py] 2020-11-16 11:04:17,736 > UCL1215-05-00: 중복된 강의 객체. caution 수집 완료
[INFO|CRAWLER.py] 2020-11-16 11:04:17,774 > UCL1216-01-00: 중복된 강의 객체. caution 수집 완료
[INFO|CRAWLER.py] 2020-11-16 11:04:20,331 > 12 rows in 76-87 of 87
[INFO|CRAWLER.py] 2020-11-16 11:04:20,369 > UCL1217-01-00: 중복된 강의 객체. caution 수집 완료
[INFO|CRAWLER.py] 2020-11-16 11:04:20,407 > UCL1217-02-00: 중복된 강의 객체. caution 수집 완료
[INFO|CRAWLER.py] 2020-11-16 11:04:20,447 > UCL1217-03-00: 중복된 강의 객체. caution 수집 완료
[INFO|CRAWLER.py] 2020-11-16 11:04:20,485 > UCL1218-01-00: 중복된 강의 객체. caution 수집 완료
[INFO|CRAWLER.py] 2020-11-16 11:04:20,521 > UCL1219-01-00: 중복된 강의 객체. caution 수집 완료
[INFO|CRAWLER.py] 2020-11-16 11:04:20,556 > UCL1219-02-00: 중복된 강의 객체. caution 수집 완료
[INFO|CRAWLER.py] 2020-11-16 11:04:20,593 > UCL1222-01-00: 중복된 강의 객체. caution 수집 완료
[INFO|CRAWLER.py] 2020-11-16 11:04:20,630 > UCL1223-01-00: 중복된 강의 객체. caution 수집 완료
[INFO|CRAWLER.py] 2020-11-16 11:04:20,667 > UCL1223-02-00: 중복된 강의 객체. caution 수집 완료
[INFO|CRAWLER.py] 2020-11-16 11:04:20,703 > UCL1224-01-00: 중복된 강의 객체. caution 수집 완료
[INFO|CRAWLER.py] 2020-11-16 11:04:20,740 > UCL1224-02-00: 중복된 강의 객체. caution 수집 완료
[INFO|CRAWLER.py] 2020-11-16 11:04:20,776 > UCL1229-01-00: 중복된 강의 객체. caution 수집 완료
[INFO|CRAWLER.py] 2020-11-16 11:04:22,814 > 체육과건강 탐색 완료
[INFO|CRAWLER.py] 2020-11-16 11:04:22,814 > 대학교양(2019학번~) 수집 완료
[INFO|CRAWLER.py] 2020-11-16 11:04:22,814 > 20191-기초교육(2019학번~)-자율선택 수집 시작
[INFO|CRAWLER.py] 2020-11-16 11:04:23,446 > 15 rows in 1-15 of 23
[INFO|CRAWLER.py] 2020-11-16 11:04:23,470 > 유의사항 기준 탐색 완료
[INFO|CRAWLER.py] 2020-11-16 11:04:23,987 > 15 rows in 1-15 of 23
[INFO|CRAWLER.py] 2020-11-16 11:04:24,026 > UCI2001-01-00: 중복된 강의 객체. caution 수집 완료
[INFO|CRAWLER.py] 2020-11-16 11:04:24,066 > UCI2001-02-00: 중복된 강의 객체. caution 수집 완료
[INFO|CRAWLER.py] 2020-11-16 11:04:24,110 > UCI2001-03-00: 중복된 강의 객체. caution 수집 완료
[INFO|CRAWLER.py] 2020-11-16 11:04:24,149 > UCI2001-04-00: 중복된 강의 객체. caution 수집 완료
[INFO|CRAWLER.py] 2020-11-16 11:04:24,189 > UCI2001-05-00: 중복된 강의 객체. caution 수집 완료
[INFO|CRAWLER.py] 2020-11-16 11:04:24,232 > UCI2001-06-00: 중복된 강의 객체. caution 수집 완료
[INFO|CRAWLER.py] 2020-11-16 11:04:24,273 > UCI2001-07-00: 중복된 강의 객체. caution 수집 완료
[INFO|CRAWLER.py] 2020-11-16 11:04:34,833 > UCI2001-08-00: 중복된 강의 객체. caution 수집 완료
[INFO|CRAWLER.py] 2020-11-16 11:04:34,873 > UCI2001-09-00: 중복된 강의 객체. caution 수집 완료
[INFO|CRAWLER.py] 2020-11-16 11:04:34,913 > UCI2001-10-00: 중복된 강의 객체. caution 수집 완료
[INFO|CRAWLER.py] 2020-11-16 11:04:45,531 > UCI2001-12-00: 중복된 강의 객체. caution 수집 완료
[INFO|CRAWLER.py] 2020-11-16 11:04:45,598 > UCI2001-14-00: 중복된 강의 객체. caution 수집 완료
[INFO|CRAWLER.py] 2020-11-16 11:04:45,638 > UCI2001-15-00: 중복된 강의 객체. caution 수집 완료
[INFO|CRAWLER.py] 2020-11-16 11:04:48,210 > 8 rows in 16-23 of 23
[INFO|CRAWLER.py] 2020-11-16 11:04:48,255 > UCJ1135-01-00: 중복된 강의 객체. caution 수집 완료
[INFO|CRAWLER.py] 2020-11-16 11:04:48,299 > UCJ1135-02-00: 중복된 강의 객체. caution 수집 완료
[INFO|CRAWLER.py] 2020-11-16 11:04:48,340 > UCR1016-01-00: 중복된 강의 객체. caution 수집 완료
[INFO|CRAWLER.py] 2020-11-16 11:04:48,382 > UCI1167-01-00: 중복된 강의 객체. caution 수집 완료
[INFO|CRAWLER.py] 2020-11-16 11:04:48,422 > UCI1168-01-00: 중복된 강의 객체. caution 수집 완료
[INFO|CRAWLER.py] 2020-11-16 11:04:48,462 > UCI1169-01-00: 중복된 강의 객체. caution 수집 완료
[INFO|CRAWLER.py] 2020-11-16 11:04:48,506 > UCI1170-01-00: 중복된 강의 객체. caution 수집 완료
[INFO|CRAWLER.py] 2020-11-16 11:04:48,547 > UCI1171-01-00: 중복된 강의 객체. caution 수집 완료
[INFO|CRAWLER.py] 2020-11-16 11:04:50,580 > 자율선택 탐색 완료
[INFO|CRAWLER.py] 2020-11-16 11:04:50,580 > 기초교육(2019학번~) 수집 완료
[INFO|CRAWLER.py] 2020-11-16 11:04:50,581 > 20191-국제캠퍼스(2019학번~)-교양기초-채플 수집 시작
[INFO|CRAWLER.py] 2020-11-16 11:04:51,215 > 12 rows in 1-12 of 12
[INFO|CRAWLER.py] 2020-11-16 11:04:51,242 > 유의사항 기준 탐색 완료
[INFO|CRAWLER.py] 2020-11-16 11:04:51,758 > 12 rows in 1-12 of 12
[INFO|CRAWLER.py] 2020-11-16 11:04:51,800 > YCA1001-01-00: 중복된 강의 객체. caution 수집 완료
[INFO|CRAWLER.py] 2020-11-16 11:04:51,968 > YCA1005-01-00: 중복된 강의 객체. caution 수집 완료
[INFO|CRAWLER.py] 2020-11-16 11:04:52,014 > YCA1005-02-00: 중복된 강의 객체. caution 수집 완료
[INFO|CRAWLER.py] 2020-11-16 11:04:52,049 > YCA1005-03-00: 중복된 강의 객체. caution 수집 완료
[INFO|CRAWLER.py] 2020-11-16 11:04:52,085 > YCA1005-04-00: 중복된 강의 객체. caution 수집 완료
[INFO|CRAWLER.py] 2020-11-16 11:04:52,120 > YCA1005-05-00: 중복된 강의 객체. caution 수집 완료
[INFO|CRAWLER.py] 2020-11-16 11:04:52,155 > YCA1005-06-00: 중복된 강의 객체. caution 수집 완료
[INFO|CRAWLER.py] 2020-11-16 11:04:54,176 > 교양기초-채플 탐색 완료
[INFO|CRAWLER.py] 2020-11-16 11:04:54,176 > 20191-국제캠퍼스(2019학번~)-교양기초-기독교의이해 수집 시작
[INFO|CRAWLER.py] 2020-11-16 11:04:54,765 > 15 rows in 1-15 of 26
[INFO|CRAWLER.py] 2020-11-16 11:04:54,789 > 유의사항 기준 탐색 완료
[INFO|CRAWLER.py] 2020-11-16 11:04:55,304 > 15 rows in 1-15 of 26
[INFO|CRAWLER.py] 2020-11-16 11:04:55,334 > YCA1101-01-00: 중복된 강의 객체. caution 수집 완료
[INFO|CRAWLER.py] 2020-11-16 11:04:55,365 > YCA1101-02-00: 중복된 강의 객체. caution 수집 완료
[INFO|CRAWLER.py] 2020-11-16 11:04:55,444 > YCA1101-05-00: 중복된 강의 객체. caution 수집 완료
[INFO|CRAWLER.py] 2020-11-16 11:04:55,476 > YCA1101-06-00: 중복된 강의 객체. caution 수집 완료
[INFO|CRAWLER.py] 2020-11-16 11:04:55,552 > YCA1101-09-00: 중복된 강의 객체. caution 수집 완료
[INFO|CRAWLER.py] 2020-11-16 11:04:55,591 > YCA1101-10-00: 중복된 강의 객체. caution 수집 완료
[INFO|CRAWLER.py] 2020-11-16 11:04:55,630 > YCA1101-11-00: 중복된 강의 객체. caution 수집 완료
[INFO|CRAWLER.py] 2020-11-16 11:04:55,661 > YCA1102-01-00: 중복된 강의 객체. caution 수집 완료
[INFO|CRAWLER.py] 2020-11-16 11:04:55,694 > YCA1102-02-00: 중복된 강의 객체. caution 수집 완료
[INFO|CRAWLER.py] 2020-11-16 11:04:58,305 > 11 rows in 16-26 of 26
[INFO|CRAWLER.py] 2020-11-16 11:04:58,330 > YCA1102-05-00: 중복된 강의 객체. caution 수집 완료
[INFO|CRAWLER.py] 2020-11-16 11:04:58,458 > YCA1102-10-00: 중복된 강의 객체. caution 수집 완료
[INFO|CRAWLER.py] 2020-11-16 11:04:58,494 > YCA1102-11-00: 중복된 강의 객체. caution 수집 완료
[INFO|CRAWLER.py] 2020-11-16 11:04:58,596 > YCA1103-04-00: 중복된 강의 객체. caution 수집 완료
[INFO|CRAWLER.py] 2020-11-16 11:05:00,631 > 교양기초-기독교의이해 탐색 완료
[INFO|CRAWLER.py] 2020-11-16 11:05:00,631 > 20191-국제캠퍼스(2019학번~)-교양기초-글쓰기 수집 시작
[INFO|CRAWLER.py] 2020-11-16 11:05:01,221 > 15 rows in 1-15 of 60
[INFO|CRAWLER.py] 2020-11-16 11:05:01,252 > 유의사항 기준 탐색 완료
[INFO|CRAWLER.py] 2020-11-16 11:05:01,769 > 15 rows in 1-15 of 60
[INFO|CRAWLER.py] 2020-11-16 11:05:01,894 > YCB1101-05-00: 중복된 강의 객체. caution 수집 완료
[INFO|CRAWLER.py] 2020-11-16 11:05:02,118 > YCB1101-14-00: 중복된 강의 객체. caution 수집 완료
[INFO|CRAWLER.py] 2020-11-16 11:05:04,706 > 15 rows in 16-30 of 60
[INFO|CRAWLER.py] 2020-11-16 11:05:04,822 > YCB1101-20-00: 중복된 강의 객체. caution 수집 완료
[INFO|CRAWLER.py] 2020-11-16 11:05:07,598 > 15 rows in 31-45 of 60
[INFO|CRAWLER.py] 2020-11-16 11:05:07,808 > YCB1101-39-00: 중복된 강의 객체. caution 수집 완료
[INFO|CRAWLER.py] 2020-11-16 11:05:10,497 > 15 rows in 46-60 of 60
[INFO|CRAWLER.py] 2020-11-16 11:05:10,574 > YCB1101-48-00: 중복된 강의 객체. caution 수집 완료
[INFO|CRAWLER.py] 2020-11-16 11:05:12,877 > 교양기초-글쓰기 탐색 완료
[INFO|CRAWLER.py] 2020-11-16 11:05:12,877 > 20191-국제캠퍼스(2019학번~)-대학교양-문학과예술 수집 시작
[INFO|CRAWLER.py] 2020-11-16 11:05:13,495 > 7 rows in 1-7 of 7
[INFO|CRAWLER.py] 2020-11-16 11:05:13,522 > 유의사항 기준 탐색 완료
[INFO|CRAWLER.py] 2020-11-16 11:05:14,038 > 7 rows in 1-7 of 7
[INFO|CRAWLER.py] 2020-11-16 11:05:14,070 > UCE1105-03-00: 중복된 강의 객체. caution 수집 완료
[INFO|CRAWLER.py] 2020-11-16 11:05:14,104 > UCE1105-04-00: 중복된 강의 객체. caution 수집 완료
[INFO|CRAWLER.py] 2020-11-16 11:05:14,135 > UCE1108-02-00: 중복된 강의 객체. caution 수집 완료
[INFO|CRAWLER.py] 2020-11-16 11:05:14,193 > YCD1602-02-00: 중복된 강의 객체. caution 수집 완료
[INFO|CRAWLER.py] 2020-11-16 11:05:14,225 > YCD1999-01-00: 중복된 강의 객체. caution 수집 완료
[INFO|CRAWLER.py] 2020-11-16 11:05:16,271 > 대학교양-문학과예술 탐색 완료
[INFO|CRAWLER.py] 2020-11-16 11:05:16,271 > 20191-국제캠퍼스(2019학번~)-대학교양-인간과역사 수집 시작
[INFO|CRAWLER.py] 2020-11-16 11:05:16,860 > 13 rows in 1-13 of 13
[INFO|CRAWLER.py] 2020-11-16 11:05:16,886 > 유의사항 기준 탐색 완료
[INFO|CRAWLER.py] 2020-11-16 11:05:17,403 > 13 rows in 1-13 of 13
[INFO|CRAWLER.py] 2020-11-16 11:05:17,445 > ANT1001-01-00: 중복된 강의 객체. caution 수집 완료
[INFO|CRAWLER.py] 2020-11-16 11:05:17,493 > PHI1001-01-00: 중복된 강의 객체. caution 수집 완료
[INFO|CRAWLER.py] 2020-11-16 11:05:17,537 > PSY2103-01-00: 중복된 강의 객체. caution 수집 완료
[INFO|CRAWLER.py] 2020-11-16 11:05:17,570 > UCB1103-02-00: 중복된 강의 객체. caution 수집 완료
[INFO|CRAWLER.py] 2020-11-16 11:05:17,602 > UCB1105-02-00: 중복된 강의 객체. caution 수집 완료
[INFO|CRAWLER.py] 2020-11-16 11:05:17,634 > UCD1102-03-00: 중복된 강의 객체. caution 수집 완료
[INFO|CRAWLER.py] 2020-11-16 11:05:17,668 > YCE1202-01-00: 중복된 강의 객체. caution 수집 완료
[INFO|CRAWLER.py] 2020-11-16 11:05:17,702 > YCE1252-01-00: 중복된 강의 객체. caution 수집 완료
[INFO|CRAWLER.py] 2020-11-16 11:05:17,759 > YCE1255-01-00: 중복된 강의 객체. caution 수집 완료
[INFO|CRAWLER.py] 2020-11-16 11:05:17,829 > YCE1605-01-00: 중복된 강의 객체. caution 수집 완료
[INFO|CRAWLER.py] 2020-11-16 11:05:17,863 > YCE1998-01-00: 중복된 강의 객체. caution 수집 완료
[INFO|CRAWLER.py] 2020-11-16 11:05:17,903 > YCE1999-01-00: 중복된 강의 객체. caution 수집 완료
[INFO|CRAWLER.py] 2020-11-16 11:05:17,935 > YCE1999-02-00: 중복된 강의 객체. caution 수집 완료
[INFO|CRAWLER.py] 2020-11-16 11:05:19,956 > 대학교양-인간과역사 탐색 완료
[INFO|CRAWLER.py] 2020-11-16 11:05:19,956 > 20191-국제캠퍼스(2019학번~)-대학교양-언어와표현 수집 시작
[INFO|CRAWLER.py] 2020-11-16 11:05:20,545 > 15 rows in 1-15 of 29
[INFO|CRAWLER.py] 2020-11-16 11:05:20,569 > 유의사항 기준 탐색 완료
[INFO|CRAWLER.py] 2020-11-16 11:05:21,086 > 15 rows in 1-15 of 29
[INFO|CRAWLER.py] 2020-11-16 11:05:21,117 > YCF1201-07-00: 중복된 강의 객체. caution 수집 완료
[INFO|CRAWLER.py] 2020-11-16 11:05:21,172 > YCF1201-09-00: 중복된 강의 객체. caution 수집 완료
[INFO|CRAWLER.py] 2020-11-16 11:05:21,225 > YCF1201-11-00: 중복된 강의 객체. caution 수집 완료
[INFO|CRAWLER.py] 2020-11-16 11:05:21,279 > YCF1202-03-00: 중복된 강의 객체. caution 수집 완료
[INFO|CRAWLER.py] 2020-11-16 11:05:21,309 > YCF1301-05-00: 중복된 강의 객체. caution 수집 완료
[INFO|CRAWLER.py] 2020-11-16 11:05:21,436 > YCF1303-02-00: 중복된 강의 객체. caution 수집 완료
[INFO|CRAWLER.py] 2020-11-16 11:05:21,493 > YCF1351-05-00: 중복된 강의 객체. caution 수집 완료
[INFO|CRAWLER.py] 2020-11-16 11:05:24,065 > 14 rows in 16-29 of 29
[INFO|CRAWLER.py] 2020-11-16 11:05:24,091 > YCF1451-03-00: 중복된 강의 객체. caution 수집 완료
[INFO|CRAWLER.py] 2020-11-16 11:05:24,164 > YCF1452-02-00: 중복된 강의 객체. caution 수집 완료
[INFO|CRAWLER.py] 2020-11-16 11:05:24,325 > YCF1601-02-00: 중복된 강의 객체. caution 수집 완료
[INFO|CRAWLER.py] 2020-11-16 11:05:24,352 > YCF1603-03-00: 중복된 강의 객체. caution 수집 완료
[INFO|CRAWLER.py] 2020-11-16 11:05:24,411 > YCF1652-03-00: 중복된 강의 객체. caution 수집 완료
[INFO|CRAWLER.py] 2020-11-16 11:05:26,458 > 대학교양-언어와표현 탐색 완료
[INFO|CRAWLER.py] 2020-11-16 11:05:26,458 > 20191-국제캠퍼스(2019학번~)-대학교양-가치와윤리 수집 시작
[INFO|CRAWLER.py] 2020-11-16 11:05:27,045 > 8 rows in 1-8 of 8
[INFO|CRAWLER.py] 2020-11-16 11:05:27,069 > 유의사항 기준 탐색 완료
[INFO|CRAWLER.py] 2020-11-16 11:05:27,585 > 8 rows in 1-8 of 8
[INFO|CRAWLER.py] 2020-11-16 11:05:27,615 > YCG1004-01-00: 중복된 강의 객체. caution 수집 완료
[INFO|CRAWLER.py] 2020-11-16 11:05:27,647 > YCG1402-01-00: 중복된 강의 객체. caution 수집 완료
[INFO|CRAWLER.py] 2020-11-16 11:05:27,676 > YCG1601-01-00: 중복된 강의 객체. caution 수집 완료
[INFO|CRAWLER.py] 2020-11-16 11:05:27,707 > YCG1804-01-00: 중복된 강의 객체. caution 수집 완료
[INFO|CRAWLER.py] 2020-11-16 11:05:27,736 > YCG1999-04-00: 중복된 강의 객체. caution 수집 완료
[INFO|CRAWLER.py] 2020-11-16 11:05:27,769 > YCG1999-05-00: 중복된 강의 객체. caution 수집 완료
[INFO|CRAWLER.py] 2020-11-16 11:05:27,800 > YCG1999-06-00: 중복된 강의 객체. caution 수집 완료
[INFO|CRAWLER.py] 2020-11-16 11:05:27,831 > YCG1999-07-00: 중복된 강의 객체. caution 수집 완료
[INFO|CRAWLER.py] 2020-11-16 11:05:29,853 > 대학교양-가치와윤리 탐색 완료
[INFO|CRAWLER.py] 2020-11-16 11:05:29,853 > 20191-국제캠퍼스(2019학번~)-대학교양-국가와사회 수집 시작
[INFO|CRAWLER.py] 2020-11-16 11:05:30,443 > 3 rows in 1-3 of 3
[INFO|CRAWLER.py] 2020-11-16 11:05:30,467 > 유의사항 기준 탐색 완료
[INFO|CRAWLER.py] 2020-11-16 11:05:30,984 > 3 rows in 1-3 of 3
[INFO|CRAWLER.py] 2020-11-16 11:05:31,048 > SOC1004-01-00: 중복된 강의 객체. caution 수집 완료
[INFO|CRAWLER.py] 2020-11-16 11:05:31,079 > UCD1101-02-00: 중복된 강의 객체. caution 수집 완료
[INFO|CRAWLER.py] 2020-11-16 11:05:33,102 > 대학교양-국가와사회 탐색 완료
[INFO|CRAWLER.py] 2020-11-16 11:05:33,102 > 20191-국제캠퍼스(2019학번~)-대학교양-지역과세계 수집 시작
[INFO|CRAWLER.py] 2020-11-16 11:05:33,688 > 14 rows in 1-14 of 14
[INFO|CRAWLER.py] 2020-11-16 11:05:33,713 > 유의사항 기준 탐색 완료
[INFO|CRAWLER.py] 2020-11-16 11:05:34,230 > 14 rows in 1-14 of 14
[INFO|CRAWLER.py] 2020-11-16 11:05:34,287 > ECO1001-06-00: 중복된 강의 객체. caution 수집 완료
[INFO|CRAWLER.py] 2020-11-16 11:05:34,326 > ECO1001-07-00: 중복된 강의 객체. caution 수집 완료
[INFO|CRAWLER.py] 2020-11-16 11:05:34,366 > ECO1001-08-00: 중복된 강의 객체. caution 수집 완료
[INFO|CRAWLER.py] 2020-11-16 11:05:34,418 > ECO1002-03-00: 중복된 강의 객체. caution 수집 완료
[INFO|CRAWLER.py] 2020-11-16 11:05:34,449 > ECO1002-04-00: 중복된 강의 객체. caution 수집 완료
[INFO|CRAWLER.py] 2020-11-16 11:05:34,507 > ECO1002-06-00: 중복된 강의 객체. caution 수집 완료
[INFO|CRAWLER.py] 2020-11-16 11:05:34,541 > UCD1106-02-00: 중복된 강의 객체. caution 수집 완료
[INFO|CRAWLER.py] 2020-11-16 11:05:34,574 > YCI1301-01-00: 중복된 강의 객체. caution 수집 완료
[INFO|CRAWLER.py] 2020-11-16 11:05:34,642 > YCI1853-01-00: 중복된 강의 객체. caution 수집 완료
[INFO|CRAWLER.py] 2020-11-16 11:05:34,678 > YCI1901-01-00: 중복된 강의 객체. caution 수집 완료
[INFO|CRAWLER.py] 2020-11-16 11:05:34,715 > YCI1998-01-00: 중복된 강의 객체. caution 수집 완료
[INFO|CRAWLER.py] 2020-11-16 11:05:36,735 > 대학교양-지역과세계 탐색 완료
[INFO|CRAWLER.py] 2020-11-16 11:05:36,735 > 20191-국제캠퍼스(2019학번~)-대학교양-논리와수리 수집 시작
[INFO|CRAWLER.py] 2020-11-16 11:05:37,328 > 15 rows in 1-15 of 55
[INFO|CRAWLER.py] 2020-11-16 11:05:37,351 > 유의사항 기준 탐색 완료
[INFO|CRAWLER.py] 2020-11-16 11:05:37,867 > 15 rows in 1-15 of 55
[INFO|CRAWLER.py] 2020-11-16 11:05:37,950 > MAT1001-02-02: 중복된 강의 객체. caution 수집 완료
[INFO|CRAWLER.py] 2020-11-16 11:05:38,151 > MAT1001-06-02: 중복된 강의 객체. caution 수집 완료
[INFO|CRAWLER.py] 2020-11-16 11:05:38,205 > MAT1011-02-02: 중복된 강의 객체. caution 수집 완료
[INFO|CRAWLER.py] 2020-11-16 11:05:38,259 > MAT1011-03-02: 중복된 강의 객체. caution 수집 완료
[INFO|CRAWLER.py] 2020-11-16 11:05:40,859 > 15 rows in 16-30 of 55
[INFO|CRAWLER.py] 2020-11-16 11:05:40,886 > MAT1011-04-02: 중복된 강의 객체. caution 수집 완료
[INFO|CRAWLER.py] 2020-11-16 11:05:41,029 > MAT1011-07-02: 중복된 강의 객체. caution 수집 완료
[INFO|CRAWLER.py] 2020-11-16 11:05:41,127 > MAT1011-09-02: 중복된 강의 객체. caution 수집 완료
[INFO|CRAWLER.py] 2020-11-16 11:05:43,780 > 15 rows in 31-45 of 55
[INFO|CRAWLER.py] 2020-11-16 11:05:43,831 > MAT1011-12-02: 중복된 강의 객체. caution 수집 완료
[INFO|CRAWLER.py] 2020-11-16 11:05:43,947 > MAT1016-01-01: 중복된 강의 객체. caution 수집 완료
[INFO|CRAWLER.py] 2020-11-16 11:05:43,981 > MAT1016-01-02: 중복된 강의 객체. caution 수집 완료
[INFO|CRAWLER.py] 2020-11-16 11:05:44,032 > STA1001-07-01: 중복된 강의 객체. caution 수집 완료
[INFO|CRAWLER.py] 2020-11-16 11:05:44,151 > STA1001-08-01: 중복된 강의 객체. caution 수집 완료
[INFO|CRAWLER.py] 2020-11-16 11:05:46,707 > 10 rows in 46-55 of 55
[INFO|CRAWLER.py] 2020-11-16 11:05:46,762 > STA1001-09-01: 중복된 강의 객체. caution 수집 완료
[INFO|CRAWLER.py] 2020-11-16 11:05:46,813 > STA1001-10-01: 중복된 강의 객체. caution 수집 완료
[INFO|CRAWLER.py] 2020-11-16 11:05:46,865 > STA1001-11-01: 중복된 강의 객체. caution 수집 완료
[INFO|CRAWLER.py] 2020-11-16 11:05:46,923 > STA1001-12-01: 중복된 강의 객체. caution 수집 완료
[INFO|CRAWLER.py] 2020-11-16 11:05:46,967 > STA1001-12-02: 중복된 강의 객체. caution 수집 완료
[INFO|CRAWLER.py] 2020-11-16 11:05:49,034 > 대학교양-논리와수리 탐색 완료
[INFO|CRAWLER.py] 2020-11-16 11:05:49,034 > 20191-국제캠퍼스(2019학번~)-대학교양-자연과우주 수집 시작
[INFO|CRAWLER.py] 2020-11-16 11:05:49,660 > 15 rows in 1-15 of 59
[INFO|CRAWLER.py] 2020-11-16 11:05:49,692 > 유의사항 기준 탐색 완료
[INFO|CRAWLER.py] 2020-11-16 11:05:50,208 > 15 rows in 1-15 of 59
[INFO|CRAWLER.py] 2020-11-16 11:05:50,264 > CHE1001-03-00: 중복된 강의 객체. caution 수집 완료
[INFO|CRAWLER.py] 2020-11-16 11:05:50,521 > CHE1011-05-00: 중복된 강의 객체. caution 수집 완료
[INFO|CRAWLER.py] 2020-11-16 11:05:50,579 > CHE1011-07-00: 중복된 강의 객체. caution 수집 완료
[INFO|CRAWLER.py] 2020-11-16 11:05:50,610 > CHE1011-08-00: 중복된 강의 객체. caution 수집 완료
[INFO|CRAWLER.py] 2020-11-16 11:05:53,184 > 15 rows in 16-30 of 59
[INFO|CRAWLER.py] 2020-11-16 11:05:53,259 > CHE1011-11-00: 중복된 강의 객체. caution 수집 완료
[INFO|CRAWLER.py] 2020-11-16 11:05:53,312 > CHE1011-13-00: 중복된 강의 객체. caution 수집 완료
[INFO|CRAWLER.py] 2020-11-16 11:05:53,534 > PHY1001-04-00: 중복된 강의 객체. caution 수집 완료
[INFO|CRAWLER.py] 2020-11-16 11:05:56,096 > 15 rows in 31-45 of 59
[INFO|CRAWLER.py] 2020-11-16 11:05:56,125 > PHY1001-05-00: 중복된 강의 객체. caution 수집 완료
[INFO|CRAWLER.py] 2020-11-16 11:05:56,152 > PHY1001-06-00: 중복된 강의 객체. caution 수집 완료
[INFO|CRAWLER.py] 2020-11-16 11:05:56,179 > PHY1001-07-00: 중복된 강의 객체. caution 수집 완료
[INFO|CRAWLER.py] 2020-11-16 11:05:56,229 > PHY1001-09-00: 중복된 강의 객체. caution 수집 완료
[INFO|CRAWLER.py] 2020-11-16 11:05:56,285 > PHY1011-04-00: 중복된 강의 객체. caution 수집 완료
[INFO|CRAWLER.py] 2020-11-16 11:05:56,400 > PHY1011-09-00: 중복된 강의 객체. caution 수집 완료
[INFO|CRAWLER.py] 2020-11-16 11:05:59,027 > 14 rows in 46-59 of 59
[INFO|CRAWLER.py] 2020-11-16 11:05:59,054 > PHY1011-13-00: 중복된 강의 객체. caution 수집 완료
[INFO|CRAWLER.py] 2020-11-16 11:05:59,079 > PHY1011-14-00: 중복된 강의 객체. caution 수집 완료
[INFO|CRAWLER.py] 2020-11-16 11:05:59,132 > PHY1011-16-00: 중복된 강의 객체. caution 수집 완료
[INFO|CRAWLER.py] 2020-11-16 11:05:59,185 > PHY1011-18-00: 중복된 강의 객체. caution 수집 완료
[INFO|CRAWLER.py] 2020-11-16 11:05:59,213 > PHY1011-19-00: 중복된 강의 객체. caution 수집 완료
[INFO|CRAWLER.py] 2020-11-16 11:05:59,268 > UCC1106-03-00: 중복된 강의 객체. caution 수집 완료
[INFO|CRAWLER.py] 2020-11-16 11:05:59,300 > UCC1106-04-00: 중복된 강의 객체. caution 수집 완료
[INFO|CRAWLER.py] 2020-11-16 11:05:59,335 > YCK1998-01-00: 중복된 강의 객체. caution 수집 완료
[INFO|CRAWLER.py] 2020-11-16 11:05:59,363 > YCK1998-02-00: 중복된 강의 객체. caution 수집 완료
[INFO|CRAWLER.py] 2020-11-16 11:05:59,400 > YCK1998-03-00: 중복된 강의 객체. caution 수집 완료
[INFO|CRAWLER.py] 2020-11-16 11:05:59,432 > YCK1998-04-00: 중복된 강의 객체. caution 수집 완료
[INFO|CRAWLER.py] 2020-11-16 11:06:01,473 > 대학교양-자연과우주 탐색 완료
[INFO|CRAWLER.py] 2020-11-16 11:06:01,473 > 20191-국제캠퍼스(2019학번~)-대학교양-생명과환경 수집 시작
[INFO|CRAWLER.py] 2020-11-16 11:06:02,098 > 15 rows in 1-15 of 16
[INFO|CRAWLER.py] 2020-11-16 11:06:02,126 > 유의사항 기준 탐색 완료
[INFO|CRAWLER.py] 2020-11-16 11:06:02,642 > 15 rows in 1-15 of 16
[INFO|CRAWLER.py] 2020-11-16 11:06:02,698 > BIO1008-02-00: 중복된 강의 객체. caution 수집 완료
[INFO|CRAWLER.py] 2020-11-16 11:06:02,779 > BIO1011-02-00: 중복된 강의 객체. caution 수집 완료
[INFO|CRAWLER.py] 2020-11-16 11:06:02,859 > BIO1011-05-00: 중복된 강의 객체. caution 수집 완료
[INFO|CRAWLER.py] 2020-11-16 11:06:02,889 > BIO1011-06-00: 중복된 강의 객체. caution 수집 완료
[INFO|CRAWLER.py] 2020-11-16 11:06:02,921 > BIO1011-07-00: 중복된 강의 객체. caution 수집 완료
[INFO|CRAWLER.py] 2020-11-16 11:06:03,059 > YCL1401-01-00: 중복된 강의 객체. caution 수집 완료
[INFO|CRAWLER.py] 2020-11-16 11:06:05,609 > 1 rows in 16-16 of 16
[INFO|CRAWLER.py] 2020-11-16 11:06:16,149 > YCL1999-02-00: 중복된 강의 객체. caution 수집 완료
[INFO|CRAWLER.py] 2020-11-16 11:06:18,191 > 대학교양-생명과환경 탐색 완료
[INFO|CRAWLER.py] 2020-11-16 11:06:18,192 > 20191-국제캠퍼스(2019학번~)-대학교양-정보와기술 수집 시작
[INFO|CRAWLER.py] 2020-11-16 11:06:18,821 > 6 rows in 1-6 of 6
[INFO|CRAWLER.py] 2020-11-16 11:06:18,846 > 유의사항 기준 탐색 완료
[INFO|CRAWLER.py] 2020-11-16 11:06:19,366 > 6 rows in 1-6 of 6
[INFO|CRAWLER.py] 2020-11-16 11:06:19,397 > YCS1001-03-00: 중복된 강의 객체. caution 수집 완료
[INFO|CRAWLER.py] 2020-11-16 11:06:19,452 > YCS1001-05-00: 중복된 강의 객체. caution 수집 완료
[INFO|CRAWLER.py] 2020-11-16 11:06:19,509 > YCS1002-05-00: 중복된 강의 객체. caution 수집 완료
[INFO|CRAWLER.py] 2020-11-16 11:06:21,556 > 대학교양-정보와기술 탐색 완료
[INFO|CRAWLER.py] 2020-11-16 11:06:21,556 > 20191-국제캠퍼스(2019학번~)-대학교양-체육과건강 수집 시작
[INFO|CRAWLER.py] 2020-11-16 11:06:22,142 > 15 rows in 1-15 of 41
[INFO|CRAWLER.py] 2020-11-16 11:06:22,167 > 유의사항 기준 탐색 완료
[INFO|CRAWLER.py] 2020-11-16 11:06:22,683 > 15 rows in 1-15 of 41
[INFO|CRAWLER.py] 2020-11-16 11:06:24,736 > UCL1102-02-00 cleared
[INFO|CRAWLER.py] 2020-11-16 11:06:26,789 > UCL1102-03-00 cleared
[INFO|CRAWLER.py] 2020-11-16 11:06:28,843 > UCL1102-04-00 cleared
[INFO|CRAWLER.py] 2020-11-16 11:06:30,894 > UCL1104-05-00 cleared
[INFO|CRAWLER.py] 2020-11-16 11:06:32,947 > UCL1104-06-00 cleared
[INFO|CRAWLER.py] 2020-11-16 11:06:35,000 > UCL1107-01-00 cleared
[INFO|CRAWLER.py] 2020-11-16 11:06:37,053 > UCL1107-02-00 cleared
[INFO|CRAWLER.py] 2020-11-16 11:06:39,106 > UCL1111-07-00 cleared
[INFO|CRAWLER.py] 2020-11-16 11:06:41,164 > UCL1111-08-00 cleared
[INFO|CRAWLER.py] 2020-11-16 11:06:43,215 > UCL1112-04-00 cleared
[INFO|CRAWLER.py] 2020-11-16 11:06:45,271 > UCL1112-05-00 cleared
[INFO|CRAWLER.py] 2020-11-16 11:06:47,323 > UCL1115-04-00 cleared
[INFO|CRAWLER.py] 2020-11-16 11:06:49,378 > UCL1115-05-00 cleared
[INFO|CRAWLER.py] 2020-11-16 11:06:51,432 > UCL1119-07-00 cleared
[INFO|CRAWLER.py] 2020-11-16 11:06:53,485 > UCL1119-08-00 cleared
[INFO|CRAWLER.py] 2020-11-16 11:06:56,044 > 15 rows in 16-30 of 41
[INFO|CRAWLER.py] 2020-11-16 11:06:58,102 > UCL1121-08-00 cleared
[INFO|CRAWLER.py] 2020-11-16 11:07:00,150 > UCL1207-01-00 cleared
[INFO|CRAWLER.py] 2020-11-16 11:07:02,201 > UCL1208-01-00 cleared
[INFO|CRAWLER.py] 2020-11-16 11:07:04,256 > UCL1208-02-00 cleared
[INFO|CRAWLER.py] 2020-11-16 11:07:06,310 > UCL1214-01-00 cleared
[INFO|CRAWLER.py] 2020-11-16 11:07:08,418 > UCL1215-06-00 cleared
[INFO|CRAWLER.py] 2020-11-16 11:07:10,476 > UCL1215-07-00 cleared
[INFO|CRAWLER.py] 2020-11-16 11:07:23,060 > UCL1218-02-00 cleared
[INFO|CRAWLER.py] 2020-11-16 11:07:25,138 > UCL1222-02-00 cleared
[INFO|CRAWLER.py] 2020-11-16 11:07:27,187 > UCL1224-03-00 cleared
[INFO|CRAWLER.py] 2020-11-16 11:07:29,238 > UCL1224-04-00 cleared
[INFO|CRAWLER.py] 2020-11-16 11:07:31,294 > UCL1225-01-00 cleared
[INFO|CRAWLER.py] 2020-11-16 11:07:33,864 > 11 rows in 31-41 of 41
[INFO|CRAWLER.py] 2020-11-16 11:07:35,922 > UCL1225-02-00 cleared
[INFO|CRAWLER.py] 2020-11-16 11:07:37,989 > UCL1225-03-00 cleared
[INFO|CRAWLER.py] 2020-11-16 11:07:40,048 > UCL1225-04-00 cleared
[INFO|CRAWLER.py] 2020-11-16 11:07:42,103 > UCL1225-05-00 cleared
[INFO|CRAWLER.py] 2020-11-16 11:07:44,162 > UCL1225-06-00 cleared
[INFO|CRAWLER.py] 2020-11-16 11:07:46,221 > UCL1225-07-00 cleared
[INFO|CRAWLER.py] 2020-11-16 11:07:48,277 > UCL1225-08-00 cleared
[INFO|CRAWLER.py] 2020-11-16 11:07:50,333 > UCL1226-01-00 cleared
[INFO|CRAWLER.py] 2020-11-16 11:07:52,390 > UCL1227-01-00 cleared
[INFO|CRAWLER.py] 2020-11-16 11:07:54,441 > UCL1227-02-00 cleared
[INFO|CRAWLER.py] 2020-11-16 11:07:56,502 > 대학교양-체육과건강 탐색 완료
[INFO|CRAWLER.py] 2020-11-16 11:07:56,502 > 20191-국제캠퍼스(2019학번~)-기초교육-SE 수집 시작
[INFO|CRAWLER.py] 2020-11-16 11:07:57,129 > 15 rows in 1-15 of 40
[INFO|CRAWLER.py] 2020-11-16 11:07:57,154 > 유의사항 기준 탐색 완료
[INFO|CRAWLER.py] 2020-11-16 11:07:57,670 > 15 rows in 1-15 of 40
[INFO|CRAWLER.py] 2020-11-16 11:07:57,700 > UCR1015-01-00: 중복된 강의 객체. caution 수집 완료
[INFO|CRAWLER.py] 2020-11-16 11:07:57,755 > UCR1015-03-00: 중복된 강의 객체. caution 수집 완료
[INFO|CRAWLER.py] 2020-11-16 11:07:57,785 > UCR1015-04-00: 중복된 강의 객체. caution 수집 완료
[INFO|CRAWLER.py] 2020-11-16 11:07:57,816 > UCR1015-05-00: 중복된 강의 객체. caution 수집 완료
[INFO|CRAWLER.py] 2020-11-16 11:07:57,846 > UCR1015-06-00: 중복된 강의 객체. caution 수집 완료
[INFO|CRAWLER.py] 2020-11-16 11:07:57,877 > UCR1015-07-00: 중복된 강의 객체. caution 수집 완료
[INFO|CRAWLER.py] 2020-11-16 11:07:57,912 > UCR1015-08-00: 중복된 강의 객체. caution 수집 완료
[INFO|CRAWLER.py] 2020-11-16 11:07:57,944 > UCR1015-09-00: 중복된 강의 객체. caution 수집 완료
[INFO|CRAWLER.py] 2020-11-16 11:07:58,000 > UCR1015-11-00: 중복된 강의 객체. caution 수집 완료
[INFO|CRAWLER.py] 2020-11-16 11:08:00,667 > 15 rows in 16-30 of 40
[INFO|CRAWLER.py] 2020-11-16 11:08:00,782 > UCR1015-20-00: 중복된 강의 객체. caution 수집 완료
[INFO|CRAWLER.py] 2020-11-16 11:08:00,852 > UCR1015-23-00: 중복된 강의 객체. caution 수집 완료
[INFO|CRAWLER.py] 2020-11-16 11:08:00,879 > UCR1015-24-00: 중복된 강의 객체. caution 수집 완료
[INFO|CRAWLER.py] 2020-11-16 11:08:00,928 > UCR1015-26-00: 중복된 강의 객체. caution 수집 완료
[INFO|CRAWLER.py] 2020-11-16 11:08:00,957 > UCR1015-27-00: 중복된 강의 객체. caution 수집 완료
[INFO|CRAWLER.py] 2020-11-16 11:08:00,987 > UCR1015-28-00: 중복된 강의 객체. caution 수집 완료
[INFO|CRAWLER.py] 2020-11-16 11:08:01,038 > UCR1015-30-00: 중복된 강의 객체. caution 수집 완료
[INFO|CRAWLER.py] 2020-11-16 11:08:03,591 > 10 rows in 31-40 of 40
[INFO|CRAWLER.py] 2020-11-16 11:08:03,617 > UCR1015-31-00: 중복된 강의 객체. caution 수집 완료
[INFO|CRAWLER.py] 2020-11-16 11:08:03,648 > UCR1015-32-00: 중복된 강의 객체. caution 수집 완료
[INFO|CRAWLER.py] 2020-11-16 11:08:05,874 > 기초교육-SE 탐색 완료
[INFO|CRAWLER.py] 2020-11-16 11:08:05,875 > 20191-국제캠퍼스(2019학번~)-기초교육-자율선택 수집 시작
[INFO|CRAWLER.py] 2020-11-16 11:08:06,505 > 0 rows in 1-0 of 0
[INFO|CRAWLER.py] 2020-11-16 11:08:17,035 > No caution link in 0th row
[INFO|CRAWLER.py] 2020-11-16 11:08:17,541 > 0 rows in 1-0 of 0
[INFO|CRAWLER.py] 2020-11-16 11:08:17,541 > No caution in pages
[INFO|CRAWLER.py] 2020-11-16 11:08:18,057 > 0 rows in 1-0 of 0
[INFO|CRAWLER.py] 2020-11-16 11:08:20,077 > 기초교육-자율선택 탐색 완료
[INFO|CRAWLER.py] 2020-11-16 11:08:20,077 > 20191-국제캠퍼스(2019학번~)-의예과(1학년) 수집 시작
[INFO|CRAWLER.py] 2020-11-16 11:08:20,664 > 1 rows in 1-1 of 1
[INFO|CRAWLER.py] 2020-11-16 11:08:20,691 > 유의사항 기준 탐색 완료
[INFO|CRAWLER.py] 2020-11-16 11:08:21,207 > 1 rows in 1-1 of 1
[INFO|CRAWLER.py] 2020-11-16 11:08:23,263 > MED1101-01-00 cleared
[INFO|CRAWLER.py] 2020-11-16 11:08:25,292 > 의예과(1학년) 탐색 완료
[INFO|CRAWLER.py] 2020-11-16 11:08:25,292 > 20191-국제캠퍼스(2019학번~)-치의예과(1학년) 수집 시작
[INFO|CRAWLER.py] 2020-11-16 11:08:25,919 > 6 rows in 1-6 of 6
[INFO|CRAWLER.py] 2020-11-16 11:08:25,943 > 유의사항 기준 탐색 완료
[INFO|CRAWLER.py] 2020-11-16 11:08:26,463 > 6 rows in 1-6 of 6
[INFO|CRAWLER.py] 2020-11-16 11:08:28,633 > 치의예과(1학년) 탐색 완료
[INFO|CRAWLER.py] 2020-11-16 11:08:28,633 > 20191-국제캠퍼스(2019학번~)-간호(1학년) 수집 시작
[INFO|CRAWLER.py] 2020-11-16 11:08:29,218 > 2 rows in 1-2 of 2
[INFO|CRAWLER.py] 2020-11-16 11:08:29,259 > 유의사항 기준 탐색 완료
[INFO|CRAWLER.py] 2020-11-16 11:08:29,775 > 2 rows in 1-2 of 2
[INFO|CRAWLER.py] 2020-11-16 11:08:31,846 > 간호(1학년) 탐색 완료
[INFO|CRAWLER.py] 2020-11-16 11:08:31,846 > 20191-국제캠퍼스(2019학번~)-(~2019학번)교양기초-대학영어 수집 시작
[INFO|CRAWLER.py] 2020-11-16 11:08:32,431 > 15 rows in 1-15 of 144
[INFO|CRAWLER.py] 2020-11-16 11:08:32,457 > 유의사항 기준 탐색 완료
[INFO|CRAWLER.py] 2020-11-16 11:08:32,974 > 15 rows in 1-15 of 144
[INFO|CRAWLER.py] 2020-11-16 11:08:33,174 > YCC1001-08-00: 중복된 강의 객체. caution 수집 완료
[INFO|CRAWLER.py] 2020-11-16 11:08:35,918 > 15 rows in 16-30 of 144
[INFO|CRAWLER.py] 2020-11-16 11:08:38,814 > 15 rows in 31-45 of 144
[INFO|CRAWLER.py] 2020-11-16 11:08:38,865 > YCC1002-02-00: 중복된 강의 객체. caution 수집 완료
[INFO|CRAWLER.py] 2020-11-16 11:08:38,962 > YCC1101-04-00: 중복된 강의 객체. caution 수집 완료
[INFO|CRAWLER.py] 2020-11-16 11:08:39,008 > YCC1101-06-00: 중복된 강의 객체. caution 수집 완료
[INFO|CRAWLER.py] 2020-11-16 11:08:39,038 > YCC1101-07-00: 중복된 강의 객체. caution 수집 완료
[INFO|CRAWLER.py] 2020-11-16 11:08:39,160 > YCC1101-12-00: 중복된 강의 객체. caution 수집 완료
[INFO|CRAWLER.py] 2020-11-16 11:08:41,743 > 15 rows in 46-60 of 144
[INFO|CRAWLER.py] 2020-11-16 11:08:41,911 > YCC1101-20-00: 중복된 강의 객체. caution 수집 완료
[INFO|CRAWLER.py] 2020-11-16 11:08:44,661 > 15 rows in 61-75 of 144
[INFO|CRAWLER.py] 2020-11-16 11:08:47,550 > 15 rows in 76-90 of 144
[INFO|CRAWLER.py] 2020-11-16 11:08:47,645 > YCC1102-04-00: 중복된 강의 객체. caution 수집 완료
[INFO|CRAWLER.py] 2020-11-16 11:08:50,443 > 15 rows in 91-105 of 144
[INFO|CRAWLER.py] 2020-11-16 11:08:50,675 > YCC1102-25-00: 중복된 강의 객체. caution 수집 완료
[INFO|CRAWLER.py] 2020-11-16 11:08:53,338 > 15 rows in 106-120 of 144
[INFO|CRAWLER.py] 2020-11-16 11:08:53,546 > YCC1102-39-00: 중복된 강의 객체. caution 수집 완료
[INFO|CRAWLER.py] 2020-11-16 11:08:56,242 > 15 rows in 121-135 of 144
[INFO|CRAWLER.py] 2020-11-16 11:08:59,139 > 9 rows in 136-144 of 144
[INFO|CRAWLER.py] 2020-11-16 11:08:59,192 > YCC1202-06-00: 중복된 강의 객체. caution 수집 완료
[INFO|CRAWLER.py] 2020-11-16 11:09:09,883 > YCC1202-12-00: 중복된 강의 객체. caution 수집 완료
[INFO|CRAWLER.py] 2020-11-16 11:09:20,451 > YCC1202-13-00: 중복된 강의 객체. caution 수집 완료
[INFO|CRAWLER.py] 2020-11-16 11:09:22,505 > (~2019학번)교양기초-대학영어 탐색 완료
[INFO|CRAWLER.py] 2020-11-16 11:09:22,506 > 국제캠퍼스(2019학번~) 수집 완료
[INFO|CRAWLER.py] 2020-11-16 11:09:22,507 > FINISHED_LECT_OBJs에 20191-SEARCH 전부 등록 완료
