[INFO|CRAWLER.py] 2020-11-16 10:25:49,440 > 작업완료된 강의 객체 목록 다운로드 시작
[INFO|CRAWLER.py] 2020-11-16 10:25:51,955 > 작업완료된 강의 객체 목록 다운로드 완료
[INFO|CRAWLER.py] 2020-11-16 10:25:55,687 > 20191-약학대학-약학전공 수집 시작
[INFO|CRAWLER.py] 2020-11-16 10:25:56,328 > 15 rows in 1-15 of 35
[INFO|CRAWLER.py] 2020-11-16 10:25:56,359 > 유의사항 기준 탐색 완료
[INFO|CRAWLER.py] 2020-11-16 10:25:56,880 > 15 rows in 1-15 of 35
[INFO|CRAWLER.py] 2020-11-16 10:25:58,968 > PHM3001-01-00 cleared
[INFO|CRAWLER.py] 2020-11-16 10:26:01,022 > PHM3002-01-00 cleared
[INFO|CRAWLER.py] 2020-11-16 10:26:03,077 > PHM3003-01-00 cleared
[INFO|CRAWLER.py] 2020-11-16 10:26:05,129 > PHM3004-01-00 cleared
[INFO|CRAWLER.py] 2020-11-16 10:26:07,234 > PHM3005-01-00 cleared
[INFO|CRAWLER.py] 2020-11-16 10:26:09,339 > PHM3013-01-00 cleared
[INFO|CRAWLER.py] 2020-11-16 10:26:11,419 > PHM3014-01-00 cleared
[INFO|CRAWLER.py] 2020-11-16 10:26:13,501 > PHM3016-01-00 cleared
[INFO|CRAWLER.py] 2020-11-16 10:26:15,580 > PHM3019-01-00 cleared
[INFO|CRAWLER.py] 2020-11-16 10:26:17,660 > PHM3030-01-00 cleared
[INFO|CRAWLER.py] 2020-11-16 10:26:19,740 > PHM3031-01-00 cleared
[INFO|CRAWLER.py] 2020-11-16 10:26:22,330 > 15 rows in 16-30 of 35
[INFO|CRAWLER.py] 2020-11-16 10:26:24,408 > PHM3047-01-00 cleared
[INFO|CRAWLER.py] 2020-11-16 10:26:26,483 > PHM3038-01-00 cleared
[INFO|CRAWLER.py] 2020-11-16 10:26:28,558 > PHM3035-01-00 cleared
[INFO|CRAWLER.py] 2020-11-16 10:26:30,624 > PHM3036-01-00 cleared
[INFO|CRAWLER.py] 2020-11-16 10:26:32,692 > PHM3041-01-00 cleared
[INFO|CRAWLER.py] 2020-11-16 10:26:34,765 > PHM4150-01-00 cleared
[INFO|CRAWLER.py] 2020-11-16 10:26:36,830 > PHM3059-01-00 cleared
[INFO|CRAWLER.py] 2020-11-16 10:26:38,891 > PHM3060-01-00 cleared
[INFO|CRAWLER.py] 2020-11-16 10:26:40,952 > PHM3021-01-00 cleared
[INFO|CRAWLER.py] 2020-11-16 10:26:43,021 > PHM3037-01-00 cleared
[INFO|CRAWLER.py] 2020-11-16 10:26:45,089 > PHM3043-01-00 cleared
[INFO|CRAWLER.py] 2020-11-16 10:26:47,151 > PHM3045-01-00 cleared
[INFO|CRAWLER.py] 2020-11-16 10:26:49,218 > PHM4310-01-00 cleared
[INFO|CRAWLER.py] 2020-11-16 10:26:51,288 > PHM3034-01-00 cleared
[INFO|CRAWLER.py] 2020-11-16 10:26:53,359 > PHM3033-01-00 cleared
[INFO|CRAWLER.py] 2020-11-16 10:26:55,914 > 5 rows in 31-35 of 35
[INFO|CRAWLER.py] 2020-11-16 10:26:57,974 > PHM3044-01-00 cleared
[INFO|CRAWLER.py] 2020-11-16 10:27:00,043 > PHM3053-01-00 cleared
[INFO|CRAWLER.py] 2020-11-16 10:27:02,107 > PHM3055-01-00 cleared
[INFO|CRAWLER.py] 2020-11-16 10:27:04,174 > PHM3056-01-00 cleared
[INFO|CRAWLER.py] 2020-11-16 10:27:06,242 > PHM4300-01-00 cleared
[INFO|CRAWLER.py] 2020-11-16 10:27:08,300 > 약학전공 탐색 완료
[INFO|CRAWLER.py] 2020-11-16 10:27:08,300 > 약학대학 수집 완료
[INFO|CRAWLER.py] 2020-11-16 10:27:08,300 > 20191-의과대학-의학전공 수집 시작
[INFO|CRAWLER.py] 2020-11-16 10:27:08,943 > 15 rows in 1-15 of 294
[INFO|CRAWLER.py] 2020-11-16 10:27:08,967 > 유의사항 기준 탐색 완료
[INFO|CRAWLER.py] 2020-11-16 10:27:09,486 > 15 rows in 1-15 of 294
[INFO|CRAWLER.py] 2020-11-16 10:27:12,419 > 15 rows in 16-30 of 294
[INFO|CRAWLER.py] 2020-11-16 10:27:15,316 > 15 rows in 31-45 of 294
[INFO|CRAWLER.py] 2020-11-16 10:27:18,218 > 15 rows in 46-60 of 294
[INFO|CRAWLER.py] 2020-11-16 10:27:21,115 > 15 rows in 61-75 of 294
[INFO|CRAWLER.py] 2020-11-16 10:27:24,013 > 15 rows in 76-90 of 294
[INFO|CRAWLER.py] 2020-11-16 10:27:26,914 > 15 rows in 91-105 of 294
[INFO|CRAWLER.py] 2020-11-16 10:27:29,807 > 15 rows in 106-120 of 294
[INFO|CRAWLER.py] 2020-11-16 10:27:32,716 > 15 rows in 121-135 of 294
[INFO|CRAWLER.py] 2020-11-16 10:27:35,607 > 15 rows in 136-150 of 294
[INFO|CRAWLER.py] 2020-11-16 10:27:38,503 > 15 rows in 151-165 of 294
[INFO|CRAWLER.py] 2020-11-16 10:27:41,395 > 15 rows in 166-180 of 294
[INFO|CRAWLER.py] 2020-11-16 10:27:44,287 > 15 rows in 181-195 of 294
[INFO|CRAWLER.py] 2020-11-16 10:27:47,178 > 15 rows in 196-210 of 294
[INFO|CRAWLER.py] 2020-11-16 10:27:50,070 > 15 rows in 211-225 of 294
[INFO|CRAWLER.py] 2020-11-16 10:27:52,965 > 15 rows in 226-240 of 294
[INFO|CRAWLER.py] 2020-11-16 10:27:55,857 > 15 rows in 241-255 of 294
[INFO|CRAWLER.py] 2020-11-16 10:27:58,756 > 15 rows in 256-270 of 294
[INFO|CRAWLER.py] 2020-11-16 10:28:01,640 > 15 rows in 271-285 of 294
[INFO|CRAWLER.py] 2020-11-16 10:28:04,530 > 9 rows in 286-294 of 294
[INFO|CRAWLER.py] 2020-11-16 10:28:06,768 > 의학전공 탐색 완료
[INFO|CRAWLER.py] 2020-11-16 10:28:06,768 > 20191-의과대학-의예과 수집 시작
[INFO|CRAWLER.py] 2020-11-16 10:28:07,393 > 15 rows in 1-15 of 19
[INFO|CRAWLER.py] 2020-11-16 10:28:07,415 > 유의사항 기준 탐색 완료
[INFO|CRAWLER.py] 2020-11-16 10:28:07,931 > 15 rows in 1-15 of 19
[INFO|CRAWLER.py] 2020-11-16 10:28:09,996 > MED2102-00-00 cleared
[INFO|CRAWLER.py] 2020-11-16 10:28:12,090 > MED2109-00-00 cleared
[INFO|CRAWLER.py] 2020-11-16 10:28:14,158 > MED2103-00-00 cleared
[INFO|CRAWLER.py] 2020-11-16 10:28:16,250 > MED2104-00-00 cleared
[INFO|CRAWLER.py] 2020-11-16 10:28:18,316 > MED2221-00-00 cleared
[INFO|CRAWLER.py] 2020-11-16 10:28:20,379 > MED2239-00-00 cleared
[INFO|CRAWLER.py] 2020-11-16 10:28:22,476 > MED2101-00-00 cleared
[INFO|CRAWLER.py] 2020-11-16 10:28:24,548 > MED2202-00-00 cleared
[INFO|CRAWLER.py] 2020-11-16 10:28:26,624 > MED2203-00-00 cleared
[INFO|CRAWLER.py] 2020-11-16 10:28:28,681 > MED2207-00-00 cleared
[INFO|CRAWLER.py] 2020-11-16 10:28:30,735 > MED2208-00-00 cleared
[INFO|CRAWLER.py] 2020-11-16 10:28:32,788 > MED2210-00-00 cleared
[INFO|CRAWLER.py] 2020-11-16 10:28:34,867 > MED2219-00-00 cleared
[INFO|CRAWLER.py] 2020-11-16 10:28:36,930 > MED2223-00-00 cleared
[INFO|CRAWLER.py] 2020-11-16 10:28:38,985 > MED2228-00-00 cleared
[INFO|CRAWLER.py] 2020-11-16 10:28:41,555 > 4 rows in 16-19 of 19
[INFO|CRAWLER.py] 2020-11-16 10:28:43,622 > MED2237-00-00 cleared
[INFO|CRAWLER.py] 2020-11-16 10:28:45,678 > MED2240-00-00 cleared
[INFO|CRAWLER.py] 2020-11-16 10:28:47,731 > MED2241-00-00 cleared
[INFO|CRAWLER.py] 2020-11-16 10:28:49,786 > MED2301-00-00 cleared
[INFO|CRAWLER.py] 2020-11-16 10:28:51,820 > 의예과 탐색 완료
[INFO|CRAWLER.py] 2020-11-16 10:28:51,820 > 의과대학 수집 완료
[INFO|CRAWLER.py] 2020-11-16 10:28:51,820 > 20191-치과대학-치의학전공 수집 시작
[INFO|CRAWLER.py] 2020-11-16 10:28:52,460 > 15 rows in 1-15 of 38
[INFO|CRAWLER.py] 2020-11-16 10:28:52,480 > 유의사항 기준 탐색 완료
[INFO|CRAWLER.py] 2020-11-16 10:28:52,996 > 15 rows in 1-15 of 38
[INFO|CRAWLER.py] 2020-11-16 10:28:55,928 > 15 rows in 16-30 of 38
[INFO|CRAWLER.py] 2020-11-16 10:28:58,813 > 8 rows in 31-38 of 38
[INFO|CRAWLER.py] 2020-11-16 10:29:01,030 > 치의학전공 탐색 완료
[INFO|CRAWLER.py] 2020-11-16 10:29:01,031 > 20191-치과대학-치의예과 수집 시작
[INFO|CRAWLER.py] 2020-11-16 10:29:01,648 > 6 rows in 1-6 of 6
[INFO|CRAWLER.py] 2020-11-16 10:29:01,673 > 유의사항 기준 탐색 완료
[INFO|CRAWLER.py] 2020-11-16 10:29:02,188 > 6 rows in 1-6 of 6
[INFO|CRAWLER.py] 2020-11-16 10:29:04,354 > 치의예과 탐색 완료
[INFO|CRAWLER.py] 2020-11-16 10:29:04,355 > 치과대학 수집 완료
[INFO|CRAWLER.py] 2020-11-16 10:29:04,355 > 20191-간호대학-간호학(2-4학년) 수집 시작
[INFO|CRAWLER.py] 2020-11-16 10:29:04,959 > 15 rows in 1-15 of 23
[INFO|CRAWLER.py] 2020-11-16 10:29:04,982 > 유의사항 기준 탐색 완료
[INFO|CRAWLER.py] 2020-11-16 10:29:05,499 > 15 rows in 1-15 of 23
[INFO|CRAWLER.py] 2020-11-16 10:29:07,600 > NUR2101-01-00 cleared
[INFO|CRAWLER.py] 2020-11-16 10:29:09,706 > NUR2111-01-00 cleared
[INFO|CRAWLER.py] 2020-11-16 10:29:11,810 > NUR2021-01-00 cleared
[INFO|CRAWLER.py] 2020-11-16 10:29:13,910 > NUR2022-01-00 cleared
[INFO|CRAWLER.py] 2020-11-16 10:29:16,017 > NUR2023-01-01 cleared
[INFO|CRAWLER.py] 2020-11-16 10:29:18,077 > NUR4020-01-01 cleared
[INFO|CRAWLER.py] 2020-11-16 10:29:20,154 > NUR4011-01-00 cleared
[INFO|CRAWLER.py] 2020-11-16 10:29:22,234 > NUR4013-01-00 cleared
[INFO|CRAWLER.py] 2020-11-16 10:29:24,297 > NUR4110-01-00 cleared
[INFO|CRAWLER.py] 2020-11-16 10:29:26,387 > NUR2112-01-00 cleared
[INFO|CRAWLER.py] 2020-11-16 10:29:28,557 > NUR5113-01-00 cleared
[INFO|CRAWLER.py] 2020-11-16 10:29:30,656 > NUR3113-01-00 cleared
[INFO|CRAWLER.py] 2020-11-16 10:29:32,764 > NUR3007-01-00 cleared
[INFO|CRAWLER.py] 2020-11-16 10:29:34,875 > NUR3101-01-00 cleared
[INFO|CRAWLER.py] 2020-11-16 10:29:36,973 > NUR3012-01-01 cleared
[INFO|CRAWLER.py] 2020-11-16 10:29:39,546 > 8 rows in 16-23 of 23
[INFO|CRAWLER.py] 2020-11-16 10:29:41,610 > NUR5105-01-00 cleared
[INFO|CRAWLER.py] 2020-11-16 10:29:43,684 > NUR4114-01-00 cleared
[INFO|CRAWLER.py] 2020-11-16 10:29:45,744 > NUR4114-02-00 cleared
[INFO|CRAWLER.py] 2020-11-16 10:29:47,803 > NUR4114-03-00 cleared
[INFO|CRAWLER.py] 2020-11-16 10:29:49,856 > NUR4114-04-00 cleared
[INFO|CRAWLER.py] 2020-11-16 10:29:51,939 > NUR3005-01-00 cleared
[INFO|CRAWLER.py] 2020-11-16 10:29:54,026 > NUR4117-01-00 cleared
[INFO|CRAWLER.py] 2020-11-16 10:29:56,122 > NUR4006-01-01 cleared
[INFO|CRAWLER.py] 2020-11-16 10:29:58,157 > 간호학(2-4학년) 탐색 완료
[INFO|CRAWLER.py] 2020-11-16 10:29:58,157 > 20191-간호대학-RN-BSN 수집 시작
[INFO|CRAWLER.py] 2020-11-16 10:29:58,787 > 15 rows in 1-15 of 15
[INFO|CRAWLER.py] 2020-11-16 10:29:58,812 > 유의사항 기준 탐색 완료
[INFO|CRAWLER.py] 2020-11-16 10:29:59,329 > 15 rows in 1-15 of 15
[INFO|CRAWLER.py] 2020-11-16 10:30:01,425 > NUR9311-01-00 cleared
[INFO|CRAWLER.py] 2020-11-16 10:30:03,521 > NUR9312-01-00 cleared
[INFO|CRAWLER.py] 2020-11-16 10:30:05,628 > NUR9314-01-00 cleared
[INFO|CRAWLER.py] 2020-11-16 10:30:07,730 > NUR9315-01-00 cleared
[INFO|CRAWLER.py] 2020-11-16 10:30:09,831 > NUR9313-01-00 cleared
[INFO|CRAWLER.py] 2020-11-16 10:30:11,906 > NUR9501-01-00 cleared
[INFO|CRAWLER.py] 2020-11-16 10:30:13,983 > NUR9502-01-00 cleared
[INFO|CRAWLER.py] 2020-11-16 10:30:16,067 > NUR9507-01-00 cleared
[INFO|CRAWLER.py] 2020-11-16 10:30:18,222 > NUR9300-01-00 cleared
[INFO|CRAWLER.py] 2020-11-16 10:30:20,301 > NUR9508-01-00 cleared
[INFO|CRAWLER.py] 2020-11-16 10:30:22,417 > NUR9411-01-00 cleared
[INFO|CRAWLER.py] 2020-11-16 10:30:24,518 > NUR9412-01-00 cleared
[INFO|CRAWLER.py] 2020-11-16 10:30:26,620 > NUR9416-01-00 cleared
[INFO|CRAWLER.py] 2020-11-16 10:30:28,718 > NUR9418-01-00 cleared
[INFO|CRAWLER.py] 2020-11-16 10:30:30,819 > NUR9413-01-00 cleared
[INFO|CRAWLER.py] 2020-11-16 10:30:32,847 > RN-BSN 탐색 완료
[INFO|CRAWLER.py] 2020-11-16 10:30:32,847 > 간호대학 수집 완료
[INFO|CRAWLER.py] 2020-11-16 10:30:32,847 > 20191-연계전공-유럽지역학 수집 시작
[INFO|CRAWLER.py] 2020-11-16 10:30:33,494 > 2 rows in 1-2 of 2
[INFO|CRAWLER.py] 2020-11-16 10:30:33,520 > 유의사항 기준 탐색 완료
[INFO|CRAWLER.py] 2020-11-16 10:30:34,039 > 2 rows in 1-2 of 2
[INFO|CRAWLER.py] 2020-11-16 10:30:36,097 > EUR3102-01-00 cleared
[INFO|CRAWLER.py] 2020-11-16 10:30:38,183 > EUR3104-01-00 cleared
[INFO|CRAWLER.py] 2020-11-16 10:30:40,204 > 유럽지역학 탐색 완료
[INFO|CRAWLER.py] 2020-11-16 10:30:40,204 > 20191-연계전공-디지털예술학 수집 시작
[INFO|CRAWLER.py] 2020-11-16 10:30:40,795 > 2 rows in 1-2 of 2
[INFO|CRAWLER.py] 2020-11-16 10:30:40,823 > 유의사항 기준 탐색 완료
[INFO|CRAWLER.py] 2020-11-16 10:30:41,340 > 2 rows in 1-2 of 2
[INFO|CRAWLER.py] 2020-11-16 10:30:43,414 > FIL3105-01-00 cleared
[INFO|CRAWLER.py] 2020-11-16 10:30:45,504 > FIL3109-01-00 cleared
[INFO|CRAWLER.py] 2020-11-16 10:30:47,525 > 디지털예술학 탐색 완료
[INFO|CRAWLER.py] 2020-11-16 10:30:47,525 > 20191-연계전공-미국학 수집 시작
[INFO|CRAWLER.py] 2020-11-16 10:30:48,115 > 2 rows in 1-2 of 2
[INFO|CRAWLER.py] 2020-11-16 10:30:48,138 > 유의사항 기준 탐색 완료
[INFO|CRAWLER.py] 2020-11-16 10:30:48,655 > 2 rows in 1-2 of 2
[INFO|CRAWLER.py] 2020-11-16 10:30:50,711 > AMR3102-01-00 cleared
[INFO|CRAWLER.py] 2020-11-16 10:30:52,770 > AMR3104-01-00 cleared
[INFO|CRAWLER.py] 2020-11-16 10:30:54,790 > 미국학 탐색 완료
[INFO|CRAWLER.py] 2020-11-16 10:30:54,790 > 20191-연계전공-한국및동아시아학(중국학) 수집 시작
[INFO|CRAWLER.py] 2020-11-16 10:30:55,379 > 2 rows in 1-2 of 2
[INFO|CRAWLER.py] 2020-11-16 10:30:55,403 > 유의사항 기준 탐색 완료
[INFO|CRAWLER.py] 2020-11-16 10:30:55,919 > 2 rows in 1-2 of 2
[INFO|CRAWLER.py] 2020-11-16 10:30:58,034 > CHI3101-01-00 cleared
[INFO|CRAWLER.py] 2020-11-16 10:31:00,104 > CHI3102-01-00 cleared
[INFO|CRAWLER.py] 2020-11-16 10:31:02,126 > 한국및동아시아학(중국학) 탐색 완료
[INFO|CRAWLER.py] 2020-11-16 10:31:02,126 > 20191-연계전공-한국및동아시아학(한국학) 수집 시작
[INFO|CRAWLER.py] 2020-11-16 10:31:02,714 > 2 rows in 1-2 of 2
[INFO|CRAWLER.py] 2020-11-16 10:31:02,739 > 유의사항 기준 탐색 완료
[INFO|CRAWLER.py] 2020-11-16 10:31:03,255 > 2 rows in 1-2 of 2
[INFO|CRAWLER.py] 2020-11-16 10:31:05,333 > KOS3101-01-00 cleared
[INFO|CRAWLER.py] 2020-11-16 10:31:07,396 > KOS3104-01-00 cleared
[INFO|CRAWLER.py] 2020-11-16 10:31:09,416 > 한국및동아시아학(한국학) 탐색 완료
[INFO|CRAWLER.py] 2020-11-16 10:31:09,416 > 20191-연계전공-한국및동아시아학(일본학) 수집 시작
[INFO|CRAWLER.py] 2020-11-16 10:31:10,006 > 3 rows in 1-3 of 3
[INFO|CRAWLER.py] 2020-11-16 10:31:10,031 > 유의사항 기준 탐색 완료
[INFO|CRAWLER.py] 2020-11-16 10:31:10,548 > 3 rows in 1-3 of 3
[INFO|CRAWLER.py] 2020-11-16 10:31:12,609 > JAP3102-01-00 cleared
[INFO|CRAWLER.py] 2020-11-16 10:31:14,670 > JAP3106-01-00 cleared
[INFO|CRAWLER.py] 2020-11-16 10:31:16,731 > JAP3107-01-00 cleared
[INFO|CRAWLER.py] 2020-11-16 10:31:18,754 > 한국및동아시아학(일본학) 탐색 완료
[INFO|CRAWLER.py] 2020-11-16 10:31:18,754 > 20191-연계전공-외교통상학 수집 시작
[INFO|CRAWLER.py] 2020-11-16 10:31:19,373 > 2 rows in 1-2 of 2
[INFO|CRAWLER.py] 2020-11-16 10:31:19,401 > 유의사항 기준 탐색 완료
[INFO|CRAWLER.py] 2020-11-16 10:31:19,920 > 2 rows in 1-2 of 2
[INFO|CRAWLER.py] 2020-11-16 10:31:21,987 > TRA3101-01-00 cleared
[INFO|CRAWLER.py] 2020-11-16 10:31:24,058 > TRA4001-01-00 cleared
[INFO|CRAWLER.py] 2020-11-16 10:31:26,078 > 외교통상학 탐색 완료
[INFO|CRAWLER.py] 2020-11-16 10:31:26,078 > 20191-연계전공-인지과학 수집 시작
[INFO|CRAWLER.py] 2020-11-16 10:31:26,668 > 2 rows in 1-2 of 2
[INFO|CRAWLER.py] 2020-11-16 10:31:26,690 > 유의사항 기준 탐색 완료
[INFO|CRAWLER.py] 2020-11-16 10:31:27,207 > 2 rows in 1-2 of 2
[INFO|CRAWLER.py] 2020-11-16 10:31:29,288 > COG3101-01-00 cleared
[INFO|CRAWLER.py] 2020-11-16 10:31:31,344 > COG3104-01-00 cleared
[INFO|CRAWLER.py] 2020-11-16 10:31:33,365 > 인지과학 탐색 완료
[INFO|CRAWLER.py] 2020-11-16 10:31:33,366 > 20191-연계전공-전자상거래학 수집 시작
[INFO|CRAWLER.py] 2020-11-16 10:31:33,953 > 0 rows in 1-0 of 0
[INFO|CRAWLER.py] 2020-11-16 10:31:44,484 > No caution link in 0th row
[INFO|CRAWLER.py] 2020-11-16 10:31:44,991 > 0 rows in 1-0 of 0
[INFO|CRAWLER.py] 2020-11-16 10:31:44,991 > No caution in pages
[INFO|CRAWLER.py] 2020-11-16 10:31:45,509 > 0 rows in 1-0 of 0
[INFO|CRAWLER.py] 2020-11-16 10:31:47,530 > 전자상거래학 탐색 완료
[INFO|CRAWLER.py] 2020-11-16 10:31:47,530 > 20191-연계전공-벤처학 수집 시작
[INFO|CRAWLER.py] 2020-11-16 10:31:48,116 > 2 rows in 1-2 of 2
[INFO|CRAWLER.py] 2020-11-16 10:31:48,141 > 유의사항 기준 탐색 완료
[INFO|CRAWLER.py] 2020-11-16 10:31:48,658 > 2 rows in 1-2 of 2
[INFO|CRAWLER.py] 2020-11-16 10:31:50,735 > VEN3104-01-00 cleared
[INFO|CRAWLER.py] 2020-11-16 10:31:52,795 > VEN3105-01-00 cleared
[INFO|CRAWLER.py] 2020-11-16 10:31:54,815 > 벤처학 탐색 완료
[INFO|CRAWLER.py] 2020-11-16 10:31:54,815 > 20191-연계전공-리더십 수집 시작
[INFO|CRAWLER.py] 2020-11-16 10:31:55,401 > 2 rows in 1-2 of 2
[INFO|CRAWLER.py] 2020-11-16 10:31:55,425 > 유의사항 기준 탐색 완료
[INFO|CRAWLER.py] 2020-11-16 10:31:55,941 > 2 rows in 1-2 of 2
[INFO|CRAWLER.py] 2020-11-16 10:31:58,309 > LEA3101-01-00 cleared
[INFO|CRAWLER.py] 2020-11-16 10:32:00,370 > LEA3102-01-00 cleared
[INFO|CRAWLER.py] 2020-11-16 10:32:02,391 > 리더십 탐색 완료
[INFO|CRAWLER.py] 2020-11-16 10:32:02,391 > 20191-연계전공-한국및동아시아학(동아시아학) 수집 시작
[INFO|CRAWLER.py] 2020-11-16 10:32:02,977 > 2 rows in 1-2 of 2
[INFO|CRAWLER.py] 2020-11-16 10:32:03,003 > 유의사항 기준 탐색 완료
[INFO|CRAWLER.py] 2020-11-16 10:32:03,520 > 2 rows in 1-2 of 2
[INFO|CRAWLER.py] 2020-11-16 10:32:05,571 > EAS3103-01-00 cleared
[INFO|CRAWLER.py] 2020-11-16 10:32:07,642 > EAS3101-01-00 cleared
[INFO|CRAWLER.py] 2020-11-16 10:32:09,663 > 한국및동아시아학(동아시아학) 탐색 완료
[INFO|CRAWLER.py] 2020-11-16 10:32:09,663 > 20191-연계전공-디지털인문학 수집 시작
[INFO|CRAWLER.py] 2020-11-16 10:32:10,252 > 0 rows in 1-0 of 0
[INFO|CRAWLER.py] 2020-11-16 10:32:20,789 > No caution link in 0th row
[INFO|CRAWLER.py] 2020-11-16 10:32:21,295 > 0 rows in 1-0 of 0
[INFO|CRAWLER.py] 2020-11-16 10:32:21,295 > No caution in pages
[INFO|CRAWLER.py] 2020-11-16 10:32:21,811 > 0 rows in 1-0 of 0
[INFO|CRAWLER.py] 2020-11-16 10:32:23,832 > 디지털인문학 탐색 완료
[INFO|CRAWLER.py] 2020-11-16 10:32:23,832 > 20191-연계전공-비교문학 수집 시작
[INFO|CRAWLER.py] 2020-11-16 10:32:24,417 > 2 rows in 1-2 of 2
[INFO|CRAWLER.py] 2020-11-16 10:32:24,442 > 유의사항 기준 탐색 완료
[INFO|CRAWLER.py] 2020-11-16 10:32:24,959 > 2 rows in 1-2 of 2
[INFO|CRAWLER.py] 2020-11-16 10:32:27,018 > CML3101-01-00 cleared
[INFO|CRAWLER.py] 2020-11-16 10:32:29,069 > CML3104-01-00 cleared
[INFO|CRAWLER.py] 2020-11-16 10:32:31,089 > 비교문학 탐색 완료
[INFO|CRAWLER.py] 2020-11-16 10:32:31,089 > 20191-연계전공-문화비평학 수집 시작
[INFO|CRAWLER.py] 2020-11-16 10:32:31,674 > 2 rows in 1-2 of 2
[INFO|CRAWLER.py] 2020-11-16 10:32:31,698 > 유의사항 기준 탐색 완료
[INFO|CRAWLER.py] 2020-11-16 10:32:32,213 > 2 rows in 1-2 of 2
[INFO|CRAWLER.py] 2020-11-16 10:32:34,295 > CUL3101-01-00 cleared
[INFO|CRAWLER.py] 2020-11-16 10:32:36,358 > CUL4101-01-00 cleared
[INFO|CRAWLER.py] 2020-11-16 10:32:38,379 > 문화비평학 탐색 완료
[INFO|CRAWLER.py] 2020-11-16 10:32:38,379 > 20191-연계전공-과학기술과 사회 수집 시작
[INFO|CRAWLER.py] 2020-11-16 10:32:38,965 > 2 rows in 1-2 of 2
[INFO|CRAWLER.py] 2020-11-16 10:32:38,990 > 유의사항 기준 탐색 완료
[INFO|CRAWLER.py] 2020-11-16 10:32:39,507 > 2 rows in 1-2 of 2
[INFO|CRAWLER.py] 2020-11-16 10:32:41,614 > STS3105-01-00 cleared
[INFO|CRAWLER.py] 2020-11-16 10:32:43,675 > STS4103-01-00 cleared
[INFO|CRAWLER.py] 2020-11-16 10:32:45,695 > 과학기술과 사회 탐색 완료
[INFO|CRAWLER.py] 2020-11-16 10:32:45,695 > 연계전공 수집 완료
[INFO|CRAWLER.py] 2020-11-16 10:32:45,695 > 20191-ROTC-군사학 수집 시작
[INFO|CRAWLER.py] 2020-11-16 10:32:46,299 > 2 rows in 1-2 of 2
[INFO|CRAWLER.py] 2020-11-16 10:32:46,326 > 유의사항 기준 탐색 완료
[INFO|CRAWLER.py] 2020-11-16 10:32:46,842 > 2 rows in 1-2 of 2
[INFO|CRAWLER.py] 2020-11-16 10:32:48,913 > 군사학 탐색 완료
[INFO|CRAWLER.py] 2020-11-16 10:32:48,913 > ROTC 수집 완료
[INFO|CRAWLER.py] 2020-11-16 10:32:48,913 > 20191-Study Abroad Course-Undergraduate 수집 시작
[INFO|CRAWLER.py] 2020-11-16 10:32:49,519 > 15 rows in 1-15 of 39
[INFO|CRAWLER.py] 2020-11-16 10:32:49,544 > 유의사항 기준 탐색 완료
[INFO|CRAWLER.py] 2020-11-16 10:32:50,062 > 15 rows in 1-15 of 39
[INFO|CRAWLER.py] 2020-11-16 10:32:52,138 > IEE1101-01-00 cleared
[INFO|CRAWLER.py] 2020-11-16 10:32:54,219 > IEE1124-01-00 cleared
[INFO|CRAWLER.py] 2020-11-16 10:32:56,356 > IEE1154-01-00 cleared
[INFO|CRAWLER.py] 2020-11-16 10:32:58,429 > IEE2021-01-00 cleared
[INFO|CRAWLER.py] 2020-11-16 10:33:00,503 > IEE2060-01-00 cleared
[INFO|CRAWLER.py] 2020-11-16 10:33:02,609 > IEE2084-01-00 cleared
[INFO|CRAWLER.py] 2020-11-16 10:33:04,673 > IEE3035-01-00 cleared
[INFO|CRAWLER.py] 2020-11-16 10:33:06,768 > IEE3103-01-00 cleared
[INFO|CRAWLER.py] 2020-11-16 10:33:08,841 > IEE3107-01-00 cleared
[INFO|CRAWLER.py] 2020-11-16 10:33:10,937 > IEE3108-01-00 cleared
[INFO|CRAWLER.py] 2020-11-16 10:33:13,012 > IEE3116-01-00 cleared
[INFO|CRAWLER.py] 2020-11-16 10:33:15,097 > IEE3121-01-00 cleared
[INFO|CRAWLER.py] 2020-11-16 10:33:17,197 > IEE3149-01-00 cleared
[INFO|CRAWLER.py] 2020-11-16 10:33:19,793 > 15 rows in 16-30 of 39
[INFO|CRAWLER.py] 2020-11-16 10:33:21,881 > IEE3300-01-00 cleared
[INFO|CRAWLER.py] 2020-11-16 10:33:23,953 > IEE3300-02-00 cleared
[INFO|CRAWLER.py] 2020-11-16 10:33:26,031 > IEE3315-01-00 cleared
[INFO|CRAWLER.py] 2020-11-16 10:33:28,112 > IEE3316-01-00 cleared
[INFO|CRAWLER.py] 2020-11-16 10:33:30,200 > IEE3317-01-00 cleared
[INFO|CRAWLER.py] 2020-11-16 10:33:32,270 > IEE3325-01-00 cleared
[INFO|CRAWLER.py] 2020-11-16 10:33:34,354 > IEE3326-01-00 cleared
[INFO|CRAWLER.py] 2020-11-16 10:33:36,450 > IEE3329-01-00 cleared
[INFO|CRAWLER.py] 2020-11-16 10:33:38,527 > IEE3339-01-00 cleared
[INFO|CRAWLER.py] 2020-11-16 10:33:40,604 > IEE3341-01-00 cleared
[INFO|CRAWLER.py] 2020-11-16 10:33:42,687 > IEE3341-02-00 cleared
[INFO|CRAWLER.py] 2020-11-16 10:33:44,765 > IEE3341-03-00 cleared
[INFO|CRAWLER.py] 2020-11-16 10:33:46,828 > IEE3341-04-00 cleared
[INFO|CRAWLER.py] 2020-11-16 10:33:48,906 > IEE3347-01-00 cleared
[INFO|CRAWLER.py] 2020-11-16 10:33:51,482 > 9 rows in 31-39 of 39
[INFO|CRAWLER.py] 2020-11-16 10:33:53,561 > IEE3349-01-00 cleared
[INFO|CRAWLER.py] 2020-11-16 10:33:55,628 > IEE3353-01-00 cleared
[INFO|CRAWLER.py] 2020-11-16 10:33:57,688 > IEE3359-01-00 cleared
[INFO|CRAWLER.py] 2020-11-16 10:33:59,768 > IEE3369-01-00 cleared
[INFO|CRAWLER.py] 2020-11-16 10:34:01,841 > IEE3579-01-00 cleared
[INFO|CRAWLER.py] 2020-11-16 10:34:03,921 > IEE3580-01-00 cleared
[INFO|CRAWLER.py] 2020-11-16 10:34:05,981 > IEE3581-01-00 cleared
[INFO|CRAWLER.py] 2020-11-16 10:34:08,056 > IEE3583-01-00 cleared
[INFO|CRAWLER.py] 2020-11-16 10:34:10,129 > IEE3159-01-00 cleared
[INFO|CRAWLER.py] 2020-11-16 10:34:12,172 > Undergraduate 탐색 완료
[INFO|CRAWLER.py] 2020-11-16 10:34:12,172 > 20191-Study Abroad Course-Graduate 수집 시작
[INFO|CRAWLER.py] 2020-11-16 10:34:12,806 > 15 rows in 1-15 of 127
[INFO|CRAWLER.py] 2020-11-16 10:34:12,832 > 유의사항 기준 탐색 완료
[INFO|CRAWLER.py] 2020-11-16 10:34:13,348 > 15 rows in 1-15 of 127
[INFO|CRAWLER.py] 2020-11-16 10:34:15,672 > COM6595-01-00 cleared
[INFO|CRAWLER.py] 2020-11-16 10:34:17,722 > CSE5810-01-00 cleared
[INFO|CRAWLER.py] 2020-11-16 10:34:19,776 > CSE5840-01-00 cleared
[INFO|CRAWLER.py] 2020-11-16 10:34:22,371 > 15 rows in 16-30 of 127
[INFO|CRAWLER.py] 2020-11-16 10:34:24,423 > CSI5100-01-00 cleared
[INFO|CRAWLER.py] 2020-11-16 10:34:26,476 > CSI6102-01-00 cleared
[INFO|CRAWLER.py] 2020-11-16 10:34:28,530 > CSI6104-01-00 cleared
[INFO|CRAWLER.py] 2020-11-16 10:34:30,627 > ECO6201-01-00 cleared
[INFO|CRAWLER.py] 2020-11-16 10:34:32,677 > ECO6331-01-00 cleared
[INFO|CRAWLER.py] 2020-11-16 10:34:34,733 > ECO6332-01-00 cleared
[INFO|CRAWLER.py] 2020-11-16 10:34:36,809 > ECO8102-01-00 cleared
[INFO|CRAWLER.py] 2020-11-16 10:34:39,487 > 15 rows in 31-45 of 127
[INFO|CRAWLER.py] 2020-11-16 10:34:41,536 > ELL6371-01-00 cleared
[INFO|CRAWLER.py] 2020-11-16 10:34:43,588 > ELL6412-01-00 cleared
[INFO|CRAWLER.py] 2020-11-16 10:34:45,640 > ELL6421-01-00 cleared
[INFO|CRAWLER.py] 2020-11-16 10:34:47,770 > ELL7410-01-00 cleared
[INFO|CRAWLER.py] 2020-11-16 10:34:49,821 > ELL7442-01-00 cleared
[INFO|CRAWLER.py] 2020-11-16 10:34:51,898 > ELL8248-01-00 cleared
[INFO|CRAWLER.py] 2020-11-16 10:34:53,953 > ELL8410-01-00 cleared
[INFO|CRAWLER.py] 2020-11-16 10:34:56,642 > 15 rows in 46-60 of 127
[INFO|CRAWLER.py] 2020-11-16 10:34:58,733 > ISA6030-01-00 cleared
[INFO|CRAWLER.py] 2020-11-16 10:35:00,787 > ISC6024-01-00 cleared
[INFO|CRAWLER.py] 2020-11-16 10:35:02,839 > ISC6038-01-00 cleared
[INFO|CRAWLER.py] 2020-11-16 10:35:04,888 > ISC6039-01-00 cleared
[INFO|CRAWLER.py] 2020-11-16 10:35:06,962 > ISC6114-01-00 cleared
[INFO|CRAWLER.py] 2020-11-16 10:35:09,034 > ISC6131-01-00 cleared
[INFO|CRAWLER.py] 2020-11-16 10:35:11,085 > ISC6135-01-00 cleared
[INFO|CRAWLER.py] 2020-11-16 10:35:13,139 > ISC6140-01-00 cleared
[INFO|CRAWLER.py] 2020-11-16 10:35:15,193 > ISC6143-01-00 cleared
[INFO|CRAWLER.py] 2020-11-16 10:35:17,249 > ISC6144-01-00 cleared
[INFO|CRAWLER.py] 2020-11-16 10:35:19,838 > 15 rows in 61-75 of 127
[INFO|CRAWLER.py] 2020-11-16 10:35:21,892 > ISC6158-01-00 cleared
[INFO|CRAWLER.py] 2020-11-16 10:35:23,945 > ISC6163-01-00 cleared
[INFO|CRAWLER.py] 2020-11-16 10:35:25,991 > ISC6172-01-00 cleared
[INFO|CRAWLER.py] 2020-11-16 10:35:28,037 > ISC6173-01-00 cleared
[INFO|CRAWLER.py] 2020-11-16 10:35:30,132 > ISF6034-01-00 cleared
[INFO|CRAWLER.py] 2020-11-16 10:35:32,182 > ISF6035-01-00 cleared
[INFO|CRAWLER.py] 2020-11-16 10:35:34,232 > ISF6037-01-00 cleared
[INFO|CRAWLER.py] 2020-11-16 10:35:36,291 > ISF6040-01-00 cleared
[INFO|CRAWLER.py] 2020-11-16 10:35:38,341 > ISF6043-01-00 cleared
[INFO|CRAWLER.py] 2020-11-16 10:35:40,386 > ISK6002-01-00 cleared
[INFO|CRAWLER.py] 2020-11-16 10:35:42,432 > ISK6006-01-00 cleared
[INFO|CRAWLER.py] 2020-11-16 10:35:44,478 > ISK6127-01-00 cleared
[INFO|CRAWLER.py] 2020-11-16 10:35:46,528 > ISK6131-01-00 cleared
[INFO|CRAWLER.py] 2020-11-16 10:35:49,091 > 15 rows in 76-90 of 127
[INFO|CRAWLER.py] 2020-11-16 10:35:51,206 > KOR9115-01-00 cleared
[INFO|CRAWLER.py] 2020-11-16 10:35:53,280 > KOS7711-01-00 cleared
[INFO|CRAWLER.py] 2020-11-16 10:35:55,326 > KOS7779-01-00 cleared
[INFO|CRAWLER.py] 2020-11-16 10:35:57,440 > KUS8088-01-00 cleared
[INFO|CRAWLER.py] 2020-11-16 10:36:00,114 > 15 rows in 91-105 of 127
[INFO|CRAWLER.py] 2020-11-16 10:36:02,243 > MAT7490-01-00 cleared
[INFO|CRAWLER.py] 2020-11-16 10:36:04,417 > MEU5005-01-00 cleared
[INFO|CRAWLER.py] 2020-11-16 10:36:06,543 > PHI8017-01-00 cleared
[INFO|CRAWLER.py] 2020-11-16 10:36:09,127 > 15 rows in 106-120 of 127
[INFO|CRAWLER.py] 2020-11-16 10:36:11,288 > POL6169-01-00 cleared
[INFO|CRAWLER.py] 2020-11-16 10:36:13,340 > POL6171-01-00 cleared
[INFO|CRAWLER.py] 2020-11-16 10:36:16,072 > 7 rows in 121-127 of 127
[INFO|CRAWLER.py] 2020-11-16 10:36:18,149 > YJD6604-01-00 cleared
[INFO|CRAWLER.py] 2020-11-16 10:36:20,199 > YJD7113-01-00 cleared
[INFO|CRAWLER.py] 2020-11-16 10:36:22,331 > Graduate 탐색 완료
[INFO|CRAWLER.py] 2020-11-16 10:36:22,331 > 20191-Study Abroad Course-Korean Language 수집 시작
[INFO|CRAWLER.py] 2020-11-16 10:36:22,960 > 7 rows in 1-7 of 7
[INFO|CRAWLER.py] 2020-11-16 10:36:22,989 > 유의사항 기준 탐색 완료
[INFO|CRAWLER.py] 2020-11-16 10:36:23,505 > 7 rows in 1-7 of 7
[INFO|CRAWLER.py] 2020-11-16 10:36:25,558 > KLI1001-01-00 cleared
[INFO|CRAWLER.py] 2020-11-16 10:36:27,655 > KLI1001-02-00 cleared
[INFO|CRAWLER.py] 2020-11-16 10:36:29,738 > KLI1002-01-00 cleared
[INFO|CRAWLER.py] 2020-11-16 10:36:31,813 > KLI1003-01-00 cleared
[INFO|CRAWLER.py] 2020-11-16 10:36:33,883 > KLI1004-01-00 cleared
[INFO|CRAWLER.py] 2020-11-16 10:36:35,943 > KLI1005-01-00 cleared
[INFO|CRAWLER.py] 2020-11-16 10:36:38,000 > KLI1006-01-00 cleared
[INFO|CRAWLER.py] 2020-11-16 10:36:40,021 > Korean Language 탐색 완료
[INFO|CRAWLER.py] 2020-11-16 10:36:40,021 > Study Abroad Course 수집 완료
[INFO|CRAWLER.py] 2020-11-16 10:36:40,022 > 20191-교직과정-교직과정 수집 시작
[INFO|CRAWLER.py] 2020-11-16 10:36:40,628 > 15 rows in 1-15 of 31
[INFO|CRAWLER.py] 2020-11-16 10:36:40,656 > 유의사항 기준 탐색 완료
[INFO|CRAWLER.py] 2020-11-16 10:36:41,172 > 15 rows in 1-15 of 31
[INFO|CRAWLER.py] 2020-11-16 10:36:41,207 > TTP2008-01-00: 중복된 강의 객체. caution 수집 완료
[INFO|CRAWLER.py] 2020-11-16 10:36:43,260 > TTP2008-02-00 cleared
[INFO|CRAWLER.py] 2020-11-16 10:36:43,296 > TTP2009-01-00: 중복된 강의 객체. caution 수집 완료
[INFO|CRAWLER.py] 2020-11-16 10:36:45,344 > TTP2009-02-00 cleared
[INFO|CRAWLER.py] 2020-11-16 10:36:47,423 > TTP2001-01-00 cleared
[INFO|CRAWLER.py] 2020-11-16 10:36:49,499 > TTP2001-02-00 cleared
[INFO|CRAWLER.py] 2020-11-16 10:36:51,571 > TTP2002-01-00 cleared
[INFO|CRAWLER.py] 2020-11-16 10:36:53,643 > TTP2002-02-00 cleared
[INFO|CRAWLER.py] 2020-11-16 10:36:55,706 > TTP2004-01-00 cleared
[INFO|CRAWLER.py] 2020-11-16 10:36:57,763 > TTP2004-02-00 cleared
[INFO|CRAWLER.py] 2020-11-16 10:36:59,826 > TTP2005-01-00 cleared
[INFO|CRAWLER.py] 2020-11-16 10:37:01,906 > TTP2005-02-00 cleared
[INFO|CRAWLER.py] 2020-11-16 10:37:04,001 > TTP2006-01-00 cleared
[INFO|CRAWLER.py] 2020-11-16 10:37:06,100 > TTP2006-02-00 cleared
[INFO|CRAWLER.py] 2020-11-16 10:37:08,190 > TTP2007-01-00 cleared
[INFO|CRAWLER.py] 2020-11-16 10:37:10,774 > 15 rows in 16-30 of 31
[INFO|CRAWLER.py] 2020-11-16 10:37:12,838 > TTP2007-02-00 cleared
[INFO|CRAWLER.py] 2020-11-16 10:37:14,901 > TTP2010-01-00 cleared
[INFO|CRAWLER.py] 2020-11-16 10:37:16,974 > TTP2011-01-00 cleared
[INFO|CRAWLER.py] 2020-11-16 10:37:19,038 > TTP2012-01-00 cleared
[INFO|CRAWLER.py] 2020-11-16 10:37:21,113 > TTP2012-02-00 cleared
[INFO|CRAWLER.py] 2020-11-16 10:37:23,194 > TTP2013-01-00 cleared
[INFO|CRAWLER.py] 2020-11-16 10:37:25,266 > TTP4001-03-00 cleared
[INFO|CRAWLER.py] 2020-11-16 10:37:27,315 > TTP4002-01-00 cleared
[INFO|CRAWLER.py] 2020-11-16 10:37:29,371 > TTP4003-01-00 cleared
[INFO|CRAWLER.py] 2020-11-16 10:37:31,420 > TTP4004-01-00 cleared
[INFO|CRAWLER.py] 2020-11-16 10:37:33,468 > TTP4005-01-00 cleared
[INFO|CRAWLER.py] 2020-11-16 10:37:35,565 > TTP4008-01-00 cleared
[INFO|CRAWLER.py] 2020-11-16 10:37:37,637 > TTP4008-02-00 cleared
[INFO|CRAWLER.py] 2020-11-16 10:37:39,704 > TTP4100-01-00 cleared
[INFO|CRAWLER.py] 2020-11-16 10:37:42,244 > 1 rows in 31-31 of 31
[INFO|CRAWLER.py] 2020-11-16 10:37:44,322 > TTP4100-02-00 cleared
[INFO|CRAWLER.py] 2020-11-16 10:37:46,363 > 교직과정 탐색 완료
[INFO|CRAWLER.py] 2020-11-16 10:37:46,363 > 교직과정 수집 완료
[INFO|CRAWLER.py] 2020-11-16 10:37:46,363 > 20191-국내교환대학-이화여자대학교 수집 시작
[INFO|CRAWLER.py] 2020-11-16 10:37:47,002 > 0 rows in 1-0 of 0
[INFO|CRAWLER.py] 2020-11-16 10:37:57,522 > No caution link in 0th row
[INFO|CRAWLER.py] 2020-11-16 10:37:58,034 > 0 rows in 1-0 of 0
[INFO|CRAWLER.py] 2020-11-16 10:37:58,034 > No caution in pages
[INFO|CRAWLER.py] 2020-11-16 10:37:58,552 > 0 rows in 1-0 of 0
[INFO|CRAWLER.py] 2020-11-16 10:38:00,577 > 이화여자대학교 탐색 완료
[INFO|CRAWLER.py] 2020-11-16 10:38:00,577 > 20191-국내교환대학-서강대학교 수집 시작
[INFO|CRAWLER.py] 2020-11-16 10:38:01,196 > 0 rows in 1-0 of 0
[INFO|CRAWLER.py] 2020-11-16 10:38:11,748 > No caution link in 0th row
[INFO|CRAWLER.py] 2020-11-16 10:38:12,255 > 0 rows in 1-0 of 0
[INFO|CRAWLER.py] 2020-11-16 10:38:12,255 > No caution in pages
[INFO|CRAWLER.py] 2020-11-16 10:38:12,772 > 0 rows in 1-0 of 0
[INFO|CRAWLER.py] 2020-11-16 10:38:14,792 > 서강대학교 탐색 완료
[INFO|CRAWLER.py] 2020-11-16 10:38:14,792 > 20191-국내교환대학-고려대학교 수집 시작
[INFO|CRAWLER.py] 2020-11-16 10:38:15,377 > 0 rows in 1-0 of 0
[INFO|CRAWLER.py] 2020-11-16 10:38:25,930 > No caution link in 0th row
[INFO|CRAWLER.py] 2020-11-16 10:38:26,437 > 0 rows in 1-0 of 0
[INFO|CRAWLER.py] 2020-11-16 10:38:26,437 > No caution in pages
[INFO|CRAWLER.py] 2020-11-16 10:38:26,953 > 0 rows in 1-0 of 0
[INFO|CRAWLER.py] 2020-11-16 10:38:28,973 > 고려대학교 탐색 완료
[INFO|CRAWLER.py] 2020-11-16 10:38:28,974 > 국내교환대학 수집 완료
[INFO|CRAWLER.py] 2020-11-16 10:38:28,974 > 20191-공통-창업,현장실습 수집 시작
[INFO|CRAWLER.py] 2020-11-16 10:38:29,579 > 0 rows in 1-0 of 0
[INFO|CRAWLER.py] 2020-11-16 10:38:40,117 > No caution link in 0th row
[INFO|CRAWLER.py] 2020-11-16 10:38:40,624 > 0 rows in 1-0 of 0
[INFO|CRAWLER.py] 2020-11-16 10:38:40,624 > No caution in pages
[INFO|CRAWLER.py] 2020-11-16 10:38:41,140 > 0 rows in 1-0 of 0
[INFO|CRAWLER.py] 2020-11-16 10:38:43,161 > 창업,현장실습 탐색 완료
[INFO|CRAWLER.py] 2020-11-16 10:38:43,161 > 공통 수집 완료
[INFO|CRAWLER.py] 2020-11-16 10:38:43,161 > 20191-공통기초(10~18학번)-채플 수집 시작
[INFO|CRAWLER.py] 2020-11-16 10:38:43,762 > 12 rows in 1-12 of 12
[INFO|CRAWLER.py] 2020-11-16 10:38:43,789 > 유의사항 기준 탐색 완료
[INFO|CRAWLER.py] 2020-11-16 10:38:44,305 > 12 rows in 1-12 of 12
[INFO|CRAWLER.py] 2020-11-16 10:38:46,379 > YCA1003-01-00 cleared
[INFO|CRAWLER.py] 2020-11-16 10:38:48,473 > YCA1003-02-00 cleared
[INFO|CRAWLER.py] 2020-11-16 10:38:50,587 > YCA1003-03-00 cleared
[INFO|CRAWLER.py] 2020-11-16 10:38:52,699 > YCA1003-04-00 cleared
[INFO|CRAWLER.py] 2020-11-16 10:38:52,749 > YCA1003-05-00: 중복된 강의 객체. caution 수집 완료
[INFO|CRAWLER.py] 2020-11-16 10:38:55,098 > YCA1007-01-00 cleared
[INFO|CRAWLER.py] 2020-11-16 10:38:57,532 > YCA1007-02-00 cleared
[INFO|CRAWLER.py] 2020-11-16 10:38:59,886 > YCA1007-03-00 cleared
[INFO|CRAWLER.py] 2020-11-16 10:39:02,543 > YCA1007-04-00 cleared
[INFO|CRAWLER.py] 2020-11-16 10:39:02,648 > YCA1007-05-00: 중복된 강의 객체. caution 수집 완료
[INFO|CRAWLER.py] 2020-11-16 10:39:04,709 > YCA1009-01-00 cleared
[INFO|CRAWLER.py] 2020-11-16 10:39:06,731 > 채플 탐색 완료
[INFO|CRAWLER.py] 2020-11-16 10:39:06,732 > 20191-공통기초(10~18학번)-기독교의이해 수집 시작
[INFO|CRAWLER.py] 2020-11-16 10:39:07,323 > 3 rows in 1-3 of 3
[INFO|CRAWLER.py] 2020-11-16 10:39:07,349 > 유의사항 기준 탐색 완료
[INFO|CRAWLER.py] 2020-11-16 10:39:07,865 > 3 rows in 1-3 of 3
[INFO|CRAWLER.py] 2020-11-16 10:39:09,952 > YCA1101-12-00 cleared
[INFO|CRAWLER.py] 2020-11-16 10:39:12,047 > YCA1102-13-00 cleared
[INFO|CRAWLER.py] 2020-11-16 10:39:14,119 > YCA1103-05-00 cleared
[INFO|CRAWLER.py] 2020-11-16 10:39:16,144 > 기독교의이해 탐색 완료
[INFO|CRAWLER.py] 2020-11-16 10:39:16,144 > 20191-공통기초(10~18학번)-대학영어 수집 시작
[INFO|CRAWLER.py] 2020-11-16 10:39:16,762 > 15 rows in 1-15 of 18
[INFO|CRAWLER.py] 2020-11-16 10:39:16,791 > 유의사항 기준 탐색 완료
[INFO|CRAWLER.py] 2020-11-16 10:39:17,307 > 15 rows in 1-15 of 18
[INFO|CRAWLER.py] 2020-11-16 10:39:19,363 > YCC1001-16-00 cleared
[INFO|CRAWLER.py] 2020-11-16 10:39:21,420 > YCC1001-17-00 cleared
[INFO|CRAWLER.py] 2020-11-16 10:39:23,476 > YCC1001-18-00 cleared
[INFO|CRAWLER.py] 2020-11-16 10:39:25,530 > YCC1001-19-00 cleared
[INFO|CRAWLER.py] 2020-11-16 10:39:27,583 > YCC1001-20-00 cleared
[INFO|CRAWLER.py] 2020-11-16 10:39:29,639 > YCC1001-21-00 cleared
[INFO|CRAWLER.py] 2020-11-16 10:39:31,753 > YCC1002-03-00 cleared
[INFO|CRAWLER.py] 2020-11-16 10:39:33,817 > YCC1002-04-00 cleared
[INFO|CRAWLER.py] 2020-11-16 10:39:35,878 > YCC1101-44-00 cleared
[INFO|CRAWLER.py] 2020-11-16 10:39:37,942 > YCC1101-45-00 cleared
[INFO|CRAWLER.py] 2020-11-16 10:39:40,005 > YCC1101-46-00 cleared
[INFO|CRAWLER.py] 2020-11-16 10:39:42,076 > YCC1102-44-00 cleared
[INFO|CRAWLER.py] 2020-11-16 10:39:44,141 > YCC1102-45-00 cleared
[INFO|CRAWLER.py] 2020-11-16 10:39:46,693 > 3 rows in 16-18 of 18
[INFO|CRAWLER.py] 2020-11-16 10:39:48,791 > YCC1102-46-00 cleared
[INFO|CRAWLER.py] 2020-11-16 10:39:50,844 > YCC1201-14-00 cleared
[INFO|CRAWLER.py] 2020-11-16 10:39:52,901 > YCC1202-14-00 cleared
[INFO|CRAWLER.py] 2020-11-16 10:39:54,930 > 대학영어 탐색 완료
[INFO|CRAWLER.py] 2020-11-16 10:39:54,931 > 20191-공통기초(10~18학번)-글쓰기 수집 시작
[INFO|CRAWLER.py] 2020-11-16 10:39:55,549 > 6 rows in 1-6 of 6
[INFO|CRAWLER.py] 2020-11-16 10:39:55,577 > 유의사항 기준 탐색 완료
[INFO|CRAWLER.py] 2020-11-16 10:39:56,094 > 6 rows in 1-6 of 6
[INFO|CRAWLER.py] 2020-11-16 10:39:58,162 > YCB1101-58-00 cleared
[INFO|CRAWLER.py] 2020-11-16 10:40:00,235 > YCB1101-59-00 cleared
[INFO|CRAWLER.py] 2020-11-16 10:40:02,301 > YCB1101-60-00 cleared
[INFO|CRAWLER.py] 2020-11-16 10:40:04,371 > YCB1101-61-00 cleared
[INFO|CRAWLER.py] 2020-11-16 10:40:06,432 > YCB1101-62-00 cleared
[INFO|CRAWLER.py] 2020-11-16 10:40:08,502 > YCB1101-63-00 cleared
[INFO|CRAWLER.py] 2020-11-16 10:40:10,523 > 글쓰기 탐색 완료
[INFO|CRAWLER.py] 2020-11-16 10:40:10,523 > 공통기초(10~18학번) 수집 완료
[INFO|CRAWLER.py] 2020-11-16 10:40:10,523 > 20191-필수교양(10~18학번)-문학과예술 수집 시작
[INFO|CRAWLER.py] 2020-11-16 10:40:11,131 > 12 rows in 1-12 of 12
[INFO|CRAWLER.py] 2020-11-16 10:40:11,154 > 유의사항 기준 탐색 완료
[INFO|CRAWLER.py] 2020-11-16 10:40:11,670 > 12 rows in 1-12 of 12
[INFO|CRAWLER.py] 2020-11-16 10:40:13,755 > UCB1107-01-00 cleared
[INFO|CRAWLER.py] 2020-11-16 10:40:15,828 > UCB1110-01-00 cleared
[INFO|CRAWLER.py] 2020-11-16 10:40:18,036 > UCE1105-01-00 cleared
[INFO|CRAWLER.py] 2020-11-16 10:40:20,239 > UCE1105-02-00 cleared
[INFO|CRAWLER.py] 2020-11-16 10:40:22,380 > UCE1107-01-00 cleared
[INFO|CRAWLER.py] 2020-11-16 10:40:24,474 > UCE1108-01-00 cleared
[INFO|CRAWLER.py] 2020-11-16 10:40:26,603 > YCD1001-01-00 cleared
[INFO|CRAWLER.py] 2020-11-16 10:40:28,701 > YCD1101-01-00 cleared
[INFO|CRAWLER.py] 2020-11-16 10:40:30,803 > YCD1201-01-00 cleared
[INFO|CRAWLER.py] 2020-11-16 10:40:32,907 > YCD1601-01-00 cleared
[INFO|CRAWLER.py] 2020-11-16 10:40:35,089 > YCD1602-01-00 cleared
[INFO|CRAWLER.py] 2020-11-16 10:40:37,232 > YCD1652-01-00 cleared
[INFO|CRAWLER.py] 2020-11-16 10:40:39,259 > 문학과예술 탐색 완료
[INFO|CRAWLER.py] 2020-11-16 10:40:39,259 > 20191-필수교양(10~18학번)-인간과역사 수집 시작
[INFO|CRAWLER.py] 2020-11-16 10:40:39,889 > 15 rows in 1-15 of 16
[INFO|CRAWLER.py] 2020-11-16 10:40:39,916 > 유의사항 기준 탐색 완료
[INFO|CRAWLER.py] 2020-11-16 10:40:40,433 > 15 rows in 1-15 of 16
[INFO|CRAWLER.py] 2020-11-16 10:40:40,471 > ANT1001-02-00: 중복된 강의 객체. caution 수집 완료
[INFO|CRAWLER.py] 2020-11-16 10:40:42,621 > UCB1101-01-00 cleared
[INFO|CRAWLER.py] 2020-11-16 10:40:44,763 > UCB1103-01-00 cleared
[INFO|CRAWLER.py] 2020-11-16 10:40:46,892 > UCB1105-01-00 cleared
[INFO|CRAWLER.py] 2020-11-16 10:40:49,032 > UCD1102-01-00 cleared
[INFO|CRAWLER.py] 2020-11-16 10:40:51,189 > UCD1102-02-00 cleared
[INFO|CRAWLER.py] 2020-11-16 10:40:53,301 > UCD1107-01-00 cleared
[INFO|CRAWLER.py] 2020-11-16 10:40:55,446 > UCE1102-01-00 cleared
[INFO|CRAWLER.py] 2020-11-16 10:40:57,529 > YCE1101-01-00 cleared
[INFO|CRAWLER.py] 2020-11-16 10:40:59,638 > YCE1251-01-00 cleared
[INFO|CRAWLER.py] 2020-11-16 10:41:01,735 > YCE1254-01-00 cleared
[INFO|CRAWLER.py] 2020-11-16 10:41:03,977 > YCE1255-01-00 cleared
[INFO|CRAWLER.py] 2020-11-16 10:41:06,168 > YCE1601-01-00 cleared
[INFO|CRAWLER.py] 2020-11-16 10:41:08,305 > YCE1604-01-00 cleared
[INFO|CRAWLER.py] 2020-11-16 10:41:10,549 > YCE1605-01-00 cleared
[INFO|CRAWLER.py] 2020-11-16 10:41:13,097 > 1 rows in 16-16 of 16
[INFO|CRAWLER.py] 2020-11-16 10:41:15,247 > YCE1607-01-00 cleared
[INFO|CRAWLER.py] 2020-11-16 10:41:17,274 > 인간과역사 탐색 완료
[INFO|CRAWLER.py] 2020-11-16 10:41:17,274 > 20191-필수교양(10~18학번)-언어와표현 수집 시작
[INFO|CRAWLER.py] 2020-11-16 10:41:17,878 > 15 rows in 1-15 of 48
[INFO|CRAWLER.py] 2020-11-16 10:41:17,911 > 유의사항 기준 탐색 완료
[INFO|CRAWLER.py] 2020-11-16 10:41:18,429 > 15 rows in 1-15 of 48
[INFO|CRAWLER.py] 2020-11-16 10:41:20,510 > YCF1201-01-00 cleared
[INFO|CRAWLER.py] 2020-11-16 10:41:22,581 > YCF1201-02-00 cleared
[INFO|CRAWLER.py] 2020-11-16 10:41:24,658 > YCF1201-03-00 cleared
[INFO|CRAWLER.py] 2020-11-16 10:41:26,721 > YCF1201-04-00 cleared
[INFO|CRAWLER.py] 2020-11-16 10:41:28,793 > YCF1201-05-00 cleared
[INFO|CRAWLER.py] 2020-11-16 10:41:30,890 > YCF1201-06-00 cleared
[INFO|CRAWLER.py] 2020-11-16 10:41:32,981 > YCF1202-01-00 cleared
[INFO|CRAWLER.py] 2020-11-16 10:41:35,050 > YCF1202-02-00 cleared
[INFO|CRAWLER.py] 2020-11-16 10:41:37,105 > YCF1203-01-00 cleared
[INFO|CRAWLER.py] 2020-11-16 10:41:39,177 > YCF1301-01-00 cleared
[INFO|CRAWLER.py] 2020-11-16 10:41:41,252 > YCF1301-02-00 cleared
[INFO|CRAWLER.py] 2020-11-16 10:41:43,326 > YCF1301-03-00 cleared
[INFO|CRAWLER.py] 2020-11-16 10:41:45,391 > YCF1301-04-00 cleared
[INFO|CRAWLER.py] 2020-11-16 10:41:47,466 > YCF1302-01-00 cleared
[INFO|CRAWLER.py] 2020-11-16 10:41:49,539 > YCF1302-02-00 cleared
[INFO|CRAWLER.py] 2020-11-16 10:41:52,127 > 15 rows in 16-30 of 48
[INFO|CRAWLER.py] 2020-11-16 10:41:54,195 > YCF1302-03-00 cleared
[INFO|CRAWLER.py] 2020-11-16 10:41:56,256 > YCF1303-01-00 cleared
[INFO|CRAWLER.py] 2020-11-16 10:41:58,403 > YCF1351-01-00 cleared
[INFO|CRAWLER.py] 2020-11-16 10:42:00,510 > YCF1351-02-00 cleared
[INFO|CRAWLER.py] 2020-11-16 10:42:02,605 > YCF1351-03-00 cleared
[INFO|CRAWLER.py] 2020-11-16 10:42:04,671 > YCF1352-01-00 cleared
[INFO|CRAWLER.py] 2020-11-16 10:42:06,747 > YCF1352-02-00 cleared
[INFO|CRAWLER.py] 2020-11-16 10:42:08,824 > YCF1402-01-00 cleared
[INFO|CRAWLER.py] 2020-11-16 10:42:10,880 > YCF1403-01-00 cleared
[INFO|CRAWLER.py] 2020-11-16 10:42:12,937 > YCF1404-01-00 cleared
[INFO|CRAWLER.py] 2020-11-16 10:42:15,005 > YCF1405-01-00 cleared
[INFO|CRAWLER.py] 2020-11-16 10:42:17,098 > YCF1451-01-00 cleared
[INFO|CRAWLER.py] 2020-11-16 10:42:19,167 > YCF1451-02-00 cleared
[INFO|CRAWLER.py] 2020-11-16 10:42:21,222 > YCF1452-01-00 cleared
[INFO|CRAWLER.py] 2020-11-16 10:42:23,284 > YCF1453-01-00 cleared
[INFO|CRAWLER.py] 2020-11-16 10:42:25,849 > 15 rows in 31-45 of 48
[INFO|CRAWLER.py] 2020-11-16 10:42:27,924 > YCF1501-01-00 cleared
[INFO|CRAWLER.py] 2020-11-16 10:42:29,996 > YCF1501-02-00 cleared
[INFO|CRAWLER.py] 2020-11-16 10:42:32,064 > YCF1502-01-00 cleared
[INFO|CRAWLER.py] 2020-11-16 10:42:34,118 > YCF1502-02-00 cleared
[INFO|CRAWLER.py] 2020-11-16 10:42:36,185 > YCF1503-01-00 cleared
[INFO|CRAWLER.py] 2020-11-16 10:42:38,253 > YCF1551-01-00 cleared
[INFO|CRAWLER.py] 2020-11-16 10:42:40,313 > YCF1551-02-00 cleared
[INFO|CRAWLER.py] 2020-11-16 10:42:42,390 > YCF1551-03-00 cleared
[INFO|CRAWLER.py] 2020-11-16 10:42:44,451 > YCF1552-01-00 cleared
[INFO|CRAWLER.py] 2020-11-16 10:42:46,524 > YCF1601-01-00 cleared
[INFO|CRAWLER.py] 2020-11-16 10:42:48,616 > YCF1603-01-00 cleared
[INFO|CRAWLER.py] 2020-11-16 10:42:50,720 > YCF1603-02-00 cleared
[INFO|CRAWLER.py] 2020-11-16 10:42:52,793 > YCF1604-01-00 cleared
[INFO|CRAWLER.py] 2020-11-16 10:42:54,877 > YCF1605-01-00 cleared
[INFO|CRAWLER.py] 2020-11-16 10:42:56,955 > YCF1607-01-00 cleared
[INFO|CRAWLER.py] 2020-11-16 10:42:59,522 > 3 rows in 46-48 of 48
[INFO|CRAWLER.py] 2020-11-16 10:43:01,629 > YCF1652-01-00 cleared
[INFO|CRAWLER.py] 2020-11-16 10:43:03,738 > YCF1652-02-00 cleared
[INFO|CRAWLER.py] 2020-11-16 10:43:05,841 > YCF1753-01-00 cleared
[INFO|CRAWLER.py] 2020-11-16 10:43:07,887 > 언어와표현 탐색 완료
[INFO|CRAWLER.py] 2020-11-16 10:43:07,887 > 20191-필수교양(10~18학번)-가치와윤리 수집 시작
[INFO|CRAWLER.py] 2020-11-16 10:43:08,517 > 15 rows in 1-15 of 17
[INFO|CRAWLER.py] 2020-11-16 10:43:08,543 > 유의사항 기준 탐색 완료
[INFO|CRAWLER.py] 2020-11-16 10:43:09,059 > 15 rows in 1-15 of 17
[INFO|CRAWLER.py] 2020-11-16 10:43:09,102 > PHI1002-01-00: 중복된 강의 객체. caution 수집 완료
[INFO|CRAWLER.py] 2020-11-16 10:43:11,303 > UCB1104-01-00 cleared
[INFO|CRAWLER.py] 2020-11-16 10:43:13,363 > YCG1002-01-01 cleared
[INFO|CRAWLER.py] 2020-11-16 10:43:15,424 > YCG1002-01-02 cleared
[INFO|CRAWLER.py] 2020-11-16 10:43:17,492 > YCG1002-01-03 cleared
[INFO|CRAWLER.py] 2020-11-16 10:43:19,554 > YCG1002-01-04 cleared
[INFO|CRAWLER.py] 2020-11-16 10:43:21,611 > YCG1002-01-05 cleared
[INFO|CRAWLER.py] 2020-11-16 10:43:23,667 > YCG1002-01-06 cleared
[INFO|CRAWLER.py] 2020-11-16 10:43:25,726 > YCG1002-01-07 cleared
[INFO|CRAWLER.py] 2020-11-16 10:43:27,784 > YCG1002-01-08 cleared
[INFO|CRAWLER.py] 2020-11-16 10:43:29,841 > YCG1002-01-09 cleared
[INFO|CRAWLER.py] 2020-11-16 10:43:31,904 > YCG1002-01-10 cleared
[INFO|CRAWLER.py] 2020-11-16 10:43:34,008 > YCG1702-01-00 cleared
[INFO|CRAWLER.py] 2020-11-16 10:43:36,187 > YCG1802-01-00 cleared
[INFO|CRAWLER.py] 2020-11-16 10:43:38,285 > YCG1999-01-00 cleared
[INFO|CRAWLER.py] 2020-11-16 10:43:40,834 > 2 rows in 16-17 of 17
[INFO|CRAWLER.py] 2020-11-16 10:43:42,958 > YCG1999-02-00 cleared
[INFO|CRAWLER.py] 2020-11-16 10:43:45,038 > YCG1999-03-00 cleared
[INFO|CRAWLER.py] 2020-11-16 10:43:47,080 > 가치와윤리 탐색 완료
[INFO|CRAWLER.py] 2020-11-16 10:43:47,080 > 20191-필수교양(10~18학번)-국가와사회공동체 수집 시작
[INFO|CRAWLER.py] 2020-11-16 10:43:47,710 > 10 rows in 1-10 of 10
[INFO|CRAWLER.py] 2020-11-16 10:43:47,740 > 유의사항 기준 탐색 완료
[INFO|CRAWLER.py] 2020-11-16 10:43:48,259 > 10 rows in 1-10 of 10
[INFO|CRAWLER.py] 2020-11-16 10:43:48,299 > EDU2002-01-00: 중복된 강의 객체. caution 수집 완료
[INFO|CRAWLER.py] 2020-11-16 10:43:48,342 > SOC1002-02-00: 중복된 강의 객체. caution 수집 완료
[INFO|CRAWLER.py] 2020-11-16 10:43:48,384 > SOC1002-03-00: 중복된 강의 객체. caution 수집 완료
[INFO|CRAWLER.py] 2020-11-16 10:43:50,576 > UCD1101-01-00 cleared
[INFO|CRAWLER.py] 2020-11-16 10:43:52,685 > UCD1105-01-00 cleared
[INFO|CRAWLER.py] 2020-11-16 10:43:54,869 > YCH1302-01-00 cleared
[INFO|CRAWLER.py] 2020-11-16 10:43:56,966 > YCH1303-01-00 cleared
[INFO|CRAWLER.py] 2020-11-16 10:43:59,222 > YCH1601-01-00 cleared
[INFO|CRAWLER.py] 2020-11-16 10:44:01,361 > YCH1602-01-00 cleared
[INFO|CRAWLER.py] 2020-11-16 10:44:03,508 > YCH1606-01-00 cleared
[INFO|CRAWLER.py] 2020-11-16 10:44:05,529 > 국가와사회공동체 탐색 완료
[INFO|CRAWLER.py] 2020-11-16 10:44:05,529 > 20191-필수교양(10~18학번)-지역사회와세계 수집 시작
[INFO|CRAWLER.py] 2020-11-16 10:44:06,119 > 14 rows in 1-14 of 14
[INFO|CRAWLER.py] 2020-11-16 10:44:06,145 > 유의사항 기준 탐색 완료
[INFO|CRAWLER.py] 2020-11-16 10:44:06,661 > 14 rows in 1-14 of 14
[INFO|CRAWLER.py] 2020-11-16 10:44:06,699 > ANT2106-01-00: 중복된 강의 객체. caution 수집 완료
[INFO|CRAWLER.py] 2020-11-16 10:44:08,822 > ECO1001-01-00 cleared
[INFO|CRAWLER.py] 2020-11-16 10:44:10,884 > ECO1001-02-00 cleared
[INFO|CRAWLER.py] 2020-11-16 10:44:12,980 > ECO1001-03-00 cleared
[INFO|CRAWLER.py] 2020-11-16 10:44:15,078 > ECO1001-04-00 cleared
[INFO|CRAWLER.py] 2020-11-16 10:44:17,165 > ECO1002-01-00 cleared
[INFO|CRAWLER.py] 2020-11-16 10:44:19,324 > UCD1103-01-00 cleared
[INFO|CRAWLER.py] 2020-11-16 10:44:21,437 > UCD1106-01-00 cleared
[INFO|CRAWLER.py] 2020-11-16 10:44:23,561 > UCF1101-01-00 cleared
[INFO|CRAWLER.py] 2020-11-16 10:44:25,664 > YCI1001-01-00 cleared
[INFO|CRAWLER.py] 2020-11-16 10:44:27,798 > YCI1002-01-00 cleared
[INFO|CRAWLER.py] 2020-11-16 10:44:29,917 > YCI1701-01-00 cleared
[INFO|CRAWLER.py] 2020-11-16 10:44:32,034 > YCI1851-01-00 cleared
[INFO|CRAWLER.py] 2020-11-16 10:44:34,302 > YCI1853-01-00 cleared
[INFO|CRAWLER.py] 2020-11-16 10:44:36,323 > 지역사회와세계 탐색 완료
[INFO|CRAWLER.py] 2020-11-16 10:44:36,324 > 20191-필수교양(10~18학번)-논리와수리 수집 시작
[INFO|CRAWLER.py] 2020-11-16 10:44:36,922 > 15 rows in 1-15 of 32
[INFO|CRAWLER.py] 2020-11-16 10:44:36,951 > 유의사항 기준 탐색 완료
[INFO|CRAWLER.py] 2020-11-16 10:44:37,467 > 15 rows in 1-15 of 32
[INFO|CRAWLER.py] 2020-11-16 10:44:37,518 > BIZ1101-01-00: 중복된 강의 객체. caution 수집 완료
[INFO|CRAWLER.py] 2020-11-16 10:44:37,557 > BIZ1101-02-00: 중복된 강의 객체. caution 수집 완료
[INFO|CRAWLER.py] 2020-11-16 10:44:37,598 > BIZ1101-03-00: 중복된 강의 객체. caution 수집 완료
[INFO|CRAWLER.py] 2020-11-16 10:44:37,662 > BIZ1101-05-00: 중복된 강의 객체. caution 수집 완료
[INFO|CRAWLER.py] 2020-11-16 10:44:39,756 > MAT1001-01-01 cleared
[INFO|CRAWLER.py] 2020-11-16 10:44:41,814 > MAT1001-01-02 cleared
[INFO|CRAWLER.py] 2020-11-16 10:44:43,882 > MAT1002-01-01 cleared
[INFO|CRAWLER.py] 2020-11-16 10:44:45,940 > MAT1002-01-02 cleared
[INFO|CRAWLER.py] 2020-11-16 10:44:48,018 > MAT1011-01-01 cleared
[INFO|CRAWLER.py] 2020-11-16 10:44:50,089 > MAT1011-01-02 cleared
[INFO|CRAWLER.py] 2020-11-16 10:44:52,171 > MAT1012-01-01 cleared
[INFO|CRAWLER.py] 2020-11-16 10:44:54,247 > MAT1012-01-02 cleared
[INFO|CRAWLER.py] 2020-11-16 10:44:56,346 > STA1001-01-01 cleared
[INFO|CRAWLER.py] 2020-11-16 10:44:58,936 > 15 rows in 16-30 of 32
[INFO|CRAWLER.py] 2020-11-16 10:45:01,027 > STA1001-01-02 cleared
[INFO|CRAWLER.py] 2020-11-16 10:45:03,123 > STA1001-02-01 cleared
[INFO|CRAWLER.py] 2020-11-16 10:45:05,193 > STA1001-02-02 cleared
[INFO|CRAWLER.py] 2020-11-16 10:45:07,265 > STA1001-03-01 cleared
[INFO|CRAWLER.py] 2020-11-16 10:45:09,343 > STA1001-03-02 cleared
[INFO|CRAWLER.py] 2020-11-16 10:45:09,384 > STA1001-04-01: 중복된 강의 객체. caution 수집 완료
[INFO|CRAWLER.py] 2020-11-16 10:45:09,425 > STA1001-04-02: 중복된 강의 객체. caution 수집 완료
[INFO|CRAWLER.py] 2020-11-16 10:45:11,508 > STA1001-05-01 cleared
[INFO|CRAWLER.py] 2020-11-16 10:45:13,590 > STA1001-05-02 cleared
[INFO|CRAWLER.py] 2020-11-16 10:45:15,664 > STA1001-06-01 cleared
[INFO|CRAWLER.py] 2020-11-16 10:45:17,739 > STA1001-06-02 cleared
[INFO|CRAWLER.py] 2020-11-16 10:45:17,774 > STA2105-01-00: 중복된 강의 객체. caution 수집 완료
[INFO|CRAWLER.py] 2020-11-16 10:45:17,816 > STA2105-02-00: 중복된 강의 객체. caution 수집 완료
[INFO|CRAWLER.py] 2020-11-16 10:45:17,864 > STA2105-03-00: 중복된 강의 객체. caution 수집 완료
[INFO|CRAWLER.py] 2020-11-16 10:45:19,992 > YCJ1001-01-00 cleared
[INFO|CRAWLER.py] 2020-11-16 10:45:22,533 > 2 rows in 31-32 of 32
[INFO|CRAWLER.py] 2020-11-16 10:45:24,587 > YCJ1005-01-00 cleared
[INFO|CRAWLER.py] 2020-11-16 10:45:26,678 > YCJ1402-01-00 cleared
[INFO|CRAWLER.py] 2020-11-16 10:45:28,725 > 논리와수리 탐색 완료
[INFO|CRAWLER.py] 2020-11-16 10:45:28,725 > 20191-필수교양(10~18학번)-자연과우주 수집 시작
[INFO|CRAWLER.py] 2020-11-16 10:45:29,353 > 13 rows in 1-13 of 13
[INFO|CRAWLER.py] 2020-11-16 10:45:29,378 > 유의사항 기준 탐색 완료
[INFO|CRAWLER.py] 2020-11-16 10:45:29,894 > 13 rows in 1-13 of 13
[INFO|CRAWLER.py] 2020-11-16 10:45:31,967 > CHE1001-01-00 cleared
[INFO|CRAWLER.py] 2020-11-16 10:45:34,048 > CHE1011-01-00 cleared
[INFO|CRAWLER.py] 2020-11-16 10:45:36,122 > PHY1001-01-00 cleared
[INFO|CRAWLER.py] 2020-11-16 10:45:38,224 > PHY1001-02-00 cleared
[INFO|CRAWLER.py] 2020-11-16 10:45:40,300 > PHY1011-01-00 cleared
[INFO|CRAWLER.py] 2020-11-16 10:45:42,392 > PHY1011-02-00 cleared
[INFO|CRAWLER.py] 2020-11-16 10:45:44,490 > UCC1102-01-00 cleared
[INFO|CRAWLER.py] 2020-11-16 10:45:46,648 > UCC1105-01-00 cleared
[INFO|CRAWLER.py] 2020-11-16 10:45:48,805 > UCC1106-01-00 cleared
[INFO|CRAWLER.py] 2020-11-16 10:45:50,933 > UCC1106-02-00 cleared
[INFO|CRAWLER.py] 2020-11-16 10:45:53,074 > UCC1107-01-00 cleared
[INFO|CRAWLER.py] 2020-11-16 10:45:55,149 > 자연과우주 탐색 완료
[INFO|CRAWLER.py] 2020-11-16 10:45:55,149 > 20191-필수교양(10~18학번)-생명과환경 수집 시작
[INFO|CRAWLER.py] 2020-11-16 10:45:55,740 > 14 rows in 1-14 of 14
[INFO|CRAWLER.py] 2020-11-16 10:45:55,766 > 유의사항 기준 탐색 완료
[INFO|CRAWLER.py] 2020-11-16 10:45:56,282 > 14 rows in 1-14 of 14
[INFO|CRAWLER.py] 2020-11-16 10:45:58,363 > BIO1001-01-00 cleared
[INFO|CRAWLER.py] 2020-11-16 10:46:00,535 > BIO1001-02-00 cleared
[INFO|CRAWLER.py] 2020-11-16 10:46:02,606 > BIO1008-01-00 cleared
[INFO|CRAWLER.py] 2020-11-16 10:46:04,699 > BIO1011-01-00 cleared
[INFO|CRAWLER.py] 2020-11-16 10:46:04,749 > STS3105-01-00: 중복된 강의 객체. caution 수집 완료
[INFO|CRAWLER.py] 2020-11-16 10:46:06,886 > UCC1104-01-00 cleared
[INFO|CRAWLER.py] 2020-11-16 10:46:08,999 > UCC1113-01-00 cleared
[INFO|CRAWLER.py] 2020-11-16 10:46:11,078 > UCH1103-01-00 cleared
[INFO|CRAWLER.py] 2020-11-16 10:46:13,176 > UCH1104-01-00 cleared
[INFO|CRAWLER.py] 2020-11-16 10:46:15,298 > UCH1109-01-00 cleared
[INFO|CRAWLER.py] 2020-11-16 10:46:17,421 > YCL1203-01-00 cleared
[INFO|CRAWLER.py] 2020-11-16 10:46:19,495 > YCL1601-01-01 cleared
[INFO|CRAWLER.py] 2020-11-16 10:46:21,559 > YCL1601-01-02 cleared
[INFO|CRAWLER.py] 2020-11-16 10:46:23,652 > YCL1999-01-00 cleared
[INFO|CRAWLER.py] 2020-11-16 10:46:25,681 > 생명과환경 탐색 완료
[INFO|CRAWLER.py] 2020-11-16 10:46:25,681 > 20191-필수교양(10~18학번)-소프트웨어 수집 시작
[INFO|CRAWLER.py] 2020-11-16 10:46:26,311 > 7 rows in 1-7 of 7
[INFO|CRAWLER.py] 2020-11-16 10:46:26,340 > 유의사항 기준 탐색 완료
[INFO|CRAWLER.py] 2020-11-16 10:46:26,859 > 7 rows in 1-7 of 7
[INFO|CRAWLER.py] 2020-11-16 10:46:28,958 > YCS1002-01-00 cleared
[INFO|CRAWLER.py] 2020-11-16 10:46:31,051 > YCS1002-02-00 cleared
[INFO|CRAWLER.py] 2020-11-16 10:46:33,118 > YCS1002-03-00 cleared
[INFO|CRAWLER.py] 2020-11-16 10:46:35,215 > YCS1002-04-00 cleared
[INFO|CRAWLER.py] 2020-11-16 10:46:37,310 > YCS1003-01-00 cleared
[INFO|CRAWLER.py] 2020-11-16 10:46:39,383 > YCS1001-01-00 cleared
[INFO|CRAWLER.py] 2020-11-16 10:46:41,453 > YCS1001-02-00 cleared
[INFO|CRAWLER.py] 2020-11-16 10:46:43,480 > 소프트웨어 탐색 완료
[INFO|CRAWLER.py] 2020-11-16 10:46:43,484 > 필수교양(10~18학번) 수집 완료
[INFO|CRAWLER.py] 2020-11-16 10:46:43,484 > 20191-선택교양(10~18학번)-Freshman Seminars 수집 시작
[INFO|CRAWLER.py] 2020-11-16 10:46:44,096 > 0 rows in 1-0 of 0
[INFO|CRAWLER.py] 2020-11-16 10:46:54,628 > No caution link in 0th row
[INFO|CRAWLER.py] 2020-11-16 10:46:55,140 > 0 rows in 1-0 of 0
[INFO|CRAWLER.py] 2020-11-16 10:46:55,140 > No caution in pages
[INFO|CRAWLER.py] 2020-11-16 10:46:55,659 > 0 rows in 1-0 of 0
[INFO|CRAWLER.py] 2020-11-16 10:46:57,684 > Freshman Seminars 탐색 완료
[INFO|CRAWLER.py] 2020-11-16 10:46:57,684 > 20191-선택교양(10~18학번)-Gateway to College 수집 시작
[INFO|CRAWLER.py] 2020-11-16 10:46:58,308 > 0 rows in 1-0 of 0
[INFO|CRAWLER.py] 2020-11-16 10:47:08,811 > No caution link in 0th row
[INFO|CRAWLER.py] 2020-11-16 10:47:09,319 > 0 rows in 1-0 of 0
[INFO|CRAWLER.py] 2020-11-16 10:47:09,319 > No caution in pages
[INFO|CRAWLER.py] 2020-11-16 10:47:09,837 > 0 rows in 1-0 of 0
[INFO|CRAWLER.py] 2020-11-16 10:47:11,857 > Gateway to College 탐색 완료
[INFO|CRAWLER.py] 2020-11-16 10:47:11,857 > 20191-선택교양(10~18학번)-Residential Education 수집 시작
[INFO|CRAWLER.py] 2020-11-16 10:47:12,444 > 0 rows in 1-0 of 0
[INFO|CRAWLER.py] 2020-11-16 10:47:22,954 > No caution link in 0th row
[INFO|CRAWLER.py] 2020-11-16 10:47:23,460 > 0 rows in 1-0 of 0
[INFO|CRAWLER.py] 2020-11-16 10:47:23,460 > No caution in pages
[INFO|CRAWLER.py] 2020-11-16 10:47:23,977 > 0 rows in 1-0 of 0
[INFO|CRAWLER.py] 2020-11-16 10:47:25,998 > Residential Education 탐색 완료
[INFO|CRAWLER.py] 2020-11-16 10:47:25,998 > 20191-선택교양(10~18학번)-역사·철학영역 수집 시작
[INFO|CRAWLER.py] 2020-11-16 10:47:26,585 > 2 rows in 1-2 of 2
[INFO|CRAWLER.py] 2020-11-16 10:47:26,613 > 유의사항 기준 탐색 완료
[INFO|CRAWLER.py] 2020-11-16 10:47:27,129 > 2 rows in 1-2 of 2
[INFO|CRAWLER.py] 2020-11-16 10:47:29,271 > UCG1130-01-00 cleared
[INFO|CRAWLER.py] 2020-11-16 10:47:31,380 > UCG1137-01-00 cleared
[INFO|CRAWLER.py] 2020-11-16 10:47:33,401 > 역사·철학영역 탐색 완료
[INFO|CRAWLER.py] 2020-11-16 10:47:33,401 > 20191-선택교양(10~18학번)-과학·기술영역 수집 시작
[INFO|CRAWLER.py] 2020-11-16 10:47:33,992 > 1 rows in 1-1 of 1
[INFO|CRAWLER.py] 2020-11-16 10:47:34,016 > 유의사항 기준 탐색 완료
[INFO|CRAWLER.py] 2020-11-16 10:47:34,533 > 1 rows in 1-1 of 1
[INFO|CRAWLER.py] 2020-11-16 10:47:36,622 > UCH1123-01-00 cleared
[INFO|CRAWLER.py] 2020-11-16 10:47:38,643 > 과학·기술영역 탐색 완료
[INFO|CRAWLER.py] 2020-11-16 10:47:38,643 > 20191-선택교양(10~18학번)-사회·윤리영역 수집 시작
[INFO|CRAWLER.py] 2020-11-16 10:47:39,227 > 15 rows in 1-15 of 23
[INFO|CRAWLER.py] 2020-11-16 10:47:39,257 > 유의사항 기준 탐색 완료
[INFO|CRAWLER.py] 2020-11-16 10:47:39,774 > 15 rows in 1-15 of 23
[INFO|CRAWLER.py] 2020-11-16 10:47:41,903 > UCI2001-01-00 cleared
[INFO|CRAWLER.py] 2020-11-16 10:47:43,982 > UCI2001-02-00 cleared
[INFO|CRAWLER.py] 2020-11-16 10:47:46,049 > UCI2001-03-00 cleared
[INFO|CRAWLER.py] 2020-11-16 10:47:48,111 > UCI2001-04-00 cleared
[INFO|CRAWLER.py] 2020-11-16 10:47:50,173 > UCI2001-05-00 cleared
[INFO|CRAWLER.py] 2020-11-16 10:47:52,234 > UCI2001-06-00 cleared
[INFO|CRAWLER.py] 2020-11-16 10:47:54,296 > UCI2001-07-00 cleared
[INFO|CRAWLER.py] 2020-11-16 10:48:06,870 > UCI2001-08-00 cleared
[INFO|CRAWLER.py] 2020-11-16 10:48:08,926 > UCI2001-09-00 cleared
[INFO|CRAWLER.py] 2020-11-16 10:48:10,985 > UCI2001-10-00 cleared
[INFO|CRAWLER.py] 2020-11-16 10:48:23,606 > UCI2001-12-00 cleared
[INFO|CRAWLER.py] 2020-11-16 10:48:25,685 > UCI2001-14-00 cleared
[INFO|CRAWLER.py] 2020-11-16 10:48:27,746 > UCI2001-15-00 cleared
[INFO|CRAWLER.py] 2020-11-16 10:48:30,319 > 8 rows in 16-23 of 23
[INFO|CRAWLER.py] 2020-11-16 10:48:32,396 > UCR1016-01-00 cleared
[INFO|CRAWLER.py] 2020-11-16 10:48:34,520 > UCI1109-01-00 cleared
[INFO|CRAWLER.py] 2020-11-16 10:48:36,619 > UCI1124-01-00 cleared
[INFO|CRAWLER.py] 2020-11-16 10:48:38,773 > UCI1167-01-00 cleared
[INFO|CRAWLER.py] 2020-11-16 10:48:40,850 > UCI1168-01-00 cleared
[INFO|CRAWLER.py] 2020-11-16 10:48:42,914 > UCI1169-01-00 cleared
[INFO|CRAWLER.py] 2020-11-16 10:48:45,006 > UCI1170-01-00 cleared
[INFO|CRAWLER.py] 2020-11-16 10:48:47,071 > UCI1171-01-00 cleared
[INFO|CRAWLER.py] 2020-11-16 10:48:49,104 > 사회·윤리영역 탐색 완료
[INFO|CRAWLER.py] 2020-11-16 10:48:49,104 > 20191-선택교양(10~18학번)-인문·예술영역 수집 시작
[INFO|CRAWLER.py] 2020-11-16 10:48:49,734 > 5 rows in 1-5 of 5
[INFO|CRAWLER.py] 2020-11-16 10:48:49,760 > 유의사항 기준 탐색 완료
[INFO|CRAWLER.py] 2020-11-16 10:48:50,275 > 5 rows in 1-5 of 5
[INFO|CRAWLER.py] 2020-11-16 10:48:52,359 > UCJ1135-01-00 cleared
[INFO|CRAWLER.py] 2020-11-16 10:48:54,437 > UCJ1135-02-00 cleared
[INFO|CRAWLER.py] 2020-11-16 10:48:56,544 > UCJ1119-01-00 cleared
[INFO|CRAWLER.py] 2020-11-16 10:48:58,672 > UCJ1124-01-00 cleared
[INFO|CRAWLER.py] 2020-11-16 10:49:00,754 > UCJ1131-01-00 cleared
[INFO|CRAWLER.py] 2020-11-16 10:49:02,779 > 인문·예술영역 탐색 완료
[INFO|CRAWLER.py] 2020-11-16 10:49:02,780 > 20191-선택교양(10~18학번)-세계문화·언어영역 수집 시작
[INFO|CRAWLER.py] 2020-11-16 10:49:03,399 > 10 rows in 1-10 of 10
[INFO|CRAWLER.py] 2020-11-16 10:49:03,426 > 유의사항 기준 탐색 완료
[INFO|CRAWLER.py] 2020-11-16 10:49:03,945 > 10 rows in 1-10 of 10
[INFO|CRAWLER.py] 2020-11-16 10:49:06,007 > UCK1114-01-00 cleared
[INFO|CRAWLER.py] 2020-11-16 10:49:08,111 > UCK1143-01-00 cleared
[INFO|CRAWLER.py] 2020-11-16 10:49:10,174 > UCK1150-01-00 cleared
[INFO|CRAWLER.py] 2020-11-16 10:49:12,256 > UCK1156-01-00 cleared
[INFO|CRAWLER.py] 2020-11-16 10:49:14,333 > UCK1158-01-00 cleared
[INFO|CRAWLER.py] 2020-11-16 10:49:16,410 > UCK1159-01-00 cleared
[INFO|CRAWLER.py] 2020-11-16 10:49:18,530 > YCI1702-01-00 cleared
[INFO|CRAWLER.py] 2020-11-16 10:49:20,655 > YCI1703-01-00 cleared
[INFO|CRAWLER.py] 2020-11-16 10:49:22,796 > YCI1704-01-00 cleared
[INFO|CRAWLER.py] 2020-11-16 10:49:24,933 > YCI1706-01-00 cleared
[INFO|CRAWLER.py] 2020-11-16 10:49:26,954 > 세계문화·언어영역 탐색 완료
[INFO|CRAWLER.py] 2020-11-16 10:49:26,954 > 20191-선택교양(10~18학번)-생활·건강영역 수집 시작
[INFO|CRAWLER.py] 2020-11-16 10:49:27,546 > 15 rows in 1-15 of 90
[INFO|CRAWLER.py] 2020-11-16 10:49:27,574 > 유의사항 기준 탐색 완료
[INFO|CRAWLER.py] 2020-11-16 10:49:28,090 > 15 rows in 1-15 of 90
[INFO|CRAWLER.py] 2020-11-16 10:49:30,168 > UCL1101-01-00 cleared
[INFO|CRAWLER.py] 2020-11-16 10:49:32,248 > UCL1101-02-00 cleared
[INFO|CRAWLER.py] 2020-11-16 10:49:34,324 > UCL1102-01-00 cleared
[INFO|CRAWLER.py] 2020-11-16 10:49:36,413 > UCL1103-01-00 cleared
[INFO|CRAWLER.py] 2020-11-16 10:49:38,491 > UCL1103-02-00 cleared
[INFO|CRAWLER.py] 2020-11-16 10:49:40,575 > UCL1103-03-00 cleared
[INFO|CRAWLER.py] 2020-11-16 10:49:42,648 > UCL1103-04-00 cleared
[INFO|CRAWLER.py] 2020-11-16 10:49:44,722 > UCL1103-05-00 cleared
[INFO|CRAWLER.py] 2020-11-16 10:49:46,796 > UCL1103-06-00 cleared
[INFO|CRAWLER.py] 2020-11-16 10:49:48,869 > UCL1103-07-00 cleared
[INFO|CRAWLER.py] 2020-11-16 10:49:50,951 > UCL1103-08-00 cleared
[INFO|CRAWLER.py] 2020-11-16 10:49:53,024 > UCL1104-01-00 cleared
[INFO|CRAWLER.py] 2020-11-16 10:49:55,090 > UCL1104-02-00 cleared
[INFO|CRAWLER.py] 2020-11-16 10:49:57,154 > UCL1104-03-00 cleared
[INFO|CRAWLER.py] 2020-11-16 10:49:59,221 > UCL1104-04-00 cleared
[INFO|CRAWLER.py] 2020-11-16 10:50:01,805 > 15 rows in 16-30 of 90
[INFO|CRAWLER.py] 2020-11-16 10:50:03,876 > UCL1105-01-00 cleared
[INFO|CRAWLER.py] 2020-11-16 10:50:05,952 > UCL1105-02-00 cleared
[INFO|CRAWLER.py] 2020-11-16 10:50:08,018 > UCL1105-03-00 cleared
[INFO|CRAWLER.py] 2020-11-16 10:50:10,086 > UCL1105-04-00 cleared
[INFO|CRAWLER.py] 2020-11-16 10:50:12,149 > UCL1105-05-00 cleared
[INFO|CRAWLER.py] 2020-11-16 10:50:14,223 > UCL1105-06-00 cleared
[INFO|CRAWLER.py] 2020-11-16 10:50:16,304 > UCL1105-07-00 cleared
[INFO|CRAWLER.py] 2020-11-16 10:50:18,372 > UCL1105-08-00 cleared
[INFO|CRAWLER.py] 2020-11-16 10:50:20,436 > UCL1105-09-00 cleared
[INFO|CRAWLER.py] 2020-11-16 10:50:22,510 > UCL1105-10-00 cleared
[INFO|CRAWLER.py] 2020-11-16 10:50:24,574 > UCL1106-01-00 cleared
[INFO|CRAWLER.py] 2020-11-16 10:50:26,641 > UCL1106-02-00 cleared
[INFO|CRAWLER.py] 2020-11-16 10:50:28,741 > UCL1108-01-00 cleared
[INFO|CRAWLER.py] 2020-11-16 10:50:30,819 > UCL1108-02-00 cleared
[INFO|CRAWLER.py] 2020-11-16 10:50:32,910 > UCL1109-01-00 cleared
[INFO|CRAWLER.py] 2020-11-16 10:50:35,481 > 15 rows in 31-45 of 90
[INFO|CRAWLER.py] 2020-11-16 10:50:37,561 > UCL1109-02-00 cleared
[INFO|CRAWLER.py] 2020-11-16 10:50:39,635 > UCL1109-03-00 cleared
[INFO|CRAWLER.py] 2020-11-16 10:50:41,707 > UCL1109-04-00 cleared
[INFO|CRAWLER.py] 2020-11-16 10:50:43,787 > UCL1109-05-00 cleared
[INFO|CRAWLER.py] 2020-11-16 10:50:45,856 > UCL1109-06-00 cleared
[INFO|CRAWLER.py] 2020-11-16 10:50:47,928 > UCL1109-07-00 cleared
[INFO|CRAWLER.py] 2020-11-16 10:50:49,996 > UCL1110-01-00 cleared
[INFO|CRAWLER.py] 2020-11-16 10:50:52,072 > UCL1111-01-00 cleared
[INFO|CRAWLER.py] 2020-11-16 10:50:54,142 > UCL1111-02-00 cleared
[INFO|CRAWLER.py] 2020-11-16 10:50:56,214 > UCL1111-03-00 cleared
[INFO|CRAWLER.py] 2020-11-16 10:50:58,289 > UCL1111-04-00 cleared
[INFO|CRAWLER.py] 2020-11-16 10:51:00,367 > UCL1111-05-00 cleared
[INFO|CRAWLER.py] 2020-11-16 10:51:02,433 > UCL1111-06-00 cleared
[INFO|CRAWLER.py] 2020-11-16 10:51:04,503 > UCL1112-01-00 cleared
[INFO|CRAWLER.py] 2020-11-16 10:51:06,573 > UCL1112-02-00 cleared
[INFO|CRAWLER.py] 2020-11-16 10:51:09,142 > 15 rows in 46-60 of 90
[INFO|CRAWLER.py] 2020-11-16 10:51:11,238 > UCL1112-03-00 cleared
[INFO|CRAWLER.py] 2020-11-16 10:51:13,309 > UCL1115-01-00 cleared
[INFO|CRAWLER.py] 2020-11-16 10:51:15,378 > UCL1115-02-00 cleared
[INFO|CRAWLER.py] 2020-11-16 10:51:17,437 > UCL1115-03-00 cleared
[INFO|CRAWLER.py] 2020-11-16 10:51:19,491 > UCL1116-01-00 cleared
[INFO|CRAWLER.py] 2020-11-16 10:51:21,554 > UCL1118-01-00 cleared
[INFO|CRAWLER.py] 2020-11-16 10:51:23,609 > UCL1119-01-00 cleared
[INFO|CRAWLER.py] 2020-11-16 10:51:25,671 > UCL1119-02-00 cleared
[INFO|CRAWLER.py] 2020-11-16 10:51:27,734 > UCL1119-03-00 cleared
[INFO|CRAWLER.py] 2020-11-16 10:51:29,799 > UCL1119-04-00 cleared
[INFO|CRAWLER.py] 2020-11-16 10:51:31,869 > UCL1119-05-00 cleared
[INFO|CRAWLER.py] 2020-11-16 10:51:33,939 > UCL1119-06-00 cleared
[INFO|CRAWLER.py] 2020-11-16 10:51:36,027 > UCL1121-01-00 cleared
[INFO|CRAWLER.py] 2020-11-16 10:51:38,113 > UCL1121-02-00 cleared
[INFO|CRAWLER.py] 2020-11-16 10:51:40,201 > UCL1121-03-00 cleared
[INFO|CRAWLER.py] 2020-11-16 10:51:42,782 > 15 rows in 61-75 of 90
[INFO|CRAWLER.py] 2020-11-16 10:51:44,856 > UCL1121-04-00 cleared
[INFO|CRAWLER.py] 2020-11-16 10:51:46,933 > UCL1121-05-00 cleared
[INFO|CRAWLER.py] 2020-11-16 10:51:49,010 > UCL1121-06-00 cleared
[INFO|CRAWLER.py] 2020-11-16 10:51:51,085 > UCL1121-07-00 cleared
[INFO|CRAWLER.py] 2020-11-16 10:51:53,145 > UCL1124-01-00 cleared
[INFO|CRAWLER.py] 2020-11-16 10:51:55,217 > UCL1127-01-00 cleared
[INFO|CRAWLER.py] 2020-11-16 10:51:57,294 > UCL1127-02-00 cleared
[INFO|CRAWLER.py] 2020-11-16 10:51:59,359 > UCL1127-03-00 cleared
[INFO|CRAWLER.py] 2020-11-16 10:52:01,459 > UCL1209-01-00 cleared
[INFO|CRAWLER.py] 2020-11-16 10:52:03,536 > UCL1215-01-00 cleared
[INFO|CRAWLER.py] 2020-11-16 10:52:05,617 > UCL1215-02-00 cleared
[INFO|CRAWLER.py] 2020-11-16 10:52:07,699 > UCL1215-03-00 cleared
[INFO|CRAWLER.py] 2020-11-16 10:52:09,789 > UCL1215-04-00 cleared
[INFO|CRAWLER.py] 2020-11-16 10:52:11,875 > UCL1215-05-00 cleared
[INFO|CRAWLER.py] 2020-11-16 10:52:13,943 > UCL1216-01-00 cleared
[INFO|CRAWLER.py] 2020-11-16 10:52:16,508 > 15 rows in 76-90 of 90
[INFO|CRAWLER.py] 2020-11-16 10:52:18,585 > UCL1217-01-00 cleared
[INFO|CRAWLER.py] 2020-11-16 10:52:20,666 > UCL1217-02-00 cleared
[INFO|CRAWLER.py] 2020-11-16 10:52:22,736 > UCL1217-03-00 cleared
[INFO|CRAWLER.py] 2020-11-16 10:52:24,803 > UCL1218-01-00 cleared
[INFO|CRAWLER.py] 2020-11-16 10:52:26,874 > UCL1219-01-00 cleared
[INFO|CRAWLER.py] 2020-11-16 10:52:28,947 > UCL1219-02-00 cleared
[INFO|CRAWLER.py] 2020-11-16 10:52:31,007 > UCL1222-01-00 cleared
[INFO|CRAWLER.py] 2020-11-16 10:52:33,074 > UCL1223-01-00 cleared
[INFO|CRAWLER.py] 2020-11-16 10:52:35,141 > UCL1223-02-00 cleared
[INFO|CRAWLER.py] 2020-11-16 10:52:37,210 > UCL1224-01-00 cleared
[INFO|CRAWLER.py] 2020-11-16 10:52:39,278 > UCL1224-02-00 cleared
[INFO|CRAWLER.py] 2020-11-16 10:52:41,370 > UCL1229-01-00 cleared
[INFO|CRAWLER.py] 2020-11-16 10:52:43,465 > UCL1201-01-00 cleared
[INFO|CRAWLER.py] 2020-11-16 10:52:45,569 > UCL1202-01-00 cleared
[INFO|CRAWLER.py] 2020-11-16 10:52:47,689 > UCL1205-01-00 cleared
[INFO|CRAWLER.py] 2020-11-16 10:52:49,731 > 생활·건강영역 탐색 완료
[INFO|CRAWLER.py] 2020-11-16 10:52:49,731 > 선택교양(10~18학번) 수집 완료
[INFO|CRAWLER.py] 2020-11-16 10:52:49,731 > 20191-(~2018학번)국제캠퍼스-공통기초-채플 수집 시작
[INFO|CRAWLER.py] 2020-11-16 10:52:50,374 > 12 rows in 1-12 of 12
[INFO|CRAWLER.py] 2020-11-16 10:52:50,398 > 유의사항 기준 탐색 완료
[INFO|CRAWLER.py] 2020-11-16 10:52:50,914 > 12 rows in 1-12 of 12
[INFO|CRAWLER.py] 2020-11-16 10:52:50,954 > YCA1001-01-00: 중복된 강의 객체. caution 수집 완료
[INFO|CRAWLER.py] 2020-11-16 10:52:51,120 > YCA1005-01-00: 중복된 강의 객체. caution 수집 완료
[INFO|CRAWLER.py] 2020-11-16 10:52:51,167 > YCA1005-02-00: 중복된 강의 객체. caution 수집 완료
[INFO|CRAWLER.py] 2020-11-16 10:52:53,220 > YCA1005-03-00 cleared
[INFO|CRAWLER.py] 2020-11-16 10:52:55,288 > YCA1005-04-00 cleared
[INFO|CRAWLER.py] 2020-11-16 10:52:57,338 > YCA1005-05-00 cleared
[INFO|CRAWLER.py] 2020-11-16 10:52:59,392 > YCA1005-06-00 cleared
[INFO|CRAWLER.py] 2020-11-16 10:53:01,413 > 공통기초-채플 탐색 완료
[INFO|CRAWLER.py] 2020-11-16 10:53:01,413 > 20191-(~2018학번)국제캠퍼스-공통기초-기독교의이해 수집 시작
[INFO|CRAWLER.py] 2020-11-16 10:53:02,010 > 15 rows in 1-15 of 27
[INFO|CRAWLER.py] 2020-11-16 10:53:02,035 > 유의사항 기준 탐색 완료
[INFO|CRAWLER.py] 2020-11-16 10:53:02,552 > 15 rows in 1-15 of 27
[INFO|CRAWLER.py] 2020-11-16 10:53:04,599 > YCA1101-01-00 cleared
[INFO|CRAWLER.py] 2020-11-16 10:53:06,651 > YCA1101-02-00 cleared
[INFO|CRAWLER.py] 2020-11-16 10:53:08,751 > YCA1101-05-00 cleared
[INFO|CRAWLER.py] 2020-11-16 10:53:10,803 > YCA1101-06-00 cleared
[INFO|CRAWLER.py] 2020-11-16 10:53:12,906 > YCA1101-09-00 cleared
[INFO|CRAWLER.py] 2020-11-16 10:53:12,948 > YCA1101-10-00: 중복된 강의 객체. caution 수집 완료
[INFO|CRAWLER.py] 2020-11-16 10:53:12,990 > YCA1101-11-00: 중복된 강의 객체. caution 수집 완료
[INFO|CRAWLER.py] 2020-11-16 10:53:15,044 > YCA1102-01-00 cleared
[INFO|CRAWLER.py] 2020-11-16 10:53:17,095 > YCA1102-02-00 cleared
[INFO|CRAWLER.py] 2020-11-16 10:53:19,722 > 12 rows in 16-27 of 27
[INFO|CRAWLER.py] 2020-11-16 10:53:21,775 > YCA1102-05-00 cleared
[INFO|CRAWLER.py] 2020-11-16 10:53:21,928 > YCA1102-10-00: 중복된 강의 객체. caution 수집 완료
[INFO|CRAWLER.py] 2020-11-16 10:53:21,967 > YCA1102-11-00: 중복된 강의 객체. caution 수집 완료
[INFO|CRAWLER.py] 2020-11-16 10:53:22,002 > YCA1102-12-00: 중복된 강의 객체. caution 수집 완료
[INFO|CRAWLER.py] 2020-11-16 10:53:22,107 > YCA1103-04-00: 중복된 강의 객체. caution 수집 완료
[INFO|CRAWLER.py] 2020-11-16 10:53:24,143 > 공통기초-기독교의이해 탐색 완료
[INFO|CRAWLER.py] 2020-11-16 10:53:24,143 > 20191-(~2018학번)국제캠퍼스-공통기초-글쓰기 수집 시작
[INFO|CRAWLER.py] 2020-11-16 10:53:24,776 > 15 rows in 1-15 of 60
[INFO|CRAWLER.py] 2020-11-16 10:53:24,803 > 유의사항 기준 탐색 완료
[INFO|CRAWLER.py] 2020-11-16 10:53:25,319 > 15 rows in 1-15 of 60
[INFO|CRAWLER.py] 2020-11-16 10:53:27,468 > YCB1101-05-00 cleared
[INFO|CRAWLER.py] 2020-11-16 10:53:29,717 > YCB1101-14-00 cleared
[INFO|CRAWLER.py] 2020-11-16 10:53:32,316 > 15 rows in 16-30 of 60
[INFO|CRAWLER.py] 2020-11-16 10:53:34,462 > YCB1101-20-00 cleared
[INFO|CRAWLER.py] 2020-11-16 10:53:37,243 > 15 rows in 31-45 of 60
[INFO|CRAWLER.py] 2020-11-16 10:53:39,478 > YCB1101-39-00 cleared
[INFO|CRAWLER.py] 2020-11-16 10:53:42,178 > 15 rows in 46-60 of 60
[INFO|CRAWLER.py] 2020-11-16 10:53:44,273 > YCB1101-48-00 cleared
[INFO|CRAWLER.py] 2020-11-16 10:53:46,582 > 공통기초-글쓰기 탐색 완료
[INFO|CRAWLER.py] 2020-11-16 10:53:46,582 > 20191-(~2018학번)국제캠퍼스-공통기초-대학영어 수집 시작
[INFO|CRAWLER.py] 2020-11-16 10:53:47,199 > 15 rows in 1-15 of 144
[INFO|CRAWLER.py] 2020-11-16 10:53:47,228 > 유의사항 기준 탐색 완료
[INFO|CRAWLER.py] 2020-11-16 10:53:47,745 > 15 rows in 1-15 of 144
[INFO|CRAWLER.py] 2020-11-16 10:53:49,966 > YCC1001-08-00 cleared
[INFO|CRAWLER.py] 2020-11-16 10:53:52,705 > 15 rows in 16-30 of 144
[INFO|CRAWLER.py] 2020-11-16 10:53:55,606 > 15 rows in 31-45 of 144
[INFO|CRAWLER.py] 2020-11-16 10:53:57,679 > YCC1002-02-00 cleared
[INFO|CRAWLER.py] 2020-11-16 10:53:59,798 > YCC1101-04-00 cleared
[INFO|CRAWLER.py] 2020-11-16 10:54:01,868 > YCC1101-06-00 cleared
[INFO|CRAWLER.py] 2020-11-16 10:54:03,918 > YCC1101-07-00 cleared
[INFO|CRAWLER.py] 2020-11-16 10:54:06,072 > YCC1101-12-00 cleared
[INFO|CRAWLER.py] 2020-11-16 10:54:08,674 > 15 rows in 46-60 of 144
[INFO|CRAWLER.py] 2020-11-16 10:54:10,884 > YCC1101-20-00 cleared
[INFO|CRAWLER.py] 2020-11-16 10:54:13,628 > 15 rows in 61-75 of 144
[INFO|CRAWLER.py] 2020-11-16 10:54:16,531 > 15 rows in 76-90 of 144
[INFO|CRAWLER.py] 2020-11-16 10:54:18,646 > YCC1102-04-00 cleared
[INFO|CRAWLER.py] 2020-11-16 10:54:21,452 > 15 rows in 91-105 of 144
[INFO|CRAWLER.py] 2020-11-16 10:54:23,706 > YCC1102-25-00 cleared
[INFO|CRAWLER.py] 2020-11-16 10:54:26,376 > 15 rows in 106-120 of 144
[INFO|CRAWLER.py] 2020-11-16 10:54:28,612 > YCC1102-39-00 cleared
[INFO|CRAWLER.py] 2020-11-16 10:54:31,311 > 15 rows in 121-135 of 144
[INFO|CRAWLER.py] 2020-11-16 10:54:34,214 > 9 rows in 136-144 of 144
[INFO|CRAWLER.py] 2020-11-16 10:54:36,288 > YCC1202-06-00 cleared
[INFO|CRAWLER.py] 2020-11-16 10:54:48,973 > YCC1202-12-00 cleared
[INFO|CRAWLER.py] 2020-11-16 10:55:01,529 > YCC1202-13-00 cleared
[INFO|CRAWLER.py] 2020-11-16 10:55:03,586 > 공통기초-대학영어 탐색 완료
[INFO|CRAWLER.py] 2020-11-16 10:55:03,587 > 20191-(~2018학번)국제캠퍼스-필수교양-문학과예술 수집 시작
[INFO|CRAWLER.py] 2020-11-16 10:55:04,219 > 6 rows in 1-6 of 6
[INFO|CRAWLER.py] 2020-11-16 10:55:04,246 > 유의사항 기준 탐색 완료
[INFO|CRAWLER.py] 2020-11-16 10:55:04,765 > 6 rows in 1-6 of 6
[INFO|CRAWLER.py] 2020-11-16 10:55:06,824 > UCE1105-03-00 cleared
[INFO|CRAWLER.py] 2020-11-16 10:55:08,887 > UCE1105-04-00 cleared
[INFO|CRAWLER.py] 2020-11-16 10:55:10,941 > UCE1108-02-00 cleared
[INFO|CRAWLER.py] 2020-11-16 10:55:13,001 > YCD1602-02-00 cleared
[INFO|CRAWLER.py] 2020-11-16 10:55:15,053 > YCD1999-01-00 cleared
[INFO|CRAWLER.py] 2020-11-16 10:55:17,100 > 필수교양-문학과예술 탐색 완료
[INFO|CRAWLER.py] 2020-11-16 10:55:17,100 > 20191-(~2018학번)국제캠퍼스-필수교양-인간과역사 수집 시작
[INFO|CRAWLER.py] 2020-11-16 10:55:17,690 > 13 rows in 1-13 of 13
[INFO|CRAWLER.py] 2020-11-16 10:55:17,713 > 유의사항 기준 탐색 완료
[INFO|CRAWLER.py] 2020-11-16 10:55:18,230 > 13 rows in 1-13 of 13
[INFO|CRAWLER.py] 2020-11-16 10:55:18,271 > ANT1001-01-00: 중복된 강의 객체. caution 수집 완료
[INFO|CRAWLER.py] 2020-11-16 10:55:18,311 > PHI1001-01-00: 중복된 강의 객체. caution 수집 완료
[INFO|CRAWLER.py] 2020-11-16 10:55:18,353 > PSY2103-01-00: 중복된 강의 객체. caution 수집 완료
[INFO|CRAWLER.py] 2020-11-16 10:55:20,406 > UCB1103-02-00 cleared
[INFO|CRAWLER.py] 2020-11-16 10:55:22,461 > UCB1105-02-00 cleared
[INFO|CRAWLER.py] 2020-11-16 10:55:24,529 > UCD1102-03-00 cleared
[INFO|CRAWLER.py] 2020-11-16 10:55:26,584 > YCE1202-01-00 cleared
[INFO|CRAWLER.py] 2020-11-16 10:55:28,641 > YCE1252-01-00 cleared
[INFO|CRAWLER.py] 2020-11-16 10:55:28,698 > YCE1255-01-00: 중복된 강의 객체. caution 수집 완료
[INFO|CRAWLER.py] 2020-11-16 10:55:28,767 > YCE1605-01-00: 중복된 강의 객체. caution 수집 완료
[INFO|CRAWLER.py] 2020-11-16 10:55:30,819 > YCE1998-01-00 cleared
[INFO|CRAWLER.py] 2020-11-16 10:55:32,876 > YCE1999-01-00 cleared
[INFO|CRAWLER.py] 2020-11-16 10:55:34,927 > YCE1999-02-00 cleared
[INFO|CRAWLER.py] 2020-11-16 10:55:36,949 > 필수교양-인간과역사 탐색 완료
[INFO|CRAWLER.py] 2020-11-16 10:55:36,949 > 20191-(~2018학번)국제캠퍼스-필수교양-언어와표현 수집 시작
[INFO|CRAWLER.py] 2020-11-16 10:55:37,540 > 15 rows in 1-15 of 29
[INFO|CRAWLER.py] 2020-11-16 10:55:37,566 > 유의사항 기준 탐색 완료
[INFO|CRAWLER.py] 2020-11-16 10:55:38,083 > 15 rows in 1-15 of 29
[INFO|CRAWLER.py] 2020-11-16 10:55:40,137 > YCF1201-07-00 cleared
[INFO|CRAWLER.py] 2020-11-16 10:55:42,214 > YCF1201-09-00 cleared
[INFO|CRAWLER.py] 2020-11-16 10:55:44,291 > YCF1201-11-00 cleared
[INFO|CRAWLER.py] 2020-11-16 10:55:46,366 > YCF1202-03-00 cleared
[INFO|CRAWLER.py] 2020-11-16 10:55:48,421 > YCF1301-05-00 cleared
[INFO|CRAWLER.py] 2020-11-16 10:55:50,572 > YCF1303-02-00 cleared
[INFO|CRAWLER.py] 2020-11-16 10:55:52,644 > YCF1351-05-00 cleared
[INFO|CRAWLER.py] 2020-11-16 10:55:55,227 > 14 rows in 16-29 of 29
[INFO|CRAWLER.py] 2020-11-16 10:55:57,280 > YCF1451-03-00 cleared
[INFO|CRAWLER.py] 2020-11-16 10:55:59,385 > YCF1452-02-00 cleared
[INFO|CRAWLER.py] 2020-11-16 10:56:01,576 > YCF1601-02-00 cleared
[INFO|CRAWLER.py] 2020-11-16 10:56:03,631 > YCF1603-03-00 cleared
[INFO|CRAWLER.py] 2020-11-16 10:56:05,703 > YCF1652-03-00 cleared
[INFO|CRAWLER.py] 2020-11-16 10:56:07,747 > 필수교양-언어와표현 탐색 완료
[INFO|CRAWLER.py] 2020-11-16 10:56:07,747 > 20191-(~2018학번)국제캠퍼스-필수교양-가치와윤리 수집 시작
[INFO|CRAWLER.py] 2020-11-16 10:56:08,379 > 8 rows in 1-8 of 8
[INFO|CRAWLER.py] 2020-11-16 10:56:08,403 > 유의사항 기준 탐색 완료
[INFO|CRAWLER.py] 2020-11-16 10:56:08,919 > 8 rows in 1-8 of 8
[INFO|CRAWLER.py] 2020-11-16 10:56:10,977 > YCG1004-01-00 cleared
[INFO|CRAWLER.py] 2020-11-16 10:56:13,032 > YCG1402-01-00 cleared
[INFO|CRAWLER.py] 2020-11-16 10:56:15,086 > YCG1601-01-00 cleared
[INFO|CRAWLER.py] 2020-11-16 10:56:17,144 > YCG1804-01-00 cleared
[INFO|CRAWLER.py] 2020-11-16 10:56:19,201 > YCG1999-04-00 cleared
[INFO|CRAWLER.py] 2020-11-16 10:56:21,255 > YCG1999-05-00 cleared
[INFO|CRAWLER.py] 2020-11-16 10:56:23,316 > YCG1999-06-00 cleared
[INFO|CRAWLER.py] 2020-11-16 10:56:25,366 > YCG1999-07-00 cleared
[INFO|CRAWLER.py] 2020-11-16 10:56:27,388 > 필수교양-가치와윤리 탐색 완료
[INFO|CRAWLER.py] 2020-11-16 10:56:27,388 > 20191-(~2018학번)국제캠퍼스-필수교양-국가와사회공동체 수집 시작
[INFO|CRAWLER.py] 2020-11-16 10:56:27,984 > 3 rows in 1-3 of 3
[INFO|CRAWLER.py] 2020-11-16 10:56:28,008 > 유의사항 기준 탐색 완료
[INFO|CRAWLER.py] 2020-11-16 10:56:28,524 > 3 rows in 1-3 of 3
[INFO|CRAWLER.py] 2020-11-16 10:56:28,589 > SOC1004-01-00: 중복된 강의 객체. caution 수집 완료
[INFO|CRAWLER.py] 2020-11-16 10:56:30,642 > UCD1101-02-00 cleared
[INFO|CRAWLER.py] 2020-11-16 10:56:32,663 > 필수교양-국가와사회공동체 탐색 완료
[INFO|CRAWLER.py] 2020-11-16 10:56:32,663 > 20191-(~2018학번)국제캠퍼스-필수교양-지역사회와세계 수집 시작
[INFO|CRAWLER.py] 2020-11-16 10:56:33,250 > 14 rows in 1-14 of 14
[INFO|CRAWLER.py] 2020-11-16 10:56:33,274 > 유의사항 기준 탐색 완료
[INFO|CRAWLER.py] 2020-11-16 10:56:33,791 > 14 rows in 1-14 of 14
[INFO|CRAWLER.py] 2020-11-16 10:56:35,869 > ECO1001-06-00 cleared
[INFO|CRAWLER.py] 2020-11-16 10:56:35,907 > ECO1001-07-00: 중복된 강의 객체. caution 수집 완료
[INFO|CRAWLER.py] 2020-11-16 10:56:35,947 > ECO1001-08-00: 중복된 강의 객체. caution 수집 완료
[INFO|CRAWLER.py] 2020-11-16 10:56:38,025 > ECO1002-03-00 cleared
[INFO|CRAWLER.py] 2020-11-16 10:56:40,089 > ECO1002-04-00 cleared
[INFO|CRAWLER.py] 2020-11-16 10:56:42,165 > ECO1002-06-00 cleared
[INFO|CRAWLER.py] 2020-11-16 10:56:44,223 > UCD1106-02-00 cleared
[INFO|CRAWLER.py] 2020-11-16 10:56:46,278 > YCI1301-01-00 cleared
[INFO|CRAWLER.py] 2020-11-16 10:56:46,345 > YCI1853-01-00: 중복된 강의 객체. caution 수집 완료
[INFO|CRAWLER.py] 2020-11-16 10:56:48,413 > YCI1901-01-00 cleared
[INFO|CRAWLER.py] 2020-11-16 10:56:50,465 > YCI1998-01-00 cleared
[INFO|CRAWLER.py] 2020-11-16 10:56:52,493 > 필수교양-지역사회와세계 탐색 완료
[INFO|CRAWLER.py] 2020-11-16 10:56:52,493 > 20191-(~2018학번)국제캠퍼스-필수교양-논리와수리 수집 시작
[INFO|CRAWLER.py] 2020-11-16 10:56:53,123 > 15 rows in 1-15 of 55
[INFO|CRAWLER.py] 2020-11-16 10:56:53,155 > 유의사항 기준 탐색 완료
[INFO|CRAWLER.py] 2020-11-16 10:56:53,674 > 15 rows in 1-15 of 55
[INFO|CRAWLER.py] 2020-11-16 10:56:55,752 > MAT1001-02-02 cleared
[INFO|CRAWLER.py] 2020-11-16 10:56:57,971 > MAT1001-06-02 cleared
[INFO|CRAWLER.py] 2020-11-16 10:57:00,045 > MAT1011-02-02 cleared
[INFO|CRAWLER.py] 2020-11-16 10:57:02,126 > MAT1011-03-02 cleared
[INFO|CRAWLER.py] 2020-11-16 10:57:04,723 > 15 rows in 16-30 of 55
[INFO|CRAWLER.py] 2020-11-16 10:57:06,770 > MAT1011-04-02 cleared
[INFO|CRAWLER.py] 2020-11-16 10:57:08,933 > MAT1011-07-02 cleared
[INFO|CRAWLER.py] 2020-11-16 10:57:11,048 > MAT1011-09-02 cleared
[INFO|CRAWLER.py] 2020-11-16 10:57:13,705 > 15 rows in 31-45 of 55
[INFO|CRAWLER.py] 2020-11-16 10:57:15,775 > MAT1011-12-02 cleared
[INFO|CRAWLER.py] 2020-11-16 10:57:17,912 > MAT1016-01-01 cleared
[INFO|CRAWLER.py] 2020-11-16 10:57:19,963 > MAT1016-01-02 cleared
[INFO|CRAWLER.py] 2020-11-16 10:57:22,027 > STA1001-07-01 cleared
[INFO|CRAWLER.py] 2020-11-16 10:57:24,171 > STA1001-08-01 cleared
[INFO|CRAWLER.py] 2020-11-16 10:57:26,728 > 10 rows in 46-55 of 55
[INFO|CRAWLER.py] 2020-11-16 10:57:28,806 > STA1001-09-01 cleared
[INFO|CRAWLER.py] 2020-11-16 10:57:30,882 > STA1001-10-01 cleared
[INFO|CRAWLER.py] 2020-11-16 10:57:32,952 > STA1001-11-01 cleared
[INFO|CRAWLER.py] 2020-11-16 10:57:33,009 > STA1001-12-01: 중복된 강의 객체. caution 수집 완료
[INFO|CRAWLER.py] 2020-11-16 10:57:33,048 > STA1001-12-02: 중복된 강의 객체. caution 수집 완료
[INFO|CRAWLER.py] 2020-11-16 10:57:35,116 > 필수교양-논리와수리 탐색 완료
[INFO|CRAWLER.py] 2020-11-16 10:57:35,116 > 20191-(~2018학번)국제캠퍼스-필수교양-자연과우주 수집 시작
[INFO|CRAWLER.py] 2020-11-16 10:57:35,743 > 15 rows in 1-15 of 54
[INFO|CRAWLER.py] 2020-11-16 10:57:35,776 > 유의사항 기준 탐색 완료
[INFO|CRAWLER.py] 2020-11-16 10:57:36,293 > 15 rows in 1-15 of 54
[INFO|CRAWLER.py] 2020-11-16 10:57:38,365 > CHE1001-03-00 cleared
[INFO|CRAWLER.py] 2020-11-16 10:57:40,640 > CHE1011-05-00 cleared
[INFO|CRAWLER.py] 2020-11-16 10:57:42,719 > CHE1011-07-00 cleared
[INFO|CRAWLER.py] 2020-11-16 10:57:44,771 > CHE1011-08-00 cleared
[INFO|CRAWLER.py] 2020-11-16 10:57:47,362 > 15 rows in 16-30 of 54
[INFO|CRAWLER.py] 2020-11-16 10:57:49,460 > CHE1011-11-00 cleared
[INFO|CRAWLER.py] 2020-11-16 10:57:51,535 > CHE1011-13-00 cleared
[INFO|CRAWLER.py] 2020-11-16 10:57:53,690 > PHY1001-04-00 cleared
[INFO|CRAWLER.py] 2020-11-16 10:57:55,743 > PHY1001-05-00 cleared
[INFO|CRAWLER.py] 2020-11-16 10:57:57,800 > PHY1001-06-00 cleared
[INFO|CRAWLER.py] 2020-11-16 10:57:59,852 > PHY1001-07-00 cleared
[INFO|CRAWLER.py] 2020-11-16 10:58:01,928 > PHY1001-09-00 cleared
[INFO|CRAWLER.py] 2020-11-16 10:58:04,498 > 15 rows in 31-45 of 54
[INFO|CRAWLER.py] 2020-11-16 10:58:06,569 > PHY1011-04-00 cleared
[INFO|CRAWLER.py] 2020-11-16 10:58:08,707 > PHY1011-09-00 cleared
[INFO|CRAWLER.py] 2020-11-16 10:58:10,823 > PHY1011-13-00 cleared
[INFO|CRAWLER.py] 2020-11-16 10:58:12,868 > PHY1011-14-00 cleared
[INFO|CRAWLER.py] 2020-11-16 10:58:14,940 > PHY1011-16-00 cleared
[INFO|CRAWLER.py] 2020-11-16 10:58:17,515 > 9 rows in 46-54 of 54
[INFO|CRAWLER.py] 2020-11-16 10:58:19,564 > PHY1011-18-00 cleared
[INFO|CRAWLER.py] 2020-11-16 10:58:21,610 > PHY1011-19-00 cleared
[INFO|CRAWLER.py] 2020-11-16 10:58:23,689 > UCC1106-03-00 cleared
[INFO|CRAWLER.py] 2020-11-16 10:58:25,742 > UCC1106-04-00 cleared
[INFO|CRAWLER.py] 2020-11-16 10:58:27,791 > YCK1998-01-00 cleared
[INFO|CRAWLER.py] 2020-11-16 10:58:29,838 > YCK1998-02-00 cleared
[INFO|CRAWLER.py] 2020-11-16 10:58:31,890 > YCK1998-03-00 cleared
[INFO|CRAWLER.py] 2020-11-16 10:58:33,948 > YCK1998-04-00 cleared
[INFO|CRAWLER.py] 2020-11-16 10:58:35,994 > 필수교양-자연과우주 탐색 완료
[INFO|CRAWLER.py] 2020-11-16 10:58:35,994 > 20191-(~2018학번)국제캠퍼스-필수교양-생명과환경 수집 시작
[INFO|CRAWLER.py] 2020-11-16 10:58:36,624 > 12 rows in 1-12 of 12
[INFO|CRAWLER.py] 2020-11-16 10:58:36,651 > 유의사항 기준 탐색 완료
[INFO|CRAWLER.py] 2020-11-16 10:58:37,167 > 12 rows in 1-12 of 12
[INFO|CRAWLER.py] 2020-11-16 10:58:39,242 > BIO1008-02-00 cleared
[INFO|CRAWLER.py] 2020-11-16 10:58:41,343 > BIO1011-02-00 cleared
[INFO|CRAWLER.py] 2020-11-16 10:58:43,443 > BIO1011-05-00 cleared
[INFO|CRAWLER.py] 2020-11-16 10:58:45,493 > BIO1011-06-00 cleared
[INFO|CRAWLER.py] 2020-11-16 10:58:47,546 > BIO1011-07-00 cleared
[INFO|CRAWLER.py] 2020-11-16 10:58:49,597 > YCL1401-01-00 cleared
[INFO|CRAWLER.py] 2020-11-16 10:59:02,194 > YCL1999-02-00 cleared
[INFO|CRAWLER.py] 2020-11-16 10:59:04,221 > 필수교양-생명과환경 탐색 완료
[INFO|CRAWLER.py] 2020-11-16 10:59:04,221 > 20191-(~2018학번)국제캠퍼스-필수교양-소프트웨어 수집 시작
[INFO|CRAWLER.py] 2020-11-16 10:59:04,851 > 6 rows in 1-6 of 6
[INFO|CRAWLER.py] 2020-11-16 10:59:04,879 > 유의사항 기준 탐색 완료
[INFO|CRAWLER.py] 2020-11-16 10:59:05,398 > 6 rows in 1-6 of 6
[INFO|CRAWLER.py] 2020-11-16 10:59:07,450 > YCS1001-03-00 cleared
[INFO|CRAWLER.py] 2020-11-16 10:59:09,531 > YCS1001-05-00 cleared
[INFO|CRAWLER.py] 2020-11-16 10:59:11,608 > YCS1002-05-00 cleared
[INFO|CRAWLER.py] 2020-11-16 10:59:13,654 > 필수교양-소프트웨어 탐색 완료
[INFO|CRAWLER.py] 2020-11-16 10:59:13,654 > 20191-(~2018학번)국제캠퍼스-선택교양-일반 수집 시작
[INFO|CRAWLER.py] 2020-11-16 10:59:14,244 > 1 rows in 1-1 of 1
[INFO|CRAWLER.py] 2020-11-16 10:59:14,269 > 유의사항 기준 탐색 완료
[INFO|CRAWLER.py] 2020-11-16 10:59:14,786 > 1 rows in 1-1 of 1
[INFO|CRAWLER.py] 2020-11-16 10:59:16,830 > 선택교양-일반 탐색 완료
[INFO|CRAWLER.py] 2020-11-16 10:59:16,830 > 20191-(~2018학번)국제캠퍼스-선택교양-RC SE (HE1) 수집 시작
[INFO|CRAWLER.py] 2020-11-16 10:59:17,419 > 15 rows in 1-15 of 40
[INFO|CRAWLER.py] 2020-11-16 10:59:17,449 > 유의사항 기준 탐색 완료
[INFO|CRAWLER.py] 2020-11-16 10:59:17,965 > 15 rows in 1-15 of 40
[INFO|CRAWLER.py] 2020-11-16 10:59:20,014 > UCR1015-01-00 cleared
[INFO|CRAWLER.py] 2020-11-16 10:59:22,086 > UCR1015-03-00 cleared
[INFO|CRAWLER.py] 2020-11-16 10:59:24,140 > UCR1015-04-00 cleared
[INFO|CRAWLER.py] 2020-11-16 10:59:26,188 > UCR1015-05-00 cleared
[INFO|CRAWLER.py] 2020-11-16 10:59:28,239 > UCR1015-06-00 cleared
[INFO|CRAWLER.py] 2020-11-16 10:59:30,295 > UCR1015-07-00 cleared
[INFO|CRAWLER.py] 2020-11-16 10:59:32,344 > UCR1015-08-00 cleared
[INFO|CRAWLER.py] 2020-11-16 10:59:34,397 > UCR1015-09-00 cleared
[INFO|CRAWLER.py] 2020-11-16 10:59:36,476 > UCR1015-11-00 cleared
[INFO|CRAWLER.py] 2020-11-16 10:59:39,144 > 15 rows in 16-30 of 40
[INFO|CRAWLER.py] 2020-11-16 10:59:41,275 > UCR1015-20-00 cleared
[INFO|CRAWLER.py] 2020-11-16 10:59:43,364 > UCR1015-23-00 cleared
[INFO|CRAWLER.py] 2020-11-16 10:59:45,411 > UCR1015-24-00 cleared
[INFO|CRAWLER.py] 2020-11-16 10:59:47,488 > UCR1015-26-00 cleared
[INFO|CRAWLER.py] 2020-11-16 10:59:49,539 > UCR1015-27-00 cleared
[INFO|CRAWLER.py] 2020-11-16 10:59:51,594 > UCR1015-28-00 cleared
[INFO|CRAWLER.py] 2020-11-16 10:59:53,669 > UCR1015-30-00 cleared
[INFO|CRAWLER.py] 2020-11-16 10:59:56,238 > 10 rows in 31-40 of 40
[INFO|CRAWLER.py] 2020-11-16 10:59:58,309 > UCR1015-31-00 cleared
[INFO|CRAWLER.py] 2020-11-16 11:00:00,367 > UCR1015-32-00 cleared
[INFO|CRAWLER.py] 2020-11-16 11:00:02,610 > 선택교양-RC SE (HE1) 탐색 완료
[INFO|CRAWLER.py] 2020-11-16 11:00:02,610 > 20191-(~2018학번)국제캠퍼스-선택교양-RC HE2 수집 시작
[INFO|CRAWLER.py] 2020-11-16 11:00:03,235 > 1 rows in 1-1 of 1
[INFO|CRAWLER.py] 2020-11-16 11:00:03,261 > 유의사항 기준 탐색 완료
[INFO|CRAWLER.py] 2020-11-16 11:00:03,778 > 1 rows in 1-1 of 1
[INFO|CRAWLER.py] 2020-11-16 11:00:05,838 > UCR1002-01-00 cleared
[INFO|CRAWLER.py] 2020-11-16 11:00:07,859 > 선택교양-RC HE2 탐색 완료
[INFO|CRAWLER.py] 2020-11-16 11:00:07,859 > 20191-(~2018학번)국제캠퍼스-선택교양-RC HE3 수집 시작
[INFO|CRAWLER.py] 2020-11-16 11:00:08,448 > 15 rows in 1-15 of 40
[INFO|CRAWLER.py] 2020-11-16 11:00:08,475 > 유의사항 기준 탐색 완료
[INFO|CRAWLER.py] 2020-11-16 11:00:08,991 > 15 rows in 1-15 of 40
[INFO|CRAWLER.py] 2020-11-16 11:00:11,093 > UCR1003-03-00 cleared
[INFO|CRAWLER.py] 2020-11-16 11:00:13,171 > UCR1003-05-00 cleared
[INFO|CRAWLER.py] 2020-11-16 11:00:15,246 > UCR1003-07-00 cleared
[INFO|CRAWLER.py] 2020-11-16 11:00:17,300 > UCR1003-08-00 cleared
[INFO|CRAWLER.py] 2020-11-16 11:00:19,377 > UCR1003-10-00 cleared
[INFO|CRAWLER.py] 2020-11-16 11:00:21,431 > UCR1003-11-00 cleared
[INFO|CRAWLER.py] 2020-11-16 11:00:23,513 > UCR1003-13-00 cleared
[INFO|CRAWLER.py] 2020-11-16 11:00:25,562 > UCR1003-14-00 cleared
[INFO|CRAWLER.py] 2020-11-16 11:00:27,617 > UCR1003-15-00 cleared
[INFO|CRAWLER.py] 2020-11-16 11:00:30,180 > 15 rows in 16-30 of 40
[INFO|CRAWLER.py] 2020-11-16 11:00:32,227 > UCR1003-16-00 cleared
[INFO|CRAWLER.py] 2020-11-16 11:00:34,276 > UCR1003-17-00 cleared
[INFO|CRAWLER.py] 2020-11-16 11:00:36,323 > UCR1003-18-00 cleared
[INFO|CRAWLER.py] 2020-11-16 11:00:38,376 > UCR1003-19-00 cleared
[INFO|CRAWLER.py] 2020-11-16 11:00:40,468 > UCR1003-22-00 cleared
[INFO|CRAWLER.py] 2020-11-16 11:00:42,522 > UCR1003-23-00 cleared
[INFO|CRAWLER.py] 2020-11-16 11:00:55,098 > UCR1003-24-00 cleared
[INFO|CRAWLER.py] 2020-11-16 11:00:57,153 > UCR1003-25-00 cleared
[INFO|CRAWLER.py] 2020-11-16 11:00:59,228 > UCR1003-27-00 cleared
[INFO|CRAWLER.py] 2020-11-16 11:01:01,301 > UCR1003-29-00 cleared
[INFO|CRAWLER.py] 2020-11-16 11:01:03,901 > 10 rows in 31-40 of 40
[INFO|CRAWLER.py] 2020-11-16 11:01:05,955 > UCR1003-31-00 cleared
[INFO|CRAWLER.py] 2020-11-16 11:01:08,006 > UCR1003-32-00 cleared
[INFO|CRAWLER.py] 2020-11-16 11:01:10,066 > UCR1003-33-00 cleared
[INFO|CRAWLER.py] 2020-11-16 11:01:12,120 > UCR1003-34-00 cleared
[INFO|CRAWLER.py] 2020-11-16 11:01:14,170 > UCR1003-35-00 cleared
[INFO|CRAWLER.py] 2020-11-16 11:01:16,224 > UCR1003-36-00 cleared
[INFO|CRAWLER.py] 2020-11-16 11:01:18,300 > UCR1003-38-00 cleared
[INFO|CRAWLER.py] 2020-11-16 11:01:20,386 > 선택교양-RC HE3 탐색 완료
[INFO|CRAWLER.py] 2020-11-16 11:01:20,386 > 20191-(~2018학번)국제캠퍼스-의예과(1학년) 수집 시작
[INFO|CRAWLER.py] 2020-11-16 11:01:21,014 > 0 rows in 1-0 of 0
[INFO|CRAWLER.py] 2020-11-16 11:01:31,523 > No caution link in 0th row
[INFO|CRAWLER.py] 2020-11-16 11:01:32,030 > 0 rows in 1-0 of 0
[INFO|CRAWLER.py] 2020-11-16 11:01:32,031 > No caution in pages
[INFO|CRAWLER.py] 2020-11-16 11:01:32,548 > 0 rows in 1-0 of 0
[INFO|CRAWLER.py] 2020-11-16 11:01:34,569 > 의예과(1학년) 탐색 완료
[INFO|CRAWLER.py] 2020-11-16 11:01:34,569 > 20191-(~2018학번)국제캠퍼스-치의예과(1학년) 수집 시작
[INFO|CRAWLER.py] 2020-11-16 11:01:35,158 > 6 rows in 1-6 of 6
[INFO|CRAWLER.py] 2020-11-16 11:01:35,184 > 유의사항 기준 탐색 완료
[INFO|CRAWLER.py] 2020-11-16 11:01:35,700 > 6 rows in 1-6 of 6
[INFO|CRAWLER.py] 2020-11-16 11:01:37,867 > 치의예과(1학년) 탐색 완료
[INFO|CRAWLER.py] 2020-11-16 11:01:37,868 > (~2018학번)국제캠퍼스 수집 완료
[INFO|CRAWLER.py] 2020-11-16 11:01:37,869 > FINISHED_LECT_OBJs에 20191-ALL 전부 등록 완료
