[INFO|CRAWLER.py] 2020-11-16 13:09:24,740 > 작업완료된 강의 객체 목록 다운로드 시작
[INFO|CRAWLER.py] 2020-11-16 13:09:32,105 > 작업완료된 강의 객체 목록 다운로드 완료
[INFO|CRAWLER.py] 2020-11-16 13:09:37,446 > 20192-언더우드국제대학-공통교과과정(신촌) 수집 시작
[INFO|CRAWLER.py] 2020-11-16 13:09:38,090 > 15 rows in 1-15 of 45
[INFO|CRAWLER.py] 2020-11-16 13:09:38,130 > 유의사항 기준 탐색 완료
[INFO|CRAWLER.py] 2020-11-16 13:09:38,649 > 15 rows in 1-15 of 45
[INFO|CRAWLER.py] 2020-11-16 13:09:38,701 > YCA1004-05-00: 중복된 강의 객체. caution 수집 완료
[INFO|CRAWLER.py] 2020-11-16 13:09:38,798 > YCA1008-05-00: 중복된 강의 객체. caution 수집 완료
[INFO|CRAWLER.py] 2020-11-16 13:09:38,846 > UIC1451-01-00: 중복된 강의 객체. caution 수집 완료
[INFO|CRAWLER.py] 2020-11-16 13:09:38,892 > UIC1501-01-00: 중복된 강의 객체. caution 수집 완료
[INFO|CRAWLER.py] 2020-11-16 13:09:38,936 > UIC1502-01-00: 중복된 강의 객체. caution 수집 완료
[INFO|CRAWLER.py] 2020-11-16 13:09:38,981 > UIC1551-01-00: 중복된 강의 객체. caution 수집 완료
[INFO|CRAWLER.py] 2020-11-16 13:09:39,024 > UIC1551-02-00: 중복된 강의 객체. caution 수집 완료
[INFO|CRAWLER.py] 2020-11-16 13:09:39,069 > UIC1551-03-00: 중복된 강의 객체. caution 수집 완료
[INFO|CRAWLER.py] 2020-11-16 13:09:39,113 > UIC1751-01-00: 중복된 강의 객체. caution 수집 완료
[INFO|CRAWLER.py] 2020-11-16 13:09:39,159 > UIC1809-01-00: 중복된 강의 객체. caution 수집 완료
[INFO|CRAWLER.py] 2020-11-16 13:09:39,207 > UIC1920-01-00: 중복된 강의 객체. caution 수집 완료
[INFO|CRAWLER.py] 2020-11-16 13:09:39,256 > UIC2101-01-00: 중복된 강의 객체. caution 수집 완료
[INFO|CRAWLER.py] 2020-11-16 13:09:39,303 > UIC2101-02-00: 중복된 강의 객체. caution 수집 완료
[INFO|CRAWLER.py] 2020-11-16 13:09:49,898 > UIC2151-01-00: 중복된 강의 객체. caution 수집 완료
[INFO|CRAWLER.py] 2020-11-16 13:09:49,944 > UIC2151-02-00: 중복된 강의 객체. caution 수집 완료
[INFO|CRAWLER.py] 2020-11-16 13:09:52,534 > 15 rows in 16-30 of 45
[INFO|CRAWLER.py] 2020-11-16 13:09:52,579 > UIC2302-01-00: 중복된 강의 객체. caution 수집 완료
[INFO|CRAWLER.py] 2020-11-16 13:09:52,622 > UIC2306-01-00: 중복된 강의 객체. caution 수집 완료
[INFO|CRAWLER.py] 2020-11-16 13:09:52,668 > UIC2310-01-00: 중복된 강의 객체. caution 수집 완료
[INFO|CRAWLER.py] 2020-11-16 13:09:52,712 > UIC2311-01-00: 중복된 강의 객체. caution 수집 완료
[INFO|CRAWLER.py] 2020-11-16 13:09:52,762 > UIC3512-01-00: 중복된 강의 객체. caution 수집 완료
[INFO|CRAWLER.py] 2020-11-16 13:09:52,808 > UIC3515-01-00: 중복된 강의 객체. caution 수집 완료
[INFO|CRAWLER.py] 2020-11-16 13:09:52,853 > UIC3517-01-00: 중복된 강의 객체. caution 수집 완료
[INFO|CRAWLER.py] 2020-11-16 13:09:52,898 > UIC3573-01-00: 중복된 강의 객체. caution 수집 완료
[INFO|CRAWLER.py] 2020-11-16 13:09:52,968 > UIC3575-01-00: 중복된 강의 객체. caution 수집 완료
[INFO|CRAWLER.py] 2020-11-16 13:09:53,011 > UIC3602-01-00: 중복된 강의 객체. caution 수집 완료
[INFO|CRAWLER.py] 2020-11-16 13:09:53,057 > UIC3201-01-00: 중복된 강의 객체. caution 수집 완료
[INFO|CRAWLER.py] 2020-11-16 13:09:53,101 > UIC3523-01-00: 중복된 강의 객체. caution 수집 완료
[INFO|CRAWLER.py] 2020-11-16 13:09:53,149 > UIC3528-01-00: 중복된 강의 객체. caution 수집 완료
[INFO|CRAWLER.py] 2020-11-16 13:09:53,191 > UIC3535-01-00: 중복된 강의 객체. caution 수집 완료
[INFO|CRAWLER.py] 2020-11-16 13:09:55,754 > 15 rows in 31-45 of 45
[INFO|CRAWLER.py] 2020-11-16 13:09:55,792 > UIC3547-01-00: 중복된 강의 객체. caution 수집 완료
[INFO|CRAWLER.py] 2020-11-16 13:09:55,828 > UIC3550-01-00: 중복된 강의 객체. caution 수집 완료
[INFO|CRAWLER.py] 2020-11-16 13:09:55,865 > UIC3557-01-00: 중복된 강의 객체. caution 수집 완료
[INFO|CRAWLER.py] 2020-11-16 13:09:55,903 > UIC3560-01-00: 중복된 강의 객체. caution 수집 완료
[INFO|CRAWLER.py] 2020-11-16 13:09:55,941 > UIC3562-01-00: 중복된 강의 객체. caution 수집 완료
[INFO|CRAWLER.py] 2020-11-16 13:09:55,979 > UIC3563-01-00: 중복된 강의 객체. caution 수집 완료
[INFO|CRAWLER.py] 2020-11-16 13:09:56,016 > UIC3572-01-00: 중복된 강의 객체. caution 수집 완료
[INFO|CRAWLER.py] 2020-11-16 13:09:56,053 > UIC3576-01-00: 중복된 강의 객체. caution 수집 완료
[INFO|CRAWLER.py] 2020-11-16 13:09:56,096 > UIC3596-01-00: 중복된 강의 객체. caution 수집 완료
[INFO|CRAWLER.py] 2020-11-16 13:09:56,137 > UIC3611-01-00: 중복된 강의 객체. caution 수집 완료
[INFO|CRAWLER.py] 2020-11-16 13:09:56,175 > UIC3616-01-00: 중복된 강의 객체. caution 수집 완료
[INFO|CRAWLER.py] 2020-11-16 13:09:56,216 > UIC3617-01-00: 중복된 강의 객체. caution 수집 완료
[INFO|CRAWLER.py] 2020-11-16 13:09:56,253 > UIC3634-01-00: 중복된 강의 객체. caution 수집 완료
[INFO|CRAWLER.py] 2020-11-16 13:09:56,290 > UIC3641-01-00: 중복된 강의 객체. caution 수집 완료
[INFO|CRAWLER.py] 2020-11-16 13:09:56,329 > UIC4801-01-00: 중복된 강의 객체. caution 수집 완료
[INFO|CRAWLER.py] 2020-11-16 13:09:58,371 > 공통교과과정(신촌) 탐색 완료
[INFO|CRAWLER.py] 2020-11-16 13:09:58,371 > 20192-언더우드국제대학-공통교과과정(국제) 수집 시작
[INFO|CRAWLER.py] 2020-11-16 13:09:59,000 > 15 rows in 1-15 of 91
[INFO|CRAWLER.py] 2020-11-16 13:09:59,031 > 유의사항 기준 탐색 완료
[INFO|CRAWLER.py] 2020-11-16 13:09:59,548 > 15 rows in 1-15 of 91
[INFO|CRAWLER.py] 2020-11-16 13:09:59,589 > YCA1002-01-00: 중복된 강의 객체. caution 수집 완료
[INFO|CRAWLER.py] 2020-11-16 13:09:59,630 > YCA1002-02-00: 중복된 강의 객체. caution 수집 완료
[INFO|CRAWLER.py] 2020-11-16 13:09:59,672 > YCA1006-01-00: 중복된 강의 객체. caution 수집 완료
[INFO|CRAWLER.py] 2020-11-16 13:09:59,716 > YCA1006-02-00: 중복된 강의 객체. caution 수집 완료
[INFO|CRAWLER.py] 2020-11-16 13:09:59,756 > UIC1101-01-00: 중복된 강의 객체. caution 수집 완료
[INFO|CRAWLER.py] 2020-11-16 13:09:59,822 > UIC1101-03-00: 중복된 강의 객체. caution 수집 완료
[INFO|CRAWLER.py] 2020-11-16 13:09:59,863 > UIC1101-04-00: 중복된 강의 객체. caution 수집 완료
[INFO|CRAWLER.py] 2020-11-16 13:09:59,903 > UIC1101-05-00: 중복된 강의 객체. caution 수집 완료
[INFO|CRAWLER.py] 2020-11-16 13:09:59,943 > UIC1101-06-00: 중복된 강의 객체. caution 수집 완료
[INFO|CRAWLER.py] 2020-11-16 13:09:59,985 > UIC1101-07-00: 중복된 강의 객체. caution 수집 완료
[INFO|CRAWLER.py] 2020-11-16 13:10:00,099 > UIC1101-11-00: 중복된 강의 객체. caution 수집 완료
[INFO|CRAWLER.py] 2020-11-16 13:10:02,666 > 15 rows in 16-30 of 91
[INFO|CRAWLER.py] 2020-11-16 13:10:02,702 > UIC1101-12-00: 중복된 강의 객체. caution 수집 완료
[INFO|CRAWLER.py] 2020-11-16 13:10:02,736 > UIC1101-13-00: 중복된 강의 객체. caution 수집 완료
[INFO|CRAWLER.py] 2020-11-16 13:10:02,772 > UIC1101-14-00: 중복된 강의 객체. caution 수집 완료
[INFO|CRAWLER.py] 2020-11-16 13:10:02,831 > UIC1101-16-00: 중복된 강의 객체. caution 수집 완료
[INFO|CRAWLER.py] 2020-11-16 13:10:02,871 > UIC1301-01-00: 중복된 강의 객체. caution 수집 완료
[INFO|CRAWLER.py] 2020-11-16 13:10:02,908 > UIC1401-01-00: 중복된 강의 객체. caution 수집 완료
[INFO|CRAWLER.py] 2020-11-16 13:10:02,944 > UIC1451-02-00: 중복된 강의 객체. caution 수집 완료
[INFO|CRAWLER.py] 2020-11-16 13:10:02,980 > UIC1501-02-00: 중복된 강의 객체. caution 수집 완료
[INFO|CRAWLER.py] 2020-11-16 13:10:03,016 > UIC1551-04-00: 중복된 강의 객체. caution 수집 완료
[INFO|CRAWLER.py] 2020-11-16 13:10:03,053 > UIC1551-05-00: 중복된 강의 객체. caution 수집 완료
[INFO|CRAWLER.py] 2020-11-16 13:10:03,117 > UIC1561-01-00: 중복된 강의 객체. caution 수집 완료
[INFO|CRAWLER.py] 2020-11-16 13:10:03,159 > UIC1581-01-00: 중복된 강의 객체. caution 수집 완료
[INFO|CRAWLER.py] 2020-11-16 13:10:05,745 > 15 rows in 31-45 of 91
[INFO|CRAWLER.py] 2020-11-16 13:10:05,804 > UIC1805-02-00: 중복된 강의 객체. caution 수집 완료
[INFO|CRAWLER.py] 2020-11-16 13:10:05,841 > UIC1806-01-00: 중복된 강의 객체. caution 수집 완료
[INFO|CRAWLER.py] 2020-11-16 13:10:05,877 > UIC1808-01-00: 중복된 강의 객체. caution 수집 완료
[INFO|CRAWLER.py] 2020-11-16 13:10:05,913 > UIC1809-02-00: 중복된 강의 객체. caution 수집 완료
[INFO|CRAWLER.py] 2020-11-16 13:10:05,949 > UIC1810-01-00: 중복된 강의 객체. caution 수집 완료
[INFO|CRAWLER.py] 2020-11-16 13:10:05,985 > UIC1901-01-00: 중복된 강의 객체. caution 수집 완료
[INFO|CRAWLER.py] 2020-11-16 13:10:06,023 > UIC1901-02-00: 중복된 강의 객체. caution 수집 완료
[INFO|CRAWLER.py] 2020-11-16 13:10:06,060 > UIC1901-03-00: 중복된 강의 객체. caution 수집 완료
[INFO|CRAWLER.py] 2020-11-16 13:10:06,095 > UIC1915-01-00: 중복된 강의 객체. caution 수집 완료
[INFO|CRAWLER.py] 2020-11-16 13:10:06,131 > UIC2101-03-00: 중복된 강의 객체. caution 수집 완료
[INFO|CRAWLER.py] 2020-11-16 13:10:06,173 > UIC2101-04-00: 중복된 강의 객체. caution 수집 완료
[INFO|CRAWLER.py] 2020-11-16 13:10:06,210 > UIC2101-05-00: 중복된 강의 객체. caution 수집 완료
[INFO|CRAWLER.py] 2020-11-16 13:10:06,248 > UIC2101-06-00: 중복된 강의 객체. caution 수집 완료
[INFO|CRAWLER.py] 2020-11-16 13:10:08,832 > 15 rows in 46-60 of 91
[INFO|CRAWLER.py] 2020-11-16 13:10:08,868 > UIC2101-08-00: 중복된 강의 객체. caution 수집 완료
[INFO|CRAWLER.py] 2020-11-16 13:10:08,905 > UIC2151-03-00: 중복된 강의 객체. caution 수집 완료
[INFO|CRAWLER.py] 2020-11-16 13:10:08,946 > UIC2151-04-00: 중복된 강의 객체. caution 수집 완료
[INFO|CRAWLER.py] 2020-11-16 13:10:09,011 > UIC2151-06-00: 중복된 강의 객체. caution 수집 완료
[INFO|CRAWLER.py] 2020-11-16 13:10:09,047 > UIC2151-07-00: 중복된 강의 객체. caution 수집 완료
[INFO|CRAWLER.py] 2020-11-16 13:10:09,105 > UIC2151-09-00: 중복된 강의 객체. caution 수집 완료
[INFO|CRAWLER.py] 2020-11-16 13:10:09,142 > YCA1101-09-00: 중복된 강의 객체. caution 수집 완료
[INFO|CRAWLER.py] 2020-11-16 13:10:09,178 > YCA1101-10-00: 중복된 강의 객체. caution 수집 완료
[INFO|CRAWLER.py] 2020-11-16 13:10:09,216 > YCA1102-10-00: 중복된 강의 객체. caution 수집 완료
[INFO|CRAWLER.py] 2020-11-16 13:10:09,252 > YCA1102-11-00: 중복된 강의 객체. caution 수집 완료
[INFO|CRAWLER.py] 2020-11-16 13:10:09,290 > YCA1103-05-00: 중복된 강의 객체. caution 수집 완료
[INFO|CRAWLER.py] 2020-11-16 13:10:09,325 > BIO1002-03-01: 중복된 강의 객체. caution 수집 완료
[INFO|CRAWLER.py] 2020-11-16 13:10:09,366 > BIO1002-03-02: 중복된 강의 객체. caution 수집 완료
[INFO|CRAWLER.py] 2020-11-16 13:10:11,936 > 15 rows in 61-75 of 91
[INFO|CRAWLER.py] 2020-11-16 13:10:11,972 > BIO1002-04-01: 중복된 강의 객체. caution 수집 완료
[INFO|CRAWLER.py] 2020-11-16 13:10:12,009 > BIO1002-04-02: 중복된 강의 객체. caution 수집 완료
[INFO|CRAWLER.py] 2020-11-16 13:10:12,044 > CHE1002-10-01: 중복된 강의 객체. caution 수집 완료
[INFO|CRAWLER.py] 2020-11-16 13:10:12,079 > CHE1002-10-02: 중복된 강의 객체. caution 수집 완료
[INFO|CRAWLER.py] 2020-11-16 13:10:12,116 > CHE1002-11-01: 중복된 강의 객체. caution 수집 완료
[INFO|CRAWLER.py] 2020-11-16 13:10:12,156 > CHE1002-11-02: 중복된 강의 객체. caution 수집 완료
[INFO|CRAWLER.py] 2020-11-16 13:10:12,193 > ECO1001-06-00: 중복된 강의 객체. caution 수집 완료
[INFO|CRAWLER.py] 2020-11-16 13:10:12,230 > ECO1001-07-00: 중복된 강의 객체. caution 수집 완료
[INFO|CRAWLER.py] 2020-11-16 13:10:12,266 > MAT1002-07-00: 중복된 강의 객체. caution 수집 완료
[INFO|CRAWLER.py] 2020-11-16 13:10:12,302 > MAT1002-08-00: 중복된 강의 객체. caution 수집 완료
[INFO|CRAWLER.py] 2020-11-16 13:10:12,338 > PHY1002-08-01: 중복된 강의 객체. caution 수집 완료
[INFO|CRAWLER.py] 2020-11-16 13:10:12,375 > PHY1002-08-02: 중복된 강의 객체. caution 수집 완료
[INFO|CRAWLER.py] 2020-11-16 13:10:12,411 > PHY1002-09-01: 중복된 강의 객체. caution 수집 완료
[INFO|CRAWLER.py] 2020-11-16 13:10:12,447 > PHY1002-09-02: 중복된 강의 객체. caution 수집 완료
[INFO|CRAWLER.py] 2020-11-16 13:10:12,483 > POL1003-01-00: 중복된 강의 객체. caution 수집 완료
[INFO|CRAWLER.py] 2020-11-16 13:10:15,048 > 15 rows in 76-90 of 91
[INFO|CRAWLER.py] 2020-11-16 13:10:15,083 > STA1001-11-01: 중복된 강의 객체. caution 수집 완료
[INFO|CRAWLER.py] 2020-11-16 13:10:15,119 > STA1001-11-02: 중복된 강의 객체. caution 수집 완료
[INFO|CRAWLER.py] 2020-11-16 13:10:15,157 > ASP2007-01-00: 중복된 강의 객체. caution 수집 완료
[INFO|CRAWLER.py] 2020-11-16 13:10:15,192 > ASP2019-01-00: 중복된 강의 객체. caution 수집 완료
[INFO|CRAWLER.py] 2020-11-16 13:10:15,228 > ASP2022-01-00: 중복된 강의 객체. caution 수집 완료
[INFO|CRAWLER.py] 2020-11-16 13:10:15,264 > ASP2024-01-00: 중복된 강의 객체. caution 수집 완료
[INFO|CRAWLER.py] 2020-11-16 13:10:15,304 > UIC2302-02-00: 중복된 강의 객체. caution 수집 완료
[INFO|CRAWLER.py] 2020-11-16 13:10:15,341 > UIC2307-01-00: 중복된 강의 객체. caution 수집 완료
[INFO|CRAWLER.py] 2020-11-16 13:10:15,379 > UIC3574-01-00: 중복된 강의 객체. caution 수집 완료
[INFO|CRAWLER.py] 2020-11-16 13:10:15,415 > UIC2002-01-00: 중복된 강의 객체. caution 수집 완료
[INFO|CRAWLER.py] 2020-11-16 13:10:15,451 > UIC2002-02-00: 중복된 강의 객체. caution 수집 완료
[INFO|CRAWLER.py] 2020-11-16 13:10:15,487 > ASP3008-01-00: 중복된 강의 객체. caution 수집 완료
[INFO|CRAWLER.py] 2020-11-16 13:10:17,542 > ASP3031-01-00 cleared
[INFO|CRAWLER.py] 2020-11-16 13:10:19,588 > UIC3607-01-00 cleared
[INFO|CRAWLER.py] 2020-11-16 13:10:21,640 > UIC3647-01-00 cleared
[INFO|CRAWLER.py] 2020-11-16 13:10:24,182 > 1 rows in 91-91 of 91
[INFO|CRAWLER.py] 2020-11-16 13:10:26,243 > UIC3649-01-00 cleared
[INFO|CRAWLER.py] 2020-11-16 13:10:28,284 > 공통교과과정(국제) 탐색 완료
[INFO|CRAWLER.py] 2020-11-16 13:10:28,285 > 20192-언더우드국제대학-언더우드학부(인문사회)-비교문학과문화 수집 시작
[INFO|CRAWLER.py] 2020-11-16 13:10:28,914 > 15 rows in 1-15 of 16
[INFO|CRAWLER.py] 2020-11-16 13:10:28,945 > 유의사항 기준 탐색 완료
[INFO|CRAWLER.py] 2020-11-16 13:10:29,463 > 15 rows in 1-15 of 16
[INFO|CRAWLER.py] 2020-11-16 13:10:31,519 > CLC2102-01-00 cleared
[INFO|CRAWLER.py] 2020-11-16 13:10:33,598 > CLC2721-01-00 cleared
[INFO|CRAWLER.py] 2020-11-16 13:10:35,647 > CLC2111-01-00 cleared
[INFO|CRAWLER.py] 2020-11-16 13:10:37,708 > CLC2112-01-00 cleared
[INFO|CRAWLER.py] 2020-11-16 13:10:39,777 > CLC3101-01-00 cleared
[INFO|CRAWLER.py] 2020-11-16 13:10:52,363 > CLC3109-01-00 cleared
[INFO|CRAWLER.py] 2020-11-16 13:11:04,943 > CLC3729-01-00 cleared
[INFO|CRAWLER.py] 2020-11-16 13:11:07,006 > CLC4702-01-00 cleared
[INFO|CRAWLER.py] 2020-11-16 13:11:07,046 > ELL3706-01-00: 중복된 강의 객체. caution 수집 완료
[INFO|CRAWLER.py] 2020-11-16 13:11:09,120 > CLC3108-01-00 cleared
[INFO|CRAWLER.py] 2020-11-16 13:11:11,188 > CLC3720-01-00 cleared
[INFO|CRAWLER.py] 2020-11-16 13:11:13,249 > CLC3721-01-00 cleared
[INFO|CRAWLER.py] 2020-11-16 13:11:15,300 > CLC3723-01-00 cleared
[INFO|CRAWLER.py] 2020-11-16 13:11:15,340 > ELL3921-01-00: 중복된 강의 객체. caution 수집 완료
[INFO|CRAWLER.py] 2020-11-16 13:11:17,401 > CLC4711-01-00 cleared
[INFO|CRAWLER.py] 2020-11-16 13:11:19,964 > 1 rows in 16-16 of 16
[INFO|CRAWLER.py] 2020-11-16 13:11:20,007 > ELL4910-01-00: 중복된 강의 객체. caution 수집 완료
[INFO|CRAWLER.py] 2020-11-16 13:11:22,034 > 언더우드학부(인문사회)-비교문학과문화 탐색 완료
[INFO|CRAWLER.py] 2020-11-16 13:11:22,034 > 20192-언더우드국제대학-언더우드학부(인문사회)-경제학 수집 시작
[INFO|CRAWLER.py] 2020-11-16 13:11:22,664 > 15 rows in 1-15 of 38
[INFO|CRAWLER.py] 2020-11-16 13:11:22,688 > 유의사항 기준 탐색 완료
[INFO|CRAWLER.py] 2020-11-16 13:11:23,204 > 15 rows in 1-15 of 38
[INFO|CRAWLER.py] 2020-11-16 13:11:23,246 > ECO1101-04-00: 중복된 강의 객체. caution 수집 완료
[INFO|CRAWLER.py] 2020-11-16 13:11:23,288 > ECO1101-05-00: 중복된 강의 객체. caution 수집 완료
[INFO|CRAWLER.py] 2020-11-16 13:11:23,329 > ECO1101-06-00: 중복된 강의 객체. caution 수집 완료
[INFO|CRAWLER.py] 2020-11-16 13:11:23,374 > ECO1103-01-00: 중복된 강의 객체. caution 수집 완료
[INFO|CRAWLER.py] 2020-11-16 13:11:23,420 > ECO1103-02-00: 중복된 강의 객체. caution 수집 완료
[INFO|CRAWLER.py] 2020-11-16 13:11:23,464 > ECO1103-06-00: 중복된 강의 객체. caution 수집 완료
[INFO|CRAWLER.py] 2020-11-16 13:11:23,504 > ECO1103-07-00: 중복된 강의 객체. caution 수집 완료
[INFO|CRAWLER.py] 2020-11-16 13:11:23,547 > ECO1104-01-00: 중복된 강의 객체. caution 수집 완료
[INFO|CRAWLER.py] 2020-11-16 13:11:23,590 > ECO1104-02-00: 중복된 강의 객체. caution 수집 완료
[INFO|CRAWLER.py] 2020-11-16 13:11:23,637 > ECO1104-06-00: 중복된 강의 객체. caution 수집 완료
[INFO|CRAWLER.py] 2020-11-16 13:11:23,682 > ECO1104-07-00: 중복된 강의 객체. caution 수집 완료
[INFO|CRAWLER.py] 2020-11-16 13:11:23,728 > ECO2101-03-00: 중복된 강의 객체. caution 수집 완료
[INFO|CRAWLER.py] 2020-11-16 13:11:23,774 > ECO2101-04-00: 중복된 강의 객체. caution 수집 완료
[INFO|CRAWLER.py] 2020-11-16 13:11:23,821 > ECO2101-05-00: 중복된 강의 객체. caution 수집 완료
[INFO|CRAWLER.py] 2020-11-16 13:11:23,865 > ECO2101-06-00: 중복된 강의 객체. caution 수집 완료
[INFO|CRAWLER.py] 2020-11-16 13:11:26,440 > 15 rows in 16-30 of 38
[INFO|CRAWLER.py] 2020-11-16 13:11:26,476 > ECO2101-07-00: 중복된 강의 객체. caution 수집 완료
[INFO|CRAWLER.py] 2020-11-16 13:11:26,518 > ECO2102-03-00: 중복된 강의 객체. caution 수집 완료
[INFO|CRAWLER.py] 2020-11-16 13:11:26,563 > ECO2102-04-00: 중복된 강의 객체. caution 수집 완료
[INFO|CRAWLER.py] 2020-11-16 13:11:26,605 > ECO2102-05-00: 중복된 강의 객체. caution 수집 완료
[INFO|CRAWLER.py] 2020-11-16 13:11:28,669 > STA1001-04-01 cleared
[INFO|CRAWLER.py] 2020-11-16 13:11:30,723 > STA1001-04-02 cleared
[INFO|CRAWLER.py] 2020-11-16 13:11:30,759 > STA1001-11-01: 중복된 강의 객체. caution 수집 완료
[INFO|CRAWLER.py] 2020-11-16 13:11:30,795 > STA1001-11-02: 중복된 강의 객체. caution 수집 완료
[INFO|CRAWLER.py] 2020-11-16 13:11:30,837 > ECO3114-01-00: 중복된 강의 객체. caution 수집 완료
[INFO|CRAWLER.py] 2020-11-16 13:11:30,890 > ECO3101-02-00: 중복된 강의 객체. caution 수집 완료
[INFO|CRAWLER.py] 2020-11-16 13:11:30,925 > ECO3101-03-00: 중복된 강의 객체. caution 수집 완료
[INFO|CRAWLER.py] 2020-11-16 13:11:30,960 > ECO3103-01-00: 중복된 강의 객체. caution 수집 완료
[INFO|CRAWLER.py] 2020-11-16 13:11:30,998 > ECO3108-01-00: 중복된 강의 객체. caution 수집 완료
[INFO|CRAWLER.py] 2020-11-16 13:11:31,037 > ECO3110-02-00: 중복된 강의 객체. caution 수집 완료
[INFO|CRAWLER.py] 2020-11-16 13:11:31,080 > ECO3112-01-00: 중복된 강의 객체. caution 수집 완료
[INFO|CRAWLER.py] 2020-11-16 13:11:33,630 > 8 rows in 31-38 of 38
[INFO|CRAWLER.py] 2020-11-16 13:11:33,673 > ECO3123-01-00: 중복된 강의 객체. caution 수집 완료
[INFO|CRAWLER.py] 2020-11-16 13:11:33,732 > ECO3130-02-00: 중복된 강의 객체. caution 수집 완료
[INFO|CRAWLER.py] 2020-11-16 13:11:33,782 > ECO3134-02-00: 중복된 강의 객체. caution 수집 완료
[INFO|CRAWLER.py] 2020-11-16 13:11:33,824 > ECO3140-01-00: 중복된 강의 객체. caution 수집 완료
[INFO|CRAWLER.py] 2020-11-16 13:11:33,867 > ECO4115-01-00: 중복된 강의 객체. caution 수집 완료
[INFO|CRAWLER.py] 2020-11-16 13:11:33,901 > ECO4122-01-00: 중복된 강의 객체. caution 수집 완료
[INFO|CRAWLER.py] 2020-11-16 13:11:33,948 > ECO4862-01-00: 중복된 강의 객체. caution 수집 완료
[INFO|CRAWLER.py] 2020-11-16 13:11:33,991 > ECO4865-01-00: 중복된 강의 객체. caution 수집 완료
[INFO|CRAWLER.py] 2020-11-16 13:11:36,033 > 언더우드학부(인문사회)-경제학 탐색 완료
[INFO|CRAWLER.py] 2020-11-16 13:11:36,033 > 20192-언더우드국제대학-언더우드학부(인문사회)-국제학 수집 시작
[INFO|CRAWLER.py] 2020-11-16 13:11:36,659 > 15 rows in 1-15 of 24
[INFO|CRAWLER.py] 2020-11-16 13:11:36,683 > 유의사항 기준 탐색 완료
[INFO|CRAWLER.py] 2020-11-16 13:11:37,198 > 15 rows in 1-15 of 24
[INFO|CRAWLER.py] 2020-11-16 13:11:39,281 > ISM1001-01-00 cleared
[INFO|CRAWLER.py] 2020-11-16 13:11:41,340 > ISM2003-01-00 cleared
[INFO|CRAWLER.py] 2020-11-16 13:11:43,420 > ISM2105-01-00 cleared
[INFO|CRAWLER.py] 2020-11-16 13:11:45,485 > ISM2110-01-00 cleared
[INFO|CRAWLER.py] 2020-11-16 13:11:47,559 > ISM4517-01-00 cleared
[INFO|CRAWLER.py] 2020-11-16 13:11:49,642 > JCL2010-01-00 cleared
[INFO|CRAWLER.py] 2020-11-16 13:11:51,702 > SDC2003-01-00 cleared
[INFO|CRAWLER.py] 2020-11-16 13:11:53,762 > ISM3108-01-00 cleared
[INFO|CRAWLER.py] 2020-11-16 13:11:55,837 > ISM3109-01-00 cleared
[INFO|CRAWLER.py] 2020-11-16 13:11:57,895 > ISM3506-01-00 cleared
[INFO|CRAWLER.py] 2020-11-16 13:11:59,990 > ISM3509-01-00 cleared
[INFO|CRAWLER.py] 2020-11-16 13:12:02,052 > ISM3510-01-00 cleared
[INFO|CRAWLER.py] 2020-11-16 13:12:04,179 > ISM3523-01-00 cleared
[INFO|CRAWLER.py] 2020-11-16 13:12:06,250 > ISM3527-01-00 cleared
[INFO|CRAWLER.py] 2020-11-16 13:12:08,309 > ISM3531-01-00 cleared
[INFO|CRAWLER.py] 2020-11-16 13:12:10,886 > 9 rows in 16-24 of 24
[INFO|CRAWLER.py] 2020-11-16 13:12:12,976 > ISM3533-01-00 cleared
[INFO|CRAWLER.py] 2020-11-16 13:12:15,052 > JCL3004-01-00 cleared
[INFO|CRAWLER.py] 2020-11-16 13:12:17,112 > SDC3007-01-00 cleared
[INFO|CRAWLER.py] 2020-11-16 13:12:19,181 > ISM3529-01-00 cleared
[INFO|CRAWLER.py] 2020-11-16 13:12:21,245 > ISM4515-01-00 cleared
[INFO|CRAWLER.py] 2020-11-16 13:12:23,308 > ISM4518-01-00 cleared
[INFO|CRAWLER.py] 2020-11-16 13:12:25,361 > ISM4506-01-00 cleared
[INFO|CRAWLER.py] 2020-11-16 13:12:27,408 > ISM4508-01-00 cleared
[INFO|CRAWLER.py] 2020-11-16 13:12:29,461 > SDC4002-01-00 cleared
[INFO|CRAWLER.py] 2020-11-16 13:12:31,498 > 언더우드학부(인문사회)-국제학 탐색 완료
[INFO|CRAWLER.py] 2020-11-16 13:12:31,498 > 20192-언더우드국제대학-언더우드학부(인문사회)-정치외교학 수집 시작
[INFO|CRAWLER.py] 2020-11-16 13:12:32,129 > 12 rows in 1-12 of 12
[INFO|CRAWLER.py] 2020-11-16 13:12:32,158 > 유의사항 기준 탐색 완료
[INFO|CRAWLER.py] 2020-11-16 13:12:32,673 > 12 rows in 1-12 of 12
[INFO|CRAWLER.py] 2020-11-16 13:12:34,733 > POL2210-01-00 cleared
[INFO|CRAWLER.py] 2020-11-16 13:12:34,772 > POL4106-01-00: 중복된 강의 객체. caution 수집 완료
[INFO|CRAWLER.py] 2020-11-16 13:12:34,814 > POL3110-01-00: 중복된 강의 객체. caution 수집 완료
[INFO|CRAWLER.py] 2020-11-16 13:12:34,854 > POL3114-01-00: 중복된 강의 객체. caution 수집 완료
[INFO|CRAWLER.py] 2020-11-16 13:12:34,895 > POL3124-01-00: 중복된 강의 객체. caution 수집 완료
[INFO|CRAWLER.py] 2020-11-16 13:12:36,960 > POL3830-01-00 cleared
[INFO|CRAWLER.py] 2020-11-16 13:12:36,998 > POL3834-01-00: 중복된 강의 객체. caution 수집 완료
[INFO|CRAWLER.py] 2020-11-16 13:12:37,043 > POL4108-01-00: 중복된 강의 객체. caution 수집 완료
[INFO|CRAWLER.py] 2020-11-16 13:12:39,105 > POL4110-01-00 cleared
[INFO|CRAWLER.py] 2020-11-16 13:12:39,145 > POL4133-01-00: 중복된 강의 객체. caution 수집 완료
[INFO|CRAWLER.py] 2020-11-16 13:12:41,216 > POL4421-01-00 cleared
[INFO|CRAWLER.py] 2020-11-16 13:12:43,279 > POL4822-01-00 cleared
[INFO|CRAWLER.py] 2020-11-16 13:12:45,307 > 언더우드학부(인문사회)-정치외교학 탐색 완료
[INFO|CRAWLER.py] 2020-11-16 13:12:45,307 > 20192-언더우드국제대학-언더우드학부(공학)-생명과학공학 수집 시작
[INFO|CRAWLER.py] 2020-11-16 13:12:45,936 > 12 rows in 1-12 of 12
[INFO|CRAWLER.py] 2020-11-16 13:12:45,967 > 유의사항 기준 탐색 완료
[INFO|CRAWLER.py] 2020-11-16 13:12:46,486 > 12 rows in 1-12 of 12
[INFO|CRAWLER.py] 2020-11-16 13:12:46,525 > BTE2402-01-00: 중복된 강의 객체. caution 수집 완료
[INFO|CRAWLER.py] 2020-11-16 13:12:48,590 > LSB3101-03-00 cleared
[INFO|CRAWLER.py] 2020-11-16 13:12:50,646 > UIC2003-01-00 cleared
[INFO|CRAWLER.py] 2020-11-16 13:12:50,686 > BTE3105-01-00: 중복된 강의 객체. caution 수집 완료
[INFO|CRAWLER.py] 2020-11-16 13:12:52,746 > LST3103-01-00 cleared
[INFO|CRAWLER.py] 2020-11-16 13:12:54,814 > LST3104-01-00 cleared
[INFO|CRAWLER.py] 2020-11-16 13:12:56,873 > LST3202-01-00 cleared
[INFO|CRAWLER.py] 2020-11-16 13:12:56,916 > BTE3403-01-00: 중복된 강의 객체. caution 수집 완료
[INFO|CRAWLER.py] 2020-11-16 13:12:58,981 > BTE3608-01-00 cleared
[INFO|CRAWLER.py] 2020-11-16 13:12:59,024 > BTE4610-01-00: 중복된 강의 객체. caution 수집 완료
[INFO|CRAWLER.py] 2020-11-16 13:12:59,065 > BTE4612-01-00: 중복된 강의 객체. caution 수집 완료
[INFO|CRAWLER.py] 2020-11-16 13:13:01,122 > LST4002-01-00 cleared
[INFO|CRAWLER.py] 2020-11-16 13:13:03,143 > 언더우드학부(공학)-생명과학공학 탐색 완료
[INFO|CRAWLER.py] 2020-11-16 13:13:03,143 > 20192-언더우드국제대학-아시아학부-아시아학 수집 시작
[INFO|CRAWLER.py] 2020-11-16 13:13:03,734 > 14 rows in 1-14 of 14
[INFO|CRAWLER.py] 2020-11-16 13:13:03,762 > 유의사항 기준 탐색 완료
[INFO|CRAWLER.py] 2020-11-16 13:13:04,278 > 14 rows in 1-14 of 14
[INFO|CRAWLER.py] 2020-11-16 13:13:04,322 > UIC1551-04-00: 중복된 강의 객체. caution 수집 완료
[INFO|CRAWLER.py] 2020-11-16 13:13:04,361 > ASP2007-01-00: 중복된 강의 객체. caution 수집 완료
[INFO|CRAWLER.py] 2020-11-16 13:13:04,401 > ASP2019-01-00: 중복된 강의 객체. caution 수집 완료
[INFO|CRAWLER.py] 2020-11-16 13:13:04,440 > ASP2022-01-00: 중복된 강의 객체. caution 수집 완료
[INFO|CRAWLER.py] 2020-11-16 13:13:04,483 > ASP2024-01-00: 중복된 강의 객체. caution 수집 완료
[INFO|CRAWLER.py] 2020-11-16 13:13:04,523 > ASP3008-01-00: 중복된 강의 객체. caution 수집 완료
[INFO|CRAWLER.py] 2020-11-16 13:13:06,577 > ASP3024-01-00 cleared
[INFO|CRAWLER.py] 2020-11-16 13:13:06,620 > ASP3031-01-00: 중복된 강의 객체. caution 수집 완료
[INFO|CRAWLER.py] 2020-11-16 13:13:08,671 > ASP3032-01-00 cleared
[INFO|CRAWLER.py] 2020-11-16 13:13:08,704 > BIZ3134-03-00: 중복된 강의 객체. caution 수집 완료
[INFO|CRAWLER.py] 2020-11-16 13:13:08,776 > CLC4711-01-00: 중복된 강의 객체. caution 수집 완료
[INFO|CRAWLER.py] 2020-11-16 13:13:08,823 > POL4133-01-00: 중복된 강의 객체. caution 수집 완료
[INFO|CRAWLER.py] 2020-11-16 13:13:08,866 > SOC4305-01-00: 중복된 강의 객체. caution 수집 완료
[INFO|CRAWLER.py] 2020-11-16 13:13:10,886 > 아시아학부-아시아학 탐색 완료
[INFO|CRAWLER.py] 2020-11-16 13:13:10,887 > 20192-언더우드국제대학-테크노아트학부-정보·인터랙션디자인 수집 시작
[INFO|CRAWLER.py] 2020-11-16 13:13:11,477 > 15 rows in 1-15 of 16
[INFO|CRAWLER.py] 2020-11-16 13:13:11,507 > 유의사항 기준 탐색 완료
[INFO|CRAWLER.py] 2020-11-16 13:13:12,027 > 15 rows in 1-15 of 16
[INFO|CRAWLER.py] 2020-11-16 13:13:14,078 > IID1001-01-00 cleared
[INFO|CRAWLER.py] 2020-11-16 13:13:16,131 > IID2002-01-00 cleared
[INFO|CRAWLER.py] 2020-11-16 13:13:18,201 > IID2005-01-00 cleared
[INFO|CRAWLER.py] 2020-11-16 13:13:20,264 > IID2013-01-00 cleared
[INFO|CRAWLER.py] 2020-11-16 13:13:22,322 > IID2015-01-00 cleared
[INFO|CRAWLER.py] 2020-11-16 13:13:24,382 > IID3001-01-00 cleared
[INFO|CRAWLER.py] 2020-11-16 13:13:26,459 > IID3008-01-00 cleared
[INFO|CRAWLER.py] 2020-11-16 13:13:28,518 > IID3010-01-00 cleared
[INFO|CRAWLER.py] 2020-11-16 13:13:30,584 > IID3013-01-00 cleared
[INFO|CRAWLER.py] 2020-11-16 13:13:32,640 > IID3014-01-00 cleared
[INFO|CRAWLER.py] 2020-11-16 13:13:34,702 > IID3016-01-00 cleared
[INFO|CRAWLER.py] 2020-11-16 13:13:36,764 > IID3017-01-00 cleared
[INFO|CRAWLER.py] 2020-11-16 13:13:38,879 > TAP3002-01-00 cleared
[INFO|CRAWLER.py] 2020-11-16 13:13:40,937 > IID4004-01-00 cleared
[INFO|CRAWLER.py] 2020-11-16 13:13:42,991 > IID4004-02-00 cleared
[INFO|CRAWLER.py] 2020-11-16 13:13:45,554 > 1 rows in 16-16 of 16
[INFO|CRAWLER.py] 2020-11-16 13:13:47,609 > TAP4003-01-00 cleared
[INFO|CRAWLER.py] 2020-11-16 13:13:49,641 > 테크노아트학부-정보·인터랙션디자인 탐색 완료
[INFO|CRAWLER.py] 2020-11-16 13:13:49,641 > 20192-언더우드국제대학-테크노아트학부-창의기술경영 수집 시작
[INFO|CRAWLER.py] 2020-11-16 13:13:50,271 > 15 rows in 1-15 of 16
[INFO|CRAWLER.py] 2020-11-16 13:13:50,296 > 유의사항 기준 탐색 완료
[INFO|CRAWLER.py] 2020-11-16 13:13:50,811 > 15 rows in 1-15 of 16
[INFO|CRAWLER.py] 2020-11-16 13:13:52,883 > CTM1001-01-00 cleared
[INFO|CRAWLER.py] 2020-11-16 13:13:54,963 > CTM1002-01-00 cleared
[INFO|CRAWLER.py] 2020-11-16 13:13:57,031 > CTM2012-01-00 cleared
[INFO|CRAWLER.py] 2020-11-16 13:13:59,105 > CTM2017-01-00 cleared
[INFO|CRAWLER.py] 2020-11-16 13:14:01,175 > CTM2018-01-00 cleared
[INFO|CRAWLER.py] 2020-11-16 13:14:03,232 > CTM3006-01-00 cleared
[INFO|CRAWLER.py] 2020-11-16 13:14:05,297 > CTM3007-01-00 cleared
[INFO|CRAWLER.py] 2020-11-16 13:14:07,363 > CTM3011-01-00 cleared
[INFO|CRAWLER.py] 2020-11-16 13:14:09,418 > CTM3018-01-00 cleared
[INFO|CRAWLER.py] 2020-11-16 13:14:11,473 > CTM3019-01-00 cleared
[INFO|CRAWLER.py] 2020-11-16 13:14:13,530 > STP3007-01-00 cleared
[INFO|CRAWLER.py] 2020-11-16 13:14:13,582 > TAP3002-01-00: 중복된 강의 객체. caution 수집 완료
[INFO|CRAWLER.py] 2020-11-16 13:14:15,643 > CTM4001-01-00 cleared
[INFO|CRAWLER.py] 2020-11-16 13:14:17,707 > CTM4002-01-00 cleared
[INFO|CRAWLER.py] 2020-11-16 13:14:19,765 > CTM4004-01-00 cleared
[INFO|CRAWLER.py] 2020-11-16 13:14:22,327 > 1 rows in 16-16 of 16
[INFO|CRAWLER.py] 2020-11-16 13:14:22,374 > TAP4003-01-00: 중복된 강의 객체. caution 수집 완료
[INFO|CRAWLER.py] 2020-11-16 13:14:24,407 > 테크노아트학부-창의기술경영 탐색 완료
[INFO|CRAWLER.py] 2020-11-16 13:14:24,407 > 20192-언더우드국제대학-테크노아트학부-문화디자인경영 수집 시작
[INFO|CRAWLER.py] 2020-11-16 13:14:25,035 > 15 rows in 1-15 of 15
[INFO|CRAWLER.py] 2020-11-16 13:14:25,063 > 유의사항 기준 탐색 완료
[INFO|CRAWLER.py] 2020-11-16 13:14:25,580 > 15 rows in 1-15 of 15
[INFO|CRAWLER.py] 2020-11-16 13:14:27,650 > CDM1003-01-00 cleared
[INFO|CRAWLER.py] 2020-11-16 13:14:29,722 > CDM2005-01-00 cleared
[INFO|CRAWLER.py] 2020-11-16 13:14:31,786 > CDM2006-01-00 cleared
[INFO|CRAWLER.py] 2020-11-16 13:14:33,855 > CDM2008-01-00 cleared
[INFO|CRAWLER.py] 2020-11-16 13:14:35,924 > CDM2009-01-00 cleared
[INFO|CRAWLER.py] 2020-11-16 13:14:37,999 > CDM3006-01-00 cleared
[INFO|CRAWLER.py] 2020-11-16 13:14:50,582 > CDM3007-01-00 cleared
[INFO|CRAWLER.py] 2020-11-16 13:14:52,645 > CDM3009-01-00 cleared
[INFO|CRAWLER.py] 2020-11-16 13:14:54,715 > CDM3010-01-00 cleared
[INFO|CRAWLER.py] 2020-11-16 13:14:54,765 > TAP3002-01-00: 중복된 강의 객체. caution 수집 완료
[INFO|CRAWLER.py] 2020-11-16 13:14:56,831 > CDM4007-01-00 cleared
[INFO|CRAWLER.py] 2020-11-16 13:14:58,896 > CDM4009-01-00 cleared
[INFO|CRAWLER.py] 2020-11-16 13:15:00,962 > CDM4010-01-00 cleared
[INFO|CRAWLER.py] 2020-11-16 13:15:01,003 > DSN4116-01-00: 중복된 강의 객체. caution 수집 완료
[INFO|CRAWLER.py] 2020-11-16 13:15:01,050 > TAP4003-01-00: 중복된 강의 객체. caution 수집 완료
[INFO|CRAWLER.py] 2020-11-16 13:15:03,074 > 테크노아트학부-문화디자인경영 탐색 완료
[INFO|CRAWLER.py] 2020-11-16 13:15:03,074 > 20192-언더우드국제대학-융합사회과학부-사회정의리더십 수집 시작
[INFO|CRAWLER.py] 2020-11-16 13:15:03,709 > 11 rows in 1-11 of 11
[INFO|CRAWLER.py] 2020-11-16 13:15:03,737 > 유의사항 기준 탐색 완료
[INFO|CRAWLER.py] 2020-11-16 13:15:04,257 > 11 rows in 1-11 of 11
[INFO|CRAWLER.py] 2020-11-16 13:15:06,308 > JCL1002-01-00 cleared
[INFO|CRAWLER.py] 2020-11-16 13:15:08,370 > JCL2005-01-00 cleared
[INFO|CRAWLER.py] 2020-11-16 13:15:08,417 > JCL2010-01-00: 중복된 강의 객체. caution 수집 완료
[INFO|CRAWLER.py] 2020-11-16 13:15:08,464 > ISM3509-01-00: 중복된 강의 객체. caution 수집 완료
[INFO|CRAWLER.py] 2020-11-16 13:15:10,524 > JCL3003-01-00 cleared
[INFO|CRAWLER.py] 2020-11-16 13:15:10,570 > JCL3004-01-00: 중복된 강의 객체. caution 수집 완료
[INFO|CRAWLER.py] 2020-11-16 13:15:12,625 > JCL3104-01-00 cleared
[INFO|CRAWLER.py] 2020-11-16 13:15:14,684 > JCL3109-01-00 cleared
[INFO|CRAWLER.py] 2020-11-16 13:15:16,746 > JCL3110-01-00 cleared
[INFO|CRAWLER.py] 2020-11-16 13:15:18,804 > JCL4010-01-00 cleared
[INFO|CRAWLER.py] 2020-11-16 13:15:18,850 > POL4822-01-00: 중복된 강의 객체. caution 수집 완료
[INFO|CRAWLER.py] 2020-11-16 13:15:20,879 > 융합사회과학부-사회정의리더십 탐색 완료
[INFO|CRAWLER.py] 2020-11-16 13:15:20,879 > 20192-언더우드국제대학-융합사회과학부-계량위험관리 수집 시작
[INFO|CRAWLER.py] 2020-11-16 13:15:21,510 > 15 rows in 1-15 of 21
[INFO|CRAWLER.py] 2020-11-16 13:15:21,535 > 유의사항 기준 탐색 완료
[INFO|CRAWLER.py] 2020-11-16 13:15:22,053 > 15 rows in 1-15 of 21
[INFO|CRAWLER.py] 2020-11-16 13:15:24,111 > QRM1001-01-00 cleared
[INFO|CRAWLER.py] 2020-11-16 13:15:24,156 > ECO1101-06-00: 중복된 강의 객체. caution 수집 완료
[INFO|CRAWLER.py] 2020-11-16 13:15:24,202 > ECO2101-07-00: 중복된 강의 객체. caution 수집 완료
[INFO|CRAWLER.py] 2020-11-16 13:15:24,253 > ECO2102-03-00: 중복된 강의 객체. caution 수집 완료
[INFO|CRAWLER.py] 2020-11-16 13:15:26,314 > QRM2001-01-00 cleared
[INFO|CRAWLER.py] 2020-11-16 13:15:26,363 > STA2102-01-00: 중복된 강의 객체. caution 수집 완료
[INFO|CRAWLER.py] 2020-11-16 13:15:26,406 > STA2105-01-00: 중복된 강의 객체. caution 수집 완료
[INFO|CRAWLER.py] 2020-11-16 13:15:26,457 > STA2105-02-00: 중복된 강의 객체. caution 수집 완료
[INFO|CRAWLER.py] 2020-11-16 13:15:26,549 > ECO3130-02-00: 중복된 강의 객체. caution 수집 완료
[INFO|CRAWLER.py] 2020-11-16 13:15:26,605 > ECO3134-02-00: 중복된 강의 객체. caution 수집 완료
[INFO|CRAWLER.py] 2020-11-16 13:15:26,658 > ECO4115-01-00: 중복된 강의 객체. caution 수집 완료
[INFO|CRAWLER.py] 2020-11-16 13:15:26,703 > STA1001-04-01: 중복된 강의 객체. caution 수집 완료
[INFO|CRAWLER.py] 2020-11-16 13:15:26,750 > STA1001-04-02: 중복된 강의 객체. caution 수집 완료
[INFO|CRAWLER.py] 2020-11-16 13:15:26,797 > STA1001-11-01: 중복된 강의 객체. caution 수집 완료
[INFO|CRAWLER.py] 2020-11-16 13:15:29,353 > 6 rows in 16-21 of 21
[INFO|CRAWLER.py] 2020-11-16 13:15:29,395 > STA1001-11-02: 중복된 강의 객체. caution 수집 완료
[INFO|CRAWLER.py] 2020-11-16 13:15:29,439 > STA2104-01-00: 중복된 강의 객체. caution 수집 완료
[INFO|CRAWLER.py] 2020-11-16 13:15:29,485 > STA3125-01-00: 중복된 강의 객체. caution 수집 완료
[INFO|CRAWLER.py] 2020-11-16 13:15:29,537 > STA3126-01-00: 중복된 강의 객체. caution 수집 완료
[INFO|CRAWLER.py] 2020-11-16 13:15:29,578 > STP3007-01-00: 중복된 강의 객체. caution 수집 완료
[INFO|CRAWLER.py] 2020-11-16 13:15:29,615 > STA4111-01-00: 중복된 강의 객체. caution 수집 완료
[INFO|CRAWLER.py] 2020-11-16 13:15:31,653 > 융합사회과학부-계량위험관리 탐색 완료
[INFO|CRAWLER.py] 2020-11-16 13:15:31,653 > 20192-언더우드국제대학-융합사회과학부-과학기술정책 수집 시작
[INFO|CRAWLER.py] 2020-11-16 13:15:32,270 > 15 rows in 1-15 of 18
[INFO|CRAWLER.py] 2020-11-16 13:15:32,294 > 유의사항 기준 탐색 완료
[INFO|CRAWLER.py] 2020-11-16 13:15:32,810 > 15 rows in 1-15 of 18
[INFO|CRAWLER.py] 2020-11-16 13:15:34,862 > STP1001-01-00 cleared
[INFO|CRAWLER.py] 2020-11-16 13:15:34,908 > CTM1002-01-00: 중복된 강의 객체. caution 수집 완료
[INFO|CRAWLER.py] 2020-11-16 13:15:34,952 > JCL2005-01-00: 중복된 강의 객체. caution 수집 완료
[INFO|CRAWLER.py] 2020-11-16 13:15:34,990 > PUB2108-01-00: 중복된 강의 객체. caution 수집 완료
[INFO|CRAWLER.py] 2020-11-16 13:15:37,050 > STP2003-01-00 cleared
[INFO|CRAWLER.py] 2020-11-16 13:15:39,107 > STP2006-01-00 cleared
[INFO|CRAWLER.py] 2020-11-16 13:15:39,148 > PUB3109-01-00: 중복된 강의 객체. caution 수집 완료
[INFO|CRAWLER.py] 2020-11-16 13:15:39,189 > PUB3125-01-00: 중복된 강의 객체. caution 수집 완료
[INFO|CRAWLER.py] 2020-11-16 13:15:39,235 > SDC3007-01-00: 중복된 강의 객체. caution 수집 완료
[INFO|CRAWLER.py] 2020-11-16 13:15:41,291 > STP3003-01-00 cleared
[INFO|CRAWLER.py] 2020-11-16 13:15:41,338 > STP3007-01-00: 중복된 강의 객체. caution 수집 완료
[INFO|CRAWLER.py] 2020-11-16 13:15:43,401 > STP3008-01-00 cleared
[INFO|CRAWLER.py] 2020-11-16 13:15:45,458 > STP3010-01-00 cleared
[INFO|CRAWLER.py] 2020-11-16 13:15:45,503 > SDC4002-01-00: 중복된 강의 객체. caution 수집 완료
[INFO|CRAWLER.py] 2020-11-16 13:15:47,557 > STP4005-01-00 cleared
[INFO|CRAWLER.py] 2020-11-16 13:15:50,122 > 3 rows in 16-18 of 18
[INFO|CRAWLER.py] 2020-11-16 13:15:52,180 > STP4008-01-00 cleared
[INFO|CRAWLER.py] 2020-11-16 13:16:04,758 > STP4009-01-00 cleared
[INFO|CRAWLER.py] 2020-11-16 13:16:06,829 > STS4101-01-00 cleared
[INFO|CRAWLER.py] 2020-11-16 13:16:08,861 > 융합사회과학부-과학기술정책 탐색 완료
[INFO|CRAWLER.py] 2020-11-16 13:16:08,861 > 20192-언더우드국제대학-융합사회과학부-지속개발협력 수집 시작
[INFO|CRAWLER.py] 2020-11-16 13:16:09,492 > 14 rows in 1-14 of 14
[INFO|CRAWLER.py] 2020-11-16 13:16:09,525 > 유의사항 기준 탐색 완료
[INFO|CRAWLER.py] 2020-11-16 13:16:10,043 > 14 rows in 1-14 of 14
[INFO|CRAWLER.py] 2020-11-16 13:16:12,101 > SDC1002-01-00 cleared
[INFO|CRAWLER.py] 2020-11-16 13:16:12,146 > ISM2110-01-00: 중복된 강의 객체. caution 수집 완료
[INFO|CRAWLER.py] 2020-11-16 13:16:12,190 > ISM3523-01-00: 중복된 강의 객체. caution 수집 완료
[INFO|CRAWLER.py] 2020-11-16 13:16:12,236 > JCL2010-01-00: 중복된 강의 객체. caution 수집 완료
[INFO|CRAWLER.py] 2020-11-16 13:16:12,281 > SDC2003-01-00: 중복된 강의 객체. caution 수집 완료
[INFO|CRAWLER.py] 2020-11-16 13:16:14,341 > SDC2005-01-00 cleared
[INFO|CRAWLER.py] 2020-11-16 13:16:14,388 > ISM3108-01-00: 중복된 강의 객체. caution 수집 완료
[INFO|CRAWLER.py] 2020-11-16 13:16:14,434 > ISM3533-01-00: 중복된 강의 객체. caution 수집 완료
[INFO|CRAWLER.py] 2020-11-16 13:16:14,480 > SDC3007-01-00: 중복된 강의 객체. caution 수집 완료
[INFO|CRAWLER.py] 2020-11-16 13:16:16,548 > SDC3008-01-00 cleared
[INFO|CRAWLER.py] 2020-11-16 13:16:16,598 > STP3007-01-00: 중복된 강의 객체. caution 수집 완료
[INFO|CRAWLER.py] 2020-11-16 13:16:16,644 > STP3008-01-00: 중복된 강의 객체. caution 수집 완료
[INFO|CRAWLER.py] 2020-11-16 13:16:16,689 > SDC4002-01-00: 중복된 강의 객체. caution 수집 완료
[INFO|CRAWLER.py] 2020-11-16 13:16:16,738 > STP4005-01-00: 중복된 강의 객체. caution 수집 완료
[INFO|CRAWLER.py] 2020-11-16 13:16:18,760 > 융합사회과학부-지속개발협력 탐색 완료
[INFO|CRAWLER.py] 2020-11-16 13:16:18,760 > 20192-언더우드국제대학-융합과학공학부-나노과학공학 수집 시작
[INFO|CRAWLER.py] 2020-11-16 13:16:19,349 > 15 rows in 1-15 of 26
[INFO|CRAWLER.py] 2020-11-16 13:16:19,372 > 유의사항 기준 탐색 완료
[INFO|CRAWLER.py] 2020-11-16 13:16:19,888 > 15 rows in 1-15 of 26
[INFO|CRAWLER.py] 2020-11-16 13:16:21,941 > ESE2002-01-00 cleared
[INFO|CRAWLER.py] 2020-11-16 13:16:23,995 > MAT2017-11-00 cleared
[INFO|CRAWLER.py] 2020-11-16 13:16:26,076 > NSE2003-01-00 cleared
[INFO|CRAWLER.py] 2020-11-16 13:16:28,138 > SED2002-01-00 cleared
[INFO|CRAWLER.py] 2020-11-16 13:16:30,216 > SED2004-01-00 cleared
[INFO|CRAWLER.py] 2020-11-16 13:16:32,330 > SED2008-01-00 cleared
[INFO|CRAWLER.py] 2020-11-16 13:16:34,388 > SED3004-01-00 cleared
[INFO|CRAWLER.py] 2020-11-16 13:16:36,458 > UIC2003-02-00 cleared
[INFO|CRAWLER.py] 2020-11-16 13:16:36,494 > DAA3620-01-00: 중복된 강의 객체. caution 수집 완료
[INFO|CRAWLER.py] 2020-11-16 13:16:38,561 > ESE3001-01-00 cleared
[INFO|CRAWLER.py] 2020-11-16 13:16:40,613 > ESE3007-01-00 cleared
[INFO|CRAWLER.py] 2020-11-16 13:16:42,690 > NSE2002-01-00 cleared
[INFO|CRAWLER.py] 2020-11-16 13:16:44,750 > NSE3010-01-00 cleared
[INFO|CRAWLER.py] 2020-11-16 13:16:47,323 > 11 rows in 16-26 of 26
[INFO|CRAWLER.py] 2020-11-16 13:16:49,380 > NSE3011-01-00 cleared
[INFO|CRAWLER.py] 2020-11-16 13:16:51,445 > SED3001-01-00 cleared
[INFO|CRAWLER.py] 2020-11-16 13:16:53,502 > SED3005-01-00 cleared
[INFO|CRAWLER.py] 2020-11-16 13:16:53,534 > DAA3800-01-00: 중복된 강의 객체. caution 수집 완료
[INFO|CRAWLER.py] 2020-11-16 13:16:53,568 > EEE3240-01-00: 중복된 강의 객체. caution 수집 완료
[INFO|CRAWLER.py] 2020-11-16 13:16:53,603 > MST4890-01-00: 중복된 강의 객체. caution 수집 완료
[INFO|CRAWLER.py] 2020-11-16 13:16:53,641 > MST4900-01-00: 중복된 강의 객체. caution 수집 완료
[INFO|CRAWLER.py] 2020-11-16 13:16:55,692 > NSE4002-01-00 cleared
[INFO|CRAWLER.py] 2020-11-16 13:16:57,745 > NSE4004-01-00 cleared
[INFO|CRAWLER.py] 2020-11-16 13:16:59,802 > SED3003-01-00 cleared
[INFO|CRAWLER.py] 2020-11-16 13:17:01,861 > SED4001-01-00 cleared
[INFO|CRAWLER.py] 2020-11-16 13:17:03,909 > 융합과학공학부-나노과학공학 탐색 완료
[INFO|CRAWLER.py] 2020-11-16 13:17:03,910 > 20192-언더우드국제대학-융합과학공학부-에너지환경융합 수집 시작
[INFO|CRAWLER.py] 2020-11-16 13:17:04,539 > 15 rows in 1-15 of 28
[INFO|CRAWLER.py] 2020-11-16 13:17:15,089 > No caution link in 0th row
[INFO|CRAWLER.py] 2020-11-16 13:17:15,596 > 15 rows in 1-15 of 28
[INFO|CRAWLER.py] 2020-11-16 13:17:26,145 > No caution link in 1th row
[INFO|CRAWLER.py] 2020-11-16 13:17:26,651 > 15 rows in 1-15 of 28
[INFO|CRAWLER.py] 2020-11-16 13:17:26,678 > 유의사항 기준 탐색 완료
[INFO|CRAWLER.py] 2020-11-16 13:17:27,197 > 15 rows in 1-15 of 28
[INFO|CRAWLER.py] 2020-11-16 13:17:39,823 > ESE2003-02-00 cleared
[INFO|CRAWLER.py] 2020-11-16 13:17:39,868 > ESE2002-01-00: 중복된 강의 객체. caution 수집 완료
[INFO|CRAWLER.py] 2020-11-16 13:17:39,913 > MAT2017-11-00: 중복된 강의 객체. caution 수집 완료
[INFO|CRAWLER.py] 2020-11-16 13:17:39,961 > NSE2003-01-00: 중복된 강의 객체. caution 수집 완료
[INFO|CRAWLER.py] 2020-11-16 13:17:40,006 > SED2002-01-00: 중복된 강의 객체. caution 수집 완료
[INFO|CRAWLER.py] 2020-11-16 13:17:40,052 > SED2004-01-00: 중복된 강의 객체. caution 수집 완료
[INFO|CRAWLER.py] 2020-11-16 13:17:40,146 > SED2008-01-00: 중복된 강의 객체. caution 수집 완료
[INFO|CRAWLER.py] 2020-11-16 13:17:40,192 > SED3004-01-00: 중복된 강의 객체. caution 수집 완료
[INFO|CRAWLER.py] 2020-11-16 13:17:40,238 > UIC2003-02-00: 중복된 강의 객체. caution 수집 완료
[INFO|CRAWLER.py] 2020-11-16 13:17:40,284 > ESE3001-01-00: 중복된 강의 객체. caution 수집 완료
[INFO|CRAWLER.py] 2020-11-16 13:17:42,340 > ESE3004-01-00 cleared
[INFO|CRAWLER.py] 2020-11-16 13:17:44,399 > ESE3005-01-00 cleared
[INFO|CRAWLER.py] 2020-11-16 13:17:46,981 > 13 rows in 16-28 of 28
[INFO|CRAWLER.py] 2020-11-16 13:17:49,036 > ESE3006-01-00 cleared
[INFO|CRAWLER.py] 2020-11-16 13:17:49,079 > ESE3007-01-00: 중복된 강의 객체. caution 수집 완료
[INFO|CRAWLER.py] 2020-11-16 13:17:49,120 > NSE3010-01-00: 중복된 강의 객체. caution 수집 완료
[INFO|CRAWLER.py] 2020-11-16 13:17:49,162 > SED3001-01-00: 중복된 강의 객체. caution 수집 완료
[INFO|CRAWLER.py] 2020-11-16 13:17:49,208 > SED3005-01-00: 중복된 강의 객체. caution 수집 완료
[INFO|CRAWLER.py] 2020-11-16 13:17:49,241 > CEE3406-01-00: 중복된 강의 객체. caution 수집 완료
[INFO|CRAWLER.py] 2020-11-16 13:17:49,280 > CEE3415-01-00: 중복된 강의 객체. caution 수집 완료
[INFO|CRAWLER.py] 2020-11-16 13:17:49,320 > DAA3800-01-00: 중복된 강의 객체. caution 수집 완료
[INFO|CRAWLER.py] 2020-11-16 13:17:49,355 > MEU3610-01-00: 중복된 강의 객체. caution 수집 완료
[INFO|CRAWLER.py] 2020-11-16 13:17:49,391 > MST4900-01-00: 중복된 강의 객체. caution 수집 완료
[INFO|CRAWLER.py] 2020-11-16 13:17:49,433 > NSE4002-01-00: 중복된 강의 객체. caution 수집 완료
[INFO|CRAWLER.py] 2020-11-16 13:17:49,479 > SED3003-01-00: 중복된 강의 객체. caution 수집 완료
[INFO|CRAWLER.py] 2020-11-16 13:17:49,520 > SED4001-01-00: 중복된 강의 객체. caution 수집 완료
[INFO|CRAWLER.py] 2020-11-16 13:17:51,566 > 융합과학공학부-에너지환경융합 탐색 완료
[INFO|CRAWLER.py] 2020-11-16 13:17:51,566 > 20192-언더우드국제대학-융합과학공학부-바이오융합 수집 시작
[INFO|CRAWLER.py] 2020-11-16 13:17:52,194 > 15 rows in 1-15 of 21
[INFO|CRAWLER.py] 2020-11-16 13:17:52,221 > 유의사항 기준 탐색 완료
[INFO|CRAWLER.py] 2020-11-16 13:17:52,737 > 15 rows in 1-15 of 21
[INFO|CRAWLER.py] 2020-11-16 13:17:54,811 > LSB3101-04-00 cleared
[INFO|CRAWLER.py] 2020-11-16 13:17:54,855 > MAT2017-11-00: 중복된 강의 객체. caution 수집 완료
[INFO|CRAWLER.py] 2020-11-16 13:17:54,900 > SED2002-01-00: 중복된 강의 객체. caution 수집 완료
[INFO|CRAWLER.py] 2020-11-16 13:17:54,945 > SED2004-01-00: 중복된 강의 객체. caution 수집 완료
[INFO|CRAWLER.py] 2020-11-16 13:17:55,039 > SED2008-01-00: 중복된 강의 객체. caution 수집 완료
[INFO|CRAWLER.py] 2020-11-16 13:17:55,083 > SED3004-01-00: 중복된 강의 객체. caution 수집 완료
[INFO|CRAWLER.py] 2020-11-16 13:17:57,140 > UBC2003-01-00 cleared
[INFO|CRAWLER.py] 2020-11-16 13:17:57,184 > UIC2003-02-00: 중복된 강의 객체. caution 수집 완료
[INFO|CRAWLER.py] 2020-11-16 13:17:57,229 > BTE3403-01-00: 중복된 강의 객체. caution 수집 완료
[INFO|CRAWLER.py] 2020-11-16 13:17:57,275 > ESE3004-01-00: 중복된 강의 객체. caution 수집 완료
[INFO|CRAWLER.py] 2020-11-16 13:17:57,321 > NSE3011-01-00: 중복된 강의 객체. caution 수집 완료
[INFO|CRAWLER.py] 2020-11-16 13:17:57,374 > SED3001-01-00: 중복된 강의 객체. caution 수집 완료
[INFO|CRAWLER.py] 2020-11-16 13:17:57,421 > SED3005-01-00: 중복된 강의 객체. caution 수집 완료
[INFO|CRAWLER.py] 2020-11-16 13:17:59,976 > 6 rows in 16-21 of 21
[INFO|CRAWLER.py] 2020-11-16 13:18:02,028 > UBC3005-01-00 cleared
[INFO|CRAWLER.py] 2020-11-16 13:18:04,081 > UBC3006-01-00 cleared
[INFO|CRAWLER.py] 2020-11-16 13:18:04,116 > BTE4609-01-00: 중복된 강의 객체. caution 수집 완료
[INFO|CRAWLER.py] 2020-11-16 13:18:04,158 > SED3003-01-00: 중복된 강의 객체. caution 수집 완료
[INFO|CRAWLER.py] 2020-11-16 13:18:04,203 > SED4001-01-00: 중복된 강의 객체. caution 수집 완료
[INFO|CRAWLER.py] 2020-11-16 13:18:06,262 > UBC4004-01-00 cleared
[INFO|CRAWLER.py] 2020-11-16 13:18:08,310 > 융합과학공학부-바이오융합 탐색 완료
[INFO|CRAWLER.py] 2020-11-16 13:18:08,310 > 언더우드국제대학 수집 완료
[INFO|CRAWLER.py] 2020-11-16 13:18:08,311 > 20192-글로벌인재대학-GLC공통교과과정 수집 시작
[INFO|CRAWLER.py] 2020-11-16 13:18:08,952 > 15 rows in 1-15 of 55
[INFO|CRAWLER.py] 2020-11-16 13:18:08,984 > 유의사항 기준 탐색 완료
[INFO|CRAWLER.py] 2020-11-16 13:18:09,502 > 15 rows in 1-15 of 55
[INFO|CRAWLER.py] 2020-11-16 13:18:11,549 > GLC1105-01-00 cleared
[INFO|CRAWLER.py] 2020-11-16 13:18:14,462 > 15 rows in 16-30 of 55
[INFO|CRAWLER.py] 2020-11-16 13:18:16,649 > GLC1202-01-00 cleared
[INFO|CRAWLER.py] 2020-11-16 13:18:18,728 > GLC1203-01-00 cleared
[INFO|CRAWLER.py] 2020-11-16 13:18:21,422 > 15 rows in 31-45 of 55
[INFO|CRAWLER.py] 2020-11-16 13:18:23,486 > GLC1215-01-00 cleared
[INFO|CRAWLER.py] 2020-11-16 13:18:26,354 > 10 rows in 46-55 of 55
[INFO|CRAWLER.py] 2020-11-16 13:18:28,582 > YCA1102-12-00 cleared
[INFO|CRAWLER.py] 2020-11-16 13:18:30,643 > GLC공통교과과정 탐색 완료
[INFO|CRAWLER.py] 2020-11-16 13:18:30,643 > 20192-글로벌인재대학-GLD공통교과과정 수집 시작
[INFO|CRAWLER.py] 2020-11-16 13:18:31,270 > 6 rows in 1-6 of 6
[INFO|CRAWLER.py] 2020-11-16 13:18:31,299 > 유의사항 기준 탐색 완료
[INFO|CRAWLER.py] 2020-11-16 13:18:31,815 > 6 rows in 1-6 of 6
[INFO|CRAWLER.py] 2020-11-16 13:18:33,957 > UCC1106-05-00 cleared
[INFO|CRAWLER.py] 2020-11-16 13:18:36,012 > YCA1101-11-00 cleared
[INFO|CRAWLER.py] 2020-11-16 13:18:38,099 > YCG1999-01-00 cleared
[INFO|CRAWLER.py] 2020-11-16 13:18:50,695 > GLC4001-01-00 cleared
[INFO|CRAWLER.py] 2020-11-16 13:18:52,723 > GLD공통교과과정 탐색 완료
[INFO|CRAWLER.py] 2020-11-16 13:18:52,723 > 20192-글로벌인재대학-글로벌인재학부-국제통상전공 수집 시작
[INFO|CRAWLER.py] 2020-11-16 13:18:53,350 > 15 rows in 1-15 of 23
[INFO|CRAWLER.py] 2020-11-16 13:18:53,377 > 유의사항 기준 탐색 완료
[INFO|CRAWLER.py] 2020-11-16 13:18:53,896 > 15 rows in 1-15 of 23
[INFO|CRAWLER.py] 2020-11-16 13:18:55,985 > GIC2304-01-00 cleared
[INFO|CRAWLER.py] 2020-11-16 13:18:58,052 > GIC2305-01-00 cleared
[INFO|CRAWLER.py] 2020-11-16 13:19:00,107 > GIC1101-01-00 cleared
[INFO|CRAWLER.py] 2020-11-16 13:19:02,180 > GIC2201-01-00 cleared
[INFO|CRAWLER.py] 2020-11-16 13:19:04,258 > GIC2203-01-00 cleared
[INFO|CRAWLER.py] 2020-11-16 13:19:06,333 > GIC2204-01-00 cleared
[INFO|CRAWLER.py] 2020-11-16 13:19:08,408 > GIC2205-01-00 cleared
[INFO|CRAWLER.py] 2020-11-16 13:19:10,471 > GIC2207-01-00 cleared
[INFO|CRAWLER.py] 2020-11-16 13:19:12,551 > GIC2209-01-00 cleared
[INFO|CRAWLER.py] 2020-11-16 13:19:14,623 > GIC3202-01-00 cleared
[INFO|CRAWLER.py] 2020-11-16 13:19:16,686 > GIC3203-01-00 cleared
[INFO|CRAWLER.py] 2020-11-16 13:19:18,754 > GIC3205-01-00 cleared
[INFO|CRAWLER.py] 2020-11-16 13:19:20,836 > GIC3209-01-00 cleared
[INFO|CRAWLER.py] 2020-11-16 13:19:22,921 > GIC3210-01-00 cleared
[INFO|CRAWLER.py] 2020-11-16 13:19:24,997 > GIC3211-01-00 cleared
[INFO|CRAWLER.py] 2020-11-16 13:19:27,554 > 8 rows in 16-23 of 23
[INFO|CRAWLER.py] 2020-11-16 13:19:29,620 > GIC3301-01-00 cleared
[INFO|CRAWLER.py] 2020-11-16 13:19:31,694 > GIC3304-01-00 cleared
[INFO|CRAWLER.py] 2020-11-16 13:19:33,750 > GIC3305-01-00 cleared
[INFO|CRAWLER.py] 2020-11-16 13:19:35,818 > GIC3208-01-00 cleared
[INFO|CRAWLER.py] 2020-11-16 13:19:37,871 > GIC3208-02-00 cleared
[INFO|CRAWLER.py] 2020-11-16 13:19:39,927 > GIC4301-01-00 cleared
[INFO|CRAWLER.py] 2020-11-16 13:19:41,984 > GIC4304-01-00 cleared
[INFO|CRAWLER.py] 2020-11-16 13:19:44,041 > GIC4307-01-00 cleared
[INFO|CRAWLER.py] 2020-11-16 13:19:46,075 > 글로벌인재학부-국제통상전공 탐색 완료
[INFO|CRAWLER.py] 2020-11-16 13:19:46,075 > 20192-글로벌인재대학-글로벌인재학부-한국문화전공 수집 시작
[INFO|CRAWLER.py] 2020-11-16 13:19:46,697 > 15 rows in 1-15 of 17
[INFO|CRAWLER.py] 2020-11-16 13:19:46,725 > 유의사항 기준 탐색 완료
[INFO|CRAWLER.py] 2020-11-16 13:19:47,241 > 15 rows in 1-15 of 17
[INFO|CRAWLER.py] 2020-11-16 13:19:49,317 > GCM1004-01-00 cleared
[INFO|CRAWLER.py] 2020-11-16 13:19:51,445 > GCM2003-01-00 cleared
[INFO|CRAWLER.py] 2020-11-16 13:19:53,510 > GCM2004-01-00 cleared
[INFO|CRAWLER.py] 2020-11-16 13:19:55,579 > GCM2005-01-00 cleared
[INFO|CRAWLER.py] 2020-11-16 13:19:57,664 > GCM2009-01-00 cleared
[INFO|CRAWLER.py] 2020-11-16 13:19:57,707 > GIC2204-01-00: 중복된 강의 객체. caution 수집 완료
[INFO|CRAWLER.py] 2020-11-16 13:19:59,776 > GKE2203-01-00 cleared
[INFO|CRAWLER.py] 2020-11-16 13:20:01,841 > GKE2302-01-00 cleared
[INFO|CRAWLER.py] 2020-11-16 13:20:03,923 > GCM3002-01-00 cleared
[INFO|CRAWLER.py] 2020-11-16 13:20:05,988 > GCM3003-01-00 cleared
[INFO|CRAWLER.py] 2020-11-16 13:20:08,061 > GCM3004-01-00 cleared
[INFO|CRAWLER.py] 2020-11-16 13:20:10,131 > GCM3014-01-00 cleared
[INFO|CRAWLER.py] 2020-11-16 13:20:12,200 > GKE3401-01-00 cleared
[INFO|CRAWLER.py] 2020-11-16 13:20:14,764 > 2 rows in 16-17 of 17
[INFO|CRAWLER.py] 2020-11-16 13:20:16,823 > GCM4003-01-00 cleared
[INFO|CRAWLER.py] 2020-11-16 13:20:18,881 > GCM4007-01-00 cleared
[INFO|CRAWLER.py] 2020-11-16 13:20:20,909 > 글로벌인재학부-한국문화전공 탐색 완료
[INFO|CRAWLER.py] 2020-11-16 13:20:20,909 > 20192-글로벌인재대학-글로벌인재학부-한국언어문화교육전공 수집 시작
[INFO|CRAWLER.py] 2020-11-16 13:20:21,538 > 9 rows in 1-9 of 9
[INFO|CRAWLER.py] 2020-11-16 13:20:21,566 > 유의사항 기준 탐색 완료
[INFO|CRAWLER.py] 2020-11-16 13:20:22,083 > 9 rows in 1-9 of 9
[INFO|CRAWLER.py] 2020-11-16 13:20:22,145 > GKE2203-01-00: 중복된 강의 객체. caution 수집 완료
[INFO|CRAWLER.py] 2020-11-16 13:20:22,187 > GKE2302-01-00: 중복된 강의 객체. caution 수집 완료
[INFO|CRAWLER.py] 2020-11-16 13:20:24,247 > GKE3101-01-00 cleared
[INFO|CRAWLER.py] 2020-11-16 13:20:26,332 > GKE3102-01-00 cleared
[INFO|CRAWLER.py] 2020-11-16 13:20:26,374 > GKE3401-01-00: 중복된 강의 객체. caution 수집 완료
[INFO|CRAWLER.py] 2020-11-16 13:20:28,433 > GKE3109-01-00 cleared
[INFO|CRAWLER.py] 2020-11-16 13:20:30,508 > GKE4101-01-00 cleared
[INFO|CRAWLER.py] 2020-11-16 13:20:32,559 > GKE4102-01-00 cleared
[INFO|CRAWLER.py] 2020-11-16 13:20:34,579 > 글로벌인재학부-한국언어문화교육전공 탐색 완료
[INFO|CRAWLER.py] 2020-11-16 13:20:34,579 > 20192-글로벌인재대학-글로벌인재학부-문화·미디어전공 수집 시작
[INFO|CRAWLER.py] 2020-11-16 13:20:35,168 > 15 rows in 1-15 of 25
[INFO|CRAWLER.py] 2020-11-16 13:20:35,195 > 유의사항 기준 탐색 완료
[INFO|CRAWLER.py] 2020-11-16 13:20:35,711 > 15 rows in 1-15 of 25
[INFO|CRAWLER.py] 2020-11-16 13:20:37,765 > GCM1003-01-00 cleared
[INFO|CRAWLER.py] 2020-11-16 13:20:37,804 > GCM1004-01-00: 중복된 강의 객체. caution 수집 완료
[INFO|CRAWLER.py] 2020-11-16 13:20:39,911 > GCM2002-01-00 cleared
[INFO|CRAWLER.py] 2020-11-16 13:20:41,980 > GCM2007-01-00 cleared
[INFO|CRAWLER.py] 2020-11-16 13:20:42,095 > GCM2003-01-00: 중복된 강의 객체. caution 수집 완료
[INFO|CRAWLER.py] 2020-11-16 13:20:42,137 > GCM2004-01-00: 중복된 강의 객체. caution 수집 완료
[INFO|CRAWLER.py] 2020-11-16 13:20:42,179 > GCM2005-01-00: 중복된 강의 객체. caution 수집 완료
[INFO|CRAWLER.py] 2020-11-16 13:20:42,221 > GCM2009-01-00: 중복된 강의 객체. caution 수집 완료
[INFO|CRAWLER.py] 2020-11-16 13:20:44,292 > GCM2010-01-00 cleared
[INFO|CRAWLER.py] 2020-11-16 13:20:44,335 > GCM3002-01-00: 중복된 강의 객체. caution 수집 완료
[INFO|CRAWLER.py] 2020-11-16 13:20:44,376 > GCM3003-01-00: 중복된 강의 객체. caution 수집 완료
[INFO|CRAWLER.py] 2020-11-16 13:20:46,935 > 10 rows in 16-25 of 25
[INFO|CRAWLER.py] 2020-11-16 13:20:46,970 > GCM3004-01-00: 중복된 강의 객체. caution 수집 완료
[INFO|CRAWLER.py] 2020-11-16 13:20:49,028 > GCM3007-01-00 cleared
[INFO|CRAWLER.py] 2020-11-16 13:20:51,089 > GCM3010-01-00 cleared
[INFO|CRAWLER.py] 2020-11-16 13:20:53,160 > GCM3011-01-00 cleared
[INFO|CRAWLER.py] 2020-11-16 13:20:55,221 > GCM3012-01-00 cleared
[INFO|CRAWLER.py] 2020-11-16 13:20:55,263 > GCM3014-01-00: 중복된 강의 객체. caution 수집 완료
[INFO|CRAWLER.py] 2020-11-16 13:20:57,317 > GCM3015-01-00 cleared
[INFO|CRAWLER.py] 2020-11-16 13:20:59,377 > GCM3016-01-00 cleared
[INFO|CRAWLER.py] 2020-11-16 13:20:59,419 > GCM4003-01-00: 중복된 강의 객체. caution 수집 완료
[INFO|CRAWLER.py] 2020-11-16 13:20:59,461 > GCM4007-01-00: 중복된 강의 객체. caution 수집 완료
[INFO|CRAWLER.py] 2020-11-16 13:21:01,501 > 글로벌인재학부-문화·미디어전공 탐색 완료
[INFO|CRAWLER.py] 2020-11-16 13:21:01,501 > 20192-글로벌인재대학-글로벌인재학부-바이오생활공학전공 수집 시작
[INFO|CRAWLER.py] 2020-11-16 13:21:02,135 > 1 rows in 1-1 of 1
[INFO|CRAWLER.py] 2020-11-16 13:21:02,164 > 유의사항 기준 탐색 완료
[INFO|CRAWLER.py] 2020-11-16 13:21:02,684 > 1 rows in 1-1 of 1
[INFO|CRAWLER.py] 2020-11-16 13:21:04,733 > GBL1002-01-00 cleared
[INFO|CRAWLER.py] 2020-11-16 13:21:06,754 > 글로벌인재학부-바이오생활공학전공 탐색 완료
[INFO|CRAWLER.py] 2020-11-16 13:21:06,754 > 20192-글로벌인재대학-글로벌인재학부-응용정보공학전공 수집 시작
[INFO|CRAWLER.py] 2020-11-16 13:21:07,344 > 1 rows in 1-1 of 1
[INFO|CRAWLER.py] 2020-11-16 13:21:07,372 > 유의사항 기준 탐색 완료
[INFO|CRAWLER.py] 2020-11-16 13:21:07,888 > 1 rows in 1-1 of 1
[INFO|CRAWLER.py] 2020-11-16 13:21:09,942 > GAI1001-01-00 cleared
[INFO|CRAWLER.py] 2020-11-16 13:21:11,962 > 글로벌인재학부-응용정보공학전공 탐색 완료
[INFO|CRAWLER.py] 2020-11-16 13:21:11,962 > 글로벌인재대학 수집 완료
[INFO|CRAWLER.py] 2020-11-16 13:21:11,963 > FINISHED_LECT_OBJs에 20192-SEARCH 전부 등록 완료
