[INFO|CRAWLER.py] 2020-11-16 08:54:20,866 > 작업완료된 강의 객체 목록 다운로드 시작
[INFO|CRAWLER.py] 2020-11-16 08:54:42,968 > 작업완료된 강의 객체 목록 다운로드 완료
[INFO|CRAWLER.py] 2020-11-16 08:55:01,279 > 20191-문과대학-문과대학 공통 수집 시작
[INFO|CRAWLER.py] 2020-11-16 08:55:02,016 > 2 rows in 1-2 of 2
[INFO|CRAWLER.py] 2020-11-16 08:55:02,057 > 유의사항 기준 탐색 완료
[INFO|CRAWLER.py] 2020-11-16 08:55:02,578 > 2 rows in 1-2 of 2
[INFO|CRAWLER.py] 2020-11-16 08:55:04,673 > HUM3005-01-00 cleared
[INFO|CRAWLER.py] 2020-11-16 08:55:06,734 > HUM4001-01-00 cleared
[INFO|CRAWLER.py] 2020-11-16 08:55:08,761 > 문과대학 공통 탐색 완료
[INFO|CRAWLER.py] 2020-11-16 08:55:08,761 > 20191-문과대학-국어국문학전공 수집 시작
[INFO|CRAWLER.py] 2020-11-16 08:55:09,358 > 15 rows in 1-15 of 28
[INFO|CRAWLER.py] 2020-11-16 08:55:09,383 > 유의사항 기준 탐색 완료
[INFO|CRAWLER.py] 2020-11-16 08:55:09,901 > 15 rows in 1-15 of 28
[INFO|CRAWLER.py] 2020-11-16 08:55:11,967 > KOR1001-01-00 cleared
[INFO|CRAWLER.py] 2020-11-16 08:55:14,067 > KOR1101-01-00 cleared
[INFO|CRAWLER.py] 2020-11-16 08:55:16,165 > KOR1102-01-00 cleared
[INFO|CRAWLER.py] 2020-11-16 08:55:18,266 > KOR1106-01-00 cleared
[INFO|CRAWLER.py] 2020-11-16 08:55:20,331 > KOR2001-01-00 cleared
[INFO|CRAWLER.py] 2020-11-16 08:55:22,422 > KOR2304-01-00 cleared
[INFO|CRAWLER.py] 2020-11-16 08:55:24,483 > KOR2306-01-00 cleared
[INFO|CRAWLER.py] 2020-11-16 08:55:26,564 > KOR2509-01-00 cleared
[INFO|CRAWLER.py] 2020-11-16 08:55:28,650 > KOR3406-01-00 cleared
[INFO|CRAWLER.py] 2020-11-16 08:55:30,742 > KOR3410-01-00 cleared
[INFO|CRAWLER.py] 2020-11-16 08:55:32,804 > KOR2315-01-00 cleared
[INFO|CRAWLER.py] 2020-11-16 08:55:34,876 > KOR3307-01-00 cleared
[INFO|CRAWLER.py] 2020-11-16 08:55:36,933 > KOR3315-01-00 cleared
[INFO|CRAWLER.py] 2020-11-16 08:55:39,018 > KOR3318-01-00 cleared
[INFO|CRAWLER.py] 2020-11-16 08:55:41,085 > KOR3404-01-00 cleared
[INFO|CRAWLER.py] 2020-11-16 08:55:43,658 > 13 rows in 16-28 of 28
[INFO|CRAWLER.py] 2020-11-16 08:55:45,711 > KOR3508-01-00 cleared
[INFO|CRAWLER.py] 2020-11-16 08:55:47,782 > KOR3514-01-00 cleared
[INFO|CRAWLER.py] 2020-11-16 08:55:49,889 > KOR3520-01-00 cleared
[INFO|CRAWLER.py] 2020-11-16 08:55:51,947 > KOR3527-01-00 cleared
[INFO|CRAWLER.py] 2020-11-16 08:55:54,022 > KOR3533-01-00 cleared
[INFO|CRAWLER.py] 2020-11-16 08:55:56,081 > KOR3534-01-00 cleared
[INFO|CRAWLER.py] 2020-11-16 08:55:58,162 > KOR4306-01-00 cleared
[INFO|CRAWLER.py] 2020-11-16 08:56:00,228 > KOR4311-01-00 cleared
[INFO|CRAWLER.py] 2020-11-16 08:56:02,304 > KOR4404-01-00 cleared
[INFO|CRAWLER.py] 2020-11-16 08:56:04,377 > KOR4407-01-00 cleared
[INFO|CRAWLER.py] 2020-11-16 08:56:06,458 > KOR4408-01-00 cleared
[INFO|CRAWLER.py] 2020-11-16 08:56:08,536 > KOR4506-01-00 cleared
[INFO|CRAWLER.py] 2020-11-16 08:56:10,616 > 국어국문학전공 탐색 완료
[INFO|CRAWLER.py] 2020-11-16 08:56:10,616 > 20191-문과대학-사학전공 수집 시작
[INFO|CRAWLER.py] 2020-11-16 08:56:11,248 > 15 rows in 1-15 of 23
[INFO|CRAWLER.py] 2020-11-16 08:56:11,276 > 유의사항 기준 탐색 완료
[INFO|CRAWLER.py] 2020-11-16 08:56:11,794 > 15 rows in 1-15 of 23
[INFO|CRAWLER.py] 2020-11-16 08:56:13,875 > HIS2401-01-00 cleared
[INFO|CRAWLER.py] 2020-11-16 08:56:15,963 > HIS2701-01-00 cleared
[INFO|CRAWLER.py] 2020-11-16 08:56:18,046 > HIS2002-01-00 cleared
[INFO|CRAWLER.py] 2020-11-16 08:56:20,121 > HIS2103-01-00 cleared
[INFO|CRAWLER.py] 2020-11-16 08:56:22,197 > HIS2110-01-00 cleared
[INFO|CRAWLER.py] 2020-11-16 08:56:24,254 > HIS2705-01-00 cleared
[INFO|CRAWLER.py] 2020-11-16 08:56:26,311 > HIS2718-01-00 cleared
[INFO|CRAWLER.py] 2020-11-16 08:56:28,390 > HIS3401-01-00 cleared
[INFO|CRAWLER.py] 2020-11-16 08:56:40,984 > HIS3407-01-00 cleared
[INFO|CRAWLER.py] 2020-11-16 08:56:43,058 > HIS3415-01-00 cleared
[INFO|CRAWLER.py] 2020-11-16 08:56:45,138 > HIS3110-01-00 cleared
[INFO|CRAWLER.py] 2020-11-16 08:56:47,219 > HIS3120-01-00 cleared
[INFO|CRAWLER.py] 2020-11-16 08:56:49,297 > HIS3715-01-00 cleared
[INFO|CRAWLER.py] 2020-11-16 08:56:51,369 > HIS3728-01-00 cleared
[INFO|CRAWLER.py] 2020-11-16 08:56:53,458 > HIS3730-01-00 cleared
[INFO|CRAWLER.py] 2020-11-16 08:56:56,022 > 8 rows in 16-23 of 23
[INFO|CRAWLER.py] 2020-11-16 08:57:08,595 > HIS3743-01-00 cleared
[INFO|CRAWLER.py] 2020-11-16 08:57:10,673 > HIS3986-01-00 cleared
[INFO|CRAWLER.py] 2020-11-16 08:57:12,732 > HIS4114-01-00 cleared
[INFO|CRAWLER.py] 2020-11-16 08:57:14,804 > HIS4402-01-00 cleared
[INFO|CRAWLER.py] 2020-11-16 08:57:16,877 > HIS4408-01-00 cleared
[INFO|CRAWLER.py] 2020-11-16 08:57:18,954 > HIS4713-01-00 cleared
[INFO|CRAWLER.py] 2020-11-16 08:57:21,021 > HIS4805-01-00 cleared
[INFO|CRAWLER.py] 2020-11-16 08:57:23,079 > HIS4807-01-00 cleared
[INFO|CRAWLER.py] 2020-11-16 08:57:25,126 > 사학전공 탐색 완료
[INFO|CRAWLER.py] 2020-11-16 08:57:25,126 > 20191-문과대학-철학전공 수집 시작
[INFO|CRAWLER.py] 2020-11-16 08:57:25,757 > 15 rows in 1-15 of 18
[INFO|CRAWLER.py] 2020-11-16 08:57:25,787 > 유의사항 기준 탐색 완료
[INFO|CRAWLER.py] 2020-11-16 08:57:26,304 > 15 rows in 1-15 of 18
[INFO|CRAWLER.py] 2020-11-16 08:57:28,376 > PHI1001-01-00 cleared
[INFO|CRAWLER.py] 2020-11-16 08:57:30,454 > PHI3219-01-00 cleared
[INFO|CRAWLER.py] 2020-11-16 08:57:32,583 > PHI1002-01-00 cleared
[INFO|CRAWLER.py] 2020-11-16 08:57:34,664 > PHI2201-01-00 cleared
[INFO|CRAWLER.py] 2020-11-16 08:57:36,766 > PHI2256-01-00 cleared
[INFO|CRAWLER.py] 2020-11-16 08:57:38,861 > PHI2259-01-00 cleared
[INFO|CRAWLER.py] 2020-11-16 08:57:40,936 > PHI2204-01-00 cleared
[INFO|CRAWLER.py] 2020-11-16 08:57:43,032 > PHI3274-01-00 cleared
[INFO|CRAWLER.py] 2020-11-16 08:57:45,089 > PHI3265-01-00 cleared
[INFO|CRAWLER.py] 2020-11-16 08:57:47,154 > PHI3213-01-00 cleared
[INFO|CRAWLER.py] 2020-11-16 08:57:49,244 > PHI3201-01-00 cleared
[INFO|CRAWLER.py] 2020-11-16 08:57:51,327 > PHI3202-01-00 cleared
[INFO|CRAWLER.py] 2020-11-16 08:57:53,392 > PHI3252-01-00 cleared
[INFO|CRAWLER.py] 2020-11-16 08:57:55,458 > PHI3275-01-00 cleared
[INFO|CRAWLER.py] 2020-11-16 08:57:57,531 > PHI4203-01-00 cleared
[INFO|CRAWLER.py] 2020-11-16 08:58:00,082 > 3 rows in 16-18 of 18
[INFO|CRAWLER.py] 2020-11-16 08:58:02,151 > PHI4206-01-00 cleared
[INFO|CRAWLER.py] 2020-11-16 08:58:04,216 > PHI4210-01-00 cleared
[INFO|CRAWLER.py] 2020-11-16 08:58:06,268 > TTP3820-01-00 cleared
[INFO|CRAWLER.py] 2020-11-16 08:58:08,297 > 철학전공 탐색 완료
[INFO|CRAWLER.py] 2020-11-16 08:58:08,297 > 20191-문과대학-문헌정보학전공 수집 시작
[INFO|CRAWLER.py] 2020-11-16 08:58:08,919 > 15 rows in 1-15 of 15
[INFO|CRAWLER.py] 2020-11-16 08:58:08,945 > 유의사항 기준 탐색 완료
[INFO|CRAWLER.py] 2020-11-16 08:58:09,462 > 15 rows in 1-15 of 15
[INFO|CRAWLER.py] 2020-11-16 08:58:11,513 > LIS1101-01-00 cleared
[INFO|CRAWLER.py] 2020-11-16 08:58:13,604 > LIS2403-01-00 cleared
[INFO|CRAWLER.py] 2020-11-16 08:58:15,672 > LIS2801-01-00 cleared
[INFO|CRAWLER.py] 2020-11-16 08:58:17,737 > LIS2804-01-00 cleared
[INFO|CRAWLER.py] 2020-11-16 08:58:19,796 > LIS3301-01-00 cleared
[INFO|CRAWLER.py] 2020-11-16 08:58:21,877 > LIS3701-01-00 cleared
[INFO|CRAWLER.py] 2020-11-16 08:58:23,943 > LIS3807-01-00 cleared
[INFO|CRAWLER.py] 2020-11-16 08:58:26,015 > LIS3808-01-00 cleared
[INFO|CRAWLER.py] 2020-11-16 08:58:28,106 > LIS3813-01-00 cleared
[INFO|CRAWLER.py] 2020-11-16 08:58:30,179 > LIS3816-01-00 cleared
[INFO|CRAWLER.py] 2020-11-16 08:58:32,261 > LIS4809-01-00 cleared
[INFO|CRAWLER.py] 2020-11-16 08:58:34,339 > LIS4812-01-00 cleared
[INFO|CRAWLER.py] 2020-11-16 08:58:36,399 > LIS4802-01-00 cleared
[INFO|CRAWLER.py] 2020-11-16 08:58:38,491 > LIS4803-01-00 cleared
[INFO|CRAWLER.py] 2020-11-16 08:58:40,549 > LIS4807-01-00 cleared
[INFO|CRAWLER.py] 2020-11-16 08:58:42,576 > 문헌정보학전공 탐색 완료
[INFO|CRAWLER.py] 2020-11-16 08:58:42,576 > 20191-문과대학-심리학전공 수집 시작
[INFO|CRAWLER.py] 2020-11-16 08:58:43,204 > 15 rows in 1-15 of 20
[INFO|CRAWLER.py] 2020-11-16 08:58:43,235 > 유의사항 기준 탐색 완료
[INFO|CRAWLER.py] 2020-11-16 08:58:43,754 > 15 rows in 1-15 of 20
[INFO|CRAWLER.py] 2020-11-16 08:58:45,826 > PSY4145-01-00 cleared
[INFO|CRAWLER.py] 2020-11-16 08:58:47,908 > PSY2103-01-00 cleared
[INFO|CRAWLER.py] 2020-11-16 08:58:49,972 > PSY2104-01-00 cleared
[INFO|CRAWLER.py] 2020-11-16 08:58:52,051 > PSY2104-02-00 cleared
[INFO|CRAWLER.py] 2020-11-16 08:58:54,116 > PSY2104-03-00 cleared
[INFO|CRAWLER.py] 2020-11-16 08:58:56,179 > PSY2111-01-00 cleared
[INFO|CRAWLER.py] 2020-11-16 08:58:58,302 > PSY3113-01-00 cleared
[INFO|CRAWLER.py] 2020-11-16 08:59:00,375 > PSY3122-01-00 cleared
[INFO|CRAWLER.py] 2020-11-16 08:59:02,446 > PSY3122-02-00 cleared
[INFO|CRAWLER.py] 2020-11-16 08:59:04,555 > PSY3105-01-00 cleared
[INFO|CRAWLER.py] 2020-11-16 08:59:06,615 > PSY3119-01-00 cleared
[INFO|CRAWLER.py] 2020-11-16 08:59:08,686 > PSY3137-01-00 cleared
[INFO|CRAWLER.py] 2020-11-16 08:59:10,780 > PSY3146-01-00 cleared
[INFO|CRAWLER.py] 2020-11-16 08:59:12,859 > PSY4122-01-00 cleared
[INFO|CRAWLER.py] 2020-11-16 08:59:14,971 > PSY4123-01-00 cleared
[INFO|CRAWLER.py] 2020-11-16 08:59:17,546 > 5 rows in 16-20 of 20
[INFO|CRAWLER.py] 2020-11-16 08:59:19,654 > PSY3164-01-00 cleared
[INFO|CRAWLER.py] 2020-11-16 08:59:21,712 > PSY4133-01-00 cleared
[INFO|CRAWLER.py] 2020-11-16 08:59:23,777 > PSY4113-01-00 cleared
[INFO|CRAWLER.py] 2020-11-16 08:59:25,863 > PSY4126-01-00 cleared
[INFO|CRAWLER.py] 2020-11-16 08:59:27,968 > PSY4134-01-00 cleared
[INFO|CRAWLER.py] 2020-11-16 08:59:30,001 > 심리학전공 탐색 완료
[INFO|CRAWLER.py] 2020-11-16 08:59:30,001 > 20191-문과대학-중어중문학전공 수집 시작
[INFO|CRAWLER.py] 2020-11-16 08:59:30,629 > 15 rows in 1-15 of 20
[INFO|CRAWLER.py] 2020-11-16 08:59:30,654 > 유의사항 기준 탐색 완료
[INFO|CRAWLER.py] 2020-11-16 08:59:31,170 > 15 rows in 1-15 of 20
[INFO|CRAWLER.py] 2020-11-16 08:59:33,255 > CLL2102-01-00 cleared
[INFO|CRAWLER.py] 2020-11-16 08:59:35,304 > CLL2102-02-00 cleared
[INFO|CRAWLER.py] 2020-11-16 08:59:37,364 > CLL2305-01-00 cleared
[INFO|CRAWLER.py] 2020-11-16 08:59:39,436 > CLL2402-01-00 cleared
[INFO|CRAWLER.py] 2020-11-16 08:59:41,515 > CLL3303-01-00 cleared
[INFO|CRAWLER.py] 2020-11-16 08:59:43,587 > CLL3304-01-00 cleared
[INFO|CRAWLER.py] 2020-11-16 08:59:45,660 > CLL3304-02-00 cleared
[INFO|CRAWLER.py] 2020-11-16 08:59:47,724 > CLL3401-01-00 cleared
[INFO|CRAWLER.py] 2020-11-16 08:59:49,802 > CLL3402-01-00 cleared
[INFO|CRAWLER.py] 2020-11-16 08:59:51,862 > CLL3403-01-00 cleared
[INFO|CRAWLER.py] 2020-11-16 08:59:53,926 > CLL3412-01-00 cleared
[INFO|CRAWLER.py] 2020-11-16 08:59:56,015 > CLL3413-01-00 cleared
[INFO|CRAWLER.py] 2020-11-16 08:59:58,079 > CLL3505-01-00 cleared
[INFO|CRAWLER.py] 2020-11-16 09:00:00,179 > CLL3606-01-00 cleared
[INFO|CRAWLER.py] 2020-11-16 09:00:02,253 > CLL3608-01-00 cleared
[INFO|CRAWLER.py] 2020-11-16 09:00:04,821 > 5 rows in 16-20 of 20
[INFO|CRAWLER.py] 2020-11-16 09:00:06,887 > CLL3603-01-00 cleared
[INFO|CRAWLER.py] 2020-11-16 09:00:08,965 > CLL4303-01-00 cleared
[INFO|CRAWLER.py] 2020-11-16 09:00:11,038 > CLL4303-02-00 cleared
[INFO|CRAWLER.py] 2020-11-16 09:00:13,097 > CLL4503-01-00 cleared
[INFO|CRAWLER.py] 2020-11-16 09:00:15,164 > CLL4606-01-00 cleared
[INFO|CRAWLER.py] 2020-11-16 09:00:17,197 > 중어중문학전공 탐색 완료
[INFO|CRAWLER.py] 2020-11-16 09:00:17,197 > 20191-문과대학-영어영문학전공 수집 시작
[INFO|CRAWLER.py] 2020-11-16 09:00:17,824 > 15 rows in 1-15 of 43
[INFO|CRAWLER.py] 2020-11-16 09:00:17,849 > 유의사항 기준 탐색 완료
[INFO|CRAWLER.py] 2020-11-16 09:00:18,366 > 15 rows in 1-15 of 43
[INFO|CRAWLER.py] 2020-11-16 09:00:20,448 > ELL2101-01-00 cleared
[INFO|CRAWLER.py] 2020-11-16 09:00:22,501 > ELL2501-01-00 cleared
[INFO|CRAWLER.py] 2020-11-16 09:00:24,552 > ELL2501-02-00 cleared
[INFO|CRAWLER.py] 2020-11-16 09:00:26,614 > ELL2001-01-00 cleared
[INFO|CRAWLER.py] 2020-11-16 09:00:28,707 > ELL2001-02-00 cleared
[INFO|CRAWLER.py] 2020-11-16 09:00:30,782 > ELL2002-01-00 cleared
[INFO|CRAWLER.py] 2020-11-16 09:00:32,849 > ELL2002-02-00 cleared
[INFO|CRAWLER.py] 2020-11-16 09:00:34,922 > ELL2002-03-00 cleared
[INFO|CRAWLER.py] 2020-11-16 09:00:36,986 > ELL2002-04-00 cleared
[INFO|CRAWLER.py] 2020-11-16 09:00:39,061 > ELL2003-01-00 cleared
[INFO|CRAWLER.py] 2020-11-16 09:00:41,125 > ELL2003-02-00 cleared
[INFO|CRAWLER.py] 2020-11-16 09:00:43,184 > ELL2003-03-00 cleared
[INFO|CRAWLER.py] 2020-11-16 09:00:45,257 > ELL2004-01-00 cleared
[INFO|CRAWLER.py] 2020-11-16 09:00:47,323 > ELL2004-02-00 cleared
[INFO|CRAWLER.py] 2020-11-16 09:00:49,386 > ELL2502-01-00 cleared
[INFO|CRAWLER.py] 2020-11-16 09:00:51,954 > 15 rows in 16-30 of 43
[INFO|CRAWLER.py] 2020-11-16 09:00:54,031 > ELL2503-01-00 cleared
[INFO|CRAWLER.py] 2020-11-16 09:00:56,109 > ELL3304-01-00 cleared
[INFO|CRAWLER.py] 2020-11-16 09:00:58,168 > ELL3305-01-00 cleared
[INFO|CRAWLER.py] 2020-11-16 09:01:00,239 > ELL3101-01-00 cleared
[INFO|CRAWLER.py] 2020-11-16 09:01:02,319 > ELL3102-01-00 cleared
[INFO|CRAWLER.py] 2020-11-16 09:01:04,398 > ELL3307-01-00 cleared
[INFO|CRAWLER.py] 2020-11-16 09:01:06,467 > ELL3903-01-00 cleared
[INFO|CRAWLER.py] 2020-11-16 09:01:08,522 > ELL3904-01-00 cleared
[INFO|CRAWLER.py] 2020-11-16 09:01:10,596 > ELL3928-01-00 cleared
[INFO|CRAWLER.py] 2020-11-16 09:01:12,675 > ELL4908-01-00 cleared
[INFO|CRAWLER.py] 2020-11-16 09:01:14,755 > ELL3407-01-00 cleared
[INFO|CRAWLER.py] 2020-11-16 09:01:16,827 > ELL3911-01-00 cleared
[INFO|CRAWLER.py] 2020-11-16 09:01:18,890 > ELL3912-01-00 cleared
[INFO|CRAWLER.py] 2020-11-16 09:01:20,960 > ELL3913-01-00 cleared
[INFO|CRAWLER.py] 2020-11-16 09:01:23,040 > ELL3920-01-00 cleared
[INFO|CRAWLER.py] 2020-11-16 09:01:25,622 > 13 rows in 31-43 of 43
[INFO|CRAWLER.py] 2020-11-16 09:01:27,701 > ELL3925-01-00 cleared
[INFO|CRAWLER.py] 2020-11-16 09:01:29,778 > ELL4302-01-00 cleared
[INFO|CRAWLER.py] 2020-11-16 09:01:31,860 > ELL4907-01-00 cleared
[INFO|CRAWLER.py] 2020-11-16 09:01:33,938 > ELL4909-01-00 cleared
[INFO|CRAWLER.py] 2020-11-16 09:01:36,007 > ELL4911-01-00 cleared
[INFO|CRAWLER.py] 2020-11-16 09:01:38,071 > ELL4917-01-00 cleared
[INFO|CRAWLER.py] 2020-11-16 09:01:40,136 > ELL3401-01-00 cleared
[INFO|CRAWLER.py] 2020-11-16 09:01:42,203 > ELL3602-01-00 cleared
[INFO|CRAWLER.py] 2020-11-16 09:01:44,269 > ELL3708-01-00 cleared
[INFO|CRAWLER.py] 2020-11-16 09:01:46,342 > ELL4241-01-00 cleared
[INFO|CRAWLER.py] 2020-11-16 09:01:48,396 > ELL4307-01-00 cleared
[INFO|CRAWLER.py] 2020-11-16 09:01:50,451 > ELL4701-01-00 cleared
[INFO|CRAWLER.py] 2020-11-16 09:01:52,528 > ELL4906-01-00 cleared
[INFO|CRAWLER.py] 2020-11-16 09:01:54,569 > 영어영문학전공 탐색 완료
[INFO|CRAWLER.py] 2020-11-16 09:01:54,569 > 20191-문과대학-독어독문학전공 수집 시작
[INFO|CRAWLER.py] 2020-11-16 09:01:55,196 > 15 rows in 1-15 of 15
[INFO|CRAWLER.py] 2020-11-16 09:01:55,219 > 유의사항 기준 탐색 완료
[INFO|CRAWLER.py] 2020-11-16 09:01:55,736 > 15 rows in 1-15 of 15
[INFO|CRAWLER.py] 2020-11-16 09:01:57,814 > GER2101-01-00 cleared
[INFO|CRAWLER.py] 2020-11-16 09:01:59,880 > GER2106-01-00 cleared
[INFO|CRAWLER.py] 2020-11-16 09:02:01,946 > GER2114-01-00 cleared
[INFO|CRAWLER.py] 2020-11-16 09:02:04,027 > GER2116-01-00 cleared
[INFO|CRAWLER.py] 2020-11-16 09:02:06,094 > GER4101-01-00 cleared
[INFO|CRAWLER.py] 2020-11-16 09:02:08,153 > GER3101-01-00 cleared
[INFO|CRAWLER.py] 2020-11-16 09:02:10,231 > GER3101-02-00 cleared
[INFO|CRAWLER.py] 2020-11-16 09:02:12,289 > GER3102-01-00 cleared
[INFO|CRAWLER.py] 2020-11-16 09:02:14,356 > GER3125-01-00 cleared
[INFO|CRAWLER.py] 2020-11-16 09:02:16,435 > GER3130-01-00 cleared
[INFO|CRAWLER.py] 2020-11-16 09:02:18,496 > GER3135-01-00 cleared
[INFO|CRAWLER.py] 2020-11-16 09:02:20,556 > GER3141-01-00 cleared
[INFO|CRAWLER.py] 2020-11-16 09:02:22,618 > GER4116-01-00 cleared
[INFO|CRAWLER.py] 2020-11-16 09:02:24,675 > TTP3826-01-00 cleared
[INFO|CRAWLER.py] 2020-11-16 09:02:26,737 > GER4115-01-00 cleared
[INFO|CRAWLER.py] 2020-11-16 09:02:28,763 > 독어독문학전공 탐색 완료
[INFO|CRAWLER.py] 2020-11-16 09:02:28,763 > 20191-문과대학-불어불문학전공 수집 시작
[INFO|CRAWLER.py] 2020-11-16 09:02:29,392 > 14 rows in 1-14 of 14
[INFO|CRAWLER.py] 2020-11-16 09:02:29,418 > 유의사항 기준 탐색 완료
[INFO|CRAWLER.py] 2020-11-16 09:02:29,935 > 14 rows in 1-14 of 14
[INFO|CRAWLER.py] 2020-11-16 09:02:32,023 > FRE2101-01-00 cleared
[INFO|CRAWLER.py] 2020-11-16 09:02:34,116 > FRE2107-01-00 cleared
[INFO|CRAWLER.py] 2020-11-16 09:02:36,191 > FRE2103-01-00 cleared
[INFO|CRAWLER.py] 2020-11-16 09:02:38,269 > FRE2104-01-00 cleared
[INFO|CRAWLER.py] 2020-11-16 09:02:40,339 > FRE2104-02-00 cleared
[INFO|CRAWLER.py] 2020-11-16 09:02:42,398 > FRE2105-01-00 cleared
[INFO|CRAWLER.py] 2020-11-16 09:02:44,472 > FRE3104-01-00 cleared
[INFO|CRAWLER.py] 2020-11-16 09:02:46,537 > FRE3105-01-00 cleared
[INFO|CRAWLER.py] 2020-11-16 09:02:48,600 > FRE3117-01-00 cleared
[INFO|CRAWLER.py] 2020-11-16 09:02:50,677 > FRE3118-01-00 cleared
[INFO|CRAWLER.py] 2020-11-16 09:02:52,757 > FRE4104-01-00 cleared
[INFO|CRAWLER.py] 2020-11-16 09:02:54,833 > FRE4106-01-00 cleared
[INFO|CRAWLER.py] 2020-11-16 09:02:56,891 > FRE4107-01-00 cleared
[INFO|CRAWLER.py] 2020-11-16 09:02:58,944 > TTP3825-01-00 cleared
[INFO|CRAWLER.py] 2020-11-16 09:03:00,972 > 불어불문학전공 탐색 완료
[INFO|CRAWLER.py] 2020-11-16 09:03:00,972 > 20191-문과대학-노어노문학전공 수집 시작
[INFO|CRAWLER.py] 2020-11-16 09:03:01,604 > 15 rows in 1-15 of 17
[INFO|CRAWLER.py] 2020-11-16 09:03:01,631 > 유의사항 기준 탐색 완료
[INFO|CRAWLER.py] 2020-11-16 09:03:02,149 > 15 rows in 1-15 of 17
[INFO|CRAWLER.py] 2020-11-16 09:03:04,203 > RUS2133-01-00 cleared
[INFO|CRAWLER.py] 2020-11-16 09:03:06,286 > RUS2003-01-00 cleared
[INFO|CRAWLER.py] 2020-11-16 09:03:08,354 > RUS2105-01-00 cleared
[INFO|CRAWLER.py] 2020-11-16 09:03:10,420 > RUS2105-02-00 cleared
[INFO|CRAWLER.py] 2020-11-16 09:03:12,492 > RUS2103-01-00 cleared
[INFO|CRAWLER.py] 2020-11-16 09:03:14,553 > RUS2103-02-00 cleared
[INFO|CRAWLER.py] 2020-11-16 09:03:16,629 > RUS2113-01-00 cleared
[INFO|CRAWLER.py] 2020-11-16 09:03:18,704 > RUS3105-01-00 cleared
[INFO|CRAWLER.py] 2020-11-16 09:03:20,767 > RUS3103-01-00 cleared
[INFO|CRAWLER.py] 2020-11-16 09:03:22,843 > RUS3107-01-00 cleared
[INFO|CRAWLER.py] 2020-11-16 09:03:24,905 > RUS3126-01-00 cleared
[INFO|CRAWLER.py] 2020-11-16 09:03:26,967 > RUS3139-01-00 cleared
[INFO|CRAWLER.py] 2020-11-16 09:03:29,042 > RUS3140-01-00 cleared
[INFO|CRAWLER.py] 2020-11-16 09:03:31,107 > RUS4112-01-00 cleared
[INFO|CRAWLER.py] 2020-11-16 09:03:33,170 > RUS4201-01-00 cleared
[INFO|CRAWLER.py] 2020-11-16 09:03:35,718 > 2 rows in 16-17 of 17
[INFO|CRAWLER.py] 2020-11-16 09:03:37,799 > TTP3846-01-00 cleared
[INFO|CRAWLER.py] 2020-11-16 09:03:39,831 > 노어노문학전공 탐색 완료
[INFO|CRAWLER.py] 2020-11-16 09:03:39,831 > 문과대학 수집 완료
[INFO|CRAWLER.py] 2020-11-16 09:03:39,832 > 20191-상경대학-상경대학 공통 수집 시작
[INFO|CRAWLER.py] 2020-11-16 09:03:40,465 > 1 rows in 1-1 of 1
[INFO|CRAWLER.py] 2020-11-16 09:03:40,489 > 유의사항 기준 탐색 완료
[INFO|CRAWLER.py] 2020-11-16 09:03:41,006 > 1 rows in 1-1 of 1
[INFO|CRAWLER.py] 2020-11-16 09:03:43,070 > ECO4001-01-00 cleared
[INFO|CRAWLER.py] 2020-11-16 09:03:45,089 > 상경대학 공통 탐색 완료
[INFO|CRAWLER.py] 2020-11-16 09:03:45,090 > 20191-상경대학-경제학전공 수집 시작
[INFO|CRAWLER.py] 2020-11-16 09:03:45,678 > 15 rows in 1-15 of 76
[INFO|CRAWLER.py] 2020-11-16 09:03:45,706 > 유의사항 기준 탐색 완료
[INFO|CRAWLER.py] 2020-11-16 09:03:46,221 > 15 rows in 1-15 of 76
[INFO|CRAWLER.py] 2020-11-16 09:03:48,338 > ECO1101-01-00 cleared
[INFO|CRAWLER.py] 2020-11-16 09:03:50,446 > ECO1101-02-00 cleared
[INFO|CRAWLER.py] 2020-11-16 09:03:52,506 > ECO1101-03-00 cleared
[INFO|CRAWLER.py] 2020-11-16 09:03:54,561 > ECO1101-04-00 cleared
[INFO|CRAWLER.py] 2020-11-16 09:03:56,621 > ECO1101-05-00 cleared
[INFO|CRAWLER.py] 2020-11-16 09:03:58,688 > ECO1101-06-00 cleared
[INFO|CRAWLER.py] 2020-11-16 09:04:00,804 > ECO1103-01-00 cleared
[INFO|CRAWLER.py] 2020-11-16 09:04:02,888 > ECO1103-02-00 cleared
[INFO|CRAWLER.py] 2020-11-16 09:04:05,024 > ECO1103-03-00 cleared
[INFO|CRAWLER.py] 2020-11-16 09:04:07,142 > ECO1103-04-00 cleared
[INFO|CRAWLER.py] 2020-11-16 09:04:09,244 > ECO1103-05-00 cleared
[INFO|CRAWLER.py] 2020-11-16 09:04:11,305 > ECO1103-06-00 cleared
[INFO|CRAWLER.py] 2020-11-16 09:04:13,374 > ECO1103-07-00 cleared
[INFO|CRAWLER.py] 2020-11-16 09:04:15,483 > ECO1104-01-00 cleared
[INFO|CRAWLER.py] 2020-11-16 09:04:17,562 > ECO1104-02-00 cleared
[INFO|CRAWLER.py] 2020-11-16 09:04:20,146 > 15 rows in 16-30 of 76
[INFO|CRAWLER.py] 2020-11-16 09:04:22,264 > ECO1104-03-00 cleared
[INFO|CRAWLER.py] 2020-11-16 09:04:24,345 > ECO1104-04-00 cleared
[INFO|CRAWLER.py] 2020-11-16 09:04:26,455 > ECO1104-05-00 cleared
[INFO|CRAWLER.py] 2020-11-16 09:04:28,526 > ECO1104-06-00 cleared
[INFO|CRAWLER.py] 2020-11-16 09:04:30,587 > ECO1104-07-00 cleared
[INFO|CRAWLER.py] 2020-11-16 09:04:32,655 > ECO2101-01-00 cleared
[INFO|CRAWLER.py] 2020-11-16 09:04:34,779 > ECO2101-02-00 cleared
[INFO|CRAWLER.py] 2020-11-16 09:04:36,858 > ECO2101-03-00 cleared
[INFO|CRAWLER.py] 2020-11-16 09:04:38,949 > ECO2101-04-00 cleared
[INFO|CRAWLER.py] 2020-11-16 09:04:41,031 > ECO2101-05-00 cleared
[INFO|CRAWLER.py] 2020-11-16 09:04:43,128 > ECO2101-06-00 cleared
[INFO|CRAWLER.py] 2020-11-16 09:04:45,205 > ECO2101-07-00 cleared
[INFO|CRAWLER.py] 2020-11-16 09:04:47,277 > ECO2101-08-00 cleared
[INFO|CRAWLER.py] 2020-11-16 09:04:49,338 > ECO2101-09-00 cleared
[INFO|CRAWLER.py] 2020-11-16 09:04:51,449 > ECO2102-01-00 cleared
[INFO|CRAWLER.py] 2020-11-16 09:04:54,014 > 15 rows in 31-45 of 76
[INFO|CRAWLER.py] 2020-11-16 09:04:56,150 > ECO2102-02-00 cleared
[INFO|CRAWLER.py] 2020-11-16 09:04:58,246 > ECO2102-03-00 cleared
[INFO|CRAWLER.py] 2020-11-16 09:05:00,343 > ECO2102-04-00 cleared
[INFO|CRAWLER.py] 2020-11-16 09:05:02,406 > ECO2102-05-00 cleared
[INFO|CRAWLER.py] 2020-11-16 09:05:04,518 > ECO2102-06-00 cleared
[INFO|CRAWLER.py] 2020-11-16 09:05:06,577 > ECO2001-01-00 cleared
[INFO|CRAWLER.py] 2020-11-16 09:05:08,667 > ECO2103-01-00 cleared
[INFO|CRAWLER.py] 2020-11-16 09:05:10,813 > ECO3165-01-00 cleared
[INFO|CRAWLER.py] 2020-11-16 09:05:12,884 > ECO3165-02-00 cleared
[INFO|CRAWLER.py] 2020-11-16 09:05:15,009 > ECO3101-01-00 cleared
[INFO|CRAWLER.py] 2020-11-16 09:05:17,155 > ECO3101-02-00 cleared
[INFO|CRAWLER.py] 2020-11-16 09:05:19,247 > ECO3102-01-00 cleared
[INFO|CRAWLER.py] 2020-11-16 09:05:21,352 > ECO3104-01-00 cleared
[INFO|CRAWLER.py] 2020-11-16 09:05:23,456 > ECO3104-02-00 cleared
[INFO|CRAWLER.py] 2020-11-16 09:05:26,016 > 15 rows in 46-60 of 76
[INFO|CRAWLER.py] 2020-11-16 09:05:28,176 > ECO3106-01-00 cleared
[INFO|CRAWLER.py] 2020-11-16 09:05:30,251 > ECO3109-01-00 cleared
[INFO|CRAWLER.py] 2020-11-16 09:05:32,350 > ECO3110-01-00 cleared
[INFO|CRAWLER.py] 2020-11-16 09:05:34,410 > ECO3110-02-00 cleared
[INFO|CRAWLER.py] 2020-11-16 09:05:36,542 > ECO3110-03-00 cleared
[INFO|CRAWLER.py] 2020-11-16 09:05:38,675 > ECO3111-01-00 cleared
[INFO|CRAWLER.py] 2020-11-16 09:05:40,759 > ECO3112-01-00 cleared
[INFO|CRAWLER.py] 2020-11-16 09:05:42,845 > ECO3112-02-00 cleared
[INFO|CRAWLER.py] 2020-11-16 09:05:44,959 > ECO3114-01-00 cleared
[INFO|CRAWLER.py] 2020-11-16 09:05:47,044 > ECO3116-01-00 cleared
[INFO|CRAWLER.py] 2020-11-16 09:05:49,156 > ECO3123-01-00 cleared
[INFO|CRAWLER.py] 2020-11-16 09:05:51,318 > ECO3127-01-00 cleared
[INFO|CRAWLER.py] 2020-11-16 09:05:53,415 > ECO3130-01-00 cleared
[INFO|CRAWLER.py] 2020-11-16 09:05:55,580 > ECO3130-02-00 cleared
[INFO|CRAWLER.py] 2020-11-16 09:05:57,714 > ECO3131-01-00 cleared
[INFO|CRAWLER.py] 2020-11-16 09:06:00,293 > 15 rows in 61-75 of 76
[INFO|CRAWLER.py] 2020-11-16 09:06:02,461 > ECO3133-01-00 cleared
[INFO|CRAWLER.py] 2020-11-16 09:06:04,539 > ECO3134-01-00 cleared
[INFO|CRAWLER.py] 2020-11-16 09:06:06,712 > ECO3134-02-00 cleared
[INFO|CRAWLER.py] 2020-11-16 09:06:08,788 > ECO3134-03-00 cleared
[INFO|CRAWLER.py] 2020-11-16 09:06:10,846 > ECO3134-04-00 cleared
[INFO|CRAWLER.py] 2020-11-16 09:06:12,952 > ECO3140-01-00 cleared
[INFO|CRAWLER.py] 2020-11-16 09:06:15,070 > ECO3162-02-00 cleared
[INFO|CRAWLER.py] 2020-11-16 09:06:17,149 > ECO4110-01-00 cleared
[INFO|CRAWLER.py] 2020-11-16 09:06:19,263 > ECO4113-01-00 cleared
[INFO|CRAWLER.py] 2020-11-16 09:06:21,338 > ECO4116-01-00 cleared
[INFO|CRAWLER.py] 2020-11-16 09:06:23,458 > ECO4862-01-00 cleared
[INFO|CRAWLER.py] 2020-11-16 09:06:25,552 > ECO4863-01-00 cleared
[INFO|CRAWLER.py] 2020-11-16 09:06:27,664 > ECO4865-01-00 cleared
[INFO|CRAWLER.py] 2020-11-16 09:06:30,204 > 1 rows in 76-76 of 76
[INFO|CRAWLER.py] 2020-11-16 09:06:32,299 > ECO4866-01-00 cleared
[INFO|CRAWLER.py] 2020-11-16 09:06:34,340 > 경제학전공 탐색 완료
[INFO|CRAWLER.py] 2020-11-16 09:06:34,341 > 20191-상경대학-응용통계학전공 수집 시작
[INFO|CRAWLER.py] 2020-11-16 09:06:34,966 > 15 rows in 1-15 of 28
[INFO|CRAWLER.py] 2020-11-16 09:06:34,996 > 유의사항 기준 탐색 완료
[INFO|CRAWLER.py] 2020-11-16 09:06:35,512 > 15 rows in 1-15 of 28
[INFO|CRAWLER.py] 2020-11-16 09:06:37,665 > STA1002-01-00 cleared
[INFO|CRAWLER.py] 2020-11-16 09:06:39,775 > STA1002-02-00 cleared
[INFO|CRAWLER.py] 2020-11-16 09:06:41,834 > STA1002-03-00 cleared
[INFO|CRAWLER.py] 2020-11-16 09:06:43,890 > STA1002-04-00 cleared
[INFO|CRAWLER.py] 2020-11-16 09:06:45,986 > STA2102-01-00 cleared
[INFO|CRAWLER.py] 2020-11-16 09:06:48,109 > STA2102-02-00 cleared
[INFO|CRAWLER.py] 2020-11-16 09:06:50,208 > STA2104-01-00 cleared
[INFO|CRAWLER.py] 2020-11-16 09:06:52,323 > STA2104-02-00 cleared
[INFO|CRAWLER.py] 2020-11-16 09:06:54,437 > STA2104-03-00 cleared
[INFO|CRAWLER.py] 2020-11-16 09:06:56,505 > STA2105-01-00 cleared
[INFO|CRAWLER.py] 2020-11-16 09:06:58,636 > STA2105-02-00 cleared
[INFO|CRAWLER.py] 2020-11-16 09:07:00,758 > STA2105-03-00 cleared
[INFO|CRAWLER.py] 2020-11-16 09:07:02,862 > STA2003-01-00 cleared
[INFO|CRAWLER.py] 2020-11-16 09:07:04,969 > STA3109-01-00 cleared
[INFO|CRAWLER.py] 2020-11-16 09:07:07,080 > STA3126-01-00 cleared
[INFO|CRAWLER.py] 2020-11-16 09:07:09,661 > 13 rows in 16-28 of 28
[INFO|CRAWLER.py] 2020-11-16 09:07:11,739 > STA3130-01-00 cleared
[INFO|CRAWLER.py] 2020-11-16 09:07:13,817 > STA3115-01-00 cleared
[INFO|CRAWLER.py] 2020-11-16 09:07:15,939 > STA3123-01-00 cleared
[INFO|CRAWLER.py] 2020-11-16 09:07:18,086 > STA3124-01-00 cleared
[INFO|CRAWLER.py] 2020-11-16 09:07:20,203 > STA3125-01-00 cleared
[INFO|CRAWLER.py] 2020-11-16 09:07:22,272 > STA3127-01-00 cleared
[INFO|CRAWLER.py] 2020-11-16 09:07:24,418 > STA3129-01-00 cleared
[INFO|CRAWLER.py] 2020-11-16 09:07:26,528 > STA3132-01-00 cleared
[INFO|CRAWLER.py] 2020-11-16 09:07:28,610 > STA3104-01-00 cleared
[INFO|CRAWLER.py] 2020-11-16 09:07:30,714 > STA3110-01-00 cleared
[INFO|CRAWLER.py] 2020-11-16 09:07:32,795 > STA4103-01-00 cleared
[INFO|CRAWLER.py] 2020-11-16 09:07:34,871 > STA4109-01-00 cleared
[INFO|CRAWLER.py] 2020-11-16 09:07:36,932 > STA4115-01-00 cleared
[INFO|CRAWLER.py] 2020-11-16 09:07:38,971 > 응용통계학전공 탐색 완료
[INFO|CRAWLER.py] 2020-11-16 09:07:38,972 > 20191-상경대학-상경계열 수집 시작
[INFO|CRAWLER.py] 2020-11-16 09:07:39,598 > 0 rows in 1-0 of 0
[INFO|CRAWLER.py] 2020-11-16 09:07:50,130 > No caution link in 0th row
[INFO|CRAWLER.py] 2020-11-16 09:07:50,637 > 0 rows in 1-0 of 0
[INFO|CRAWLER.py] 2020-11-16 09:07:50,638 > No caution in pages
[INFO|CRAWLER.py] 2020-11-16 09:07:51,155 > 0 rows in 1-0 of 0
[INFO|CRAWLER.py] 2020-11-16 09:07:53,176 > 상경계열 탐색 완료
[INFO|CRAWLER.py] 2020-11-16 09:07:53,176 > 상경대학 수집 완료
[INFO|CRAWLER.py] 2020-11-16 09:07:53,177 > 20191-경영대학-경영학전공 수집 시작
[INFO|CRAWLER.py] 2020-11-16 09:07:53,779 > 15 rows in 1-15 of 108
[INFO|CRAWLER.py] 2020-11-16 09:07:53,810 > 유의사항 기준 탐색 완료
[INFO|CRAWLER.py] 2020-11-16 09:07:54,325 > 15 rows in 1-15 of 108
[INFO|CRAWLER.py] 2020-11-16 09:07:56,460 > BIZ1101-01-00 cleared
[INFO|CRAWLER.py] 2020-11-16 09:07:58,556 > BIZ1101-02-00 cleared
[INFO|CRAWLER.py] 2020-11-16 09:08:00,694 > BIZ1101-03-00 cleared
[INFO|CRAWLER.py] 2020-11-16 09:08:02,922 > BIZ1101-05-00 cleared
[INFO|CRAWLER.py] 2020-11-16 09:08:05,051 > BIZ1102-01-00 cleared
[INFO|CRAWLER.py] 2020-11-16 09:08:07,154 > BIZ1102-02-00 cleared
[INFO|CRAWLER.py] 2020-11-16 09:08:09,231 > BIZ1102-03-00 cleared
[INFO|CRAWLER.py] 2020-11-16 09:08:11,331 > BIZ1102-04-00 cleared
[INFO|CRAWLER.py] 2020-11-16 09:08:13,480 > BIZ1102-05-00 cleared
[INFO|CRAWLER.py] 2020-11-16 09:08:15,569 > BIZ1102-06-00 cleared
[INFO|CRAWLER.py] 2020-11-16 09:08:17,672 > BIZ2119-01-00 cleared
[INFO|CRAWLER.py] 2020-11-16 09:08:19,778 > BIZ2119-02-00 cleared
[INFO|CRAWLER.py] 2020-11-16 09:08:21,925 > BIZ2119-03-00 cleared
[INFO|CRAWLER.py] 2020-11-16 09:08:24,495 > 15 rows in 16-30 of 108
[INFO|CRAWLER.py] 2020-11-16 09:08:26,571 > BIZ2119-04-00 cleared
[INFO|CRAWLER.py] 2020-11-16 09:08:28,644 > BIZ2119-05-00 cleared
[INFO|CRAWLER.py] 2020-11-16 09:08:30,770 > BIZ2120-01-00 cleared
[INFO|CRAWLER.py] 2020-11-16 09:08:32,896 > BIZ2120-02-00 cleared
[INFO|CRAWLER.py] 2020-11-16 09:08:34,963 > BIZ2120-03-00 cleared
[INFO|CRAWLER.py] 2020-11-16 09:08:37,065 > BIZ2120-04-00 cleared
[INFO|CRAWLER.py] 2020-11-16 09:08:39,164 > BIZ2120-05-00 cleared
[INFO|CRAWLER.py] 2020-11-16 09:08:41,301 > BIZ2121-01-00 cleared
[INFO|CRAWLER.py] 2020-11-16 09:08:43,415 > BIZ2121-02-00 cleared
[INFO|CRAWLER.py] 2020-11-16 09:08:45,545 > BIZ2121-04-00 cleared
[INFO|CRAWLER.py] 2020-11-16 09:08:47,679 > BIZ2121-05-00 cleared
[INFO|CRAWLER.py] 2020-11-16 09:08:50,255 > 15 rows in 31-45 of 108
[INFO|CRAWLER.py] 2020-11-16 09:08:52,374 > BIZ2121-06-00 cleared
[INFO|CRAWLER.py] 2020-11-16 09:08:54,495 > BIZ2122-01-00 cleared
[INFO|CRAWLER.py] 2020-11-16 09:08:56,580 > BIZ2122-02-00 cleared
[INFO|CRAWLER.py] 2020-11-16 09:08:58,663 > BIZ2122-03-00 cleared
[INFO|CRAWLER.py] 2020-11-16 09:09:00,749 > BIZ2122-04-00 cleared
[INFO|CRAWLER.py] 2020-11-16 09:09:02,831 > BIZ2122-05-00 cleared
[INFO|CRAWLER.py] 2020-11-16 09:09:04,922 > BIZ2001-02-00 cleared
[INFO|CRAWLER.py] 2020-11-16 09:09:07,014 > BIZ3108-01-00 cleared
[INFO|CRAWLER.py] 2020-11-16 09:09:09,126 > BIZ3108-02-00 cleared
[INFO|CRAWLER.py] 2020-11-16 09:09:11,259 > BIZ3108-03-00 cleared
[INFO|CRAWLER.py] 2020-11-16 09:09:13,360 > BIZ3108-04-00 cleared
[INFO|CRAWLER.py] 2020-11-16 09:09:15,447 > BIZ3147-01-00 cleared
[INFO|CRAWLER.py] 2020-11-16 09:09:17,532 > BIZ3147-02-00 cleared
[INFO|CRAWLER.py] 2020-11-16 09:09:20,092 > 15 rows in 46-60 of 108
[INFO|CRAWLER.py] 2020-11-16 09:09:22,172 > BIZ3147-03-00 cleared
[INFO|CRAWLER.py] 2020-11-16 09:09:24,256 > BIZ3147-04-00 cleared
[INFO|CRAWLER.py] 2020-11-16 09:09:26,341 > BIZ3147-05-00 cleared
[INFO|CRAWLER.py] 2020-11-16 09:09:28,442 > BIZ3147-06-00 cleared
[INFO|CRAWLER.py] 2020-11-16 09:09:30,499 > BIZ3147-07-00 cleared
[INFO|CRAWLER.py] 2020-11-16 09:09:32,593 > BIZ3189-01-00 cleared
[INFO|CRAWLER.py] 2020-11-16 09:09:34,676 > BIZ3189-02-00 cleared
[INFO|CRAWLER.py] 2020-11-16 09:09:36,832 > BIZ3189-03-00 cleared
[INFO|CRAWLER.py] 2020-11-16 09:09:38,939 > BIZ3189-04-00 cleared
[INFO|CRAWLER.py] 2020-11-16 09:09:41,046 > BIZ3001-01-00 cleared
[INFO|CRAWLER.py] 2020-11-16 09:09:43,160 > BIZ3001-02-00 cleared
[INFO|CRAWLER.py] 2020-11-16 09:09:45,308 > BIZ3106-01-00 cleared
[INFO|CRAWLER.py] 2020-11-16 09:09:47,455 > BIZ3110-01-00 cleared
[INFO|CRAWLER.py] 2020-11-16 09:09:49,572 > BIZ3119-01-00 cleared
[INFO|CRAWLER.py] 2020-11-16 09:09:52,133 > 15 rows in 61-75 of 108
[INFO|CRAWLER.py] 2020-11-16 09:09:54,201 > BIZ3119-02-00 cleared
[INFO|CRAWLER.py] 2020-11-16 09:09:56,333 > BIZ3120-01-00 cleared
[INFO|CRAWLER.py] 2020-11-16 09:09:58,423 > BIZ3120-02-00 cleared
[INFO|CRAWLER.py] 2020-11-16 09:10:00,500 > BIZ3124-01-00 cleared
[INFO|CRAWLER.py] 2020-11-16 09:10:02,574 > BIZ3126-01-00 cleared
[INFO|CRAWLER.py] 2020-11-16 09:10:04,646 > BIZ3127-01-00 cleared
[INFO|CRAWLER.py] 2020-11-16 09:10:06,715 > BIZ3130-01-00 cleared
[INFO|CRAWLER.py] 2020-11-16 09:10:08,788 > BIZ3134-01-00 cleared
[INFO|CRAWLER.py] 2020-11-16 09:10:10,867 > BIZ3136-01-00 cleared
[INFO|CRAWLER.py] 2020-11-16 09:10:12,930 > BIZ3136-02-00 cleared
[INFO|CRAWLER.py] 2020-11-16 09:10:15,043 > BIZ3143-01-00 cleared
[INFO|CRAWLER.py] 2020-11-16 09:10:17,158 > BIZ3148-01-00 cleared
[INFO|CRAWLER.py] 2020-11-16 09:10:19,259 > BIZ3155-01-00 cleared
[INFO|CRAWLER.py] 2020-11-16 09:10:21,341 > BIZ3155-02-00 cleared
[INFO|CRAWLER.py] 2020-11-16 09:10:23,417 > BIZ3158-01-00 cleared
[INFO|CRAWLER.py] 2020-11-16 09:10:25,977 > 15 rows in 76-90 of 108
[INFO|CRAWLER.py] 2020-11-16 09:10:28,052 > BIZ3161-01-00 cleared
[INFO|CRAWLER.py] 2020-11-16 09:10:30,154 > BIZ3162-01-00 cleared
[INFO|CRAWLER.py] 2020-11-16 09:10:32,298 > BIZ3175-01-00 cleared
[INFO|CRAWLER.py] 2020-11-16 09:10:34,391 > BIZ3182-01-00 cleared
[INFO|CRAWLER.py] 2020-11-16 09:10:36,467 > BIZ3191-01-00 cleared
[INFO|CRAWLER.py] 2020-11-16 09:10:38,558 > BIZ3198-01-00 cleared
[INFO|CRAWLER.py] 2020-11-16 09:10:40,631 > BIZ3198-02-00 cleared
[INFO|CRAWLER.py] 2020-11-16 09:10:42,714 > BIZ3199-01-00 cleared
[INFO|CRAWLER.py] 2020-11-16 09:10:44,777 > BIZ4001-01-00 cleared
[INFO|CRAWLER.py] 2020-11-16 09:10:46,870 > BIZ4119-01-00 cleared
[INFO|CRAWLER.py] 2020-11-16 09:10:48,996 > BIZ4123-01-00 cleared
[INFO|CRAWLER.py] 2020-11-16 09:10:51,119 > BIZ4125-01-00 cleared
[INFO|CRAWLER.py] 2020-11-16 09:10:53,228 > BIZ4129-01-00 cleared
[INFO|CRAWLER.py] 2020-11-16 09:10:55,329 > BIZ4131-01-00 cleared
[INFO|CRAWLER.py] 2020-11-16 09:10:57,912 > 15 rows in 91-105 of 108
[INFO|CRAWLER.py] 2020-11-16 09:11:00,008 > BIZ4131-02-00 cleared
[INFO|CRAWLER.py] 2020-11-16 09:11:02,073 > BIZ4132-01-00 cleared
[INFO|CRAWLER.py] 2020-11-16 09:11:04,150 > BIZ4147-01-00 cleared
[INFO|CRAWLER.py] 2020-11-16 09:11:06,265 > BIZ4151-01-00 cleared
[INFO|CRAWLER.py] 2020-11-16 09:11:08,367 > BIZ4158-01-00 cleared
[INFO|CRAWLER.py] 2020-11-16 09:11:10,443 > BIZ4164-01-00 cleared
[INFO|CRAWLER.py] 2020-11-16 09:11:12,536 > BIZ4165-01-00 cleared
[INFO|CRAWLER.py] 2020-11-16 09:11:14,601 > BIZ4167-01-00 cleared
[INFO|CRAWLER.py] 2020-11-16 09:11:16,681 > BIZ4168-01-00 cleared
[INFO|CRAWLER.py] 2020-11-16 09:11:18,758 > BIZ4183-01-00 cleared
[INFO|CRAWLER.py] 2020-11-16 09:11:20,843 > BIZ4189-01-00 cleared
[INFO|CRAWLER.py] 2020-11-16 09:11:22,930 > BIZ4189-02-00 cleared
[INFO|CRAWLER.py] 2020-11-16 09:11:25,009 > BIZ4191-01-00 cleared
[INFO|CRAWLER.py] 2020-11-16 09:11:27,131 > BIZ4194-01-00 cleared
[INFO|CRAWLER.py] 2020-11-16 09:11:29,222 > BIZ4195-01-00 cleared
[INFO|CRAWLER.py] 2020-11-16 09:11:31,764 > 3 rows in 106-108 of 108
[INFO|CRAWLER.py] 2020-11-16 09:11:33,856 > BIZ4196-01-00 cleared
[INFO|CRAWLER.py] 2020-11-16 09:11:35,926 > BIZ4188-01-00 cleared
[INFO|CRAWLER.py] 2020-11-16 09:11:38,011 > BIZ2123-01-00 cleared
[INFO|CRAWLER.py] 2020-11-16 09:11:40,056 > 경영학전공 탐색 완료
[INFO|CRAWLER.py] 2020-11-16 09:11:40,056 > 경영대학 수집 완료
[INFO|CRAWLER.py] 2020-11-16 09:11:40,056 > 20191-이과대학-이과대학 공통 수집 시작
[INFO|CRAWLER.py] 2020-11-16 09:11:40,695 > 8 rows in 1-8 of 8
[INFO|CRAWLER.py] 2020-11-16 09:11:40,721 > 유의사항 기준 탐색 완료
[INFO|CRAWLER.py] 2020-11-16 09:11:41,238 > 8 rows in 1-8 of 8
[INFO|CRAWLER.py] 2020-11-16 09:11:43,310 > SCI2001-01-00 cleared
[INFO|CRAWLER.py] 2020-11-16 09:11:45,371 > SCI2001-02-00 cleared
[INFO|CRAWLER.py] 2020-11-16 09:11:47,424 > SCI2001-03-00 cleared
[INFO|CRAWLER.py] 2020-11-16 09:11:49,506 > MAT2001-01-01 cleared
[INFO|CRAWLER.py] 2020-11-16 09:11:51,592 > MAT2001-01-02 cleared
[INFO|CRAWLER.py] 2020-11-16 09:11:53,666 > MAT2001-02-01 cleared
[INFO|CRAWLER.py] 2020-11-16 09:11:55,725 > MAT2001-02-02 cleared
[INFO|CRAWLER.py] 2020-11-16 09:11:57,785 > SCI3001-01-00 cleared
[INFO|CRAWLER.py] 2020-11-16 09:11:59,806 > 이과대학 공통 탐색 완료
[INFO|CRAWLER.py] 2020-11-16 09:11:59,806 > 20191-이과대학-수학전공 수집 시작
[INFO|CRAWLER.py] 2020-11-16 09:12:00,401 > 15 rows in 1-15 of 24
[INFO|CRAWLER.py] 2020-11-16 09:12:00,427 > 유의사항 기준 탐색 완료
[INFO|CRAWLER.py] 2020-11-16 09:12:00,942 > 15 rows in 1-15 of 24
[INFO|CRAWLER.py] 2020-11-16 09:12:03,029 > MAT3103-01-00 cleared
[INFO|CRAWLER.py] 2020-11-16 09:12:05,102 > MAT3103-02-00 cleared
[INFO|CRAWLER.py] 2020-11-16 09:12:07,175 > MAT3104-01-00 cleared
[INFO|CRAWLER.py] 2020-11-16 09:12:09,248 > MAT3104-02-00 cleared
[INFO|CRAWLER.py] 2020-11-16 09:12:11,340 > MAT2102-01-00 cleared
[INFO|CRAWLER.py] 2020-11-16 09:12:13,459 > MAT2102-02-00 cleared
[INFO|CRAWLER.py] 2020-11-16 09:12:15,540 > MAT2102-03-00 cleared
[INFO|CRAWLER.py] 2020-11-16 09:12:17,617 > MAT2104-01-00 cleared
[INFO|CRAWLER.py] 2020-11-16 09:12:19,713 > MAT2106-01-00 cleared
[INFO|CRAWLER.py] 2020-11-16 09:12:21,817 > MAT2421-01-00 cleared
[INFO|CRAWLER.py] 2020-11-16 09:12:23,897 > MAT3111-01-01 cleared
[INFO|CRAWLER.py] 2020-11-16 09:12:25,982 > MAT3111-01-02 cleared
[INFO|CRAWLER.py] 2020-11-16 09:12:28,070 > MAT3121-01-00 cleared
[INFO|CRAWLER.py] 2020-11-16 09:12:30,154 > MAT3105-01-00 cleared
[INFO|CRAWLER.py] 2020-11-16 09:12:32,235 > MAT3109-01-00 cleared
[INFO|CRAWLER.py] 2020-11-16 09:12:34,817 > 9 rows in 16-24 of 24
[INFO|CRAWLER.py] 2020-11-16 09:12:36,898 > MAT3109-02-00 cleared
[INFO|CRAWLER.py] 2020-11-16 09:12:38,989 > MAT3114-01-00 cleared
[INFO|CRAWLER.py] 2020-11-16 09:12:41,097 > MAT3122-01-00 cleared
[INFO|CRAWLER.py] 2020-11-16 09:12:43,164 > MAT4105-01-00 cleared
[INFO|CRAWLER.py] 2020-11-16 09:12:45,226 > MAT4112-01-00 cleared
[INFO|CRAWLER.py] 2020-11-16 09:12:47,293 > MAT4119-01-00 cleared
[INFO|CRAWLER.py] 2020-11-16 09:12:49,350 > MAT4120-01-00 cleared
[INFO|CRAWLER.py] 2020-11-16 09:12:51,406 > MAT4331-01-00 cleared
[INFO|CRAWLER.py] 2020-11-16 09:12:53,493 > TTP4009-01-00 cleared
[INFO|CRAWLER.py] 2020-11-16 09:12:55,536 > 수학전공 탐색 완료
[INFO|CRAWLER.py] 2020-11-16 09:12:55,537 > 20191-이과대학-물리학전공 수집 시작
[INFO|CRAWLER.py] 2020-11-16 09:12:56,165 > 15 rows in 1-15 of 20
[INFO|CRAWLER.py] 2020-11-16 09:12:56,190 > 유의사항 기준 탐색 완료
[INFO|CRAWLER.py] 2020-11-16 09:12:56,706 > 15 rows in 1-15 of 20
[INFO|CRAWLER.py] 2020-11-16 09:12:58,778 > PHY2105-01-01 cleared
[INFO|CRAWLER.py] 2020-11-16 09:13:00,848 > PHY2105-01-02 cleared
[INFO|CRAWLER.py] 2020-11-16 09:13:02,934 > PHY3110-01-00 cleared
[INFO|CRAWLER.py] 2020-11-16 09:13:05,015 > PHY3110-02-00 cleared
[INFO|CRAWLER.py] 2020-11-16 09:13:07,104 > PHY2103-01-00 cleared
[INFO|CRAWLER.py] 2020-11-16 09:13:09,175 > PHY2103-02-00 cleared
[INFO|CRAWLER.py] 2020-11-16 09:13:11,258 > PHY3101-01-00 cleared
[INFO|CRAWLER.py] 2020-11-16 09:13:13,323 > PHY3101-02-00 cleared
[INFO|CRAWLER.py] 2020-11-16 09:13:15,387 > PHY3103-01-00 cleared
[INFO|CRAWLER.py] 2020-11-16 09:13:17,470 > PHY3103-02-00 cleared
[INFO|CRAWLER.py] 2020-11-16 09:13:19,539 > PHY3107-01-01 cleared
[INFO|CRAWLER.py] 2020-11-16 09:13:21,604 > PHY3107-01-02 cleared
[INFO|CRAWLER.py] 2020-11-16 09:13:23,685 > PHY3105-01-00 cleared
[INFO|CRAWLER.py] 2020-11-16 09:13:25,753 > PHY3109-01-00 cleared
[INFO|CRAWLER.py] 2020-11-16 09:13:27,829 > PHY4101-01-00 cleared
[INFO|CRAWLER.py] 2020-11-16 09:13:30,405 > 5 rows in 16-20 of 20
[INFO|CRAWLER.py] 2020-11-16 09:13:32,499 > PHY4107-01-00 cleared
[INFO|CRAWLER.py] 2020-11-16 09:13:34,565 > PHY4113-01-00 cleared
[INFO|CRAWLER.py] 2020-11-16 09:13:36,632 > PHY4115-01-00 cleared
[INFO|CRAWLER.py] 2020-11-16 09:13:38,700 > PHY4205-01-00 cleared
[INFO|CRAWLER.py] 2020-11-16 09:13:51,303 > PHY4208-01-00 cleared
[INFO|CRAWLER.py] 2020-11-16 09:13:53,339 > 물리학전공 탐색 완료
[INFO|CRAWLER.py] 2020-11-16 09:13:53,339 > 20191-이과대학-화학전공 수집 시작
[INFO|CRAWLER.py] 2020-11-16 09:13:53,970 > 15 rows in 1-15 of 19
[INFO|CRAWLER.py] 2020-11-16 09:13:54,001 > 유의사항 기준 탐색 완료
[INFO|CRAWLER.py] 2020-11-16 09:13:54,519 > 15 rows in 1-15 of 19
[INFO|CRAWLER.py] 2020-11-16 09:13:56,589 > CHE3114-01-00 cleared
[INFO|CRAWLER.py] 2020-11-16 09:13:58,660 > CHE3114-02-00 cleared
[INFO|CRAWLER.py] 2020-11-16 09:14:00,739 > CHE3114-03-00 cleared
[INFO|CRAWLER.py] 2020-11-16 09:14:02,823 > CHE2103-01-00 cleared
[INFO|CRAWLER.py] 2020-11-16 09:14:04,919 > CHE2103-02-00 cleared
[INFO|CRAWLER.py] 2020-11-16 09:14:06,993 > CHE2103-03-00 cleared
[INFO|CRAWLER.py] 2020-11-16 09:14:09,079 > CHE2103-04-00 cleared
[INFO|CRAWLER.py] 2020-11-16 09:14:11,177 > CHE2109-01-00 cleared
[INFO|CRAWLER.py] 2020-11-16 09:14:13,246 > CHE2005-01-00 cleared
[INFO|CRAWLER.py] 2020-11-16 09:14:15,319 > CHE3116-01-00 cleared
[INFO|CRAWLER.py] 2020-11-16 09:14:17,390 > CHE3116-02-00 cleared
[INFO|CRAWLER.py] 2020-11-16 09:14:19,456 > CHE3116-03-00 cleared
[INFO|CRAWLER.py] 2020-11-16 09:14:21,553 > CHE2105-01-00 cleared
[INFO|CRAWLER.py] 2020-11-16 09:14:23,651 > CHE2107-01-00 cleared
[INFO|CRAWLER.py] 2020-11-16 09:14:25,744 > CHE3104-01-00 cleared
[INFO|CRAWLER.py] 2020-11-16 09:14:28,294 > 4 rows in 16-19 of 19
[INFO|CRAWLER.py] 2020-11-16 09:14:30,359 > CHE4107-01-00 cleared
[INFO|CRAWLER.py] 2020-11-16 09:14:32,432 > CHE3108-01-00 cleared
[INFO|CRAWLER.py] 2020-11-16 09:14:34,507 > CHE4101-01-00 cleared
[INFO|CRAWLER.py] 2020-11-16 09:14:36,574 > CHE4102-01-00 cleared
[INFO|CRAWLER.py] 2020-11-16 09:14:38,607 > 화학전공 탐색 완료
[INFO|CRAWLER.py] 2020-11-16 09:14:38,607 > 20191-이과대학-지구시스템과학전공 수집 시작
[INFO|CRAWLER.py] 2020-11-16 09:14:39,221 > 14 rows in 1-14 of 14
[INFO|CRAWLER.py] 2020-11-16 09:14:39,247 > 유의사항 기준 탐색 완료
[INFO|CRAWLER.py] 2020-11-16 09:14:39,762 > 14 rows in 1-14 of 14
[INFO|CRAWLER.py] 2020-11-16 09:14:41,813 > ESS1104-01-00 cleared
[INFO|CRAWLER.py] 2020-11-16 09:14:43,874 > ESS2103-01-01 cleared
[INFO|CRAWLER.py] 2020-11-16 09:14:45,934 > ESS2103-01-02 cleared
[INFO|CRAWLER.py] 2020-11-16 09:14:48,030 > ESS3102-01-00 cleared
[INFO|CRAWLER.py] 2020-11-16 09:14:50,103 > ESS3101-01-00 cleared
[INFO|CRAWLER.py] 2020-11-16 09:14:52,166 > ESS3104-01-00 cleared
[INFO|CRAWLER.py] 2020-11-16 09:14:54,252 > ESS3110-01-00 cleared
[INFO|CRAWLER.py] 2020-11-16 09:14:56,333 > ESS3119-01-00 cleared
[INFO|CRAWLER.py] 2020-11-16 09:14:58,396 > ESS4106-01-00 cleared
[INFO|CRAWLER.py] 2020-11-16 09:15:00,468 > ESS4125-01-00 cleared
[INFO|CRAWLER.py] 2020-11-16 09:15:02,531 > ESS4117-01-00 cleared
[INFO|CRAWLER.py] 2020-11-16 09:15:04,595 > ESS4120-01-00 cleared
[INFO|CRAWLER.py] 2020-11-16 09:15:06,662 > ESS4124-01-01 cleared
[INFO|CRAWLER.py] 2020-11-16 09:15:08,720 > ESS4124-01-02 cleared
[INFO|CRAWLER.py] 2020-11-16 09:15:10,746 > 지구시스템과학전공 탐색 완료
[INFO|CRAWLER.py] 2020-11-16 09:15:10,747 > 20191-이과대학-천문우주학전공 수집 시작
[INFO|CRAWLER.py] 2020-11-16 09:15:11,374 > 11 rows in 1-11 of 11
[INFO|CRAWLER.py] 2020-11-16 09:15:11,400 > 유의사항 기준 탐색 완료
[INFO|CRAWLER.py] 2020-11-16 09:15:11,917 > 11 rows in 1-11 of 11
[INFO|CRAWLER.py] 2020-11-16 09:15:13,973 > AST1002-01-00 cleared
[INFO|CRAWLER.py] 2020-11-16 09:15:16,049 > AST2102-01-00 cleared
[INFO|CRAWLER.py] 2020-11-16 09:15:18,113 > AST3102-01-00 cleared
[INFO|CRAWLER.py] 2020-11-16 09:15:20,187 > AST3103-01-00 cleared
[INFO|CRAWLER.py] 2020-11-16 09:15:22,255 > AST3104-01-00 cleared
[INFO|CRAWLER.py] 2020-11-16 09:15:24,333 > AST3111-01-00 cleared
[INFO|CRAWLER.py] 2020-11-16 09:15:26,389 > AST4108-01-00 cleared
[INFO|CRAWLER.py] 2020-11-16 09:15:28,453 > AST3109-01-00 cleared
[INFO|CRAWLER.py] 2020-11-16 09:15:30,512 > AST3110-01-00 cleared
[INFO|CRAWLER.py] 2020-11-16 09:15:32,574 > AST4103-01-00 cleared
[INFO|CRAWLER.py] 2020-11-16 09:15:34,636 > AST4107-01-00 cleared
[INFO|CRAWLER.py] 2020-11-16 09:15:36,656 > 천문우주학전공 탐색 완료
[INFO|CRAWLER.py] 2020-11-16 09:15:36,656 > 20191-이과대학-대기과학전공 수집 시작
[INFO|CRAWLER.py] 2020-11-16 09:15:37,248 > 10 rows in 1-10 of 10
[INFO|CRAWLER.py] 2020-11-16 09:15:37,273 > 유의사항 기준 탐색 완료
[INFO|CRAWLER.py] 2020-11-16 09:15:37,788 > 10 rows in 1-10 of 10
[INFO|CRAWLER.py] 2020-11-16 09:15:39,848 > ATM2105-01-00 cleared
[INFO|CRAWLER.py] 2020-11-16 09:15:41,909 > ATM2101-01-00 cleared
[INFO|CRAWLER.py] 2020-11-16 09:15:43,986 > ATM2106-01-00 cleared
[INFO|CRAWLER.py] 2020-11-16 09:15:46,070 > ATM2108-01-00 cleared
[INFO|CRAWLER.py] 2020-11-16 09:15:48,147 > ATM3103-01-00 cleared
[INFO|CRAWLER.py] 2020-11-16 09:15:50,239 > ATM3104-01-00 cleared
[INFO|CRAWLER.py] 2020-11-16 09:15:52,316 > ATM3106-01-00 cleared
[INFO|CRAWLER.py] 2020-11-16 09:15:54,390 > ATM3109-01-00 cleared
[INFO|CRAWLER.py] 2020-11-16 09:15:56,464 > ATM3110-01-00 cleared
[INFO|CRAWLER.py] 2020-11-16 09:15:58,532 > ATM4106-01-00 cleared
[INFO|CRAWLER.py] 2020-11-16 09:16:00,558 > 대기과학전공 탐색 완료
[INFO|CRAWLER.py] 2020-11-16 09:16:00,559 > 이과대학 수집 완료
[INFO|CRAWLER.py] 2020-11-16 09:16:00,559 > 20191-공과대학-공과대학공통 수집 시작
[INFO|CRAWLER.py] 2020-11-16 09:16:01,198 > 15 rows in 1-15 of 38
[INFO|CRAWLER.py] 2020-11-16 09:16:01,235 > 유의사항 기준 탐색 완료
[INFO|CRAWLER.py] 2020-11-16 09:16:01,753 > 15 rows in 1-15 of 38
[INFO|CRAWLER.py] 2020-11-16 09:16:03,823 > MAT2017-01-01 cleared
[INFO|CRAWLER.py] 2020-11-16 09:16:05,887 > MAT2017-01-02 cleared
[INFO|CRAWLER.py] 2020-11-16 09:16:08,031 > ENG2114-01-00 cleared
[INFO|CRAWLER.py] 2020-11-16 09:16:10,153 > ENG1108-01-01 cleared
[INFO|CRAWLER.py] 2020-11-16 09:16:12,231 > ENG1108-01-02 cleared
[INFO|CRAWLER.py] 2020-11-16 09:16:14,307 > ENG1108-02-01 cleared
[INFO|CRAWLER.py] 2020-11-16 09:16:16,377 > ENG1108-02-02 cleared
[INFO|CRAWLER.py] 2020-11-16 09:16:18,440 > ENG1108-02-03 cleared
[INFO|CRAWLER.py] 2020-11-16 09:16:20,512 > ENG1108-02-04 cleared
[INFO|CRAWLER.py] 2020-11-16 09:16:22,584 > ENG1108-03-01 cleared
[INFO|CRAWLER.py] 2020-11-16 09:16:24,653 > ENG1108-03-02 cleared
[INFO|CRAWLER.py] 2020-11-16 09:16:26,727 > ENG1108-04-01 cleared
[INFO|CRAWLER.py] 2020-11-16 09:16:29,304 > 15 rows in 16-30 of 38
[INFO|CRAWLER.py] 2020-11-16 09:16:31,355 > ENG1108-04-02 cleared
[INFO|CRAWLER.py] 2020-11-16 09:16:33,417 > ENG1108-05-01 cleared
[INFO|CRAWLER.py] 2020-11-16 09:16:35,504 > ENG1108-05-02 cleared
[INFO|CRAWLER.py] 2020-11-16 09:16:37,613 > MAT2011-01-01 cleared
[INFO|CRAWLER.py] 2020-11-16 09:16:39,697 > MAT2011-01-02 cleared
[INFO|CRAWLER.py] 2020-11-16 09:16:41,772 > MAT2011-02-01 cleared
[INFO|CRAWLER.py] 2020-11-16 09:16:43,847 > MAT2011-02-02 cleared
[INFO|CRAWLER.py] 2020-11-16 09:16:45,961 > MAT2013-01-00 cleared
[INFO|CRAWLER.py] 2020-11-16 09:16:48,041 > MAT2013-02-00 cleared
[INFO|CRAWLER.py] 2020-11-16 09:16:50,117 > MAT3114-02-00 cleared
[INFO|CRAWLER.py] 2020-11-16 09:16:52,197 > MAT3114-03-00 cleared
[INFO|CRAWLER.py] 2020-11-16 09:16:54,327 > ENG2000-01-00 cleared
[INFO|CRAWLER.py] 2020-11-16 09:16:56,509 > ENG3008-01-00 cleared
[INFO|CRAWLER.py] 2020-11-16 09:16:58,677 > ENG3002-01-00 cleared
[INFO|CRAWLER.py] 2020-11-16 09:17:01,250 > 8 rows in 31-38 of 38
[INFO|CRAWLER.py] 2020-11-16 09:17:03,382 > ENG3004-01-00 cleared
[INFO|CRAWLER.py] 2020-11-16 09:17:05,463 > ENG3007-01-00 cleared
[INFO|CRAWLER.py] 2020-11-16 09:17:07,625 > ENG3011-01-00 cleared
[INFO|CRAWLER.py] 2020-11-16 09:17:09,692 > ENG2116-01-00 cleared
[INFO|CRAWLER.py] 2020-11-16 09:17:11,996 > ENG3012-01-00 cleared
[INFO|CRAWLER.py] 2020-11-16 09:17:14,087 > ENG3404-01-00 cleared
[INFO|CRAWLER.py] 2020-11-16 09:17:16,187 > ENG3405-01-00 cleared
[INFO|CRAWLER.py] 2020-11-16 09:17:18,251 > ENG2113-01-00 cleared
[INFO|CRAWLER.py] 2020-11-16 09:17:20,299 > 공과대학공통 탐색 완료
[INFO|CRAWLER.py] 2020-11-16 09:17:20,299 > 20191-공과대학-화공생명공학전공 수집 시작
[INFO|CRAWLER.py] 2020-11-16 09:17:20,927 > 15 rows in 1-15 of 32
[INFO|CRAWLER.py] 2020-11-16 09:17:20,955 > 유의사항 기준 탐색 완료
[INFO|CRAWLER.py] 2020-11-16 09:17:21,472 > 15 rows in 1-15 of 32
[INFO|CRAWLER.py] 2020-11-16 09:17:23,526 > ENG1107-01-00 cleared
[INFO|CRAWLER.py] 2020-11-16 09:17:25,584 > ENG1107-02-00 cleared
[INFO|CRAWLER.py] 2020-11-16 09:17:27,682 > DAA2140-01-00 cleared
[INFO|CRAWLER.py] 2020-11-16 09:17:29,744 > MAT2016-01-01 cleared
[INFO|CRAWLER.py] 2020-11-16 09:17:31,807 > MAT2016-01-02 cleared
[INFO|CRAWLER.py] 2020-11-16 09:17:33,863 > MAT2016-02-01 cleared
[INFO|CRAWLER.py] 2020-11-16 09:17:35,932 > MAT2016-02-02 cleared
[INFO|CRAWLER.py] 2020-11-16 09:17:37,998 > DAA2001-01-00 cleared
[INFO|CRAWLER.py] 2020-11-16 09:17:40,077 > DAA3210-01-00 cleared
[INFO|CRAWLER.py] 2020-11-16 09:17:42,187 > DAA3210-02-00 cleared
[INFO|CRAWLER.py] 2020-11-16 09:17:44,287 > DAA3230-01-00 cleared
[INFO|CRAWLER.py] 2020-11-16 09:17:46,387 > DAA3230-02-00 cleared
[INFO|CRAWLER.py] 2020-11-16 09:17:48,507 > DAA3240-01-00 cleared
[INFO|CRAWLER.py] 2020-11-16 09:17:50,601 > DAA3240-02-00 cleared
[INFO|CRAWLER.py] 2020-11-16 09:17:52,693 > DAA4300-01-00 cleared
[INFO|CRAWLER.py] 2020-11-16 09:17:55,284 > 15 rows in 16-30 of 32
[INFO|CRAWLER.py] 2020-11-16 09:17:57,382 > DAA4300-02-00 cleared
[INFO|CRAWLER.py] 2020-11-16 09:17:59,501 > DAA4310-01-00 cleared
[INFO|CRAWLER.py] 2020-11-16 09:18:01,569 > DAA4310-02-00 cleared
[INFO|CRAWLER.py] 2020-11-16 09:18:03,631 > DAA2220-01-00 cleared
[INFO|CRAWLER.py] 2020-11-16 09:18:05,691 > DAA2220-02-00 cleared
[INFO|CRAWLER.py] 2020-11-16 09:18:07,773 > DAA2220-03-00 cleared
[INFO|CRAWLER.py] 2020-11-16 09:18:09,872 > DAA3250-01-00 cleared
[INFO|CRAWLER.py] 2020-11-16 09:18:11,959 > DAA3250-02-00 cleared
[INFO|CRAWLER.py] 2020-11-16 09:18:14,038 > DAA3650-01-00 cleared
[INFO|CRAWLER.py] 2020-11-16 09:18:16,119 > DAA3700-01-00 cleared
[INFO|CRAWLER.py] 2020-11-16 09:18:18,201 > DAA4330-01-00 cleared
[INFO|CRAWLER.py] 2020-11-16 09:18:20,302 > DAA4330-02-00 cleared
[INFO|CRAWLER.py] 2020-11-16 09:18:22,434 > DAA4340-01-00 cleared
[INFO|CRAWLER.py] 2020-11-16 09:18:24,497 > DAA3670-01-00 cleared
[INFO|CRAWLER.py] 2020-11-16 09:18:26,575 > DAA3690-01-00 cleared
[INFO|CRAWLER.py] 2020-11-16 09:18:29,117 > 2 rows in 31-32 of 32
[INFO|CRAWLER.py] 2020-11-16 09:18:31,177 > DAA3810-01-00 cleared
[INFO|CRAWLER.py] 2020-11-16 09:18:33,266 > DAA3830-01-00 cleared
[INFO|CRAWLER.py] 2020-11-16 09:18:35,318 > 화공생명공학전공 탐색 완료
[INFO|CRAWLER.py] 2020-11-16 09:18:35,318 > 20191-공과대학-전기전자공학전공 수집 시작
[INFO|CRAWLER.py] 2020-11-16 09:18:35,944 > 15 rows in 1-15 of 80
[INFO|CRAWLER.py] 2020-11-16 09:18:35,970 > 유의사항 기준 탐색 완료
[INFO|CRAWLER.py] 2020-11-16 09:18:36,485 > 15 rows in 1-15 of 80
[INFO|CRAWLER.py] 2020-11-16 09:18:38,545 > EEE2113-01-00 cleared
[INFO|CRAWLER.py] 2020-11-16 09:18:40,672 > EEE2020-01-00 cleared
[INFO|CRAWLER.py] 2020-11-16 09:18:42,754 > EEE2020-02-00 cleared
[INFO|CRAWLER.py] 2020-11-16 09:18:44,819 > EEE2020-03-00 cleared
[INFO|CRAWLER.py] 2020-11-16 09:18:46,914 > EEE2020-04-00 cleared
[INFO|CRAWLER.py] 2020-11-16 09:18:48,983 > EEE2112-01-00 cleared
[INFO|CRAWLER.py] 2020-11-16 09:18:51,048 > EEE2112-02-00 cleared
[INFO|CRAWLER.py] 2020-11-16 09:18:53,111 > EEE2112-03-00 cleared
[INFO|CRAWLER.py] 2020-11-16 09:18:55,204 > MAT2016-03-01 cleared
[INFO|CRAWLER.py] 2020-11-16 09:18:57,301 > MAT2016-03-02 cleared
[INFO|CRAWLER.py] 2020-11-16 09:18:59,365 > MAT2016-04-01 cleared
[INFO|CRAWLER.py] 2020-11-16 09:19:01,443 > MAT2016-04-02 cleared
[INFO|CRAWLER.py] 2020-11-16 09:19:03,525 > MAT2016-05-01 cleared
[INFO|CRAWLER.py] 2020-11-16 09:19:05,604 > MAT2016-05-02 cleared
[INFO|CRAWLER.py] 2020-11-16 09:19:07,694 > EEE2010-01-00 cleared
[INFO|CRAWLER.py] 2020-11-16 09:19:10,282 > 15 rows in 16-30 of 80
[INFO|CRAWLER.py] 2020-11-16 09:19:12,377 > EEE2010-02-00 cleared
[INFO|CRAWLER.py] 2020-11-16 09:19:14,485 > EEE2010-03-00 cleared
[INFO|CRAWLER.py] 2020-11-16 09:19:16,571 > EEE2010-04-00 cleared
[INFO|CRAWLER.py] 2020-11-16 09:19:18,663 > EEE2030-01-00 cleared
[INFO|CRAWLER.py] 2020-11-16 09:19:20,754 > EEE2040-01-00 cleared
[INFO|CRAWLER.py] 2020-11-16 09:19:22,829 > EEE2040-02-00 cleared
[INFO|CRAWLER.py] 2020-11-16 09:19:24,932 > EEE2040-03-00 cleared
[INFO|CRAWLER.py] 2020-11-16 09:19:27,030 > EEE2040-04-00 cleared
[INFO|CRAWLER.py] 2020-11-16 09:19:29,117 > EEE2050-01-00 cleared
[INFO|CRAWLER.py] 2020-11-16 09:19:31,216 > EEE2060-01-00 cleared
[INFO|CRAWLER.py] 2020-11-16 09:19:33,282 > EEE2111-01-00 cleared
[INFO|CRAWLER.py] 2020-11-16 09:19:35,352 > EEE2111-02-00 cleared
[INFO|CRAWLER.py] 2020-11-16 09:19:37,422 > EEE2111-03-00 cleared
[INFO|CRAWLER.py] 2020-11-16 09:19:39,515 > EEE2111-04-00 cleared
[INFO|CRAWLER.py] 2020-11-16 09:19:41,581 > EEE2111-05-00 cleared
[INFO|CRAWLER.py] 2020-11-16 09:19:44,149 > 15 rows in 31-45 of 80
[INFO|CRAWLER.py] 2020-11-16 09:19:46,214 > EEE2111-06-00 cleared
[INFO|CRAWLER.py] 2020-11-16 09:19:48,367 > EEE2111-07-00 cleared
[INFO|CRAWLER.py] 2020-11-16 09:19:50,433 > EEE2001-01-00 cleared
[INFO|CRAWLER.py] 2020-11-16 09:19:52,503 > EEE2001-02-00 cleared
[INFO|CRAWLER.py] 2020-11-16 09:19:54,560 > EEE3313-01-00 cleared
[INFO|CRAWLER.py] 2020-11-16 09:19:56,620 > EEE3313-02-00 cleared
[INFO|CRAWLER.py] 2020-11-16 09:19:58,683 > EEE3313-03-00 cleared
[INFO|CRAWLER.py] 2020-11-16 09:20:00,741 > EEE3313-04-00 cleared
[INFO|CRAWLER.py] 2020-11-16 09:20:02,807 > EEE3313-05-00 cleared
[INFO|CRAWLER.py] 2020-11-16 09:20:04,862 > EEE3313-06-00 cleared
[INFO|CRAWLER.py] 2020-11-16 09:20:06,929 > EEE3313-07-00 cleared
[INFO|CRAWLER.py] 2020-11-16 09:20:08,988 > EEE3313-08-00 cleared
[INFO|CRAWLER.py] 2020-11-16 09:20:11,039 > EEE3313-09-00 cleared
[INFO|CRAWLER.py] 2020-11-16 09:20:13,163 > EEE3210-01-00 cleared
[INFO|CRAWLER.py] 2020-11-16 09:20:15,226 > EEE3210-02-00 cleared
[INFO|CRAWLER.py] 2020-11-16 09:20:17,789 > 15 rows in 46-60 of 80
[INFO|CRAWLER.py] 2020-11-16 09:20:19,877 > EEE3210-03-00 cleared
[INFO|CRAWLER.py] 2020-11-16 09:20:21,941 > EEE3410-01-00 cleared
[INFO|CRAWLER.py] 2020-11-16 09:20:24,014 > EEE3410-02-00 cleared
[INFO|CRAWLER.py] 2020-11-16 09:20:26,114 > EEE3410-03-00 cleared
[INFO|CRAWLER.py] 2020-11-16 09:20:28,222 > EEE3410-04-00 cleared
[INFO|CRAWLER.py] 2020-11-16 09:20:30,347 > EEE3430-01-00 cleared
[INFO|CRAWLER.py] 2020-11-16 09:20:32,415 > EEE3430-02-00 cleared
[INFO|CRAWLER.py] 2020-11-16 09:20:34,475 > EEE3430-03-00 cleared
[INFO|CRAWLER.py] 2020-11-16 09:20:36,560 > EEE3430-04-00 cleared
[INFO|CRAWLER.py] 2020-11-16 09:20:38,651 > EEE3510-01-00 cleared
[INFO|CRAWLER.py] 2020-11-16 09:20:40,741 > EEE3510-02-00 cleared
[INFO|CRAWLER.py] 2020-11-16 09:20:42,844 > EEE3530-01-00 cleared
[INFO|CRAWLER.py] 2020-11-16 09:20:44,912 > EEE3530-02-00 cleared
[INFO|CRAWLER.py] 2020-11-16 09:20:47,020 > EEE3530-03-00 cleared
[INFO|CRAWLER.py] 2020-11-16 09:20:49,089 > EEE3543-01-00 cleared
[INFO|CRAWLER.py] 2020-11-16 09:20:51,667 > 15 rows in 61-75 of 80
[INFO|CRAWLER.py] 2020-11-16 09:20:53,757 > EEE3543-02-00 cleared
[INFO|CRAWLER.py] 2020-11-16 09:20:55,838 > EEE3548-01-00 cleared
[INFO|CRAWLER.py] 2020-11-16 09:20:57,936 > EEE3548-02-00 cleared
[INFO|CRAWLER.py] 2020-11-16 09:21:00,013 > EEE3550-01-00 cleared
[INFO|CRAWLER.py] 2020-11-16 09:21:02,144 > EEE4610-01-00 cleared
[INFO|CRAWLER.py] 2020-11-16 09:21:04,221 > EEE4320-01-00 cleared
[INFO|CRAWLER.py] 2020-11-16 09:21:06,295 > EEE4340-01-00 cleared
[INFO|CRAWLER.py] 2020-11-16 09:21:08,378 > EEE4340-02-00 cleared
[INFO|CRAWLER.py] 2020-11-16 09:21:10,455 > EEE4420-01-00 cleared
[INFO|CRAWLER.py] 2020-11-16 09:21:12,506 > EEE4420-02-00 cleared
[INFO|CRAWLER.py] 2020-11-16 09:21:14,578 > EEE4420-03-00 cleared
[INFO|CRAWLER.py] 2020-11-16 09:21:16,644 > EEE4423-01-00 cleared
[INFO|CRAWLER.py] 2020-11-16 09:21:18,697 > EEE4423-02-00 cleared
[INFO|CRAWLER.py] 2020-11-16 09:21:20,743 > EEE4424-01-00 cleared
[INFO|CRAWLER.py] 2020-11-16 09:21:33,297 > EEE4424-02-00 cleared
[INFO|CRAWLER.py] 2020-11-16 09:21:35,859 > 5 rows in 76-80 of 80
[INFO|CRAWLER.py] 2020-11-16 09:21:37,935 > EEE4473-01-00 cleared
[INFO|CRAWLER.py] 2020-11-16 09:21:40,008 > EEE4473-02-00 cleared
[INFO|CRAWLER.py] 2020-11-16 09:21:42,090 > EEE4621-01-00 cleared
[INFO|CRAWLER.py] 2020-11-16 09:21:44,146 > EEE4621-02-00 cleared
[INFO|CRAWLER.py] 2020-11-16 09:21:46,200 > EEE4624-01-00 cleared
[INFO|CRAWLER.py] 2020-11-16 09:21:48,247 > 전기전자공학전공 탐색 완료
[INFO|CRAWLER.py] 2020-11-16 09:21:48,247 > 20191-공과대학-건축공학전공 수집 시작
[INFO|CRAWLER.py] 2020-11-16 09:21:48,877 > 15 rows in 1-15 of 16
[INFO|CRAWLER.py] 2020-11-16 09:21:48,902 > 유의사항 기준 탐색 완료
[INFO|CRAWLER.py] 2020-11-16 09:21:49,418 > 15 rows in 1-15 of 16
[INFO|CRAWLER.py] 2020-11-16 09:21:51,479 > ARC2503-01-00 cleared
[INFO|CRAWLER.py] 2020-11-16 09:21:53,557 > MAT2016-06-01 cleared
[INFO|CRAWLER.py] 2020-11-16 09:21:55,625 > MAT2016-06-02 cleared
[INFO|CRAWLER.py] 2020-11-16 09:21:57,737 > ARC2201-01-00 cleared
[INFO|CRAWLER.py] 2020-11-16 09:21:59,848 > ARC2302-01-00 cleared
[INFO|CRAWLER.py] 2020-11-16 09:22:01,943 > ARC3304-01-00 cleared
[INFO|CRAWLER.py] 2020-11-16 09:22:04,024 > ARC2301-02-00 cleared
[INFO|CRAWLER.py] 2020-11-16 09:22:06,089 > ARC3201-01-00 cleared
[INFO|CRAWLER.py] 2020-11-16 09:22:08,201 > ARC3204-01-00 cleared
[INFO|CRAWLER.py] 2020-11-16 09:22:10,265 > ARC3210-01-00 cleared
[INFO|CRAWLER.py] 2020-11-16 09:22:12,329 > ARC3305-01-00 cleared
[INFO|CRAWLER.py] 2020-11-16 09:22:14,409 > ARC3307-01-00 cleared
[INFO|CRAWLER.py] 2020-11-16 09:22:16,489 > ARC4202-01-00 cleared
[INFO|CRAWLER.py] 2020-11-16 09:22:29,092 > ARC4303-01-00 cleared
[INFO|CRAWLER.py] 2020-11-16 09:22:31,182 > ARC4201-01-00 cleared
[INFO|CRAWLER.py] 2020-11-16 09:22:33,729 > 1 rows in 16-16 of 16
[INFO|CRAWLER.py] 2020-11-16 09:22:35,791 > ARC3208-01-00 cleared
[INFO|CRAWLER.py] 2020-11-16 09:22:37,822 > 건축공학전공 탐색 완료
[INFO|CRAWLER.py] 2020-11-16 09:22:37,822 > 20191-공과대학-건축학(설계) 수집 시작
[INFO|CRAWLER.py] 2020-11-16 09:22:38,442 > 15 rows in 1-15 of 34
[INFO|CRAWLER.py] 2020-11-16 09:22:48,983 > No caution link in 0th row
[INFO|CRAWLER.py] 2020-11-16 09:22:49,490 > 15 rows in 1-15 of 34
[INFO|CRAWLER.py] 2020-11-16 09:22:49,517 > 유의사항 기준 탐색 완료
[INFO|CRAWLER.py] 2020-11-16 09:22:50,034 > 15 rows in 1-15 of 34
[INFO|CRAWLER.py] 2020-11-16 09:23:02,621 > ARC2502-01-00 cleared
[INFO|CRAWLER.py] 2020-11-16 09:23:02,656 > ARC2503-01-00: 중복된 강의 객체. caution 수집 완료
[INFO|CRAWLER.py] 2020-11-16 09:23:04,743 > ARC2103-01-00 cleared
[INFO|CRAWLER.py] 2020-11-16 09:23:04,901 > ARC2201-01-00: 중복된 강의 객체. caution 수집 완료
[INFO|CRAWLER.py] 2020-11-16 09:23:06,992 > ARC2301-01-00 cleared
[INFO|CRAWLER.py] 2020-11-16 09:23:09,069 > ARC3304-02-00 cleared
[INFO|CRAWLER.py] 2020-11-16 09:23:09,111 > ARC3204-01-00: 중복된 강의 객체. caution 수집 완료
[INFO|CRAWLER.py] 2020-11-16 09:23:11,191 > ARC3403-01-00 cleared
[INFO|CRAWLER.py] 2020-11-16 09:23:13,274 > ARC3506-01-00 cleared
[INFO|CRAWLER.py] 2020-11-16 09:23:15,356 > ARC3105-01-00 cleared
[INFO|CRAWLER.py] 2020-11-16 09:23:17,934 > 15 rows in 16-30 of 34
[INFO|CRAWLER.py] 2020-11-16 09:23:20,094 > ARC3309-01-00 cleared
[INFO|CRAWLER.py] 2020-11-16 09:23:22,183 > ARC3402-01-00 cleared
[INFO|CRAWLER.py] 2020-11-16 09:23:24,256 > ARC3508-01-00 cleared
[INFO|CRAWLER.py] 2020-11-16 09:23:26,355 > ARC3107-01-00 cleared
[INFO|CRAWLER.py] 2020-11-16 09:23:28,511 > ARC4305-01-00 cleared
[INFO|CRAWLER.py] 2020-11-16 09:23:30,584 > ARC4121-01-00 cleared
[INFO|CRAWLER.py] 2020-11-16 09:23:32,655 > ARC4109-01-00 cleared
[INFO|CRAWLER.py] 2020-11-16 09:23:35,224 > 4 rows in 31-34 of 34
[INFO|CRAWLER.py] 2020-11-16 09:23:45,842 > ARC4303-01-00: 중복된 강의 객체. caution 수집 완료
[INFO|CRAWLER.py] 2020-11-16 09:23:47,901 > ARC3513-01-00 cleared
[INFO|CRAWLER.py] 2020-11-16 09:23:49,946 > 건축학(설계) 탐색 완료
[INFO|CRAWLER.py] 2020-11-16 09:23:49,946 > 20191-공과대학-도시공학전공 수집 시작
[INFO|CRAWLER.py] 2020-11-16 09:23:50,572 > 15 rows in 1-15 of 17
[INFO|CRAWLER.py] 2020-11-16 09:23:50,600 > 유의사항 기준 탐색 완료
[INFO|CRAWLER.py] 2020-11-16 09:23:51,117 > 15 rows in 1-15 of 17
[INFO|CRAWLER.py] 2020-11-16 09:23:53,203 > MAT2016-07-01 cleared
[INFO|CRAWLER.py] 2020-11-16 09:23:55,255 > MAT2016-07-02 cleared
[INFO|CRAWLER.py] 2020-11-16 09:23:57,338 > CRP2300-01-00 cleared
[INFO|CRAWLER.py] 2020-11-16 09:23:59,425 > CRP2340-01-00 cleared
[INFO|CRAWLER.py] 2020-11-16 09:24:01,509 > CRP2630-01-00 cleared
[INFO|CRAWLER.py] 2020-11-16 09:24:03,573 > CRP2620-01-00 cleared
[INFO|CRAWLER.py] 2020-11-16 09:24:05,643 > CRP3000-01-00 cleared
[INFO|CRAWLER.py] 2020-11-16 09:24:07,705 > CRP3610-01-00 cleared
[INFO|CRAWLER.py] 2020-11-16 09:24:09,780 > CRP3710-01-00 cleared
[INFO|CRAWLER.py] 2020-11-16 09:24:11,850 > CRP3730-01-00 cleared
[INFO|CRAWLER.py] 2020-11-16 09:24:13,942 > CRP3790-01-00 cleared
[INFO|CRAWLER.py] 2020-11-16 09:24:16,019 > CRP4870-01-00 cleared
[INFO|CRAWLER.py] 2020-11-16 09:24:18,086 > CRP3630-01-00 cleared
[INFO|CRAWLER.py] 2020-11-16 09:24:30,675 > CRP3650-01-00 cleared
[INFO|CRAWLER.py] 2020-11-16 09:24:33,239 > 2 rows in 16-17 of 17
[INFO|CRAWLER.py] 2020-11-16 09:24:35,305 > CRP3660-01-00 cleared
[INFO|CRAWLER.py] 2020-11-16 09:24:37,372 > CRP4750-01-00 cleared
[INFO|CRAWLER.py] 2020-11-16 09:24:39,405 > 도시공학전공 탐색 완료
[INFO|CRAWLER.py] 2020-11-16 09:24:39,405 > 20191-공과대학-건설환경공학전공 수집 시작
[INFO|CRAWLER.py] 2020-11-16 09:24:40,032 > 15 rows in 1-15 of 26
[INFO|CRAWLER.py] 2020-11-16 09:24:40,071 > 유의사항 기준 탐색 완료
[INFO|CRAWLER.py] 2020-11-16 09:24:40,587 > 15 rows in 1-15 of 26
[INFO|CRAWLER.py] 2020-11-16 09:24:42,639 > CEE1102-01-00 cleared
[INFO|CRAWLER.py] 2020-11-16 09:24:44,703 > MAT2016-08-01 cleared
[INFO|CRAWLER.py] 2020-11-16 09:24:46,783 > MAT2016-08-02 cleared
[INFO|CRAWLER.py] 2020-11-16 09:24:48,856 > CEE2001-01-00 cleared
[INFO|CRAWLER.py] 2020-11-16 09:24:50,910 > CEE2001-02-00 cleared
[INFO|CRAWLER.py] 2020-11-16 09:24:53,005 > CEE3201-01-00 cleared
[INFO|CRAWLER.py] 2020-11-16 09:24:55,104 > CEE3303-01-00 cleared
[INFO|CRAWLER.py] 2020-11-16 09:24:57,224 > CEE3330-01-00 cleared
[INFO|CRAWLER.py] 2020-11-16 09:24:59,293 > CEE3401-01-00 cleared
[INFO|CRAWLER.py] 2020-11-16 09:25:01,377 > CEE3401-02-00 cleared
[INFO|CRAWLER.py] 2020-11-16 09:25:03,461 > CEE3402-01-00 cleared
[INFO|CRAWLER.py] 2020-11-16 09:25:05,529 > CEE3402-02-00 cleared
[INFO|CRAWLER.py] 2020-11-16 09:25:07,625 > CEE3403-01-00 cleared
[INFO|CRAWLER.py] 2020-11-16 09:25:09,711 > CEE3404-01-00 cleared
[INFO|CRAWLER.py] 2020-11-16 09:25:12,276 > 11 rows in 16-26 of 26
[INFO|CRAWLER.py] 2020-11-16 09:25:14,349 > CEE3414-01-00 cleared
[INFO|CRAWLER.py] 2020-11-16 09:25:16,444 > CEE3420-01-00 cleared
[INFO|CRAWLER.py] 2020-11-16 09:25:18,576 > CEE4408-01-00 cleared
[INFO|CRAWLER.py] 2020-11-16 09:25:20,637 > CEE4201-01-00 cleared
[INFO|CRAWLER.py] 2020-11-16 09:25:22,704 > CEE4201-02-00 cleared
[INFO|CRAWLER.py] 2020-11-16 09:25:24,788 > CEE3203-01-00 cleared
[INFO|CRAWLER.py] 2020-11-16 09:25:26,850 > CEE3417-01-00 cleared
[INFO|CRAWLER.py] 2020-11-16 09:25:28,926 > CEE3419-01-00 cleared
[INFO|CRAWLER.py] 2020-11-16 09:25:30,982 > CEE4402-01-00 cleared
[INFO|CRAWLER.py] 2020-11-16 09:25:33,076 > CEE4413-01-00 cleared
[INFO|CRAWLER.py] 2020-11-16 09:25:35,120 > 건설환경공학전공 탐색 완료
[INFO|CRAWLER.py] 2020-11-16 09:25:35,120 > 20191-공과대학-기계공학전공 수집 시작
[INFO|CRAWLER.py] 2020-11-16 09:25:35,748 > 15 rows in 1-15 of 53
[INFO|CRAWLER.py] 2020-11-16 09:25:35,780 > 유의사항 기준 탐색 완료
[INFO|CRAWLER.py] 2020-11-16 09:25:36,298 > 15 rows in 1-15 of 53
[INFO|CRAWLER.py] 2020-11-16 09:25:38,376 > MEU2300-01-00 cleared
[INFO|CRAWLER.py] 2020-11-16 09:25:40,500 > MEU2300-04-00 cleared
[INFO|CRAWLER.py] 2020-11-16 09:25:42,561 > MAT2016-09-01 cleared
[INFO|CRAWLER.py] 2020-11-16 09:25:44,628 > MAT2016-09-02 cleared
[INFO|CRAWLER.py] 2020-11-16 09:25:46,691 > MAT2016-10-01 cleared
[INFO|CRAWLER.py] 2020-11-16 09:25:48,748 > MAT2016-10-02 cleared
[INFO|CRAWLER.py] 2020-11-16 09:25:50,825 > MAT2016-11-01 cleared
[INFO|CRAWLER.py] 2020-11-16 09:25:52,903 > MAT2016-11-02 cleared
[INFO|CRAWLER.py] 2020-11-16 09:25:55,010 > MEU2600-01-00 cleared
[INFO|CRAWLER.py] 2020-11-16 09:25:57,118 > MEU2600-02-00 cleared
[INFO|CRAWLER.py] 2020-11-16 09:25:59,257 > MEU2610-01-00 cleared
[INFO|CRAWLER.py] 2020-11-16 09:26:01,366 > MEU2610-02-00 cleared
[INFO|CRAWLER.py] 2020-11-16 09:26:03,952 > 15 rows in 16-30 of 53
[INFO|CRAWLER.py] 2020-11-16 09:26:06,045 > MEU2640-01-00 cleared
[INFO|CRAWLER.py] 2020-11-16 09:26:08,150 > MEU2640-02-00 cleared
[INFO|CRAWLER.py] 2020-11-16 09:26:10,227 > MEU2640-03-00 cleared
[INFO|CRAWLER.py] 2020-11-16 09:26:12,288 > MEU2650-01-00 cleared
[INFO|CRAWLER.py] 2020-11-16 09:26:14,420 > MEU2650-02-00 cleared
[INFO|CRAWLER.py] 2020-11-16 09:26:16,498 > MEU2650-03-00 cleared
[INFO|CRAWLER.py] 2020-11-16 09:26:18,576 > MEU2001-01-00 cleared
[INFO|CRAWLER.py] 2020-11-16 09:26:20,638 > MEU2001-02-00 cleared
[INFO|CRAWLER.py] 2020-11-16 09:26:22,699 > MEU2001-03-00 cleared
[INFO|CRAWLER.py] 2020-11-16 09:26:24,760 > MEU2001-04-00 cleared
[INFO|CRAWLER.py] 2020-11-16 09:26:26,819 > MEU2001-05-00 cleared
[INFO|CRAWLER.py] 2020-11-16 09:26:28,876 > MEU2001-06-00 cleared
[INFO|CRAWLER.py] 2020-11-16 09:26:30,932 > MEU2001-07-00 cleared
[INFO|CRAWLER.py] 2020-11-16 09:26:32,997 > MEU2001-08-00 cleared
[INFO|CRAWLER.py] 2020-11-16 09:26:35,060 > MEU2620-01-00 cleared
[INFO|CRAWLER.py] 2020-11-16 09:26:37,624 > 15 rows in 31-45 of 53
[INFO|CRAWLER.py] 2020-11-16 09:26:39,688 > MEU2620-02-00 cleared
[INFO|CRAWLER.py] 2020-11-16 09:26:41,772 > MEU2620-03-00 cleared
[INFO|CRAWLER.py] 2020-11-16 09:26:43,907 > MEU2620-04-00 cleared
[INFO|CRAWLER.py] 2020-11-16 09:26:45,999 > MEU3003-01-00 cleared
[INFO|CRAWLER.py] 2020-11-16 09:26:48,073 > MEU3006-01-00 cleared
[INFO|CRAWLER.py] 2020-11-16 09:26:50,155 > MEU3001-01-00 cleared
[INFO|CRAWLER.py] 2020-11-16 09:26:52,208 > MEU3002-01-00 cleared
[INFO|CRAWLER.py] 2020-11-16 09:26:54,297 > MEU3004-01-00 cleared
[INFO|CRAWLER.py] 2020-11-16 09:26:56,392 > MEU3010-01-00 cleared
[INFO|CRAWLER.py] 2020-11-16 09:26:58,495 > MEU3015-01-00 cleared
[INFO|CRAWLER.py] 2020-11-16 09:27:00,557 > MEU3301-01-00 cleared
[INFO|CRAWLER.py] 2020-11-16 09:27:02,651 > MEU3620-01-00 cleared
[INFO|CRAWLER.py] 2020-11-16 09:27:04,730 > MEU3620-02-00 cleared
[INFO|CRAWLER.py] 2020-11-16 09:27:06,803 > MEU3650-01-00 cleared
[INFO|CRAWLER.py] 2020-11-16 09:27:08,897 > MEU3650-02-00 cleared
[INFO|CRAWLER.py] 2020-11-16 09:27:11,453 > 8 rows in 46-53 of 53
[INFO|CRAWLER.py] 2020-11-16 09:27:13,584 > MEU4001-01-00 cleared
[INFO|CRAWLER.py] 2020-11-16 09:27:15,639 > MEU4300-01-00 cleared
[INFO|CRAWLER.py] 2020-11-16 09:27:17,728 > MEU4300-02-00 cleared
[INFO|CRAWLER.py] 2020-11-16 09:27:19,816 > MEU4300-03-00 cleared
[INFO|CRAWLER.py] 2020-11-16 09:27:21,881 > MEU4400-01-00 cleared
[INFO|CRAWLER.py] 2020-11-16 09:27:23,947 > MEU4400-02-00 cleared
[INFO|CRAWLER.py] 2020-11-16 09:27:26,013 > MEU4400-03-00 cleared
[INFO|CRAWLER.py] 2020-11-16 09:27:28,084 > MEU4400-04-00 cleared
[INFO|CRAWLER.py] 2020-11-16 09:27:30,138 > 기계공학전공 탐색 완료
[INFO|CRAWLER.py] 2020-11-16 09:27:30,138 > 20191-공과대학-신소재공학전공 수집 시작
[INFO|CRAWLER.py] 2020-11-16 09:27:30,769 > 15 rows in 1-15 of 33
[INFO|CRAWLER.py] 2020-11-16 09:27:30,801 > 유의사항 기준 탐색 완료
[INFO|CRAWLER.py] 2020-11-16 09:27:31,319 > 15 rows in 1-15 of 33
[INFO|CRAWLER.py] 2020-11-16 09:27:33,377 > MST2100-01-00 cleared
[INFO|CRAWLER.py] 2020-11-16 09:27:35,465 > MST2110-01-00 cleared
[INFO|CRAWLER.py] 2020-11-16 09:27:37,565 > MST2110-02-00 cleared
[INFO|CRAWLER.py] 2020-11-16 09:27:39,663 > MST2130-01-00 cleared
[INFO|CRAWLER.py] 2020-11-16 09:27:41,740 > MST2130-02-00 cleared
[INFO|CRAWLER.py] 2020-11-16 09:27:43,827 > MST2210-01-00 cleared
[INFO|CRAWLER.py] 2020-11-16 09:27:45,942 > MST2210-02-00 cleared
[INFO|CRAWLER.py] 2020-11-16 09:27:48,069 > MST2230-01-00 cleared
[INFO|CRAWLER.py] 2020-11-16 09:27:50,136 > MST2001-01-00 cleared
[INFO|CRAWLER.py] 2020-11-16 09:27:52,224 > MST2310-01-00 cleared
[INFO|CRAWLER.py] 2020-11-16 09:27:54,310 > MST2310-02-00 cleared
[INFO|CRAWLER.py] 2020-11-16 09:27:56,401 > MST3310-01-00 cleared
[INFO|CRAWLER.py] 2020-11-16 09:27:58,480 > MST3310-02-00 cleared
[INFO|CRAWLER.py] 2020-11-16 09:28:00,585 > MST3410-01-00 cleared
[INFO|CRAWLER.py] 2020-11-16 09:28:02,672 > MST3450-01-00 cleared
[INFO|CRAWLER.py] 2020-11-16 09:28:05,244 > 15 rows in 16-30 of 33
[INFO|CRAWLER.py] 2020-11-16 09:28:07,307 > MST3470-01-00 cleared
[INFO|CRAWLER.py] 2020-11-16 09:28:09,374 > MST3510-01-00 cleared
[INFO|CRAWLER.py] 2020-11-16 09:28:11,458 > MST3530-01-00 cleared
[INFO|CRAWLER.py] 2020-11-16 09:28:13,561 > MST3550-01-00 cleared
[INFO|CRAWLER.py] 2020-11-16 09:28:15,696 > MST3660-01-00 cleared
[INFO|CRAWLER.py] 2020-11-16 09:28:17,756 > MST4310-01-00 cleared
[INFO|CRAWLER.py] 2020-11-16 09:28:19,816 > MST4310-02-00 cleared
[INFO|CRAWLER.py] 2020-11-16 09:28:21,894 > MST4450-01-00 cleared
[INFO|CRAWLER.py] 2020-11-16 09:28:23,974 > MST4480-01-00 cleared
[INFO|CRAWLER.py] 2020-11-16 09:28:26,065 > MST4490-01-00 cleared
[INFO|CRAWLER.py] 2020-11-16 09:28:28,135 > MST4510-01-00 cleared
[INFO|CRAWLER.py] 2020-11-16 09:28:30,188 > MST4540-01-00 cleared
[INFO|CRAWLER.py] 2020-11-16 09:28:32,298 > MST4550-01-00 cleared
[INFO|CRAWLER.py] 2020-11-16 09:28:34,393 > MST4570-01-00 cleared
[INFO|CRAWLER.py] 2020-11-16 09:28:36,954 > 3 rows in 31-33 of 33
[INFO|CRAWLER.py] 2020-11-16 09:28:39,054 > MST4610-01-00 cleared
[INFO|CRAWLER.py] 2020-11-16 09:28:41,123 > MST4630-01-00 cleared
[INFO|CRAWLER.py] 2020-11-16 09:28:43,198 > MST4870-01-00 cleared
[INFO|CRAWLER.py] 2020-11-16 09:28:45,240 > 신소재공학전공 탐색 완료
[INFO|CRAWLER.py] 2020-11-16 09:28:45,240 > 20191-공과대학-산업공학전공 수집 시작
[INFO|CRAWLER.py] 2020-11-16 09:28:45,868 > 14 rows in 1-14 of 14
[INFO|CRAWLER.py] 2020-11-16 09:28:45,894 > 유의사항 기준 탐색 완료
[INFO|CRAWLER.py] 2020-11-16 09:28:46,410 > 14 rows in 1-14 of 14
[INFO|CRAWLER.py] 2020-11-16 09:28:48,483 > IIE2109-01-00 cleared
[INFO|CRAWLER.py] 2020-11-16 09:28:50,546 > MAT2016-12-01 cleared
[INFO|CRAWLER.py] 2020-11-16 09:28:52,615 > MAT2016-12-02 cleared
[INFO|CRAWLER.py] 2020-11-16 09:28:54,743 > IIE2104-01-00 cleared
[INFO|CRAWLER.py] 2020-11-16 09:28:56,844 > IIE2107-01-00 cleared
[INFO|CRAWLER.py] 2020-11-16 09:28:58,925 > IIE3114-01-00 cleared
[INFO|CRAWLER.py] 2020-11-16 09:29:01,023 > IIE3101-01-00 cleared
[INFO|CRAWLER.py] 2020-11-16 09:29:03,118 > IIE3111-01-00 cleared
[INFO|CRAWLER.py] 2020-11-16 09:29:05,225 > IIE3113-01-00 cleared
[INFO|CRAWLER.py] 2020-11-16 09:29:07,322 > IIE4102-01-00 cleared
[INFO|CRAWLER.py] 2020-11-16 09:29:09,446 > IIE4103-01-00 cleared
[INFO|CRAWLER.py] 2020-11-16 09:29:11,521 > IIE4106-01-00 cleared
[INFO|CRAWLER.py] 2020-11-16 09:29:13,617 > IIE4114-01-00 cleared
[INFO|CRAWLER.py] 2020-11-16 09:29:15,639 > 산업공학전공 탐색 완료
[INFO|CRAWLER.py] 2020-11-16 09:29:15,639 > 20191-공과대학-컴퓨터과학전공 수집 시작
[INFO|CRAWLER.py] 2020-11-16 09:29:16,251 > 15 rows in 1-15 of 22
[INFO|CRAWLER.py] 2020-11-16 09:29:16,279 > 유의사항 기준 탐색 완료
[INFO|CRAWLER.py] 2020-11-16 09:29:16,797 > 15 rows in 1-15 of 22
[INFO|CRAWLER.py] 2020-11-16 09:29:18,858 > CSI2100-01-00 cleared
[INFO|CRAWLER.py] 2020-11-16 09:29:20,945 > CSI2101-01-00 cleared
[INFO|CRAWLER.py] 2020-11-16 09:29:23,041 > CSI2103-01-00 cleared
[INFO|CRAWLER.py] 2020-11-16 09:29:25,185 > CSI2103-02-00 cleared
[INFO|CRAWLER.py] 2020-11-16 09:29:27,275 > CSI2106-01-00 cleared
[INFO|CRAWLER.py] 2020-11-16 09:29:29,361 > CSI2106-02-00 cleared
[INFO|CRAWLER.py] 2020-11-16 09:29:31,522 > CSI2107-01-00 cleared
[INFO|CRAWLER.py] 2020-11-16 09:29:33,619 > CSI2109-01-00 cleared
[INFO|CRAWLER.py] 2020-11-16 09:29:35,755 > CSI3101-01-00 cleared
[INFO|CRAWLER.py] 2020-11-16 09:29:37,853 > CSI3102-01-00 cleared
[INFO|CRAWLER.py] 2020-11-16 09:29:39,949 > CSI3102-02-00 cleared
[INFO|CRAWLER.py] 2020-11-16 09:29:42,062 > CSI3109-01-00 cleared
[INFO|CRAWLER.py] 2020-11-16 09:29:44,188 > CSI4105-01-00 cleared
[INFO|CRAWLER.py] 2020-11-16 09:29:46,323 > CSI4108-01-00 cleared
[INFO|CRAWLER.py] 2020-11-16 09:29:48,903 > 7 rows in 16-22 of 22
[INFO|CRAWLER.py] 2020-11-16 09:29:50,976 > CSI4101-01-00 cleared
[INFO|CRAWLER.py] 2020-11-16 09:29:53,050 > CSI4101-02-00 cleared
[INFO|CRAWLER.py] 2020-11-16 09:29:55,119 > CSI4102-01-00 cleared
[INFO|CRAWLER.py] 2020-11-16 09:29:57,221 > CSI4109-01-00 cleared
[INFO|CRAWLER.py] 2020-11-16 09:29:59,351 > CSI4116-01-00 cleared
[INFO|CRAWLER.py] 2020-11-16 09:30:01,425 > CSI4117-01-00 cleared
[INFO|CRAWLER.py] 2020-11-16 09:30:03,483 > CSI3120-01-00 cleared
[INFO|CRAWLER.py] 2020-11-16 09:30:05,521 > 컴퓨터과학전공 탐색 완료
[INFO|CRAWLER.py] 2020-11-16 09:30:05,521 > 20191-공과대학-글로벌융합공학부 수집 시작
[INFO|CRAWLER.py] 2020-11-16 09:30:06,139 > 0 rows in 1-0 of 0
[INFO|CRAWLER.py] 2020-11-16 09:30:16,692 > No caution link in 0th row
[INFO|CRAWLER.py] 2020-11-16 09:30:17,199 > 0 rows in 1-0 of 0
[INFO|CRAWLER.py] 2020-11-16 09:30:17,199 > No caution in pages
[INFO|CRAWLER.py] 2020-11-16 09:30:17,716 > 0 rows in 1-0 of 0
[INFO|CRAWLER.py] 2020-11-16 09:30:19,736 > 글로벌융합공학부 탐색 완료
[INFO|CRAWLER.py] 2020-11-16 09:30:19,737 > 20191-공과대학-IT융합공학전공 수집 시작
[INFO|CRAWLER.py] 2020-11-16 09:30:20,319 > 15 rows in 1-15 of 18
[INFO|CRAWLER.py] 2020-11-16 09:30:20,343 > 유의사항 기준 탐색 완료
[INFO|CRAWLER.py] 2020-11-16 09:30:20,860 > 15 rows in 1-15 of 18
[INFO|CRAWLER.py] 2020-11-16 09:30:23,008 > IIT2103-01-00 cleared
[INFO|CRAWLER.py] 2020-11-16 09:30:25,071 > IIT2003-01-00 cleared
[INFO|CRAWLER.py] 2020-11-16 09:30:27,141 > IIT3004-01-00 cleared
[INFO|CRAWLER.py] 2020-11-16 09:30:29,207 > IIT3016-01-00 cleared
[INFO|CRAWLER.py] 2020-11-16 09:30:31,268 > IIT3301-01-00 cleared
[INFO|CRAWLER.py] 2020-11-16 09:30:33,337 > IIT3302-01-00 cleared
[INFO|CRAWLER.py] 2020-11-16 09:30:35,398 > IIT4202-01-00 cleared
[INFO|CRAWLER.py] 2020-11-16 09:30:37,459 > IIT4201-01-00 cleared
[INFO|CRAWLER.py] 2020-11-16 09:30:39,552 > IIT4312-01-00 cleared
[INFO|CRAWLER.py] 2020-11-16 09:30:41,625 > IIT4302-01-00 cleared
[INFO|CRAWLER.py] 2020-11-16 09:30:44,207 > 3 rows in 16-18 of 18
[INFO|CRAWLER.py] 2020-11-16 09:30:46,266 > IIT1102-01-00 cleared
[INFO|CRAWLER.py] 2020-11-16 09:30:48,328 > IIT1301-01-00 cleared
[INFO|CRAWLER.py] 2020-11-16 09:30:50,385 > IIT2010-01-00 cleared
[INFO|CRAWLER.py] 2020-11-16 09:30:52,418 > IT융합공학전공 탐색 완료
[INFO|CRAWLER.py] 2020-11-16 09:30:52,418 > 20191-공과대학-시스템반도체공학과 수집 시작
[INFO|CRAWLER.py] 2020-11-16 09:30:53,008 > 0 rows in 1-0 of 0
[INFO|CRAWLER.py] 2020-11-16 09:31:03,526 > No caution link in 0th row
[INFO|CRAWLER.py] 2020-11-16 09:31:04,032 > 0 rows in 1-0 of 0
[INFO|CRAWLER.py] 2020-11-16 09:31:04,033 > No caution in pages
[INFO|CRAWLER.py] 2020-11-16 09:31:04,551 > 0 rows in 1-0 of 0
[INFO|CRAWLER.py] 2020-11-16 09:31:06,571 > 시스템반도체공학과 탐색 완료
[INFO|CRAWLER.py] 2020-11-16 09:31:06,571 > 공과대학 수집 완료
[INFO|CRAWLER.py] 2020-11-16 09:31:06,571 > 20191-생명시스템대학-생명시스템공통 수집 시작
[INFO|CRAWLER.py] 2020-11-16 09:31:07,177 > 7 rows in 1-7 of 7
[INFO|CRAWLER.py] 2020-11-16 09:31:07,207 > 유의사항 기준 탐색 완료
[INFO|CRAWLER.py] 2020-11-16 09:31:07,722 > 7 rows in 1-7 of 7
[INFO|CRAWLER.py] 2020-11-16 09:31:09,802 > LSB2201-01-00 cleared
[INFO|CRAWLER.py] 2020-11-16 09:31:11,881 > LSB3101-01-00 cleared
[INFO|CRAWLER.py] 2020-11-16 09:31:13,978 > LSB3101-02-00 cleared
[INFO|CRAWLER.py] 2020-11-16 09:31:16,057 > LSB3102-01-00 cleared
[INFO|CRAWLER.py] 2020-11-16 09:31:18,136 > LSB3102-02-00 cleared
[INFO|CRAWLER.py] 2020-11-16 09:31:20,242 > LSB3202-01-00 cleared
[INFO|CRAWLER.py] 2020-11-16 09:31:22,359 > LSB2202-01-00 cleared
[INFO|CRAWLER.py] 2020-11-16 09:31:24,380 > 생명시스템공통 탐색 완료
[INFO|CRAWLER.py] 2020-11-16 09:31:24,380 > 20191-생명시스템대학-시스템생물학전공 수집 시작
[INFO|CRAWLER.py] 2020-11-16 09:31:24,964 > 15 rows in 1-15 of 15
[INFO|CRAWLER.py] 2020-11-16 09:31:24,990 > 유의사항 기준 탐색 완료
[INFO|CRAWLER.py] 2020-11-16 09:31:25,506 > 15 rows in 1-15 of 15
[INFO|CRAWLER.py] 2020-11-16 09:31:27,618 > BIO3119-01-00 cleared
[INFO|CRAWLER.py] 2020-11-16 09:31:29,695 > BIO2208-01-00 cleared
[INFO|CRAWLER.py] 2020-11-16 09:31:31,767 > BIO2207-01-00 cleared
[INFO|CRAWLER.py] 2020-11-16 09:31:33,839 > BIO3120-01-00 cleared
[INFO|CRAWLER.py] 2020-11-16 09:31:35,946 > BIO3101-01-00 cleared
[INFO|CRAWLER.py] 2020-11-16 09:31:38,054 > BIO3102-01-00 cleared
[INFO|CRAWLER.py] 2020-11-16 09:31:40,160 > BIO3105-01-00 cleared
[INFO|CRAWLER.py] 2020-11-16 09:31:42,253 > BIO3104-01-00 cleared
[INFO|CRAWLER.py] 2020-11-16 09:31:44,325 > BIO3111-01-00 cleared
[INFO|CRAWLER.py] 2020-11-16 09:31:46,421 > BIO3107-01-00 cleared
[INFO|CRAWLER.py] 2020-11-16 09:31:48,501 > BIO3713-01-00 cleared
[INFO|CRAWLER.py] 2020-11-16 09:31:50,567 > BIO4106-01-00 cleared
[INFO|CRAWLER.py] 2020-11-16 09:31:52,629 > BIO4912-01-00 cleared
[INFO|CRAWLER.py] 2020-11-16 09:31:54,699 > BIO4916-01-00 cleared
[INFO|CRAWLER.py] 2020-11-16 09:31:56,724 > 시스템생물학전공 탐색 완료
[INFO|CRAWLER.py] 2020-11-16 09:31:56,724 > 20191-생명시스템대학-생화학전공 수집 시작
[INFO|CRAWLER.py] 2020-11-16 09:31:57,321 > 15 rows in 1-15 of 15
[INFO|CRAWLER.py] 2020-11-16 09:31:57,342 > 유의사항 기준 탐색 완료
[INFO|CRAWLER.py] 2020-11-16 09:31:57,858 > 15 rows in 1-15 of 15
[INFO|CRAWLER.py] 2020-11-16 09:31:59,934 > BCH2001-01-00 cleared
[INFO|CRAWLER.py] 2020-11-16 09:32:01,998 > BCH3102-01-00 cleared
[INFO|CRAWLER.py] 2020-11-16 09:32:04,059 > BCH3102-02-00 cleared
[INFO|CRAWLER.py] 2020-11-16 09:32:06,117 > BCH3102-03-00 cleared
[INFO|CRAWLER.py] 2020-11-16 09:32:08,221 > BCH3109-01-00 cleared
[INFO|CRAWLER.py] 2020-11-16 09:32:10,290 > BCH4101-01-00 cleared
[INFO|CRAWLER.py] 2020-11-16 09:32:12,359 > BCH3108-01-00 cleared
[INFO|CRAWLER.py] 2020-11-16 09:32:14,429 > BCH3115-01-00 cleared
[INFO|CRAWLER.py] 2020-11-16 09:32:26,991 > BCH3117-01-00 cleared
[INFO|CRAWLER.py] 2020-11-16 09:32:29,053 > BCH4107-01-00 cleared
[INFO|CRAWLER.py] 2020-11-16 09:32:31,129 > BCH4109-01-00 cleared
[INFO|CRAWLER.py] 2020-11-16 09:32:33,204 > BCH4110-01-00 cleared
[INFO|CRAWLER.py] 2020-11-16 09:32:35,278 > BCH4111-01-00 cleared
[INFO|CRAWLER.py] 2020-11-16 09:32:37,337 > BCH4112-01-00 cleared
[INFO|CRAWLER.py] 2020-11-16 09:32:39,364 > 생화학전공 탐색 완료
[INFO|CRAWLER.py] 2020-11-16 09:32:39,364 > 20191-생명시스템대학-생명공학전공 수집 시작
[INFO|CRAWLER.py] 2020-11-16 09:32:39,996 > 15 rows in 1-15 of 24
[INFO|CRAWLER.py] 2020-11-16 09:32:40,027 > 유의사항 기준 탐색 완료
[INFO|CRAWLER.py] 2020-11-16 09:32:40,547 > 15 rows in 1-15 of 24
[INFO|CRAWLER.py] 2020-11-16 09:32:42,631 > BTE2705-01-00 cleared
[INFO|CRAWLER.py] 2020-11-16 09:32:44,732 > BTE2101-01-00 cleared
[INFO|CRAWLER.py] 2020-11-16 09:32:46,943 > BTE2704-01-00 cleared
[INFO|CRAWLER.py] 2020-11-16 09:32:49,020 > BTE2001-01-00 cleared
[INFO|CRAWLER.py] 2020-11-16 09:32:51,147 > BTE2202-01-00 cleared
[INFO|CRAWLER.py] 2020-11-16 09:32:53,232 > BTE3101-01-00 cleared
[INFO|CRAWLER.py] 2020-11-16 09:32:55,318 > BTE3201-01-00 cleared
[INFO|CRAWLER.py] 2020-11-16 09:32:57,413 > BTE3103-01-00 cleared
[INFO|CRAWLER.py] 2020-11-16 09:32:59,483 > BTE3104-01-00 cleared
[INFO|CRAWLER.py] 2020-11-16 09:33:01,562 > BTE3402-01-00 cleared
[INFO|CRAWLER.py] 2020-11-16 09:33:03,627 > BTE3408-01-00 cleared
[INFO|CRAWLER.py] 2020-11-16 09:33:05,699 > BTE3601-01-00 cleared
[INFO|CRAWLER.py] 2020-11-16 09:33:07,761 > BTE3601-02-00 cleared
[INFO|CRAWLER.py] 2020-11-16 09:33:09,823 > BTE3601-03-00 cleared
[INFO|CRAWLER.py] 2020-11-16 09:33:11,895 > BTE3601-04-00 cleared
[INFO|CRAWLER.py] 2020-11-16 09:33:14,471 > 9 rows in 16-24 of 24
[INFO|CRAWLER.py] 2020-11-16 09:33:16,527 > BTE3601-05-00 cleared
[INFO|CRAWLER.py] 2020-11-16 09:33:18,592 > BTE3603-01-00 cleared
[INFO|CRAWLER.py] 2020-11-16 09:33:20,655 > BTE3603-02-00 cleared
[INFO|CRAWLER.py] 2020-11-16 09:33:22,732 > BTE3607-01-00 cleared
[INFO|CRAWLER.py] 2020-11-16 09:33:24,810 > BTE3608-01-00 cleared
[INFO|CRAWLER.py] 2020-11-16 09:33:26,882 > BTE3406-01-00 cleared
[INFO|CRAWLER.py] 2020-11-16 09:33:28,941 > BTE3407-01-00 cleared
[INFO|CRAWLER.py] 2020-11-16 09:33:31,021 > BTE4402-01-00 cleared
[INFO|CRAWLER.py] 2020-11-16 09:33:33,094 > BTE4601-01-00 cleared
[INFO|CRAWLER.py] 2020-11-16 09:33:35,135 > 생명공학전공 탐색 완료
[INFO|CRAWLER.py] 2020-11-16 09:33:35,135 > 생명시스템대학 수집 완료
[INFO|CRAWLER.py] 2020-11-16 09:33:35,135 > 20191-신과대학-신학과 수집 시작
[INFO|CRAWLER.py] 2020-11-16 09:33:35,770 > 15 rows in 1-15 of 21
[INFO|CRAWLER.py] 2020-11-16 09:33:35,796 > 유의사항 기준 탐색 완료
[INFO|CRAWLER.py] 2020-11-16 09:33:36,313 > 15 rows in 1-15 of 21
[INFO|CRAWLER.py] 2020-11-16 09:33:38,450 > THE1003-01-00 cleared
[INFO|CRAWLER.py] 2020-11-16 09:33:40,501 > THE1003-02-00 cleared
[INFO|CRAWLER.py] 2020-11-16 09:33:42,597 > THE2908-01-00 cleared
[INFO|CRAWLER.py] 2020-11-16 09:33:44,659 > THE3959-01-00 cleared
[INFO|CRAWLER.py] 2020-11-16 09:33:46,756 > THE2906-01-00 cleared
[INFO|CRAWLER.py] 2020-11-16 09:33:48,826 > THE2909-01-00 cleared
[INFO|CRAWLER.py] 2020-11-16 09:33:50,914 > THE2913-01-00 cleared
[INFO|CRAWLER.py] 2020-11-16 09:33:52,974 > THE3965-01-00 cleared
[INFO|CRAWLER.py] 2020-11-16 09:33:55,025 > TTP3815-01-00 cleared
[INFO|CRAWLER.py] 2020-11-16 09:33:57,088 > THE3306-01-00 cleared
[INFO|CRAWLER.py] 2020-11-16 09:33:59,149 > THE3606-01-00 cleared
[INFO|CRAWLER.py] 2020-11-16 09:34:01,223 > THE3822-01-00 cleared
[INFO|CRAWLER.py] 2020-11-16 09:34:13,814 > THE3823-01-00 cleared
[INFO|CRAWLER.py] 2020-11-16 09:34:15,881 > THE3916-01-00 cleared
[INFO|CRAWLER.py] 2020-11-16 09:34:18,470 > 6 rows in 16-21 of 21
[INFO|CRAWLER.py] 2020-11-16 09:34:20,534 > THE3943-01-00 cleared
[INFO|CRAWLER.py] 2020-11-16 09:34:22,610 > THE3947-01-00 cleared
[INFO|CRAWLER.py] 2020-11-16 09:34:24,677 > THE3963-01-00 cleared
[INFO|CRAWLER.py] 2020-11-16 09:34:26,743 > THE3964-01-00 cleared
[INFO|CRAWLER.py] 2020-11-16 09:34:28,830 > THE4922-01-00 cleared
[INFO|CRAWLER.py] 2020-11-16 09:34:30,865 > 신학과 탐색 완료
[INFO|CRAWLER.py] 2020-11-16 09:34:30,865 > 신과대학 수집 완료
[INFO|CRAWLER.py] 2020-11-16 09:34:30,866 > 20191-사회과학대학-사회과학대학공통 수집 시작
[INFO|CRAWLER.py] 2020-11-16 09:34:31,501 > 1 rows in 1-1 of 1
[INFO|CRAWLER.py] 2020-11-16 09:34:31,527 > 유의사항 기준 탐색 완료
[INFO|CRAWLER.py] 2020-11-16 09:34:32,043 > 1 rows in 1-1 of 1
[INFO|CRAWLER.py] 2020-11-16 09:34:34,104 > SOS4001-01-00 cleared
[INFO|CRAWLER.py] 2020-11-16 09:34:36,125 > 사회과학대학공통 탐색 완료
[INFO|CRAWLER.py] 2020-11-16 09:34:36,125 > 20191-사회과학대학-정치외교학전공 수집 시작
[INFO|CRAWLER.py] 2020-11-16 09:34:36,708 > 15 rows in 1-15 of 26
[INFO|CRAWLER.py] 2020-11-16 09:34:36,734 > 유의사항 기준 탐색 완료
[INFO|CRAWLER.py] 2020-11-16 09:34:37,251 > 15 rows in 1-15 of 26
[INFO|CRAWLER.py] 2020-11-16 09:34:39,303 > POL2001-01-00 cleared
[INFO|CRAWLER.py] 2020-11-16 09:34:41,357 > POL1004-01-00 cleared
[INFO|CRAWLER.py] 2020-11-16 09:34:43,456 > POL1004-02-00 cleared
[INFO|CRAWLER.py] 2020-11-16 09:34:45,552 > POL2101-01-00 cleared
[INFO|CRAWLER.py] 2020-11-16 09:34:47,681 > POL2106-01-00 cleared
[INFO|CRAWLER.py] 2020-11-16 09:34:49,755 > POL2112-01-00 cleared
[INFO|CRAWLER.py] 2020-11-16 09:34:51,839 > POL2117-01-00 cleared
[INFO|CRAWLER.py] 2020-11-16 09:34:53,946 > POL3153-01-00 cleared
[INFO|CRAWLER.py] 2020-11-16 09:34:56,034 > POL3107-01-00 cleared
[INFO|CRAWLER.py] 2020-11-16 09:34:58,114 > POL3127-01-00 cleared
[INFO|CRAWLER.py] 2020-11-16 09:35:00,198 > POL3128-01-00 cleared
[INFO|CRAWLER.py] 2020-11-16 09:35:02,284 > POL3147-01-00 cleared
[INFO|CRAWLER.py] 2020-11-16 09:35:04,412 > POL3151-01-00 cleared
[INFO|CRAWLER.py] 2020-11-16 09:35:06,496 > POL3827-01-00 cleared
[INFO|CRAWLER.py] 2020-11-16 09:35:08,617 > POL3830-01-00 cleared
[INFO|CRAWLER.py] 2020-11-16 09:35:11,195 > 11 rows in 16-26 of 26
[INFO|CRAWLER.py] 2020-11-16 09:35:13,280 > POL3831-01-00 cleared
[INFO|CRAWLER.py] 2020-11-16 09:35:15,346 > POL3887-01-00 cleared
[INFO|CRAWLER.py] 2020-11-16 09:35:17,454 > POL4108-01-00 cleared
[INFO|CRAWLER.py] 2020-11-16 09:35:19,569 > POL3848-01-00 cleared
[INFO|CRAWLER.py] 2020-11-16 09:35:21,634 > POL4833-01-00 cleared
[INFO|CRAWLER.py] 2020-11-16 09:35:23,773 > POL3132-01-00 cleared
[INFO|CRAWLER.py] 2020-11-16 09:35:25,880 > POL3134-01-00 cleared
[INFO|CRAWLER.py] 2020-11-16 09:35:27,990 > POL4103-01-00 cleared
[INFO|CRAWLER.py] 2020-11-16 09:35:30,085 > POL4110-01-00 cleared
[INFO|CRAWLER.py] 2020-11-16 09:35:32,180 > POL4128-01-00 cleared
[INFO|CRAWLER.py] 2020-11-16 09:35:34,305 > POL4834-01-00 cleared
[INFO|CRAWLER.py] 2020-11-16 09:35:36,343 > 정치외교학전공 탐색 완료
[INFO|CRAWLER.py] 2020-11-16 09:35:36,343 > 20191-사회과학대학-행정학전공 수집 시작
[INFO|CRAWLER.py] 2020-11-16 09:35:36,973 > 15 rows in 1-15 of 26
[INFO|CRAWLER.py] 2020-11-16 09:35:37,004 > 유의사항 기준 탐색 완료
[INFO|CRAWLER.py] 2020-11-16 09:35:37,522 > 15 rows in 1-15 of 26
[INFO|CRAWLER.py] 2020-11-16 09:35:39,608 > PUB2001-01-00 cleared
[INFO|CRAWLER.py] 2020-11-16 09:35:41,707 > PUB2104-01-00 cleared
[INFO|CRAWLER.py] 2020-11-16 09:35:43,776 > PUB2106-01-00 cleared
[INFO|CRAWLER.py] 2020-11-16 09:35:45,851 > PUB2120-01-00 cleared
[INFO|CRAWLER.py] 2020-11-16 09:35:48,026 > PUB2121-01-00 cleared
[INFO|CRAWLER.py] 2020-11-16 09:35:50,118 > PUB2122-01-00 cleared
[INFO|CRAWLER.py] 2020-11-16 09:35:52,179 > PUB3117-01-00 cleared
[INFO|CRAWLER.py] 2020-11-16 09:35:54,265 > PUB3126-01-00 cleared
[INFO|CRAWLER.py] 2020-11-16 09:35:56,444 > PUB3113-01-00 cleared
[INFO|CRAWLER.py] 2020-11-16 09:35:58,528 > PUB3115-01-00 cleared
[INFO|CRAWLER.py] 2020-11-16 09:36:00,610 > PUB3116-01-00 cleared
[INFO|CRAWLER.py] 2020-11-16 09:36:02,705 > PUB3125-01-00 cleared
[INFO|CRAWLER.py] 2020-11-16 09:36:04,816 > PUB3128-01-00 cleared
[INFO|CRAWLER.py] 2020-11-16 09:36:06,956 > PUB3129-01-00 cleared
[INFO|CRAWLER.py] 2020-11-16 09:36:09,531 > 11 rows in 16-26 of 26
[INFO|CRAWLER.py] 2020-11-16 09:36:11,621 > PUB3132-01-00 cleared
[INFO|CRAWLER.py] 2020-11-16 09:36:13,700 > PUB3133-01-00 cleared
[INFO|CRAWLER.py] 2020-11-16 09:36:15,773 > PUB4105-01-00 cleared
[INFO|CRAWLER.py] 2020-11-16 09:36:17,906 > PUB4103-01-00 cleared
[INFO|CRAWLER.py] 2020-11-16 09:36:20,012 > PUB4109-01-00 cleared
[INFO|CRAWLER.py] 2020-11-16 09:36:22,112 > PUB4113-01-00 cleared
[INFO|CRAWLER.py] 2020-11-16 09:36:24,186 > PUB4118-01-00 cleared
[INFO|CRAWLER.py] 2020-11-16 09:36:26,300 > PUB4202-01-00 cleared
[INFO|CRAWLER.py] 2020-11-16 09:36:28,369 > PUB4206-01-00 cleared
[INFO|CRAWLER.py] 2020-11-16 09:36:30,406 > 행정학전공 탐색 완료
[INFO|CRAWLER.py] 2020-11-16 09:36:30,406 > 20191-사회과학대학-사회복지학전공 수집 시작
[INFO|CRAWLER.py] 2020-11-16 09:36:31,031 > 13 rows in 1-13 of 13
[INFO|CRAWLER.py] 2020-11-16 09:36:31,057 > 유의사항 기준 탐색 완료
[INFO|CRAWLER.py] 2020-11-16 09:36:31,574 > 13 rows in 1-13 of 13
[INFO|CRAWLER.py] 2020-11-16 09:36:33,633 > SOW2001-01-00 cleared
[INFO|CRAWLER.py] 2020-11-16 09:36:35,704 > SOW1101-01-00 cleared
[INFO|CRAWLER.py] 2020-11-16 09:36:37,756 > SOW1101-02-00 cleared
[INFO|CRAWLER.py] 2020-11-16 09:36:39,848 > SOW2104-01-00 cleared
[INFO|CRAWLER.py] 2020-11-16 09:36:41,928 > SOW3107-01-00 cleared
[INFO|CRAWLER.py] 2020-11-16 09:36:44,002 > SOW3109-01-00 cleared
[INFO|CRAWLER.py] 2020-11-16 09:36:46,094 > SOW3110-01-00 cleared
[INFO|CRAWLER.py] 2020-11-16 09:36:48,180 > SOW3111-01-00 cleared
[INFO|CRAWLER.py] 2020-11-16 09:36:50,248 > SOW3115-01-00 cleared
[INFO|CRAWLER.py] 2020-11-16 09:36:52,332 > SOW4113-01-00 cleared
[INFO|CRAWLER.py] 2020-11-16 09:36:54,392 > SOW3113-01-00 cleared
[INFO|CRAWLER.py] 2020-11-16 09:36:56,471 > SOW3116-01-00 cleared
[INFO|CRAWLER.py] 2020-11-16 09:36:58,546 > SOW4105-01-00 cleared
[INFO|CRAWLER.py] 2020-11-16 09:37:00,573 > 사회복지학전공 탐색 완료
[INFO|CRAWLER.py] 2020-11-16 09:37:00,573 > 20191-사회과학대학-사회학전공 수집 시작
[INFO|CRAWLER.py] 2020-11-16 09:37:01,206 > 14 rows in 1-14 of 14
[INFO|CRAWLER.py] 2020-11-16 09:37:01,239 > 유의사항 기준 탐색 완료
[INFO|CRAWLER.py] 2020-11-16 09:37:01,756 > 14 rows in 1-14 of 14
[INFO|CRAWLER.py] 2020-11-16 09:37:03,883 > SOC1002-02-00 cleared
[INFO|CRAWLER.py] 2020-11-16 09:37:05,968 > SOC1002-03-00 cleared
[INFO|CRAWLER.py] 2020-11-16 09:37:08,029 > SOC1004-01-00 cleared
[INFO|CRAWLER.py] 2020-11-16 09:37:10,181 > SOC2103-01-00 cleared
[INFO|CRAWLER.py] 2020-11-16 09:37:12,261 > SOC2106-01-00 cleared
[INFO|CRAWLER.py] 2020-11-16 09:37:14,349 > SOC3706-01-00 cleared
[INFO|CRAWLER.py] 2020-11-16 09:37:16,419 > SOC4121-01-00 cleared
[INFO|CRAWLER.py] 2020-11-16 09:37:18,508 > SOC3604-01-00 cleared
[INFO|CRAWLER.py] 2020-11-16 09:37:20,609 > SOC3701-01-00 cleared
[INFO|CRAWLER.py] 2020-11-16 09:37:22,677 > SOC3704-01-00 cleared
[INFO|CRAWLER.py] 2020-11-16 09:37:24,746 > SOC3801-01-00 cleared
[INFO|CRAWLER.py] 2020-11-16 09:37:26,807 > SOC3830-01-00 cleared
[INFO|CRAWLER.py] 2020-11-16 09:37:28,917 > SOC2107-01-00 cleared
[INFO|CRAWLER.py] 2020-11-16 09:37:30,939 > 사회학전공 탐색 완료
[INFO|CRAWLER.py] 2020-11-16 09:37:30,939 > 20191-사회과학대학-문화인류학전공 수집 시작
[INFO|CRAWLER.py] 2020-11-16 09:37:31,527 > 15 rows in 1-15 of 15
[INFO|CRAWLER.py] 2020-11-16 09:37:31,563 > 유의사항 기준 탐색 완료
[INFO|CRAWLER.py] 2020-11-16 09:37:32,079 > 15 rows in 1-15 of 15
[INFO|CRAWLER.py] 2020-11-16 09:37:34,139 > ANT1001-01-00 cleared
[INFO|CRAWLER.py] 2020-11-16 09:37:36,244 > ANT1001-02-00 cleared
[INFO|CRAWLER.py] 2020-11-16 09:37:38,330 > ANT2106-01-00 cleared
[INFO|CRAWLER.py] 2020-11-16 09:37:40,412 > ANT2101-01-00 cleared
[INFO|CRAWLER.py] 2020-11-16 09:37:42,465 > ANT2001-01-00 cleared
[INFO|CRAWLER.py] 2020-11-16 09:37:44,527 > ANT2109-01-00 cleared
[INFO|CRAWLER.py] 2020-11-16 09:37:46,624 > ANT3104-01-00 cleared
[INFO|CRAWLER.py] 2020-11-16 09:37:48,740 > ANT3107-01-00 cleared
[INFO|CRAWLER.py] 2020-11-16 09:37:50,819 > ANT3111-01-00 cleared
[INFO|CRAWLER.py] 2020-11-16 09:37:52,891 > ANT3114-01-00 cleared
[INFO|CRAWLER.py] 2020-11-16 09:37:54,967 > ANT3115-01-00 cleared
[INFO|CRAWLER.py] 2020-11-16 09:37:57,031 > ANT3123-01-00 cleared
[INFO|CRAWLER.py] 2020-11-16 09:37:59,117 > ANT3208-01-00 cleared
[INFO|CRAWLER.py] 2020-11-16 09:38:01,176 > ANT4102-01-00 cleared
[INFO|CRAWLER.py] 2020-11-16 09:38:03,243 > ANT4104-01-00 cleared
[INFO|CRAWLER.py] 2020-11-16 09:38:05,270 > 문화인류학전공 탐색 완료
[INFO|CRAWLER.py] 2020-11-16 09:38:05,270 > 20191-사회과학대학-언론홍보영상학부 수집 시작
[INFO|CRAWLER.py] 2020-11-16 09:38:05,898 > 15 rows in 1-15 of 25
[INFO|CRAWLER.py] 2020-11-16 09:38:05,927 > 유의사항 기준 탐색 완료
[INFO|CRAWLER.py] 2020-11-16 09:38:06,444 > 15 rows in 1-15 of 25
[INFO|CRAWLER.py] 2020-11-16 09:38:27,502 > Traceback (most recent call last):
  File "C:\Python38\lib\site-packages\urllib3\connection.py", line 159, in _new_conn
    conn = connection.create_connection(
  File "C:\Python38\lib\site-packages\urllib3\util\connection.py", line 84, in create_connection
    raise err
  File "C:\Python38\lib\site-packages\urllib3\util\connection.py", line 74, in create_connection
    sock.connect(sa)
TimeoutError: [WinError 10060] 연결된 구성원으로부터 응답이 없어 연결하지 못했거나, 호스트로부터 응답이 없어 연결이 끊어졌습니다

During handling of the above exception, another exception occurred:

Traceback (most recent call last):
  File "C:\Python38\lib\site-packages\urllib3\connectionpool.py", line 670, in urlopen
    httplib_response = self._make_request(
  File "C:\Python38\lib\site-packages\urllib3\connectionpool.py", line 392, in _make_request
    conn.request(method, url, **httplib_request_kw)
  File "C:\Python38\lib\http\client.py", line 1255, in request
    self._send_request(method, url, body, headers, encode_chunked)
  File "C:\Python38\lib\http\client.py", line 1301, in _send_request
    self.endheaders(body, encode_chunked=encode_chunked)
  File "C:\Python38\lib\http\client.py", line 1250, in endheaders
    self._send_output(message_body, encode_chunked=encode_chunked)
  File "C:\Python38\lib\http\client.py", line 1010, in _send_output
    self.send(msg)
  File "C:\Python38\lib\http\client.py", line 950, in send
    self.connect()
  File "C:\Python38\lib\site-packages\urllib3\connection.py", line 187, in connect
    conn = self._new_conn()
  File "C:\Python38\lib\site-packages\urllib3\connection.py", line 171, in _new_conn
    raise NewConnectionError(
urllib3.exceptions.NewConnectionError: <urllib3.connection.HTTPConnection object at 0x000002CFFE437D60>: Failed to establish a new connection: [WinError 10060] 연결된 구성원으로부터 응답이 없어 연결하지 못했거나, 호스트로부터 응답이 없어 연결이 끊어졌습니다

During handling of the above exception, another exception occurred:

Traceback (most recent call last):
  File "C:\Python38\lib\site-packages\requests\adapters.py", line 439, in send
    resp = conn.urlopen(
  File "C:\Python38\lib\site-packages\urllib3\connectionpool.py", line 726, in urlopen
    retries = retries.increment(
  File "C:\Python38\lib\site-packages\urllib3\util\retry.py", line 439, in increment
    raise MaxRetryError(_pool, url, error or ResponseError(cause))
urllib3.exceptions.MaxRetryError: HTTPConnectionPool(host='ysweb.yonsei.ac.kr', port=8888): Max retries exceeded with url: /curri120601/curri_pop_mileage_result01.jsp (Caused by NewConnectionError('<urllib3.connection.HTTPConnection object at 0x000002CFFE437D60>: Failed to establish a new connection: [WinError 10060] 연결된 구성원으로부터 응답이 없어 연결하지 못했거나, 호스트로부터 응답이 없어 연결이 끊어졌습니다'))

During handling of the above exception, another exception occurred:

Traceback (most recent call last):
  File "c:/Users/user/Desktop/ToyProject/YonseiTotto/DataCleanser/CRAWLER.py", line 390, in <module>
    req = requests.get(RESULT_URL, headers=HEADERS, data=data) # json=data로 할 때는 왜 안 될까.
  File "C:\Python38\lib\site-packages\requests\api.py", line 76, in get
    return request('get', url, params=params, **kwargs)
  File "C:\Python38\lib\site-packages\requests\api.py", line 61, in request
    return session.request(method=method, url=url, **kwargs)
  File "C:\Python38\lib\site-packages\requests\sessions.py", line 530, in request
    resp = self.send(prep, **send_kwargs)
  File "C:\Python38\lib\site-packages\requests\sessions.py", line 643, in send
    r = adapter.send(request, **kwargs)
  File "C:\Python38\lib\site-packages\requests\adapters.py", line 516, in send
    raise ConnectionError(e, request=request)
requests.exceptions.ConnectionError: HTTPConnectionPool(host='ysweb.yonsei.ac.kr', port=8888): Max retries exceeded with url: /curri120601/curri_pop_mileage_result01.jsp (Caused by NewConnectionError('<urllib3.connection.HTTPConnection object at 0x000002CFFE437D60>: Failed to establish a new connection: [WinError 10060] 연결된 구성원으로부터 응답이 없어 연결하지 못했거나, 호스트로부터 응답이 없어 연결이 끊어졌습니다'))

[INFO|CRAWLER.py] 2020-11-16 09:38:27,518 > FINISHED_LECT_OBJs에 20191-MAJORS 전부 등록 완료
